[I 2024-06-22 14:04:07,566] Trial 354 finished with value: 1.8737696409225464 and parameters: {'hidden_size': 83, 'n_layers': 4, 'rnn_dropout': 0.03334995401623022, 'bidirectional': True, 'fc_dropout': 0.3331700449384865, 'learning_rate_model': 0.0006361662512963186}. Best is trial 346 with value: 1.8583240509033203.
[I 2024-06-22 14:04:19,541] Trial 355 finished with value: 5.922945022583008 and parameters: {'hidden_size': 80, 'n_layers': 3, 'rnn_dropout': 0.1442448486782075, 'bidirectional': False, 'fc_dropout': 0.4766935564933209, 'learning_rate_model': 3.8194352935715024e-05}. Best is trial 346 with value: 1.8583240509033203.
[I 2024-06-22 14:04:28,945] Trial 356 finished with value: 2.9286446571350098 and parameters: {'hidden_size': 58, 'n_layers': 3, 'rnn_dropout': 0.6646010935235407, 'bidirectional': False, 'fc_dropout': 0.45451177415375393, 'learning_rate_model': 0.00023641790929480275}. Best is trial 346 with value: 1.8583240509033203.
Epoch 10: reducing lr to 0.00011164485098361576
Epoch 23: reducing lr to 0.000262403520556504
Epoch 26: reducing lr to 0.0002632226613750217
Epoch 31: reducing lr to 0.00025818501595440313
Epoch 39: reducing lr to 0.00023881984209290466
Epoch 47: reducing lr to 0.00020755109185259082
Epoch 71: reducing lr to 8.130411945517156e-05
Epoch 74: reducing lr to 6.64427476259285e-05
Epoch 78: reducing lr to 4.826965589133179e-05
Epoch 81: reducing lr to 3.6149972879667095e-05
Epoch 84: reducing lr to 2.5539061287900523e-05
Epoch 87: reducing lr to 1.6604218136711353e-05
Epoch 90: reducing lr to 9.486404157211343e-06
Epoch 93: reducing lr to 4.297835862157205e-06
Epoch 96: reducing lr to 1.1203553599719011e-06
Epoch 99: reducing lr to 4.0640128279572505e-09
[I 2024-06-22 14:05:29,927] Trial 357 finished with value: 2.461681842803955 and parameters: {'hidden_size': 80, 'n_layers': 7, 'rnn_dropout': 0.4426751595676166, 'bidirectional': True, 'fc_dropout': 0.5173199853374325, 'learning_rate_model': 0.0026363504591914843}. Best is trial 346 with value: 1.8583240509033203.
Epoch 16: reducing lr to 0.0018938857185504154
Epoch 19: reducing lr to 0.0022199717600322718
Epoch 23: reducing lr to 0.0024433007288368453
Epoch 26: reducing lr to 0.0024509279411343773
Epoch 29: reducing lr to 0.002429121410127675
Epoch 39: reducing lr to 0.002223707566913706
Epoch 42: reducing lr to 0.0021260122678827464
Epoch 47: reducing lr to 0.0019325568990798694
Epoch 52: reducing lr to 0.0017082827702872062
Epoch 71: reducing lr to 0.0007570417268067207
Epoch 74: reducing lr to 0.0006186640078458729
Epoch 77: reducing lr to 0.0004898865523873433
Epoch 81: reducing lr to 0.00033660087676035366
Epoch 84: reducing lr to 0.00023780019005156423
Epoch 87: reducing lr to 0.00015460576972882862
Epoch 90: reducing lr to 8.833013422304414e-05
Epoch 93: reducing lr to 4.0018157805808e-05
Epoch 96: reducing lr to 1.0431891545395824e-05
Epoch 99: reducing lr to 3.784097668893538e-08
[I 2024-06-22 14:05:37,372] Trial 358 finished with value: 2.0068061351776123 and parameters: {'hidden_size': 42, 'n_layers': 3, 'rnn_dropout': 0.3683471947671468, 'bidirectional': False, 'fc_dropout': 0.1825133074343378, 'learning_rate_model': 0.02454767750352977}. Best is trial 346 with value: 1.8583240509033203.
Epoch 26: reducing lr to 0.0005977889590531411
Epoch 29: reducing lr to 0.0005924702782170887
Epoch 32: reducing lr to 0.0005825291641270204
Epoch 35: reducing lr to 0.000568122393945214
Epoch 41: reducing lr to 0.0005268875325745362
Epoch 44: reducing lr to 0.0005007097422684489
Epoch 47: reducing lr to 0.0004713566472612104
Epoch 50: reducing lr to 0.0004392911540952938
Epoch 53: reducing lr to 0.0004050189807666715
Epoch 56: reducing lr to 0.00036908051417944775
Epoch 59: reducing lr to 0.0003320426847864838
Epoch 62: reducing lr to 0.0002944894654478839
Epoch 65: reducing lr to 0.0002570132035076485
Epoch 68: reducing lr to 0.0002202047570352416
Epoch 71: reducing lr to 0.00018464483522029825
Epoch 74: reducing lr to 0.00015089407854343437
Epoch 77: reducing lr to 0.00011948485603792214
Epoch 80: reducing lr to 9.091241695272645e-05
Epoch 83: reducing lr to 6.562744990261356e-05
Epoch 86: reducing lr to 4.4028609832322525e-05
Epoch 89: reducing lr to 2.6456651272846032e-05
Epoch 92: reducing lr to 1.318860748168952e-05
Epoch 95: reducing lr to 4.433762526589221e-06
Epoch 98: reducing lr to 3.3016224119542666e-07
[I 2024-06-22 14:05:56,325] Trial 359 finished with value: 1.8842086791992188 and parameters: {'hidden_size': 79, 'n_layers': 2, 'rnn_dropout': 0.3265451222818258, 'bidirectional': True, 'fc_dropout': 0.14458337088239182, 'learning_rate_model': 0.005987255004818895}. Best is trial 346 with value: 1.8583240509033203.
[I 2024-06-22 14:06:45,953] Trial 360 finished with value: 3.704425096511841 and parameters: {'hidden_size': 155, 'n_layers': 5, 'rnn_dropout': 0.7033588484292764, 'bidirectional': False, 'fc_dropout': 0.7338081272640069, 'learning_rate_model': 4.0082853962425134e-05}. Best is trial 346 with value: 1.8583240509033203.
Epoch 8: reducing lr to 0.00022684475011881515
Epoch 16: reducing lr to 0.0005653229101788762
Epoch 19: reducing lr to 0.0006626592531976778
Epoch 22: reducing lr to 0.0007204412809153876
Epoch 27: reducing lr to 0.0007300664582968676
Epoch 30: reducing lr to 0.0007216556643228692
Epoch 34: reducing lr to 0.0007017612648898889
Epoch 39: reducing lr to 0.0006637743876524089
Epoch 42: reducing lr to 0.0006346124428644993
Epoch 45: reducing lr to 0.0006012202551528129
Epoch 48: reducing lr to 0.0005641244538756202
Epoch 51: reducing lr to 0.0005239100500529147
Epoch 59: reducing lr to 0.0004063678928376447
Epoch 62: reducing lr to 0.00036040867340262
Epoch 77: reducing lr to 0.00014623062455166677
Epoch 92: reducing lr to 1.6140776103058286e-05
Epoch 95: reducing lr to 5.426226258925613e-06
Epoch 98: reducing lr to 4.0406652637272127e-07
[I 2024-06-22 14:07:14,489] Trial 361 finished with value: 2.4404616355895996 and parameters: {'hidden_size': 61, 'n_layers': 4, 'rnn_dropout': 0.27529546958079804, 'bidirectional': True, 'fc_dropout': 0.12861131385876787, 'learning_rate_model': 0.007327456112320097}. Best is trial 346 with value: 1.8583240509033203.
Epoch 39: reducing lr to 0.00013403807973897376
[I 2024-06-22 14:08:53,767] Trial 362 finished with value: 2.149289608001709 and parameters: {'hidden_size': 195, 'n_layers': 7, 'rnn_dropout': 0.7208535947382511, 'bidirectional': False, 'fc_dropout': 0.057811805451898124, 'learning_rate_model': 0.0014796565895539}. Best is trial 346 with value: 1.8583240509033203.
[I 2024-06-22 14:09:42,742] Trial 363 finished with value: 5.779305458068848 and parameters: {'hidden_size': 179, 'n_layers': 4, 'rnn_dropout': 0.625372228316752, 'bidirectional': False, 'fc_dropout': 0.1499398165802812, 'learning_rate_model': 1.655985402893686e-05}. Best is trial 346 with value: 1.8583240509033203.
Epoch 81: reducing lr to 4.998772601134987e-06
Epoch 84: reducing lr to 3.531509145238398e-06
Epoch 87: reducing lr to 2.2960103168361154e-06
Epoch 90: reducing lr to 1.3117679878269882e-06
Epoch 93: reducing lr to 5.942993158927269e-07
[I 2024-06-22 14:10:03,508] Trial 364 finished with value: 2.575653076171875 and parameters: {'hidden_size': 93, 'n_layers': 4, 'rnn_dropout': 0.7765936076171157, 'bidirectional': False, 'fc_dropout': 0.08408565526563959, 'learning_rate_model': 0.0003645512124245168}. Best is trial 346 with value: 1.8583240509033203.
[I 2024-06-22 14:10:35,821] Trial 365 finished with value: 3.30148983001709 and parameters: {'hidden_size': 69, 'n_layers': 4, 'rnn_dropout': 0.2786053454005976, 'bidirectional': True, 'fc_dropout': 0.6888090948911805, 'learning_rate_model': 3.2961258390009616e-05}. Best is trial 346 with value: 1.8583240509033203.
[I 2024-06-22 14:10:49,887] Trial 366 finished with value: 2.8518569469451904 and parameters: {'hidden_size': 122, 'n_layers': 2, 'rnn_dropout': 0.6945908571527113, 'bidirectional': False, 'fc_dropout': 0.3008456604378525, 'learning_rate_model': 0.0004058594143691851}. Best is trial 346 with value: 1.8583240509033203.
Epoch 56: reducing lr to 0.0006011940109303983
Epoch 60: reducing lr to 0.0005205188983045832
Epoch 66: reducing lr to 0.0003984942065920206
Epoch 69: reducing lr to 0.0003391111175336304
Epoch 72: reducing lr to 0.00028207052739811025
Epoch 75: reducing lr to 0.00022827174178852993
Epoch 79: reducing lr to 0.0001630404525298817
Epoch 82: reducing lr to 0.00011999226138205543
Epoch 85: reducing lr to 8.274208642937708e-05
Epoch 91: reducing lr to 2.7884643947999507e-05
Epoch 94: reducing lr to 1.114257196915252e-05
Epoch 97: reducing lr to 1.915099831015579e-06
[I 2024-06-22 14:10:54,510] Trial 367 finished with value: 1.9944806098937988 and parameters: {'hidden_size': 67, 'n_layers': 1, 'rnn_dropout': 0.09498432409007487, 'bidirectional': False, 'fc_dropout': 0.16592525185545917, 'learning_rate_model': 0.009752619584408855}. Best is trial 346 with value: 1.8583240509033203.
Epoch 72: reducing lr to 0.0002379557228654904
Epoch 79: reducing lr to 0.00013754151876813406
Epoch 82: reducing lr to 0.0001012259081401042
Epoch 85: reducing lr to 6.980152506295915e-05
Epoch 91: reducing lr to 2.3523587057105132e-05
Epoch 94: reducing lr to 9.399914241157991e-06
Epoch 97: reducing lr to 1.6155851830831903e-06
[I 2024-06-22 14:10:59,241] Trial 368 finished with value: 2.002747058868408 and parameters: {'hidden_size': 63, 'n_layers': 1, 'rnn_dropout': 0.012841767333649657, 'bidirectional': False, 'fc_dropout': 0.6047208780302441, 'learning_rate_model': 0.008227345353826203}. Best is trial 346 with value: 1.8583240509033203.
[I 2024-06-22 14:11:36,412] Trial 369 finished with value: 6.980639457702637 and parameters: {'hidden_size': 81, 'n_layers': 4, 'rnn_dropout': 0.6512590027005323, 'bidirectional': True, 'fc_dropout': 0.0034120147256857082, 'learning_rate_model': 1.5407187680771952e-05}. Best is trial 346 with value: 1.8583240509033203.
Epoch 91: reducing lr to 3.671846539803547e-06
Epoch 98: reducing lr to 7.081746085020082e-08
[I 2024-06-22 14:11:54,452] Trial 370 finished with value: 2.0669426918029785 and parameters: {'hidden_size': 152, 'n_layers': 2, 'rnn_dropout': 0.38518864974932177, 'bidirectional': False, 'fc_dropout': 0.4027020877092425, 'learning_rate_model': 0.0012842237663788143}. Best is trial 346 with value: 1.8583240509033203.
[I 2024-06-22 14:12:09,373] Trial 371 finished with value: 8.120466232299805 and parameters: {'hidden_size': 69, 'n_layers': 4, 'rnn_dropout': 0.0015709163060160236, 'bidirectional': False, 'fc_dropout': 0.22716070903122879, 'learning_rate_model': 2.2070334240387426e-05}. Best is trial 346 with value: 1.8583240509033203.
[I 2024-06-22 14:12:44,036] Trial 372 finished with value: 4.271686553955078 and parameters: {'hidden_size': 112, 'n_layers': 6, 'rnn_dropout': 0.7540787484865374, 'bidirectional': False, 'fc_dropout': 0.2326879502483765, 'learning_rate_model': 3.950372375988253e-05}. Best is trial 346 with value: 1.8583240509033203.
[I 2024-06-22 14:12:55,773] Trial 373 finished with value: 8.382094383239746 and parameters: {'hidden_size': 40, 'n_layers': 6, 'rnn_dropout': 0.5875755482799475, 'bidirectional': False, 'fc_dropout': 0.47531546231323163, 'learning_rate_model': 3.170500198727212e-05}. Best is trial 346 with value: 1.8583240509033203.
Epoch 15: reducing lr to 0.0020604636229598736
Epoch 19: reducing lr to 0.0025941918320177967
Epoch 22: reducing lr to 0.0028203980814882055
Epoch 27: reducing lr to 0.0028580789203571516
Epoch 33: reducing lr to 0.002770290829900702
Epoch 36: reducing lr to 0.0026943600816088783
Epoch 40: reducing lr to 0.0025624597472034944
Epoch 43: reducing lr to 0.002442562246029412
Epoch 48: reducing lr to 0.002208445808948922
Epoch 51: reducing lr to 0.0020510136484185883
Epoch 54: reducing lr to 0.0018838556453399276
Epoch 57: reducing lr to 0.0017096074678434475
Epoch 62: reducing lr to 0.0014109351559156993
Epoch 65: reducing lr to 0.0012313817875010957
Epoch 68: reducing lr to 0.001055028004918163
Epoch 71: reducing lr to 0.0008846560571338501
Epoch 74: reducing lr to 0.0007229520414682334
Epoch 77: reducing lr to 0.0005724666032689219
Epoch 80: reducing lr to 0.00043557254244318137
Epoch 83: reducing lr to 0.00031442916343328646
Epoch 86: reducing lr to 0.00021094647098509922
Epoch 89: reducing lr to 0.00012675706185920067
Epoch 92: reducing lr to 6.318823637778553e-05
Epoch 95: reducing lr to 2.1242700183628228e-05
Epoch 98: reducing lr to 1.5818478007356695e-06
[I 2024-06-22 14:13:48,166] Trial 374 finished with value: 2.4637584686279297 and parameters: {'hidden_size': 161, 'n_layers': 5, 'rnn_dropout': 0.49217735320676365, 'bidirectional': False, 'fc_dropout': 0.44991556476574257, 'learning_rate_model': 0.028685673223941464}. Best is trial 346 with value: 1.8583240509033203.
Epoch 20: reducing lr to 2.3832992151774316e-05
Epoch 28: reducing lr to 2.525742403044417e-05
Epoch 31: reducing lr to 2.4900104705525275e-05
Epoch 77: reducing lr to 5.074092620348529e-06
Epoch 82: reducing lr to 3.128277242895168e-06
Epoch 85: reducing lr to 2.157140660784265e-06
Epoch 88: reducing lr to 1.3524736392715145e-06
Epoch 91: reducing lr to 7.269710236647504e-07
Epoch 94: reducing lr to 2.904941861828626e-07
Epoch 97: reducing lr to 4.992791326903197e-08
[I 2024-06-22 14:14:47,517] Trial 375 finished with value: 1.9307156801223755 and parameters: {'hidden_size': 93, 'n_layers': 5, 'rnn_dropout': 0.7402089502870131, 'bidirectional': True, 'fc_dropout': 0.4959565550893039, 'learning_rate_model': 0.0002542572125328951}. Best is trial 346 with value: 1.8583240509033203.
[I 2024-06-22 14:15:06,947] Trial 376 finished with value: 4.40562629699707 and parameters: {'hidden_size': 75, 'n_layers': 5, 'rnn_dropout': 0.12825858559070966, 'bidirectional': False, 'fc_dropout': 0.30713139358283037, 'learning_rate_model': 5.699678680247873e-05}. Best is trial 346 with value: 1.8583240509033203.
Epoch 4: reducing lr to 0.001276243556836168
Epoch 7: reducing lr to 0.0025687559272085875
Epoch 12: reducing lr to 0.0054282652714996715
Epoch 15: reducing lr to 0.0071746885792315735
Epoch 18: reducing lr to 0.008642937680690554
Epoch 21: reducing lr to 0.00962680133669124
Epoch 28: reducing lr to 0.009922450116770117
Epoch 31: reducing lr to 0.009782076214309116
Epoch 37: reducing lr to 0.009278216557293906
Epoch 43: reducing lr to 0.008505184588250664
Epoch 46: reducing lr to 0.008032323939191552
Epoch 49: reducing lr to 0.007511552711050159
Epoch 52: reducing lr to 0.006951083441209015
Epoch 55: reducing lr to 0.00635975416162104
Epoch 58: reducing lr to 0.0057468927066138655
Epoch 61: reducing lr to 0.005122161556077396
Epoch 64: reducing lr to 0.0044954163290256925
Epoch 67: reducing lr to 0.003876537010875321
Epoch 70: reducing lr to 0.003275287830968564
Epoch 73: reducing lr to 0.0027011489689605637
Epoch 76: reducing lr to 0.002163174150027315
Epoch 79: reducing lr to 0.0016698491434516364
Epoch 82: reducing lr to 0.0012289525193321395
Epoch 85: reducing lr to 0.0008474387798094076
Epoch 88: reducing lr to 0.0005313230756922194
Epoch 91: reducing lr to 0.0002855926126890909
Epoch 94: reducing lr to 0.00011412145863081147
Epoch 97: reducing lr to 1.961432124864687e-05
[I 2024-06-22 14:16:28,284] Trial 377 finished with value: 2.464219808578491 and parameters: {'hidden_size': 102, 'n_layers': 6, 'rnn_dropout': 0.6741341780760262, 'bidirectional': True, 'fc_dropout': 0.21363224794263616, 'learning_rate_model': 0.09988566154433381}. Best is trial 346 with value: 1.8583240509033203.
[I 2024-06-22 14:16:38,166] Trial 378 finished with value: 6.497772693634033 and parameters: {'hidden_size': 38, 'n_layers': 4, 'rnn_dropout': 0.6320209204821483, 'bidirectional': False, 'fc_dropout': 0.39046435641705934, 'learning_rate_model': 5.986319998853214e-05}. Best is trial 346 with value: 1.8583240509033203.
[I 2024-06-22 14:17:31,941] Trial 379 finished with value: 2.196939468383789 and parameters: {'hidden_size': 178, 'n_layers': 2, 'rnn_dropout': 0.5112422874358202, 'bidirectional': True, 'fc_dropout': 0.5030732548777529, 'learning_rate_model': 2.9913111272232188e-05}. Best is trial 346 with value: 1.8583240509033203.
Epoch 10: reducing lr to 0.0017375061874398267
Epoch 14: reducing lr to 0.0027158721952902478
Epoch 17: reducing lr to 0.0033675355032533306
Epoch 24: reducing lr to 0.004102706819225368
Epoch 27: reducing lr to 0.004087897271824676
Epoch 34: reducing lr to 0.003929406600746882
Epoch 37: reducing lr to 0.0038111159155549646
Epoch 40: reducing lr to 0.0036650745139132565
Epoch 43: reducing lr to 0.003493585663672942
Epoch 48: reducing lr to 0.0031587299892498386
Epoch 54: reducing lr to 0.002694470155545694
Epoch 58: reducing lr to 0.0023605909739135077
Epoch 61: reducing lr to 0.002103976697231123
Epoch 67: reducing lr to 0.00159232453868201
Epoch 77: reducing lr to 0.0008187963771907773
Epoch 83: reducing lr to 0.00044972660139854583
Epoch 86: reducing lr to 0.0003017157773702317
Epoch 89: reducing lr to 0.00018130004866835013
Epoch 92: reducing lr to 9.037784690280118e-05
Epoch 95: reducing lr to 3.0383337390834513e-05
Epoch 98: reducing lr to 2.2625097099347736e-06
[I 2024-06-22 14:17:48,943] Trial 380 finished with value: 2.5422885417938232 and parameters: {'hidden_size': 72, 'n_layers': 5, 'rnn_dropout': 0.31637097304600914, 'bidirectional': False, 'fc_dropout': 0.15217767144974684, 'learning_rate_model': 0.04102898785522371}. Best is trial 346 with value: 1.8583240509033203.
Epoch 40: reducing lr to 1.8254401572784755e-05
[I 2024-06-22 14:19:03,734] Trial 381 finished with value: 1.954703688621521 and parameters: {'hidden_size': 86, 'n_layers': 7, 'rnn_dropout': 0.49390585041997215, 'bidirectional': True, 'fc_dropout': 0.42491575551464705, 'learning_rate_model': 0.00020435044842635042}. Best is trial 346 with value: 1.8583240509033203.
Epoch 12: reducing lr to 0.0017269476498776332
Epoch 29: reducing lr to 0.0031445613554318174
Epoch 36: reducing lr to 0.0029847767212940165
Epoch 52: reducing lr to 0.00221141683622673
Epoch 55: reducing lr to 0.002023291411507728
Epoch 59: reducing lr to 0.0017623307587268087
Epoch 62: reducing lr to 0.0015630154400587098
Epoch 65: reducing lr to 0.0013641085760756964
Epoch 68: reducing lr to 0.0011687461712662516
Epoch 71: reducing lr to 0.0009800103645048613
Epoch 74: reducing lr to 0.000800876779134085
Epoch 77: reducing lr to 0.000634170986579875
Epoch 80: reducing lr to 0.00048252154342449255
Epoch 83: reducing lr to 0.0003483204987772902
Epoch 86: reducing lr to 0.00023368373081725547
Epoch 89: reducing lr to 0.0001404198087996647
Epoch 92: reducing lr to 6.999909859391091e-05
Epoch 95: reducing lr to 2.3532384345473224e-05
Epoch 98: reducing lr to 1.752350223896415e-06
[I 2024-06-22 14:19:11,913] Trial 382 finished with value: 2.0740554332733154 and parameters: {'hidden_size': 39, 'n_layers': 3, 'rnn_dropout': 0.1719811846333421, 'bidirectional': False, 'fc_dropout': 0.14446084213348556, 'learning_rate_model': 0.03177761215284233}. Best is trial 346 with value: 1.8583240509033203.
Epoch 8: reducing lr to 0.002151757859378438
Epoch 45: reducing lr to 0.00570293299080089
Epoch 51: reducing lr to 0.004969599548670385
Epoch 58: reducing lr to 0.003998967086965846
Epoch 64: reducing lr to 0.003128129035938595
Epoch 67: reducing lr to 0.0026974827457722644
Epoch 70: reducing lr to 0.002279104362138057
Epoch 73: reducing lr to 0.001879590654517295
Epoch 76: reducing lr to 0.0015052416446506977
Epoch 79: reducing lr to 0.001161962142981396
Epoch 82: reducing lr to 0.0008551648564096278
Epoch 85: reducing lr to 0.0005896890653232817
Epoch 88: reducing lr to 0.00036972040382681344
Epoch 91: reducing lr to 0.00019872921189391518
Epoch 94: reducing lr to 7.941125409491879e-05
Epoch 97: reducing lr to 1.3648597444014532e-05
[I 2024-06-22 14:19:21,549] Trial 383 finished with value: 1.8994204998016357 and parameters: {'hidden_size': 31, 'n_layers': 2, 'rnn_dropout': 0.5632245564290674, 'bidirectional': True, 'fc_dropout': 0.01704090516910526, 'learning_rate_model': 0.0695052950120162}. Best is trial 346 with value: 1.8583240509033203.
Epoch 20: reducing lr to 0.0007526544639916506
Epoch 26: reducing lr to 0.0008016974220025261
Epoch 29: reducing lr to 0.0007945645155643221
Epoch 32: reducing lr to 0.000781232443405505
Epoch 35: reducing lr to 0.0007619114600731408
Epoch 38: reducing lr to 0.0007369062638387571
Epoch 41: reducing lr to 0.0007066112047625283
Epoch 44: reducing lr to 0.0006715040541798972
Epoch 47: reducing lr to 0.0006321384883916432
Epoch 50: reducing lr to 0.0005891353134131811
Epoch 54: reducing lr to 0.0005273184020860679
Epoch 57: reducing lr to 0.00047854382068374747
Epoch 64: reducing lr to 0.0003613741820678479
Epoch 67: reducing lr to 0.0003116241720518079
Epoch 71: reducing lr to 0.00024762800674114677
Epoch 74: reducing lr to 0.00020236471740014885
Epoch 77: reducing lr to 0.0001602416699125247
Epoch 80: reducing lr to 0.00012192304524068741
Epoch 83: reducing lr to 8.801326388306235e-05
Epoch 86: reducing lr to 5.90469637526213e-05
Epoch 89: reducing lr to 3.5481132260883724e-05
Epoch 92: reducing lr to 1.7687299937123487e-05
Epoch 95: reducing lr to 5.946138571993886e-06
Epoch 98: reducing lr to 4.4278204473398306e-07
