[I 2024-06-22 02:27:56,914] Trial 561 finished with value: 0.9722726941108704 and parameters: {'hidden_size': 196, 'n_layers': 4, 'rnn_dropout': 0.07177483424242383, 'bidirectional': True, 'fc_dropout': 0.29377988327578675, 'learning_rate_model': 0.0014751798549085763}. Best is trial 153 with value: 0.9688200950622559.
Epoch 18: reducing lr to 0.00013351710830255723
Epoch 23: reducing lr to 0.00011328918421756016
Epoch 27: reducing lr to 9.172319846839529e-05
Epoch 30: reducing lr to 7.394939165023352e-05
Epoch 33: reducing lr to 5.603916715492308e-05
Epoch 36: reducing lr to 3.9117896607901244e-05
Epoch 39: reducing lr to 2.42487985112824e-05
Epoch 42: reducing lr to 1.2366145053710823e-05
Epoch 45: reducing lr to 4.216584356613496e-06
Epoch 48: reducing lr to 3.1217300655503583e-07
[I 2024-06-22 02:29:12,933] Trial 562 finished with value: 0.9724052548408508 and parameters: {'hidden_size': 197, 'n_layers': 4, 'rnn_dropout': 0.07825230309153808, 'bidirectional': True, 'fc_dropout': 0.2579552768765487, 'learning_rate_model': 0.0014355516573547344}. Best is trial 153 with value: 0.9688200950622559.
Epoch 23: reducing lr to 9.209987802279249e-05
Epoch 26: reducing lr to 7.920113331866743e-05
Epoch 29: reducing lr to 6.499242827043004e-05
Epoch 36: reducing lr to 3.180138978825372e-05
Epoch 39: reducing lr to 1.9713368054619726e-05
Epoch 42: reducing lr to 1.0053214337493558e-05
Epoch 45: reducing lr to 3.4279256894562604e-06
Epoch 48: reducing lr to 2.537850018454867e-07
[I 2024-06-22 02:30:25,206] Trial 563 finished with value: 0.9706587791442871 and parameters: {'hidden_size': 191, 'n_layers': 4, 'rnn_dropout': 0.014050168925933887, 'bidirectional': True, 'fc_dropout': 0.20569961469490253, 'learning_rate_model': 0.0011670499125837563}. Best is trial 153 with value: 0.9688200950622559.
Epoch 18: reducing lr to 0.00013058000506449482
Epoch 23: reducing lr to 0.00011079705392779362
Epoch 27: reducing lr to 8.970547574617689e-05
Epoch 30: reducing lr to 7.23226563169872e-05
Epoch 36: reducing lr to 3.8257382908541446e-05
Epoch 39: reducing lr to 2.3715374551371427e-05
Epoch 42: reducing lr to 1.2094115160752846e-05
Epoch 45: reducing lr to 4.123828126907625e-06
Epoch 48: reducing lr to 3.0530583904335874e-07
[I 2024-06-22 02:31:38,828] Trial 564 finished with value: 0.9759492874145508 and parameters: {'hidden_size': 195, 'n_layers': 4, 'rnn_dropout': 0.016647619114921394, 'bidirectional': True, 'fc_dropout': 0.2010170467130371, 'learning_rate_model': 0.0014039724576939095}. Best is trial 153 with value: 0.9688200950622559.
Epoch 23: reducing lr to 6.19751173901425e-05
Epoch 37: reducing lr to 1.853638747651488e-05
Epoch 40: reducing lr to 1.0894467281143768e-05
Epoch 43: reducing lr to 5.035261270371018e-06
Epoch 46: reducing lr to 1.3269334385954471e-06
Epoch 49: reducing lr to 2.48648215457007e-09
[I 2024-06-22 02:32:51,162] Trial 565 finished with value: 0.9719443917274475 and parameters: {'hidden_size': 191, 'n_layers': 4, 'rnn_dropout': 0.03536468654207392, 'bidirectional': True, 'fc_dropout': 0.26313811934917924, 'learning_rate_model': 0.0007853219448850344}. Best is trial 153 with value: 0.9688200950622559.
Epoch 23: reducing lr to 6.026103768181154e-05
Epoch 37: reducing lr to 1.8023716472775755e-05
Epoch 40: reducing lr to 1.0593153042686929e-05
Epoch 43: reducing lr to 4.895998296242944e-06
Epoch 46: reducing lr to 1.2902337149453178e-06
Epoch 49: reducing lr to 2.417712158069279e-09
[I 2024-06-22 02:34:03,591] Trial 566 finished with value: 0.9720669984817505 and parameters: {'hidden_size': 191, 'n_layers': 4, 'rnn_dropout': 0.007496047718460418, 'bidirectional': True, 'fc_dropout': 0.208713453822127, 'learning_rate_model': 0.0007636018664580664}. Best is trial 153 with value: 0.9688200950622559.
Epoch 38: reducing lr to 1.0156634017393869e-05
Epoch 41: reducing lr to 5.600480272295176e-06
Epoch 44: reducing lr to 2.2765773646380034e-06
Epoch 47: reducing lr to 3.937744651520323e-07
[I 2024-06-22 02:35:18,633] Trial 567 finished with value: 0.9747906923294067 and parameters: {'hidden_size': 200, 'n_layers': 4, 'rnn_dropout': 0.004855451496673824, 'bidirectional': True, 'fc_dropout': 0.21049908152604951, 'learning_rate_model': 0.0005042297539685528}. Best is trial 153 with value: 0.9688200950622559.
Epoch 23: reducing lr to 5.881964089135696e-05
Epoch 37: reducing lr to 1.759260330122538e-05
Epoch 40: reducing lr to 1.0339773124519144e-05
Epoch 43: reducing lr to 4.778889854341589e-06
Epoch 46: reducing lr to 1.2593723357324648e-06
Epoch 49: reducing lr to 2.3598823781722197e-09
[I 2024-06-22 02:36:30,981] Trial 568 finished with value: 0.9722553491592407 and parameters: {'hidden_size': 191, 'n_layers': 4, 'rnn_dropout': 0.0013659190036710983, 'bidirectional': True, 'fc_dropout': 0.21786682808141067, 'learning_rate_model': 0.0007453371083019023}. Best is trial 153 with value: 0.9688200950622559.
Epoch 24: reducing lr to 5.3079494489077416e-05
Epoch 37: reducing lr to 1.6615752354407506e-05
Epoch 40: reducing lr to 9.76564449820806e-06
Epoch 43: reducing lr to 4.513536114532834e-06
Epoch 46: reducing lr to 1.1894441370746299e-06
Epoch 49: reducing lr to 2.228847005179488e-09
[I 2024-06-22 02:37:43,378] Trial 569 finished with value: 0.9722509384155273 and parameters: {'hidden_size': 191, 'n_layers': 4, 'rnn_dropout': 0.013945532527392597, 'bidirectional': True, 'fc_dropout': 0.21360614553228638, 'learning_rate_model': 0.0007039513481914305}. Best is trial 153 with value: 0.9688200950622559.
Epoch 32: reducing lr to 2.6377559298479826e-05
Epoch 37: reducing lr to 1.442644135510638e-05
Epoch 40: reducing lr to 8.478911736479079e-06
Epoch 43: reducing lr to 3.918827307461067e-06
Epoch 46: reducing lr to 1.0327215838728263e-06
Epoch 49: reducing lr to 1.935171512184447e-09
[I 2024-06-22 02:38:54,545] Trial 570 finished with value: 0.9748234748840332 and parameters: {'hidden_size': 190, 'n_layers': 4, 'rnn_dropout': 0.02162931934439781, 'bidirectional': True, 'fc_dropout': 0.2031746104433993, 'learning_rate_model': 0.0006111978937166743}. Best is trial 153 with value: 0.9688200950622559.
Epoch 23: reducing lr to 6.0423692732934425e-05
Epoch 26: reducing lr to 5.196125170288508e-05
Epoch 37: reducing lr to 1.8072365627139532e-05
Epoch 40: reducing lr to 1.0621745810352314e-05
Epoch 43: reducing lr to 4.909213449579301e-06
Epoch 46: reducing lr to 1.2937162807778735e-06
Epoch 49: reducing lr to 2.424237984866625e-09
[I 2024-06-22 02:40:03,457] Trial 571 finished with value: 0.9748567342758179 and parameters: {'hidden_size': 188, 'n_layers': 4, 'rnn_dropout': 0.013448857686330546, 'bidirectional': True, 'fc_dropout': 0.23884954501930805, 'learning_rate_model': 0.0007656629610791395}. Best is trial 153 with value: 0.9688200950622559.
Epoch 23: reducing lr to 6.034097274071861e-05
Epoch 37: reducing lr to 1.8047624571497567e-05
Epoch 40: reducing lr to 1.0607204647920646e-05
Epoch 43: reducing lr to 4.90249273987144e-06
Epoch 46: reducing lr to 1.2919451841130608e-06
Epoch 49: reducing lr to 2.4209192047959863e-09
[I 2024-06-22 02:41:15,654] Trial 572 finished with value: 0.9721719026565552 and parameters: {'hidden_size': 191, 'n_layers': 4, 'rnn_dropout': 0.03302626467862483, 'bidirectional': True, 'fc_dropout': 0.2234297081292957, 'learning_rate_model': 0.0007646147690320175}. Best is trial 153 with value: 0.9688200950622559.
Epoch 18: reducing lr to 0.00010964008650819915
Epoch 23: reducing lr to 9.302954592088563e-05
Epoch 27: reducing lr to 7.532023081337936e-05
Epoch 36: reducing lr to 3.212239706682546e-05
Epoch 39: reducing lr to 1.991235730234857e-05
Epoch 42: reducing lr to 1.0154692763337994e-05
Epoch 45: reducing lr to 3.4625276079272874e-06
Epoch 48: reducing lr to 2.5634673997477263e-07
[I 2024-06-22 02:42:28,104] Trial 573 finished with value: 0.9719566702842712 and parameters: {'hidden_size': 193, 'n_layers': 4, 'rnn_dropout': 0.03204488704118225, 'bidirectional': True, 'fc_dropout': 0.2337242077494008, 'learning_rate_model': 0.0011788302630303985}. Best is trial 153 with value: 0.9688200950622559.
Epoch 18: reducing lr to 0.00012040732176226291
Epoch 23: reducing lr to 0.00010216553840693675
Epoch 27: reducing lr to 8.271707507341548e-05
Epoch 30: reducing lr to 6.668844395862883e-05
Epoch 33: reducing lr to 5.05367897544769e-05
Epoch 36: reducing lr to 3.5276986023822425e-05
Epoch 39: reducing lr to 2.186785590113276e-05
Epoch 42: reducing lr to 1.1151937196444322e-05
Epoch 45: reducing lr to 3.8025660967281464e-06
Epoch 48: reducing lr to 2.815213430220958e-07
[I 2024-06-22 02:43:40,830] Trial 574 finished with value: 0.9730603098869324 and parameters: {'hidden_size': 194, 'n_layers': 4, 'rnn_dropout': 0.02996401289374344, 'bidirectional': True, 'fc_dropout': 0.2340481892943827, 'learning_rate_model': 0.0012945976175710115}. Best is trial 153 with value: 0.9688200950622559.
Epoch 18: reducing lr to 0.000172358708254328
Epoch 23: reducing lr to 0.00014624625787039523
Epoch 27: reducing lr to 0.00011840648892082973
Epoch 30: reducing lr to 9.546208559389177e-05
Epoch 33: reducing lr to 7.234157918237292e-05
Epoch 36: reducing lr to 5.049772433421613e-05
Epoch 39: reducing lr to 3.1303041544707055e-05
Epoch 42: reducing lr to 1.5963593090357685e-05
Epoch 45: reducing lr to 5.443235269179253e-06
Epoch 48: reducing lr to 4.029875784889499e-07
[I 2024-06-22 02:44:54,612] Trial 575 finished with value: 0.9840258955955505 and parameters: {'hidden_size': 196, 'n_layers': 4, 'rnn_dropout': 0.036016332600780104, 'bidirectional': True, 'fc_dropout': 0.2280545283513016, 'learning_rate_model': 0.0018531694734829926}. Best is trial 153 with value: 0.9688200950622559.
Epoch 31: reducing lr to 2.733075455109947e-05
Epoch 37: reducing lr to 1.3631154469995833e-05
Epoch 40: reducing lr to 8.011494503216294e-06
Epoch 43: reducing lr to 3.702793991557161e-06
Epoch 46: reducing lr to 9.757907087243203e-07
Epoch 49: reducing lr to 1.8284912515304994e-09
[I 2024-06-22 02:46:03,916] Trial 576 finished with value: 0.9752570390701294 and parameters: {'hidden_size': 192, 'n_layers': 4, 'rnn_dropout': 0.0029787151154000123, 'bidirectional': True, 'fc_dropout': 0.24861108735013687, 'learning_rate_model': 0.0005775043682577429}. Best is trial 153 with value: 0.9688200950622559.
Epoch 23: reducing lr to 6.103354904830264e-05
Epoch 26: reducing lr to 5.2485696603091755e-05
Epoch 37: reducing lr to 1.8254770008812607e-05
Epoch 40: reducing lr to 1.0728951088111648e-05
Epoch 43: reducing lr to 4.958762139675905e-06
Epoch 46: reducing lr to 1.306773758870351e-06
Epoch 49: reducing lr to 2.448705818235836e-09
[I 2024-06-22 02:47:12,909] Trial 577 finished with value: 0.9749050736427307 and parameters: {'hidden_size': 188, 'n_layers': 4, 'rnn_dropout': 0.03387889252650354, 'bidirectional': True, 'fc_dropout': 0.22289488998941703, 'learning_rate_model': 0.0007733907971503556}. Best is trial 153 with value: 0.9688200950622559.
Epoch 18: reducing lr to 0.00011034476783687148
Epoch 23: reducing lr to 9.362746759454655e-05
Epoch 27: reducing lr to 7.580433076273053e-05
Epoch 36: reducing lr to 3.2328854888650484e-05
Epoch 39: reducing lr to 2.0040338470985907e-05
Epoch 42: reducing lr to 1.0219959242201929e-05
Epoch 45: reducing lr to 3.484782046363319e-06
Epoch 48: reducing lr to 2.579943377383105e-07
[I 2024-06-22 02:48:25,352] Trial 578 finished with value: 0.971898078918457 and parameters: {'hidden_size': 193, 'n_layers': 4, 'rnn_dropout': 0.025835203774878697, 'bidirectional': True, 'fc_dropout': 0.2619369754696852, 'learning_rate_model': 0.0011864068684717785}. Best is trial 153 with value: 0.9688200950622559.
Epoch 18: reducing lr to 0.00011079459089779709
Epoch 23: reducing lr to 9.400914218488469e-05
Epoch 26: reducing lr to 8.084300178460606e-05
Epoch 29: reducing lr to 6.633974508309042e-05
Epoch 32: reducing lr to 5.141066533531198e-05
Epoch 35: reducing lr to 3.699381699374862e-05
Epoch 38: reducing lr to 2.39950577448544e-05
Epoch 41: reducing lr to 1.323114009055559e-05
Epoch 44: reducing lr to 5.378416238250379e-06
Epoch 47: reducing lr to 9.302925569229645e-07
[I 2024-06-22 02:49:39,210] Trial 579 finished with value: 0.9711701273918152 and parameters: {'hidden_size': 196, 'n_layers': 4, 'rnn_dropout': 0.015047914655047035, 'bidirectional': True, 'fc_dropout': 0.2636374838176426, 'learning_rate_model': 0.001191243284185373}. Best is trial 153 with value: 0.9688200950622559.
Epoch 18: reducing lr to 0.0001446867526328369
Epoch 23: reducing lr to 0.0001227666205571056
Epoch 27: reducing lr to 9.939648855647912e-05
Epoch 33: reducing lr to 6.072723727300241e-05
Epoch 36: reducing lr to 4.239038353945458e-05
Epoch 39: reducing lr to 2.6277380902341053e-05
Epoch 42: reducing lr to 1.3400659983989249e-05
Epoch 45: reducing lr to 4.569331267857755e-06
Epoch 48: reducing lr to 3.382884721838666e-07
[I 2024-06-22 02:50:53,939] Trial 580 finished with value: 0.9761190414428711 and parameters: {'hidden_size': 200, 'n_layers': 4, 'rnn_dropout': 0.020380446213558303, 'bidirectional': True, 'fc_dropout': 0.2593845927430225, 'learning_rate_model': 0.0015556456410714921}. Best is trial 153 with value: 0.9688200950622559.
Epoch 18: reducing lr to 0.0001111937938963099
Epoch 23: reducing lr to 9.434786568342118e-05
Epoch 27: reducing lr to 7.638759223944137e-05
Epoch 30: reducing lr to 6.158546660013365e-05
Epoch 36: reducing lr to 3.257760288830957e-05
Epoch 39: reducing lr to 2.0194534903996537e-05
Epoch 42: reducing lr to 1.0298594703521272e-05
Epoch 45: reducing lr to 3.5115950147244362e-06
Epoch 48: reducing lr to 2.5997942430129857e-07
[I 2024-06-22 02:52:07,829] Trial 581 finished with value: 0.9713373184204102 and parameters: {'hidden_size': 196, 'n_layers': 4, 'rnn_dropout': 0.037442652601620316, 'bidirectional': True, 'fc_dropout': 0.2462013764304502, 'learning_rate_model': 0.001195535442197344}. Best is trial 153 with value: 0.9688200950622559.
Epoch 18: reducing lr to 0.00010644451415788669
Epoch 23: reducing lr to 9.031810474845756e-05
Epoch 27: reducing lr to 7.312494572494238e-05
Epoch 36: reducing lr to 3.118615698200184e-05
Epoch 39: reducing lr to 1.933199130254459e-05
Epoch 42: reducing lr to 9.858723866797452e-06
Epoch 45: reducing lr to 3.36160870282173e-06
Epoch 48: reducing lr to 2.488752523059417e-07
[I 2024-06-22 02:53:23,807] Trial 582 finished with value: 0.971368134021759 and parameters: {'hidden_size': 197, 'n_layers': 4, 'rnn_dropout': 0.00046921628568135504, 'bidirectional': True, 'fc_dropout': 0.26295984397082606, 'learning_rate_model': 0.001144472050498618}. Best is trial 153 with value: 0.9688200950622559.
Epoch 18: reducing lr to 0.0001069734034610102
Epoch 23: reducing lr to 9.076686699663687e-05
Epoch 26: reducing lr to 7.805481275598787e-05
Epoch 29: reducing lr to 6.405175793121773e-05
Epoch 36: reducing lr to 3.134111118479755e-05
Epoch 39: reducing lr to 1.942804588543109e-05
Epoch 42: reducing lr to 9.90770876411085e-06
Epoch 45: reducing lr to 3.3783114788950168e-06
Epoch 48: reducing lr to 2.501118351378416e-07
[I 2024-06-22 02:54:37,567] Trial 583 finished with value: 0.9710862040519714 and parameters: {'hidden_size': 196, 'n_layers': 4, 'rnn_dropout': 0.0022729434543887128, 'bidirectional': True, 'fc_dropout': 0.2605951300372224, 'learning_rate_model': 0.001150158572063597}. Best is trial 153 with value: 0.9688200950622559.
Epoch 18: reducing lr to 0.00011407642177804693
Epoch 23: reducing lr to 9.679377366687417e-05
Epoch 27: reducing lr to 7.836789163828651e-05
Epoch 30: reducing lr to 6.318203037326004e-05
Epoch 36: reducing lr to 3.3422156375652315e-05
Epoch 39: reducing lr to 2.0718065285802366e-05
Epoch 42: reducing lr to 1.0565579174460029e-05
Epoch 45: reducing lr to 3.6026308661340396e-06
Epoch 48: reducing lr to 2.667192243468574e-07
[I 2024-06-22 02:55:54,062] Trial 584 finished with value: 0.9728833436965942 and parameters: {'hidden_size': 198, 'n_layers': 4, 'rnn_dropout': 0.016229547415250588, 'bidirectional': True, 'fc_dropout': 0.26646222613294185, 'learning_rate_model': 0.0012265289327378017}. Best is trial 153 with value: 0.9688200950622559.
Epoch 18: reducing lr to 0.00014819646653245342
Epoch 23: reducing lr to 0.0001257446106407702
Epoch 26: reducing lr to 0.00010813386385809246
Epoch 29: reducing lr to 8.873461901264326e-05
Epoch 36: reducing lr to 4.3418660942957045e-05
Epoch 39: reducing lr to 2.691479992875667e-05
Epoch 42: reducing lr to 1.3725724177870167e-05
Epoch 45: reducing lr to 4.680171031491449e-06
Epoch 48: reducing lr to 3.4649444634040836e-07
[I 2024-06-22 02:57:07,827] Trial 585 finished with value: 0.9750309586524963 and parameters: {'hidden_size': 196, 'n_layers': 4, 'rnn_dropout': 0.0012344852534883592, 'bidirectional': True, 'fc_dropout': 0.2604574453135945, 'learning_rate_model': 0.0015933814463888016}. Best is trial 153 with value: 0.9688200950622559.
Epoch 18: reducing lr to 0.00010702592506822294
Epoch 23: reducing lr to 9.081143154803085e-05
Epoch 27: reducing lr to 7.352436171738296e-05
Epoch 36: reducing lr to 3.135649898660623e-05
Epoch 39: reducing lr to 1.9437584632090464e-05
Epoch 42: reducing lr to 9.912573232953104e-06
Epoch 45: reducing lr to 3.379970156125022e-06
Epoch 48: reducing lr to 2.50234634592084e-07
[I 2024-06-22 02:58:23,695] Trial 586 finished with value: 0.9713985919952393 and parameters: {'hidden_size': 197, 'n_layers': 4, 'rnn_dropout': 0.0005379190567577109, 'bidirectional': True, 'fc_dropout': 0.2458349496985161, 'learning_rate_model': 0.001150723274828956}. Best is trial 153 with value: 0.9688200950622559.
Epoch 22: reducing lr to 0.00015837271891111564
Epoch 27: reducing lr to 0.0001230602550607711
Epoch 30: reducing lr to 9.921406089215506e-05
Epoch 33: reducing lr to 7.518484220602289e-05
Epoch 36: reducing lr to 5.2482451706782686e-05
Epoch 39: reducing lr to 3.253335447895294e-05
Epoch 42: reducing lr to 1.659101503042875e-05
Epoch 45: reducing lr to 5.657172395584368e-06
Epoch 48: reducing lr to 4.1882632148928286e-07
[I 2024-06-22 02:59:40,215] Trial 587 finished with value: 0.9846661686897278 and parameters: {'hidden_size': 198, 'n_layers': 4, 'rnn_dropout': 0.0014625260425463974, 'bidirectional': True, 'fc_dropout': 0.24541839882031244, 'learning_rate_model': 0.001926005155259137}. Best is trial 153 with value: 0.9688200950622559.
Epoch 23: reducing lr to 9.159784620166044e-05
Epoch 26: reducing lr to 7.876941190872316e-05
Epoch 36: reducing lr to 3.162804200568688e-05
Epoch 39: reducing lr to 1.9605911472943704e-05
Epoch 42: reducing lr to 9.998414769780409e-06
Epoch 45: reducing lr to 3.4092402382534085e-06
Epoch 48: reducing lr to 2.5240163251439866e-07
[I 2024-06-22 03:00:53,932] Trial 588 finished with value: 0.9728049635887146 and parameters: {'hidden_size': 195, 'n_layers': 4, 'rnn_dropout': 0.0002696020204796517, 'bidirectional': True, 'fc_dropout': 0.2608632472866475, 'learning_rate_model': 0.0011606883819765014}. Best is trial 153 with value: 0.9688200950622559.
Epoch 23: reducing lr to 9.131737452446761e-05
Epoch 27: reducing lr to 7.3933992242679e-05
Epoch 30: reducing lr to 5.9607316795685754e-05
Epoch 33: reducing lr to 4.517068112431645e-05
Epoch 36: reducing lr to 3.153119726145425e-05
Epoch 39: reducing lr to 1.9545878370619393e-05
Epoch 42: reducing lr to 9.967799725038238e-06
Epoch 45: reducing lr to 3.3988011791791273e-06
Epoch 48: reducing lr to 2.5162878127245414e-07
[I 2024-06-22 03:02:08,961] Trial 589 finished with value: 0.9718697667121887 and parameters: {'hidden_size': 200, 'n_layers': 4, 'rnn_dropout': 0.018493260445055493, 'bidirectional': True, 'fc_dropout': 0.24552211641077668, 'learning_rate_model': 0.001157134365908542}. Best is trial 153 with value: 0.9688200950622559.
Epoch 18: reducing lr to 0.000133971044216619
Epoch 23: reducing lr to 0.00011367434856125294
Epoch 27: reducing lr to 9.203504205508433e-05
Epoch 30: reducing lr to 7.420080725621707e-05
Epoch 33: reducing lr to 5.622969098283645e-05
Epoch 36: reducing lr to 3.9250890936333246e-05
Epoch 39: reducing lr to 2.4331240384515402e-05
Epoch 42: reducing lr to 1.2408187885747405e-05
Epoch 45: reducing lr to 4.230920040620371e-06
Epoch 48: reducing lr to 3.132343427454101e-07
[I 2024-06-22 03:03:23,740] Trial 590 finished with value: 0.9741371870040894 and parameters: {'hidden_size': 200, 'n_layers': 4, 'rnn_dropout': 0.019338733200946694, 'bidirectional': True, 'fc_dropout': 0.24357893909790557, 'learning_rate_model': 0.0014404322937169865}. Best is trial 153 with value: 0.9688200950622559.
Epoch 18: reducing lr to 0.0001518671469955864
Epoch 23: reducing lr to 0.00012885918075450676
Epoch 26: reducing lr to 0.00011081223312528455
Epoch 29: reducing lr to 9.09324880984216e-05
Epoch 33: reducing lr to 6.374095832379513e-05
Epoch 36: reducing lr to 4.4494098395602455e-05
Epoch 39: reducing lr to 2.758145300476634e-05
Epoch 42: reducing lr to 1.4065696842272577e-05
Epoch 45: reducing lr to 4.796094256730144e-06
Epoch 48: reducing lr to 3.5507677238722727e-07
[I 2024-06-22 03:04:37,599] Trial 591 finished with value: 0.9762229323387146 and parameters: {'hidden_size': 196, 'n_layers': 4, 'rnn_dropout': 0.018558893850487243, 'bidirectional': True, 'fc_dropout': 0.24794636662977781, 'learning_rate_model': 0.0016328479349119755}. Best is trial 153 with value: 0.9688200950622559.
Epoch 23: reducing lr to 9.075524516353159e-05
Epoch 27: reducing lr to 7.347887110031973e-05
Epoch 30: reducing lr to 5.9240387467373855e-05
Epoch 33: reducing lr to 4.489262050063247e-05
Epoch 36: reducing lr to 3.133709825391675e-05
Epoch 39: reducing lr to 1.9425558309134663e-05
Epoch 42: reducing lr to 9.906440176337328e-06
Epoch 45: reducing lr to 3.377878918275879e-06
Epoch 48: reducing lr to 2.500798106987298e-07
