[I 2024-06-22 13:03:00,647] Trial 276 finished with value: 2.5412206649780273 and parameters: {'hidden_size': 56, 'n_layers': 4, 'rnn_dropout': 0.679496880584524, 'bidirectional': False, 'fc_dropout': 0.28214346180139044, 'learning_rate_model': 0.003003092177939155}. Best is trial 120 with value: 1.8680797815322876.
Epoch 16: reducing lr to 1.0624981792497814e-05
Epoch 43: reducing lr to 1.1726419531543058e-05
Epoch 47: reducing lr to 1.084193289202579e-05
Epoch 57: reducing lr to 8.207600209485049e-06
Epoch 65: reducing lr to 5.911701725191317e-06
Epoch 68: reducing lr to 5.065050449915241e-06
Epoch 71: reducing lr to 4.2471171753906394e-06
Epoch 74: reducing lr to 3.470797500953405e-06
Epoch 80: reducing lr to 2.091126388861775e-06
Epoch 86: reducing lr to 1.0127262146505667e-06
Epoch 89: reducing lr to 6.085439535320026e-07
Epoch 97: reducing lr to 2.7043006227734398e-08
[I 2024-06-22 13:06:09,705] Trial 277 finished with value: 1.875829815864563 and parameters: {'hidden_size': 197, 'n_layers': 5, 'rnn_dropout': 0.036398572832483024, 'bidirectional': True, 'fc_dropout': 0.4257452388173397, 'learning_rate_model': 0.000137716137762918}. Best is trial 120 with value: 1.8680797815322876.
Epoch 7: reducing lr to 0.0005215484326991784
Epoch 11: reducing lr to 0.0009798944706336684
Epoch 15: reducing lr to 0.0014567158926886514
Epoch 21: reducing lr to 0.0019545816306937793
Epoch 27: reducing lr to 0.002020617563663615
Epoch 31: reducing lr to 0.0019861079303322053
Epoch 41: reducing lr to 0.0017846995747734056
Epoch 44: reducing lr to 0.0016960288654865575
Epoch 49: reducing lr to 0.001525111242407016
Epoch 56: reducing lr to 0.0012501678175883342
Epoch 64: reducing lr to 0.0009127287321849399
Epoch 71: reducing lr to 0.0006254381410233008
Epoch 77: reducing lr to 0.0004047250287376548
Epoch 83: reducing lr to 0.00022229655228763295
Epoch 86: reducing lr to 0.00014913589027558578
Epoch 91: reducing lr to 5.798541541481503e-05
Epoch 94: reducing lr to 2.3170698023818048e-05
Epoch 97: reducing lr to 3.982401907995023e-06
[I 2024-06-22 13:06:33,654] Trial 278 finished with value: 2.4738945960998535 and parameters: {'hidden_size': 38, 'n_layers': 5, 'rnn_dropout': 0.545087803913045, 'bidirectional': True, 'fc_dropout': 0.6388962466224248, 'learning_rate_model': 0.020280327015801246}. Best is trial 120 with value: 1.8680797815322876.
[I 2024-06-22 13:06:50,234] Trial 279 finished with value: 2.4947543144226074 and parameters: {'hidden_size': 135, 'n_layers': 2, 'rnn_dropout': 0.20913657152467036, 'bidirectional': False, 'fc_dropout': 0.3819503644737736, 'learning_rate_model': 0.0007410364460054091}. Best is trial 120 with value: 1.8680797815322876.
Epoch 30: reducing lr to 0.00026275693777238194
Epoch 36: reducing lr to 0.0002505924497690905
Epoch 39: reducing lr to 0.00024168219567005748
Epoch 42: reducing lr to 0.00023106424629229134
Epoch 47: reducing lr to 0.00021003867665710267
Epoch 50: reducing lr to 0.0001957501463264926
Epoch 53: reducing lr to 0.00018047830922833554
Epoch 56: reducing lr to 0.0001644639642372849
Epoch 61: reducing lr to 0.0001368130468964675
Epoch 64: reducing lr to 0.00012007266821024199
Epoch 67: reducing lr to 0.0001035423881223561
Epoch 70: reducing lr to 8.748300941153694e-05
Epoch 73: reducing lr to 7.214774788317172e-05
Epoch 76: reducing lr to 5.777842873420716e-05
Epoch 79: reducing lr to 4.4601707047293816e-05
Epoch 82: reducing lr to 3.282534859944571e-05
Epoch 85: reducing lr to 2.2635108294541624e-05
Epoch 88: reducing lr to 1.4191650941897115e-05
Epoch 91: reducing lr to 7.628184914776435e-06
Epoch 94: reducing lr to 3.0481866494479204e-06
Epoch 97: reducing lr to 5.238989484135544e-07
[I 2024-06-22 13:10:20,140] Trial 280 finished with value: 2.460679054260254 and parameters: {'hidden_size': 171, 'n_layers': 7, 'rnn_dropout': 0.6534031715014135, 'bidirectional': True, 'fc_dropout': 0.7712289066712654, 'learning_rate_model': 0.002667948198731734}. Best is trial 120 with value: 1.8680797815322876.
Epoch 39: reducing lr to 0.0003783314228423194
Epoch 48: reducing lr to 0.0003215339598289413
Epoch 52: reducing lr to 0.00029063940812899976
Epoch 58: reducing lr to 0.00024028966260554712
Epoch 77: reducing lr to 8.334705478079368e-05
Epoch 80: reducing lr to 6.341625581076453e-05
Epoch 84: reducing lr to 4.045823542312638e-05
Epoch 87: reducing lr to 2.630391770547481e-05
Epoch 92: reducing lr to 9.19975657760249e-06
Epoch 95: reducing lr to 3.0927856503536537e-06
Epoch 98: reducing lr to 2.3030575853674045e-07
[I 2024-06-22 13:10:43,300] Trial 281 finished with value: 2.475581169128418 and parameters: {'hidden_size': 127, 'n_layers': 3, 'rnn_dropout': 0.5449633472936152, 'bidirectional': False, 'fc_dropout': 0.10419373405821207, 'learning_rate_model': 0.00417642944403634}. Best is trial 120 with value: 1.8680797815322876.
[I 2024-06-22 13:10:50,781] Trial 282 finished with value: 7.837672233581543 and parameters: {'hidden_size': 48, 'n_layers': 3, 'rnn_dropout': 0.03544932466648367, 'bidirectional': False, 'fc_dropout': 0.4073115220130942, 'learning_rate_model': 4.020666708053822e-05}. Best is trial 120 with value: 1.8680797815322876.
Epoch 26: reducing lr to 9.146552531976883e-06
Epoch 32: reducing lr to 8.913067932093952e-06
Epoch 58: reducing lr to 5.270687140146336e-06
Epoch 75: reducing lr to 2.144214199156086e-06
Epoch 82: reducing lr to 1.1271176564754267e-06
Epoch 98: reducing lr to 5.051692971967952e-09
[I 2024-06-22 13:12:31,348] Trial 283 finished with value: 2.0582964420318604 and parameters: {'hidden_size': 112, 'n_layers': 7, 'rnn_dropout': 0.6925488112050673, 'bidirectional': True, 'fc_dropout': 0.6093838901541935, 'learning_rate_model': 9.160882213458435e-05}. Best is trial 120 with value: 1.8680797815322876.
Epoch 45: reducing lr to 0.0012590293263739186
Epoch 55: reducing lr to 0.000976995686771855
Epoch 62: reducing lr to 0.0007547401894802832
Epoch 66: reducing lr to 0.0006269836217117828
Epoch 72: reducing lr to 0.0004438046975856865
Epoch 79: reducing lr to 0.00025652491735562424
Epoch 82: reducing lr to 0.00018879366719559836
Epoch 85: reducing lr to 0.000130184911497579
Epoch 89: reducing lr to 6.780513511514853e-05
Epoch 92: reducing lr to 3.380077482422889e-05
Epoch 95: reducing lr to 1.1363186674060408e-05
Epoch 98: reducing lr to 8.461651152787478e-07
[I 2024-06-22 13:12:36,092] Trial 284 finished with value: 2.0032315254211426 and parameters: {'hidden_size': 63, 'n_layers': 1, 'rnn_dropout': 0.6913152758112215, 'bidirectional': False, 'fc_dropout': 0.5893687661548159, 'learning_rate_model': 0.015344596350606936}. Best is trial 120 with value: 1.8680797815322876.
Epoch 19: reducing lr to 0.002870066731734917
Epoch 26: reducing lr to 0.003168655958770878
Epoch 36: reducing lr to 0.0029808872027499195
Epoch 61: reducing lr to 0.0016274403360464213
Epoch 72: reducing lr to 0.0009178915675585306
Epoch 75: reducing lr to 0.0007428238208094108
Epoch 78: reducing lr to 0.0005810667363095139
Epoch 81: reducing lr to 0.00043517084120414765
Epoch 84: reducing lr to 0.0003074374307614227
Epoch 87: reducing lr to 0.00019988041479704655
Epoch 90: reducing lr to 0.00011419666871778297
Epoch 93: reducing lr to 5.1737047043381305e-05
Epoch 96: reducing lr to 1.3486759341962279e-05
Epoch 99: reducing lr to 4.8922301736781246e-08
[I 2024-06-22 13:12:46,893] Trial 285 finished with value: 2.00874400138855 and parameters: {'hidden_size': 98, 'n_layers': 2, 'rnn_dropout': 0.6629862812226415, 'bidirectional': False, 'fc_dropout': 0.4615822771820013, 'learning_rate_model': 0.03173620215025359}. Best is trial 120 with value: 1.8680797815322876.
[I 2024-06-22 13:13:01,151] Trial 286 finished with value: 2.3142871856689453 and parameters: {'hidden_size': 128, 'n_layers': 2, 'rnn_dropout': 0.23690393879672353, 'bidirectional': False, 'fc_dropout': 0.14759648359214214, 'learning_rate_model': 0.0010954524035037083}. Best is trial 120 with value: 1.8680797815322876.
[I 2024-06-22 13:13:59,695] Trial 287 finished with value: 2.2304601669311523 and parameters: {'hidden_size': 79, 'n_layers': 6, 'rnn_dropout': 0.6422931891459392, 'bidirectional': True, 'fc_dropout': 0.05367156826308426, 'learning_rate_model': 6.231506576301107e-05}. Best is trial 120 with value: 1.8680797815322876.
Epoch 15: reducing lr to 0.0006670476330732967
Epoch 23: reducing lr to 0.0009243223581346533
Epoch 31: reducing lr to 0.0009094625799070357
Epoch 47: reducing lr to 0.0007311034327883513
Epoch 50: reducing lr to 0.0006813678615094305
Epoch 59: reducing lr to 0.0005150188251087303
Epoch 62: reducing lr to 0.00045677144972910717
Epoch 66: reducing lr to 0.0003794527200716647
Epoch 71: reducing lr to 0.0002863956065127686
Epoch 74: reducing lr to 0.00023404608686764674
Epoch 79: reducing lr to 0.0001552497932737009
Epoch 82: reducing lr to 0.00011425859953739861
Epoch 85: reducing lr to 7.878837192776527e-05
Epoch 88: reducing lr to 4.9398353130426265e-05
Epoch 91: reducing lr to 2.6552215362897308e-05
Epoch 94: reducing lr to 1.0610139802152453e-05
Epoch 97: reducing lr to 1.8235894727363504e-06
[I 2024-06-22 13:14:16,199] Trial 288 finished with value: 2.0370731353759766 and parameters: {'hidden_size': 66, 'n_layers': 5, 'rnn_dropout': 0.6984667978195485, 'bidirectional': False, 'fc_dropout': 0.5465366750833173, 'learning_rate_model': 0.009286604341821391}. Best is trial 120 with value: 1.8680797815322876.
[I 2024-06-22 13:16:02,197] Trial 289 finished with value: 2.0246357917785645 and parameters: {'hidden_size': 197, 'n_layers': 3, 'rnn_dropout': 0.4252667727167214, 'bidirectional': True, 'fc_dropout': 0.23928987572866847, 'learning_rate_model': 2.639603471883599e-05}. Best is trial 120 with value: 1.8680797815322876.
Epoch 10: reducing lr to 0.00013762054211240735
Epoch 15: reducing lr to 0.00023342513179485424
Epoch 23: reducing lr to 0.0003234552640183099
Epoch 31: reducing lr to 0.00031825526701773164
Epoch 39: reducing lr to 0.00029438452240711325
Epoch 42: reducing lr to 0.00028145117434706895
Epoch 47: reducing lr to 0.00025584067267882645
Epoch 71: reducing lr to 0.00010022062725521192
Epoch 78: reducing lr to 5.95002470138036e-05
Epoch 81: reducing lr to 4.4560755119631056e-05
Epoch 84: reducing lr to 3.14810708108577e-05
Epoch 87: reducing lr to 2.0467415032532226e-05
Epoch 92: reducing lr to 7.158448341437274e-06
Epoch 95: reducing lr to 2.4065360993458846e-06
Epoch 98: reducing lr to 1.792038584188388e-07
[I 2024-06-22 13:16:48,321] Trial 290 finished with value: 2.463128089904785 and parameters: {'hidden_size': 68, 'n_layers': 6, 'rnn_dropout': 0.5126261635614769, 'bidirectional': True, 'fc_dropout': 0.18568001747706805, 'learning_rate_model': 0.0032497332048521473}. Best is trial 120 with value: 1.8680797815322876.
Epoch 26: reducing lr to 0.006210888762150452
Epoch 42: reducing lr to 0.005387520979778566
Epoch 45: reducing lr to 0.005104039125805799
Epoch 48: reducing lr to 0.004789115569090658
Epoch 55: reducing lr to 0.003960689482419634
Epoch 61: reducing lr to 0.003189948995959129
Epoch 64: reducing lr to 0.002799628369429178
Epoch 68: reducing lr to 0.002287876398735347
Epoch 71: reducing lr to 0.0019184170511869984
Epoch 76: reducing lr to 0.0013471685991194673
Epoch 79: reducing lr to 0.0010399386158050083
Epoch 82: reducing lr to 0.0007653596654860692
Epoch 85: reducing lr to 0.0005277628312176964
Epoch 88: reducing lr to 0.00033089419247687226
Epoch 91: reducing lr to 0.00017785965126773244
Epoch 94: reducing lr to 7.107187627551775e-05
Epoch 97: reducing lr to 1.2215289129118012e-05
[I 2024-06-22 13:16:52,873] Trial 291 finished with value: 1.997513771057129 and parameters: {'hidden_size': 72, 'n_layers': 1, 'rnn_dropout': 0.7226649414535005, 'bidirectional': False, 'fc_dropout': 0.5930013882654873, 'learning_rate_model': 0.06220619210575453}. Best is trial 120 with value: 1.8680797815322876.
Epoch 31: reducing lr to 0.0025516291308169225
Epoch 36: reducing lr to 0.002447260770523281
Epoch 39: reducing lr to 0.002360244121250525
Epoch 42: reducing lr to 0.0022565502908914975
Epoch 47: reducing lr to 0.0020512166833007014
Epoch 50: reducing lr to 0.001911676326922226
Epoch 61: reducing lr to 0.0013361025157541885
Epoch 64: reducing lr to 0.0011726176538588919
Epoch 70: reducing lr to 0.0008543503095063357
Epoch 73: reducing lr to 0.0007045876810685487
Epoch 77: reducing lr to 0.0005199657871186189
Epoch 80: reducing lr to 0.00039562625764621995
Epoch 83: reducing lr to 0.00028559291760262804
Epoch 86: reducing lr to 0.00019160060551888028
Epoch 89: reducing lr to 0.000115132192980524
Epoch 92: reducing lr to 5.7393253819870704e-05
Epoch 95: reducing lr to 1.9294535713406878e-05
Epoch 98: reducing lr to 1.4367768042963803e-06
[I 2024-06-22 13:16:58,178] Trial 292 finished with value: 2.5528311729431152 and parameters: {'hidden_size': 29, 'n_layers': 2, 'rnn_dropout': 0.25788599130616857, 'bidirectional': False, 'fc_dropout': 0.6595676886381469, 'learning_rate_model': 0.026054914944806804}. Best is trial 120 with value: 1.8680797815322876.
Epoch 16: reducing lr to 0.0007664194339830828
Epoch 19: reducing lr to 0.0008983802365248523
Epoch 22: reducing lr to 0.0009767164726483617
Epoch 25: reducing lr to 0.0009930534399530788
Epoch 28: reducing lr to 0.0009868222260176443
Epoch 31: reducing lr to 0.0009728615524671443
Epoch 36: reducing lr to 0.0009330689494601336
Epoch 43: reducing lr to 0.0008458702325832949
Epoch 46: reducing lr to 0.0007988425939648852
Epoch 49: reducing lr to 0.0007470500813744855
Epoch 52: reducing lr to 0.0006913094602607198
Epoch 55: reducing lr to 0.0006324997036859634
Epoch 58: reducing lr to 0.0005715484972648361
Epoch 61: reducing lr to 0.0005094168082787654
Epoch 64: reducing lr to 0.0004470848123678179
Epoch 67: reducing lr to 0.00038553510849566276
Epoch 71: reducing lr to 0.0003063603500874792
Epoch 74: reducing lr to 0.0002503615260808132
Epoch 77: reducing lr to 0.0001982477456369482
Epoch 80: reducing lr to 0.00015084071997847233
Epoch 83: reducing lr to 0.00010888822589337697
Epoch 86: reducing lr to 7.305170656954577e-05
Epoch 89: reducing lr to 4.389653756857667e-05
Epoch 92: reducing lr to 2.1882368929713668e-05
Epoch 95: reducing lr to 7.3564421026453206e-06
Epoch 98: reducing lr to 5.47800969778571e-07
[I 2024-06-22 13:17:31,175] Trial 293 finished with value: 1.8854764699935913 and parameters: {'hidden_size': 126, 'n_layers': 2, 'rnn_dropout': 0.14919415061814822, 'bidirectional': True, 'fc_dropout': 0.4315927127412398, 'learning_rate_model': 0.009933976962588156}. Best is trial 120 with value: 1.8680797815322876.
[I 2024-06-22 13:17:38,002] Trial 294 finished with value: 5.402259826660156 and parameters: {'hidden_size': 58, 'n_layers': 2, 'rnn_dropout': 0.031788549260681, 'bidirectional': False, 'fc_dropout': 0.08370872939596685, 'learning_rate_model': 7.844769404538512e-05}. Best is trial 120 with value: 1.8680797815322876.
[I 2024-06-22 13:17:55,652] Trial 295 finished with value: 2.1505813598632812 and parameters: {'hidden_size': 22, 'n_layers': 5, 'rnn_dropout': 0.18536251317177568, 'bidirectional': True, 'fc_dropout': 0.3017738300892052, 'learning_rate_model': 0.0004985972340693427}. Best is trial 120 with value: 1.8680797815322876.
[I 2024-06-22 13:18:35,965] Trial 296 finished with value: 1.889866590499878 and parameters: {'hidden_size': 103, 'n_layers': 3, 'rnn_dropout': 0.08220525109933147, 'bidirectional': True, 'fc_dropout': 0.3394338994606496, 'learning_rate_model': 0.00012241212858594047}. Best is trial 120 with value: 1.8680797815322876.
Epoch 23: reducing lr to 0.0006545688114820083
Epoch 27: reducing lr to 0.0006552363207517481
Epoch 31: reducing lr to 0.0006440456998340685
Epoch 36: reducing lr to 0.0006177025323125674
Epoch 39: reducing lr to 0.0005957390353054042
Epoch 42: reducing lr to 0.0005695661229744208
Epoch 72: reducing lr to 0.00019020644093684734
Epoch 75: reducing lr to 0.0001539287212051427
Epoch 81: reducing lr to 9.017655225344122e-05
Epoch 84: reducing lr to 6.370750269711978e-05
Epoch 87: reducing lr to 4.141942649353589e-05
Epoch 90: reducing lr to 2.3663951921280327e-05
Epoch 93: reducing lr to 1.0721004452496353e-05
Epoch 96: reducing lr to 2.794740233892472e-06
Epoch 99: reducing lr to 1.0137730015961215e-08
[I 2024-06-22 13:18:55,261] Trial 297 finished with value: 2.0257296562194824 and parameters: {'hidden_size': 71, 'n_layers': 5, 'rnn_dropout': 0.41422937905073165, 'bidirectional': False, 'fc_dropout': 0.27163269503704285, 'learning_rate_model': 0.006576408666557594}. Best is trial 120 with value: 1.8680797815322876.
Epoch 19: reducing lr to 6.976109546610743e-05
Epoch 32: reducing lr to 7.505267370128928e-05
Epoch 38: reducing lr to 7.079427619164939e-05
Epoch 51: reducing lr to 5.515434794131172e-05
Epoch 77: reducing lr to 1.5394350128201136e-05
Epoch 81: reducing lr to 1.0577452524582177e-05
Epoch 84: reducing lr to 7.472708463554729e-06
Epoch 87: reducing lr to 4.858380658638215e-06
Epoch 90: reducing lr to 2.775714104569639e-06
Epoch 93: reducing lr to 1.2575432612837069e-06
Epoch 96: reducing lr to 3.278150628275808e-07
Epoch 99: reducing lr to 1.1891268325266504e-09
[I 2024-06-22 13:19:31,760] Trial 298 finished with value: 1.9015599489212036 and parameters: {'hidden_size': 57, 'n_layers': 6, 'rnn_dropout': 0.4209837319133043, 'bidirectional': True, 'fc_dropout': 0.14892453578933118, 'learning_rate_model': 0.0007713939900614159}. Best is trial 120 with value: 1.8680797815322876.
[I 2024-06-22 13:19:53,683] Trial 299 finished with value: 1.9377214908599854 and parameters: {'hidden_size': 197, 'n_layers': 1, 'rnn_dropout': 0.2267699459424457, 'bidirectional': True, 'fc_dropout': 0.22300672695474966, 'learning_rate_model': 0.00018138042998014145}. Best is trial 120 with value: 1.8680797815322876.
Epoch 7: reducing lr to 0.0012974834662564598
Epoch 10: reducing lr to 0.002136572812113643
Epoch 13: reducing lr to 0.0030440536101403026
Epoch 17: reducing lr to 0.004140983699563188
Epoch 20: reducing lr to 0.004729197266500954
Epoch 23: reducing lr to 0.00502167563380246
Epoch 26: reducing lr to 0.005037351717264601
Epoch 31: reducing lr to 0.004940945155314494
Epoch 39: reducing lr to 0.004570349434958314
Epoch 42: reducing lr to 0.004369557900420375
Epoch 47: reducing lr to 0.003971952276077868
Epoch 52: reducing lr to 0.0035110053633388275
Epoch 55: reducing lr to 0.0032123238283389317
Epoch 58: reducing lr to 0.0029027663509020663
Epoch 61: reducing lr to 0.002587213467854403
Epoch 64: reducing lr to 0.00227064327095819
Epoch 67: reducing lr to 0.001958046159491564
Epoch 70: reducing lr to 0.001654354064121101
Epoch 73: reducing lr to 0.0013643554414803799
Epoch 76: reducing lr to 0.0010926233452408125
Epoch 79: reducing lr to 0.0008434439534803946
Epoch 82: reducing lr to 0.0006207462366346464
Epoch 85: reducing lr to 0.0004280429268584109
Epoch 88: reducing lr to 0.0002683722881762149
Epoch 91: reducing lr to 0.00014425336760263974
Epoch 94: reducing lr to 5.764296410965472e-05
Epoch 97: reducing lr to 9.907230676296785e-06
[I 2024-06-22 13:20:53,036] Trial 300 finished with value: 2.4817018508911133 and parameters: {'hidden_size': 93, 'n_layers': 5, 'rnn_dropout': 0.5754710137768604, 'bidirectional': True, 'fc_dropout': 0.18958565157735868, 'learning_rate_model': 0.05045243613732324}. Best is trial 120 with value: 1.8680797815322876.
Epoch 56: reducing lr to 7.956907166632883e-06
Epoch 68: reducing lr to 4.747334909500175e-06
Epoch 72: reducing lr to 3.7332524279084693e-06
Epoch 80: reducing lr to 1.9599562539770287e-06
Epoch 83: reducing lr to 1.4148444753820185e-06
Epoch 86: reducing lr to 9.492009132223064e-07
[I 2024-06-22 13:22:04,501] Trial 301 finished with value: 1.879934310913086 and parameters: {'hidden_size': 160, 'n_layers': 3, 'rnn_dropout': 0.24397251331365055, 'bidirectional': True, 'fc_dropout': 0.5067686673885805, 'learning_rate_model': 0.00012907761430379762}. Best is trial 120 with value: 1.8680797815322876.
Epoch 81: reducing lr to 5.309549579093431e-06
Epoch 84: reducing lr to 3.7510653898134355e-06
Epoch 87: reducing lr to 2.4387547872418557e-06
[I 2024-06-22 13:22:37,533] Trial 302 finished with value: 2.5623974800109863 and parameters: {'hidden_size': 169, 'n_layers': 3, 'rnn_dropout': 0.5866928755750672, 'bidirectional': False, 'fc_dropout': 0.6428757011448218, 'learning_rate_model': 0.00038721560089512944}. Best is trial 120 with value: 1.8680797815322876.
Epoch 21: reducing lr to 0.0029642947446695098
Epoch 30: reducing lr to 0.0030291398445819345
Epoch 35: reducing lr to 0.0029184797042106497
Epoch 42: reducing lr to 0.0026637771053208002
Epoch 45: reducing lr to 0.0025236138511597764
Epoch 56: reducing lr to 0.0018959893173234477
Epoch 59: reducing lr to 0.0017057237081459196
Epoch 64: reducing lr to 0.001384233301713948
Epoch 67: reducing lr to 0.0011936673342429357
Epoch 71: reducing lr to 0.000948531882955007
Epoch 77: reducing lr to 0.0006138010594612029
Epoch 80: reducing lr to 0.0004670226813183055
Epoch 83: reducing lr to 0.00033713224935531946
Epoch 86: reducing lr to 0.00022617767855958557
Epoch 89: reducing lr to 0.00013590944592940316
Epoch 92: reducing lr to 6.775068835928252e-05
Epoch 95: reducing lr to 2.277651098609619e-05
Epoch 98: reducing lr to 1.6960637536821837e-06
