[I 2024-06-22 14:20:24,342] Trial 384 finished with value: 1.879946231842041 and parameters: {'hidden_size': 142, 'n_layers': 3, 'rnn_dropout': 0.37789875377219184, 'bidirectional': True, 'fc_dropout': 0.6995902372969417, 'learning_rate_model': 0.008029534218627702}. Best is trial 346 with value: 1.8583240509033203.
Epoch 26: reducing lr to 0.0017245349876961094
Epoch 31: reducing lr to 0.0016915302466222158
Epoch 42: reducing lr to 0.001495916089045856
Epoch 45: reducing lr to 0.0014172036222355941
Epoch 52: reducing lr to 0.0012019910323741348
Epoch 55: reducing lr to 0.0010997375495528472
Epoch 58: reducing lr to 0.0009937606929610837
Epoch 61: reducing lr to 0.0008857313120824387
Epoch 68: reducing lr to 0.0006352589859904667
Epoch 71: reducing lr to 0.0005326737367969357
Epoch 74: reducing lr to 0.00043530766827224837
Epoch 77: reducing lr to 0.0003446965883471794
Epoch 80: reducing lr to 0.0002622692197248434
Epoch 83: reducing lr to 0.0001893257341012042
Epoch 86: reducing lr to 0.00012701619353379726
Epoch 89: reducing lr to 7.632362573167205e-05
Epoch 92: reducing lr to 3.804723171399738e-05
Epoch 95: reducing lr to 1.2790765852132777e-05
Epoch 98: reducing lr to 9.524704796478461e-07
[I 2024-06-22 14:21:02,983] Trial 385 finished with value: 2.026852607727051 and parameters: {'hidden_size': 192, 'n_layers': 3, 'rnn_dropout': 0.7497392709774249, 'bidirectional': False, 'fc_dropout': 0.58931776380391, 'learning_rate_model': 0.017272367747345682}. Best is trial 346 with value: 1.8583240509033203.
[I 2024-06-22 14:21:21,560] Trial 386 finished with value: 4.596188545227051 and parameters: {'hidden_size': 89, 'n_layers': 4, 'rnn_dropout': 0.6538216208902006, 'bidirectional': False, 'fc_dropout': 0.783678297134273, 'learning_rate_model': 5.1958110052086076e-05}. Best is trial 346 with value: 1.8583240509033203.
[I 2024-06-22 14:21:38,727] Trial 387 finished with value: 2.594438076019287 and parameters: {'hidden_size': 58, 'n_layers': 6, 'rnn_dropout': 0.5979061877233948, 'bidirectional': False, 'fc_dropout': 0.20159236968859082, 'learning_rate_model': 0.00022800773332305063}. Best is trial 346 with value: 1.8583240509033203.
Epoch 4: reducing lr to 0.0011977214924544376
Epoch 7: reducing lr to 0.0024107108446561223
Epoch 10: reducing lr to 0.003969730160354668
Epoch 13: reducing lr to 0.005655820085979698
Epoch 22: reducing lr to 0.009216601163041153
Epoch 30: reducing lr to 0.009232136762988384
Epoch 34: reducing lr to 0.008977627825467429
Epoch 37: reducing lr to 0.008707365708365394
Epoch 40: reducing lr to 0.008373700734422597
Epoch 43: reducing lr to 0.007981895245679783
Epoch 47: reducing lr to 0.00737984619875291
Epoch 51: reducing lr to 0.006702378256991837
Epoch 54: reducing lr to 0.006156133152196737
Epoch 57: reducing lr to 0.005586718513209162
Epoch 64: reducing lr to 0.0042188316845668365
Epoch 67: reducing lr to 0.003638029488454827
Epoch 70: reducing lr to 0.0030737727200366256
Epoch 77: reducing lr to 0.0018707275388254896
Epoch 80: reducing lr to 0.001423380063835647
Epoch 83: reducing lr to 0.0010275032494222055
Epoch 86: reducing lr to 0.0006893386797351727
Epoch 89: reducing lr to 0.00041422141485032563
Epoch 92: reducing lr to 0.0002064888558507033
Epoch 95: reducing lr to 6.941768132080612e-05
Epoch 98: reducing lr to 5.169220747845704e-06
[I 2024-06-22 14:22:19,812] Trial 388 finished with value: 1.931275725364685 and parameters: {'hidden_size': 107, 'n_layers': 3, 'rnn_dropout': 0.43635127147344355, 'bidirectional': True, 'fc_dropout': 0.38826996317470447, 'learning_rate_model': 0.09374010390011783}. Best is trial 346 with value: 1.8583240509033203.
[I 2024-06-22 14:22:27,580] Trial 389 finished with value: 1.914236068725586 and parameters: {'hidden_size': 75, 'n_layers': 1, 'rnn_dropout': 0.6538813834272106, 'bidirectional': True, 'fc_dropout': 0.712244021779393, 'learning_rate_model': 0.0004150090046603508}. Best is trial 346 with value: 1.8583240509033203.
[I 2024-06-22 14:23:06,703] Trial 390 finished with value: 3.739534854888916 and parameters: {'hidden_size': 187, 'n_layers': 3, 'rnn_dropout': 0.06146582781974468, 'bidirectional': False, 'fc_dropout': 0.6005826338841801, 'learning_rate_model': 5.482676347013862e-05}. Best is trial 346 with value: 1.8583240509033203.
Epoch 7: reducing lr to 0.00212192316912811
Epoch 10: reducing lr to 0.0034941819841710587
Epoch 13: reducing lr to 0.0049782891662282225
Epoch 18: reducing lr to 0.007139506529106861
Epoch 21: reducing lr to 0.007952227996653832
Epoch 24: reducing lr to 0.008250678102733089
Epoch 27: reducing lr to 0.008220895616722217
Epoch 30: reducing lr to 0.008126186075517844
Epoch 33: reducing lr to 0.007968384490142252
Epoch 37: reducing lr to 0.0076642792227069045
Epoch 40: reducing lr to 0.007370585169558549
Epoch 46: reducing lr to 0.006635108492784772
Epoch 49: reducing lr to 0.006204924946304613
Epoch 52: reducing lr to 0.005741948796385769
Epoch 57: reducing lr to 0.004917465518045767
Epoch 60: reducing lr to 0.0044037756068744235
Epoch 63: reducing lr to 0.0038856975167891605
Epoch 66: reducing lr to 0.0033714031751520476
Epoch 69: reducing lr to 0.0028690010531388574
Epoch 72: reducing lr to 0.002386417307844102
Epoch 76: reducing lr to 0.0017868919733413217
Epoch 79: reducing lr to 0.00137938040313903
Epoch 82: reducing lr to 0.0010151773459314243
Epoch 89: reducing lr to 0.0003646003498380207
Epoch 92: reducing lr to 0.0001817528171691049
Epoch 95: reducing lr to 6.11018889587242e-05
Epoch 98: reducing lr to 4.5499813034435845e-06
[I 2024-06-22 14:24:34,335] Trial 391 finished with value: 2.4940576553344727 and parameters: {'hidden_size': 95, 'n_layers': 7, 'rnn_dropout': 0.42700887309822655, 'bidirectional': True, 'fc_dropout': 0.5646478409288389, 'learning_rate_model': 0.08251064153258493}. Best is trial 346 with value: 1.8583240509033203.
Epoch 8: reducing lr to 0.00018722578095284234
Epoch 15: reducing lr to 0.00043440023212150766
Epoch 22: reducing lr to 0.0005946145166656946
Epoch 31: reducing lr to 0.0005922676825899631
Epoch 34: reducing lr to 0.0005791970093760007
Epoch 39: reducing lr to 0.0005478446295963418
Epoch 42: reducing lr to 0.0005237758870569604
Epoch 45: reducing lr to 0.0004962157234703232
Epoch 48: reducing lr to 0.0004655987911386025
Epoch 51: reducing lr to 0.00043240792753115545
Epoch 54: reducing lr to 0.0003971665990606105
Epoch 57: reducing lr to 0.00036043047428375747
Epoch 60: reducing lr to 0.0003227790667367558
Epoch 63: reducing lr to 0.0002848060232979759
Epoch 66: reducing lr to 0.00024711031342518276
Epoch 69: reducing lr to 0.00021028625549252174
Epoch 72: reducing lr to 0.00017491480498414182
Epoch 75: reducing lr to 0.00014155363045773706
Epoch 78: reducing lr to 0.00011072895585552853
Epoch 81: reducing lr to 8.292681348677352e-05
Epoch 84: reducing lr to 5.8585741657367176e-05
Epoch 87: reducing lr to 3.808951406686217e-05
Epoch 90: reducing lr to 2.176148985848043e-05
Epoch 93: reducing lr to 9.859089912024262e-06
Epoch 96: reducing lr to 2.57005725245096e-06
Epoch 99: reducing lr to 9.322707790471173e-09
[I 2024-06-22 14:27:15,003] Trial 392 finished with value: 2.4581098556518555 and parameters: {'hidden_size': 161, 'n_layers': 6, 'rnn_dropout': 0.5403580125424159, 'bidirectional': True, 'fc_dropout': 0.2117453053734832, 'learning_rate_model': 0.006047698667517102}. Best is trial 346 with value: 1.8583240509033203.
[I 2024-06-22 14:29:43,576] Trial 393 finished with value: 1.8967323303222656 and parameters: {'hidden_size': 176, 'n_layers': 5, 'rnn_dropout': 0.1410209023867453, 'bidirectional': True, 'fc_dropout': 0.06934301291208511, 'learning_rate_model': 5.915618388982257e-05}. Best is trial 346 with value: 1.8583240509033203.
[I 2024-06-22 14:30:27,240] Trial 394 finished with value: 3.016000986099243 and parameters: {'hidden_size': 66, 'n_layers': 6, 'rnn_dropout': 0.6874986626406856, 'bidirectional': True, 'fc_dropout': 0.33207191009709, 'learning_rate_model': 3.559891823841408e-05}. Best is trial 346 with value: 1.8583240509033203.
[I 2024-06-22 14:33:50,820] Trial 395 finished with value: 2.034130811691284 and parameters: {'hidden_size': 185, 'n_layers': 6, 'rnn_dropout': 0.40817106704486206, 'bidirectional': True, 'fc_dropout': 0.25494028504026184, 'learning_rate_model': 3.0376041777025878e-05}. Best is trial 346 with value: 1.8583240509033203.
Epoch 58: reducing lr to 2.0452691413384554e-05
Epoch 63: reducing lr to 1.6740928945287693e-05
Epoch 71: reducing lr to 1.0963013167948665e-05
Epoch 81: reducing lr to 4.874447092675189e-06
Epoch 84: reducing lr to 3.443676250016776e-06
Epoch 87: reducing lr to 2.238905768810705e-06
Epoch 90: reducing lr to 1.2791427345736496e-06
Epoch 93: reducing lr to 5.795183745454624e-07
Epoch 96: reducing lr to 1.510682440995564e-07
Epoch 99: reducing lr to 5.479897752474865e-10
[I 2024-06-22 14:34:30,348] Trial 396 finished with value: 2.5611867904663086 and parameters: {'hidden_size': 160, 'n_layers': 4, 'rnn_dropout': 0.1818219051321271, 'bidirectional': False, 'fc_dropout': 0.2470982018530048, 'learning_rate_model': 0.0003554843837326049}. Best is trial 346 with value: 1.8583240509033203.
Epoch 16: reducing lr to 0.0012539307731200306
Epoch 21: reducing lr to 0.0015664230310923366
Epoch 30: reducing lr to 0.0016006891438461238
Epoch 42: reducing lr to 0.001407620417967641
Epoch 45: reducing lr to 0.001333553913675014
Epoch 48: reducing lr to 0.0012512725025779488
Epoch 54: reducing lr to 0.001067364550349538
Epoch 57: reducing lr to 0.0009686381282466402
Epoch 60: reducing lr to 0.0008674519313673308
Epoch 64: reducing lr to 0.0007314707581318667
Epoch 70: reducing lr to 0.0005329377965172579
Epoch 73: reducing lr to 0.0004395169077879195
Epoch 77: reducing lr to 0.00032435105104775924
Epoch 80: reducing lr to 0.0002467889150952333
Epoch 83: reducing lr to 0.00017815088086762225
Epoch 86: reducing lr to 0.00011951912860616483
Epoch 89: reducing lr to 7.181866331937604e-05
Epoch 92: reducing lr to 3.580151360089261e-05
Epoch 95: reducing lr to 1.2035797533529666e-05
Epoch 98: reducing lr to 8.962514037261921e-07
[I 2024-06-22 14:34:49,687] Trial 397 finished with value: 2.5587520599365234 and parameters: {'hidden_size': 71, 'n_layers': 5, 'rnn_dropout': 0.028058895444063127, 'bidirectional': False, 'fc_dropout': 0.7542463880602278, 'learning_rate_model': 0.016252875201921996}. Best is trial 346 with value: 1.8583240509033203.
[I 2024-06-22 14:35:03,417] Trial 398 finished with value: 2.133563995361328 and parameters: {'hidden_size': 60, 'n_layers': 2, 'rnn_dropout': 0.1522694357737513, 'bidirectional': True, 'fc_dropout': 0.606544498730502, 'learning_rate_model': 0.0001107130781541933}. Best is trial 346 with value: 1.8583240509033203.
[I 2024-06-22 14:35:14,183] Trial 399 finished with value: 8.584210395812988 and parameters: {'hidden_size': 22, 'n_layers': 6, 'rnn_dropout': 0.5809614478361608, 'bidirectional': False, 'fc_dropout': 0.7586922321512182, 'learning_rate_model': 4.485346455877421e-05}. Best is trial 346 with value: 1.8583240509033203.
[I 2024-06-22 14:35:22,758] Trial 400 finished with value: 8.08047866821289 and parameters: {'hidden_size': 32, 'n_layers': 5, 'rnn_dropout': 0.7447918922767776, 'bidirectional': False, 'fc_dropout': 0.5471993712935661, 'learning_rate_model': 4.8676465808827524e-05}. Best is trial 346 with value: 1.8583240509033203.
[I 2024-06-22 14:35:32,318] Trial 401 finished with value: 9.162498474121094 and parameters: {'hidden_size': 18, 'n_layers': 7, 'rnn_dropout': 0.028185016522687612, 'bidirectional': False, 'fc_dropout': 0.2286263466846098, 'learning_rate_model': 1.093529205055685e-05}. Best is trial 346 with value: 1.8583240509033203.
Epoch 7: reducing lr to 0.0009399753331809252
Epoch 11: reducing lr to 0.0017660423726118119
Epoch 14: reducing lr to 0.002419442422853037
Epoch 17: reducing lr to 0.0029999785229820517
Epoch 23: reducing lr to 0.0036380049147208167
Epoch 29: reducing lr to 0.0036168923146456256
Epoch 32: reducing lr to 0.0035562041409543063
Epoch 35: reducing lr to 0.0034682541825087143
Epoch 38: reducing lr to 0.0033544294391244533
Epoch 41: reducing lr to 0.003216525009467506
Epoch 44: reducing lr to 0.0030567157294857017
Epoch 59: reducing lr to 0.002027042838929526
Epoch 62: reducing lr to 0.0017977892283944582
Epoch 69: reducing lr to 0.0012709179389981038
Epoch 72: reducing lr to 0.0010571416706718923
Epoch 78: reducing lr to 0.0006692183282911941
Epoch 83: reducing lr to 0.00040064021421776577
Epoch 86: reducing lr to 0.00026878435321055563
Epoch 89: reducing lr to 0.00016151166088529748
Epoch 92: reducing lr to 8.051336040847332e-05
Epoch 95: reducing lr to 2.7067082007290604e-05
Epoch 98: reducing lr to 2.0155631711336886e-06
[I 2024-06-22 14:36:20,932] Trial 402 finished with value: 1.910062313079834 and parameters: {'hidden_size': 122, 'n_layers': 3, 'rnn_dropout': 0.12121124948169851, 'bidirectional': True, 'fc_dropout': 0.5817883529146217, 'learning_rate_model': 0.036550789818385214}. Best is trial 346 with value: 1.8583240509033203.
Epoch 47: reducing lr to 0.0001896647208824707
Epoch 60: reducing lr to 0.00012858191619513311
Epoch 68: reducing lr to 8.860609906056238e-05
Epoch 71: reducing lr to 7.429748013087929e-05
Epoch 74: reducing lr to 6.071683396436378e-05
Epoch 77: reducing lr to 4.8078375475961246e-05
Epoch 80: reducing lr to 3.6581383303446255e-05
Epoch 84: reducing lr to 2.3338152006495938e-05
Epoch 87: reducing lr to 1.5173297187989245e-05
Epoch 90: reducing lr to 8.668883312517879e-06
Epoch 97: reducing lr to 4.7308024123432666e-07
[I 2024-06-22 14:36:44,163] Trial 403 finished with value: 2.017507791519165 and parameters: {'hidden_size': 174, 'n_layers': 2, 'rnn_dropout': 0.18944682695539142, 'bidirectional': False, 'fc_dropout': 0.7096969413258452, 'learning_rate_model': 0.002409154630446646}. Best is trial 346 with value: 1.8583240509033203.
[I 2024-06-22 14:36:49,642] Trial 404 finished with value: 8.208477020263672 and parameters: {'hidden_size': 36, 'n_layers': 2, 'rnn_dropout': 0.4615682967460868, 'bidirectional': False, 'fc_dropout': 0.1367898791544147, 'learning_rate_model': 5.7328011282134295e-05}. Best is trial 346 with value: 1.8583240509033203.
Epoch 8: reducing lr to 0.00046323620578926145
Epoch 14: reducing lr to 0.000990479552300076
Epoch 17: reducing lr to 0.0012281413917051075
Epoch 23: reducing lr to 0.0014893388018504742
Epoch 26: reducing lr to 0.0014939880466571394
Epoch 29: reducing lr to 0.001480695653961174
Epoch 34: reducing lr to 0.0014330559801238342
Epoch 37: reducing lr to 0.0013899153253046051
Epoch 40: reducing lr to 0.001336653974359519
Epoch 43: reducing lr to 0.0012741119298903282
Epoch 46: reducing lr to 0.0012032754432873
Epoch 54: reducing lr to 0.000982674220818994
Epoch 58: reducing lr to 0.0008609083649297331
Epoch 61: reducing lr to 0.0007673210472632576
Epoch 67: reducing lr to 0.0005807213236783513
Epoch 77: reducing lr to 0.000298615328994954
Epoch 83: reducing lr to 0.00016401545094174105
Epoch 86: reducing lr to 0.00011003585095417171
Epoch 89: reducing lr to 6.612019201360786e-05
Epoch 92: reducing lr to 3.296083280110492e-05
Epoch 95: reducing lr to 1.1080813916223252e-05
Epoch 98: reducing lr to 8.251380931904861e-07
[I 2024-06-22 14:37:42,033] Trial 405 finished with value: 2.462552309036255 and parameters: {'hidden_size': 101, 'n_layers': 4, 'rnn_dropout': 0.40926391173178606, 'bidirectional': True, 'fc_dropout': 0.6049359107101884, 'learning_rate_model': 0.014963286414081123}. Best is trial 346 with value: 1.8583240509033203.
[I 2024-06-22 14:38:50,464] Trial 406 finished with value: 7.45658016204834 and parameters: {'hidden_size': 124, 'n_layers': 4, 'rnn_dropout': 0.7147413098802236, 'bidirectional': True, 'fc_dropout': 0.7703870024702832, 'learning_rate_model': 1.0699403522342655e-05}. Best is trial 346 with value: 1.8583240509033203.
[I 2024-06-22 14:40:14,656] Trial 407 finished with value: 3.388932704925537 and parameters: {'hidden_size': 122, 'n_layers': 5, 'rnn_dropout': 0.6675037318324135, 'bidirectional': True, 'fc_dropout': 0.4653498154951399, 'learning_rate_model': 1.2571394105090453e-05}. Best is trial 346 with value: 1.8583240509033203.
Epoch 13: reducing lr to 0.003114576711034009
Epoch 17: reducing lr to 0.004236919924296768
Epoch 22: reducing lr to 0.005075446336855062
Epoch 26: reducing lr to 0.005154054544774056
Epoch 29: reducing lr to 0.0051081976069365315
Epoch 32: reducing lr to 0.005022486682570866
Epoch 35: reducing lr to 0.004898273482901426
Epoch 43: reducing lr to 0.00439551199723162
Epoch 51: reducing lr to 0.0036909008614886877
Epoch 57: reducing lr to 0.00307652349399826
Epoch 62: reducing lr to 0.0025390478442155716
Epoch 67: reducing lr to 0.002003409186739298
Epoch 73: reducing lr to 0.0013959641411872038
Epoch 77: reducing lr to 0.0010301820667102377
Epoch 80: reducing lr to 0.0007838344095778792
Epoch 85: reducing lr to 0.00043795960980286193
Epoch 88: reducing lr to 0.000274589802182236
Epoch 91: reducing lr to 0.00014759535696965003
Epoch 94: reducing lr to 5.8978407270109114e-05
Epoch 97: reducing lr to 1.0136756406801256e-05
[I 2024-06-22 14:40:43,547] Trial 408 finished with value: 2.5396952629089355 and parameters: {'hidden_size': 82, 'n_layers': 7, 'rnn_dropout': 0.6950230956440161, 'bidirectional': False, 'fc_dropout': 0.6487975355372214, 'learning_rate_model': 0.05162129276724368}. Best is trial 346 with value: 1.8583240509033203.
Epoch 87: reducing lr to 5.666036128853215e-07
[I 2024-06-22 14:41:08,251] Trial 409 finished with value: 2.2213430404663086 and parameters: {'hidden_size': 57, 'n_layers': 4, 'rnn_dropout': 0.6619552731288607, 'bidirectional': True, 'fc_dropout': 0.5215806566165936, 'learning_rate_model': 8.996302522110986e-05}. Best is trial 346 with value: 1.8583240509033203.
[I 2024-06-22 14:41:17,886] Trial 410 finished with value: 7.967759132385254 and parameters: {'hidden_size': 20, 'n_layers': 6, 'rnn_dropout': 0.2614334602647021, 'bidirectional': False, 'fc_dropout': 0.5257320338908137, 'learning_rate_model': 6.480307324345786e-05}. Best is trial 346 with value: 1.8583240509033203.
Epoch 26: reducing lr to 0.00029867616666880137
Epoch 29: reducing lr to 0.0002960187686359519
Epoch 32: reducing lr to 0.00029105184209127005
Epoch 35: reducing lr to 0.0002838537183607884
Epoch 38: reducing lr to 0.0002745379142268151
Epoch 47: reducing lr to 0.00023550618392288112
Epoch 50: reducing lr to 0.00021948514767572416
Epoch 53: reducing lr to 0.0002023615772280276
Epoch 56: reducing lr to 0.00018440546868224802
Epoch 59: reducing lr to 0.00016590008022150177
Epoch 62: reducing lr to 0.00014713718500863006
Epoch 65: reducing lr to 0.0001284127403900563
Epoch 68: reducing lr to 0.00011002195961881934
Epoch 71: reducing lr to 9.225498521442019e-05
Epoch 74: reducing lr to 7.539193267095388e-05
Epoch 77: reducing lr to 5.9698792083591726e-05
Epoch 80: reducing lr to 4.542300721151705e-05
Epoch 83: reducing lr to 3.27897577703822e-05
Epoch 86: reducing lr to 2.1998225643550877e-05
Epoch 89: reducing lr to 1.3218663652776612e-05
Epoch 92: reducing lr to 6.5894872541136065e-06
Epoch 96: reducing lr to 1.2712562150813106e-06
Epoch 99: reducing lr to 4.611395411011077e-09
[I 2024-06-22 14:42:35,567] Trial 411 finished with value: 1.8707656860351562 and parameters: {'hidden_size': 168, 'n_layers': 3, 'rnn_dropout': 0.5053955268011132, 'bidirectional': True, 'fc_dropout': 0.2871289134310855, 'learning_rate_model': 0.0029914409535772893}. Best is trial 346 with value: 1.8583240509033203.
Epoch 42: reducing lr to 0.00016450139450643208
Epoch 48: reducing lr to 0.0001462298137723927
Epoch 51: reducing lr to 0.00013580561616570894
Epoch 54: reducing lr to 0.00012473743257627724
Epoch 57: reducing lr to 0.00011319978087468716
Epoch 61: reducing lr to 9.740120924062507e-05
Epoch 64: reducing lr to 8.548324407449404e-05
Epoch 67: reducing lr to 7.371485424494273e-05
Epoch 70: reducing lr to 6.228171287743385e-05
Epoch 73: reducing lr to 5.13640917092251e-05
Epoch 76: reducing lr to 4.113415317030234e-05
Epoch 79: reducing lr to 3.1753259642627655e-05
Epoch 82: reducing lr to 2.3369325659054688e-05
Epoch 85: reducing lr to 1.611459556813495e-05
Epoch 88: reducing lr to 1.010345134633006e-05
Epoch 91: reducing lr to 5.430727930301644e-06
Epoch 94: reducing lr to 2.170093221241006e-06
Epoch 97: reducing lr to 3.729789830204337e-07
[I 2024-06-22 14:43:31,337] Trial 412 finished with value: 1.8793336153030396 and parameters: {'hidden_size': 108, 'n_layers': 4, 'rnn_dropout': 0.5858165878050149, 'bidirectional': True, 'fc_dropout': 0.07058412080007663, 'learning_rate_model': 0.0018993903479429634}. Best is trial 346 with value: 1.8583240509033203.
[I 2024-06-22 14:43:35,916] Trial 413 finished with value: 4.113468170166016 and parameters: {'hidden_size': 61, 'n_layers': 1, 'rnn_dropout': 0.6305121653149466, 'bidirectional': False, 'fc_dropout': 0.3905671544705639, 'learning_rate_model': 0.00018695778940416125}. Best is trial 346 with value: 1.8583240509033203.
Epoch 41: reducing lr to 0.0001152162866358777
Epoch 47: reducing lr to 0.00010307315930063545
Epoch 52: reducing lr to 9.111147112728142e-05
Epoch 55: reducing lr to 8.336061026658587e-05
Epoch 58: reducing lr to 7.53275159676635e-05
Epoch 61: reducing lr to 6.713883938712217e-05
Epoch 64: reducing lr to 5.8923763256666384e-05
Epoch 67: reducing lr to 5.0811789691129415e-05
Epoch 72: reducing lr to 3.7866933222766174e-05
Epoch 78: reducing lr to 2.3971475585431796e-05
Epoch 81: reducing lr to 1.795264905658006e-05
Epoch 84: reducing lr to 1.2683102309989613e-05
Epoch 87: reducing lr to 8.245917695693305e-06
Epoch 90: reducing lr to 4.7110985452242975e-06
Epoch 93: reducing lr to 2.1343733560444868e-06
Epoch 96: reducing lr to 5.563862153696404e-07
Epoch 99: reducing lr to 2.018253134061787e-09
