[I 2024-06-22 09:09:23,151] Trial 945 finished with value: 0.9811298251152039 and parameters: {'hidden_size': 172, 'n_layers': 2, 'rnn_dropout': 0.1840428125296935, 'bidirectional': True, 'fc_dropout': 0.16077163440831221, 'learning_rate_model': 0.002734649878881412}. Best is trial 944 with value: 0.9664796590805054.
Epoch 32: reducing lr to 8.379770701806299e-05
Epoch 36: reducing lr to 5.290979093937674e-05
Epoch 39: reducing lr to 3.279825785683665e-05
Epoch 42: reducing lr to 1.6726107645207332e-05
Epoch 45: reducing lr to 5.703236015548014e-06
Epoch 48: reducing lr to 4.222366217514553e-07
[I 2024-06-22 09:09:46,976] Trial 946 finished with value: 0.9706104397773743 and parameters: {'hidden_size': 164, 'n_layers': 2, 'rnn_dropout': 0.19770577413191978, 'bidirectional': True, 'fc_dropout': 0.17432178476750962, 'learning_rate_model': 0.0019416876841474408}. Best is trial 944 with value: 0.9664796590805054.
Epoch 18: reducing lr to 0.00022319304914017213
Epoch 22: reducing lr to 0.00019732653950324826
Epoch 27: reducing lr to 0.00015332851799530935
Epoch 30: reducing lr to 0.00012361704364563658
Epoch 33: reducing lr to 9.367752752883364e-05
Epoch 36: reducing lr to 6.539119016929948e-05
Epoch 39: reducing lr to 4.053535420685205e-05
Epoch 42: reducing lr to 2.067178997310947e-05
Epoch 45: reducing lr to 7.048627186987191e-06
Epoch 48: reducing lr to 5.218420776038988e-07
[I 2024-06-22 09:10:12,716] Trial 947 finished with value: 0.9770603775978088 and parameters: {'hidden_size': 176, 'n_layers': 2, 'rnn_dropout': 0.16572329391593565, 'bidirectional': True, 'fc_dropout': 0.16442525176324474, 'learning_rate_model': 0.0023997310582638954}. Best is trial 944 with value: 0.9664796590805054.
Epoch 23: reducing lr to 0.00016100913977275402
Epoch 31: reducing lr to 9.655555253612299e-05
Epoch 36: reducing lr to 5.5595235556312275e-05
Epoch 39: reducing lr to 3.446293850370265e-05
Epoch 42: reducing lr to 1.7575043823949234e-05
Epoch 45: reducing lr to 5.99270464101691e-06
Epoch 48: reducing lr to 4.4366730674993277e-07
[I 2024-06-22 09:10:39,620] Trial 948 finished with value: 0.9670920372009277 and parameters: {'hidden_size': 178, 'n_layers': 2, 'rnn_dropout': 0.1706403898074419, 'bidirectional': True, 'fc_dropout': 0.17902749312049857, 'learning_rate_model': 0.002040238342666168}. Best is trial 944 with value: 0.9664796590805054.
Epoch 18: reducing lr to 0.0001966797510676461
Epoch 27: reducing lr to 0.00013511448885645738
Epoch 31: reducing lr to 0.00010007783584737068
Epoch 34: reducing lr to 7.399869746647957e-05
Epoch 37: reducing lr to 4.991360325994065e-05
Epoch 40: reducing lr to 2.9335927417808473e-05
Epoch 43: reducing lr to 1.355863075682192e-05
Epoch 46: reducing lr to 3.57308182569638e-06
Epoch 49: reducing lr to 6.6954407342174895e-09
[I 2024-06-22 09:11:08,688] Trial 949 finished with value: 0.970066487789154 and parameters: {'hidden_size': 183, 'n_layers': 2, 'rnn_dropout': 0.16038985821432922, 'bidirectional': True, 'fc_dropout': 0.1851207509876351, 'learning_rate_model': 0.0021146649010212893}. Best is trial 944 with value: 0.9664796590805054.
Epoch 12: reducing lr to 0.0003097085784566272
Epoch 23: reducing lr to 0.0002444770553111864
Epoch 27: reducing lr to 0.0001979378492320451
Epoch 30: reducing lr to 0.0001595821316709635
Epoch 33: reducing lr to 0.00012093202597184352
Epoch 36: reducing lr to 8.441607412673722e-05
Epoch 39: reducing lr to 5.232869223851027e-05
Epoch 42: reducing lr to 2.6686031408580016e-05
Epoch 45: reducing lr to 9.099351664466253e-06
Epoch 48: reducing lr to 6.736665809478539e-07
[I 2024-06-22 09:11:38,115] Trial 950 finished with value: 0.9912067651748657 and parameters: {'hidden_size': 188, 'n_layers': 2, 'rnn_dropout': 0.18016966702562937, 'bidirectional': True, 'fc_dropout': 0.17885734569865464, 'learning_rate_model': 0.003097907751398381}. Best is trial 944 with value: 0.9664796590805054.
Epoch 23: reducing lr to 0.00017173406650432732
Epoch 27: reducing lr to 0.00013904238056398153
Epoch 31: reducing lr to 0.0001029871826158691
Epoch 36: reducing lr to 5.9298471464581514e-05
Epoch 39: reducing lr to 3.675853793941536e-05
Epoch 42: reducing lr to 1.8745729274365727e-05
Epoch 45: reducing lr to 6.391882714321117e-06
Epoch 48: reducing lr to 4.7322028346166373e-07
[I 2024-06-22 09:12:05,050] Trial 951 finished with value: 0.9678717255592346 and parameters: {'hidden_size': 178, 'n_layers': 2, 'rnn_dropout': 0.16707904987560107, 'bidirectional': True, 'fc_dropout': 0.2022444510703385, 'learning_rate_model': 0.0021761399863301505}. Best is trial 944 with value: 0.9664796590805054.
Epoch 18: reducing lr to 0.0002975843794071799
Epoch 23: reducing lr to 0.0002525001627696473
Epoch 27: reducing lr to 0.0002044336597794354
Epoch 30: reducing lr to 0.00016481920632901957
Epoch 33: reducing lr to 0.00012490070367988641
Epoch 36: reducing lr to 8.718639231908502e-05
Epoch 39: reducing lr to 5.404598517815191e-05
Epoch 42: reducing lr to 2.7561798246324197e-05
Epoch 45: reducing lr to 9.397968956438314e-06
Epoch 48: reducing lr to 6.957745835300781e-07
[I 2024-06-22 09:12:30,048] Trial 952 finished with value: 0.9842171669006348 and parameters: {'hidden_size': 170, 'n_layers': 2, 'rnn_dropout': 0.17272800988169462, 'bidirectional': True, 'fc_dropout': 0.20427918541361711, 'learning_rate_model': 0.003199573107086796}. Best is trial 944 with value: 0.9664796590805054.
Epoch 18: reducing lr to 0.00025477097701343736
Epoch 23: reducing lr to 0.0002161730171893656
Epoch 27: reducing lr to 0.00017502183192611069
Epoch 30: reducing lr to 0.00014110670160401067
Epoch 33: reducing lr to 0.00010693126557778838
Epoch 36: reducing lr to 7.464290430048769e-05
Epoch 39: reducing lr to 4.6270400600063575e-05
Epoch 42: reducing lr to 2.359648810012051e-05
Epoch 45: reducing lr to 8.045885129264905e-06
Epoch 48: reducing lr to 5.95673639793232e-07
[I 2024-06-22 09:12:56,850] Trial 953 finished with value: 0.9781811237335205 and parameters: {'hidden_size': 177, 'n_layers': 2, 'rnn_dropout': 0.18908743919017806, 'bidirectional': True, 'fc_dropout': 0.20212106108699676, 'learning_rate_model': 0.002739251193702793}. Best is trial 944 with value: 0.9664796590805054.
Epoch 23: reducing lr to 0.000178479543773516
Epoch 31: reducing lr to 0.00010703237710461445
Epoch 34: reducing lr to 7.914096488419024e-05
Epoch 37: reducing lr to 5.338216560673598e-05
Epoch 40: reducing lr to 3.1374519837590666e-05
Epoch 43: reducing lr to 1.4500837951768276e-05
Epoch 46: reducing lr to 3.821380010423422e-06
Epoch 49: reducing lr to 7.160715771682355e-09
[I 2024-06-22 09:13:23,760] Trial 954 finished with value: 0.9687182903289795 and parameters: {'hidden_size': 178, 'n_layers': 2, 'rnn_dropout': 0.20085453744879833, 'bidirectional': True, 'fc_dropout': 0.2045473130309423, 'learning_rate_model': 0.0022616157635661875}. Best is trial 944 with value: 0.9664796590805054.
Epoch 18: reducing lr to 0.00021740707907265183
Epoch 22: reducing lr to 0.00019221112280236292
Epoch 27: reducing lr to 0.00014935368894469246
Epoch 30: reducing lr to 0.00012041244333606416
Epoch 33: reducing lr to 9.124906762665835e-05
Epoch 36: reducing lr to 6.369601430940305e-05
Epoch 39: reducing lr to 3.948453140112083e-05
Epoch 42: reducing lr to 2.013590250489641e-05
Epoch 45: reducing lr to 6.8659013087479875e-06
Epoch 48: reducing lr to 5.083140459173716e-07
[I 2024-06-22 09:13:51,183] Trial 955 finished with value: 0.9749948382377625 and parameters: {'hidden_size': 180, 'n_layers': 2, 'rnn_dropout': 0.17093230321412922, 'bidirectional': True, 'fc_dropout': 0.20666205926015463, 'learning_rate_model': 0.002337521360754482}. Best is trial 944 with value: 0.9664796590805054.
Epoch 12: reducing lr to 0.00030970755989353263
Epoch 23: reducing lr to 0.00024447625128016067
Epoch 27: reducing lr to 0.0001979371982581868
Epoch 30: reducing lr to 0.00015958160684058687
Epoch 33: reducing lr to 0.00012093162825312605
Epoch 36: reducing lr to 8.441579650091836e-05
Epoch 39: reducing lr to 5.232852014100181e-05
Epoch 42: reducing lr to 2.6685943644118086e-05
Epoch 45: reducing lr to 9.099321738708852e-06
Epoch 48: reducing lr to 6.736643654072991e-07
[I 2024-06-22 09:14:19,748] Trial 956 finished with value: 0.9837093353271484 and parameters: {'hidden_size': 182, 'n_layers': 2, 'rnn_dropout': 0.1967358879477093, 'bidirectional': True, 'fc_dropout': 0.21196111033461448, 'learning_rate_model': 0.0030978975630641674}. Best is trial 944 with value: 0.9664796590805054.
Epoch 23: reducing lr to 0.00020179917811948312
Epoch 27: reducing lr to 0.00016338422942358292
Epoch 30: reducing lr to 0.00013172419380119246
Epoch 33: reducing lr to 9.982116079719227e-05
Epoch 36: reducing lr to 6.967972661960258e-05
Epoch 39: reducing lr to 4.319377567910177e-05
Epoch 42: reducing lr to 2.202750355720499e-05
Epoch 45: reducing lr to 7.510895797448788e-06
Epoch 48: reducing lr to 5.56065935058015e-07
[I 2024-06-22 09:14:46,635] Trial 957 finished with value: 0.9713653326034546 and parameters: {'hidden_size': 178, 'n_layers': 2, 'rnn_dropout': 0.2171171944302424, 'bidirectional': True, 'fc_dropout': 0.20058961551396523, 'learning_rate_model': 0.0025571121074181406}. Best is trial 944 with value: 0.9664796590805054.
Epoch 22: reducing lr to 0.00016917487651506186
Epoch 30: reducing lr to 0.00010598117286480529
Epoch 38: reducing lr to 4.1441386287498826e-05
Epoch 41: reducing lr to 2.2851238506992532e-05
Epoch 44: reducing lr to 9.288955555528414e-06
Epoch 47: reducing lr to 1.6066897451037873e-06
[I 2024-06-22 09:15:13,326] Trial 958 finished with value: 0.9746744632720947 and parameters: {'hidden_size': 173, 'n_layers': 2, 'rnn_dropout': 0.18065837261891796, 'bidirectional': True, 'fc_dropout': 0.2153062128426914, 'learning_rate_model': 0.002057372548432444}. Best is trial 944 with value: 0.9664796590805054.
Epoch 18: reducing lr to 0.0002727264963267379
Epoch 23: reducing lr to 0.00023140826427543135
Epoch 27: reducing lr to 0.00018735686286345632
Epoch 30: reducing lr to 0.00015105149255150279
Epoch 33: reducing lr to 0.0001144674709446045
Epoch 36: reducing lr to 7.990351964011311e-05
Epoch 39: reducing lr to 4.953140419375304e-05
Epoch 42: reducing lr to 2.5259500122818162e-05
Epoch 45: reducing lr to 8.612935770294138e-06
Epoch 48: reducing lr to 6.376549897456774e-07
[I 2024-06-22 09:15:40,742] Trial 959 finished with value: 0.9816626310348511 and parameters: {'hidden_size': 179, 'n_layers': 2, 'rnn_dropout': 0.18690513615080073, 'bidirectional': True, 'fc_dropout': 0.19854087708823148, 'learning_rate_model': 0.0029323056706651272}. Best is trial 944 with value: 0.9664796590805054.
Epoch 18: reducing lr to 0.00020599491564888037
Epoch 23: reducing lr to 0.00017478655914224744
Epoch 27: reducing lr to 0.00014151379378833293
Epoch 31: reducing lr to 0.00010481773157528104
Epoch 34: reducing lr to 7.750343062764846e-05
Epoch 37: reducing lr to 5.2277615959188285e-05
Epoch 40: reducing lr to 3.0725338328472295e-05
Epoch 43: reducing lr to 1.4200795882160846e-05
Epoch 46: reducing lr to 3.7423104579673886e-06
Epoch 49: reducing lr to 7.012550818242397e-09
[I 2024-06-22 09:16:09,317] Trial 960 finished with value: 0.9720026254653931 and parameters: {'hidden_size': 182, 'n_layers': 2, 'rnn_dropout': 0.20625405890837956, 'bidirectional': True, 'fc_dropout': 0.19220189226240808, 'learning_rate_model': 0.002214819855866629}. Best is trial 944 with value: 0.9664796590805054.
Epoch 32: reducing lr to 8.000707430658352e-05
Epoch 36: reducing lr to 5.051638912172186e-05
Epoch 39: reducing lr to 3.131461166249788e-05
Epoch 42: reducing lr to 1.596949349630249e-05
Epoch 45: reducing lr to 5.4452471782500626e-06
Epoch 48: reducing lr to 4.0313652931039687e-07
[I 2024-06-22 09:16:34,307] Trial 961 finished with value: 0.9682702422142029 and parameters: {'hidden_size': 170, 'n_layers': 2, 'rnn_dropout': 0.15767214010047048, 'bidirectional': True, 'fc_dropout': 0.21639687507369168, 'learning_rate_model': 0.001853854435328119}. Best is trial 944 with value: 0.9664796590805054.
Epoch 18: reducing lr to 0.00022843551597653695
Epoch 27: reducing lr to 0.00015692997276173687
Epoch 30: reducing lr to 0.0001265206208592563
Epoch 33: reducing lr to 9.587787083376392e-05
Epoch 36: reducing lr to 6.692713023183107e-05
Epoch 39: reducing lr to 4.1487468311428215e-05
Epoch 42: reducing lr to 2.115733902492722e-05
Epoch 45: reducing lr to 7.2141887688197214e-06
Epoch 48: reducing lr to 5.340993579995134e-07
[I 2024-06-22 09:17:00,001] Trial 962 finished with value: 0.9778881669044495 and parameters: {'hidden_size': 172, 'n_layers': 2, 'rnn_dropout': 0.16381530053137067, 'bidirectional': True, 'fc_dropout': 0.22399011760562296, 'learning_rate_model': 0.002456097107912879}. Best is trial 944 with value: 0.9664796590805054.
Epoch 18: reducing lr to 0.00019623746835641418
Epoch 23: reducing lr to 0.00016650737112010715
Epoch 27: reducing lr to 0.00013481065075348158
Epoch 31: reducing lr to 9.985278626126677e-05
Epoch 34: reducing lr to 7.383229322625942e-05
Epoch 37: reducing lr to 4.980136026767877e-05
Epoch 40: reducing lr to 2.9269958382132895e-05
Epoch 43: reducing lr to 1.3528140846502408e-05
Epoch 46: reducing lr to 3.5650468739093465e-06
Epoch 49: reducing lr to 6.680384391846705e-09
[I 2024-06-22 09:17:27,749] Trial 963 finished with value: 0.9738048315048218 and parameters: {'hidden_size': 184, 'n_layers': 2, 'rnn_dropout': 0.15287904318772486, 'bidirectional': True, 'fc_dropout': 0.21641669973602398, 'learning_rate_model': 0.002109909557775766}. Best is trial 944 with value: 0.9664796590805054.
Epoch 18: reducing lr to 0.00017262530971572475
Epoch 23: reducing lr to 0.00014647246904630243
Epoch 27: reducing lr to 0.00011858963802484003
Epoch 31: reducing lr to 8.783805813792151e-05
Epoch 36: reducing lr to 5.057583333863526e-05
Epoch 39: reducing lr to 3.1351460546604385e-05
Epoch 42: reducing lr to 1.5988285299356822e-05
Epoch 45: reducing lr to 5.451654771113264e-06
Epoch 48: reducing lr to 4.0361091268796384e-07
[I 2024-06-22 09:17:51,782] Trial 964 finished with value: 0.9727725386619568 and parameters: {'hidden_size': 168, 'n_layers': 2, 'rnn_dropout': 0.17344790076473673, 'bidirectional': True, 'fc_dropout': 0.21617624292012547, 'learning_rate_model': 0.0018560359238924341}. Best is trial 944 with value: 0.9664796590805054.
Epoch 12: reducing lr to 0.0003500350393175167
Epoch 23: reducing lr to 0.0002763098655340158
Epoch 27: reducing lr to 0.00022371089358787832
Epoch 30: reducing lr to 0.00018036096388476884
Epoch 33: reducing lr to 0.00013667831442301914
Epoch 36: reducing lr to 9.540770221229422e-05
Epoch 39: reducing lr to 5.9142294141220675e-05
Epoch 42: reducing lr to 3.0160759833906033e-05
Epoch 45: reducing lr to 1.0284157879990406e-05
Epoch 48: reducing lr to 7.613831987608212e-07
[I 2024-06-22 09:18:18,680] Trial 965 finished with value: 0.9895968437194824 and parameters: {'hidden_size': 178, 'n_layers': 2, 'rnn_dropout': 0.1570134474104345, 'bidirectional': True, 'fc_dropout': 0.21045010615402432, 'learning_rate_model': 0.0035012793864688907}. Best is trial 944 with value: 0.9664796590805054.
Epoch 18: reducing lr to 0.00017615610675701077
Epoch 27: reducing lr to 0.00012101521480587414
Epoch 31: reducing lr to 8.963465654111286e-05
Epoch 34: reducing lr to 6.627689113914705e-05
Epoch 37: reducing lr to 4.4705090263517086e-05
Epoch 40: reducing lr to 2.627470664354264e-05
Epoch 43: reducing lr to 1.2143779896569728e-05
Epoch 46: reducing lr to 3.200228697271593e-06
Epoch 49: reducing lr to 5.9967676711283545e-09
[I 2024-06-22 09:18:47,737] Trial 966 finished with value: 0.9687012434005737 and parameters: {'hidden_size': 183, 'n_layers': 2, 'rnn_dropout': 0.16347540567489605, 'bidirectional': True, 'fc_dropout': 0.2262164495241062, 'learning_rate_model': 0.0018939984113132634}. Best is trial 944 with value: 0.9664796590805054.
Epoch 23: reducing lr to 0.00020417835205368797
Epoch 27: reducing lr to 0.00016531049841797188
Epoch 30: reducing lr to 0.0001332771969963313
Epoch 33: reducing lr to 0.00010099803330016219
Epoch 36: reducing lr to 7.05012373455666e-05
Epoch 39: reducing lr to 4.3703022080267795e-05
Epoch 42: reducing lr to 2.2287203635209608e-05
Epoch 45: reducing lr to 7.5994478305657465e-06
Epoch 48: reducing lr to 5.626218466861683e-07
[I 2024-06-22 09:19:16,425] Trial 967 finished with value: 0.9775557518005371 and parameters: {'hidden_size': 185, 'n_layers': 2, 'rnn_dropout': 0.1976092312614647, 'bidirectional': True, 'fc_dropout': 0.23129080789113382, 'learning_rate_model': 0.0025872599728827203}. Best is trial 944 with value: 0.9664796590805054.
Epoch 18: reducing lr to 0.0001822867264599454
Epoch 23: reducing lr to 0.00015467017520736124
Epoch 31: reducing lr to 9.27541396040232e-05
Epoch 34: reducing lr to 6.858347262614245e-05
Epoch 37: reducing lr to 4.626092566563029e-05
Epoch 40: reducing lr to 2.7189124186046114e-05
Epoch 43: reducing lr to 1.2566410128768847e-05
Epoch 46: reducing lr to 3.3116036899787613e-06
Epoch 49: reducing lr to 6.205468366850958e-09
[I 2024-06-22 09:19:45,850] Trial 968 finished with value: 0.9673475027084351 and parameters: {'hidden_size': 187, 'n_layers': 2, 'rnn_dropout': 0.1678474802844957, 'bidirectional': True, 'fc_dropout': 0.23160589937495527, 'learning_rate_model': 0.001959913718999648}. Best is trial 944 with value: 0.9664796590805054.
Epoch 18: reducing lr to 0.0001888298842644287
Epoch 27: reducing lr to 0.0001297218099713636
Epoch 31: reducing lr to 9.608353710999879e-05
Epoch 34: reducing lr to 7.104526725533568e-05
Epoch 37: reducing lr to 4.792145544028834e-05
Epoch 40: reducing lr to 2.8165074182899477e-05
Epoch 43: reducing lr to 1.3017479749169642e-05
Epoch 46: reducing lr to 3.430473264029758e-06
Epoch 49: reducing lr to 6.428212828658506e-09
[I 2024-06-22 09:20:14,906] Trial 969 finished with value: 0.9693307876586914 and parameters: {'hidden_size': 183, 'n_layers': 2, 'rnn_dropout': 0.16474587100958732, 'bidirectional': True, 'fc_dropout': 0.2253243915588936, 'learning_rate_model': 0.0020302645612997553}. Best is trial 944 with value: 0.9664796590805054.
Epoch 18: reducing lr to 0.0002048198355174917
Epoch 23: reducing lr to 0.00017378950437400292
Epoch 27: reducing lr to 0.0001407065406244658
Epoch 31: reducing lr to 0.00010421980791583848
Epoch 34: reducing lr to 7.706131902912609e-05
Epoch 37: reducing lr to 5.197940283273078e-05
Epoch 40: reducing lr to 3.055006830063568e-05
Epoch 43: reducing lr to 1.4119788673616586e-05
Epoch 46: reducing lr to 3.720962772512217e-06
Epoch 49: reducing lr to 6.972548330288347e-09
[I 2024-06-22 09:20:44,311] Trial 970 finished with value: 0.9696963429450989 and parameters: {'hidden_size': 187, 'n_layers': 2, 'rnn_dropout': 0.17573094647043097, 'bidirectional': True, 'fc_dropout': 0.2340849859774503, 'learning_rate_model': 0.0022021856080793193}. Best is trial 944 with value: 0.9664796590805054.
Epoch 12: reducing lr to 0.00028822540079610716
Epoch 23: reducing lr to 0.00022751871324864478
Epoch 27: reducing lr to 0.00018420773558138696
Epoch 30: reducing lr to 0.00014851259235365997
Epoch 33: reducing lr to 0.00011254348145122871
Epoch 36: reducing lr to 7.856048715234442e-05
Epoch 39: reducing lr to 4.869887159322894e-05
Epoch 42: reducing lr to 2.4834933978015813e-05
Epoch 45: reducing lr to 8.468168022807274e-06
Epoch 48: reducing lr to 6.269371719189436e-07
[I 2024-06-22 09:21:12,998] Trial 971 finished with value: 0.9810224175453186 and parameters: {'hidden_size': 185, 'n_layers': 2, 'rnn_dropout': 0.17054794570255305, 'bidirectional': True, 'fc_dropout': 0.23322053260313588, 'learning_rate_model': 0.0028830189584212952}. Best is trial 944 with value: 0.9664796590805054.
Epoch 18: reducing lr to 0.00021123730818160572
Epoch 23: reducing lr to 0.00017923472597967515
Epoch 27: reducing lr to 0.0001451151975098603
Epoch 31: reducing lr to 0.00010748525223508256
Epoch 34: reducing lr to 7.9475825939946e-05
Epoch 37: reducing lr to 5.360803609441274e-05
Epoch 40: reducing lr to 3.1507271628676605e-05
Epoch 43: reducing lr to 1.4562193861605583e-05
Epoch 46: reducing lr to 3.8375490241144766e-06
Epoch 49: reducing lr to 7.1910141746182186e-09
[I 2024-06-22 09:21:42,421] Trial 972 finished with value: 0.9705175757408142 and parameters: {'hidden_size': 187, 'n_layers': 2, 'rnn_dropout': 0.2004840245599136, 'bidirectional': True, 'fc_dropout': 0.2355836709861466, 'learning_rate_model': 0.0022711851066164}. Best is trial 944 with value: 0.9664796590805054.
Epoch 18: reducing lr to 0.00019099508689556064
Epoch 22: reducing lr to 0.000168860095349805
Epoch 30: reducing lr to 0.00010578397527981574
Epoch 36: reducing lr to 5.595781811621634e-05
Epoch 39: reducing lr to 3.468769985851031e-05
Epoch 42: reducing lr to 1.7689665235592662e-05
Epoch 45: reducing lr to 6.031788029507756e-06
Epoch 48: reducing lr to 4.465608285817487e-07
[I 2024-06-22 09:22:11,822] Trial 973 finished with value: 0.972736120223999 and parameters: {'hidden_size': 188, 'n_layers': 2, 'rnn_dropout': 0.182744836244362, 'bidirectional': True, 'fc_dropout': 0.23259564082420023, 'learning_rate_model': 0.0020535444260687467}. Best is trial 944 with value: 0.9664796590805054.
Epoch 16: reducing lr to 0.00034538583247711375
Epoch 23: reducing lr to 0.00028199119787018626
Epoch 27: reducing lr to 0.00022831071463023602
Epoch 30: reducing lr to 0.00018406944738144393
Epoch 33: reducing lr to 0.00013948861917230498
Epoch 36: reducing lr to 9.736942320495889e-05
Epoch 39: reducing lr to 6.0358345647345625e-05
Epoch 42: reducing lr to 3.0780908882137344e-05
Epoch 45: reducing lr to 1.0495615109723956e-05
Epoch 48: reducing lr to 7.770383436792992e-07
