[I 2024-06-22 13:22:50,608] Trial 303 finished with value: 2.549154281616211 and parameters: {'hidden_size': 45, 'n_layers': 5, 'rnn_dropout': 0.602660644715514, 'bidirectional': False, 'fc_dropout': 0.7203591299088523, 'learning_rate_model': 0.03075689746034307}. Best is trial 120 with value: 1.8680797815322876.
Epoch 31: reducing lr to 0.00017241165739840362
Epoch 42: reducing lr to 0.0001524734025633631
Epoch 47: reducing lr to 0.0001385991654429441
Epoch 50: reducing lr to 0.00012917052872351838
Epoch 53: reducing lr to 0.00011909303294858207
Epoch 56: reducing lr to 0.00010852557515366101
Epoch 63: reducing lr to 8.290825239547607e-05
Epoch 66: reducing lr to 7.193486990808967e-05
Epoch 69: reducing lr to 6.121522903127965e-05
Epoch 72: reducing lr to 5.091844839306028e-05
Epoch 75: reducing lr to 4.120686769748321e-05
Epoch 78: reducing lr to 3.2233672986448146e-05
Epoch 81: reducing lr to 2.4140350345472674e-05
Epoch 84: reducing lr to 1.7054560152414e-05
Epoch 87: reducing lr to 1.1088020573822208e-05
Epoch 90: reducing lr to 6.33486284031589e-06
Epoch 93: reducing lr to 2.8700232718062914e-06
Epoch 96: reducing lr to 7.481546664274549e-07
Epoch 99: reducing lr to 2.7138801404064107e-09
[I 2024-06-22 13:24:42,202] Trial 304 finished with value: 1.8783400058746338 and parameters: {'hidden_size': 146, 'n_layers': 5, 'rnn_dropout': 0.6539058163177005, 'bidirectional': True, 'fc_dropout': 0.3177822129870094, 'learning_rate_model': 0.0017605109671915277}. Best is trial 120 with value: 1.8680797815322876.
Epoch 62: reducing lr to 0.0002147350324167783
Epoch 66: reducing lr to 0.00017838635097168885
Epoch 69: reducing lr to 0.00015180344865763253
Epoch 72: reducing lr to 0.0001262691684517358
Epoch 75: reducing lr to 0.00010218608545367693
Epoch 84: reducing lr to 4.2292434210326834e-05
Epoch 87: reducing lr to 2.749642186314306e-05
Epoch 90: reducing lr to 1.5709391946269573e-05
Epoch 97: reducing lr to 8.572964548795095e-07
[I 2024-06-22 13:24:51,064] Trial 305 finished with value: 1.9940989017486572 and parameters: {'hidden_size': 151, 'n_layers': 1, 'rnn_dropout': 0.31980399014469163, 'bidirectional': False, 'fc_dropout': 0.3983829061386307, 'learning_rate_model': 0.004365770420996029}. Best is trial 120 with value: 1.8680797815322876.
Epoch 80: reducing lr to 2.8988254486116968e-06
Epoch 83: reducing lr to 2.0925911804116892e-06
Epoch 86: reducing lr to 1.403892437655668e-06
Epoch 89: reducing lr to 8.4359448978956e-07
Epoch 92: reducing lr to 4.205307952548679e-07
Epoch 95: reducing lr to 1.413745676991611e-07
Epoch 98: reducing lr to 1.052752461135802e-08
[I 2024-06-22 13:26:01,333] Trial 306 finished with value: 1.8977662324905396 and parameters: {'hidden_size': 107, 'n_layers': 5, 'rnn_dropout': 0.4659518895113781, 'bidirectional': True, 'fc_dropout': 0.1556131310876815, 'learning_rate_model': 0.00019090909423650804}. Best is trial 120 with value: 1.8680797815322876.
[I 2024-06-22 13:26:25,847] Trial 307 finished with value: 3.2478675842285156 and parameters: {'hidden_size': 43, 'n_layers': 5, 'rnn_dropout': 0.48919958132768193, 'bidirectional': True, 'fc_dropout': 0.5226064416195636, 'learning_rate_model': 5.769443580257137e-05}. Best is trial 120 with value: 1.8680797815322876.
[I 2024-06-22 13:26:40,993] Trial 308 finished with value: 2.6744368076324463 and parameters: {'hidden_size': 17, 'n_layers': 6, 'rnn_dropout': 0.3548030735231481, 'bidirectional': True, 'fc_dropout': 0.050095841587132386, 'learning_rate_model': 0.0003254125867309244}. Best is trial 120 with value: 1.8680797815322876.
[I 2024-06-22 13:26:48,763] Trial 309 finished with value: 8.505170822143555 and parameters: {'hidden_size': 144, 'n_layers': 1, 'rnn_dropout': 0.15666738693999394, 'bidirectional': False, 'fc_dropout': 0.6000993984551881, 'learning_rate_model': 2.7475150823638172e-05}. Best is trial 120 with value: 1.8680797815322876.
[I 2024-06-22 13:27:12,105] Trial 310 finished with value: 8.958438873291016 and parameters: {'hidden_size': 131, 'n_layers': 3, 'rnn_dropout': 0.5360722949982456, 'bidirectional': False, 'fc_dropout': 0.13773004396474617, 'learning_rate_model': 1.1877472237951753e-05}. Best is trial 120 with value: 1.8680797815322876.
Epoch 10: reducing lr to 0.003842767240509655
Epoch 27: reducing lr to 0.009041025483703887
Epoch 33: reducing lr to 0.008763323437994358
Epoch 36: reducing lr to 0.008523129990076098
Epoch 40: reducing lr to 0.008105886688579329
Epoch 45: reducing lr to 0.007445414847349735
Epoch 49: reducing lr to 0.006823938312742786
Epoch 52: reducing lr to 0.006314774911951146
Epoch 55: reducing lr to 0.005777576454901002
Epoch 58: reducing lr to 0.005220816897443
Epoch 61: reducing lr to 0.0046532742072295285
Epoch 64: reducing lr to 0.004083901810905246
Epoch 70: reducing lr to 0.002975464990364408
Epoch 74: reducing lr to 0.002286930491616118
Epoch 77: reducing lr to 0.0018108965122897863
Epoch 80: reducing lr to 0.0013778564434247299
Epoch 83: reducing lr to 0.0009946408614443722
Epoch 86: reducing lr to 0.000667291727422055
Epoch 89: reducing lr to 0.00040097347149715967
Epoch 92: reducing lr to 0.00019988477270266452
Epoch 95: reducing lr to 6.719751240419347e-05
Epoch 98: reducing lr to 5.0038948105762815e-06
[I 2024-06-22 13:27:23,957] Trial 311 finished with value: 2.0469608306884766 and parameters: {'hidden_size': 106, 'n_layers': 2, 'rnn_dropout': 0.51067466400271, 'bidirectional': False, 'fc_dropout': 0.3143679221073626, 'learning_rate_model': 0.09074203682326881}. Best is trial 120 with value: 1.8680797815322876.
Epoch 84: reducing lr to 5.530384008055094e-07
[I 2024-06-22 13:28:24,444] Trial 312 finished with value: 2.0744287967681885 and parameters: {'hidden_size': 111, 'n_layers': 4, 'rnn_dropout': 0.5995539766017357, 'bidirectional': True, 'fc_dropout': 0.39139582836811376, 'learning_rate_model': 5.7089139866110815e-05}. Best is trial 120 with value: 1.8680797815322876.
[I 2024-06-22 13:28:29,585] Trial 313 finished with value: 2.4982943534851074 and parameters: {'hidden_size': 88, 'n_layers': 1, 'rnn_dropout': 0.3700232482737623, 'bidirectional': False, 'fc_dropout': 0.023417697122490023, 'learning_rate_model': 0.0016609136950705152}. Best is trial 120 with value: 1.8680797815322876.
Epoch 15: reducing lr to 0.007090816703992921
Epoch 19: reducing lr to 0.008927572693280216
Epoch 22: reducing lr to 0.009706031984878008
Epoch 25: reducing lr to 0.009868379126178429
Epoch 28: reducing lr to 0.009806456998871664
Epoch 33: reducing lr to 0.009533594416658554
Epoch 36: reducing lr to 0.009272288654045327
Epoch 41: reducing lr to 0.008687334036738704
Epoch 44: reducing lr to 0.008255714014109853
Epoch 51: reducing lr to 0.007058295849665293
Epoch 54: reducing lr to 0.006483043393262498
Epoch 57: reducing lr to 0.0058833910267443905
Epoch 62: reducing lr to 0.004855549236751913
Epoch 66: reducing lr to 0.004033639507066594
Epoch 70: reducing lr to 0.0032369998231622245
Epoch 74: reducing lr to 0.002487945118130612
Epoch 77: reducing lr to 0.0019700691182823237
Epoch 81: reducing lr to 0.0013536337939074633
Epoch 84: reducing lr to 0.0009563087789595706
Epoch 87: reducing lr to 0.0006217440567958365
Epoch 90: reducing lr to 0.00035521789442581055
Epoch 93: reducing lr to 0.0001609322331457566
Epoch 96: reducing lr to 4.195164631219661e-05
Epoch 99: reducing lr to 1.5217674218109823e-07
[I 2024-06-22 13:28:48,451] Trial 314 finished with value: 2.5239076614379883 and parameters: {'hidden_size': 70, 'n_layers': 5, 'rnn_dropout': 0.5862158826090934, 'bidirectional': False, 'fc_dropout': 0.19112796389616965, 'learning_rate_model': 0.09871800142213323}. Best is trial 120 with value: 1.8680797815322876.
Epoch 12: reducing lr to 0.00036097702472315024
Epoch 30: reducing lr to 0.0006541817847817229
Epoch 36: reducing lr to 0.0006238960517372822
Epoch 39: reducing lr to 0.000601712333283334
Epoch 42: reducing lr to 0.0005752769929510983
Epoch 47: reducing lr to 0.0005229299653650361
Epoch 50: reducing lr to 0.00048735603779215665
Epoch 56: reducing lr to 0.0004094633259511714
Epoch 62: reducing lr to 0.00032671092443868643
Epoch 68: reducing lr to 0.0002442983813609862
Epoch 71: reducing lr to 0.00020484768348472024
Epoch 74: reducing lr to 0.0001674040998997082
Epoch 77: reducing lr to 0.000132558248605607
Epoch 80: reducing lr to 0.00010085956636991141
Epoch 83: reducing lr to 7.280805374014617e-05
Epoch 86: reducing lr to 4.8845984348509696e-05
Epoch 89: reducing lr to 2.9351396260499356e-05
Epoch 92: reducing lr to 1.463163422789496e-05
Epoch 95: reducing lr to 4.918881059464992e-06
Epoch 98: reducing lr to 3.6628682411991853e-07
[I 2024-06-22 13:29:09,515] Trial 315 finished with value: 2.564284324645996 and parameters: {'hidden_size': 60, 'n_layers': 7, 'rnn_dropout': 0.17377580031281437, 'bidirectional': False, 'fc_dropout': 0.5732704374357874, 'learning_rate_model': 0.006642348358707951}. Best is trial 120 with value: 1.8680797815322876.
Epoch 58: reducing lr to 2.1038861439797893e-05
Epoch 81: reducing lr to 5.014147766944102e-06
Epoch 84: reducing lr to 3.542371319415334e-06
Epoch 87: reducing lr to 2.303072358288605e-06
Epoch 90: reducing lr to 1.3158027083324446e-06
Epoch 93: reducing lr to 5.961272547191486e-07
Epoch 96: reducing lr to 1.553978296217856e-07
Epoch 99: reducing lr to 5.636950520997251e-10
[I 2024-06-22 13:29:40,012] Trial 316 finished with value: 2.5785329341888428 and parameters: {'hidden_size': 97, 'n_layers': 6, 'rnn_dropout': 0.7359628616118871, 'bidirectional': False, 'fc_dropout': 0.052828467213309874, 'learning_rate_model': 0.00036567249474403436}. Best is trial 120 with value: 1.8680797815322876.
[I 2024-06-22 13:31:14,833] Trial 317 finished with value: 3.7169249057769775 and parameters: {'hidden_size': 102, 'n_layers': 7, 'rnn_dropout': 0.08844595220435299, 'bidirectional': True, 'fc_dropout': 0.4852283444132348, 'learning_rate_model': 1.3156239670034818e-05}. Best is trial 120 with value: 1.8680797815322876.
Epoch 84: reducing lr to 1.441643832549135e-05
[I 2024-06-22 13:31:20,711] Trial 318 finished with value: 2.5819644927978516 and parameters: {'hidden_size': 43, 'n_layers': 2, 'rnn_dropout': 0.003897638362884859, 'bidirectional': False, 'fc_dropout': 0.4375746474169927, 'learning_rate_model': 0.0014881824892021818}. Best is trial 120 with value: 1.8680797815322876.
[I 2024-06-22 13:31:43,252] Trial 319 finished with value: 2.7669014930725098 and parameters: {'hidden_size': 129, 'n_layers': 3, 'rnn_dropout': 0.29338558532875336, 'bidirectional': False, 'fc_dropout': 0.1612773075265369, 'learning_rate_model': 0.00020421903674544914}. Best is trial 120 with value: 1.8680797815322876.
Epoch 41: reducing lr to 0.00030548508486332154
Epoch 48: reducing lr to 0.0002672523572662271
Epoch 52: reducing lr to 0.00024157344679317697
Epoch 77: reducing lr to 6.927634291946888e-05
Epoch 80: reducing lr to 5.271027627514508e-05
Epoch 83: reducing lr to 3.805025904655879e-05
Epoch 86: reducing lr to 2.5527428112257336e-05
Epoch 92: reducing lr to 7.646646820596388e-06
Epoch 95: reducing lr to 2.5706592734898398e-06
Epoch 98: reducing lr to 1.914253688588795e-07
[I 2024-06-22 13:32:11,807] Trial 320 finished with value: 2.490734815597534 and parameters: {'hidden_size': 153, 'n_layers': 3, 'rnn_dropout': 0.03808874296524403, 'bidirectional': False, 'fc_dropout': 0.39608989004894257, 'learning_rate_model': 0.0034713615148726346}. Best is trial 120 with value: 1.8680797815322876.
Epoch 28: reducing lr to 1.4723871627640037e-05
Epoch 57: reducing lr to 8.833597518753305e-06
Epoch 65: reducing lr to 6.362589838490204e-06
Epoch 68: reducing lr to 5.4513640948331175e-06
Epoch 71: reducing lr to 4.571046686585524e-06
Epoch 74: reducing lr to 3.735516766165779e-06
Epoch 79: reducing lr to 2.477880375951924e-06
Epoch 82: reducing lr to 1.823636190473622e-06
Epoch 85: reducing lr to 1.2575099556418062e-06
Epoch 88: reducing lr to 7.884275221573608e-07
Epoch 91: reducing lr to 4.237893783844252e-07
Epoch 94: reducing lr to 1.693442332352128e-07
Epoch 97: reducing lr to 2.910558831031591e-08
[I 2024-06-22 13:35:55,472] Trial 321 finished with value: 1.8958818912506104 and parameters: {'hidden_size': 178, 'n_layers': 7, 'rnn_dropout': 0.245728614788076, 'bidirectional': True, 'fc_dropout': 0.29486149581222076, 'learning_rate_model': 0.0001482198086876757}. Best is trial 120 with value: 1.8680797815322876.
Epoch 27: reducing lr to 0.0049069530244913485
Epoch 33: reducing lr to 0.004756232191378117
Epoch 37: reducing lr to 0.004574715440481747
Epoch 44: reducing lr to 0.004118708122102301
Epoch 50: reducing lr to 0.003613494788703235
Epoch 56: reducing lr to 0.003035960324186352
Epoch 59: reducing lr to 0.002731296771896105
Epoch 62: reducing lr to 0.002422393755948682
Epoch 65: reducing lr to 0.0021141237715461693
Epoch 70: reducing lr to 0.0016149127065346242
Epoch 73: reducing lr to 0.0013318279239377118
Epoch 78: reducing lr to 0.0009017243368772208
Epoch 81: reducing lr to 0.0006753168159398693
Epoch 84: reducing lr to 0.00047709461936384717
Epoch 87: reducing lr to 0.00031018301896325524
Epoch 90: reducing lr to 0.00017721529892958805
Epoch 93: reducing lr to 8.028777336916496e-05
Epoch 96: reducing lr to 2.092933283617815e-05
Epoch 99: reducing lr to 7.591973061882306e-08
[I 2024-06-22 13:36:05,895] Trial 322 finished with value: 2.0247268676757812 and parameters: {'hidden_size': 92, 'n_layers': 2, 'rnn_dropout': 0.2551888051761512, 'bidirectional': False, 'fc_dropout': 0.4031864075190263, 'learning_rate_model': 0.049249602585571886}. Best is trial 120 with value: 1.8680797815322876.
Epoch 15: reducing lr to 0.0005076316447805157
Epoch 27: reducing lr to 0.0007041382760105519
Epoch 30: reducing lr to 0.0006960261899101341
Epoch 33: reducing lr to 0.0006825101277365573
Epoch 36: reducing lr to 0.0006638032453556767
Epoch 40: reducing lr to 0.0006313072658318445
Epoch 43: reducing lr to 0.0006017683964978438
Epoch 46: reducing lr to 0.0005683120274327536
Epoch 49: reducing lr to 0.0005314658351309691
Epoch 52: reducing lr to 0.0004918108822843792
Epoch 55: reducing lr to 0.0004499724872810004
Epoch 58: reducing lr to 0.00040661062355796303
Epoch 61: reducing lr to 0.0003624089417720175
Epoch 64: reducing lr to 0.00031806475777669356
Epoch 67: reducing lr to 0.0002742771114246668
Epoch 70: reducing lr to 0.0002317368524645083
Epoch 73: reducing lr to 0.00019111473324149526
Epoch 76: reducing lr to 0.00015305133311342535
Epoch 79: reducing lr to 0.00011814704678324537
Epoch 82: reducing lr to 8.695223240094254e-05
Epoch 85: reducing lr to 5.9958942732468625e-05
Epoch 88: reducing lr to 3.759276850067422e-05
Epoch 91: reducing lr to 2.0206570099249536e-05
Epoch 94: reducing lr to 8.074449937409654e-06
Epoch 97: reducing lr to 1.3877745419536674e-06
[I 2024-06-22 13:37:41,454] Trial 323 finished with value: 1.894789695739746 and parameters: {'hidden_size': 154, 'n_layers': 4, 'rnn_dropout': 0.6036977802465054, 'bidirectional': True, 'fc_dropout': 0.4173274507306175, 'learning_rate_model': 0.007067222792988559}. Best is trial 120 with value: 1.8680797815322876.
[I 2024-06-22 13:37:46,006] Trial 324 finished with value: 9.08924674987793 and parameters: {'hidden_size': 72, 'n_layers': 1, 'rnn_dropout': 0.2146102633087491, 'bidirectional': False, 'fc_dropout': 0.5002649239226041, 'learning_rate_model': 3.398051356678928e-05}. Best is trial 120 with value: 1.8680797815322876.
Epoch 13: reducing lr to 0.0015761697736270098
Epoch 17: reducing lr to 0.002144145332589204
Epoch 20: reducing lr to 0.002448714359086048
Epoch 23: reducing lr to 0.002600155700475291
Epoch 26: reducing lr to 0.0026082725643963374
Epoch 29: reducing lr to 0.0025850660981453894
Epoch 32: reducing lr to 0.0025416910328351686
Epoch 35: reducing lr to 0.0024788314185219705
Epoch 43: reducing lr to 0.002224402797692312
Epoch 51: reducing lr to 0.0018678256838955854
Epoch 54: reducing lr to 0.0017155975348241467
Epoch 57: reducing lr to 0.0015569124760724078
Epoch 62: reducing lr to 0.0012849163264040428
Epoch 65: reducing lr to 0.001121399914207883
Epoch 73: reducing lr to 0.0007064447880225713
Epoch 77: reducing lr to 0.0005213362795428514
Epoch 80: reducing lr to 0.0003966690239250094
Epoch 85: reducing lr to 0.00022163483615453422
Epoch 91: reducing lr to 7.469244201277619e-05
Epoch 94: reducing lr to 2.984674691314526e-05
Epoch 97: reducing lr to 5.129830000467559e-06
[I 2024-06-22 13:38:25,847] Trial 325 finished with value: 2.5529584884643555 and parameters: {'hidden_size': 156, 'n_layers': 4, 'rnn_dropout': 0.6030952572969704, 'bidirectional': False, 'fc_dropout': 0.5236300276982652, 'learning_rate_model': 0.02612358881610851}. Best is trial 120 with value: 1.8680797815322876.
Epoch 67: reducing lr to 8.414453283775767e-07
Epoch 96: reducing lr to 9.213778623865492e-09
Epoch 99: reducing lr to 3.3422354958967455e-11
[I 2024-06-22 13:40:52,678] Trial 326 finished with value: 2.295302629470825 and parameters: {'hidden_size': 153, 'n_layers': 6, 'rnn_dropout': 0.6870326050135719, 'bidirectional': True, 'fc_dropout': 0.31660020925214455, 'learning_rate_model': 2.1681290038658853e-05}. Best is trial 120 with value: 1.8680797815322876.
[I 2024-06-22 13:42:44,407] Trial 327 finished with value: 2.2859907150268555 and parameters: {'hidden_size': 169, 'n_layers': 4, 'rnn_dropout': 0.4336609237912984, 'bidirectional': True, 'fc_dropout': 0.7023683349801254, 'learning_rate_model': 1.375738861706401e-05}. Best is trial 120 with value: 1.8680797815322876.
Epoch 13: reducing lr to 0.0021079612541469355
Epoch 17: reducing lr to 0.0028675688114214604
Epoch 23: reducing lr to 0.003477434704726324
Epoch 29: reducing lr to 0.0034572539490842964
Epoch 33: reducing lr to 0.0033740598833256314
Epoch 36: reducing lr to 0.0032815804624081097
Epoch 40: reducing lr to 0.0031209332039647086
Epoch 43: reducing lr to 0.002974904727655974
Epoch 47: reducing lr to 0.0027505170977941396
Epoch 50: reducing lr to 0.0025634046687777754
Epoch 53: reducing lr to 0.002363415553812137
Epoch 56: reducing lr to 0.00215370308366661
Epoch 62: reducing lr to 0.0017184404092763044
Epoch 66: reducing lr to 0.0014275561398762408
Epoch 72: reducing lr to 0.0010104827287427988
Epoch 75: reducing lr to 0.000817755242509929
Epoch 78: reducing lr to 0.0006396811148940737
Epoch 84: reducing lr to 0.00033844979617776857
Epoch 87: reducing lr to 0.0002200431010643121
Epoch 90: reducing lr to 0.00012571611451471856
Epoch 93: reducing lr to 5.6955956804948665e-05
Epoch 96: reducing lr to 1.48472192832233e-05
Epoch 99: reducing lr to 5.385727759391057e-08
[I 2024-06-22 13:44:30,090] Trial 328 finished with value: 2.46232533454895 and parameters: {'hidden_size': 144, 'n_layers': 5, 'rnn_dropout': 0.5133993446668773, 'bidirectional': True, 'fc_dropout': 0.4075268651510099, 'learning_rate_model': 0.03493755175681622}. Best is trial 120 with value: 1.8680797815322876.
Epoch 21: reducing lr to 0.00039637202001458334
Epoch 30: reducing lr to 0.0004050428120424527
Epoch 41: reducing lr to 0.00036192142833195933
Epoch 47: reducing lr to 0.0003237770121395075
Epoch 52: reducing lr to 0.0002862025389867362
Epoch 59: reducing lr to 0.00022808162143806744
Epoch 62: reducing lr to 0.00020228614528573172
Epoch 65: reducing lr to 0.00017654353151827862
Epoch 70: reducing lr to 0.00013485605532776056
Epoch 73: reducing lr to 0.00011121657503271975
Epoch 77: reducing lr to 8.207468783704005e-05
Epoch 80: reducing lr to 6.244815024539753e-05
Epoch 83: reducing lr to 4.50797920582377e-05
Epoch 86: reducing lr to 3.0243451159532803e-05
Epoch 89: reducing lr to 1.8173193377268686e-05
Epoch 92: reducing lr to 9.059314108570987e-06
Epoch 95: reducing lr to 3.045571525799734e-06
Epoch 98: reducing lr to 2.267899362333979e-07
[I 2024-06-22 13:45:48,985] Trial 329 finished with value: 2.4603235721588135 and parameters: {'hidden_size': 120, 'n_layers': 5, 'rnn_dropout': 0.3531033847628007, 'bidirectional': True, 'fc_dropout': 0.28392200868061873, 'learning_rate_model': 0.004112672532871488}. Best is trial 120 with value: 1.8680797815322876.
Epoch 12: reducing lr to 0.001417088887124367
Epoch 25: reducing lr to 0.0026066855914929415
Epoch 34: reducing lr to 0.0024973266205748123
Epoch 37: reducing lr to 0.0024221472087420795
Epoch 40: reducing lr to 0.0023293308837640096
Epoch 43: reducing lr to 0.0022203414829838754
Epoch 48: reducing lr to 0.0020075246190766386
Epoch 54: reducing lr to 0.001712465196783048
Epoch 58: reducing lr to 0.0015002689409444932
Epoch 61: reducing lr to 0.0013371782431641564
Epoch 64: reducing lr to 0.0011735617557798107
Epoch 67: reducing lr to 0.001011998722221632
Epoch 70: reducing lr to 0.0008550381669385415
Epoch 76: reducing lr to 0.0005647126467847662
Epoch 79: reducing lr to 0.000435926496957233
Epoch 83: reducing lr to 0.00028582285514554517
Epoch 86: reducing lr to 0.00019175486765123372
Epoch 89: reducing lr to 0.00011522488860402496
Epoch 92: reducing lr to 5.74394624719414e-05
Epoch 95: reducing lr to 1.9310070195742434e-05
Epoch 98: reducing lr to 1.437933586932727e-06
[I 2024-06-22 13:46:34,899] Trial 330 finished with value: 2.461867570877075 and parameters: {'hidden_size': 116, 'n_layers': 7, 'rnn_dropout': 0.22004324085232937, 'bidirectional': False, 'fc_dropout': 0.3096369860840687, 'learning_rate_model': 0.026075892366703723}. Best is trial 120 with value: 1.8680797815322876.
