[I 2024-06-22 08:20:05,168] Trial 883 finished with value: 0.9748558402061462 and parameters: {'hidden_size': 185, 'n_layers': 4, 'rnn_dropout': 0.13366728178859555, 'bidirectional': True, 'fc_dropout': 0.20372259717260469, 'learning_rate_model': 0.0013671668245124145}. Best is trial 153 with value: 0.9688200950622559.
Epoch 18: reducing lr to 0.00015290259907618203
Epoch 23: reducing lr to 0.0001297377612075917
Epoch 26: reducing lr to 0.00011156776689025582
Epoch 29: reducing lr to 9.15524788986569e-05
Epoch 32: reducing lr to 7.094953179849931e-05
Epoch 35: reducing lr to 5.105349207264649e-05
Epoch 38: reducing lr to 3.311449290476381e-05
Epoch 41: reducing lr to 1.8259697447262686e-05
Epoch 44: reducing lr to 7.422508762188807e-06
Epoch 47: reducing lr to 1.2838546421996667e-06
[I 2024-06-22 08:21:11,318] Trial 884 finished with value: 0.9815058708190918 and parameters: {'hidden_size': 182, 'n_layers': 4, 'rnn_dropout': 0.11473522877799444, 'bidirectional': True, 'fc_dropout': 0.22115780952139233, 'learning_rate_model': 0.0016439809273000527}. Best is trial 153 with value: 0.9688200950622559.
Epoch 27: reducing lr to 6.690881908585481e-05
Epoch 32: reducing lr to 4.519347729550975e-05
Epoch 38: reducing lr to 2.109329047433426e-05
Epoch 41: reducing lr to 1.163107354040635e-05
Epoch 44: reducing lr to 4.727994289974972e-06
Epoch 47: reducing lr to 8.177905357821319e-07
[I 2024-06-22 08:22:06,846] Trial 885 finished with value: 0.9712111949920654 and parameters: {'hidden_size': 166, 'n_layers': 4, 'rnn_dropout': 0.09678926737656122, 'bidirectional': True, 'fc_dropout': 0.19161526327749287, 'learning_rate_model': 0.0010471840028936944}. Best is trial 153 with value: 0.9688200950622559.
Epoch 32: reducing lr to 3.6071468657321854e-05
Epoch 37: reducing lr to 1.9728244045968338e-05
Epoch 40: reducing lr to 1.1594962046705735e-05
Epoch 43: reducing lr to 5.3590195664041456e-06
Epoch 46: reducing lr to 1.4122528859808145e-06
Epoch 49: reducing lr to 2.6463585109728903e-09
[I 2024-06-22 08:23:07,531] Trial 886 finished with value: 0.972887396812439 and parameters: {'hidden_size': 177, 'n_layers': 4, 'rnn_dropout': 0.1073581457001215, 'bidirectional': True, 'fc_dropout': 0.193562928547031, 'learning_rate_model': 0.0008358167416912125}. Best is trial 153 with value: 0.9688200950622559.
Epoch 18: reducing lr to 0.00012005874240292105
Epoch 23: reducing lr to 0.00010186976903507894
Epoch 27: reducing lr to 8.247760902921052e-05
Epoch 36: reducing lr to 3.517485910157449e-05
Epoch 39: reducing lr to 2.1804548428724665e-05
Epoch 42: reducing lr to 1.1119652323178628e-05
Epoch 45: reducing lr to 3.7915576627354717e-06
Epoch 48: reducing lr to 2.807063383533301e-07
[I 2024-06-22 08:24:09,124] Trial 887 finished with value: 0.9734763503074646 and parameters: {'hidden_size': 173, 'n_layers': 4, 'rnn_dropout': 0.13237657026067579, 'bidirectional': True, 'fc_dropout': 0.21781827832984416, 'learning_rate_model': 0.0012908497557173161}. Best is trial 153 with value: 0.9688200950622559.
Epoch 23: reducing lr to 8.047109298637185e-05
Epoch 27: reducing lr to 6.515243342897681e-05
Epoch 33: reducing lr to 3.980550360696886e-05
Epoch 38: reducing lr to 2.05395824078693e-05
Epoch 41: reducing lr to 1.1325752791668429e-05
Epoch 44: reducing lr to 4.603882379614435e-06
Epoch 47: reducing lr to 7.963231778612733e-07
[I 2024-06-22 08:25:11,323] Trial 888 finished with value: 0.9723408222198486 and parameters: {'hidden_size': 179, 'n_layers': 4, 'rnn_dropout': 0.09230711642091348, 'bidirectional': True, 'fc_dropout': 0.189217396220253, 'learning_rate_model': 0.0010196949665017276}. Best is trial 153 with value: 0.9688200950622559.
Epoch 32: reducing lr to 3.6337393513098864e-05
Epoch 37: reducing lr to 1.9873683936495028e-05
Epoch 40: reducing lr to 1.1680442031990006e-05
Epoch 43: reducing lr to 5.398527148389244e-06
Epoch 46: reducing lr to 1.4226642487282773e-06
Epoch 49: reducing lr to 2.6658679052899563e-09
[I 2024-06-22 08:26:18,033] Trial 889 finished with value: 0.9706817865371704 and parameters: {'hidden_size': 186, 'n_layers': 4, 'rnn_dropout': 0.09710514490543379, 'bidirectional': True, 'fc_dropout': 0.20465342323986838, 'learning_rate_model': 0.0008419785214790486}. Best is trial 153 with value: 0.9688200950622559.
Epoch 18: reducing lr to 0.0001688477748057394
Epoch 23: reducing lr to 0.00014326723300017843
Epoch 27: reducing lr to 0.00011599455797349023
Epoch 30: reducing lr to 9.351753035338098e-05
Epoch 33: reducing lr to 7.086798685479329e-05
Epoch 36: reducing lr to 4.946908962676058e-05
Epoch 39: reducing lr to 3.0665401029092975e-05
Epoch 42: reducing lr to 1.563841594376472e-05
Epoch 45: reducing lr to 5.332356991147032e-06
Epoch 48: reducing lr to 3.9477875293546845e-07
[I 2024-06-22 08:27:24,134] Trial 890 finished with value: 0.9925799369812012 and parameters: {'hidden_size': 182, 'n_layers': 4, 'rnn_dropout': 0.10849145866478739, 'bidirectional': True, 'fc_dropout': 0.18801681219937152, 'learning_rate_model': 0.001815420555797011}. Best is trial 153 with value: 0.9688200950622559.
Epoch 23: reducing lr to 9.079903622135454e-05
Epoch 27: reducing lr to 7.351432599317271e-05
Epoch 37: reducing lr to 2.715744945342921e-05
Epoch 40: reducing lr to 1.5961359508941793e-05
Epoch 43: reducing lr to 7.3771037430115685e-06
Epoch 46: reducing lr to 1.9440750163632295e-06
Epoch 49: reducing lr to 3.6429165885254467e-09
[I 2024-06-22 08:28:21,479] Trial 891 finished with value: 0.9718422889709473 and parameters: {'hidden_size': 171, 'n_layers': 4, 'rnn_dropout': 0.10741903344148028, 'bidirectional': True, 'fc_dropout': 0.22063802495548446, 'learning_rate_model': 0.0011505662065979811}. Best is trial 153 with value: 0.9688200950622559.
Epoch 18: reducing lr to 0.00013126429723668895
Epoch 23: reducing lr to 0.00011137767541473194
Epoch 27: reducing lr to 9.017556881154124e-05
Epoch 30: reducing lr to 7.270165636041312e-05
Epoch 33: reducing lr to 5.509362798399846e-05
Epoch 36: reducing lr to 3.845786710702204e-05
Epoch 39: reducing lr to 2.3839652729781206e-05
Epoch 42: reducing lr to 1.2157493227938774e-05
Epoch 45: reducing lr to 4.145438658361691e-06
Epoch 48: reducing lr to 3.069057654308703e-07
[I 2024-06-22 08:29:31,707] Trial 892 finished with value: 0.9759094715118408 and parameters: {'hidden_size': 189, 'n_layers': 4, 'rnn_dropout': 0.11729954644494675, 'bidirectional': True, 'fc_dropout': 0.18700531842961632, 'learning_rate_model': 0.0014113298426342883}. Best is trial 153 with value: 0.9688200950622559.
Epoch 23: reducing lr to 5.956067104582436e-05
Epoch 32: reducing lr to 3.257187178946323e-05
Epoch 37: reducing lr to 1.7814240994761628e-05
Epoch 40: reducing lr to 1.0470037158088694e-05
Epoch 43: reducing lr to 4.839095959535027e-06
Epoch 46: reducing lr to 1.2752383434526306e-06
Epoch 49: reducing lr to 2.389612991575245e-09
[I 2024-06-22 08:30:34,828] Trial 893 finished with value: 0.9733546376228333 and parameters: {'hidden_size': 175, 'n_layers': 4, 'rnn_dropout': 0.14241131315308006, 'bidirectional': True, 'fc_dropout': 0.2088665377111419, 'learning_rate_model': 0.0007547271226597832}. Best is trial 153 with value: 0.9688200950622559.
Epoch 23: reducing lr to 7.445826658067256e-05
Epoch 26: reducing lr to 6.403025959136794e-05
Epoch 29: reducing lr to 5.254321345232757e-05
Epoch 37: reducing lr to 2.2270022846112624e-05
Epoch 40: reducing lr to 1.3088852159283544e-05
Epoch 43: reducing lr to 6.049473429997144e-06
Epoch 46: reducing lr to 1.5942069634782658e-06
Epoch 49: reducing lr to 2.987314246579581e-09
[I 2024-06-22 08:31:03,485] Trial 894 finished with value: 0.9748426675796509 and parameters: {'hidden_size': 185, 'n_layers': 2, 'rnn_dropout': 0.10499572070181529, 'bidirectional': True, 'fc_dropout': 0.1813167444161053, 'learning_rate_model': 0.0009435030248640194}. Best is trial 153 with value: 0.9688200950622559.
Epoch 23: reducing lr to 9.356055431566037e-05
Epoch 37: reducing lr to 2.7983403022782227e-05
Epoch 40: reducing lr to 1.644680059871514e-05
Epoch 43: reducing lr to 7.601467418196774e-06
Epoch 46: reducing lr to 2.0032011762630704e-06
Epoch 49: reducing lr to 3.7537104966445936e-09
[I 2024-06-22 08:32:06,863] Trial 895 finished with value: 0.9702348113059998 and parameters: {'hidden_size': 180, 'n_layers': 4, 'rnn_dropout': 0.1223928883097889, 'bidirectional': True, 'fc_dropout': 0.22358321260629233, 'learning_rate_model': 0.0011855589722752657}. Best is trial 153 with value: 0.9688200950622559.
Epoch 23: reducing lr to 8.291296315870433e-05
Epoch 36: reducing lr to 2.8629217720098887e-05
Epoch 39: reducing lr to 1.7746969858550366e-05
Epoch 42: reducing lr to 9.050411443377598e-06
Epoch 45: reducing lr to 3.0859918873109162e-06
Epoch 48: reducing lr to 2.2847008009107585e-07
[I 2024-06-22 08:33:12,256] Trial 896 finished with value: 0.9716944694519043 and parameters: {'hidden_size': 181, 'n_layers': 4, 'rnn_dropout': 0.13146805529975739, 'bidirectional': True, 'fc_dropout': 0.21347294768636582, 'learning_rate_model': 0.001050637291642009}. Best is trial 153 with value: 0.9688200950622559.
Epoch 23: reducing lr to 6.172499905755892e-05
Epoch 32: reducing lr to 3.375547521888604e-05
Epoch 37: reducing lr to 1.8461578577024417e-05
Epoch 40: reducing lr to 1.0850499538838547e-05
Epoch 43: reducing lr to 5.014940031685181e-06
Epoch 46: reducing lr to 1.3215782187412946e-06
Epoch 49: reducing lr to 2.476447243842175e-09
[I 2024-06-22 08:34:20,807] Trial 897 finished with value: 0.9727483987808228 and parameters: {'hidden_size': 187, 'n_layers': 4, 'rnn_dropout': 0.1260180288031793, 'bidirectional': True, 'fc_dropout': 0.22414631363758786, 'learning_rate_model': 0.0007821525533022897}. Best is trial 153 with value: 0.9688200950622559.
Epoch 23: reducing lr to 7.023196642392006e-05
Epoch 26: reducing lr to 6.0395859966247675e-05
Epoch 37: reducing lr to 2.1005961710020596e-05
Epoch 40: reducing lr to 1.2345920306679159e-05
Epoch 43: reducing lr to 5.706101341449181e-06
Epoch 46: reducing lr to 1.5037187282687594e-06
Epoch 49: reducing lr to 2.8177523262156586e-09
[I 2024-06-22 08:35:26,919] Trial 898 finished with value: 0.9726086854934692 and parameters: {'hidden_size': 182, 'n_layers': 4, 'rnn_dropout': 0.15273452888562633, 'bidirectional': True, 'fc_dropout': 0.2205422066715913, 'learning_rate_model': 0.0008899491729547898}. Best is trial 153 with value: 0.9688200950622559.
Epoch 23: reducing lr to 8.835750813747742e-05
Epoch 27: reducing lr to 7.15375727262981e-05
Epoch 33: reducing lr to 4.370656565413839e-05
Epoch 36: reducing lr to 3.050917783304054e-05
Epoch 39: reducing lr to 1.8912338601274685e-05
Epoch 42: reducing lr to 9.64471383353043e-06
Epoch 45: reducing lr to 3.2886359732837252e-06
Epoch 48: reducing lr to 2.434727477074617e-07
[I 2024-06-22 08:36:35,401] Trial 899 finished with value: 0.9740349054336548 and parameters: {'hidden_size': 188, 'n_layers': 4, 'rnn_dropout': 0.12027622680156162, 'bidirectional': True, 'fc_dropout': 0.22226412426496037, 'learning_rate_model': 0.0011196282162549925}. Best is trial 153 with value: 0.9688200950622559.
Epoch 18: reducing lr to 0.00013902235288955643
Epoch 23: reducing lr to 0.00011796038086125898
Epoch 27: reducing lr to 9.550517553702772e-05
Epoch 32: reducing lr to 6.450885012180441e-05
Epoch 36: reducing lr to 4.0730825402520114e-05
Epoch 39: reducing lr to 2.5248637171980176e-05
Epoch 42: reducing lr to 1.287603216843711e-05
Epoch 45: reducing lr to 4.390444684327223e-06
Epoch 48: reducing lr to 3.2504468102725894e-07
[I 2024-06-22 08:37:37,606] Trial 900 finished with value: 0.9740408658981323 and parameters: {'hidden_size': 179, 'n_layers': 4, 'rnn_dropout': 0.10229327921378484, 'bidirectional': True, 'fc_dropout': 0.20130017732849542, 'learning_rate_model': 0.0014947430455707006}. Best is trial 153 with value: 0.9688200950622559.
Epoch 23: reducing lr to 7.526843133535e-05
Epoch 27: reducing lr to 6.09401622357783e-05
Epoch 36: reducing lr to 2.598961882504891e-05
Epoch 39: reducing lr to 1.6110708522767254e-05
Epoch 42: reducing lr to 8.215968243453352e-06
Epoch 45: reducing lr to 2.8014650498849588e-06
Epoch 48: reducing lr to 2.0740525824172825e-07
[I 2024-06-22 08:38:42,131] Trial 901 finished with value: 0.9725947380065918 and parameters: {'hidden_size': 184, 'n_layers': 4, 'rnn_dropout': 0.09834550463660838, 'bidirectional': True, 'fc_dropout': 0.23084710575100295, 'learning_rate_model': 0.0009537690830437138}. Best is trial 153 with value: 0.9688200950622559.
Epoch 18: reducing lr to 0.00011446965016955154
Epoch 23: reducing lr to 9.712742771504148e-05
Epoch 26: reducing lr to 8.352456611782373e-05
Epoch 33: reducing lr to 4.804465840797576e-05
Epoch 36: reducing lr to 3.3537364589473955e-05
Epoch 39: reducing lr to 2.0789481721911086e-05
Epoch 42: reducing lr to 1.0601999371020651e-05
Epoch 45: reducing lr to 3.6150493547103343e-06
Epoch 48: reducing lr to 2.6763862179934177e-07
[I 2024-06-22 08:39:52,370] Trial 902 finished with value: 0.9732985496520996 and parameters: {'hidden_size': 189, 'n_layers': 4, 'rnn_dropout': 0.11839668420643831, 'bidirectional': True, 'fc_dropout': 0.2076333977908726, 'learning_rate_model': 0.0012307568528621964}. Best is trial 153 with value: 0.9688200950622559.
Epoch 23: reducing lr to 5.897637526065929e-05
Epoch 32: reducing lr to 3.225233866353726e-05
Epoch 37: reducing lr to 1.7639481615016804e-05
Epoch 40: reducing lr to 1.0367325108768664e-05
Epoch 43: reducing lr to 4.791623973012416e-06
Epoch 46: reducing lr to 1.2627281353559672e-06
Epoch 49: reducing lr to 2.366170663364257e-09
[I 2024-06-22 08:40:54,588] Trial 903 finished with value: 0.9747616052627563 and parameters: {'hidden_size': 179, 'n_layers': 4, 'rnn_dropout': 0.14694929173776392, 'bidirectional': True, 'fc_dropout': 0.19582336697720665, 'learning_rate_model': 0.0007473231785977596}. Best is trial 153 with value: 0.9688200950622559.
Epoch 23: reducing lr to 7.120049217015149e-05
Epoch 27: reducing lr to 5.764660518543963e-05
Epoch 38: reducing lr to 1.8173338053918914e-05
Epoch 41: reducing lr to 1.0020979497579654e-05
Epoch 44: reducing lr to 4.07349619791482e-06
Epoch 47: reducing lr to 7.045834732209038e-07
[I 2024-06-22 08:42:01,373] Trial 904 finished with value: 0.9724955558776855 and parameters: {'hidden_size': 185, 'n_layers': 4, 'rnn_dropout': 0.1034800797878532, 'bidirectional': True, 'fc_dropout': 0.19801634692439327, 'learning_rate_model': 0.0009022219132856161}. Best is trial 153 with value: 0.9688200950622559.
Epoch 23: reducing lr to 9.519754086153093e-05
Epoch 36: reducing lr to 3.287098928699498e-05
Epoch 39: reducing lr to 2.0376402240550536e-05
Epoch 42: reducing lr to 1.0391341478719739e-05
Epoch 45: reducing lr to 3.5432196317517968e-06
Epoch 48: reducing lr to 2.6232073920065545e-07
[I 2024-06-22 08:43:00,971] Trial 905 finished with value: 0.9700944423675537 and parameters: {'hidden_size': 176, 'n_layers': 4, 'rnn_dropout': 0.13233872521908663, 'bidirectional': True, 'fc_dropout': 0.22628975590594513, 'learning_rate_model': 0.0012063021594137572}. Best is trial 153 with value: 0.9688200950622559.
Epoch 18: reducing lr to 0.0001702313914964526
Epoch 23: reducing lr to 0.00014444123091065966
Epoch 27: reducing lr to 0.00011694507098219684
Epoch 33: reducing lr to 7.144871188692564e-05
Epoch 36: reducing lr to 4.98744622066523e-05
Epoch 39: reducing lr to 3.0916687495497895e-05
Epoch 42: reducing lr to 1.5766564350464213e-05
Epoch 45: reducing lr to 5.376052788395673e-06
Epoch 48: reducing lr to 3.9801375246290537e-07
[I 2024-06-22 08:43:56,525] Trial 906 finished with value: 0.9824361801147461 and parameters: {'hidden_size': 168, 'n_layers': 4, 'rnn_dropout': 0.1599285326933825, 'bidirectional': True, 'fc_dropout': 0.22818544333366358, 'learning_rate_model': 0.0018302969507305806}. Best is trial 153 with value: 0.9688200950622559.
Epoch 18: reducing lr to 0.000137236954632731
Epoch 23: reducing lr to 0.0001164454715392202
Epoch 27: reducing lr to 9.42786477853569e-05
Epoch 36: reducing lr to 4.020773869623706e-05
Epoch 39: reducing lr to 2.4924380878966035e-05
Epoch 42: reducing lr to 1.2710671383566645e-05
Epoch 45: reducing lr to 4.334060281940399e-06
Epoch 48: reducing lr to 3.20870286084048e-07
[I 2024-06-22 08:44:58,202] Trial 907 finished with value: 0.9734400510787964 and parameters: {'hidden_size': 173, 'n_layers': 4, 'rnn_dropout': 0.12758127704905364, 'bidirectional': True, 'fc_dropout': 0.22780319816160613, 'learning_rate_model': 0.0014755467683354566}. Best is trial 153 with value: 0.9688200950622559.
Epoch 18: reducing lr to 0.00012776788686244835
Epoch 23: reducing lr to 0.00010841097336416073
Epoch 27: reducing lr to 8.777361488398387e-05
Epoch 36: reducing lr to 3.743348737578636e-05
Epoch 39: reducing lr to 2.320464983198332e-05
Epoch 42: reducing lr to 1.1833661185702048e-05
Epoch 45: reducing lr to 4.035019031425825e-06
Epoch 48: reducing lr to 2.9873089591372223e-07
[I 2024-06-22 08:45:57,814] Trial 908 finished with value: 0.9722508788108826 and parameters: {'hidden_size': 176, 'n_layers': 4, 'rnn_dropout': 0.13749837684007402, 'bidirectional': True, 'fc_dropout': 0.218341808020295, 'learning_rate_model': 0.0013737370744014755}. Best is trial 153 with value: 0.9688200950622559.
Epoch 22: reducing lr to 0.00017426452245132998
Epoch 27: reducing lr to 0.00013540865326016065
Epoch 30: reducing lr to 0.00010916962883949759
Epoch 33: reducing lr to 8.272921442969297e-05
Epoch 36: reducing lr to 5.774876788527219e-05
Epoch 39: reducing lr to 3.5797891966459484e-05
Epoch 42: reducing lr to 1.8255829230810672e-05
Epoch 45: reducing lr to 6.224837539694269e-06
Epoch 48: reducing lr to 4.6085316591261415e-07
[I 2024-06-22 08:46:51,260] Trial 909 finished with value: 0.9887053966522217 and parameters: {'hidden_size': 164, 'n_layers': 4, 'rnn_dropout': 0.1231322941002661, 'bidirectional': True, 'fc_dropout': 0.2254741129669632, 'learning_rate_model': 0.002119268842056081}. Best is trial 153 with value: 0.9688200950622559.
Epoch 23: reducing lr to 9.224069660412315e-05
Epoch 37: reducing lr to 2.7588641463866458e-05
Epoch 40: reducing lr to 1.621478576341296e-05
Epoch 43: reducing lr to 7.494233600865421e-06
Epoch 46: reducing lr to 1.974942039283914e-06
Epoch 49: reducing lr to 3.7007569439256523e-09
[I 2024-06-22 08:47:48,583] Trial 910 finished with value: 0.9721865653991699 and parameters: {'hidden_size': 171, 'n_layers': 4, 'rnn_dropout': 0.14664286530334905, 'bidirectional': True, 'fc_dropout': 0.20892217695051443, 'learning_rate_model': 0.0011688343048822068}. Best is trial 153 with value: 0.9688200950622559.
Epoch 18: reducing lr to 0.00015193767471869811
Epoch 23: reducing lr to 0.0001289190234841586
Epoch 27: reducing lr to 0.0001043777061248915
Epoch 33: reducing lr to 6.377055988508385e-05
Epoch 36: reducing lr to 4.451476163655896e-05
Epoch 39: reducing lr to 2.759426194415197e-05
Epoch 42: reducing lr to 1.40722290093139e-05
Epoch 45: reducing lr to 4.7983215824845766e-06
Epoch 48: reducing lr to 3.5524167149004156e-07
[I 2024-06-22 08:48:59,107] Trial 911 finished with value: 0.9797475337982178 and parameters: {'hidden_size': 190, 'n_layers': 4, 'rnn_dropout': 0.11469518295920918, 'bidirectional': True, 'fc_dropout': 0.23299770006916753, 'learning_rate_model': 0.0016336062361595805}. Best is trial 153 with value: 0.9688200950622559.
Epoch 18: reducing lr to 0.00011063705670830216
Epoch 23: reducing lr to 9.387547452205742e-05
Epoch 27: reducing lr to 7.600512652969387e-05
Epoch 37: reducing lr to 2.8077593775713144e-05
Epoch 40: reducing lr to 1.650215971749124e-05
Epoch 43: reducing lr to 7.627053582213951e-06
Epoch 46: reducing lr to 2.009943852516929e-06
Epoch 49: reducing lr to 3.7663453008283946e-09
[I 2024-06-22 08:49:24,900] Trial 912 finished with value: 0.9723811149597168 and parameters: {'hidden_size': 176, 'n_layers': 2, 'rnn_dropout': 0.13502299333786, 'bidirectional': True, 'fc_dropout': 0.2062375679459164, 'learning_rate_model': 0.0011895495052405276}. Best is trial 153 with value: 0.9688200950622559.
Epoch 18: reducing lr to 0.000127346131484514
Epoch 23: reducing lr to 0.00010805311418556559
Epoch 33: reducing lr to 5.344911404628443e-05
Epoch 36: reducing lr to 3.7309921313896543e-05
Epoch 39: reducing lr to 2.312805244824277e-05
Epoch 42: reducing lr to 1.1794598864423327e-05
Epoch 45: reducing lr to 4.021699636244744e-06
Epoch 48: reducing lr to 2.9774480022879727e-07
[I 2024-06-22 08:50:30,992] Trial 913 finished with value: 0.9779097437858582 and parameters: {'hidden_size': 182, 'n_layers': 4, 'rnn_dropout': 0.09797244371539553, 'bidirectional': True, 'fc_dropout': 0.23249802114753987, 'learning_rate_model': 0.001369202437308977}. Best is trial 153 with value: 0.9688200950622559.
Epoch 23: reducing lr to 8.576818640215224e-05
Epoch 26: reducing lr to 7.375620588830845e-05
Epoch 37: reducing lr to 2.5652752318321875e-05
Epoch 40: reducing lr to 1.5076997670518476e-05
Epoch 43: reducing lr to 6.968364811672139e-06
Epoch 46: reducing lr to 1.8363607734417235e-06
Epoch 49: reducing lr to 3.441075610653016e-09
[I 2024-06-22 08:51:32,615] Trial 914 finished with value: 0.9732983708381653 and parameters: {'hidden_size': 173, 'n_layers': 4, 'rnn_dropout': 0.1212121159746101, 'bidirectional': True, 'fc_dropout': 0.19121131767733215, 'learning_rate_model': 0.0010868174485348157}. Best is trial 153 with value: 0.9688200950622559.
Epoch 23: reducing lr to 6.250068079333925e-05
Epoch 32: reducing lr to 3.417967134702951e-05
Epoch 37: reducing lr to 1.869358035158122e-05
Epoch 40: reducing lr to 1.0986854896390207e-05
Epoch 43: reducing lr to 5.077961456521234e-06
Epoch 46: reducing lr to 1.3381861426349332e-06
Epoch 49: reducing lr to 2.5075681012848816e-09
