[I 2024-06-21 23:40:09,229] Trial 251 finished with value: 1.0928254127502441 and parameters: {'hidden_size': 23, 'n_layers': 1, 'rnn_dropout': 0.12036402269413077, 'bidirectional': False, 'fc_dropout': 0.08863635175676494, 'learning_rate_model': 0.0038923505213127522}. Best is trial 153 with value: 0.9688200950622559.
Epoch 16: reducing lr to 0.0003986569943507328
Epoch 19: reducing lr to 0.00037417694569836417
Epoch 22: reducing lr to 0.00033914367678021924
Epoch 25: reducing lr to 0.00029575842880381865
Epoch 28: reducing lr to 0.0002467472951038369
Epoch 31: reducing lr to 0.00019518981170372446
Epoch 34: reducing lr to 0.00014432558120892357
Epoch 37: reducing lr to 9.735049463520341e-05
Epoch 40: reducing lr to 5.721620676898968e-05
Epoch 43: reducing lr to 2.64444825567632e-05
Epoch 46: reducing lr to 6.968867410595686e-06
Epoch 49: reducing lr to 1.3058653848107422e-08
[I 2024-06-21 23:40:31,226] Trial 252 finished with value: 1.0237370729446411 and parameters: {'hidden_size': 113, 'n_layers': 3, 'rnn_dropout': 0.1585593834561535, 'bidirectional': True, 'fc_dropout': 0.5705311785278516, 'learning_rate_model': 0.004124400176641758}. Best is trial 153 with value: 0.9688200950622559.
Epoch 19: reducing lr to 2.9719459277184942e-05
[I 2024-06-21 23:41:08,645] Trial 253 finished with value: 1.0522112846374512 and parameters: {'hidden_size': 98, 'n_layers': 6, 'rnn_dropout': 0.08798077795625635, 'bidirectional': True, 'fc_dropout': 0.5272285277327067, 'learning_rate_model': 0.0003275855033338442}. Best is trial 153 with value: 0.9688200950622559.
Epoch 8: reducing lr to 0.0025885034565835455
Epoch 11: reducing lr to 0.003156127688355928
Epoch 16: reducing lr to 0.003067990711508639
Epoch 19: reducing lr to 0.0028795967714874324
Epoch 22: reducing lr to 0.002609987194438115
Epoch 25: reducing lr to 0.002276102326759131
Epoch 28: reducing lr to 0.001898921680030624
Epoch 31: reducing lr to 0.0015021447955865924
Epoch 34: reducing lr to 0.0011107030576578904
Epoch 37: reducing lr to 0.0007491914541421778
Epoch 40: reducing lr to 0.0004403253759561066
Epoch 43: reducing lr to 0.0002035118610848284
Epoch 46: reducing lr to 5.363111845124793e-05
Epoch 49: reducing lr to 1.0049699184569438e-07
[I 2024-06-21 23:41:32,520] Trial 254 finished with value: 1.0357180833816528 and parameters: {'hidden_size': 93, 'n_layers': 4, 'rnn_dropout': 0.7482270160054405, 'bidirectional': True, 'fc_dropout': 0.4436147986225336, 'learning_rate_model': 0.03174062317178117}. Best is trial 153 with value: 0.9688200950622559.
Epoch 3: reducing lr to 4.0636139927154175e-05
Epoch 15: reducing lr to 0.00015828606726890529
Epoch 18: reducing lr to 0.00015022479424931667
Epoch 22: reducing lr to 0.00013281479378951538
Epoch 25: reducing lr to 0.00011582434650122106
Epoch 28: reducing lr to 9.663070067667621e-05
Epoch 33: reducing lr to 6.30516378221333e-05
Epoch 36: reducing lr to 4.401292122108861e-05
Epoch 39: reducing lr to 2.7283176017382066e-05
Epoch 42: reducing lr to 1.3913584708120365e-05
Epoch 45: reducing lr to 4.744227353784122e-06
Epoch 48: reducing lr to 3.512368285692093e-07
[I 2024-06-21 23:42:07,590] Trial 255 finished with value: 1.0930744409561157 and parameters: {'hidden_size': 191, 'n_layers': 5, 'rnn_dropout': 0.598816256071803, 'bidirectional': False, 'fc_dropout': 0.669401639883065, 'learning_rate_model': 0.001615189656981585}. Best is trial 153 with value: 0.9688200950622559.
Epoch 8: reducing lr to 0.0009880083667888847
Epoch 20: reducing lr to 0.0010679752412610733
Epoch 23: reducing lr to 0.000956085973495413
Epoch 26: reducing lr to 0.0008221845053060603
Epoch 29: reducing lr to 0.0006746843794666825
Epoch 32: reducing lr to 0.0005228535743735544
Epoch 35: reducing lr to 0.0003762322335015006
Epoch 38: reducing lr to 0.00024403305476343782
Epoch 41: reducing lr to 0.00013456252402616834
Epoch 44: reducing lr to 5.469923674974175e-05
Epoch 47: reducing lr to 9.461203923890813e-06
[I 2024-06-21 23:42:42,549] Trial 256 finished with value: 1.1118240356445312 and parameters: {'hidden_size': 176, 'n_layers': 6, 'rnn_dropout': 0.6467290852849135, 'bidirectional': False, 'fc_dropout': 0.7206264917655328, 'learning_rate_model': 0.012115108898561665}. Best is trial 153 with value: 0.9688200950622559.
Epoch 3: reducing lr to 0.001004729005908657
Epoch 6: reducing lr to 0.002383127728237458
Epoch 9: reducing lr to 0.003595396571323028
Epoch 12: reducing lr to 0.003992498590996879
Epoch 15: reducing lr to 0.003913624751301901
Epoch 18: reducing lr to 0.003714309687374845
Epoch 21: reducing lr to 0.0034070771325621528
Epoch 24: reducing lr to 0.0030112315437417943
Epoch 27: reducing lr to 0.0025516457700398005
Epoch 30: reducing lr to 0.0020571966040450716
Epoch 33: reducing lr to 0.001558952437497947
Epoch 36: reducing lr to 0.0010882199604803178
Epoch 39: reducing lr to 0.0006745768266157977
Epoch 42: reducing lr to 0.00034401353468798
Epoch 45: reducing lr to 0.00011730107341684157
Epoch 48: reducing lr to 8.684334443169461e-06
[I 2024-06-21 23:43:00,533] Trial 257 finished with value: 1.1072638034820557 and parameters: {'hidden_size': 93, 'n_layers': 7, 'rnn_dropout': 0.20061852533840183, 'bidirectional': False, 'fc_dropout': 0.6469722785482318, 'learning_rate_model': 0.03993558200464396}. Best is trial 153 with value: 0.9688200950622559.
Epoch 22: reducing lr to 5.783897237074996e-05
Epoch 25: reducing lr to 5.043987183958673e-05
Epoch 28: reducing lr to 4.208130937177039e-05
Epoch 31: reducing lr to 3.328848184157587e-05
Epoch 34: reducing lr to 2.4613884543526424e-05
Epoch 37: reducing lr to 1.660255801594465e-05
Epoch 40: reducing lr to 9.757889735374032e-06
Epoch 43: reducing lr to 4.509951978112824e-06
Epoch 46: reducing lr to 1.1884996159845025e-06
Epoch 49: reducing lr to 2.2270771086996786e-09
[I 2024-06-21 23:43:03,345] Trial 258 finished with value: 1.0938295125961304 and parameters: {'hidden_size': 18, 'n_layers': 3, 'rnn_dropout': 0.18841756528789544, 'bidirectional': False, 'fc_dropout': 0.5792678758912593, 'learning_rate_model': 0.0007033923501905388}. Best is trial 153 with value: 0.9688200950622559.
Epoch 9: reducing lr to 0.0010996657822756255
Epoch 14: reducing lr to 0.0012092554640237194
Epoch 18: reducing lr to 0.0011360358132838698
Epoch 21: reducing lr to 0.0010420675622087694
Epoch 24: reducing lr to 0.0009209966760199015
Epoch 27: reducing lr to 0.0007804306106818634
Epoch 30: reducing lr to 0.0006292014435696959
Epoch 33: reducing lr to 0.0004768115610347924
Epoch 36: reducing lr to 0.00033283623388704177
Epoch 39: reducing lr to 0.00020632190052751292
Epoch 42: reducing lr to 0.0001052178543400166
Epoch 45: reducing lr to 3.587698160741025e-05
Epoch 48: reducing lr to 2.6561368793533503e-06
[I 2024-06-21 23:43:14,271] Trial 259 finished with value: 1.1004985570907593 and parameters: {'hidden_size': 83, 'n_layers': 5, 'rnn_dropout': 0.4269662037074211, 'bidirectional': False, 'fc_dropout': 0.3165186178140391, 'learning_rate_model': 0.012214450382481491}. Best is trial 153 with value: 0.9688200950622559.
Epoch 7: reducing lr to 0.00010659384234930892
Epoch 10: reducing lr to 0.0001438655897065835
Epoch 18: reducing lr to 0.00013920923908264905
Epoch 21: reducing lr to 0.00012769441835505343
Epoch 24: reducing lr to 0.00011285845478389196
Epoch 27: reducing lr to 9.563356207563664e-05
Epoch 30: reducing lr to 7.710201840895202e-05
Epoch 33: reducing lr to 5.842824127664847e-05
Epoch 36: reducing lr to 4.0785579395261454e-05
Epoch 39: reducing lr to 2.5282578632355243e-05
Epoch 42: reducing lr to 1.2893341274376421e-05
Epoch 45: reducing lr to 4.3963467099798025e-06
Epoch 48: reducing lr to 3.254816349541629e-07
[I 2024-06-21 23:43:22,910] Trial 260 finished with value: 1.092515468597412 and parameters: {'hidden_size': 62, 'n_layers': 5, 'rnn_dropout': 0.7683177185760145, 'bidirectional': False, 'fc_dropout': 0.08719602714371498, 'learning_rate_model': 0.0014967524119181418}. Best is trial 153 with value: 0.9688200950622559.
[I 2024-06-21 23:43:40,256] Trial 261 finished with value: 1.0866827964782715 and parameters: {'hidden_size': 131, 'n_layers': 2, 'rnn_dropout': 0.7310751001972866, 'bidirectional': True, 'fc_dropout': 0.616105750079846, 'learning_rate_model': 2.6425810722624015e-05}. Best is trial 153 with value: 0.9688200950622559.
Epoch 11: reducing lr to 0.00012424575927421944
Epoch 14: reducing lr to 0.00012370481013052127
Epoch 17: reducing lr to 0.00011869249576983292
Epoch 20: reducing lr to 0.00011014792512177766
Epoch 23: reducing lr to 9.860798467032135e-05
Epoch 26: reducing lr to 8.479776855107759e-05
Epoch 29: reducing lr to 6.958502560656496e-05
Epoch 32: reducing lr to 5.392562873625039e-05
Epoch 35: reducing lr to 3.880352117076084e-05
Epoch 38: reducing lr to 2.516887433793131e-05
Epoch 41: reducing lr to 1.3878395535771174e-05
Epoch 44: reducing lr to 5.641523511925781e-06
Epoch 47: reducing lr to 9.75801630138961e-07
[I 2024-06-21 23:43:43,830] Trial 262 finished with value: 1.0930674076080322 and parameters: {'hidden_size': 118, 'n_layers': 1, 'rnn_dropout': 0.46478725814001565, 'bidirectional': False, 'fc_dropout': 0.572661562286544, 'learning_rate_model': 0.0012495178317291505}. Best is trial 153 with value: 0.9688200950622559.
Epoch 12: reducing lr to 0.0031540983637519545
Epoch 15: reducing lr to 0.00309178754684002
Epoch 18: reducing lr to 0.002934327424394122
Epoch 21: reducing lr to 0.0026916118225373694
Epoch 24: reducing lr to 0.0023788913805534487
Epoch 27: reducing lr to 0.0020158158017402348
Epoch 30: reducing lr to 0.001625197929278295
Epoch 33: reducing lr to 0.0012315819831139017
Epoch 36: reducing lr to 0.0008597004403440925
Epoch 39: reducing lr to 0.0005329198286636381
Epoch 42: reducing lr to 0.00027177280145187463
Epoch 45: reducing lr to 9.266856713856173e-05
Epoch 48: reducing lr to 6.860677451268893e-06
[I 2024-06-21 23:44:48,325] Trial 263 finished with value: 1.10736882686615 and parameters: {'hidden_size': 137, 'n_layers': 6, 'rnn_dropout': 0.6460098173144257, 'bidirectional': True, 'fc_dropout': 0.326359991237894, 'learning_rate_model': 0.03154935461727455}. Best is trial 153 with value: 0.9688200950622559.
Epoch 12: reducing lr to 0.0019085107861859223
Epoch 18: reducing lr to 0.0017755297691463342
Epoch 21: reducing lr to 0.0016286651851362814
Epoch 24: reducing lr to 0.0014394414299591656
Epoch 27: reducing lr to 0.0012197483264310186
Epoch 30: reducing lr to 0.000983389679079323
Epoch 33: reducing lr to 0.0007452169297754907
Epoch 36: reducing lr to 0.0005201954327555399
Epoch 39: reducing lr to 0.0003224640210545103
Epoch 42: reducing lr to 0.0001644467810274223
Epoch 45: reducing lr to 5.607274711431562e-05
Epoch 48: reducing lr to 4.1513216793638565e-06
[I 2024-06-21 23:45:08,380] Trial 264 finished with value: 1.125157117843628 and parameters: {'hidden_size': 146, 'n_layers': 2, 'rnn_dropout': 0.4525857173034107, 'bidirectional': True, 'fc_dropout': 0.6764141404245652, 'learning_rate_model': 0.019090173051118056}. Best is trial 153 with value: 0.9688200950622559.
Epoch 15: reducing lr to 0.00029334433313405795
Epoch 22: reducing lr to 0.0002461395862993713
Epoch 27: reducing lr to 0.00019125768932181517
Epoch 38: reducing lr to 6.029480196233063e-05
Epoch 41: reducing lr to 3.324722032256744e-05
Epoch 47: reducing lr to 2.3376399458229813e-06
[I 2024-06-21 23:45:13,902] Trial 265 finished with value: 0.9782182574272156 and parameters: {'hidden_size': 108, 'n_layers': 1, 'rnn_dropout': 0.11800200431754836, 'bidirectional': True, 'fc_dropout': 0.2979990131242876, 'learning_rate_model': 0.0029933571601558667}. Best is trial 153 with value: 0.9688200950622559.
Epoch 24: reducing lr to 5.5286626392216036e-05
Epoch 27: reducing lr to 4.684856821012547e-05
Epoch 33: reducing lr to 2.8622581732151926e-05
Epoch 36: reducing lr to 1.997986854005483e-05
Epoch 39: reducing lr to 1.2385323560874687e-05
Epoch 42: reducing lr to 6.316135936370519e-06
Epoch 45: reducing lr to 2.1536638837624137e-06
Epoch 48: reducing lr to 1.5944557794714005e-07
[I 2024-06-21 23:45:23,413] Trial 266 finished with value: 1.1079814434051514 and parameters: {'hidden_size': 52, 'n_layers': 7, 'rnn_dropout': 0.12478018643473794, 'bidirectional': False, 'fc_dropout': 0.18479195893576314, 'learning_rate_model': 0.0007332227927258254}. Best is trial 153 with value: 0.9688200950622559.
Epoch 3: reducing lr to 3.188124608749892e-05
Epoch 6: reducing lr to 7.561947661018155e-05
Epoch 9: reducing lr to 0.00011408620851831988
Epoch 12: reducing lr to 0.00012668672779925311
Epoch 15: reducing lr to 0.0001241839670763183
Epoch 25: reducing lr to 9.087045423971632e-05
Epoch 28: reducing lr to 7.581200265091985e-05
Epoch 31: reducing lr to 5.997119650729335e-05
Epoch 34: reducing lr to 4.434338921770949e-05
Epoch 37: reducing lr to 2.9910504000648047e-05
Epoch 40: reducing lr to 1.757942358566009e-05
Epoch 43: reducing lr to 8.124948971991222e-06
Epoch 46: reducing lr to 2.1411533382104803e-06
Epoch 49: reducing lr to 4.012212979800749e-09
[I 2024-06-21 23:45:40,854] Trial 267 finished with value: 1.0936362743377686 and parameters: {'hidden_size': 106, 'n_layers': 6, 'rnn_dropout': 0.5074246022190988, 'bidirectional': False, 'fc_dropout': 0.3627019412177587, 'learning_rate_model': 0.0012672035046764618}. Best is trial 153 with value: 0.9688200950622559.
Epoch 11: reducing lr to 7.287943763802778e-05
Epoch 14: reducing lr to 7.256213047508079e-05
Epoch 17: reducing lr to 6.962203292965276e-05
Epoch 20: reducing lr to 6.461000268148734e-05
Epoch 23: reducing lr to 5.784096383950753e-05
Epoch 26: reducing lr to 4.974023838771375e-05
Epoch 29: reducing lr to 4.0816825973443894e-05
Epoch 32: reducing lr to 3.1631417599541965e-05
Epoch 35: reducing lr to 2.2761169619148115e-05
Epoch 38: reducing lr to 1.4763428695237821e-05
Epoch 41: reducing lr to 8.140717782832122e-06
Epoch 44: reducing lr to 3.3091758090787044e-06
Epoch 47: reducing lr to 5.723806950532666e-07
[I 2024-06-21 23:45:49,120] Trial 268 finished with value: 1.092707633972168 and parameters: {'hidden_size': 137, 'n_layers': 2, 'rnn_dropout': 0.6304396409378458, 'bidirectional': False, 'fc_dropout': 0.1779065548249406, 'learning_rate_model': 0.0007329357350066418}. Best is trial 153 with value: 0.9688200950622559.
Epoch 14: reducing lr to 6.25732037907932e-06
Epoch 17: reducing lr to 6.003784103793055e-06
Epoch 29: reducing lr to 3.519796832049675e-06
Epoch 34: reducing lr to 2.211702868882563e-06
[I 2024-06-21 23:46:21,237] Trial 269 finished with value: 1.1069889068603516 and parameters: {'hidden_size': 181, 'n_layers': 5, 'rnn_dropout': 0.580767076679052, 'bidirectional': False, 'fc_dropout': 0.7568440238780506, 'learning_rate_model': 6.320395612953416e-05}. Best is trial 153 with value: 0.9688200950622559.
[I 2024-06-21 23:48:06,018] Trial 270 finished with value: 1.0840476751327515 and parameters: {'hidden_size': 165, 'n_layers': 7, 'rnn_dropout': 0.011654985410665387, 'bidirectional': True, 'fc_dropout': 0.6139388141931627, 'learning_rate_model': 2.1128387034312285e-05}. Best is trial 153 with value: 0.9688200950622559.
Epoch 8: reducing lr to 0.00019611572728538742
Epoch 11: reducing lr to 0.00023912128663888991
Epoch 14: reducing lr to 0.00023808018506727146
Epoch 17: reducing lr to 0.00022843356963373309
Epoch 20: reducing lr to 0.00021198883349887314
Epoch 23: reducing lr to 0.00018977925930811057
Epoch 26: reducing lr to 0.0001632003509696275
Epoch 29: reducing lr to 0.00013392216322746157
Epoch 32: reducing lr to 0.00010378435289500384
Epoch 35: reducing lr to 7.468060047017668e-05
Epoch 38: reducing lr to 4.8439589810510905e-05
Epoch 41: reducing lr to 2.6710125290253057e-05
Epoch 44: reducing lr to 1.08575807227181e-05
Epoch 47: reducing lr to 1.8780113113411359e-06
[I 2024-06-21 23:48:27,181] Trial 271 finished with value: 1.0925073623657227 and parameters: {'hidden_size': 200, 'n_layers': 3, 'rnn_dropout': 0.7241622127464323, 'bidirectional': False, 'fc_dropout': 0.6758494552049629, 'learning_rate_model': 0.0024048008829167943}. Best is trial 153 with value: 0.9688200950622559.
[I 2024-06-21 23:48:53,683] Trial 272 finished with value: 1.0741480588912964 and parameters: {'hidden_size': 101, 'n_layers': 4, 'rnn_dropout': 0.45910842151387793, 'bidirectional': True, 'fc_dropout': 0.0911726091673491, 'learning_rate_model': 4.026351717100039e-05}. Best is trial 153 with value: 0.9688200950622559.
[I 2024-06-21 23:49:00,294] Trial 273 finished with value: 0.9955556392669678 and parameters: {'hidden_size': 25, 'n_layers': 4, 'rnn_dropout': 0.6781768112288086, 'bidirectional': True, 'fc_dropout': 0.340579529588093, 'learning_rate_model': 0.0025587706106692735}. Best is trial 153 with value: 0.9688200950622559.
Epoch 25: reducing lr to 0.0003858055805149859
Epoch 33: reducing lr to 0.0002100221107842151
Epoch 36: reducing lr to 0.0001466050198839966
Epoch 39: reducing lr to 9.087900669974992e-05
Epoch 42: reducing lr to 4.634551186787159e-05
Epoch 45: reducing lr to 1.5802803500406146e-05
Epoch 48: reducing lr to 1.169953750120717e-06
[I 2024-06-21 23:49:37,375] Trial 274 finished with value: 0.991070032119751 and parameters: {'hidden_size': 94, 'n_layers': 6, 'rnn_dropout': 0.7535089969493642, 'bidirectional': True, 'fc_dropout': 0.37623913982574025, 'learning_rate_model': 0.005380122591470972}. Best is trial 153 with value: 0.9688200950622559.
[I 2024-06-21 23:49:46,820] Trial 275 finished with value: 1.0794379711151123 and parameters: {'hidden_size': 18, 'n_layers': 7, 'rnn_dropout': 0.13766186546311676, 'bidirectional': True, 'fc_dropout': 0.6401117475095902, 'learning_rate_model': 0.00011905406569348063}. Best is trial 153 with value: 0.9688200950622559.
Epoch 10: reducing lr to 0.00028865270146367623
Epoch 13: reducing lr to 0.00029929393516291456
Epoch 16: reducing lr to 0.0002902734094998094
Epoch 19: reducing lr to 0.00027244879513773815
Epoch 22: reducing lr to 0.00024694008324029456
Epoch 25: reducing lr to 0.00021535005965971025
Epoch 28: reducing lr to 0.00017966366989571097
Epoch 31: reducing lr to 0.00014212321104547994
Epoch 34: reducing lr to 0.00010508752920235542
Epoch 37: reducing lr to 7.088364281749482e-05
Epoch 40: reducing lr to 4.166073505001374e-05
Epoch 43: reducing lr to 1.9254974133117892e-05
Epoch 46: reducing lr to 5.074229054779881e-06
Epoch 49: reducing lr to 9.508374441361683e-09
[I 2024-06-21 23:49:52,396] Trial 276 finished with value: 1.0927715301513672 and parameters: {'hidden_size': 56, 'n_layers': 4, 'rnn_dropout': 0.679496880584524, 'bidirectional': False, 'fc_dropout': 0.28214346180139044, 'learning_rate_model': 0.003003092177939155}. Best is trial 153 with value: 0.9688200950622559.
[I 2024-06-21 23:51:30,364] Trial 277 finished with value: 1.0618200302124023 and parameters: {'hidden_size': 197, 'n_layers': 5, 'rnn_dropout': 0.036398572832483024, 'bidirectional': True, 'fc_dropout': 0.4257452388173397, 'learning_rate_model': 0.000137716137762918}. Best is trial 153 with value: 0.9688200950622559.
Epoch 17: reducing lr to 0.001926441197884076
Epoch 21: reducing lr to 0.0017302023646076797
Epoch 24: reducing lr to 0.001529181681145354
Epoch 27: reducing lr to 0.0012957920743179737
Epoch 30: reducing lr to 0.0010446979303063194
Epoch 33: reducing lr to 0.0007916765863300127
Epoch 36: reducing lr to 0.0005526263937031586
Epoch 39: reducing lr to 0.00034256765406496284
Epoch 42: reducing lr to 0.00017469901854748546
Epoch 45: reducing lr to 5.95685353457831e-05
Epoch 48: reducing lr to 4.4101308552754044e-06
[I 2024-06-21 23:51:42,544] Trial 278 finished with value: 1.0098536014556885 and parameters: {'hidden_size': 38, 'n_layers': 5, 'rnn_dropout': 0.545087803913045, 'bidirectional': True, 'fc_dropout': 0.6388962466224248, 'learning_rate_model': 0.020280327015801246}. Best is trial 153 with value: 0.9688200950622559.
Epoch 11: reducing lr to 7.368493153586999e-05
Epoch 14: reducing lr to 7.336411736200499e-05
Epoch 17: reducing lr to 7.039152463400342e-05
Epoch 20: reducing lr to 6.532409934010853e-05
Epoch 23: reducing lr to 5.848024626165571e-05
Epoch 26: reducing lr to 5.0289988218352045e-05
Epoch 29: reducing lr to 4.126795053362767e-05
Epoch 32: reducing lr to 3.1981021200808434e-05
Epoch 35: reducing lr to 2.3012735545425372e-05
Epoch 38: reducing lr to 1.4926600257898693e-05
Epoch 41: reducing lr to 8.230692386240778e-06
Epoch 44: reducing lr to 3.34575019833701e-06
Epoch 47: reducing lr to 5.787068848819702e-07
[I 2024-06-21 23:51:50,980] Trial 279 finished with value: 1.092626690864563 and parameters: {'hidden_size': 135, 'n_layers': 2, 'rnn_dropout': 0.20913657152467036, 'bidirectional': False, 'fc_dropout': 0.3819503644737736, 'learning_rate_model': 0.0007410364460054091}. Best is trial 153 with value: 0.9688200950622559.
Epoch 9: reducing lr to 0.00024019511735354367
Epoch 32: reducing lr to 0.00011514104112724769
Epoch 36: reducing lr to 7.269994169735068e-05
Epoch 39: reducing lr to 4.506597723470019e-05
Epoch 42: reducing lr to 2.2982269047773116e-05
Epoch 45: reducing lr to 7.836449898122704e-06
Epoch 48: reducing lr to 5.801681926694957e-07
