[I 2024-06-21 22:17:08,097] Trial 32 finished with value: 1.044336199760437 and parameters: {'hidden_size': 79, 'n_layers': 7, 'rnn_dropout': 0.46561134395766407, 'bidirectional': True, 'fc_dropout': 0.7243138549669195, 'learning_rate_model': 0.0006910684453876749}. Best is trial 24 with value: 0.9786233901977539.
Epoch 4: reducing lr to 8.491800923926532e-05
Epoch 22: reducing lr to 0.0001945129678049095
Epoch 25: reducing lr to 0.00016962972827952544
Epoch 29: reducing lr to 0.0001317343296778956
Epoch 32: reducing lr to 0.00010208886886374591
Epoch 36: reducing lr to 6.44588127889218e-05
Epoch 39: reducing lr to 3.9957382659458343e-05
Epoch 42: reducing lr to 2.0377042174010793e-05
Epoch 45: reducing lr to 6.948124649338791e-06
Epoch 48: reducing lr to 5.144014155204247e-07
[I 2024-06-21 22:17:28,312] Trial 33 finished with value: 1.0936726331710815 and parameters: {'hidden_size': 117, 'n_layers': 6, 'rnn_dropout': 0.22857508138731808, 'bidirectional': False, 'fc_dropout': 0.012426620440668579, 'learning_rate_model': 0.002365514599564762}. Best is trial 24 with value: 0.9786233901977539.
Epoch 5: reducing lr to 0.0006757351876047445
Epoch 12: reducing lr to 0.0014177566362140773
Epoch 18: reducing lr to 0.0013189703360458962
Epoch 24: reducing lr to 0.0010693036971745362
Epoch 27: reducing lr to 0.0009061024421897748
Epoch 30: reducing lr to 0.000730521018581931
Epoch 33: reducing lr to 0.0005535919708998475
Epoch 36: reducing lr to 0.0003864324646502543
Epoch 39: reducing lr to 0.00023954567566471761
Epoch 42: reducing lr to 0.00012216096277433281
Epoch 45: reducing lr to 4.1654210134671116e-05
Epoch 48: reducing lr to 3.0838515048372053e-06
[I 2024-06-21 22:18:02,544] Trial 34 finished with value: 1.1176776885986328 and parameters: {'hidden_size': 96, 'n_layers': 6, 'rnn_dropout': 0.2521958424762984, 'bidirectional': True, 'fc_dropout': 0.14720816130197206, 'learning_rate_model': 0.01418132908946585}. Best is trial 24 with value: 0.9786233901977539.
Epoch 5: reducing lr to 0.0038467697781144504
Epoch 8: reducing lr to 0.006583697925296865
Epoch 11: reducing lr to 0.008027414937751798
Epoch 14: reducing lr to 0.007992464664502607
Epoch 17: reducing lr to 0.00766862321183062
Epoch 20: reducing lr to 0.007116565624855041
Epoch 23: reducing lr to 0.0063709796917663115
Epoch 26: reducing lr to 0.005478713140241431
Epoch 29: reducing lr to 0.004495830499656224
Epoch 32: reducing lr to 0.0034840899212473624
Epoch 35: reducing lr to 0.0025070631569488666
Epoch 38: reducing lr to 0.0016261399906679185
Epoch 41: reducing lr to 0.0008966715667936206
Epoch 44: reducing lr to 0.0003644941314363867
Epoch 47: reducing lr to 6.30457299131762e-05
[I 2024-06-21 22:18:06,183] Trial 35 finished with value: 1.1909905672073364 and parameters: {'hidden_size': 129, 'n_layers': 1, 'rnn_dropout': 0.3361549440009058, 'bidirectional': False, 'fc_dropout': 0.0003216199130859465, 'learning_rate_model': 0.08073030553318121}. Best is trial 24 with value: 0.9786233901977539.
Epoch 28: reducing lr to 8.302267657750138e-06
Epoch 32: reducing lr to 5.989049269862941e-06
Epoch 35: reducing lr to 4.309568670446168e-06
Epoch 42: reducing lr to 1.1954203324272948e-06
Epoch 45: reducing lr to 4.0761212579970987e-07
Epoch 48: reducing lr to 3.017738815532097e-08
[I 2024-06-21 22:18:43,000] Trial 36 finished with value: 1.075834035873413 and parameters: {'hidden_size': 85, 'n_layers': 7, 'rnn_dropout': 0.48377288077924246, 'bidirectional': True, 'fc_dropout': 0.5024609586458804, 'learning_rate_model': 0.00013877304786559896}. Best is trial 24 with value: 0.9786233901977539.
Epoch 20: reducing lr to 1.7217014679186518e-05
Epoch 24: reducing lr to 1.4726790899432328e-05
Epoch 27: reducing lr to 1.247913126537682e-05
Epoch 30: reducing lr to 1.0060968008175147e-05
Epoch 33: reducing lr to 7.624244843245849e-06
Epoch 42: reducing lr to 1.6824396657419286e-06
Epoch 45: reducing lr to 5.736750413892836e-07
Epoch 48: reducing lr to 4.247178457966478e-08
[I 2024-06-21 22:19:37,367] Trial 37 finished with value: 1.0745429992675781 and parameters: {'hidden_size': 124, 'n_layers': 6, 'rnn_dropout': 0.6866510691432339, 'bidirectional': True, 'fc_dropout': 0.6915835440436799, 'learning_rate_model': 0.00019530977843660444}. Best is trial 24 with value: 0.9786233901977539.
Epoch 12: reducing lr to 0.000307299762906055
Epoch 16: reducing lr to 0.0002971091747113483
Epoch 22: reducing lr to 0.0002527553745315543
Epoch 25: reducing lr to 0.000220421424786338
Epoch 28: reducing lr to 0.00018389464188369565
Epoch 31: reducing lr to 0.00014547012767656575
Epoch 34: reducing lr to 0.00010756227767320528
Epoch 37: reducing lr to 7.255291021775008e-05
Epoch 40: reducing lr to 4.264182044751105e-05
Epoch 43: reducing lr to 1.9708417259565666e-05
Epoch 46: reducing lr to 5.193724114653997e-06
Epoch 49: reducing lr to 9.732290973465951e-09
[I 2024-06-21 22:20:20,006] Trial 38 finished with value: 1.0158584117889404 and parameters: {'hidden_size': 140, 'n_layers': 4, 'rnn_dropout': 0.3056822016252138, 'bidirectional': True, 'fc_dropout': 0.2539071567666215, 'learning_rate_model': 0.003073813202894127}. Best is trial 24 with value: 0.9786233901977539.
Epoch 5: reducing lr to 0.0007389495944000798
Epoch 8: reducing lr to 0.0012647029045589069
Epoch 13: reducing lr to 0.001545555018040695
Epoch 16: reducing lr to 0.0014989729892522126
Epoch 21: reducing lr to 0.0013230527610106212
Epoch 27: reducing lr to 0.000990867494283429
Epoch 33: reducing lr to 0.0006053799918421043
Epoch 40: reducing lr to 0.0002151361940453747
Epoch 43: reducing lr to 9.943275956288619e-05
Epoch 46: reducing lr to 2.6203338113196457e-05
Epoch 49: reducing lr to 4.9101281732362445e-08
[I 2024-06-21 22:20:38,422] Trial 39 finished with value: 1.10591459274292 and parameters: {'hidden_size': 95, 'n_layers': 7, 'rnn_dropout': 0.5422407131474489, 'bidirectional': False, 'fc_dropout': 0.2746769918195384, 'learning_rate_model': 0.015507979414037055}. Best is trial 24 with value: 0.9786233901977539.
Epoch 11: reducing lr to 0.00012835054035425725
Epoch 48: reducing lr to 2.8069527843860556e-07
[I 2024-06-21 22:22:34,141] Trial 40 finished with value: 1.0037192106246948 and parameters: {'hidden_size': 178, 'n_layers': 7, 'rnn_dropout': 0.5301758499002098, 'bidirectional': True, 'fc_dropout': 0.6839183541579219, 'learning_rate_model': 0.001290798895846048}. Best is trial 24 with value: 0.9786233901977539.
Epoch 6: reducing lr to 4.351378044650393e-05
Epoch 16: reducing lr to 7.048198158742115e-05
Epoch 19: reducing lr to 6.615394429514821e-05
Epoch 22: reducing lr to 5.996011288161107e-05
Epoch 25: reducing lr to 5.228966361727911e-05
Epoch 28: reducing lr to 4.362456587166771e-05
Epoch 31: reducing lr to 3.450927717187015e-05
Epoch 34: reducing lr to 2.5516554585799428e-05
Epoch 37: reducing lr to 1.7211427035362978e-05
Epoch 40: reducing lr to 1.0115742829401076e-05
Epoch 43: reducing lr to 4.675346373115088e-06
Epoch 46: reducing lr to 1.2320857064573409e-06
Epoch 49: reducing lr to 2.308751164824697e-09
[I 2024-06-21 22:23:01,043] Trial 41 finished with value: 1.092954397201538 and parameters: {'hidden_size': 164, 'n_layers': 5, 'rnn_dropout': 0.5865140202300089, 'bidirectional': False, 'fc_dropout': 0.4550863925637725, 'learning_rate_model': 0.000729188002289183}. Best is trial 24 with value: 0.9786233901977539.
Epoch 5: reducing lr to 0.0008423535105367442
Epoch 10: reducing lr to 0.001699189260287838
Epoch 16: reducing lr to 0.001708729755405658
Epoch 22: reducing lr to 0.0014536428560994953
Epoch 25: reducing lr to 0.0012676843373391118
Epoch 28: reducing lr to 0.0010576120604542754
Epoch 31: reducing lr to 0.0008366255802268694
Epoch 34: reducing lr to 0.0006186105312903061
Epoch 37: reducing lr to 0.00041726519098842733
Epoch 40: reducing lr to 0.0002452409875733955
Epoch 43: reducing lr to 0.00011334674883765536
Epoch 46: reducing lr to 2.987006693650311e-05
Epoch 49: reducing lr to 5.5972203453005795e-08
[I 2024-06-21 22:23:03,782] Trial 42 finished with value: 1.109168529510498 and parameters: {'hidden_size': 79, 'n_layers': 1, 'rnn_dropout': 0.3023393434624799, 'bidirectional': False, 'fc_dropout': 0.14529028106461103, 'learning_rate_model': 0.01767806762428918}. Best is trial 24 with value: 0.9786233901977539.
Epoch 17: reducing lr to 7.5481519613878205e-06
[I 2024-06-21 22:23:34,979] Trial 43 finished with value: 1.1062343120574951 and parameters: {'hidden_size': 177, 'n_layers': 5, 'rnn_dropout': 0.4555955301963006, 'bidirectional': False, 'fc_dropout': 0.276137640924172, 'learning_rate_model': 7.946206212265512e-05}. Best is trial 24 with value: 0.9786233901977539.
[I 2024-06-21 22:24:01,008] Trial 44 finished with value: 1.0668749809265137 and parameters: {'hidden_size': 125, 'n_layers': 3, 'rnn_dropout': 0.7330444427746806, 'bidirectional': True, 'fc_dropout': 0.08871304059522336, 'learning_rate_model': 5.91358615023068e-05}. Best is trial 24 with value: 0.9786233901977539.
Epoch 5: reducing lr to 0.00013957250330996637
Epoch 8: reducing lr to 0.00023887657787535424
Epoch 11: reducing lr to 0.0002912590205798642
Epoch 15: reducing lr to 0.0002870512435197667
Epoch 18: reducing lr to 0.0002724321523732661
Epoch 22: reducing lr to 0.00024085917587637998
Epoch 29: reducing lr to 0.0001631223996986613
Epoch 32: reducing lr to 0.0001264133754071128
Epoch 36: reducing lr to 7.981728262910042e-05
Epoch 39: reducing lr to 4.947794672068842e-05
Epoch 42: reducing lr to 2.5232238447737065e-05
Epoch 45: reducing lr to 8.603640136757357e-06
Epoch 48: reducing lr to 6.36966791520881e-07
[I 2024-06-21 22:24:18,868] Trial 45 finished with value: 1.093345046043396 and parameters: {'hidden_size': 108, 'n_layers': 6, 'rnn_dropout': 0.1665555507270332, 'bidirectional': False, 'fc_dropout': 0.3326789746140219, 'learning_rate_model': 0.0029291409380281584}. Best is trial 24 with value: 0.9786233901977539.
Epoch 38: reducing lr to 3.021077103497643e-05
Epoch 42: reducing lr to 1.2919805830576935e-05
Epoch 45: reducing lr to 4.405370543453788e-06
Epoch 48: reducing lr to 3.261497105784333e-07
[I 2024-06-21 22:24:22,183] Trial 46 finished with value: 0.9815720915794373 and parameters: {'hidden_size': 59, 'n_layers': 1, 'rnn_dropout': 0.41268561357482386, 'bidirectional': True, 'fc_dropout': 0.4974449853923324, 'learning_rate_model': 0.0014998246092237527}. Best is trial 24 with value: 0.9786233901977539.
[I 2024-06-21 22:24:30,353] Trial 47 finished with value: 1.1046767234802246 and parameters: {'hidden_size': 137, 'n_layers': 2, 'rnn_dropout': 0.6012222537081952, 'bidirectional': False, 'fc_dropout': 0.6282368225772952, 'learning_rate_model': 1.2283488171661822e-05}. Best is trial 24 with value: 0.9786233901977539.
Epoch 8: reducing lr to 0.0016483950080788006
Epoch 11: reducing lr to 0.002009866014709446
Epoch 14: reducing lr to 0.0020011153313383894
Epoch 23: reducing lr to 0.0015951356273693953
Epoch 28: reducing lr to 0.001209259740462727
Epoch 40: reducing lr to 0.0002804053244782834
Epoch 43: reducing lr to 0.0001295991840551094
Epoch 46: reducing lr to 3.415304225608505e-05
Epoch 49: reducing lr to 6.399788235328385e-08
[I 2024-06-21 22:24:43,768] Trial 48 finished with value: 1.1028343439102173 and parameters: {'hidden_size': 76, 'n_layers': 7, 'rnn_dropout': 0.6757676860816557, 'bidirectional': False, 'fc_dropout': 0.7598447930829013, 'learning_rate_model': 0.020212870358199457}. Best is trial 24 with value: 0.9786233901977539.
[I 2024-06-21 22:24:53,333] Trial 49 finished with value: 1.0999655723571777 and parameters: {'hidden_size': 174, 'n_layers': 1, 'rnn_dropout': 0.5210434658727928, 'bidirectional': True, 'fc_dropout': 0.6396922093888224, 'learning_rate_model': 1.3749435862460687e-05}. Best is trial 24 with value: 0.9786233901977539.
Epoch 11: reducing lr to 0.0015271926603428868
Epoch 14: reducing lr to 0.0015205434711335285
Epoch 17: reducing lr to 0.0014589335639005596
Epoch 20: reducing lr to 0.001353906191894319
Epoch 23: reducing lr to 0.0012120606072948382
Epoch 26: reducing lr to 0.0010423094558812188
Epoch 29: reducing lr to 0.0008553188535117145
Epoch 32: reducing lr to 0.0006628381112679585
Epoch 35: reducing lr to 0.0004769615725608276
Epoch 38: reducing lr to 0.00030936846764440684
Epoch 41: reducing lr to 0.0001705891929300084
Epoch 44: reducing lr to 6.934396273074722e-05
Epoch 47: reducing lr to 1.199426923062831e-05
[I 2024-06-21 22:25:24,685] Trial 50 finished with value: 1.1269686222076416 and parameters: {'hidden_size': 158, 'n_layers': 6, 'rnn_dropout': 0.20775871463868248, 'bidirectional': False, 'fc_dropout': 0.27623796927286526, 'learning_rate_model': 0.015358709003280025}. Best is trial 24 with value: 0.9786233901977539.
Epoch 9: reducing lr to 0.00013201530926241513
Epoch 23: reducing lr to 0.00011571965765086799
Epoch 30: reducing lr to 7.553588053755758e-05
Epoch 37: reducing lr to 3.46110584892142e-05
Epoch 42: reducing lr to 1.2631444757588605e-05
Epoch 47: reducing lr to 1.1451347571128776e-06
[I 2024-06-21 22:26:02,970] Trial 51 finished with value: 1.0314812660217285 and parameters: {'hidden_size': 98, 'n_layers': 6, 'rnn_dropout': 0.7923774268990726, 'bidirectional': True, 'fc_dropout': 0.7210467490794191, 'learning_rate_model': 0.0014663495679358655}. Best is trial 24 with value: 0.9786233901977539.
[I 2024-06-21 22:27:38,167] Trial 52 finished with value: 1.0558876991271973 and parameters: {'hidden_size': 196, 'n_layers': 5, 'rnn_dropout': 0.7951304196883832, 'bidirectional': True, 'fc_dropout': 0.10834232245773592, 'learning_rate_model': 0.000264740682379336}. Best is trial 24 with value: 0.9786233901977539.
Epoch 9: reducing lr to 0.0005310038280021741
Epoch 12: reducing lr to 0.0005896517930795333
Epoch 15: reducing lr to 0.0005780029220923054
Epoch 22: reducing lr to 0.0004849911317653131
Epoch 25: reducing lr to 0.00042294822205295207
Epoch 28: reducing lr to 0.0003528600357481864
Epoch 31: reducing lr to 0.0002791304516893446
Epoch 34: reducing lr to 0.00020639225132469
Epoch 37: reducing lr to 0.0001392157065090654
Epoch 40: reducing lr to 8.182182000165466e-05
Epoch 43: reducing lr to 3.781683222259828e-05
Epoch 46: reducing lr to 9.965802472494505e-06
Epoch 49: reducing lr to 1.8674478525528006e-08
[I 2024-06-21 22:27:40,616] Trial 53 finished with value: 1.0930765867233276 and parameters: {'hidden_size': 20, 'n_layers': 2, 'rnn_dropout': 0.5965097541659968, 'bidirectional': False, 'fc_dropout': 0.6898770022704354, 'learning_rate_model': 0.005898082867158478}. Best is trial 24 with value: 0.9786233901977539.
Epoch 34: reducing lr to 3.4270001652533764e-06
Epoch 37: reducing lr to 2.3115802369047543e-06
Epoch 40: reducing lr to 1.358594563833119e-06
Epoch 43: reducing lr to 6.279222666762007e-07
Epoch 46: reducing lr to 1.6547523708335842e-07
Epoch 49: reducing lr to 3.100767620017051e-10
[I 2024-06-21 22:27:49,668] Trial 54 finished with value: 1.0911674499511719 and parameters: {'hidden_size': 143, 'n_layers': 2, 'rnn_dropout': 0.3535234245987387, 'bidirectional': False, 'fc_dropout': 0.1631249801864975, 'learning_rate_model': 9.793357468944974e-05}. Best is trial 24 with value: 0.9786233901977539.
Epoch 3: reducing lr to 0.00039364605302367306
Epoch 6: reducing lr to 0.0009336933825489996
Epoch 12: reducing lr to 0.0015642340400306698
Epoch 17: reducing lr to 0.001486270242790886
Epoch 20: reducing lr to 0.001379274926791669
Epoch 23: reducing lr to 0.00123477151918081
Epoch 28: reducing lr to 0.0009360705517422272
Epoch 31: reducing lr to 0.0007404799905063912
Epoch 34: reducing lr to 0.000547519381624435
Epoch 37: reducing lr to 0.00036931278694344054
Epoch 40: reducing lr to 0.00021705772383971597
Epoch 43: reducing lr to 0.00010032086214776959
Epoch 46: reducing lr to 2.6437378206352857e-05
Epoch 49: reducing lr to 4.953983915971516e-08
[I 2024-06-21 22:27:58,494] Trial 55 finished with value: 1.0998249053955078 and parameters: {'hidden_size': 64, 'n_layers': 6, 'rnn_dropout': 0.36558026194855425, 'bidirectional': False, 'fc_dropout': 0.16956813171494078, 'learning_rate_model': 0.015646491878786785}. Best is trial 24 with value: 0.9786233901977539.
Epoch 38: reducing lr to 2.231964318069365e-05
Epoch 41: reducing lr to 1.2307297979239078e-05
Epoch 44: reducing lr to 5.002877367141982e-06
Epoch 47: reducing lr to 8.65336443236055e-07
[I 2024-06-21 22:28:02,515] Trial 56 finished with value: 0.9839743971824646 and parameters: {'hidden_size': 71, 'n_layers': 1, 'rnn_dropout': 0.47474595957169685, 'bidirectional': True, 'fc_dropout': 0.5998866485809148, 'learning_rate_model': 0.001108066724703625}. Best is trial 24 with value: 0.9786233901977539.
Epoch 4: reducing lr to 0.00221447069315218
Epoch 9: reducing lr to 0.005553701677241191
Epoch 12: reducing lr to 0.006167093304270251
Epoch 15: reducing lr to 0.0060452592403179494
Epoch 18: reducing lr to 0.005737383215275239
Epoch 21: reducing lr to 0.0052628102659167016
Epoch 24: reducing lr to 0.0046513594100932535
Epoch 27: reducing lr to 0.003941450994814957
Epoch 30: reducing lr to 0.0031776901389478232
Epoch 33: reducing lr to 0.002408067259096721
Epoch 36: reducing lr to 0.0016809408641959497
Epoch 39: reducing lr to 0.0010419986722147883
Epoch 42: reducing lr to 0.0005313874302014111
Epoch 45: reducing lr to 0.00018119146393288861
Epoch 48: reducing lr to 1.3414431984343222e-05
[I 2024-06-21 22:28:25,392] Trial 57 finished with value: 1.107243537902832 and parameters: {'hidden_size': 116, 'n_layers': 7, 'rnn_dropout': 0.6431687131989174, 'bidirectional': False, 'fc_dropout': 0.3720011852508049, 'learning_rate_model': 0.061687300513606574}. Best is trial 24 with value: 0.9786233901977539.
Epoch 12: reducing lr to 0.0016283122981936714
Epoch 16: reducing lr to 0.0015743146643317119
Epoch 19: reducing lr to 0.001477641834999458
Epoch 22: reducing lr to 0.0013392938572168614
Epoch 25: reducing lr to 0.0011679635329711916
Epoch 28: reducing lr to 0.0009744163292526985
Epoch 31: reducing lr to 0.0007708134743597888
Epoch 34: reducing lr to 0.0005699483068281658
Epoch 37: reducing lr to 0.0003844415461310336
Epoch 40: reducing lr to 0.0002259494117256299
Epoch 43: reducing lr to 0.00010443046847222575
Epoch 46: reducing lr to 2.752037544494178e-05
Epoch 49: reducing lr to 5.156922000815189e-08
[I 2024-06-21 22:28:31,246] Trial 58 finished with value: 1.1552386283874512 and parameters: {'hidden_size': 56, 'n_layers': 2, 'rnn_dropout': 0.0651791719018096, 'bidirectional': True, 'fc_dropout': 0.5070294084895343, 'learning_rate_model': 0.01628744452416877}. Best is trial 24 with value: 0.9786233901977539.
Epoch 23: reducing lr to 0.0002530196549232075
Epoch 26: reducing lr to 0.00021758382152098945
Epoch 29: reducing lr to 0.00017854922424040496
Epoch 32: reducing lr to 0.0001383685511876166
Epoch 35: reducing lr to 9.956651653774524e-05
Epoch 38: reducing lr to 6.458117890838135e-05
Epoch 41: reducing lr to 3.561077595378016e-05
Epoch 44: reducing lr to 1.4475666823543119e-05
Epoch 47: reducing lr to 2.5038235246031652e-06
[I 2024-06-21 22:29:37,179] Trial 59 finished with value: 1.0296142101287842 and parameters: {'hidden_size': 144, 'n_layers': 6, 'rnn_dropout': 0.2739632958748159, 'bidirectional': True, 'fc_dropout': 0.6592078963298551, 'learning_rate_model': 0.003206155887492329}. Best is trial 24 with value: 0.9786233901977539.
[I 2024-06-21 22:29:39,195] Trial 60 finished with value: 1.112064242362976 and parameters: {'hidden_size': 42, 'n_layers': 1, 'rnn_dropout': 0.014666114330405834, 'bidirectional': False, 'fc_dropout': 0.09067353821407238, 'learning_rate_model': 1.2916159380130333e-05}. Best is trial 24 with value: 0.9786233901977539.
Epoch 32: reducing lr to 3.3967881782192526e-05
Epoch 37: reducing lr to 1.857774818901566e-05
Epoch 40: reducing lr to 1.0918776382884085e-05
Epoch 43: reducing lr to 5.046496576820777e-06
Epoch 46: reducing lr to 1.3298942589025842e-06
Epoch 49: reducing lr to 2.49203030539772e-09
[I 2024-06-21 22:30:14,784] Trial 61 finished with value: 0.9777580499649048 and parameters: {'hidden_size': 155, 'n_layers': 3, 'rnn_dropout': 0.5975507964860202, 'bidirectional': True, 'fc_dropout': 0.3824580053742648, 'learning_rate_model': 0.000787074253700552}. Best is trial 61 with value: 0.9777580499649048.
Epoch 10: reducing lr to 0.00028632629341359577
Epoch 16: reducing lr to 0.00028793393928816605
Epoch 22: reducing lr to 0.00024494985971345863
Epoch 25: reducing lr to 0.00021361443719770915
Epoch 28: reducing lr to 0.00017821566332645676
Epoch 31: reducing lr to 0.00014097776331329894
Epoch 34: reducing lr to 0.00010424057203666895
Epoch 37: reducing lr to 7.03123532489806e-05
Epoch 40: reducing lr to 4.132496868129044e-05
Epoch 43: reducing lr to 1.909978789512239e-05
Epoch 46: reducing lr to 5.033333101750036e-06
Epoch 49: reducing lr to 9.431741315344897e-09
[I 2024-06-21 22:30:30,895] Trial 62 finished with value: 1.0926458835601807 and parameters: {'hidden_size': 164, 'n_layers': 3, 'rnn_dropout': 0.7237489282748985, 'bidirectional': False, 'fc_dropout': 0.10051310491019105, 'learning_rate_model': 0.0029788886358192816}. Best is trial 61 with value: 0.9777580499649048.
Epoch 11: reducing lr to 0.0045565526813803065
Epoch 14: reducing lr to 0.004536714070504514
Epoch 17: reducing lr to 0.004352893917820605
Epoch 20: reducing lr to 0.004039532829884316
Epoch 23: reducing lr to 0.0036163204247751865
Epoch 26: reducing lr to 0.003109848593010713
Epoch 29: reducing lr to 0.002551940902157626
Epoch 32: reducing lr to 0.0019776527557046814
Epoch 35: reducing lr to 0.001423069000265792
Epoch 38: reducing lr to 0.0009230359452245804
Epoch 41: reducing lr to 0.000508972223769863
Epoch 44: reducing lr to 0.00020689558529398688
Epoch 47: reducing lr to 3.578626393591147e-05
