[I 2024-06-22 01:50:58,682] Trial 530 finished with value: 0.9705502390861511 and parameters: {'hidden_size': 189, 'n_layers': 4, 'rnn_dropout': 0.039599014575045596, 'bidirectional': True, 'fc_dropout': 0.289408129058645, 'learning_rate_model': 0.0011526832334931908}. Best is trial 153 with value: 0.9688200950622559.
Epoch 18: reducing lr to 0.0001111741937030975
Epoch 23: reducing lr to 9.4331234931544e-05
Epoch 26: reducing lr to 8.111998489377832e-05
Epoch 29: reducing lr to 6.656703734647975e-05
Epoch 32: reducing lr to 5.158680780423132e-05
Epoch 36: reducing lr to 3.257186041574315e-05
Epoch 39: reducing lr to 2.0190975201857772e-05
Epoch 42: reducing lr to 1.0296779364382907e-05
Epoch 45: reducing lr to 3.5109760238764918e-06
Epoch 48: reducing lr to 2.59933597580495e-07
[I 2024-06-22 01:52:09,815] Trial 531 finished with value: 0.9735861420631409 and parameters: {'hidden_size': 190, 'n_layers': 4, 'rnn_dropout': 0.040707694012435416, 'bidirectional': True, 'fc_dropout': 0.2955213145755758, 'learning_rate_model': 0.0011953247044858384}. Best is trial 153 with value: 0.9688200950622559.
Epoch 18: reducing lr to 0.00010896890502108027
Epoch 23: reducing lr to 9.246004884216427e-05
Epoch 26: reducing lr to 7.951086160164625e-05
Epoch 29: reducing lr to 6.524659121446053e-05
Epoch 36: reducing lr to 3.192575404218208e-05
Epoch 39: reducing lr to 1.979046022973697e-05
Epoch 42: reducing lr to 1.0092528987230214e-05
Epoch 45: reducing lr to 3.4413311231096297e-06
Epoch 48: reducing lr to 2.547774673516403e-07
[I 2024-06-22 01:53:18,527] Trial 532 finished with value: 0.9719338417053223 and parameters: {'hidden_size': 187, 'n_layers': 4, 'rnn_dropout': 0.0423044257786852, 'bidirectional': True, 'fc_dropout': 0.2910924917511491, 'learning_rate_model': 0.0011716138417906879}. Best is trial 153 with value: 0.9688200950622559.
Epoch 23: reducing lr to 8.893264868159494e-05
Epoch 27: reducing lr to 7.200322821353334e-05
Epoch 33: reducing lr to 4.3991062336782694e-05
Epoch 36: reducing lr to 3.070776950350924e-05
Epoch 39: reducing lr to 1.9035443620225064e-05
Epoch 42: reducing lr to 9.707493625299153e-06
Epoch 45: reducing lr to 3.3100425059366926e-06
Epoch 48: reducing lr to 2.4505757113160544e-07
[I 2024-06-22 01:54:27,154] Trial 533 finished with value: 0.9733160734176636 and parameters: {'hidden_size': 188, 'n_layers': 4, 'rnn_dropout': 0.04115199588295722, 'bidirectional': True, 'fc_dropout': 0.2918657369681881, 'learning_rate_model': 0.0011269161490530101}. Best is trial 153 with value: 0.9688200950622559.
Epoch 23: reducing lr to 9.117838678924478e-05
Epoch 26: reducing lr to 7.840869850108674e-05
Epoch 29: reducing lr to 6.43421564765482e-05
Epoch 36: reducing lr to 3.1483205849972535e-05
Epoch 39: reducing lr to 1.9516128967706544e-05
Epoch 42: reducing lr to 9.952628440097647e-06
Epoch 45: reducing lr to 3.393628103619023e-06
Epoch 48: reducing lr to 2.512457948516652e-07
[I 2024-06-22 01:55:35,841] Trial 534 finished with value: 0.9719313383102417 and parameters: {'hidden_size': 187, 'n_layers': 4, 'rnn_dropout': 0.043379560541971895, 'bidirectional': True, 'fc_dropout': 0.2630691215894125, 'learning_rate_model': 0.0011553731733019473}. Best is trial 153 with value: 0.9688200950622559.
Epoch 18: reducing lr to 0.00010758050718356095
Epoch 23: reducing lr to 9.128199413156076e-05
Epoch 26: reducing lr to 7.849779545873448e-05
Epoch 29: reducing lr to 6.441526941554791e-05
Epoch 32: reducing lr to 4.991927319375251e-05
Epoch 36: reducing lr to 3.1518980679957636e-05
Epoch 39: reducing lr to 1.9538305432171882e-05
Epoch 42: reducing lr to 9.963937758216204e-06
Epoch 45: reducing lr to 3.397484333159855e-06
Epoch 48: reducing lr to 2.515312891446502e-07
[I 2024-06-22 01:56:44,685] Trial 535 finished with value: 0.9726426601409912 and parameters: {'hidden_size': 192, 'n_layers': 4, 'rnn_dropout': 0.025397945324026228, 'bidirectional': True, 'fc_dropout': 0.2628193811784105, 'learning_rate_model': 0.0011566860408365055}. Best is trial 153 with value: 0.9688200950622559.
Epoch 23: reducing lr to 9.19496924779691e-05
Epoch 27: reducing lr to 7.444594071812011e-05
Epoch 36: reducing lr to 3.1749531857993394e-05
Epoch 39: reducing lr to 1.9681221834829342e-05
Epoch 42: reducing lr to 1.0036820749305203e-05
Epoch 45: reducing lr to 3.4223358352855745e-06
Epoch 48: reducing lr to 2.5337115939977945e-07
[I 2024-06-22 01:57:56,849] Trial 536 finished with value: 0.9716652631759644 and parameters: {'hidden_size': 193, 'n_layers': 4, 'rnn_dropout': 0.02475425586747119, 'bidirectional': True, 'fc_dropout': 0.2588643897794197, 'learning_rate_model': 0.0011651468261658338}. Best is trial 153 with value: 0.9688200950622559.
Epoch 18: reducing lr to 0.00012220981475112239
Epoch 23: reducing lr to 0.00010369495259858493
Epoch 27: reducing lr to 8.395534651485802e-05
Epoch 30: reducing lr to 6.768676740702106e-05
Epoch 33: reducing lr to 5.1293323558889274e-05
Epoch 36: reducing lr to 3.5805081151638496e-05
Epoch 39: reducing lr to 2.2195216865285827e-05
Epoch 42: reducing lr to 1.131888126857045e-05
Epoch 45: reducing lr to 3.85949036535826e-06
Epoch 48: reducing lr to 2.8573570673010635e-07
[I 2024-06-22 01:59:10,126] Trial 537 finished with value: 0.9732704162597656 and parameters: {'hidden_size': 194, 'n_layers': 4, 'rnn_dropout': 0.024811858142879173, 'bidirectional': True, 'fc_dropout': 0.26375085775774654, 'learning_rate_model': 0.0013139776942549964}. Best is trial 153 with value: 0.9688200950622559.
Epoch 23: reducing lr to 9.200195139019678e-05
Epoch 27: reducing lr to 7.448825150543055e-05
Epoch 36: reducing lr to 3.176757646427671e-05
Epoch 39: reducing lr to 1.969240750839368e-05
Epoch 42: reducing lr to 1.004252510046124e-05
Epoch 45: reducing lr to 3.424280893971586e-06
Epoch 48: reducing lr to 2.535151609817706e-07
[I 2024-06-22 02:00:22,257] Trial 538 finished with value: 0.9705631732940674 and parameters: {'hidden_size': 191, 'n_layers': 4, 'rnn_dropout': 0.039042939533330455, 'bidirectional': True, 'fc_dropout': 0.26296040954613376, 'learning_rate_model': 0.0011658090285515085}. Best is trial 153 with value: 0.9688200950622559.
Epoch 23: reducing lr to 5.6601629161713954e-05
Epoch 38: reducing lr to 1.444709874617422e-05
Epoch 41: reducing lr to 7.966289952092833e-06
Epoch 44: reducing lr to 3.2382714523240885e-06
Epoch 47: reducing lr to 5.601165279787404e-07
[I 2024-06-22 02:01:32,982] Trial 539 finished with value: 0.9715548753738403 and parameters: {'hidden_size': 189, 'n_layers': 4, 'rnn_dropout': 0.0368762853896764, 'bidirectional': True, 'fc_dropout': 0.26226055864096964, 'learning_rate_model': 0.0007172314207509478}. Best is trial 153 with value: 0.9688200950622559.
Epoch 38: reducing lr to 1.3740408457639032e-05
Epoch 41: reducing lr to 7.576613114984609e-06
Epoch 44: reducing lr to 3.0798690611447438e-06
Epoch 47: reducing lr to 5.327180227338328e-07
[I 2024-06-22 02:02:43,459] Trial 540 finished with value: 0.9717699885368347 and parameters: {'hidden_size': 189, 'n_layers': 4, 'rnn_dropout': 0.027123367253969837, 'bidirectional': True, 'fc_dropout': 0.25782244822888906, 'learning_rate_model': 0.0006821475268437915}. Best is trial 153 with value: 0.9688200950622559.
Epoch 38: reducing lr to 1.3030145003416411e-05
Epoch 41: reducing lr to 7.184965994817263e-06
Epoch 44: reducing lr to 2.92066575618724e-06
Epoch 47: reducing lr to 5.051809852345506e-07
[I 2024-06-22 02:03:54,103] Trial 541 finished with value: 0.9717322587966919 and parameters: {'hidden_size': 189, 'n_layers': 4, 'rnn_dropout': 0.03600517115749993, 'bidirectional': True, 'fc_dropout': 0.2538266123833845, 'learning_rate_model': 0.000646886241839114}. Best is trial 153 with value: 0.9688200950622559.
Epoch 23: reducing lr to 5.52001203726843e-05
Epoch 32: reducing lr to 3.01872227423143e-05
Epoch 37: reducing lr to 1.6510026331004362e-05
Epoch 40: reducing lr to 9.70350570745444e-06
Epoch 43: reducing lr to 4.484816486634106e-06
Epoch 46: reducing lr to 1.1818757046623768e-06
Epoch 49: reducing lr to 2.2146648528736587e-09
[I 2024-06-22 02:05:05,257] Trial 542 finished with value: 0.9744265079498291 and parameters: {'hidden_size': 190, 'n_layers': 4, 'rnn_dropout': 0.035088091131182775, 'bidirectional': True, 'fc_dropout': 0.24913129651021626, 'learning_rate_model': 0.0006994721061368976}. Best is trial 153 with value: 0.9688200950622559.
Epoch 31: reducing lr to 2.6813191394692303e-05
Epoch 37: reducing lr to 1.3373020969884302e-05
Epoch 40: reducing lr to 7.859780639083097e-06
Epoch 43: reducing lr to 3.63267409266404e-06
Epoch 46: reducing lr to 9.573121365994428e-07
Epoch 49: reducing lr to 1.7938650687175477e-09
[I 2024-06-22 02:06:14,071] Trial 543 finished with value: 0.9756311178207397 and parameters: {'hidden_size': 188, 'n_layers': 4, 'rnn_dropout': 0.02158800969964301, 'bidirectional': True, 'fc_dropout': 0.2571927422823858, 'learning_rate_model': 0.0005665681541435088}. Best is trial 153 with value: 0.9688200950622559.
Epoch 18: reducing lr to 0.00013117740757923445
Epoch 23: reducing lr to 0.00011130394959386067
Epoch 27: reducing lr to 9.011587760494701e-05
Epoch 30: reducing lr to 7.26535319111111e-05
Epoch 33: reducing lr to 5.5057159069265116e-05
Epoch 36: reducing lr to 3.843241013989766e-05
Epoch 39: reducing lr to 2.3823872206797183e-05
Epoch 42: reducing lr to 1.2149445644214036e-05
Epoch 45: reducing lr to 4.142694608741133e-06
Epoch 48: reducing lr to 3.067026108991965e-07
[I 2024-06-22 02:07:25,113] Trial 544 finished with value: 0.975511908531189 and parameters: {'hidden_size': 190, 'n_layers': 4, 'rnn_dropout': 0.03760300365198592, 'bidirectional': True, 'fc_dropout': 0.24303474497806052, 'learning_rate_model': 0.0014103956208453986}. Best is trial 153 with value: 0.9688200950622559.
Epoch 23: reducing lr to 5.8072456673527914e-05
Epoch 32: reducing lr to 3.175801380434446e-05
Epoch 37: reducing lr to 1.736912496409167e-05
Epoch 40: reducing lr to 1.0208427281914575e-05
Epoch 43: reducing lr to 4.7181837530496326e-06
Epoch 46: reducing lr to 1.2433745649305708e-06
Epoch 49: reducing lr to 2.3299048597553995e-09
[I 2024-06-22 02:08:37,827] Trial 545 finished with value: 0.9717950820922852 and parameters: {'hidden_size': 194, 'n_layers': 4, 'rnn_dropout': 0.07500603679576287, 'bidirectional': True, 'fc_dropout': 0.26322460140701864, 'learning_rate_model': 0.0007358691123086225}. Best is trial 153 with value: 0.9688200950622559.
Epoch 23: reducing lr to 5.870440926720002e-05
Epoch 26: reducing lr to 5.048275681336403e-05
Epoch 37: reducing lr to 1.755813821063951e-05
Epoch 40: reducing lr to 1.031951681501952e-05
Epoch 43: reducing lr to 4.7695276883841314e-06
Epoch 46: reducing lr to 1.2569051408046258e-06
Epoch 49: reducing lr to 2.3552592102213213e-09
[I 2024-06-22 02:09:51,295] Trial 546 finished with value: 0.9746361970901489 and parameters: {'hidden_size': 195, 'n_layers': 4, 'rnn_dropout': 0.07319688075890286, 'bidirectional': True, 'fc_dropout': 0.300056256433997, 'learning_rate_model': 0.0007438769428838116}. Best is trial 153 with value: 0.9688200950622559.
Epoch 38: reducing lr to 1.2758718353782077e-05
Epoch 41: reducing lr to 7.035298339760573e-06
Epoch 44: reducing lr to 2.8598263318603695e-06
Epoch 47: reducing lr to 4.946577268789983e-07
[I 2024-06-22 02:11:03,783] Trial 547 finished with value: 0.9729163646697998 and parameters: {'hidden_size': 193, 'n_layers': 4, 'rnn_dropout': 0.022686220378877894, 'bidirectional': True, 'fc_dropout': 0.26053446709887806, 'learning_rate_model': 0.000633411168056673}. Best is trial 153 with value: 0.9688200950622559.
Epoch 23: reducing lr to 5.567612578864258e-05
Epoch 31: reducing lr to 3.338840947899263e-05
Epoch 37: reducing lr to 1.6652396708063554e-05
Epoch 40: reducing lr to 9.78718163495869e-06
Epoch 43: reducing lr to 4.523490259857857e-06
Epoch 46: reducing lr to 1.1920673352713438e-06
Epoch 49: reducing lr to 2.2337625008050402e-09
[I 2024-06-22 02:12:12,764] Trial 548 finished with value: 0.9754945039749146 and parameters: {'hidden_size': 188, 'n_layers': 4, 'rnn_dropout': 0.03741988472745602, 'bidirectional': True, 'fc_dropout': 0.2601725231702747, 'learning_rate_model': 0.0007055038413683603}. Best is trial 153 with value: 0.9688200950622559.
Epoch 18: reducing lr to 0.00012471031268608608
Epoch 23: reducing lr to 0.00010581662355739424
Epoch 27: reducing lr to 8.567313138358632e-05
Epoch 36: reducing lr to 3.653767805200373e-05
Epoch 39: reducing lr to 2.2649346462411406e-05
Epoch 42: reducing lr to 1.1550473463483756e-05
Epoch 45: reducing lr to 3.938458226558639e-06
Epoch 48: reducing lr to 2.9158205831880236e-07
[I 2024-06-22 02:13:24,962] Trial 549 finished with value: 0.9720041751861572 and parameters: {'hidden_size': 191, 'n_layers': 4, 'rnn_dropout': 0.07027901301045511, 'bidirectional': True, 'fc_dropout': 0.24431205727435562, 'learning_rate_model': 0.0013408625931296413}. Best is trial 153 with value: 0.9688200950622559.
Epoch 18: reducing lr to 0.0001274240924414422
Epoch 23: reducing lr to 0.00010811926400953572
Epoch 27: reducing lr to 8.753743598293386e-05
Epoch 30: reducing lr to 7.057473186338693e-05
Epoch 33: reducing lr to 5.3481835449199755e-05
Epoch 36: reducing lr to 3.733276234671507e-05
Epoch 39: reducing lr to 2.3142211379336557e-05
Epoch 42: reducing lr to 1.1801819485916386e-05
Epoch 45: reducing lr to 4.0241617098740265e-06
Epoch 48: reducing lr to 2.979270787894237e-07
[I 2024-06-22 02:14:37,745] Trial 550 finished with value: 0.9750401973724365 and parameters: {'hidden_size': 194, 'n_layers': 4, 'rnn_dropout': 0.07294312287487036, 'bidirectional': True, 'fc_dropout': 0.2543964167053387, 'learning_rate_model': 0.0013700406593342295}. Best is trial 153 with value: 0.9688200950622559.
Epoch 31: reducing lr to 2.5204751684679956e-05
Epoch 37: reducing lr to 1.2570815158044696e-05
Epoch 40: reducing lr to 7.388296916545318e-06
Epoch 43: reducing lr to 3.414761305701639e-06
Epoch 46: reducing lr to 8.998859677888091e-07
Epoch 49: reducing lr to 1.6862566990741985e-09
[I 2024-06-22 02:15:49,933] Trial 551 finished with value: 0.9737076759338379 and parameters: {'hidden_size': 191, 'n_layers': 4, 'rnn_dropout': 0.01834246342651071, 'bidirectional': True, 'fc_dropout': 0.23739751725418556, 'learning_rate_model': 0.0005325814979436351}. Best is trial 153 with value: 0.9688200950622559.
Epoch 18: reducing lr to 0.00011509044629455487
Epoch 23: reducing lr to 9.765417284501897e-05
Epoch 27: reducing lr to 7.906450327976029e-05
Epoch 30: reducing lr to 6.37436550000027e-05
Epoch 33: reducing lr to 4.830521601186991e-05
Epoch 36: reducing lr to 3.3719245690264696e-05
Epoch 39: reducing lr to 2.0902228023438812e-05
Epoch 42: reducing lr to 1.0659496533954832e-05
Epoch 45: reducing lr to 3.6346546267433668e-06
Epoch 48: reducing lr to 2.6909008966939043e-07
[I 2024-06-22 02:17:07,973] Trial 552 finished with value: 0.9727553129196167 and parameters: {'hidden_size': 198, 'n_layers': 4, 'rnn_dropout': 0.07323184744541533, 'bidirectional': True, 'fc_dropout': 0.29770493628031186, 'learning_rate_model': 0.0012374315398551805}. Best is trial 153 with value: 0.9688200950622559.
Epoch 23: reducing lr to 6.150562913022055e-05
Epoch 26: reducing lr to 5.28916610658874e-05
Epoch 32: reducing lr to 3.363550865332751e-05
Epoch 37: reducing lr to 1.8395966341903655e-05
Epoch 40: reducing lr to 1.0811936989923793e-05
Epoch 43: reducing lr to 4.997116993254167e-06
Epoch 46: reducing lr to 1.3168813451529043e-06
Epoch 49: reducing lr to 2.4676459791988724e-09
[I 2024-06-22 02:18:16,816] Trial 553 finished with value: 0.973236083984375 and parameters: {'hidden_size': 187, 'n_layers': 4, 'rnn_dropout': 0.037412774479371774, 'bidirectional': True, 'fc_dropout': 0.2631190558857591, 'learning_rate_model': 0.0007793727922426669}. Best is trial 153 with value: 0.9688200950622559.
Epoch 18: reducing lr to 0.00013334875689994128
Epoch 23: reducing lr to 0.00011314633815605751
Epoch 27: reducing lr to 9.160754490675895e-05
Epoch 30: reducing lr to 7.385614903911658e-05
Epoch 37: reducing lr to 3.3841393996989084e-05
Epoch 40: reducing lr to 1.988974173719694e-05
Epoch 43: reducing lr to 9.192743771907984e-06
Epoch 46: reducing lr to 2.422547400899016e-06
Epoch 49: reducing lr to 4.539504925974748e-09
[I 2024-06-22 02:19:29,079] Trial 554 finished with value: 0.970982551574707 and parameters: {'hidden_size': 191, 'n_layers': 4, 'rnn_dropout': 0.020094623478982936, 'bidirectional': True, 'fc_dropout': 0.2461216645655389, 'learning_rate_model': 0.0014337415737024157}. Best is trial 153 with value: 0.9688200950622559.
Epoch 18: reducing lr to 0.000127474173460737
Epoch 23: reducing lr to 0.00010816175772358346
Epoch 27: reducing lr to 8.757184049731163e-05
Epoch 30: reducing lr to 7.060246958896499e-05
Epoch 33: reducing lr to 5.350285521698255e-05
Epoch 37: reducing lr to 3.235053575911685e-05
Epoch 40: reducing lr to 1.9013513490786952e-05
Epoch 43: reducing lr to 8.787764066219222e-06
Epoch 46: reducing lr to 2.3158238200208594e-06
Epoch 49: reducing lr to 4.339520306073305e-09
[I 2024-06-22 02:20:41,376] Trial 555 finished with value: 0.9712649583816528 and parameters: {'hidden_size': 191, 'n_layers': 4, 'rnn_dropout': 0.019533009590005656, 'bidirectional': True, 'fc_dropout': 0.2416166169133698, 'learning_rate_model': 0.001370579121342317}. Best is trial 153 with value: 0.9688200950622559.
Epoch 18: reducing lr to 0.00013561884319661713
Epoch 23: reducing lr to 0.00011507250498159342
Epoch 27: reducing lr to 9.316704225191224e-05
Epoch 30: reducing lr to 7.511345233729994e-05
Epoch 33: reducing lr to 5.692129735187628e-05
Epoch 36: reducing lr to 3.973366375061638e-05
Epoch 39: reducing lr to 2.4630506493264003e-05
Epoch 42: reducing lr to 1.256080444152121e-05
Epoch 45: reducing lr to 4.282958940280768e-06
Epoch 48: reducing lr to 3.170870202661054e-07
[I 2024-06-22 02:21:54,197] Trial 556 finished with value: 0.9756370782852173 and parameters: {'hidden_size': 194, 'n_layers': 4, 'rnn_dropout': 0.023077603127442142, 'bidirectional': True, 'fc_dropout': 0.2409243127745941, 'learning_rate_model': 0.0014581491285615773}. Best is trial 153 with value: 0.9688200950622559.
Epoch 18: reducing lr to 0.00011410619782080335
Epoch 23: reducing lr to 9.681903862082642e-05
Epoch 27: reducing lr to 7.838834709837003e-05
Epoch 30: reducing lr to 6.319852204444421e-05
Epoch 33: reducing lr to 4.7892111912749136e-05
Epoch 36: reducing lr to 3.343088017275027e-05
Epoch 39: reducing lr to 2.0723473081630498e-05
Epoch 42: reducing lr to 1.0568336984815088e-05
Epoch 45: reducing lr to 3.6035712190048056e-06
Epoch 48: reducing lr to 2.6678884296660235e-07
[I 2024-06-22 02:23:09,163] Trial 557 finished with value: 0.9724018573760986 and parameters: {'hidden_size': 200, 'n_layers': 4, 'rnn_dropout': 0.02425930223716873, 'bidirectional': True, 'fc_dropout': 0.2506074131912692, 'learning_rate_model': 0.0012268490793322859}. Best is trial 153 with value: 0.9688200950622559.
Epoch 18: reducing lr to 0.0001419641931200945
Epoch 23: reducing lr to 0.00012045653048622563
Epoch 27: reducing lr to 9.752615246469224e-05
Epoch 30: reducing lr to 7.862786912339221e-05
Epoch 33: reducing lr to 5.958453751292323e-05
Epoch 36: reducing lr to 4.1592726947859e-05
Epoch 39: reducing lr to 2.5782921443933174e-05
Epoch 42: reducing lr to 1.3148500794204805e-05
Epoch 45: reducing lr to 4.483350512302694e-06
Epoch 48: reducing lr to 3.3192292398238467e-07
[I 2024-06-22 02:24:20,244] Trial 558 finished with value: 0.9778774976730347 and parameters: {'hidden_size': 190, 'n_layers': 4, 'rnn_dropout': 0.03613485791683459, 'bidirectional': True, 'fc_dropout': 0.23602442153651454, 'learning_rate_model': 0.0015263731765128106}. Best is trial 153 with value: 0.9688200950622559.
Epoch 23: reducing lr to 9.367957149420416e-05
Epoch 27: reducing lr to 7.584651604601489e-05
Epoch 30: reducing lr to 6.11492382957522e-05
Epoch 33: reducing lr to 4.633915587108227e-05
Epoch 36: reducing lr to 3.2346845970268316e-05
Epoch 39: reducing lr to 2.0051490965137718e-05
Epoch 42: reducing lr to 1.0225646672873097e-05
Epoch 45: reducing lr to 3.4867213355349504e-06
Epoch 48: reducing lr to 2.5813791217680315e-07
[I 2024-06-22 02:25:29,082] Trial 559 finished with value: 0.9734771251678467 and parameters: {'hidden_size': 188, 'n_layers': 4, 'rnn_dropout': 0.01914251409396329, 'bidirectional': True, 'fc_dropout': 0.24494041469239414, 'learning_rate_model': 0.0011870671066050542}. Best is trial 153 with value: 0.9688200950622559.
Epoch 38: reducing lr to 1.2737181564505728e-05
Epoch 41: reducing lr to 7.023422716078147e-06
Epoch 44: reducing lr to 2.8549989287177894e-06
Epoch 47: reducing lr to 4.938227418176208e-07
[I 2024-06-22 02:26:41,370] Trial 560 finished with value: 0.9729883670806885 and parameters: {'hidden_size': 193, 'n_layers': 4, 'rnn_dropout': 0.03657121625990702, 'bidirectional': True, 'fc_dropout': 0.221354160277066, 'learning_rate_model': 0.0006323419663960161}. Best is trial 153 with value: 0.9688200950622559.
Epoch 18: reducing lr to 0.00013720282892258783
Epoch 23: reducing lr to 0.00011641651589516742
Epoch 26: reducing lr to 0.00010011218466137505
Epoch 29: reducing lr to 8.215203126477101e-05
Epoch 36: reducing lr to 4.019774053182184e-05
Epoch 39: reducing lr to 2.491818311539972e-05
Epoch 42: reducing lr to 1.2707510713843803e-05
Epoch 45: reducing lr to 4.332982562857218e-06
Epoch 48: reducing lr to 3.2079049761594114e-07
