[I 2024-06-21 22:55:29,627] Trial 126 finished with value: 1.0925934314727783 and parameters: {'hidden_size': 154, 'n_layers': 3, 'rnn_dropout': 0.6362409339245143, 'bidirectional': False, 'fc_dropout': 0.022792679593253776, 'learning_rate_model': 0.0037750966900208034}. Best is trial 68 with value: 0.9733983278274536.
Epoch 20: reducing lr to 2.527819989688165e-05
Epoch 23: reducing lr to 2.2629862025718713e-05
Epoch 26: reducing lr to 1.9460511324873234e-05
Epoch 29: reducing lr to 1.5969290253699052e-05
Epoch 32: reducing lr to 1.2375565143445915e-05
Epoch 35: reducing lr to 8.905144275508809e-06
Epoch 38: reducing lr to 5.776085532163442e-06
Epoch 41: reducing lr to 3.1849974133725317e-06
Epoch 44: reducing lr to 1.2946912880996443e-06
Epoch 47: reducing lr to 2.2393983943940973e-07
[I 2024-06-21 22:55:33,860] Trial 127 finished with value: 1.092767357826233 and parameters: {'hidden_size': 80, 'n_layers': 2, 'rnn_dropout': 0.34710670096936047, 'bidirectional': False, 'fc_dropout': 0.7835866833438452, 'learning_rate_model': 0.00028675584665119325}. Best is trial 68 with value: 0.9733983278274536.
[I 2024-06-21 22:56:27,883] Trial 128 finished with value: 1.0943549871444702 and parameters: {'hidden_size': 159, 'n_layers': 4, 'rnn_dropout': 0.7113048712859863, 'bidirectional': True, 'fc_dropout': 0.7288153917255746, 'learning_rate_model': 1.4932655812821317e-05}. Best is trial 68 with value: 0.9733983278274536.
[I 2024-06-21 22:57:41,171] Trial 129 finished with value: 1.0945645570755005 and parameters: {'hidden_size': 191, 'n_layers': 4, 'rnn_dropout': 0.30109057334967004, 'bidirectional': True, 'fc_dropout': 0.41336508781408976, 'learning_rate_model': 1.3316445065440956e-05}. Best is trial 68 with value: 0.9733983278274536.
Epoch 16: reducing lr to 0.0006592984754966636
Epoch 19: reducing lr to 0.0006188133993903824
Epoch 26: reducing lr to 0.0004628981508524633
Epoch 29: reducing lr to 0.0003798540955815152
Epoch 32: reducing lr to 0.00029437182430727476
Epoch 35: reducing lr to 0.0002118225338169154
Epoch 38: reducing lr to 0.0001373930657508836
Epoch 41: reducing lr to 7.576005524765565e-05
Epoch 44: reducing lr to 3.0796220776589665e-05
Epoch 47: reducing lr to 5.326753025559471e-06
[I 2024-06-21 22:57:56,519] Trial 130 finished with value: 1.0219025611877441 and parameters: {'hidden_size': 121, 'n_layers': 2, 'rnn_dropout': 0.5047673602716244, 'bidirectional': True, 'fc_dropout': 0.36146899953669653, 'learning_rate_model': 0.006820928234876919}. Best is trial 68 with value: 0.9733983278274536.
Epoch 8: reducing lr to 0.0006591865136568047
Epoch 11: reducing lr to 0.0008037373109360211
Epoch 14: reducing lr to 0.0008002379479585727
Epoch 17: reducing lr to 0.0007678136295000711
Epoch 22: reducing lr to 0.0006646575475936733
Epoch 27: reducing lr to 0.000516458439921393
Epoch 30: reducing lr to 0.00041638089471961973
Epoch 33: reducing lr to 0.00031553523346984175
Epoch 36: reducing lr to 0.0002202579957139656
Epoch 39: reducing lr to 0.00013653576039893847
Epoch 42: reducing lr to 6.962905883053945e-05
Epoch 45: reducing lr to 2.374198256250206e-05
Epoch 48: reducing lr to 1.7577274521946365e-06
[I 2024-06-21 22:58:17,901] Trial 131 finished with value: 1.0940637588500977 and parameters: {'hidden_size': 159, 'n_layers': 4, 'rnn_dropout': 0.4228267921420521, 'bidirectional': False, 'fc_dropout': 0.11377700245822933, 'learning_rate_model': 0.008083045312026036}. Best is trial 68 with value: 0.9733983278274536.
[I 2024-06-21 22:58:43,239] Trial 132 finished with value: 1.0964757204055786 and parameters: {'hidden_size': 104, 'n_layers': 4, 'rnn_dropout': 0.7087983769322811, 'bidirectional': True, 'fc_dropout': 0.2151136177701167, 'learning_rate_model': 1.941101032854524e-05}. Best is trial 68 with value: 0.9733983278274536.
Epoch 10: reducing lr to 0.00047311986192689095
Epoch 15: reducing lr to 0.0004823734330784113
Epoch 22: reducing lr to 0.00040475026734355777
Epoch 27: reducing lr to 0.000314502847950523
Epoch 30: reducing lr to 0.0002535595647181966
Epoch 33: reducing lr to 0.0001921485290667389
Epoch 36: reducing lr to 0.0001341284439972744
Epoch 39: reducing lr to 8.31449002926395e-05
Epoch 42: reducing lr to 4.240135431933731e-05
Epoch 45: reducing lr to 1.4457932245303274e-05
Epoch 48: reducing lr to 1.070386786050214e-06
[I 2024-06-21 22:58:46,248] Trial 133 finished with value: 1.0929749011993408 and parameters: {'hidden_size': 93, 'n_layers': 1, 'rnn_dropout': 0.23292315244194245, 'bidirectional': False, 'fc_dropout': 0.08750633135486768, 'learning_rate_model': 0.004922256224784005}. Best is trial 68 with value: 0.9733983278274536.
Epoch 28: reducing lr to 3.496186241426402e-06
Epoch 31: reducing lr to 2.7656632825822624e-06
Epoch 34: reducing lr to 2.0449630910692042e-06
Epoch 37: reducing lr to 1.3793685551706802e-06
Epoch 40: reducing lr to 8.107019564618489e-07
Epoch 43: reducing lr to 3.746944258808949e-07
Epoch 46: reducing lr to 9.874255500550155e-08
Epoch 49: reducing lr to 1.8502932685025993e-10
[I 2024-06-21 22:59:04,272] Trial 134 finished with value: 1.1068123579025269 and parameters: {'hidden_size': 108, 'n_layers': 6, 'rnn_dropout': 0.11488559829936743, 'bidirectional': False, 'fc_dropout': 0.6375698015839202, 'learning_rate_model': 5.8439024207513246e-05}. Best is trial 68 with value: 0.9733983278274536.
Epoch 9: reducing lr to 0.00039063083923929133
Epoch 16: reducing lr to 0.0004193902561251737
Epoch 19: reducing lr to 0.00039363705470199463
Epoch 22: reducing lr to 0.00035678178354737257
Epoch 27: reducing lr to 0.00027722992688543736
Epoch 33: reducing lr to 0.00016937628072829594
Epoch 36: reducing lr to 0.00011823237520720842
Epoch 39: reducing lr to 7.329108394163618e-05
Epoch 42: reducing lr to 3.7376209577735364e-05
Epoch 45: reducing lr to 1.2744468056170335e-05
Epoch 48: reducing lr to 9.435312028796376e-07
[I 2024-06-21 22:59:19,939] Trial 135 finished with value: 1.0923867225646973 and parameters: {'hidden_size': 158, 'n_layers': 3, 'rnn_dropout': 0.17351319008943628, 'bidirectional': False, 'fc_dropout': 0.3048651930347619, 'learning_rate_model': 0.004338901037624098}. Best is trial 68 with value: 0.9733983278274536.
[I 2024-06-21 22:59:22,688] Trial 136 finished with value: 1.0957562923431396 and parameters: {'hidden_size': 29, 'n_layers': 2, 'rnn_dropout': 0.013260706320747318, 'bidirectional': False, 'fc_dropout': 0.3221254817399354, 'learning_rate_model': 0.00019235578705946124}. Best is trial 68 with value: 0.9733983278274536.
[I 2024-06-21 22:59:47,367] Trial 137 finished with value: 1.1069517135620117 and parameters: {'hidden_size': 119, 'n_layers': 7, 'rnn_dropout': 0.6675892112144237, 'bidirectional': False, 'fc_dropout': 0.03178296534646785, 'learning_rate_model': 1.9113215939952844e-05}. Best is trial 68 with value: 0.9733983278274536.
Epoch 13: reducing lr to 6.096343605583295e-05
Epoch 16: reducing lr to 5.912603751598827e-05
Epoch 19: reducing lr to 5.54953266654977e-05
Epoch 22: reducing lr to 5.02994354564761e-05
Epoch 25: reducing lr to 4.386483670154672e-05
Epoch 28: reducing lr to 3.659584563676996e-05
Epoch 31: reducing lr to 2.8949197663843484e-05
Epoch 34: reducing lr to 2.1405368148559465e-05
Epoch 37: reducing lr to 1.443834945722048e-05
Epoch 40: reducing lr to 8.48591053433152e-06
Epoch 43: reducing lr to 3.922062048073544e-06
Epoch 46: reducing lr to 1.033574029307802e-06
Epoch 49: reducing lr to 1.936768872167448e-09
[I 2024-06-21 22:59:56,415] Trial 138 finished with value: 1.09215247631073 and parameters: {'hidden_size': 103, 'n_layers': 3, 'rnn_dropout': 0.7498016497027592, 'bidirectional': False, 'fc_dropout': 0.7162082925849766, 'learning_rate_model': 0.0006117023983794077}. Best is trial 68 with value: 0.9733983278274536.
Epoch 6: reducing lr to 0.00028940363792888315
Epoch 9: reducing lr to 0.00043661984005678045
Epoch 12: reducing lr to 0.00048484334388362545
Epoch 15: reducing lr to 0.00047526501710127195
Epoch 18: reducing lr to 0.00045106047954709754
Epoch 21: reducing lr to 0.0004137505955658733
Epoch 27: reducing lr to 0.00030986822896879334
Epoch 33: reducing lr to 0.00018931696418289962
Epoch 36: reducing lr to 0.00013215188246026277
Epoch 39: reducing lr to 8.191964927936127e-05
Epoch 42: reducing lr to 4.1776513804028716e-05
Epoch 45: reducing lr to 1.4244875328148829e-05
Epoch 48: reducing lr to 1.054613208962673e-06
[I 2024-06-21 23:00:08,248] Trial 139 finished with value: 1.092684030532837 and parameters: {'hidden_size': 178, 'n_layers': 2, 'rnn_dropout': 0.21904776332648687, 'bidirectional': False, 'fc_dropout': 0.176102939221585, 'learning_rate_model': 0.004849720213485595}. Best is trial 68 with value: 0.9733983278274536.
Epoch 14: reducing lr to 0.00012556020282467685
Epoch 24: reducing lr to 9.562952815373323e-05
Epoch 27: reducing lr to 8.103418068647163e-05
Epoch 30: reducing lr to 6.533165507420097e-05
Epoch 33: reducing lr to 4.950860930036285e-05
Epoch 36: reducing lr to 3.455926913507732e-05
Epoch 39: reducing lr to 2.142295027653409e-05
Epoch 42: reducing lr to 1.0925048945200082e-05
Epoch 45: reducing lr to 3.7252021771929517e-06
Epoch 48: reducing lr to 2.757937385637144e-07
[I 2024-06-21 23:00:10,240] Trial 140 finished with value: 1.0923454761505127 and parameters: {'hidden_size': 42, 'n_layers': 1, 'rnn_dropout': 0.6961533969643021, 'bidirectional': False, 'fc_dropout': 0.45723367418026584, 'learning_rate_model': 0.0012682587865373047}. Best is trial 68 with value: 0.9733983278274536.
Epoch 27: reducing lr to 1.4558856376018923e-05
Epoch 30: reducing lr to 1.1737691119664662e-05
Epoch 33: reducing lr to 8.894872831123109e-06
Epoch 36: reducing lr to 6.20902724671803e-06
Epoch 39: reducing lr to 3.848914786136961e-06
Epoch 42: reducing lr to 1.9628287365494242e-06
Epoch 45: reducing lr to 6.692815674810582e-07
Epoch 48: reducing lr to 4.954997255651424e-08
[I 2024-06-21 23:00:24,493] Trial 141 finished with value: 1.078850269317627 and parameters: {'hidden_size': 30, 'n_layers': 7, 'rnn_dropout': 0.7609084947349537, 'bidirectional': True, 'fc_dropout': 0.4222774368943676, 'learning_rate_model': 0.0002278593719884827}. Best is trial 68 with value: 0.9733983278274536.
Epoch 19: reducing lr to 1.8237113262106364e-05
Epoch 23: reducing lr to 1.586388273946441e-05
Epoch 26: reducing lr to 1.364211895578287e-05
Epoch 32: reducing lr to 8.675462274012425e-06
Epoch 42: reducing lr to 1.7316311034117998e-06
Epoch 45: reducing lr to 5.904482431960879e-07
[I 2024-06-21 23:01:24,105] Trial 142 finished with value: 1.073012113571167 and parameters: {'hidden_size': 118, 'n_layers': 7, 'rnn_dropout': 0.24936233417518514, 'bidirectional': True, 'fc_dropout': 0.6195818128120637, 'learning_rate_model': 0.00020102027670166017}. Best is trial 68 with value: 0.9733983278274536.
Epoch 19: reducing lr to 1.7580508348272806e-05
Epoch 23: reducing lr to 1.5292723082258405e-05
[I 2024-06-21 23:03:04,988] Trial 143 finished with value: 1.06727135181427 and parameters: {'hidden_size': 180, 'n_layers': 6, 'rnn_dropout': 0.6101056763560886, 'bidirectional': True, 'fc_dropout': 0.0331800636611991, 'learning_rate_model': 0.0001937827879848057}. Best is trial 68 with value: 0.9733983278274536.
[I 2024-06-21 23:03:09,757] Trial 144 finished with value: 1.1090408563613892 and parameters: {'hidden_size': 22, 'n_layers': 5, 'rnn_dropout': 0.5362800255489347, 'bidirectional': False, 'fc_dropout': 0.428806795791651, 'learning_rate_model': 1.4435761775167338e-05}. Best is trial 68 with value: 0.9733983278274536.
Epoch 10: reducing lr to 0.00028356394625716065
Epoch 13: reducing lr to 0.00029401758208145735
Epoch 16: reducing lr to 0.0002851560822881981
Epoch 22: reducing lr to 0.00024258669375904434
Epoch 25: reducing lr to 0.00021155358129051443
Epoch 28: reducing lr to 0.0001764963188507787
Epoch 31: reducing lr to 0.00013961767333006242
Epoch 34: reducing lr to 0.00010323490593343502
Epoch 37: reducing lr to 6.963401132395515e-05
Epoch 40: reducing lr to 4.0926283990598643e-05
Epoch 43: reducing lr to 1.8915521741456975e-05
Epoch 46: reducing lr to 4.984773770312992e-06
Epoch 49: reducing lr to 9.340748121896073e-09
[I 2024-06-21 23:03:12,458] Trial 145 finished with value: 1.0923900604248047 and parameters: {'hidden_size': 40, 'n_layers': 2, 'rnn_dropout': 0.2685310409317198, 'bidirectional': False, 'fc_dropout': 0.40964882201913505, 'learning_rate_model': 0.0029501496595471795}. Best is trial 68 with value: 0.9733983278274536.
Epoch 8: reducing lr to 0.0015975169055687326
Epoch 17: reducing lr to 0.0018607711596646214
Epoch 22: reducing lr to 0.0016107757769564424
Epoch 25: reducing lr to 0.0014047158934843331
Epoch 28: reducing lr to 0.0011719356520403365
Epoch 31: reducing lr to 0.0009270614259595902
Epoch 34: reducing lr to 0.0006854798308893407
Epoch 37: reducing lr to 0.0004623698726210771
Epoch 40: reducing lr to 0.00027175054769647164
Epoch 43: reducing lr to 0.0001255990745308383
Epoch 46: reducing lr to 3.3098900514318476e-05
Epoch 49: reducing lr to 6.202257255040477e-08
[I 2024-06-21 23:03:28,495] Trial 146 finished with value: 1.125978946685791 and parameters: {'hidden_size': 95, 'n_layers': 6, 'rnn_dropout': 0.36324724484732107, 'bidirectional': False, 'fc_dropout': 0.5249612381952792, 'learning_rate_model': 0.01958899532517217}. Best is trial 68 with value: 0.9733983278274536.
[I 2024-06-21 23:03:34,031] Trial 147 finished with value: 1.1014584302902222 and parameters: {'hidden_size': 192, 'n_layers': 1, 'rnn_dropout': 0.18805749127281166, 'bidirectional': False, 'fc_dropout': 0.6910633164011616, 'learning_rate_model': 2.1207815222486866e-05}. Best is trial 68 with value: 0.9733983278274536.
[I 2024-06-21 23:03:39,505] Trial 148 finished with value: 1.066739797592163 and parameters: {'hidden_size': 103, 'n_layers': 1, 'rnn_dropout': 0.6183084817336942, 'bidirectional': True, 'fc_dropout': 0.38915259453631584, 'learning_rate_model': 9.070770449331516e-05}. Best is trial 68 with value: 0.9733983278274536.
Epoch 12: reducing lr to 5.47349400987404e-05
Epoch 37: reducing lr to 1.2922818934851809e-05
Epoch 40: reducing lr to 7.595181544638185e-06
Epoch 43: reducing lr to 3.5103803138080757e-06
Epoch 46: reducing lr to 9.25084274770087e-07
Epoch 49: reducing lr to 1.7334746972054448e-09
[I 2024-06-21 23:05:48,636] Trial 149 finished with value: 1.034926176071167 and parameters: {'hidden_size': 192, 'n_layers': 7, 'rnn_dropout': 0.49114720190776073, 'bidirectional': True, 'fc_dropout': 0.7182805741341455, 'learning_rate_model': 0.0005474946675652392}. Best is trial 68 with value: 0.9733983278274536.
Epoch 6: reducing lr to 0.00015685370938765133
Epoch 9: reducing lr to 0.00023664333314973176
Epoch 12: reducing lr to 0.00026277996193934284
Epoch 15: reducing lr to 0.00025758861017786836
Epoch 18: reducing lr to 0.000244470006947601
Epoch 21: reducing lr to 0.00022424844463014314
Epoch 24: reducing lr to 0.00019819451213818495
Epoch 27: reducing lr to 0.00016794530118201568
Epoch 30: reducing lr to 0.00013540143671728397
Epoch 33: reducing lr to 0.00010260779130010132
Epoch 36: reducing lr to 7.162492190767431e-05
Epoch 39: reducing lr to 4.439958306384803e-05
Epoch 42: reducing lr to 2.264242841707666e-05
Epoch 45: reducing lr to 7.720571693483127e-06
Epoch 48: reducing lr to 5.715891997033415e-07
[I 2024-06-21 23:05:59,147] Trial 150 finished with value: 1.10738205909729 and parameters: {'hidden_size': 59, 'n_layers': 7, 'rnn_dropout': 0.547374440786582, 'bidirectional': False, 'fc_dropout': 0.561104235706677, 'learning_rate_model': 0.002628497037637164}. Best is trial 68 with value: 0.9733983278274536.
Epoch 12: reducing lr to 0.0023424373990653525
Epoch 18: reducing lr to 0.002179221288402548
Epoch 21: reducing lr to 0.0019989649876923825
Epoch 24: reducing lr to 0.0017667185659656977
Epoch 27: reducing lr to 0.0014970751635045004
Epoch 30: reducing lr to 0.0012069770728064815
Epoch 33: reducing lr to 0.0009146524187119337
Epoch 36: reducing lr to 0.0006384691379946212
Epoch 39: reducing lr to 0.0003957807250755029
Epoch 42: reducing lr to 0.0002018360560614711
Epoch 45: reducing lr to 6.882167020465097e-05
Epoch 48: reducing lr to 5.0951827087787616e-06
[I 2024-06-21 23:06:20,920] Trial 151 finished with value: 1.1058332920074463 and parameters: {'hidden_size': 151, 'n_layers': 2, 'rnn_dropout': 0.4803911642196355, 'bidirectional': True, 'fc_dropout': 0.10440853707141279, 'learning_rate_model': 0.023430590821514066}. Best is trial 68 with value: 0.9733983278274536.
[I 2024-06-21 23:06:36,203] Trial 152 finished with value: 1.1064062118530273 and parameters: {'hidden_size': 130, 'n_layers': 4, 'rnn_dropout': 0.19863258319767887, 'bidirectional': False, 'fc_dropout': 0.3373327478797674, 'learning_rate_model': 1.8101769159892324e-05}. Best is trial 68 with value: 0.9733983278274536.
Epoch 22: reducing lr to 0.00010570432404762543
Epoch 27: reducing lr to 8.213536502854218e-05
Epoch 32: reducing lr to 5.547822850994804e-05
Epoch 37: reducing lr to 3.0342208732332632e-05
Epoch 42: reducing lr to 1.1073510899561749e-05
Epoch 45: reducing lr to 3.7758244488543925e-06
Epoch 48: reducing lr to 2.7954153664071657e-07
[I 2024-06-21 23:07:04,656] Trial 153 finished with value: 0.9688200950622559 and parameters: {'hidden_size': 181, 'n_layers': 2, 'rnn_dropout': 0.6609820283939132, 'bidirectional': True, 'fc_dropout': 0.4787717544837091, 'learning_rate_model': 0.0012854933251677597}. Best is trial 153 with value: 0.9688200950622559.
Epoch 24: reducing lr to 6.100828180268109e-06
Epoch 28: reducing lr to 4.840567321985588e-06
Epoch 34: reducing lr to 2.8313084114356693e-06
Epoch 37: reducing lr to 1.9097742202685293e-06
Epoch 40: reducing lr to 1.1224394604098543e-06
Epoch 43: reducing lr to 5.187748787974256e-07
Epoch 46: reducing lr to 1.3671182026446825e-07
Epoch 49: reducing lr to 2.5617826148572427e-10
[I 2024-06-21 23:08:04,106] Trial 154 finished with value: 1.0750843286514282 and parameters: {'hidden_size': 131, 'n_layers': 6, 'rnn_dropout': 0.22571155872388848, 'bidirectional': True, 'fc_dropout': 0.09208243277352271, 'learning_rate_model': 8.091045824612664e-05}. Best is trial 153 with value: 0.9688200950622559.
Epoch 6: reducing lr to 0.004266341842232598
Epoch 9: reducing lr to 0.006436579395179877
Epoch 12: reducing lr to 0.007147482525589351
Epoch 15: reducing lr to 0.007006280374080205
Epoch 18: reducing lr to 0.00664946097789611
Epoch 21: reducing lr to 0.0060994446743793725
Epoch 24: reducing lr to 0.0053907908415877365
Epoch 27: reducing lr to 0.004568027548958931
Epoch 30: reducing lr to 0.0036828508373856553
Epoch 33: reducing lr to 0.002790880209793469
Epoch 36: reducing lr to 0.0019481617774568887
Epoch 39: reducing lr to 0.001207646282274593
Epoch 42: reducing lr to 0.000615862641327726
Epoch 45: reducing lr to 0.0002099956589516061
Epoch 48: reducing lr to 1.5546938155193423e-05
[I 2024-06-21 23:08:11,782] Trial 155 finished with value: 1.1914589405059814 and parameters: {'hidden_size': 126, 'n_layers': 2, 'rnn_dropout': 0.10513252842996845, 'bidirectional': False, 'fc_dropout': 0.48174692311416867, 'learning_rate_model': 0.07149379468062945}. Best is trial 153 with value: 0.9688200950622559.
Epoch 9: reducing lr to 0.005587593129092662
Epoch 12: reducing lr to 0.006204727977130286
Epoch 15: reducing lr to 0.006082150421079872
Epoch 18: reducing lr to 0.0057723955832947125
Epoch 21: reducing lr to 0.0052949265535923015
Epoch 24: reducing lr to 0.004679744320312157
Epoch 27: reducing lr to 0.003965503690544566
Epoch 30: reducing lr to 0.0031970819857919525
Epoch 33: reducing lr to 0.002422762484067343
Epoch 36: reducing lr to 0.0016911988019958004
Epoch 39: reducing lr to 0.0010483574667415785
Epoch 42: reducing lr to 0.0005346302207853836
Epoch 45: reducing lr to 0.00018229718442935375
Epoch 48: reducing lr to 1.3496293525012277e-05
[I 2024-06-21 23:08:36,455] Trial 156 finished with value: 1.0412204265594482 and parameters: {'hidden_size': 79, 'n_layers': 5, 'rnn_dropout': 0.4791882311787358, 'bidirectional': True, 'fc_dropout': 0.6002537476597487, 'learning_rate_model': 0.06206374712466089}. Best is trial 153 with value: 0.9688200950622559.
Epoch 9: reducing lr to 0.00020316837802482603
Epoch 15: reducing lr to 0.0002211507902248546
Epoch 22: reducing lr to 0.00018556337337134962
Epoch 25: reducing lr to 0.0001618250184490768
Epoch 28: reducing lr to 0.00013500844504730697
Epoch 31: reducing lr to 0.00010679862957000944
Epoch 34: reducing lr to 7.896812928127861e-05
Epoch 37: reducing lr to 5.326558453155109e-05
Epoch 40: reducing lr to 3.1306001162589313e-05
Epoch 43: reducing lr to 1.4469169635949976e-05
Epoch 46: reducing lr to 3.8130345155331332e-06
Epoch 49: reducing lr to 7.14507751619145e-09
[I 2024-06-21 23:08:43,081] Trial 157 finished with value: 1.0925008058547974 and parameters: {'hidden_size': 114, 'n_layers': 2, 'rnn_dropout': 0.6023407319839538, 'bidirectional': False, 'fc_dropout': 0.7340850781155146, 'learning_rate_model': 0.002256676630910648}. Best is trial 153 with value: 0.9688200950622559.
Epoch 23: reducing lr to 0.0006058749562107815
Epoch 26: reducing lr to 0.0005210211371769301
Epoch 29: reducing lr to 0.000427549802211836
Epoch 32: reducing lr to 0.00033133410097010237
Epoch 35: reducing lr to 0.00023841965504883518
Epoch 38: reducing lr to 0.00015464458267098555
Epoch 41: reducing lr to 8.527273238190446e-05
Epoch 44: reducing lr to 3.4663093685342006e-05
Epoch 47: reducing lr to 5.995597333293724e-06
[I 2024-06-21 23:10:02,824] Trial 158 finished with value: 1.032740831375122 and parameters: {'hidden_size': 174, 'n_layers': 5, 'rnn_dropout': 0.6580625220190969, 'bidirectional': True, 'fc_dropout': 0.0983638172417428, 'learning_rate_model': 0.007677386005956413}. Best is trial 153 with value: 0.9688200950622559.
