[I 2024-06-22 05:34:06,031] Trial 722 finished with value: 0.9699340462684631 and parameters: {'hidden_size': 176, 'n_layers': 4, 'rnn_dropout': 0.10692416265629932, 'bidirectional': True, 'fc_dropout': 0.17031024794285426, 'learning_rate_model': 0.0009617839204785549}. Best is trial 153 with value: 0.9688200950622559.
Epoch 23: reducing lr to 7.490109724624957e-05
Epoch 26: reducing lr to 6.441107106837423e-05
Epoch 36: reducing lr to 2.5862781148378967e-05
Epoch 39: reducing lr to 1.6032083097273706e-05
Epoch 42: reducing lr to 8.175871682953228e-06
Epoch 45: reducing lr to 2.7877930018033224e-06
Epoch 48: reducing lr to 2.0639305405121145e-07
[I 2024-06-22 05:35:02,717] Trial 723 finished with value: 0.9718222618103027 and parameters: {'hidden_size': 169, 'n_layers': 4, 'rnn_dropout': 0.05068535169476538, 'bidirectional': True, 'fc_dropout': 0.154659172413964, 'learning_rate_model': 0.00094911438397378}. Best is trial 153 with value: 0.9688200950622559.
Epoch 23: reducing lr to 8.392911229862189e-05
Epoch 26: reducing lr to 7.217469724374141e-05
Epoch 33: reducing lr to 4.151603337733059e-05
Epoch 36: reducing lr to 2.8980086315967385e-05
Epoch 39: reducing lr to 1.7964469842520195e-05
Epoch 42: reducing lr to 9.161329778143714e-06
Epoch 45: reducing lr to 3.1238126077702805e-06
Epoch 48: reducing lr to 2.312701208390805e-07
[I 2024-06-22 05:36:07,963] Trial 724 finished with value: 0.9727792739868164 and parameters: {'hidden_size': 182, 'n_layers': 4, 'rnn_dropout': 0.06866421830651782, 'bidirectional': True, 'fc_dropout': 0.17895259151830736, 'learning_rate_model': 0.001063513495067809}. Best is trial 153 with value: 0.9688200950622559.
Epoch 23: reducing lr to 5.61824749473324e-05
Epoch 32: reducing lr to 3.072444179467543e-05
Epoch 37: reducing lr to 1.680384271735138e-05
Epoch 40: reducing lr to 9.876191621135141e-06
Epoch 43: reducing lr to 4.56462935592419e-06
Epoch 46: reducing lr to 1.2029086480201462e-06
Epoch 49: reducing lr to 2.2540775594897913e-09
[I 2024-06-22 05:37:15,200] Trial 725 finished with value: 0.9737944006919861 and parameters: {'hidden_size': 185, 'n_layers': 4, 'rnn_dropout': 0.0559286785294978, 'bidirectional': True, 'fc_dropout': 0.1921412088613872, 'learning_rate_model': 0.0007119200794141868}. Best is trial 153 with value: 0.9688200950622559.
Epoch 23: reducing lr to 7.688704888004774e-05
Epoch 27: reducing lr to 6.22506560779056e-05
Epoch 38: reducing lr to 1.9624784726573368e-05
Epoch 41: reducing lr to 1.0821323237697564e-05
Epoch 44: reducing lr to 4.398833375102206e-06
Epoch 47: reducing lr to 7.608563128489246e-07
[I 2024-06-22 05:38:17,740] Trial 726 finished with value: 0.9724999070167542 and parameters: {'hidden_size': 179, 'n_layers': 4, 'rnn_dropout': 0.07320052357476067, 'bidirectional': True, 'fc_dropout': 0.14169379001431728, 'learning_rate_model': 0.0009742795061256915}. Best is trial 153 with value: 0.9688200950622559.
Epoch 18: reducing lr to 0.00011649379351365467
Epoch 23: reducing lr to 9.884491209669248e-05
Epoch 27: reducing lr to 8.002857071002455e-05
Epoch 30: reducing lr to 6.45209087500713e-05
Epoch 33: reducing lr to 4.8894222247754844e-05
Epoch 36: reducing lr to 3.4130398928375075e-05
Epoch 39: reducing lr to 2.1157097862891935e-05
Epoch 42: reducing lr to 1.0789472351232002e-05
Epoch 45: reducing lr to 3.6789735309361105e-06
Epoch 48: reducing lr to 2.7237122065099615e-07
[I 2024-06-22 05:39:24,943] Trial 727 finished with value: 0.972676157951355 and parameters: {'hidden_size': 185, 'n_layers': 4, 'rnn_dropout': 0.04318215679885575, 'bidirectional': True, 'fc_dropout': 0.1637214257216633, 'learning_rate_model': 0.0012525200738403364}. Best is trial 153 with value: 0.9688200950622559.
Epoch 23: reducing lr to 6.690757406651305e-05
Epoch 37: reducing lr to 2.0011655810236007e-05
Epoch 40: reducing lr to 1.1761532809041016e-05
Epoch 43: reducing lr to 5.436006103397534e-06
Epoch 46: reducing lr to 1.432541011019996e-06
Epoch 49: reducing lr to 2.684375535343033e-09
[I 2024-06-22 05:40:27,515] Trial 728 finished with value: 0.9707770943641663 and parameters: {'hidden_size': 180, 'n_layers': 4, 'rnn_dropout': 0.04993237888383131, 'bidirectional': True, 'fc_dropout': 0.11659834266439306, 'learning_rate_model': 0.0008478239074995432}. Best is trial 153 with value: 0.9688200950622559.
Epoch 27: reducing lr to 6.385764927887812e-05
Epoch 38: reducing lr to 2.013139618439777e-05
Epoch 41: reducing lr to 1.1100674395808141e-05
Epoch 44: reducing lr to 4.512388729718125e-06
Epoch 47: reducing lr to 7.804977270716969e-07
[I 2024-06-22 05:41:26,597] Trial 729 finished with value: 0.9700475931167603 and parameters: {'hidden_size': 176, 'n_layers': 4, 'rnn_dropout': 0.08915091713022513, 'bidirectional': True, 'fc_dropout': 0.11828007669515388, 'learning_rate_model': 0.0009994304144186332}. Best is trial 153 with value: 0.9688200950622559.
Epoch 18: reducing lr to 0.00011259266075611487
Epoch 23: reducing lr to 9.55348033529906e-05
Epoch 27: reducing lr to 7.734858176538285e-05
Epoch 36: reducing lr to 3.2987443468934414e-05
Epoch 39: reducing lr to 2.0448591040013628e-05
Epoch 42: reducing lr to 1.0428155556951217e-05
Epoch 45: reducing lr to 3.5557724253426627e-06
Epoch 48: reducing lr to 2.6325007986707867e-07
[I 2024-06-22 05:42:26,294] Trial 730 finished with value: 0.9718241691589355 and parameters: {'hidden_size': 172, 'n_layers': 4, 'rnn_dropout': 0.06205579780662421, 'bidirectional': True, 'fc_dropout': 0.19347415104874946, 'learning_rate_model': 0.0012105758041744852}. Best is trial 153 with value: 0.9688200950622559.
Epoch 23: reducing lr to 8.400860250069419e-05
Epoch 26: reducing lr to 7.224305470769265e-05
Epoch 33: reducing lr to 4.155535367742697e-05
Epoch 37: reducing lr to 2.5126471282183776e-05
Epoch 40: reducing lr to 1.476768435172013e-05
Epoch 43: reducing lr to 6.825404781194018e-06
Epoch 46: reducing lr to 1.7986867711133197e-06
Epoch 49: reducing lr to 3.3704799562222706e-09
[I 2024-06-22 05:43:30,258] Trial 731 finished with value: 0.9722481369972229 and parameters: {'hidden_size': 175, 'n_layers': 4, 'rnn_dropout': 0.10527527832947564, 'bidirectional': True, 'fc_dropout': 0.11077189020500543, 'learning_rate_model': 0.0010645207606079087}. Best is trial 153 with value: 0.9688200950622559.
Epoch 23: reducing lr to 7.838978688405918e-05
Epoch 37: reducing lr to 2.3445917088580834e-05
Epoch 40: reducing lr to 1.3779965320728088e-05
Epoch 43: reducing lr to 6.368895687686475e-06
Epoch 46: reducing lr to 1.6783837423980995e-06
Epoch 49: reducing lr to 3.145049406864421e-09
[I 2024-06-22 05:44:29,706] Trial 732 finished with value: 0.9718578457832336 and parameters: {'hidden_size': 171, 'n_layers': 4, 'rnn_dropout': 0.07592926513568268, 'bidirectional': True, 'fc_dropout': 0.19733827078949379, 'learning_rate_model': 0.0009933215536708992}. Best is trial 153 with value: 0.9688200950622559.
Epoch 23: reducing lr to 7.918518834064977e-05
Epoch 37: reducing lr to 2.368381691385961e-05
Epoch 40: reducing lr to 1.3919787163898622e-05
Epoch 43: reducing lr to 6.433519270786031e-06
Epoch 46: reducing lr to 1.695413880206686e-06
Epoch 49: reducing lr to 3.1769614323605077e-09
[I 2024-06-22 05:45:32,490] Trial 733 finished with value: 0.9703048467636108 and parameters: {'hidden_size': 180, 'n_layers': 4, 'rnn_dropout': 0.05283728487371199, 'bidirectional': True, 'fc_dropout': 0.11244306953761518, 'learning_rate_model': 0.0010034005377077002}. Best is trial 153 with value: 0.9688200950622559.
Epoch 23: reducing lr to 0.00010038609349204929
Epoch 27: reducing lr to 8.12763693236207e-05
Epoch 30: reducing lr to 6.552691322787236e-05
Epoch 36: reducing lr to 3.4662557182439416e-05
Epoch 39: reducing lr to 2.148697751895494e-05
Epoch 42: reducing lr to 1.095770087914216e-05
Epoch 45: reducing lr to 3.736335770829083e-06
Epoch 48: reducing lr to 2.7661800937278743e-07
[I 2024-06-22 05:46:35,259] Trial 734 finished with value: 0.9724326133728027 and parameters: {'hidden_size': 177, 'n_layers': 4, 'rnn_dropout': 0.0824849792155037, 'bidirectional': True, 'fc_dropout': 0.1797438518991368, 'learning_rate_model': 0.0012720492594520889}. Best is trial 153 with value: 0.9688200950622559.
Epoch 18: reducing lr to 0.00011803860368349453
Epoch 23: reducing lr to 0.00010015568257500125
Epoch 26: reducing lr to 8.612870872947e-05
Epoch 29: reducing lr to 7.06771947517761e-05
Epoch 33: reducing lr to 4.954260264207936e-05
Epoch 36: reducing lr to 3.458299803923728e-05
Epoch 39: reducing lr to 2.1437659590320467e-05
Epoch 42: reducing lr to 1.0932550245020705e-05
Epoch 45: reducing lr to 3.7277599559785338e-06
Epoch 48: reducing lr to 2.7598310261434806e-07
[I 2024-06-22 05:47:34,430] Trial 735 finished with value: 0.9702772498130798 and parameters: {'hidden_size': 176, 'n_layers': 4, 'rnn_dropout': 0.05706031852410155, 'bidirectional': True, 'fc_dropout': 0.16453794252692192, 'learning_rate_model': 0.0012691295917351272}. Best is trial 153 with value: 0.9688200950622559.
Epoch 23: reducing lr to 0.00010022761456574729
Epoch 27: reducing lr to 8.11480588047424e-05
Epoch 36: reducing lr to 3.46078356104162e-05
Epoch 39: reducing lr to 2.1453056155863453e-05
Epoch 42: reducing lr to 1.0940402022202372e-05
Epoch 45: reducing lr to 3.730437239860625e-06
Epoch 48: reducing lr to 2.7618131417331965e-07
[I 2024-06-22 05:48:31,331] Trial 736 finished with value: 0.971663236618042 and parameters: {'hidden_size': 170, 'n_layers': 4, 'rnn_dropout': 0.09312072786297833, 'bidirectional': True, 'fc_dropout': 0.1671292475323383, 'learning_rate_model': 0.00127004108288272}. Best is trial 153 with value: 0.9688200950622559.
Epoch 18: reducing lr to 0.00015091626932883277
Epoch 23: reducing lr to 0.00012805236163951282
Epoch 27: reducing lr to 0.0001036760239922991
Epoch 30: reducing lr to 8.358603963845904e-05
Epoch 33: reducing lr to 6.334186046144223e-05
Epoch 36: reducing lr to 4.4215509870673164e-05
Epoch 39: reducing lr to 2.740875872428701e-05
Epoch 42: reducing lr to 1.3977628044910933e-05
Epoch 45: reducing lr to 4.76606472758843e-06
Epoch 48: reducing lr to 3.5285354913238473e-07
[I 2024-06-22 05:49:35,319] Trial 737 finished with value: 0.9755569696426392 and parameters: {'hidden_size': 175, 'n_layers': 4, 'rnn_dropout': 0.06063760762118972, 'bidirectional': True, 'fc_dropout': 0.1527436744840452, 'learning_rate_model': 0.0016226242712346843}. Best is trial 153 with value: 0.9688200950622559.
Epoch 23: reducing lr to 9.593756353572873e-05
Epoch 26: reducing lr to 8.250134444239945e-05
Epoch 33: reducing lr to 4.7456085031826186e-05
Epoch 36: reducing lr to 3.3126513507216926e-05
Epoch 39: reducing lr to 2.053479918589301e-05
Epoch 42: reducing lr to 1.0472119072762522e-05
Epoch 45: reducing lr to 3.5707630204089923e-06
Epoch 48: reducing lr to 2.6435990211563353e-07
[I 2024-06-22 05:50:34,496] Trial 738 finished with value: 0.9698095321655273 and parameters: {'hidden_size': 176, 'n_layers': 4, 'rnn_dropout': 0.05802225473438846, 'bidirectional': True, 'fc_dropout': 0.12178675297744332, 'learning_rate_model': 0.0012156794074163965}. Best is trial 153 with value: 0.9688200950622559.
Epoch 18: reducing lr to 0.00012039441610272115
Epoch 23: reducing lr to 0.00010215458796275873
Epoch 27: reducing lr to 8.270820918059797e-05
Epoch 36: reducing lr to 3.5273204918449274e-05
Epoch 39: reducing lr to 2.186551203118335e-05
Epoch 42: reducing lr to 1.1150741894509351e-05
Epoch 45: reducing lr to 3.8021585249732854e-06
Epoch 48: reducing lr to 2.814911686228102e-07
[I 2024-06-22 05:51:34,391] Trial 739 finished with value: 0.9731084108352661 and parameters: {'hidden_size': 172, 'n_layers': 4, 'rnn_dropout': 0.11045857631100753, 'bidirectional': True, 'fc_dropout': 0.10691205726385035, 'learning_rate_model': 0.0012944588582675786}. Best is trial 153 with value: 0.9688200950622559.
Epoch 23: reducing lr to 7.890575055266905e-05
Epoch 26: reducing lr to 6.785486586187308e-05
Epoch 33: reducing lr to 3.903119768445018e-05
Epoch 36: reducing lr to 2.7245557580859665e-05
Epoch 39: reducing lr to 1.6889252577357704e-05
Epoch 42: reducing lr to 8.613001882266024e-06
Epoch 45: reducing lr to 2.936844816432693e-06
Epoch 48: reducing lr to 2.1742804094347905e-07
[I 2024-06-22 05:52:38,405] Trial 740 finished with value: 0.9721358418464661 and parameters: {'hidden_size': 175, 'n_layers': 4, 'rnn_dropout': 0.07549199609844529, 'bidirectional': True, 'fc_dropout': 0.12035969061846546, 'learning_rate_model': 0.0009998596226377064}. Best is trial 153 with value: 0.9688200950622559.
Epoch 18: reducing lr to 0.00014250221386124688
Epoch 23: reducing lr to 0.00012091304075395221
Epoch 27: reducing lr to 9.78957604036914e-05
Epoch 30: reducing lr to 7.892585570360835e-05
Epoch 33: reducing lr to 5.9810353025478606e-05
Epoch 36: reducing lr to 4.17503564830764e-05
Epoch 39: reducing lr to 2.5880634439016405e-05
Epoch 42: reducing lr to 1.3198331430979219e-05
Epoch 45: reducing lr to 4.500341666990805e-06
Epoch 48: reducing lr to 3.3318085680082016e-07
[I 2024-06-22 05:53:37,589] Trial 741 finished with value: 0.9733226299285889 and parameters: {'hidden_size': 176, 'n_layers': 4, 'rnn_dropout': 0.06423800064330187, 'bidirectional': True, 'fc_dropout': 0.11942411822523706, 'learning_rate_model': 0.00153215787763817}. Best is trial 153 with value: 0.9688200950622559.
Epoch 23: reducing lr to 0.00010158184337455355
Epoch 27: reducing lr to 8.224449354967987e-05
Epoch 30: reducing lr to 6.63074376617602e-05
Epoch 33: reducing lr to 5.0248061543455415e-05
Epoch 36: reducing lr to 3.507544055339638e-05
Epoch 39: reducing lr to 2.174291985070527e-05
Epoch 42: reducing lr to 1.1088223634664958e-05
Epoch 45: reducing lr to 3.780841168972882e-06
Epoch 48: reducing lr to 2.799129473537304e-07
[I 2024-06-22 05:54:40,417] Trial 742 finished with value: 0.9709570407867432 and parameters: {'hidden_size': 180, 'n_layers': 4, 'rnn_dropout': 0.06117919460679446, 'bidirectional': True, 'fc_dropout': 0.1323066702651608, 'learning_rate_model': 0.0012872012859890109}. Best is trial 153 with value: 0.9688200950622559.
Epoch 31: reducing lr to 3.36853929852144e-05
Epoch 37: reducing lr to 1.6800516586743853e-05
Epoch 40: reducing lr to 9.874236740707534e-06
Epoch 43: reducing lr to 4.563725839171033e-06
Epoch 46: reducing lr to 1.202670545858667e-06
Epoch 49: reducing lr to 2.2536313903356517e-09
[I 2024-06-22 05:55:37,394] Trial 743 finished with value: 0.9740308523178101 and parameters: {'hidden_size': 170, 'n_layers': 4, 'rnn_dropout': 0.08736017352233681, 'bidirectional': True, 'fc_dropout': 0.15848867166234684, 'learning_rate_model': 0.0007117791628865755}. Best is trial 153 with value: 0.9688200950622559.
Epoch 23: reducing lr to 7.849646835796144e-05
Epoch 26: reducing lr to 6.750290433527937e-05
Epoch 36: reducing lr to 2.710423554127925e-05
Epoch 39: reducing lr to 1.6801648438072345e-05
Epoch 42: reducing lr to 8.568326452545084e-06
Epoch 45: reducing lr to 2.9216114743306855e-06
Epoch 48: reducing lr to 2.1630024702270524e-07
[I 2024-06-22 05:56:40,045] Trial 744 finished with value: 0.9720710515975952 and parameters: {'hidden_size': 177, 'n_layers': 4, 'rnn_dropout': 0.05391910717873871, 'bidirectional': True, 'fc_dropout': 0.17612132568269917, 'learning_rate_model': 0.00099467337527441}. Best is trial 153 with value: 0.9688200950622559.
Epoch 23: reducing lr to 0.00010026091825294123
Epoch 27: reducing lr to 8.117502272659703e-05
Epoch 30: reducing lr to 6.544520522683373e-05
Epoch 33: reducing lr to 4.959465809457e-05
Epoch 36: reducing lr to 3.4619335121171016e-05
Epoch 39: reducing lr to 2.146018458922649e-05
Epoch 42: reducing lr to 1.0944037305036353e-05
Epoch 45: reducing lr to 3.731676791609629e-06
Epoch 48: reducing lr to 2.7627308385313067e-07
[I 2024-06-22 05:57:45,097] Trial 745 finished with value: 0.9718750715255737 and parameters: {'hidden_size': 181, 'n_layers': 4, 'rnn_dropout': 0.07739970170482652, 'bidirectional': True, 'fc_dropout': 0.12642343241844423, 'learning_rate_model': 0.0012704630928360749}. Best is trial 153 with value: 0.9688200950622559.
Epoch 23: reducing lr to 7.225275216350455e-05
Epoch 26: reducing lr to 6.213363122290107e-05
Epoch 33: reducing lr to 3.5740252556839015e-05
Epoch 38: reducing lr to 1.8441918733587825e-05
Epoch 41: reducing lr to 1.0169077853337025e-05
Epoch 44: reducing lr to 4.133697707082735e-06
Epoch 47: reducing lr to 7.149963928265355e-07
[I 2024-06-22 05:58:50,689] Trial 746 finished with value: 0.9721940755844116 and parameters: {'hidden_size': 182, 'n_layers': 4, 'rnn_dropout': 0.045500024641142923, 'bidirectional': True, 'fc_dropout': 0.10697889406775288, 'learning_rate_model': 0.000915555697864073}. Best is trial 153 with value: 0.9688200950622559.
Epoch 18: reducing lr to 0.000142138280847641
Epoch 23: reducing lr to 0.00012060424381590127
Epoch 27: reducing lr to 9.764574675030602e-05
Epoch 36: reducing lr to 4.164373124096754e-05
Epoch 39: reducing lr to 2.5814538502467705e-05
Epoch 42: reducing lr to 1.3164624526348814e-05
Epoch 45: reducing lr to 4.4888483514784075e-06
Epoch 48: reducing lr to 3.3232995413758155e-07
[I 2024-06-22 05:59:47,663] Trial 747 finished with value: 0.9752044677734375 and parameters: {'hidden_size': 170, 'n_layers': 4, 'rnn_dropout': 0.09305828171017361, 'bidirectional': True, 'fc_dropout': 0.14880440251583293, 'learning_rate_model': 0.001528244936087158}. Best is trial 153 with value: 0.9688200950622559.
Epoch 18: reducing lr to 0.0001679958273981236
Epoch 23: reducing lr to 0.0001425443561491733
Epoch 27: reducing lr to 0.00011540928959742339
Epoch 30: reducing lr to 9.304567327594625e-05
Epoch 36: reducing lr to 4.9219485729326224e-05
Epoch 39: reducing lr to 3.0510674033488245e-05
Epoch 42: reducing lr to 1.555950991176142e-05
Epoch 45: reducing lr to 5.305451764114487e-06
Epoch 48: reducing lr to 3.9278683604151814e-07
[I 2024-06-22 06:00:50,160] Trial 748 finished with value: 0.9802061319351196 and parameters: {'hidden_size': 174, 'n_layers': 4, 'rnn_dropout': 0.0721032130546346, 'bidirectional': True, 'fc_dropout': 0.16430156061540171, 'learning_rate_model': 0.0018062605722673308}. Best is trial 153 with value: 0.9688200950622559.
Epoch 23: reducing lr to 9.105162212634892e-05
Epoch 26: reducing lr to 7.829968744502837e-05
Epoch 36: reducing lr to 3.143943497271761e-05
Epoch 39: reducing lr to 1.9488995832357887e-05
Epoch 42: reducing lr to 9.938791371538249e-06
Epoch 45: reducing lr to 3.388909966594439e-06
Epoch 48: reducing lr to 2.5089648960936045e-07
[I 2024-06-22 06:01:52,790] Trial 749 finished with value: 0.971200168132782 and parameters: {'hidden_size': 177, 'n_layers': 4, 'rnn_dropout': 0.0545222595372515, 'bidirectional': True, 'fc_dropout': 0.18449491875757412, 'learning_rate_model': 0.0011537668661935415}. Best is trial 153 with value: 0.9688200950622559.
Epoch 38: reducing lr to 1.3566389861395696e-05
Epoch 41: reducing lr to 7.480657337351562e-06
Epoch 44: reducing lr to 3.040863343644717e-06
Epoch 47: reducing lr to 5.259712915289057e-07
[I 2024-06-22 06:02:58,339] Trial 750 finished with value: 0.9727606177330017 and parameters: {'hidden_size': 182, 'n_layers': 4, 'rnn_dropout': 0.04029357870552635, 'bidirectional': True, 'fc_dropout': 0.13468700722160443, 'learning_rate_model': 0.0006735083109559821}. Best is trial 153 with value: 0.9688200950622559.
Epoch 23: reducing lr to 6.494947787095927e-05
Epoch 26: reducing lr to 5.5853192927819616e-05
Epoch 32: reducing lr to 3.551884202879172e-05
Epoch 37: reducing lr to 1.9426000932511687e-05
Epoch 40: reducing lr to 1.1417323458028387e-05
Epoch 43: reducing lr to 5.276917644152419e-06
Epoch 46: reducing lr to 1.3906167125711434e-06
Epoch 49: reducing lr to 2.6058154381242844e-09
[I 2024-06-22 06:03:52,992] Trial 751 finished with value: 0.9725393056869507 and parameters: {'hidden_size': 168, 'n_layers': 4, 'rnn_dropout': 0.059756290882413333, 'bidirectional': True, 'fc_dropout': 0.18079753870629026, 'learning_rate_model': 0.0008230117574412545}. Best is trial 153 with value: 0.9688200950622559.
Epoch 23: reducing lr to 8.091012310271275e-05
Epoch 27: reducing lr to 6.550788877780699e-05
Epoch 36: reducing lr to 2.7937652229769427e-05
Epoch 39: reducing lr to 1.731827522804797e-05
Epoch 42: reducing lr to 8.831790302949826e-06
Epoch 45: reducing lr to 3.01144687132179e-06
Epoch 48: reducing lr to 2.2295117194247229e-07
[I 2024-06-22 06:04:57,028] Trial 752 finished with value: 0.9718330502510071 and parameters: {'hidden_size': 184, 'n_layers': 4, 'rnn_dropout': 0.10902129224984487, 'bidirectional': True, 'fc_dropout': 0.14935750382740925, 'learning_rate_model': 0.0010252581666915313}. Best is trial 153 with value: 0.9688200950622559.
Epoch 18: reducing lr to 0.00012148684262508759
Epoch 23: reducing lr to 0.00010308151119461958
Epoch 27: reducing lr to 8.345868120622104e-05
Epoch 30: reducing lr to 6.728634419848965e-05
Epoch 33: reducing lr to 5.098988112866975e-05
Epoch 36: reducing lr to 3.559326448457486e-05
Epoch 39: reducing lr to 2.20639138013087e-05
Epoch 42: reducing lr to 1.1251920724757017e-05
Epoch 45: reducing lr to 3.836658287913945e-06
Epoch 48: reducing lr to 2.8404534371140757e-07
[I 2024-06-22 06:05:59,858] Trial 753 finished with value: 0.9738135933876038 and parameters: {'hidden_size': 179, 'n_layers': 4, 'rnn_dropout': 0.036903580338210284, 'bidirectional': True, 'fc_dropout': 0.16253442935193174, 'learning_rate_model': 0.0013062044294880676}. Best is trial 153 with value: 0.9688200950622559.
Epoch 37: reducing lr to 1.1939980030224783e-05
Epoch 40: reducing lr to 7.0175335912459535e-06
Epoch 43: reducing lr to 3.243399993195327e-06
Epoch 46: reducing lr to 8.547274261686954e-07
Epoch 49: reducing lr to 1.601636095960573e-09
