[I 2024-06-22 06:07:07,346] Trial 754 finished with value: 0.9763596653938293 and parameters: {'hidden_size': 185, 'n_layers': 4, 'rnn_dropout': 0.04961925388202678, 'bidirectional': True, 'fc_dropout': 0.12727007410604346, 'learning_rate_model': 0.000505855218612832}. Best is trial 153 with value: 0.9688200950622559.
Epoch 32: reducing lr to 3.8844636240051525e-05
Epoch 37: reducing lr to 2.1244947659347667e-05
Epoch 40: reducing lr to 1.248638050200554e-05
Epoch 43: reducing lr to 5.771019961451804e-06
Epoch 46: reducing lr to 1.5208266166271702e-06
Epoch 49: reducing lr to 2.84981004506496e-09
[I 2024-06-22 06:08:08,771] Trial 755 finished with value: 0.9724560379981995 and parameters: {'hidden_size': 177, 'n_layers': 4, 'rnn_dropout': 0.0888600759183188, 'bidirectional': True, 'fc_dropout': 0.10491956211195812, 'learning_rate_model': 0.0009000741722710546}. Best is trial 153 with value: 0.9688200950622559.
Epoch 23: reducing lr to 8.92388279935266e-05
Epoch 27: reducing lr to 7.225112253803737e-05
Epoch 36: reducing lr to 3.0813490899160044e-05
Epoch 39: reducing lr to 1.9100979271263882e-05
Epoch 42: reducing lr to 9.740914801468289e-06
Epoch 45: reducing lr to 3.3214383943079094e-06
Epoch 48: reducing lr to 2.4590126081840394e-07
[I 2024-06-22 06:09:09,694] Trial 756 finished with value: 0.9723197221755981 and parameters: {'hidden_size': 173, 'n_layers': 4, 'rnn_dropout': 0.07380180861663777, 'bidirectional': True, 'fc_dropout': 0.16973278187121055, 'learning_rate_model': 0.0011307959211753614}. Best is trial 153 with value: 0.9688200950622559.
Epoch 23: reducing lr to 5.694248216388171e-05
Epoch 37: reducing lr to 1.703115633681936e-05
Epoch 40: reducing lr to 1.0009791590006634e-05
Epoch 43: reducing lr to 4.626377280960033e-06
Epoch 46: reducing lr to 1.2191809687785725e-06
Epoch 49: reducing lr to 2.2845695450105127e-09
[I 2024-06-22 06:10:18,847] Trial 757 finished with value: 0.9753769040107727 and parameters: {'hidden_size': 188, 'n_layers': 4, 'rnn_dropout': 0.036745570201548755, 'bidirectional': True, 'fc_dropout': 0.1928790628867908, 'learning_rate_model': 0.000721550562914039}. Best is trial 153 with value: 0.9688200950622559.
Epoch 18: reducing lr to 0.00015294548555762303
Epoch 23: reducing lr to 0.0001297741503606986
Epoch 27: reducing lr to 0.00010507004911203767
Epoch 30: reducing lr to 8.470993535155206e-05
Epoch 33: reducing lr to 6.419355346831123e-05
Epoch 36: reducing lr to 4.481003046538988e-05
Epoch 39: reducing lr to 2.7777296180597526e-05
Epoch 42: reducing lr to 1.4165570867741566e-05
Epoch 45: reducing lr to 4.8301491098468905e-06
Epoch 48: reducing lr to 3.5759800876865916e-07
[I 2024-06-22 06:11:24,239] Trial 758 finished with value: 0.9857494235038757 and parameters: {'hidden_size': 182, 'n_layers': 4, 'rnn_dropout': 0.06022093123317836, 'bidirectional': True, 'fc_dropout': 0.14772983140699786, 'learning_rate_model': 0.0016444420349460572}. Best is trial 153 with value: 0.9688200950622559.
Epoch 23: reducing lr to 7.827430794664899e-05
Epoch 26: reducing lr to 6.731185786776797e-05
Epoch 32: reducing lr to 4.280577565833109e-05
Epoch 37: reducing lr to 2.3411378028077943e-05
Epoch 40: reducing lr to 1.3759665536584766e-05
Epoch 43: reducing lr to 6.359513428393191e-06
Epoch 46: reducing lr to 1.6759112523092387e-06
Epoch 49: reducing lr to 3.1404163165337645e-09
[I 2024-06-22 06:12:31,873] Trial 759 finished with value: 0.9696975946426392 and parameters: {'hidden_size': 186, 'n_layers': 4, 'rnn_dropout': 0.07404779309654459, 'bidirectional': True, 'fc_dropout': 0.18323619637923824, 'learning_rate_model': 0.0009918582544059808}. Best is trial 153 with value: 0.9688200950622559.
Epoch 31: reducing lr to 2.7885555761747957e-05
Epoch 37: reducing lr to 1.390786036877923e-05
Epoch 40: reducing lr to 8.174123999638645e-06
Epoch 43: reducing lr to 3.777958933873595e-06
Epoch 46: reducing lr to 9.955987921611672e-07
Epoch 49: reducing lr to 1.8656087470659765e-09
[I 2024-06-22 06:13:34,500] Trial 760 finished with value: 0.972726583480835 and parameters: {'hidden_size': 180, 'n_layers': 4, 'rnn_dropout': 0.08279819468858382, 'bidirectional': True, 'fc_dropout': 0.17287193841876564, 'learning_rate_model': 0.0005892274299853342}. Best is trial 153 with value: 0.9688200950622559.
Epoch 23: reducing lr to 6.50587440382719e-05
Epoch 26: reducing lr to 5.594715618238992e-05
Epoch 32: reducing lr to 3.557859628491645e-05
Epoch 37: reducing lr to 1.9458681790583004e-05
Epoch 40: reducing lr to 1.1436531113210864e-05
Epoch 43: reducing lr to 5.2857951376304465e-06
Epoch 46: reducing lr to 1.3929561826233196e-06
Epoch 49: reducing lr to 2.6101992680552936e-09
[I 2024-06-22 06:14:38,311] Trial 761 finished with value: 0.9729709029197693 and parameters: {'hidden_size': 184, 'n_layers': 4, 'rnn_dropout': 0.10014824181930344, 'bidirectional': True, 'fc_dropout': 0.15709223531457667, 'learning_rate_model': 0.0008243963311643491}. Best is trial 153 with value: 0.9688200950622559.
Epoch 32: reducing lr to 4.1129771259752385e-05
Epoch 36: reducing lr to 2.596929768339366e-05
Epoch 39: reducing lr to 1.609811164736629e-05
Epoch 42: reducing lr to 8.20954422255354e-06
Epoch 45: reducing lr to 2.799274599593854e-06
Epoch 48: reducing lr to 2.0724308919795303e-07
[I 2024-06-22 06:15:39,573] Trial 762 finished with value: 0.9720153212547302 and parameters: {'hidden_size': 177, 'n_layers': 4, 'rnn_dropout': 0.07500135298165678, 'bidirectional': True, 'fc_dropout': 0.1374854242485616, 'learning_rate_model': 0.0009530233361832695}. Best is trial 153 with value: 0.9688200950622559.
Epoch 23: reducing lr to 5.7445692003802754e-05
Epoch 32: reducing lr to 3.141525577113247e-05
Epoch 37: reducing lr to 1.718166339461244e-05
Epoch 40: reducing lr to 1.0098249722357676e-05
Epoch 43: reducing lr to 4.6672613183693155e-06
Epoch 46: reducing lr to 1.2299550663735434e-06
Epoch 49: reducing lr to 2.3047586521674107e-09
[I 2024-06-22 06:16:48,556] Trial 763 finished with value: 0.9731966257095337 and parameters: {'hidden_size': 187, 'n_layers': 4, 'rnn_dropout': 0.11325158525150364, 'bidirectional': True, 'fc_dropout': 0.181133958456841, 'learning_rate_model': 0.0007279270208670648}. Best is trial 153 with value: 0.9688200950622559.
Epoch 23: reducing lr to 7.63114809076988e-05
Epoch 26: reducing lr to 6.562392809705855e-05
Epoch 32: reducing lr to 4.173236682100639e-05
Epoch 37: reducing lr to 2.282430818334784e-05
Epoch 40: reducing lr to 1.341462456119182e-05
Epoch 43: reducing lr to 6.200040604688068e-06
Epoch 46: reducing lr to 1.6338856629784976e-06
Epoch 49: reducing lr to 3.061666414784416e-09
[I 2024-06-22 06:17:49,229] Trial 764 finished with value: 0.9732489585876465 and parameters: {'hidden_size': 173, 'n_layers': 4, 'rnn_dropout': 0.09221160589838549, 'bidirectional': True, 'fc_dropout': 0.1581636086386895, 'learning_rate_model': 0.0009669861571415637}. Best is trial 153 with value: 0.9688200950622559.
Epoch 23: reducing lr to 0.00010221851391312121
Epoch 27: reducing lr to 8.275996604223373e-05
Epoch 30: reducing lr to 6.67230236626117e-05
Epoch 33: reducing lr to 5.0562994402932015e-05
Epoch 36: reducing lr to 3.529527806456742e-05
Epoch 39: reducing lr to 2.1879194956880865e-05
Epoch 42: reducing lr to 1.1157719767819485e-05
Epoch 45: reducing lr to 3.8045378267940196e-06
Epoch 48: reducing lr to 2.81667319208226e-07
[I 2024-06-22 06:18:54,010] Trial 765 finished with value: 0.9719953536987305 and parameters: {'hidden_size': 181, 'n_layers': 4, 'rnn_dropout': 0.07012313098584046, 'bidirectional': True, 'fc_dropout': 0.11958343525587577, 'learning_rate_model': 0.0012952689003260913}. Best is trial 153 with value: 0.9688200950622559.
Epoch 23: reducing lr to 6.378386700539019e-05
Epoch 26: reducing lr to 5.4850827848261356e-05
Epoch 32: reducing lr to 3.488140583132996e-05
Epoch 37: reducing lr to 1.9077373684014356e-05
Epoch 40: reducing lr to 1.1212423330812046e-05
Epoch 43: reducing lr to 5.182215842931522e-06
Epoch 46: reducing lr to 1.3656601154875574e-06
Epoch 49: reducing lr to 2.559050369527194e-09
[I 2024-06-22 06:19:57,920] Trial 766 finished with value: 0.9732046127319336 and parameters: {'hidden_size': 184, 'n_layers': 4, 'rnn_dropout': 0.058495642305825886, 'bidirectional': True, 'fc_dropout': 0.19175615539934038, 'learning_rate_model': 0.0008082416395217453}. Best is trial 153 with value: 0.9688200950622559.
Epoch 31: reducing lr to 3.034198554875672e-05
Epoch 37: reducing lr to 1.5132999389687393e-05
Epoch 40: reducing lr to 8.89417999733761e-06
Epoch 43: reducing lr to 4.110758141411474e-06
Epoch 46: reducing lr to 1.0833007748603757e-06
Epoch 49: reducing lr to 2.029949631521602e-09
[I 2024-06-22 06:21:06,826] Trial 767 finished with value: 0.9758403301239014 and parameters: {'hidden_size': 188, 'n_layers': 4, 'rnn_dropout': 0.050287123337067106, 'bidirectional': True, 'fc_dropout': 0.17455543641949578, 'learning_rate_model': 0.0006411322879234378}. Best is trial 153 with value: 0.9688200950622559.
Epoch 23: reducing lr to 8.569767601653221e-05
Epoch 26: reducing lr to 7.369557060222848e-05
Epoch 37: reducing lr to 2.5631663083093115e-05
Epoch 40: reducing lr to 1.5064602807523988e-05
Epoch 43: reducing lr to 6.962636089745942e-06
Epoch 46: reducing lr to 1.834851093551011e-06
Epoch 49: reducing lr to 3.438246687988318e-09
[I 2024-06-22 06:22:08,303] Trial 768 finished with value: 0.9728259444236755 and parameters: {'hidden_size': 178, 'n_layers': 4, 'rnn_dropout': 0.08071392392964138, 'bidirectional': True, 'fc_dropout': 0.14232450706720398, 'learning_rate_model': 0.0010859239713539475}. Best is trial 153 with value: 0.9688200950622559.
Epoch 23: reducing lr to 7.471422045285904e-05
Epoch 36: reducing lr to 2.5798254008098496e-05
Epoch 39: reducing lr to 1.5992083359075754e-05
Epoch 42: reducing lr to 8.155473040750971e-06
Epoch 45: reducing lr to 2.7808375120178887e-06
Epoch 48: reducing lr to 2.0587810736101812e-07
[I 2024-06-22 06:23:15,610] Trial 769 finished with value: 0.9719045162200928 and parameters: {'hidden_size': 185, 'n_layers': 4, 'rnn_dropout': 0.06624914775381467, 'bidirectional': True, 'fc_dropout': 0.16764232197780699, 'learning_rate_model': 0.0009467463618865373}. Best is trial 153 with value: 0.9688200950622559.
Epoch 18: reducing lr to 0.00013880557731833944
Epoch 23: reducing lr to 0.0001177764469225025
Epoch 26: reducing lr to 0.00010128165503324137
Epoch 30: reducing lr to 7.68784474952118e-05
Epoch 33: reducing lr to 5.8258818276317036e-05
Epoch 36: reducing lr to 4.0667314407638707e-05
Epoch 39: reducing lr to 2.5209267332298675e-05
Epoch 42: reducing lr to 1.2855954755198822e-05
Epoch 45: reducing lr to 4.3835987265761e-06
Epoch 48: reducing lr to 3.24537843494053e-07
[I 2024-06-22 06:24:20,879] Trial 770 finished with value: 0.9837998151779175 and parameters: {'hidden_size': 182, 'n_layers': 4, 'rnn_dropout': 0.046228989601359564, 'bidirectional': True, 'fc_dropout': 0.19117227294514788, 'learning_rate_model': 0.0014924123140675186}. Best is trial 153 with value: 0.9688200950622559.
Epoch 24: reducing lr to 5.847542050559582e-05
Epoch 32: reducing lr to 3.346894166385479e-05
Epoch 37: reducing lr to 1.8304867355900674e-05
Epoch 40: reducing lr to 1.07583950080456e-05
Epoch 43: reducing lr to 4.9723706829727235e-06
Epoch 46: reducing lr to 1.3103599940588621e-06
Epoch 49: reducing lr to 2.455425906469546e-09
[I 2024-06-22 06:25:18,687] Trial 771 finished with value: 0.9729259610176086 and parameters: {'hidden_size': 171, 'n_layers': 4, 'rnn_dropout': 0.10592350348836775, 'bidirectional': True, 'fc_dropout': 0.15701291669582798, 'learning_rate_model': 0.0007755132466351126}. Best is trial 153 with value: 0.9688200950622559.
Epoch 23: reducing lr to 9.03225922981402e-05
Epoch 27: reducing lr to 7.312857901450151e-05
Epoch 36: reducing lr to 3.11877064988928e-05
Epoch 39: reducing lr to 1.933295183279126e-05
Epoch 42: reducing lr to 9.859213707824154e-06
Epoch 45: reducing lr to 3.3617757278728982e-06
Epoch 48: reducing lr to 2.4888761793364756e-07
[I 2024-06-22 06:26:27,588] Trial 772 finished with value: 0.973170816898346 and parameters: {'hidden_size': 188, 'n_layers': 4, 'rnn_dropout': 0.06612838379935554, 'bidirectional': True, 'fc_dropout': 0.10215104710994435, 'learning_rate_model': 0.0011445289147917885}. Best is trial 153 with value: 0.9688200950622559.
Epoch 23: reducing lr to 7.549199549108917e-05
Epoch 38: reducing lr to 1.9268708861532677e-05
Epoch 41: reducing lr to 1.0624979069522782e-05
Epoch 44: reducing lr to 4.319020097095204e-06
Epoch 47: reducing lr to 7.470511897077442e-07
[I 2024-06-22 06:27:27,858] Trial 773 finished with value: 0.9696767330169678 and parameters: {'hidden_size': 176, 'n_layers': 4, 'rnn_dropout': 0.035954711317253515, 'bidirectional': True, 'fc_dropout': 0.13229326841443706, 'learning_rate_model': 0.0009566019915557932}. Best is trial 153 with value: 0.9688200950622559.
Epoch 18: reducing lr to 0.00017707263501752694
Epoch 23: reducing lr to 0.00015024602182764013
Epoch 27: reducing lr to 0.00012164484875024266
Epoch 30: reducing lr to 9.807292716209281e-05
Epoch 36: reducing lr to 5.187881251148684e-05
Epoch 39: reducing lr to 3.215916449202799e-05
Epoch 42: reducing lr to 1.6400189589992715e-05
Epoch 45: reducing lr to 5.592105103918959e-06
Epoch 48: reducing lr to 4.140090925784613e-07
[I 2024-06-22 06:28:28,705] Trial 774 finished with value: 0.9841036200523376 and parameters: {'hidden_size': 174, 'n_layers': 4, 'rnn_dropout': 0.034816339490344024, 'bidirectional': True, 'fc_dropout': 0.1297310842000292, 'learning_rate_model': 0.001903852756423966}. Best is trial 153 with value: 0.9688200950622559.
Epoch 18: reducing lr to 0.00012292125976411455
Epoch 23: reducing lr to 0.00010429861325422836
Epoch 27: reducing lr to 8.444409296058059e-05
Epoch 36: reducing lr to 3.6013520600442105e-05
Epoch 39: reducing lr to 2.2324426424953723e-05
Epoch 42: reducing lr to 1.138477418926242e-05
Epoch 45: reducing lr to 3.881958406723972e-06
Epoch 48: reducing lr to 2.87399118494556e-07
[I 2024-06-22 06:29:25,277] Trial 775 finished with value: 0.9727177619934082 and parameters: {'hidden_size': 169, 'n_layers': 4, 'rnn_dropout': 0.03347924849361518, 'bidirectional': True, 'fc_dropout': 0.10845798626143008, 'learning_rate_model': 0.0013216270215996489}. Best is trial 153 with value: 0.9688200950622559.
Epoch 23: reducing lr to 8.122591843792965e-05
Epoch 26: reducing lr to 6.985009028504484e-05
Epoch 33: reducing lr to 4.0178882495207696e-05
Epoch 37: reducing lr to 2.4294187098074597e-05
Epoch 40: reducing lr to 1.427852254368828e-05
Epoch 43: reducing lr to 6.59932144518819e-06
Epoch 46: reducing lr to 1.7391074320588377e-06
Epoch 49: reducing lr to 3.258836855663666e-09
[I 2024-06-22 06:30:20,833] Trial 776 finished with value: 0.973296046257019 and parameters: {'hidden_size': 165, 'n_layers': 4, 'rnn_dropout': 0.04351089159921331, 'bidirectional': True, 'fc_dropout': 0.12088527614996203, 'learning_rate_model': 0.001029259788911574}. Best is trial 153 with value: 0.9688200950622559.
Epoch 23: reducing lr to 0.00010121193407258949
Epoch 27: reducing lr to 8.194500102041777e-05
Epoch 30: reducing lr to 6.606597976765557e-05
Epoch 36: reducing lr to 3.494771367524407e-05
Epoch 39: reducing lr to 2.1663743217977917e-05
Epoch 42: reducing lr to 1.104784597534647e-05
Epoch 45: reducing lr to 3.7670732723567867e-06
Epoch 48: reducing lr to 2.7889364705825996e-07
[I 2024-06-22 06:31:22,196] Trial 777 finished with value: 0.9727659821510315 and parameters: {'hidden_size': 177, 'n_layers': 4, 'rnn_dropout': 0.03670565715957787, 'bidirectional': True, 'fc_dropout': 0.1383717330905978, 'learning_rate_model': 0.001282513954932891}. Best is trial 153 with value: 0.9688200950622559.
Epoch 23: reducing lr to 7.716597663924441e-05
Epoch 26: reducing lr to 6.63587502467429e-05
Epoch 37: reducing lr to 2.30798827533361e-05
Epoch 40: reducing lr to 1.356483445479473e-05
Epoch 43: reducing lr to 6.2694653906979745e-06
Epoch 46: reducing lr to 1.6521810532427552e-06
Epoch 49: reducing lr to 3.095949341184491e-09
[I 2024-06-22 06:32:24,576] Trial 778 finished with value: 0.9724150896072388 and parameters: {'hidden_size': 175, 'n_layers': 4, 'rnn_dropout': 0.08888638692568857, 'bidirectional': True, 'fc_dropout': 0.14740034989382692, 'learning_rate_model': 0.0009778139583310147}. Best is trial 153 with value: 0.9688200950622559.
Epoch 18: reducing lr to 0.00014097033905863363
Epoch 23: reducing lr to 0.00011961324592677375
Epoch 27: reducing lr to 9.684339746432612e-05
Epoch 30: reducing lr to 7.807741604536718e-05
Epoch 36: reducing lr to 4.130154718135694e-05
Epoch 39: reducing lr to 2.5602421976918255e-05
Epoch 42: reducing lr to 1.3056451590604651e-05
Epoch 45: reducing lr to 4.451963751897318e-06
Epoch 48: reducing lr to 3.295992186955806e-07
[I 2024-06-22 06:33:26,069] Trial 779 finished with value: 0.9738651514053345 and parameters: {'hidden_size': 178, 'n_layers': 4, 'rnn_dropout': 0.05211326362538977, 'bidirectional': True, 'fc_dropout': 0.11944552119965586, 'learning_rate_model': 0.0015156874384584346}. Best is trial 153 with value: 0.9688200950622559.
Epoch 23: reducing lr to 8.982574410179404e-05
Epoch 27: reducing lr to 7.2726311966355e-05
Epoch 33: reducing lr to 4.4432837285410815e-05
Epoch 36: reducing lr to 3.101614858267401e-05
Epoch 39: reducing lr to 1.92266047716212e-05
Epoch 42: reducing lr to 9.804979961609752e-06
Epoch 45: reducing lr to 3.34328320939646e-06
Epoch 48: reducing lr to 2.4751853229386824e-07
[I 2024-06-22 06:34:20,610] Trial 780 finished with value: 0.9707046747207642 and parameters: {'hidden_size': 168, 'n_layers': 4, 'rnn_dropout': 0.03244363040605783, 'bidirectional': True, 'fc_dropout': 0.1403626017760028, 'learning_rate_model': 0.0011382330688410513}. Best is trial 153 with value: 0.9688200950622559.
Epoch 37: reducing lr to 2.1185484790682063e-05
Epoch 40: reducing lr to 1.2451432145539578e-05
Epoch 43: reducing lr to 5.754867349191386e-06
Epoch 46: reducing lr to 1.5165699474737497e-06
Epoch 49: reducing lr to 2.8418336601261294e-09
[I 2024-06-22 06:35:23,203] Trial 781 finished with value: 0.9706311821937561 and parameters: {'hidden_size': 180, 'n_layers': 4, 'rnn_dropout': 0.07334541361133418, 'bidirectional': True, 'fc_dropout': 0.15743490765163, 'learning_rate_model': 0.0008975549383735069}. Best is trial 153 with value: 0.9688200950622559.
Epoch 32: reducing lr to 2.8182875155001062e-05
Epoch 37: reducing lr to 1.541380652550894e-05
Epoch 40: reducing lr to 9.059219930679287e-06
Epoch 43: reducing lr to 4.187037151938064e-06
Epoch 46: reducing lr to 1.1034024467093218e-06
Epoch 49: reducing lr to 2.0676172694539946e-09
[I 2024-06-22 06:36:21,476] Trial 782 finished with value: 0.9743819832801819 and parameters: {'hidden_size': 172, 'n_layers': 4, 'rnn_dropout': 0.04765699958937139, 'bidirectional': True, 'fc_dropout': 0.19845540513146492, 'learning_rate_model': 0.000653029104728782}. Best is trial 153 with value: 0.9688200950622559.
Epoch 18: reducing lr to 0.00011815999434857568
Epoch 23: reducing lr to 0.00010025868247960903
Epoch 26: reducing lr to 8.621728332209466e-05
Epoch 33: reducing lr to 4.9593552156025645e-05
Epoch 36: reducing lr to 3.461856312558598e-05
Epoch 39: reducing lr to 2.1459706036773095e-05
Epoch 42: reducing lr to 1.0943793257932257e-05
Epoch 45: reducing lr to 3.731593576897425e-06
Epoch 48: reducing lr to 2.762669230877432e-07
[I 2024-06-22 06:37:26,747] Trial 783 finished with value: 0.9752528071403503 and parameters: {'hidden_size': 182, 'n_layers': 4, 'rnn_dropout': 0.060583885612669405, 'bidirectional': True, 'fc_dropout': 0.13440981535192006, 'learning_rate_model': 0.0012704347620811605}. Best is trial 153 with value: 0.9688200950622559.
Epoch 23: reducing lr to 8.10690406497251e-05
Epoch 36: reducing lr to 2.7992525254199295e-05
Epoch 39: reducing lr to 1.7352290474993423e-05
Epoch 42: reducing lr to 8.849137037781641e-06
Epoch 45: reducing lr to 3.017361727601772e-06
Epoch 48: reducing lr to 2.2338907577934032e-07
[I 2024-06-22 06:38:29,223] Trial 784 finished with value: 0.9722391963005066 and parameters: {'hidden_size': 175, 'n_layers': 4, 'rnn_dropout': 0.08267875652205343, 'bidirectional': True, 'fc_dropout': 0.16439343288594832, 'learning_rate_model': 0.0010272719012732739}. Best is trial 153 with value: 0.9688200950622559.
Epoch 23: reducing lr to 0.00012675495880788397
Epoch 27: reducing lr to 0.00010262559770279191
Epoch 30: reducing lr to 8.27391613527085e-05
Epoch 33: reducing lr to 6.270009245286255e-05
Epoch 37: reducing lr to 3.7911651158991334e-05
Epoch 40: reducing lr to 2.2281970726446138e-05
Epoch 43: reducing lr to 1.0298396546713577e-05
Epoch 46: reducing lr to 2.7139181083136144e-06
Epoch 49: reducing lr to 5.085491667491601e-09
[I 2024-06-22 06:39:31,795] Trial 785 finished with value: 0.974475085735321 and parameters: {'hidden_size': 180, 'n_layers': 4, 'rnn_dropout': 0.12236996747751783, 'bidirectional': True, 'fc_dropout': 0.0996193065497807, 'learning_rate_model': 0.0016061841423903914}. Best is trial 153 with value: 0.9688200950622559.
Epoch 23: reducing lr to 6.74854936374328e-05
Epoch 26: reducing lr to 5.803403536898992e-05
Epoch 36: reducing lr to 2.3302229430592744e-05
Epoch 39: reducing lr to 1.4444822327486435e-05
Epoch 42: reducing lr to 7.366417271918334e-06
Epoch 45: reducing lr to 2.51178679355192e-06
Epoch 48: reducing lr to 1.8595905331254347e-07
