[I 2024-06-22 01:16:29,689] Trial 498 finished with value: 1.0959656238555908 and parameters: {'hidden_size': 90, 'n_layers': 3, 'rnn_dropout': 0.6297817091020858, 'bidirectional': False, 'fc_dropout': 0.4618580250594632, 'learning_rate_model': 0.01899603458287186}. Best is trial 153 with value: 0.9688200950622559.
Epoch 11: reducing lr to 7.284420692903033e-05
Epoch 14: reducing lr to 7.252705315580043e-05
Epoch 17: reducing lr to 6.958837688534932e-05
Epoch 23: reducing lr to 5.781300289151995e-05
Epoch 26: reducing lr to 4.9716193418091395e-05
Epoch 29: reducing lr to 4.0797094677969135e-05
Epoch 32: reducing lr to 3.161612662989753e-05
Epoch 35: reducing lr to 2.275016662338851e-05
Epoch 38: reducing lr to 1.4756291894007958e-05
Epoch 41: reducing lr to 8.136782471741192e-06
Epoch 44: reducing lr to 3.3075761176742437e-06
Epoch 47: reducing lr to 5.721040000298519e-07
[I 2024-06-22 01:16:40,721] Trial 499 finished with value: 1.0925798416137695 and parameters: {'hidden_size': 123, 'n_layers': 3, 'rnn_dropout': 0.1284694628073942, 'bidirectional': False, 'fc_dropout': 0.08670311032332174, 'learning_rate_model': 0.0007325814259390815}. Best is trial 153 with value: 0.9688200950622559.
Epoch 23: reducing lr to 7.599699372375032e-05
Epoch 36: reducing lr to 2.6241185895450958e-05
Epoch 39: reducing lr to 1.6266652469943095e-05
Epoch 42: reducing lr to 8.295494883510488e-06
Epoch 45: reducing lr to 2.8285818906580964e-06
Epoch 48: reducing lr to 2.0941284186783714e-07
[I 2024-06-22 01:17:48,054] Trial 500 finished with value: 0.9719099998474121 and parameters: {'hidden_size': 185, 'n_layers': 4, 'rnn_dropout': 0.05912222071490574, 'bidirectional': True, 'fc_dropout': 0.27905053795758994, 'learning_rate_model': 0.000963001111249918}. Best is trial 153 with value: 0.9688200950622559.
Epoch 23: reducing lr to 7.144720152522403e-05
Epoch 27: reducing lr to 5.784635038879348e-05
Epoch 33: reducing lr to 3.5341782154018696e-05
Epoch 36: reducing lr to 2.4670177135536165e-05
Epoch 39: reducing lr to 1.529279962554096e-05
Epoch 42: reducing lr to 7.79885973974275e-06
Epoch 45: reducing lr to 2.6592401945142945e-06
Epoch 48: reducing lr to 1.968757023374846e-07
[I 2024-06-22 01:18:55,795] Trial 501 finished with value: 0.9727346897125244 and parameters: {'hidden_size': 183, 'n_layers': 4, 'rnn_dropout': 0.058107119834401755, 'bidirectional': True, 'fc_dropout': 0.3247115491525525, 'learning_rate_model': 0.000905348107776338}. Best is trial 153 with value: 0.9688200950622559.
Epoch 22: reducing lr to 8.240328427316126e-05
Epoch 27: reducing lr to 6.402977261627806e-05
Epoch 33: reducing lr to 3.911960322416893e-05
Epoch 36: reducing lr to 2.7307268682895195e-05
Epoch 39: reducing lr to 1.6927506681206085e-05
Epoch 42: reducing lr to 8.632510304378926e-06
Epoch 45: reducing lr to 2.9434967606842145e-06
Epoch 48: reducing lr to 2.1792051477082224e-07
[I 2024-06-22 01:20:03,575] Trial 502 finished with value: 0.972783088684082 and parameters: {'hidden_size': 183, 'n_layers': 4, 'rnn_dropout': 0.0706231064515491, 'bidirectional': True, 'fc_dropout': 0.7397362828030346, 'learning_rate_model': 0.0010021243015311619}. Best is trial 153 with value: 0.9688200950622559.
Epoch 23: reducing lr to 7.701825167096625e-05
Epoch 26: reducing lr to 6.623171441175299e-05
Epoch 36: reducing lr to 2.6593818523756147e-05
Epoch 39: reducing lr to 1.6485245960231873e-05
Epoch 42: reducing lr to 8.406970873030132e-06
Epoch 45: reducing lr to 2.866592759162784e-06
Epoch 48: reducing lr to 2.1222696014444858e-07
[I 2024-06-22 01:21:08,690] Trial 503 finished with value: 0.9723117351531982 and parameters: {'hidden_size': 184, 'n_layers': 4, 'rnn_dropout': 0.07268358750832977, 'bidirectional': True, 'fc_dropout': 0.7427138565956712, 'learning_rate_model': 0.0009759420512773183}. Best is trial 153 with value: 0.9688200950622559.
Epoch 23: reducing lr to 7.540048800192129e-05
Epoch 26: reducing lr to 6.48405212985719e-05
Epoch 36: reducing lr to 2.603521699106094e-05
Epoch 39: reducing lr to 1.6138974376404336e-05
Epoch 42: reducing lr to 8.23038296367054e-06
Epoch 45: reducing lr to 2.806380153460794e-06
Epoch 48: reducing lr to 2.0776914581778928e-07
[I 2024-06-22 01:22:13,892] Trial 504 finished with value: 0.9726629257202148 and parameters: {'hidden_size': 184, 'n_layers': 4, 'rnn_dropout': 0.05583335597367087, 'bidirectional': True, 'fc_dropout': 0.278909341809633, 'learning_rate_model': 0.0009554424481391592}. Best is trial 153 with value: 0.9688200950622559.
Epoch 23: reducing lr to 7.367622627432487e-05
Epoch 27: reducing lr to 5.9651052937097734e-05
Epoch 33: reducing lr to 3.64443824716928e-05
Epoch 36: reducing lr to 2.543984248597537e-05
Epoch 39: reducing lr to 1.5769907589473405e-05
Epoch 42: reducing lr to 8.042170198424819e-06
Epoch 45: reducing lr to 2.74220372675683e-06
Epoch 48: reducing lr to 2.0301787171065223e-07
[I 2024-06-22 01:23:20,464] Trial 505 finished with value: 0.972718358039856 and parameters: {'hidden_size': 183, 'n_layers': 4, 'rnn_dropout': 0.05416203828300756, 'bidirectional': True, 'fc_dropout': 0.2820181171048837, 'learning_rate_model': 0.0009335933475576695}. Best is trial 153 with value: 0.9688200950622559.
Epoch 23: reducing lr to 7.667370433128693e-05
Epoch 26: reducing lr to 6.593542151353893e-05
Epoch 33: reducing lr to 3.7927102777584753e-05
Epoch 38: reducing lr to 1.9570330291099444e-05
Epoch 41: reducing lr to 1.0791296460018222e-05
Epoch 44: reducing lr to 4.386627585763745e-06
Epoch 47: reducing lr to 7.587451049263783e-07
[I 2024-06-22 01:24:25,737] Trial 506 finished with value: 0.9724721908569336 and parameters: {'hidden_size': 182, 'n_layers': 4, 'rnn_dropout': 0.05617023461229681, 'bidirectional': True, 'fc_dropout': 0.27711878812401847, 'learning_rate_model': 0.0009715760960634121}. Best is trial 153 with value: 0.9688200950622559.
Epoch 23: reducing lr to 7.7756822804568e-05
Epoch 31: reducing lr to 4.662998013618946e-05
Epoch 37: reducing lr to 2.3256601312665407e-05
Epoch 40: reducing lr to 1.3668697980793163e-05
Epoch 43: reducing lr to 6.3174695726710765e-06
Epoch 46: reducing lr to 1.6648315098590415e-06
Epoch 49: reducing lr to 3.1196544749171813e-09
[I 2024-06-22 01:25:33,315] Trial 507 finished with value: 0.9696123600006104 and parameters: {'hidden_size': 186, 'n_layers': 4, 'rnn_dropout': 0.055828250296416894, 'bidirectional': True, 'fc_dropout': 0.27244827091142565, 'learning_rate_model': 0.0009853009059838738}. Best is trial 153 with value: 0.9688200950622559.
Epoch 23: reducing lr to 7.520511973642329e-05
Epoch 26: reducing lr to 6.467251469124376e-05
Epoch 36: reducing lr to 2.596775780982489e-05
Epoch 39: reducing lr to 1.609715709491997e-05
Epoch 42: reducing lr to 8.209057430022071e-06
Epoch 45: reducing lr to 2.7991086140127255e-06
Epoch 48: reducing lr to 2.0723080052696077e-07
[I 2024-06-22 01:26:37,003] Trial 508 finished with value: 0.9725885391235352 and parameters: {'hidden_size': 184, 'n_layers': 4, 'rnn_dropout': 0.05185993747671741, 'bidirectional': True, 'fc_dropout': 0.28221603238641696, 'learning_rate_model': 0.000952966825781498}. Best is trial 153 with value: 0.9688200950622559.
Epoch 23: reducing lr to 7.695028357946727e-05
Epoch 26: reducing lr to 6.61732653671745e-05
Epoch 33: reducing lr to 3.8063914343732114e-05
Epoch 38: reducing lr to 1.9640924861764323e-05
Epoch 41: reducing lr to 1.0830223086660752e-05
Epoch 44: reducing lr to 4.4024511353144e-06
Epoch 47: reducing lr to 7.614820686939602e-07
[I 2024-06-22 01:27:42,334] Trial 509 finished with value: 0.9723843336105347 and parameters: {'hidden_size': 182, 'n_layers': 4, 'rnn_dropout': 0.05238686527282633, 'bidirectional': True, 'fc_dropout': 0.284282283211418, 'learning_rate_model': 0.0009750807889505347}. Best is trial 153 with value: 0.9688200950622559.
Epoch 23: reducing lr to 7.633134188494914e-05
Epoch 26: reducing lr to 6.564100751063445e-05
Epoch 36: reducing lr to 2.6356633781241186e-05
Epoch 39: reducing lr to 1.6338217476342627e-05
Epoch 42: reducing lr to 8.33199084637209e-06
Epoch 45: reducing lr to 2.8410262138819744e-06
Epoch 48: reducing lr to 2.1033415197733346e-07
[I 2024-06-22 01:28:46,082] Trial 510 finished with value: 0.972213625907898 and parameters: {'hidden_size': 184, 'n_layers': 4, 'rnn_dropout': 0.06333771013690329, 'bidirectional': True, 'fc_dropout': 0.2772680650765265, 'learning_rate_model': 0.0009672378268751337}. Best is trial 153 with value: 0.9688200950622559.
Epoch 22: reducing lr to 8.64511592099378e-05
Epoch 27: reducing lr to 6.717509035533509e-05
Epoch 33: reducing lr to 4.104126524073166e-05
Epoch 36: reducing lr to 2.864867648560963e-05
Epoch 39: reducing lr to 1.775903215548003e-05
Epoch 42: reducing lr to 9.056562845618968e-06
Epoch 45: reducing lr to 3.0880893806161954e-06
Epoch 48: reducing lr to 2.2862536710444547e-07
[I 2024-06-22 01:29:52,509] Trial 511 finished with value: 0.9726461172103882 and parameters: {'hidden_size': 183, 'n_layers': 4, 'rnn_dropout': 0.06407334036769013, 'bidirectional': True, 'fc_dropout': 0.2847783381124447, 'learning_rate_model': 0.0010513513909546337}. Best is trial 153 with value: 0.9688200950622559.
Epoch 23: reducing lr to 7.378910629422236e-05
Epoch 27: reducing lr to 5.9742444860692945e-05
Epoch 33: reducing lr to 3.650021924328909e-05
Epoch 36: reducing lr to 2.5478819101244906e-05
Epoch 39: reducing lr to 1.5794068809075687e-05
Epoch 42: reducing lr to 8.054491680915484e-06
Epoch 45: reducing lr to 2.7464050821585918e-06
Epoch 48: reducing lr to 2.0332891724810172e-07
[I 2024-06-22 01:30:58,916] Trial 512 finished with value: 0.9727122187614441 and parameters: {'hidden_size': 183, 'n_layers': 4, 'rnn_dropout': 0.05623258919178429, 'bidirectional': True, 'fc_dropout': 0.2759696237243719, 'learning_rate_model': 0.0009350237144613174}. Best is trial 153 with value: 0.9688200950622559.
Epoch 23: reducing lr to 7.21176625433965e-05
Epoch 26: reducing lr to 6.201746113406015e-05
Epoch 36: reducing lr to 2.490168224319174e-05
Epoch 39: reducing lr to 1.5436307359766598e-05
Epoch 42: reducing lr to 7.87204429183253e-06
Epoch 45: reducing lr to 2.684194522330056e-06
Epoch 48: reducing lr to 1.987231852482803e-07
[I 2024-06-22 01:32:02,647] Trial 513 finished with value: 0.9730163812637329 and parameters: {'hidden_size': 184, 'n_layers': 4, 'rnn_dropout': 0.05467296482856637, 'bidirectional': True, 'fc_dropout': 0.2750963056234658, 'learning_rate_model': 0.0009138439004901498}. Best is trial 153 with value: 0.9688200950622559.
Epoch 23: reducing lr to 7.499696789925864e-05
Epoch 27: reducing lr to 6.072037519434543e-05
Epoch 33: reducing lr to 3.709769515285743e-05
Epoch 36: reducing lr to 2.589588455818849e-05
Epoch 39: reducing lr to 1.605260357470514e-05
Epoch 42: reducing lr to 8.186336498369566e-06
Epoch 45: reducing lr to 2.791361274437007e-06
Epoch 48: reducing lr to 2.066572295786177e-07
[I 2024-06-22 01:33:09,042] Trial 514 finished with value: 0.9727257490158081 and parameters: {'hidden_size': 183, 'n_layers': 4, 'rnn_dropout': 0.05920968704348517, 'bidirectional': True, 'fc_dropout': 0.27531428454018786, 'learning_rate_model': 0.000950329215519875}. Best is trial 153 with value: 0.9688200950622559.
Epoch 23: reducing lr to 7.152545429234595e-05
Epoch 27: reducing lr to 5.790970678189489e-05
Epoch 33: reducing lr to 3.5380490349574763e-05
Epoch 36: reducing lr to 2.4697197222887826e-05
Epoch 39: reducing lr to 1.5309549111345764e-05
Epoch 42: reducing lr to 7.807401464848871e-06
Epoch 45: reducing lr to 2.6621527355126907e-06
Epoch 48: reducing lr to 1.970913310557292e-07
[I 2024-06-22 01:34:15,520] Trial 515 finished with value: 0.9726414084434509 and parameters: {'hidden_size': 183, 'n_layers': 4, 'rnn_dropout': 0.05198552419285366, 'bidirectional': True, 'fc_dropout': 0.27823555978034775, 'learning_rate_model': 0.000906339693074708}. Best is trial 153 with value: 0.9688200950622559.
Epoch 23: reducing lr to 7.505978717683537e-05
Epoch 26: reducing lr to 6.45475362040343e-05
Epoch 36: reducing lr to 2.5917575578582025e-05
Epoch 39: reducing lr to 1.6066049624432684e-05
Epoch 42: reducing lr to 8.193193572185117e-06
Epoch 45: reducing lr to 2.793699386278428e-06
Epoch 48: reducing lr to 2.068303306816655e-07
[I 2024-06-22 01:35:19,327] Trial 516 finished with value: 0.9725753664970398 and parameters: {'hidden_size': 184, 'n_layers': 4, 'rnn_dropout': 0.05148816396652389, 'bidirectional': True, 'fc_dropout': 0.27795132706780706, 'learning_rate_model': 0.0009511252342983836}. Best is trial 153 with value: 0.9688200950622559.
Epoch 23: reducing lr to 7.781710686802574e-05
Epoch 27: reducing lr to 6.300366612037e-05
Epoch 33: reducing lr to 3.8492693626563064e-05
Epoch 36: reducing lr to 2.686965716818708e-05
Epoch 39: reducing lr to 1.6656235616896593e-05
Epoch 42: reducing lr to 8.494170364420047e-06
Epoch 45: reducing lr to 2.896325874026176e-06
Epoch 48: reducing lr to 2.1442823849588798e-07
[I 2024-06-22 01:36:25,715] Trial 517 finished with value: 0.9727483987808228 and parameters: {'hidden_size': 183, 'n_layers': 4, 'rnn_dropout': 0.056598093372647554, 'bidirectional': True, 'fc_dropout': 0.276374966697184, 'learning_rate_model': 0.0009860647996230286}. Best is trial 153 with value: 0.9688200950622559.
Epoch 23: reducing lr to 7.147963033787671e-05
Epoch 26: reducing lr to 6.146878642508311e-05
Epoch 33: reducing lr to 3.5357823258608075e-05
Epoch 36: reducing lr to 2.468137455874321e-05
Epoch 39: reducing lr to 1.5299740797810895e-05
Epoch 42: reducing lr to 7.802399525150792e-06
Epoch 45: reducing lr to 2.6604471837346703e-06
Epoch 48: reducing lr to 1.9696506126450248e-07
[I 2024-06-22 01:37:32,159] Trial 518 finished with value: 0.972774863243103 and parameters: {'hidden_size': 183, 'n_layers': 4, 'rnn_dropout': 0.05418789607573603, 'bidirectional': True, 'fc_dropout': 0.2799678762445611, 'learning_rate_model': 0.0009057590316970206}. Best is trial 153 with value: 0.9688200950622559.
Epoch 23: reducing lr to 7.041044363318741e-05
Epoch 26: reducing lr to 6.054934113852488e-05
Epoch 33: reducing lr to 3.482894371129981e-05
Epoch 36: reducing lr to 2.4312192493769914e-05
Epoch 39: reducing lr to 1.5070888474863952e-05
Epoch 42: reducing lr to 7.685691844969286e-06
Epoch 45: reducing lr to 2.6206524234101957e-06
Epoch 48: reducing lr to 1.940188733254148e-07
[I 2024-06-22 01:38:38,504] Trial 519 finished with value: 0.9727081656455994 and parameters: {'hidden_size': 183, 'n_layers': 4, 'rnn_dropout': 0.05032269140598372, 'bidirectional': True, 'fc_dropout': 0.2783798907601341, 'learning_rate_model': 0.0008922107591365012}. Best is trial 153 with value: 0.9688200950622559.
Epoch 23: reducing lr to 7.41713182630791e-05
Epoch 27: reducing lr to 6.0051898093307965e-05
Epoch 33: reducing lr to 3.668928266147244e-05
Epoch 36: reducing lr to 2.5610793997024257e-05
Epoch 39: reducing lr to 1.5875878746056155e-05
Epoch 42: reducing lr to 8.096212244805058e-06
Epoch 45: reducing lr to 2.7606308797925172e-06
Epoch 48: reducing lr to 2.0438211804818703e-07
[I 2024-06-22 01:39:44,888] Trial 520 finished with value: 0.9725663661956787 and parameters: {'hidden_size': 183, 'n_layers': 4, 'rnn_dropout': 0.05244755840727419, 'bidirectional': True, 'fc_dropout': 0.2746733619898856, 'learning_rate_model': 0.0009398669396036172}. Best is trial 153 with value: 0.9688200950622559.
Epoch 23: reducing lr to 6.912286892342553e-05
Epoch 26: reducing lr to 5.944209345877921e-05
Epoch 33: reducing lr to 3.419203724151509e-05
Epoch 36: reducing lr to 2.386760270596909e-05
Epoch 39: reducing lr to 1.4795291647851062e-05
Epoch 42: reducing lr to 7.545145898431023e-06
Epoch 45: reducing lr to 2.5727293368715406e-06
Epoch 48: reducing lr to 1.9047090825631206e-07
[I 2024-06-22 01:40:51,274] Trial 521 finished with value: 0.972775936126709 and parameters: {'hidden_size': 183, 'n_layers': 4, 'rnn_dropout': 0.051849592736534146, 'bidirectional': True, 'fc_dropout': 0.27657358161712625, 'learning_rate_model': 0.0008758951680116054}. Best is trial 153 with value: 0.9688200950622559.
Epoch 23: reducing lr to 6.88527853592217e-05
Epoch 26: reducing lr to 5.920983555752127e-05
Epoch 36: reducing lr to 2.3774344898412374e-05
Epoch 39: reducing lr to 1.4737482052214733e-05
Epoch 42: reducing lr to 7.515664774044477e-06
Epoch 45: reducing lr to 2.562676919779243e-06
Epoch 48: reducing lr to 1.897266818869461e-07
[I 2024-06-22 01:41:55,059] Trial 522 finished with value: 0.9731007218360901 and parameters: {'hidden_size': 184, 'n_layers': 4, 'rnn_dropout': 0.05418092493182881, 'bidirectional': True, 'fc_dropout': 0.27630150392450503, 'learning_rate_model': 0.0008724727856289017}. Best is trial 153 with value: 0.9688200950622559.
Epoch 23: reducing lr to 8.00389336767674e-05
Epoch 27: reducing lr to 6.480254094454783e-05
Epoch 33: reducing lr to 3.9591733440330775e-05
Epoch 36: reducing lr to 2.763683712437877e-05
Epoch 39: reducing lr to 1.7131802909434223e-05
Epoch 42: reducing lr to 8.736695127846352e-06
Epoch 45: reducing lr to 2.9790215014115044e-06
Epoch 48: reducing lr to 2.2055057364834227e-07
[I 2024-06-22 01:43:01,458] Trial 523 finished with value: 0.9725857973098755 and parameters: {'hidden_size': 183, 'n_layers': 4, 'rnn_dropout': 0.05267743155541006, 'bidirectional': True, 'fc_dropout': 0.2783656962181947, 'learning_rate_model': 0.0010142188302100887}. Best is trial 153 with value: 0.9688200950622559.
Epoch 23: reducing lr to 8.39339912006772e-05
Epoch 27: reducing lr to 6.795612649447376e-05
Epoch 36: reducing lr to 2.8981770963866288e-05
Epoch 39: reducing lr to 1.796551413914668e-05
Epoch 42: reducing lr to 9.161862337460271e-06
Epoch 45: reducing lr to 3.123994198821786e-06
Epoch 48: reducing lr to 2.3128356485436087e-07
[I 2024-06-22 01:44:07,803] Trial 524 finished with value: 0.9723727703094482 and parameters: {'hidden_size': 183, 'n_layers': 4, 'rnn_dropout': 0.049386578446654006, 'bidirectional': True, 'fc_dropout': 0.2871830578125008, 'learning_rate_model': 0.0010635753184093746}. Best is trial 153 with value: 0.9688200950622559.
Epoch 23: reducing lr to 8.707895190906964e-05
Epoch 27: reducing lr to 7.050240535792835e-05
Epoch 36: reducing lr to 3.0067702058493563e-05
Epoch 39: reducing lr to 1.8638672120382167e-05
Epoch 42: reducing lr to 9.505152304431106e-06
Epoch 45: reducing lr to 3.241048551510064e-06
Epoch 48: reducing lr to 2.399496334346603e-07
[I 2024-06-22 01:45:14,141] Trial 525 finished with value: 0.9723834991455078 and parameters: {'hidden_size': 183, 'n_layers': 4, 'rnn_dropout': 0.05109813710145513, 'bidirectional': True, 'fc_dropout': 0.2840712476766255, 'learning_rate_model': 0.0011034269034342803}. Best is trial 153 with value: 0.9688200950622559.
Epoch 23: reducing lr to 8.620541307229992e-05
Epoch 26: reducing lr to 7.41321982189853e-05
Epoch 33: reducing lr to 4.264201906106588e-05
Epoch 36: reducing lr to 2.9766075719353167e-05
Epoch 39: reducing lr to 1.8451696925963513e-05
Epoch 42: reducing lr to 9.40980067805873e-06
Epoch 45: reducing lr to 3.208535737339352e-06
Epoch 48: reducing lr to 2.3754256124237667e-07
[I 2024-06-22 01:46:19,545] Trial 526 finished with value: 0.9725981950759888 and parameters: {'hidden_size': 182, 'n_layers': 4, 'rnn_dropout': 0.048075918545869706, 'bidirectional': True, 'fc_dropout': 0.2828147924476181, 'learning_rate_model': 0.001092357796232658}. Best is trial 153 with value: 0.9688200950622559.
Epoch 23: reducing lr to 8.340878496611667e-05
Epoch 36: reducing lr to 2.8800421231998594e-05
Epoch 39: reducing lr to 1.7853097227976504e-05
Epoch 42: reducing lr to 9.104533153526733e-06
Epoch 45: reducing lr to 3.1044462039453174e-06
Epoch 48: reducing lr to 2.2983633747395564e-07
[I 2024-06-22 01:47:28,585] Trial 527 finished with value: 0.9717097878456116 and parameters: {'hidden_size': 187, 'n_layers': 4, 'rnn_dropout': 0.04569425125528675, 'bidirectional': True, 'fc_dropout': 0.2913135398506585, 'learning_rate_model': 0.0010569201316350705}. Best is trial 153 with value: 0.9688200950622559.
Epoch 23: reducing lr to 8.82514413413292e-05
Epoch 26: reducing lr to 7.58916767458629e-05
Epoch 36: reducing lr to 3.0472553772289176e-05
Epoch 39: reducing lr to 1.888963570702845e-05
Epoch 42: reducing lr to 9.633136052336144e-06
Epoch 45: reducing lr to 3.284688203719654e-06
Epoch 48: reducing lr to 2.431804762883074e-07
[I 2024-06-22 01:48:37,380] Trial 528 finished with value: 0.9717564582824707 and parameters: {'hidden_size': 187, 'n_layers': 4, 'rnn_dropout': 0.044069035996031805, 'bidirectional': True, 'fc_dropout': 0.29223959309807906, 'learning_rate_model': 0.001118284183582743}. Best is trial 153 with value: 0.9688200950622559.
Epoch 23: reducing lr to 9.29529019255689e-05
Epoch 27: reducing lr to 7.525817694263785e-05
Epoch 36: reducing lr to 3.209593247618406e-05
Epoch 39: reducing lr to 1.9895952163478774e-05
Epoch 42: reducing lr to 1.0146326644629231e-05
Epoch 45: reducing lr to 3.4596749448605192e-06
Epoch 48: reducing lr to 2.5613554429338664e-07
[I 2024-06-22 01:49:48,178] Trial 529 finished with value: 0.9709271192550659 and parameters: {'hidden_size': 189, 'n_layers': 4, 'rnn_dropout': 0.04595429359177604, 'bidirectional': True, 'fc_dropout': 0.2669892168997746, 'learning_rate_model': 0.001177859063394148}. Best is trial 153 with value: 0.9688200950622559.
Epoch 23: reducing lr to 9.096610527017364e-05
Epoch 26: reducing lr to 7.82261473701408e-05
Epoch 36: reducing lr to 3.140990665047573e-05
Epoch 39: reducing lr to 1.9470691516469014e-05
Epoch 42: reducing lr to 9.929456730678205e-06
Epoch 45: reducing lr to 3.3857270587073133e-06
Epoch 48: reducing lr to 2.506608443949947e-07
