[I 2024-06-21 22:42:52,302] Trial 95 finished with value: 0.976422131061554 and parameters: {'hidden_size': 156, 'n_layers': 6, 'rnn_dropout': 0.14123922742166642, 'bidirectional': True, 'fc_dropout': 0.6881895979384922, 'learning_rate_model': 0.0017203437921322648}. Best is trial 68 with value: 0.9733983278274536.
Epoch 6: reducing lr to 0.003246367897033143
Epoch 11: reducing lr to 0.005409405638924722
Epoch 14: reducing lr to 0.005385853822223806
Epoch 17: reducing lr to 0.005167627930852102
Epoch 20: reducing lr to 0.004795614842310644
Epoch 23: reducing lr to 0.0042931894934245835
Epoch 26: reducing lr to 0.003691920996321782
Epoch 29: reducing lr to 0.0030295893566081506
Epoch 32: reducing lr to 0.002347811320663415
Epoch 35: reducing lr to 0.0016894257595381989
Epoch 38: reducing lr to 0.0010958011892261317
Epoch 41: reducing lr to 0.0006042368891217828
Epoch 44: reducing lr to 0.00024562036785645005
Epoch 47: reducing lr to 4.248440245671128e-05
[I 2024-06-21 22:43:26,342] Trial 96 finished with value: 1.1074423789978027 and parameters: {'hidden_size': 90, 'n_layers': 6, 'rnn_dropout': 0.573543201353976, 'bidirectional': True, 'fc_dropout': 0.0030349379274740686, 'learning_rate_model': 0.054401444720336284}. Best is trial 68 with value: 0.9733983278274536.
Epoch 3: reducing lr to 0.00030337446504804296
Epoch 6: reducing lr to 0.0007195772147946977
Epoch 13: reducing lr to 0.0012017644561310684
Epoch 16: reducing lr to 0.001165544052561457
Epoch 23: reducing lr to 0.0009516115967902518
Epoch 26: reducing lr to 0.0008183367726754511
Epoch 29: reducing lr to 0.000671526931125729
Epoch 32: reducing lr to 0.0005204066774226092
Epoch 35: reducing lr to 0.00037447150822367286
Epoch 38: reducing lr to 0.00024289100703363907
Epoch 41: reducing lr to 0.00013393278628334883
Epoch 44: reducing lr to 5.4443250366207306e-05
Epoch 47: reducing lr to 9.416926535022602e-06
[I 2024-06-21 22:44:02,686] Trial 97 finished with value: 1.1218054294586182 and parameters: {'hidden_size': 174, 'n_layers': 6, 'rnn_dropout': 0.41335102633723075, 'bidirectional': False, 'fc_dropout': 0.2999007548294875, 'learning_rate_model': 0.01205841152767771}. Best is trial 68 with value: 0.9733983278274536.
Epoch 7: reducing lr to 0.0027431437109580905
Epoch 11: reducing lr to 0.003830059545767548
Epoch 14: reducing lr to 0.0038133839872317972
Epoch 17: reducing lr to 0.0036588719734964082
Epoch 20: reducing lr to 0.003395472928199094
Epoch 26: reducing lr to 0.0026140168066583875
Epoch 32: reducing lr to 0.0016623373731971599
Epoch 35: reducing lr to 0.0011961760106552282
Epoch 38: reducing lr to 0.0007758678282247012
Epoch 41: reducing lr to 0.0004278220972065608
Epoch 44: reducing lr to 0.00017390831772241336
Epoch 47: reducing lr to 3.0080530475415368e-05
[I 2024-06-21 22:45:06,353] Trial 98 finished with value: 1.0786875486373901 and parameters: {'hidden_size': 154, 'n_layers': 5, 'rnn_dropout': 0.3214927391742699, 'bidirectional': True, 'fc_dropout': 0.6199173173796783, 'learning_rate_model': 0.03851823778112661}. Best is trial 68 with value: 0.9733983278274536.
[I 2024-06-21 22:45:08,698] Trial 99 finished with value: 1.0944358110427856 and parameters: {'hidden_size': 60, 'n_layers': 1, 'rnn_dropout': 0.1762271902349821, 'bidirectional': False, 'fc_dropout': 0.4345331441904756, 'learning_rate_model': 0.00014023182899556565}. Best is trial 68 with value: 0.9733983278274536.
Epoch 6: reducing lr to 0.00122554353888497
Epoch 9: reducing lr to 0.0018489630184333368
Epoch 12: reducing lr to 0.002053176082098789
Epoch 15: reducing lr to 0.002012614544636959
Epoch 18: reducing lr to 0.0019101150915426391
Epoch 21: reducing lr to 0.001752118158342465
Epoch 24: reducing lr to 0.001548551224842974
Epoch 27: reducing lr to 0.0013122053635405682
Epoch 30: reducing lr to 0.0010579307086356579
Epoch 33: reducing lr to 0.0008017044426811406
Epoch 36: reducing lr to 0.000559626295162398
Epoch 39: reducing lr to 0.0003469068239795755
Epoch 42: reducing lr to 0.00017691186239423667
Epoch 45: reducing lr to 6.032306658468704e-05
Epoch 48: reducing lr to 4.465992250534539e-06
[I 2024-06-21 22:45:12,405] Trial 100 finished with value: 1.0959585905075073 and parameters: {'hidden_size': 41, 'n_layers': 3, 'rnn_dropout': 0.4910968717930021, 'bidirectional': False, 'fc_dropout': 0.35529368561329155, 'learning_rate_model': 0.020537209952065802}. Best is trial 68 with value: 0.9733983278274536.
Epoch 13: reducing lr to 0.0003205912481466736
Epoch 16: reducing lr to 0.00031092883524245016
Epoch 22: reducing lr to 0.0002645119736902008
Epoch 25: reducing lr to 0.0002306740508363024
Epoch 28: reducing lr to 0.00019244827045067017
Epoch 31: reducing lr to 0.0001522364881696717
Epoch 34: reducing lr to 0.00011256540207971337
Epoch 37: reducing lr to 7.592761781716004e-05
Epoch 40: reducing lr to 4.462525123043897e-05
Epoch 43: reducing lr to 2.0625129563711478e-05
Epoch 46: reducing lr to 5.4353036761954635e-06
Epoch 49: reducing lr to 1.0184976278722682e-08
[I 2024-06-21 22:45:20,542] Trial 101 finished with value: 1.0927467346191406 and parameters: {'hidden_size': 94, 'n_layers': 3, 'rnn_dropout': 0.5399772838472842, 'bidirectional': False, 'fc_dropout': 0.25181254985921314, 'learning_rate_model': 0.0032167877678542485}. Best is trial 68 with value: 0.9733983278274536.
Epoch 15: reducing lr to 5.286219493144185e-05
Epoch 18: reducing lr to 5.017000228865466e-05
Epoch 21: reducing lr to 4.6020144232797184e-05
Epoch 24: reducing lr to 4.0673370331693807e-05
Epoch 27: reducing lr to 3.446564365859608e-05
Epoch 30: reducing lr to 2.7787009436496144e-05
Epoch 33: reducing lr to 2.1057115302750636e-05
Epoch 36: reducing lr to 1.4698827643110166e-05
Epoch 39: reducing lr to 9.11165836554343e-06
Epoch 42: reducing lr to 4.646666884371294e-06
Epoch 45: reducing lr to 1.5844115373007474e-06
Epoch 48: reducing lr to 1.1730122568137658e-07
[I 2024-06-21 22:45:44,904] Trial 102 finished with value: 1.0928514003753662 and parameters: {'hidden_size': 178, 'n_layers': 4, 'rnn_dropout': 0.6275659350335385, 'bidirectional': False, 'fc_dropout': 0.10547278002200172, 'learning_rate_model': 0.0005394187370487681}. Best is trial 68 with value: 0.9733983278274536.
[I 2024-06-21 22:47:09,521] Trial 103 finished with value: 1.0843591690063477 and parameters: {'hidden_size': 184, 'n_layers': 5, 'rnn_dropout': 0.6134196697896818, 'bidirectional': True, 'fc_dropout': 0.67431987215428, 'learning_rate_model': 1.8673586483652047e-05}. Best is trial 68 with value: 0.9733983278274536.
Epoch 22: reducing lr to 0.0005223084756877155
Epoch 25: reducing lr to 0.0004554917125004354
Epoch 28: reducing lr to 0.00038001063386852106
Epoch 31: reducing lr to 0.0003006079723751193
Epoch 34: reducing lr to 0.00022227297598365007
Epoch 37: reducing lr to 0.0001499275733019472
Epoch 40: reducing lr to 8.811754954673881e-05
Epoch 43: reducing lr to 4.0726625086170456e-05
Epoch 46: reducing lr to 1.073261500569517e-05
Epoch 49: reducing lr to 2.011137477386793e-08
[I 2024-06-21 22:47:34,025] Trial 104 finished with value: 1.107397198677063 and parameters: {'hidden_size': 122, 'n_layers': 7, 'rnn_dropout': 0.41428803853785756, 'bidirectional': False, 'fc_dropout': 0.20131131388468226, 'learning_rate_model': 0.006351907220679005}. Best is trial 68 with value: 0.9733983278274536.
[I 2024-06-21 22:48:32,484] Trial 105 finished with value: 1.1020634174346924 and parameters: {'hidden_size': 115, 'n_layers': 7, 'rnn_dropout': 0.49946936192214075, 'bidirectional': True, 'fc_dropout': 0.7914720449333105, 'learning_rate_model': 2.0457769512926938e-05}. Best is trial 68 with value: 0.9733983278274536.
Epoch 17: reducing lr to 1.0015245025399623e-05
Epoch 20: reducing lr to 9.294256153086592e-06
Epoch 25: reducing lr to 7.560614743649844e-06
Epoch 28: reducing lr to 6.307719596912131e-06
Epoch 31: reducing lr to 4.989730889990318e-06
Epoch 34: reducing lr to 3.689464139998609e-06
Epoch 37: reducing lr to 2.48861744369336e-06
Epoch 40: reducing lr to 1.4626453698139067e-06
Epoch 43: reducing lr to 6.760130066807866e-07
Epoch 46: reducing lr to 1.7814850418359488e-07
Epoch 49: reducing lr to 3.3382463930187004e-10
[I 2024-06-21 22:48:45,810] Trial 106 finished with value: 1.1068196296691895 and parameters: {'hidden_size': 75, 'n_layers': 7, 'rnn_dropout': 0.007151281896996054, 'bidirectional': False, 'fc_dropout': 0.351864651366858, 'learning_rate_model': 0.00010543402232135162}. Best is trial 68 with value: 0.9733983278274536.
Epoch 6: reducing lr to 0.0015944000078580243
Epoch 16: reducing lr to 0.002582549041791246
Epoch 19: reducing lr to 0.0024239642757240124
Epoch 22: reducing lr to 0.0021970144507931304
Epoch 25: reducing lr to 0.0019159594782802093
Epoch 28: reducing lr to 0.0015984593261001805
Epoch 31: reducing lr to 0.0012644636073771694
Epoch 34: reducing lr to 0.0009349588662406598
Epoch 37: reducing lr to 0.0006306484777659747
Epoch 40: reducing lr to 0.0003706536246951775
Epoch 43: reducing lr to 0.00017131061051333212
Epoch 46: reducing lr to 4.5145180214171964e-05
Epoch 49: reducing lr to 8.459556576252691e-08
[I 2024-06-21 22:49:41,731] Trial 107 finished with value: 1.2152447700500488 and parameters: {'hidden_size': 164, 'n_layers': 4, 'rnn_dropout': 0.10747088692455692, 'bidirectional': True, 'fc_dropout': 0.3932361200135483, 'learning_rate_model': 0.026718371620438223}. Best is trial 68 with value: 0.9733983278274536.
Epoch 24: reducing lr to 1.1330442889558257e-05
[I 2024-06-21 22:50:11,686] Trial 108 finished with value: 1.070090413093567 and parameters: {'hidden_size': 93, 'n_layers': 5, 'rnn_dropout': 0.31839251152633796, 'bidirectional': True, 'fc_dropout': 0.7719911392887311, 'learning_rate_model': 0.0001502667013784738}. Best is trial 68 with value: 0.9733983278274536.
Epoch 26: reducing lr to 7.243720069372752e-05
Epoch 37: reducing lr to 2.5193996161390434e-05
Epoch 40: reducing lr to 1.4807371026813227e-05
Epoch 43: reducing lr to 6.843747374079851e-06
Epoch 46: reducing lr to 1.8035205619622687e-06
Epoch 49: reducing lr to 3.37953778410411e-09
[I 2024-06-21 22:50:16,332] Trial 109 finished with value: 0.9788951873779297 and parameters: {'hidden_size': 35, 'n_layers': 2, 'rnn_dropout': 0.011273835353954365, 'bidirectional': True, 'fc_dropout': 0.6356626809478018, 'learning_rate_model': 0.0010673815537119522}. Best is trial 68 with value: 0.9733983278274536.
Epoch 10: reducing lr to 1.8624594121977604e-05
[I 2024-06-21 22:50:42,619] Trial 110 finished with value: 1.0933998823165894 and parameters: {'hidden_size': 162, 'n_layers': 5, 'rnn_dropout': 0.6222787814873403, 'bidirectional': False, 'fc_dropout': 0.14383543815437952, 'learning_rate_model': 0.0001937670170464033}. Best is trial 68 with value: 0.9733983278274536.
Epoch 4: reducing lr to 0.003055188083347597
Epoch 7: reducing lr to 0.006061022979661935
Epoch 10: reducing lr to 0.008180328487800979
Epoch 13: reducing lr to 0.008481897767193922
Epoch 16: reducing lr to 0.008226258853431239
Epoch 19: reducing lr to 0.007721114782682027
Epoch 22: reducing lr to 0.0069982057589186575
Epoch 25: reducing lr to 0.006102954238609995
Epoch 28: reducing lr to 0.0050916129647090875
Epoch 31: reducing lr to 0.004027727945028059
Epoch 34: reducing lr to 0.002978148149965688
Epoch 37: reducing lr to 0.002008820564362639
Epoch 40: reducing lr to 0.0011806523757590462
Epoch 43: reducing lr to 0.0005456800252840746
Epoch 46: reducing lr to 0.00014380208562041473
Epoch 49: reducing lr to 2.6946439759950593e-07
[I 2024-06-21 22:50:47,241] Trial 111 finished with value: 1.1430079936981201 and parameters: {'hidden_size': 47, 'n_layers': 3, 'rnn_dropout': 0.19313499837247905, 'bidirectional': False, 'fc_dropout': 0.256255460657625, 'learning_rate_model': 0.08510670563663286}. Best is trial 68 with value: 0.9733983278274536.
[I 2024-06-21 22:51:15,868] Trial 112 finished with value: 0.9816269874572754 and parameters: {'hidden_size': 133, 'n_layers': 3, 'rnn_dropout': 0.6859875992668774, 'bidirectional': True, 'fc_dropout': 0.6342845423815101, 'learning_rate_model': 0.0005392051542230778}. Best is trial 68 with value: 0.9733983278274536.
Epoch 10: reducing lr to 0.00014430869452913435
Epoch 13: reducing lr to 0.0001496286604796687
Epoch 16: reducing lr to 0.0001451189494123255
Epoch 19: reducing lr to 0.00013620773252077164
Epoch 22: reducing lr to 0.00012345493687959485
Epoch 25: reducing lr to 0.00010766185737629298
Epoch 28: reducing lr to 8.982084534630976e-05
Epoch 31: reducing lr to 7.105291218222938e-05
Epoch 34: reducing lr to 5.2537336645687166e-05
Epoch 37: reducing lr to 3.543748562404967e-05
Epoch 40: reducing lr to 2.0827819236426502e-05
Epoch 43: reducing lr to 9.626309285354654e-06
Epoch 46: reducing lr to 2.536804148805909e-06
Epoch 49: reducing lr to 4.753605615907819e-09
[I 2024-06-21 22:51:22,503] Trial 113 finished with value: 1.0924947261810303 and parameters: {'hidden_size': 82, 'n_layers': 3, 'rnn_dropout': 0.5578951004905116, 'bidirectional': False, 'fc_dropout': 0.23623103551987823, 'learning_rate_model': 0.001501362396927331}. Best is trial 68 with value: 0.9733983278274536.
Epoch 3: reducing lr to 1.5316438744007403e-05
Epoch 6: reducing lr to 3.632922873136697e-05
Epoch 9: reducing lr to 5.480947700447883e-05
Epoch 12: reducing lr to 6.086303843615618e-05
Epoch 15: reducing lr to 5.966065816536839e-05
Epoch 18: reducing lr to 5.662222994298838e-05
Epoch 24: reducing lr to 4.590426195771348e-05
Epoch 27: reducing lr to 3.8898176427060663e-05
Epoch 30: reducing lr to 3.136062120724817e-05
Epoch 33: reducing lr to 2.3765213677855266e-05
Epoch 36: reducing lr to 1.658920392133902e-05
Epoch 39: reducing lr to 1.028348398645425e-05
Epoch 42: reducing lr to 5.244262084772478e-06
Epoch 45: reducing lr to 1.7881783993789784e-06
Epoch 48: reducing lr to 1.3238701754308578e-07
[I 2024-06-21 22:51:39,868] Trial 114 finished with value: 1.1074886322021484 and parameters: {'hidden_size': 106, 'n_layers': 6, 'rnn_dropout': 0.7107091475163088, 'bidirectional': False, 'fc_dropout': 0.7185640368137097, 'learning_rate_model': 0.0006087919149176257}. Best is trial 68 with value: 0.9733983278274536.
Epoch 38: reducing lr to 9.354426858900427e-06
Epoch 42: reducing lr to 4.000473160165454e-06
Epoch 45: reducing lr to 1.3640736440451141e-06
Epoch 48: reducing lr to 1.0098860466437737e-07
[I 2024-06-21 22:52:10,186] Trial 115 finished with value: 0.978308379650116 and parameters: {'hidden_size': 186, 'n_layers': 2, 'rnn_dropout': 0.4870649393550366, 'bidirectional': True, 'fc_dropout': 0.01101401004617344, 'learning_rate_model': 0.00046440389064944195}. Best is trial 68 with value: 0.9733983278274536.
Epoch 8: reducing lr to 0.0006005049016818015
Epoch 14: reducing lr to 0.000728999760014961
Epoch 17: reducing lr to 0.0006994618951396501
Epoch 20: reducing lr to 0.0006491082351219762
Epoch 23: reducing lr to 0.0005811026837547948
Epoch 27: reducing lr to 0.00047048266046474386
Epoch 30: reducing lr to 0.00037931414412395675
Epoch 33: reducing lr to 0.00028744589039120065
Epoch 36: reducing lr to 0.0002006503520939869
Epoch 39: reducing lr to 0.00012438117539689464
Epoch 42: reducing lr to 6.343059249691889e-05
Epoch 45: reducing lr to 2.162844143357139e-05
Epoch 48: reducing lr to 1.601252345118532e-06
[I 2024-06-21 22:52:30,340] Trial 116 finished with value: 1.0943293571472168 and parameters: {'hidden_size': 189, 'n_layers': 3, 'rnn_dropout': 0.62379543638608, 'bidirectional': False, 'fc_dropout': 0.1156781766704774, 'learning_rate_model': 0.007363482458797472}. Best is trial 68 with value: 0.9733983278274536.
Epoch 37: reducing lr to 7.255475039697276e-06
[I 2024-06-21 22:53:27,809] Trial 117 finished with value: 1.0380979776382446 and parameters: {'hidden_size': 145, 'n_layers': 5, 'rnn_dropout': 0.20271682758903975, 'bidirectional': True, 'fc_dropout': 0.3397192927450718, 'learning_rate_model': 0.0003073891164855588}. Best is trial 68 with value: 0.9733983278274536.
[I 2024-06-21 22:53:31,926] Trial 118 finished with value: 1.0934619903564453 and parameters: {'hidden_size': 81, 'n_layers': 1, 'rnn_dropout': 0.5053173014927518, 'bidirectional': True, 'fc_dropout': 0.5186502049304996, 'learning_rate_model': 4.7836881141741806e-05}. Best is trial 68 with value: 0.9733983278274536.
Epoch 18: reducing lr to 9.071410845468508e-05
Epoch 21: reducing lr to 8.321060722730456e-05
Epoch 24: reducing lr to 7.35429212511958e-05
Epoch 27: reducing lr to 6.231851692606834e-05
Epoch 30: reducing lr to 5.024264844858675e-05
Epoch 33: reducing lr to 3.807409516001743e-05
Epoch 36: reducing lr to 2.6577456331417155e-05
Epoch 39: reducing lr to 1.6475103198487598e-05
Epoch 42: reducing lr to 8.401798374981775e-06
Epoch 45: reducing lr to 2.8648290507265097e-06
Epoch 48: reducing lr to 2.1209638475009306e-07
[I 2024-06-21 22:53:36,966] Trial 119 finished with value: 1.0916831493377686 and parameters: {'hidden_size': 43, 'n_layers': 4, 'rnn_dropout': 0.7002661810836313, 'bidirectional': False, 'fc_dropout': 0.3431458672239224, 'learning_rate_model': 0.0009753415902513679}. Best is trial 68 with value: 0.9733983278274536.
Epoch 18: reducing lr to 0.00024921830395780874
Epoch 21: reducing lr to 0.00022860398186956105
Epoch 24: reducing lr to 0.00020204400852907363
Epoch 27: reducing lr to 0.00017120727258471588
Epoch 30: reducing lr to 0.00013803131448908077
Epoch 33: reducing lr to 0.00010460072399044443
Epoch 36: reducing lr to 7.301607989387038e-05
Epoch 39: reducing lr to 4.526194818646086e-05
Epoch 42: reducing lr to 2.3082208235055247e-05
Epoch 45: reducing lr to 7.870526969989142e-06
Epoch 48: reducing lr to 5.826910740064535e-07
[I 2024-06-21 22:53:45,368] Trial 120 finished with value: 0.9844418168067932 and parameters: {'hidden_size': 45, 'n_layers': 3, 'rnn_dropout': 0.20950432328281618, 'bidirectional': True, 'fc_dropout': 0.3413113266145149, 'learning_rate_model': 0.002679549863220907}. Best is trial 68 with value: 0.9733983278274536.
[I 2024-06-21 22:53:54,892] Trial 121 finished with value: 1.0969467163085938 and parameters: {'hidden_size': 42, 'n_layers': 4, 'rnn_dropout': 0.23755766862952366, 'bidirectional': True, 'fc_dropout': 0.5067792100979368, 'learning_rate_model': 3.155042401877456e-05}. Best is trial 68 with value: 0.9733983278274536.
Epoch 11: reducing lr to 0.00018204869342689317
Epoch 14: reducing lr to 0.00018125607816665474
Epoch 23: reducing lr to 0.00014448344052589305
Epoch 34: reducing lr to 6.406649552800701e-05
Epoch 37: reducing lr to 4.321413416078384e-05
Epoch 49: reducing lr to 5.796769923598587e-09
[I 2024-06-21 22:54:45,776] Trial 122 finished with value: 1.0298917293548584 and parameters: {'hidden_size': 103, 'n_layers': 7, 'rnn_dropout': 0.7586393392581321, 'bidirectional': True, 'fc_dropout': 0.511301478975924, 'learning_rate_model': 0.0018308318127610833}. Best is trial 68 with value: 0.9733983278274536.
Epoch 6: reducing lr to 0.0029826619086342643
Epoch 9: reducing lr to 0.004499906686768614
Epoch 12: reducing lr to 0.004996909450778632
Epoch 15: reducing lr to 0.004898192963844913
Epoch 18: reducing lr to 0.004648735311219674
Epoch 21: reducing lr to 0.004264210878276274
Epoch 24: reducing lr to 0.003768780631090738
Epoch 27: reducing lr to 0.003193574793514853
Epoch 30: reducing lr to 0.002574734822961034
Epoch 33: reducing lr to 0.0019511451264664869
Epoch 36: reducing lr to 0.0013619883591974697
Epoch 39: reducing lr to 0.0008442831583695291
Epoch 42: reducing lr to 0.00043055856965222296
Epoch 45: reducing lr to 0.00014681103298692585
Epoch 48: reducing lr to 1.0869091588573687e-05
[I 2024-06-21 22:55:05,593] Trial 123 finished with value: 1.0541037321090698 and parameters: {'hidden_size': 102, 'n_layers': 3, 'rnn_dropout': 0.47941580452642407, 'bidirectional': True, 'fc_dropout': 0.46348843223778646, 'learning_rate_model': 0.0499823563097424}. Best is trial 68 with value: 0.9733983278274536.
Epoch 10: reducing lr to 0.0003002538657073338
Epoch 13: reducing lr to 0.0003113227784106973
Epoch 16: reducing lr to 0.0003019397111907275
Epoch 19: reducing lr to 0.00028339871247560605
Epoch 22: reducing lr to 0.00025686478669703194
Epoch 25: reducing lr to 0.00022400513684875276
Epoch 35: reducing lr to 9.700861910258009e-05
Epoch 38: reducing lr to 6.292206661205964e-05
Epoch 41: reducing lr to 3.469592309316128e-05
Epoch 44: reducing lr to 1.4103782054166815e-05
Epoch 47: reducing lr to 2.4394994526722327e-06
[I 2024-06-21 22:55:11,625] Trial 124 finished with value: 1.0949574708938599 and parameters: {'hidden_size': 27, 'n_layers': 7, 'rnn_dropout': 0.042395634134391624, 'bidirectional': False, 'fc_dropout': 0.08600710094813416, 'learning_rate_model': 0.0031237886599691338}. Best is trial 68 with value: 0.9733983278274536.
[I 2024-06-21 22:55:14,997] Trial 125 finished with value: 1.095399022102356 and parameters: {'hidden_size': 24, 'n_layers': 2, 'rnn_dropout': 0.04882934489573687, 'bidirectional': True, 'fc_dropout': 0.3028644746004818, 'learning_rate_model': 5.659486653989453e-05}. Best is trial 68 with value: 0.9733983278274536.
Epoch 7: reducing lr to 0.0002688501172440289
Epoch 10: reducing lr to 0.00036285661354853196
Epoch 13: reducing lr to 0.0003762333877983654
Epoch 16: reducing lr to 0.0003648939567868256
Epoch 19: reducing lr to 0.0003424871711498527
Epoch 22: reducing lr to 0.00031042093803248735
Epoch 25: reducing lr to 0.00027071007123565763
Epoch 28: reducing lr to 0.0002258497859382159
Epoch 31: reducing lr to 0.00017865880625785773
Epoch 34: reducing lr to 0.00013210236654358012
Epoch 37: reducing lr to 8.91056915744007e-05
Epoch 40: reducing lr to 5.2370454742107836e-05
Epoch 43: reducing lr to 2.4204847806653722e-05
Epoch 46: reducing lr to 6.3786604519919935e-06
Epoch 49: reducing lr to 1.1952691011214364e-08
