[I 2024-06-22 09:34:46,564] Trial 999 finished with value: 0.9704599380493164 and parameters: {'hidden_size': 191, 'n_layers': 2, 'rnn_dropout': 0.14985803266916609, 'bidirectional': True, 'fc_dropout': 0.23535781464477318, 'learning_rate_model': 0.001798323998334153}. Best is trial 944 with value: 0.9664796590805054.

Optuna study saved to optuna/no-name-aed6f3de-e835-4c72-bd67-d0d4ea608746.pkl
To reload the study run: study = joblib.load('optuna/no-name-aed6f3de-e835-4c72-bd67-d0d4ea608746.pkl')

Study statistics    : 
  Study name        : no-name-aed6f3de-e835-4c72-bd67-d0d4ea608746
  # finished trials : 1000
  # pruned trials   : 0
  # complete trials : 1000

Best trial          :
  value             : 0.9664796590805054
  best_params = {'hidden_size': 178, 'n_layers': 2, 'rnn_dropout': 0.16676884787168744, 'bidirectional': True, 'fc_dropout': 0.17832748876209184, 'learning_rate_model': 0.0019182689836825613}

O Melhor modelo foi o de número 944
Best hyperparameters:  {'hidden_size': 178, 'n_layers': 2, 'rnn_dropout': 0.16676884787168744, 'bidirectional': True, 'fc_dropout': 0.17832748876209184, 'learning_rate_model': 0.0019182689836825613}
Epoch 17: reducing lr to 0.00018221759421877356
Epoch 26: reducing lr to 0.00013018215920289838
Epoch 35: reducing lr to 5.957145166670579e-05
Epoch 40: reducing lr to 2.6611402896963445e-05
Epoch 44: reducing lr to 8.660908471123702e-06
Epoch 47: reducing lr to 1.4980578538299458e-06
Métricas de Treinamento para <class 'tsai.models.RNNPlus.LSTMPlus'>
train_loss    0.418128
valid_loss    0.397018
mae           0.756944
_rmse         0.980420
dtype: float64
Performing stepwise search to minimize aic
 ARIMA(4,1,0)(0,0,0)[0] intercept   : AIC=-25526.550, Time=2.60 sec
 ARIMA(0,1,0)(0,0,0)[0] intercept   : AIC=-2584.548, Time=0.33 sec
 ARIMA(1,1,0)(0,0,0)[0] intercept   : AIC=-15998.099, Time=0.20 sec
 ARIMA(0,1,1)(0,0,0)[0] intercept   : AIC=-10467.897, Time=0.85 sec
 ARIMA(0,1,0)(0,0,0)[0]             : AIC=-2586.547, Time=0.15 sec
 ARIMA(3,1,0)(0,0,0)[0] intercept   : AIC=-24089.355, Time=0.64 sec
 ARIMA(5,1,0)(0,0,0)[0] intercept   : AIC=-25527.492, Time=1.69 sec
 ARIMA(6,1,0)(0,0,0)[0] intercept   : AIC=-25526.195, Time=3.71 sec
 ARIMA(5,1,1)(0,0,0)[0] intercept   : AIC=-25516.935, Time=6.92 sec
 ARIMA(4,1,1)(0,0,0)[0] intercept   : AIC=-25515.609, Time=5.23 sec
 ARIMA(6,1,1)(0,0,0)[0] intercept   : AIC=-25536.981, Time=9.14 sec
 ARIMA(7,1,1)(0,0,0)[0] intercept   : AIC=-25643.024, Time=9.23 sec
 ARIMA(7,1,0)(0,0,0)[0] intercept   : AIC=-26293.256, Time=1.47 sec
 ARIMA(8,1,0)(0,0,0)[0] intercept   : AIC=-26441.423, Time=1.31 sec
 ARIMA(9,1,0)(0,0,0)[0] intercept   : AIC=-27505.551, Time=2.24 sec
 ARIMA(10,1,0)(0,0,0)[0] intercept   : AIC=-27659.901, Time=2.58 sec
 ARIMA(10,1,1)(0,0,0)[0] intercept   : AIC=-27601.280, Time=17.32 sec
 ARIMA(9,1,1)(0,0,0)[0] intercept   : AIC=-27471.086, Time=14.04 sec
 ARIMA(10,1,0)(0,0,0)[0]             : AIC=-27661.901, Time=1.15 sec
 ARIMA(9,1,0)(0,0,0)[0]             : AIC=-27507.551, Time=1.50 sec
 ARIMA(10,1,1)(0,0,0)[0]             : AIC=-27527.078, Time=6.76 sec
 ARIMA(9,1,1)(0,0,0)[0]             : AIC=-27590.714, Time=6.71 sec

Best model:  ARIMA(10,1,0)(0,0,0)[0]          
Total fit time: 95.788 seconds
RMSE: 1.2192199483400497
MAE: 0.9467407105761635
R²: 0.7151905710464928
MAPE: 0.10635530554638706
Correlação Linear: 0.8504385143349134
index
2018-12-23    1.828576
2018-12-24    0.370741
2018-12-25   -1.996285
2018-12-26   -1.584708
2018-12-27   -0.466054
                ...   
2021-12-18    1.211753
2021-12-19    1.816038
2021-12-20    2.212831
2021-12-21    2.713684
2021-12-22    2.901109
Freq: D, Length: 1096, dtype: float64
count    1096.000000
mean        0.017126
std         1.219656
min        -4.168143
25%        -0.735406
50%         0.016673
75%         0.752848
max         4.187692
dtype: float64
Shapiro-Wilk Test p-value: 0.020714748880977654
Interpretação: Rejeitamos a hipótese nula de que os resíduos seguem uma distribuição normal (p <= 0.05).
Kolmogorov-Smirnov Test p-value: 0.009231103710401522
Interpretação: Rejeitamos a hipótese nula de que os resíduos seguem uma distribuição normal (p <= 0.05).
Shapiro-Francia Test p-value: 0.01811345773164433
Interpretação: Rejeitamos a hipótese nula de que os resíduos seguem uma distribuição normal (p <= 0.05).
Durbin-Watson Statistic: 1.6459757251787808
Interpretação: Não há evidência de autocorrelação nos resíduos (Durbin-Watson dentro do intervalo 1.5-2.5).
Breusch-Pagan Test p-value: 5.989851644943445e-07
Interpretação: Rejeitamos a hipótese nula de homocedasticidade (variância constante dos resíduos) (p <= 0.05).
====================================================================================================
Default LSTM
[I 2024-06-22 09:41:18,168] Trial 0 finished with value: 2.1446685791015625 and parameters: {'hidden_size': 93, 'n_layers': 6, 'rnn_dropout': 9.149985387590931e-05, 'bidirectional': True, 'fc_dropout': 0.07387087581503825, 'learning_rate_model': 5.5595654267125665e-05}. Best is trial 0 with value: 2.1446685791015625.
Epoch 13: reducing lr to 0.00196354066941974
Epoch 16: reducing lr to 0.0025108056982405735
Epoch 19: reducing lr to 0.002943111978946899
Epoch 23: reducing lr to 0.0032391887918001598
Epoch 26: reducing lr to 0.003249300514968436
Epoch 33: reducing lr to 0.0031428963833818628
Epoch 36: reducing lr to 0.003056752910061986
Epoch 52: reducing lr to 0.002264743892322208
Epoch 55: reducing lr to 0.002072081930251843
Epoch 60: reducing lr to 0.0017369405862873728
Epoch 68: reducing lr to 0.0011969298187882783
Epoch 71: reducing lr to 0.0010036427556606015
Epoch 75: reducing lr to 0.0007617292173376554
Epoch 78: reducing lr to 0.0005958552995617456
Epoch 81: reducing lr to 0.00044624624977347634
Epoch 84: reducing lr to 0.00031526193284838605
Epoch 87: reducing lr to 0.00020496751404468563
Epoch 90: reducing lr to 0.00011710305545961016
Epoch 93: reducing lr to 5.305379182478781e-05
Epoch 96: reducing lr to 1.3830006995171201e-05
Epoch 99: reducing lr to 5.0167409240686744e-08
[I 2024-06-22 09:41:31,743] Trial 1 finished with value: 2.0360779762268066 and parameters: {'hidden_size': 79, 'n_layers': 3, 'rnn_dropout': 0.4310533872026856, 'bidirectional': False, 'fc_dropout': 0.16356179978521396, 'learning_rate_model': 0.032543911150884876}. Best is trial 1 with value: 2.0360779762268066.
Epoch 10: reducing lr to 0.0006757932211192078
Epoch 16: reducing lr to 0.0012311802347119115
Epoch 19: reducing lr to 0.0014431627662636023
Epoch 22: reducing lr to 0.001569002510534908
Epoch 25: reducing lr to 0.0015952463012699255
Epoch 31: reducing lr to 0.0015628099463552117
Epoch 36: reducing lr to 0.0014988868982986681
Epoch 39: reducing lr to 0.0014455913455321777
Epoch 42: reducing lr to 0.0013820814304337892
Epoch 48: reducing lr to 0.001228570194173721
Epoch 52: reducing lr to 0.0011105231754354819
Epoch 70: reducing lr to 0.0005232685053022125
Epoch 73: reducing lr to 0.0004315425869513978
Epoch 77: reducing lr to 0.00031846622773632936
Epoch 80: reducing lr to 0.00024231133083625378
Epoch 83: reducing lr to 0.0001749186223215349
Epoch 86: reducing lr to 0.00011735064802960646
Epoch 92: reducing lr to 3.515195325218233e-05
Epoch 95: reducing lr to 1.1817427524651174e-05
Epoch 98: reducing lr to 8.799903768647033e-07
[I 2024-06-22 09:41:48,483] Trial 2 finished with value: 2.4684014320373535 and parameters: {'hidden_size': 21, 'n_layers': 5, 'rnn_dropout': 0.3338438418937016, 'bidirectional': True, 'fc_dropout': 0.15848119126790305, 'learning_rate_model': 0.015957993164212966}. Best is trial 1 with value: 2.0360779762268066.
[I 2024-06-22 09:42:29,865] Trial 3 finished with value: 7.427013397216797 and parameters: {'hidden_size': 195, 'n_layers': 3, 'rnn_dropout': 0.5538580925354513, 'bidirectional': False, 'fc_dropout': 0.06803536909582233, 'learning_rate_model': 1.432910723846784e-05}. Best is trial 1 with value: 2.0360779762268066.
Epoch 14: reducing lr to 0.0003875493217696109
Epoch 31: reducing lr to 0.0005733718242223647
Epoch 37: reducing lr to 0.000543838325978682
Epoch 40: reducing lr to 0.0005229985212725998
Epoch 43: reducing lr to 0.0004985274185023969
Epoch 49: reducing lr to 0.00044028615053900034
Epoch 56: reducing lr to 0.00036091241125794135
Epoch 59: reducing lr to 0.00032469426426718587
Epoch 62: reducing lr to 0.0002879721334006325
Epoch 68: reducing lr to 0.00021533141625953577
Epoch 71: reducing lr to 0.00018055846934601988
Epoch 74: reducing lr to 0.00014755464902484056
Epoch 77: reducing lr to 0.00011684054249606821
Epoch 80: reducing lr to 8.890043867160885e-05
Epoch 83: reducing lr to 6.417505199839924e-05
Epoch 86: reducing lr to 4.305421480797177e-05
Epoch 89: reducing lr to 2.587114040935477e-05
Epoch 92: reducing lr to 1.2896731050495921e-05
Epoch 95: reducing lr to 4.335639143599953e-06
Epoch 98: reducing lr to 3.228554366818161e-07
[I 2024-06-22 09:42:48,644] Trial 4 finished with value: 2.567143201828003 and parameters: {'hidden_size': 47, 'n_layers': 7, 'rnn_dropout': 0.07867746706644008, 'bidirectional': False, 'fc_dropout': 0.42653222797841367, 'learning_rate_model': 0.005854751355295724}. Best is trial 1 with value: 2.0360779762268066.
Epoch 16: reducing lr to 0.0007585880160435583
Epoch 23: reducing lr to 0.0009786539041567747
Epoch 27: reducing lr to 0.0009796519054996935
Epoch 30: reducing lr to 0.0009683657407269482
Epoch 36: reducing lr to 0.00092353467542478
Epoch 39: reducing lr to 0.0008906967801295091
Epoch 42: reducing lr to 0.0008515653360604329
Epoch 47: reducing lr to 0.0007740775959208248
Epoch 55: reducing lr to 0.0006260367027408444
Epoch 61: reducing lr to 0.0005042114915107441
Epoch 77: reducing lr to 0.00019622201288173498
Epoch 80: reducing lr to 0.00014929940112867363
Epoch 83: reducing lr to 0.00010777558551938148
Epoch 86: reducing lr to 7.230525049083132e-05
Epoch 92: reducing lr to 2.1658770767928047e-05
Epoch 95: reducing lr to 7.2812725934977285e-06
Epoch 98: reducing lr to 5.422034364283707e-07
[I 2024-06-22 09:43:07,321] Trial 5 finished with value: 2.124279499053955 and parameters: {'hidden_size': 74, 'n_layers': 5, 'rnn_dropout': 0.6677005375178984, 'bidirectional': False, 'fc_dropout': 0.7910888711251958, 'learning_rate_model': 0.009832469717408681}. Best is trial 1 with value: 2.0360779762268066.
[I 2024-06-22 09:43:27,492] Trial 6 finished with value: 2.6967387199401855 and parameters: {'hidden_size': 67, 'n_layers': 6, 'rnn_dropout': 0.08258080526211363, 'bidirectional': False, 'fc_dropout': 0.2348913186989436, 'learning_rate_model': 0.00014161242322273667}. Best is trial 1 with value: 2.0360779762268066.
[I 2024-06-22 09:43:31,068] Trial 7 finished with value: 9.376874923706055 and parameters: {'hidden_size': 40, 'n_layers': 1, 'rnn_dropout': 0.5430684263519128, 'bidirectional': False, 'fc_dropout': 0.39325852742427064, 'learning_rate_model': 1.634745612637677e-05}. Best is trial 1 with value: 2.0360779762268066.
Epoch 23: reducing lr to 0.0005964405285132827
Epoch 26: reducing lr to 0.000598302427247291
Epoch 29: reducing lr to 0.0005929791779537542
Epoch 32: reducing lr to 0.0005830295249875117
Epoch 36: reducing lr to 0.0005628481198215894
Epoch 41: reducing lr to 0.0005273401003006108
Epoch 44: reducing lr to 0.0005011398246968081
Epoch 48: reducing lr to 0.0004613412957604864
Epoch 54: reducing lr to 0.000393534856470155
Epoch 57: reducing lr to 0.00035713465155483103
Epoch 60: reducing lr to 0.0003198275333330205
Epoch 63: reducing lr to 0.00028220172029949625
Epoch 71: reducing lr to 0.00018480343508846887
Epoch 74: reducing lr to 0.00015102368834777127
Epoch 77: reducing lr to 0.00011958748702889134
Epoch 80: reducing lr to 9.099050577295571e-05
Epoch 83: reducing lr to 6.568382031173179e-05
Epoch 86: reducing lr to 4.406642801286793e-05
Epoch 89: reducing lr to 2.6479376096960953e-05
Epoch 92: reducing lr to 1.3199935778012914e-05
Epoch 95: reducing lr to 4.4375708873883346e-06
Epoch 98: reducing lr to 3.304458325986519e-07
[I 2024-06-22 09:44:01,591] Trial 8 finished with value: 1.8718087673187256 and parameters: {'hidden_size': 122, 'n_layers': 2, 'rnn_dropout': 0.47144442952262744, 'bidirectional': True, 'fc_dropout': 0.3312447902556547, 'learning_rate_model': 0.005992397731141758}. Best is trial 8 with value: 1.8718087673187256.
Epoch 35: reducing lr to 0.0002105883368559558
Epoch 41: reducing lr to 0.00019530363593748726
Epoch 44: reducing lr to 0.000185600203399226
Epoch 50: reducing lr to 0.00016283391487888142
Epoch 56: reducing lr to 0.00013680863925685368
Epoch 60: reducing lr to 0.00011845008581226695
Epoch 68: reducing lr to 8.162423105661492e-05
Epoch 71: reducing lr to 6.844308404754474e-05
Epoch 74: reducing lr to 5.593254795187342e-05
Epoch 77: reducing lr to 4.428995825664602e-05
Epoch 80: reducing lr to 3.369889110105399e-05
Epoch 83: reducing lr to 2.432640514505348e-05
Epoch 86: reducing lr to 1.63202715074856e-05
Epoch 89: reducing lr to 9.806799115304579e-06
Epoch 92: reducing lr to 4.888677060814516e-06
Epoch 95: reducing lr to 1.643481556861011e-06
Epoch 98: reducing lr to 1.2238263797899676e-07
[I 2024-06-22 09:44:10,787] Trial 9 finished with value: 1.8782336711883545 and parameters: {'hidden_size': 92, 'n_layers': 1, 'rnn_dropout': 0.4287171247324093, 'bidirectional': True, 'fc_dropout': 0.7556758047926507, 'learning_rate_model': 0.002219321201267233}. Best is trial 8 with value: 1.8718087673187256.
Epoch 15: reducing lr to 0.0036841238907239517
Epoch 20: reducing lr to 0.004807724910313659
Epoch 23: reducing lr to 0.005105059839047496
Epoch 26: reducing lr to 0.005120996221632114
Epoch 29: reducing lr to 0.005075433412127179
Epoch 32: reducing lr to 0.004990272241243915
Epoch 40: reducing lr to 0.0045816965990060085
Epoch 43: reducing lr to 0.004367318997969301
Epoch 46: reducing lr to 0.0041245102411927815
Epoch 49: reducing lr to 0.0038570999275589547
Epoch 52: reducing lr to 0.0035693051049355148
Epoch 58: reducing lr to 0.0029509663707425996
Epoch 61: reducing lr to 0.002630173777230844
Epoch 64: reducing lr to 0.002308346977519673
Epoch 67: reducing lr to 0.0019905592357530562
Epoch 70: reducing lr to 0.001681824376600479
Epoch 73: reducing lr to 0.001387010368332641
Epoch 76: reducing lr to 0.0011107661995227182
Epoch 79: reducing lr to 0.0008574492196222937
Epoch 82: reducing lr to 0.0006310536390586915
Epoch 85: reducing lr to 0.0004351505184014788
Epoch 88: reducing lr to 0.00027282857161450223
Epoch 91: reducing lr to 0.00014664867412751692
Epoch 94: reducing lr to 5.860011727938444e-05
Epoch 97: reducing lr to 1.007173882384832e-05
[I 2024-06-22 09:44:31,037] Trial 10 finished with value: 1.9381461143493652 and parameters: {'hidden_size': 183, 'n_layers': 1, 'rnn_dropout': 0.11142107780060684, 'bidirectional': True, 'fc_dropout': 0.13228335769354624, 'learning_rate_model': 0.051290191619112704}. Best is trial 8 with value: 1.8718087673187256.
Epoch 24: reducing lr to 2.486411739779812e-05
Epoch 29: reducing lr to 2.460549921118729e-05
Epoch 39: reducing lr to 2.252478388090555e-05
[I 2024-06-22 09:45:23,205] Trial 11 finished with value: 1.9576374292373657 and parameters: {'hidden_size': 80, 'n_layers': 6, 'rnn_dropout': 0.5807983882803612, 'bidirectional': True, 'fc_dropout': 0.6007539472218698, 'learning_rate_model': 0.0002486528079375971}. Best is trial 8 with value: 1.8718087673187256.
[I 2024-06-22 09:46:12,701] Trial 12 finished with value: 3.4496657848358154 and parameters: {'hidden_size': 65, 'n_layers': 7, 'rnn_dropout': 0.34247295189703597, 'bidirectional': True, 'fc_dropout': 0.49735657616729745, 'learning_rate_model': 2.877291692654975e-05}. Best is trial 8 with value: 1.8718087673187256.
Epoch 8: reducing lr to 6.102298581695267e-05
Epoch 27: reducing lr to 0.00019639350307533278
Epoch 31: reducing lr to 0.00019303934645426864
Epoch 34: reducing lr to 0.0001887791879328599
Epoch 40: reducing lr to 0.00017607996849154143
Epoch 43: reducing lr to 0.0001678411861059891
Epoch 46: reducing lr to 0.00015850976109370104
Epoch 49: reducing lr to 0.00014823286942672057
Epoch 52: reducing lr to 0.0001371725771955506
Epoch 55: reducing lr to 0.00012550329399123872
Epoch 58: reducing lr to 0.00011340909515760667
Epoch 61: reducing lr to 0.00010108065992902255
Epoch 64: reducing lr to 8.871247894445659e-05
Epoch 71: reducing lr to 6.078932979765917e-05
Epoch 74: reducing lr to 4.967780384513213e-05
Epoch 77: reducing lr to 3.933716483783135e-05
Epoch 80: reducing lr to 2.9930460227863736e-05
Epoch 83: reducing lr to 2.160606708088832e-05
Epoch 86: reducing lr to 1.4495231780711553e-05
Epoch 89: reducing lr to 8.71013856221796e-06
Epoch 92: reducing lr to 4.341993150362256e-06
Epoch 95: reducing lr to 1.459696677417327e-06
Epoch 98: reducing lr to 1.086970092763033e-07
[I 2024-06-22 09:48:32,864] Trial 13 finished with value: 1.8697621822357178 and parameters: {'hidden_size': 191, 'n_layers': 4, 'rnn_dropout': 0.4627116915097054, 'bidirectional': True, 'fc_dropout': 0.7227036164498031, 'learning_rate_model': 0.001971142158600765}. Best is trial 13 with value: 1.8697621822357178.
Epoch 11: reducing lr to 0.002080870038743925
Epoch 16: reducing lr to 0.003322645161514056
Epoch 23: reducing lr to 0.004286542353256255
Epoch 26: reducing lr to 0.004299923583067541
Epoch 39: reducing lr to 0.0039012867120003765
Epoch 42: reducing lr to 0.0037298894574308967
Epoch 47: reducing lr to 0.0033904901268240932
Epoch 52: reducing lr to 0.002997022167492266
Epoch 58: reducing lr to 0.002477824497662145
Epoch 70: reducing lr to 0.0014121698174613072
Epoch 73: reducing lr to 0.0011646246813382575
Epoch 77: reducing lr to 0.0008594600862329056
Epoch 80: reducing lr to 0.0006539372126709804
Epoch 83: reducing lr to 0.00047206127724374046
Epoch 86: reducing lr to 0.00031669982337504744
Epoch 89: reducing lr to 0.00019030391413935727
Epoch 92: reducing lr to 9.486626254884834e-05
Epoch 95: reducing lr to 3.1892258565631436e-05
Epoch 98: reducing lr to 2.374872244886167e-06
[I 2024-06-22 09:48:39,108] Trial 14 finished with value: 2.5461912155151367 and parameters: {'hidden_size': 16, 'n_layers': 5, 'rnn_dropout': 0.26131592141767696, 'bidirectional': False, 'fc_dropout': 0.28581580800199985, 'learning_rate_model': 0.04306660168805714}. Best is trial 13 with value: 1.8697621822357178.
[I 2024-06-22 09:48:46,499] Trial 15 finished with value: 7.774486541748047 and parameters: {'hidden_size': 131, 'n_layers': 1, 'rnn_dropout': 0.7435497869950091, 'bidirectional': False, 'fc_dropout': 0.13787240667626285, 'learning_rate_model': 3.5362503098265445e-05}. Best is trial 13 with value: 1.8697621822357178.
Epoch 27: reducing lr to 0.0006990499428589374
Epoch 33: reducing lr to 0.0006775780866480502
Epoch 37: reducing lr to 0.0006517190100054323
Epoch 47: reducing lr to 0.0005523583388742824
Epoch 54: reducing lr to 0.0004607672558827729
Epoch 57: reducing lr to 0.00041814835629445533
Epoch 60: reducing lr to 0.00037446760424584625
Epoch 64: reducing lr to 0.0003157663179581328
Epoch 67: reducing lr to 0.0002722950954395419
Epoch 74: reducing lr to 0.00017682492239051508
Epoch 77: reducing lr to 0.00014001808818273707
Epoch 80: reducing lr to 0.00010653553291935644
Epoch 86: reducing lr to 5.1594837860530814e-05
Epoch 90: reducing lr to 2.5246287048631255e-05
Epoch 93: reducing lr to 1.1437884794465465e-05
Epoch 96: reducing lr to 2.9816158520740153e-06
Epoch 99: reducing lr to 1.0815608603859105e-08
[I 2024-06-22 09:51:37,899] Trial 16 finished with value: 1.8791426420211792 and parameters: {'hidden_size': 188, 'n_layers': 5, 'rnn_dropout': 0.052800138177649995, 'bidirectional': True, 'fc_dropout': 0.7384196284371867, 'learning_rate_model': 0.007016152732955534}. Best is trial 13 with value: 1.8697621822357178.
[I 2024-06-22 09:51:41,885] Trial 17 finished with value: 2.9665822982788086 and parameters: {'hidden_size': 38, 'n_layers': 1, 'rnn_dropout': 0.020968789502175424, 'bidirectional': False, 'fc_dropout': 0.6880223589463105, 'learning_rate_model': 0.0014299612122349629}. Best is trial 13 with value: 1.8697621822357178.
Epoch 31: reducing lr to 0.00017181013097574611
Epoch 37: reducing lr to 0.00016296045614510565
Epoch 40: reducing lr to 0.00015671583542116793
Epoch 44: reducing lr to 0.00014671656915903432
Epoch 47: reducing lr to 0.00013811560730406748
Epoch 56: reducing lr to 0.00010814694065774532
Epoch 59: reducing lr to 9.729421941246965e-05
Epoch 62: reducing lr to 8.62904800458764e-05
Epoch 65: reducing lr to 7.530929052105039e-05
Epoch 68: reducing lr to 6.452378241801423e-05
Epoch 71: reducing lr to 5.410411352039001e-05
Epoch 79: reducing lr to 2.9328845304485884e-05
Epoch 82: reducing lr to 2.1585038664957962e-05
Epoch 85: reducing lr to 1.4884219317367491e-05
Epoch 88: reducing lr to 9.332035983484077e-06
Epoch 91: reducing lr to 5.016082794370648e-06
Epoch 94: reducing lr to 2.0044029840844518e-06
Epoch 97: reducing lr to 3.445014155380134e-07
