[I 2024-06-22 00:03:00,254] Trial 313 finished with value: 1.092691421508789 and parameters: {'hidden_size': 88, 'n_layers': 1, 'rnn_dropout': 0.3700232482737623, 'bidirectional': False, 'fc_dropout': 0.023417697122490023, 'learning_rate_model': 0.0016609136950705152}. Best is trial 153 with value: 0.9688200950622559.
Epoch 5: reducing lr to 0.0047038769631615115
Epoch 8: reducing lr to 0.008050626054985289
Epoch 11: reducing lr to 0.00981602081160622
Epoch 14: reducing lr to 0.009773283191557212
Epoch 17: reducing lr to 0.00937728591675092
Epoch 20: reducing lr to 0.008702223171772761
Epoch 23: reducing lr to 0.007790511606743146
Epoch 26: reducing lr to 0.006699437193973187
Epoch 29: reducing lr to 0.005497556323211454
Epoch 32: reducing lr to 0.004260387614403024
Epoch 35: reducing lr to 0.0030656673805270498
Epoch 38: reducing lr to 0.001988463797469013
Epoch 41: reducing lr to 0.0010964609191220901
Epoch 44: reducing lr to 0.00044570786581139973
Epoch 47: reducing lr to 7.7093086841723e-05
[I 2024-06-22 00:03:09,788] Trial 314 finished with value: 1.1073243618011475 and parameters: {'hidden_size': 70, 'n_layers': 5, 'rnn_dropout': 0.5862158826090934, 'bidirectional': False, 'fc_dropout': 0.19112796389616965, 'learning_rate_model': 0.09871800142213323}. Best is trial 153 with value: 0.9688200950622559.
Epoch 5: reducing lr to 0.00031650549014067373
Epoch 8: reducing lr to 0.0005416951517711087
Epoch 11: reducing lr to 0.0006604816627942496
Epoch 14: reducing lr to 0.0006576060154320861
Epoch 17: reducing lr to 0.0006309609070377761
Epoch 20: reducing lr to 0.000585538574215657
Epoch 23: reducing lr to 0.0005241930675162908
Epoch 26: reducing lr to 0.0004507789360459804
Epoch 29: reducing lr to 0.0003699090712365337
Epoch 32: reducing lr to 0.00028666482576950535
Epoch 35: reducing lr to 0.00020627677222021619
Epoch 38: reducing lr to 0.00013379595465054812
Epoch 41: reducing lr to 7.377656842316405e-05
Epoch 44: reducing lr to 2.9989939709940213e-05
Epoch 47: reducing lr to 5.1872924033491766e-06
[I 2024-06-22 00:03:20,524] Trial 315 finished with value: 1.1074204444885254 and parameters: {'hidden_size': 60, 'n_layers': 7, 'rnn_dropout': 0.17377580031281437, 'bidirectional': False, 'fc_dropout': 0.5732704374357874, 'learning_rate_model': 0.006642348358707951}. Best is trial 153 with value: 0.9688200950622559.
Epoch 9: reducing lr to 3.292145920590197e-05
Epoch 24: reducing lr to 2.7572517929598372e-05
Epoch 27: reducing lr to 2.336429388521278e-05
Epoch 33: reducing lr to 1.4274639266328374e-05
Epoch 38: reducing lr to 7.365693258105851e-06
Epoch 42: reducing lr to 3.1499800714169818e-06
Epoch 45: reducing lr to 1.074074146396604e-06
Epoch 48: reducing lr to 7.951861677278214e-08
[I 2024-06-22 00:03:35,987] Trial 316 finished with value: 1.1081361770629883 and parameters: {'hidden_size': 97, 'n_layers': 6, 'rnn_dropout': 0.7359628616118871, 'bidirectional': False, 'fc_dropout': 0.052828467213309874, 'learning_rate_model': 0.00036567249474403436}. Best is trial 153 with value: 0.9688200950622559.
[I 2024-06-22 00:04:23,797] Trial 317 finished with value: 1.106220006942749 and parameters: {'hidden_size': 102, 'n_layers': 7, 'rnn_dropout': 0.08844595220435299, 'bidirectional': True, 'fc_dropout': 0.4852283444132348, 'learning_rate_model': 1.3156239670034818e-05}. Best is trial 153 with value: 0.9688200950622559.
Epoch 12: reducing lr to 0.00014877876302378705
Epoch 15: reducing lr to 0.0001458395629120532
Epoch 18: reducing lr to 0.00013841217177159188
Epoch 23: reducing lr to 0.00011744264255822058
Epoch 26: reducing lr to 0.00010099460053843192
Epoch 29: reducing lr to 8.287614149137038e-05
Epoch 32: reducing lr to 6.422571520524032e-05
Epoch 35: reducing lr to 4.621520338433215e-05
Epoch 38: reducing lr to 2.9976265333329444e-05
Epoch 41: reducing lr to 1.652924407327171e-05
Epoch 44: reducing lr to 6.7190849859677595e-06
Epoch 47: reducing lr to 1.1621850141171073e-06
[I 2024-06-22 00:04:26,835] Trial 318 finished with value: 1.0919275283813477 and parameters: {'hidden_size': 43, 'n_layers': 2, 'rnn_dropout': 0.003897638362884859, 'bidirectional': False, 'fc_dropout': 0.4375746474169927, 'learning_rate_model': 0.0014881824892021818}. Best is trial 153 with value: 0.9688200950622559.
Epoch 19: reducing lr to 1.85273135850492e-05
Epoch 22: reducing lr to 1.6792646693842422e-05
Epoch 25: reducing lr to 1.4644432851528699e-05
Epoch 28: reducing lr to 1.221765414787672e-05
Epoch 31: reducing lr to 9.66479333271606e-06
Epoch 34: reducing lr to 7.146258827923029e-06
Epoch 37: reducing lr to 4.820294682772989e-06
Epoch 40: reducing lr to 2.8330516274261186e-06
Epoch 43: reducing lr to 1.3093944631171235e-06
Epoch 46: reducing lr to 3.4506239182575827e-07
Epoch 49: reducing lr to 6.465972252495947e-10
[I 2024-06-22 00:04:38,284] Trial 319 finished with value: 1.0925689935684204 and parameters: {'hidden_size': 129, 'n_layers': 3, 'rnn_dropout': 0.29338558532875336, 'bidirectional': False, 'fc_dropout': 0.1612773075265369, 'learning_rate_model': 0.00020421903674544914}. Best is trial 153 with value: 0.9688200950622559.
Epoch 7: reducing lr to 0.00024721908520567576
Epoch 10: reducing lr to 0.0003336620455362283
Epoch 13: reducing lr to 0.000345962556791148
Epoch 16: reducing lr to 0.0003355354690510998
Epoch 22: reducing lr to 0.0002854452180112772
Epoch 29: reducing lr to 0.00019331839351806592
Epoch 33: reducing lr to 0.00013551042011652553
Epoch 36: reducing lr to 9.45924586772846e-05
Epoch 39: reducing lr to 5.863693270994979e-05
Epoch 42: reducing lr to 2.9903040971639975e-05
Epoch 45: reducing lr to 1.0196281398005495e-05
Epoch 48: reducing lr to 7.548773012697272e-07
[I 2024-06-22 00:04:52,861] Trial 320 finished with value: 1.092519760131836 and parameters: {'hidden_size': 153, 'n_layers': 3, 'rnn_dropout': 0.03808874296524403, 'bidirectional': False, 'fc_dropout': 0.39608989004894257, 'learning_rate_model': 0.0034713615148726346}. Best is trial 153 with value: 0.9688200950622559.
Epoch 23: reducing lr to 1.1697037250509943e-05
Epoch 26: reducing lr to 1.0058847271022343e-05
Epoch 29: reducing lr to 8.254287310697412e-06
Epoch 32: reducing lr to 6.396744545524992e-06
Epoch 35: reducing lr to 4.602935899185347e-06
Epoch 38: reducing lr to 2.985572229961555e-06
Epoch 41: reducing lr to 1.646277531195558e-06
Epoch 44: reducing lr to 6.692065646534252e-07
Epoch 47: reducing lr to 1.1575115397606127e-07
[I 2024-06-22 00:06:50,690] Trial 321 finished with value: 1.0756374597549438 and parameters: {'hidden_size': 178, 'n_layers': 7, 'rnn_dropout': 0.245728614788076, 'bidirectional': True, 'fc_dropout': 0.29486149581222076, 'learning_rate_model': 0.0001482198086876757}. Best is trial 153 with value: 0.9688200950622559.
Epoch 7: reducing lr to 0.00350739663552296
Epoch 10: reducing lr to 0.004733797695844755
Epoch 13: reducing lr to 0.004908309998383309
Epoch 16: reducing lr to 0.0047603767090609195
Epoch 19: reducing lr to 0.004468059616691311
Epoch 22: reducing lr to 0.004049726162710865
Epoch 25: reducing lr to 0.0035316614431389628
Epoch 28: reducing lr to 0.0029464178310707905
Epoch 31: reducing lr to 0.0023307681707521216
Epoch 34: reducing lr to 0.001723396666920607
Epoch 37: reducing lr to 0.0011624655627370418
Epoch 40: reducing lr to 0.0006832206682526786
Epoch 43: reducing lr to 0.0003157744643397145
Epoch 46: reducing lr to 8.321548243236596e-05
Epoch 49: reducing lr to 1.5593382910877863e-07
[I 2024-06-22 00:06:56,074] Trial 322 finished with value: 1.1180570125579834 and parameters: {'hidden_size': 92, 'n_layers': 2, 'rnn_dropout': 0.2551888051761512, 'bidirectional': False, 'fc_dropout': 0.4031864075190263, 'learning_rate_model': 0.049249602585571886}. Best is trial 153 with value: 0.9688200950622559.
Epoch 12: reducing lr to 0.0007065347649118204
Epoch 18: reducing lr to 0.0006573049086847216
Epoch 21: reducing lr to 0.0006029353263441445
Epoch 24: reducing lr to 0.0005328842884629411
Epoch 27: reducing lr to 0.00045155343281490495
Epoch 30: reducing lr to 0.00036405295728694634
Epoch 33: reducing lr to 0.0002758808973458652
Epoch 36: reducing lr to 0.00019257745905887358
Epoch 39: reducing lr to 0.00011937686858117351
Epoch 42: reducing lr to 6.087854918855919e-05
Epoch 45: reducing lr to 2.0758250614630584e-05
Epoch 48: reducing lr to 1.5368281426715244e-06
[I 2024-06-22 00:07:45,691] Trial 323 finished with value: 1.034686803817749 and parameters: {'hidden_size': 154, 'n_layers': 4, 'rnn_dropout': 0.6036977802465054, 'bidirectional': True, 'fc_dropout': 0.4173274507306175, 'learning_rate_model': 0.007067222792988559}. Best is trial 153 with value: 0.9688200950622559.
[I 2024-06-22 00:07:48,087] Trial 324 finished with value: 1.1043113470077515 and parameters: {'hidden_size': 72, 'n_layers': 1, 'rnn_dropout': 0.2146102633087491, 'bidirectional': False, 'fc_dropout': 0.5002649239226041, 'learning_rate_model': 3.398051356678928e-05}. Best is trial 153 with value: 0.9688200950622559.
Epoch 6: reducing lr to 0.0015589067629339325
Epoch 10: reducing lr to 0.0025109600494749714
Epoch 13: reducing lr to 0.002603527042821738
Epoch 16: reducing lr to 0.0025250584213591014
Epoch 19: reducing lr to 0.002370003941239881
Epoch 22: reducing lr to 0.002148106289968088
Epoch 25: reducing lr to 0.0018733079362003816
Epoch 28: reducing lr to 0.00156287571591274
Epoch 31: reducing lr to 0.0012363151400583993
Epoch 34: reducing lr to 0.0009141455672756077
Epoch 37: reducing lr to 0.0006166094908291741
Epoch 40: reducing lr to 0.00036240243313818423
Epoch 43: reducing lr to 0.00016749703209695092
Epoch 46: reducing lr to 4.414019468319714e-05
Epoch 49: reducing lr to 8.271236761892009e-08
[I 2024-06-22 00:08:08,224] Trial 325 finished with value: 1.0964393615722656 and parameters: {'hidden_size': 156, 'n_layers': 4, 'rnn_dropout': 0.6030952572969704, 'bidirectional': False, 'fc_dropout': 0.5236300276982652, 'learning_rate_model': 0.02612358881610851}. Best is trial 153 with value: 0.9688200950622559.
[I 2024-06-22 00:09:24,727] Trial 326 finished with value: 1.0888476371765137 and parameters: {'hidden_size': 153, 'n_layers': 6, 'rnn_dropout': 0.6870326050135719, 'bidirectional': True, 'fc_dropout': 0.31660020925214455, 'learning_rate_model': 2.1681290038658853e-05}. Best is trial 153 with value: 0.9688200950622559.
[I 2024-06-22 00:10:22,562] Trial 327 finished with value: 1.0957907438278198 and parameters: {'hidden_size': 169, 'n_layers': 4, 'rnn_dropout': 0.4336609237912984, 'bidirectional': True, 'fc_dropout': 0.7023683349801254, 'learning_rate_model': 1.375738861706401e-05}. Best is trial 153 with value: 0.9688200950622559.
Epoch 8: reducing lr to 0.0028492185864670396
Epoch 11: reducing lr to 0.0034740141636881465
Epoch 14: reducing lr to 0.0034588887783388172
Epoch 21: reducing lr to 0.0029806735668585745
Epoch 26: reducing lr to 0.002371015724934435
Epoch 30: reducing lr to 0.0017997337016251158
Epoch 33: reducing lr to 0.0013638459423269624
Epoch 36: reducing lr to 0.0009520267211245454
Epoch 39: reducing lr to 0.0005901519800336861
Epoch 42: reducing lr to 0.0003009594469365426
Epoch 45: reducing lr to 0.00010262057338126241
Epoch 48: reducing lr to 7.5974699466366254e-06
[I 2024-06-22 00:11:16,181] Trial 328 finished with value: 1.0124757289886475 and parameters: {'hidden_size': 144, 'n_layers': 5, 'rnn_dropout': 0.5133993446668773, 'bidirectional': True, 'fc_dropout': 0.4075268651510099, 'learning_rate_model': 0.03493755175681622}. Best is trial 153 with value: 0.9688200950622559.
Epoch 18: reducing lr to 0.0003825094981229683
Epoch 23: reducing lr to 0.00032455907373024997
Epoch 26: reducing lr to 0.00027910402293835024
Epoch 29: reducing lr to 0.0002290326846438413
Epoch 32: reducing lr to 0.00017749122620722697
Epoch 35: reducing lr to 0.0001277182058913408
Epoch 38: reducing lr to 8.284102518942012e-05
Epoch 41: reducing lr to 4.567945704408694e-05
Epoch 44: reducing lr to 1.856855356672906e-05
Epoch 47: reducing lr to 3.2117609368167812e-06
[I 2024-06-22 00:11:56,087] Trial 329 finished with value: 1.0390115976333618 and parameters: {'hidden_size': 120, 'n_layers': 5, 'rnn_dropout': 0.3531033847628007, 'bidirectional': True, 'fc_dropout': 0.28392200868061873, 'learning_rate_model': 0.004112672532871488}. Best is trial 153 with value: 0.9688200950622559.
Epoch 9: reducing lr to 0.00234761005858216
Epoch 12: reducing lr to 0.0026068973658865055
Epoch 15: reducing lr to 0.0025553967829177707
Epoch 26: reducing lr to 0.0017696245940040773
Epoch 29: reducing lr to 0.001452153456297713
Epoch 32: reducing lr to 0.001125361203359036
Epoch 35: reducing lr to 0.0008097815139601766
Epoch 38: reducing lr to 0.0005252432911011469
Epoch 41: reducing lr to 0.0002896249569423949
Epoch 44: reducing lr to 0.00011773162106668705
Epoch 47: reducing lr to 2.0363773635423062e-05
[I 2024-06-22 00:12:19,181] Trial 330 finished with value: 1.1076328754425049 and parameters: {'hidden_size': 116, 'n_layers': 7, 'rnn_dropout': 0.22004324085232937, 'bidirectional': False, 'fc_dropout': 0.3096369860840687, 'learning_rate_model': 0.026075892366703723}. Best is trial 153 with value: 0.9688200950622559.
Epoch 24: reducing lr to 1.1489106912718192e-05
Epoch 27: reducing lr to 9.735595097726631e-06
Epoch 34: reducing lr to 5.331932662367352e-06
Epoch 42: reducing lr to 1.3125554186181843e-06
Epoch 45: reducing lr to 4.475526222032244e-07
Epoch 48: reducing lr to 3.313436560225104e-08
[I 2024-06-22 00:12:37,699] Trial 331 finished with value: 1.0743324756622314 and parameters: {'hidden_size': 66, 'n_layers': 5, 'rnn_dropout': 0.49884144083644666, 'bidirectional': True, 'fc_dropout': 0.5958670984259942, 'learning_rate_model': 0.000152370936810405}. Best is trial 153 with value: 0.9688200950622559.
Epoch 6: reducing lr to 0.005104382792260462
Epoch 9: reducing lr to 0.0077009218484427305
Epoch 12: reducing lr to 0.008551468250961492
Epoch 15: reducing lr to 0.008382529647575632
Epoch 18: reducing lr to 0.007955619931200503
Epoch 21: reducing lr to 0.007297563484025524
Epoch 24: reducing lr to 0.006449708210459791
Epoch 27: reducing lr to 0.005465328864335874
Epoch 30: reducing lr to 0.004406276181323513
Epoch 36: reducing lr to 0.0023308407579892077
Epoch 39: reducing lr to 0.0014448652101337362
Epoch 42: reducing lr to 0.0007368370339363772
Epoch 45: reducing lr to 0.0002512452746733132
Epoch 48: reducing lr to 1.8600835686946592e-05
[I 2024-06-22 00:12:44,993] Trial 332 finished with value: 1.1054787635803223 and parameters: {'hidden_size': 89, 'n_layers': 3, 'rnn_dropout': 0.5308821053368749, 'bidirectional': False, 'fc_dropout': 0.012337457874604675, 'learning_rate_model': 0.08553737811366681}. Best is trial 153 with value: 0.9688200950622559.
Epoch 5: reducing lr to 0.0005546616993361103
Epoch 8: reducing lr to 0.0009492964980479621
Epoch 11: reducing lr to 0.0011574645397240137
Epoch 14: reducing lr to 0.0011524250964844033
Epoch 17: reducing lr to 0.0011057307371087914
Epoch 20: reducing lr to 0.0010261301327093883
Epoch 23: reducing lr to 0.000918624879080511
Epoch 31: reducing lr to 0.0005508900482186008
Epoch 40: reducing lr to 0.00016148301302579062
Epoch 43: reducing lr to 7.463505468678755e-05
Epoch 46: reducing lr to 1.9668443093122898e-05
Epoch 49: reducing lr to 3.6855829642183645e-08
[I 2024-06-22 00:12:56,569] Trial 333 finished with value: 1.0908122062683105 and parameters: {'hidden_size': 126, 'n_layers': 3, 'rnn_dropout': 0.11739834458198617, 'bidirectional': False, 'fc_dropout': 0.25448700187569345, 'learning_rate_model': 0.011640418074851954}. Best is trial 153 with value: 0.9688200950622559.
Epoch 9: reducing lr to 0.00445502112006284
Epoch 15: reducing lr to 0.0048493345802560085
Epoch 18: reducing lr to 0.0046023652121412245
Epoch 21: reducing lr to 0.004221676324751608
Epoch 24: reducing lr to 0.0037311878839091893
Epoch 27: reducing lr to 0.00316171959641806
Epoch 30: reducing lr to 0.002549052416704586
Epoch 33: reducing lr to 0.001931682888508493
Epoch 36: reducing lr to 0.0013484028287399155
Epoch 39: reducing lr to 0.0008358616219552327
Epoch 42: reducing lr to 0.00042626384384030906
Epoch 45: reducing lr to 0.00014534662563962312
Epoch 48: reducing lr to 1.0760674821407023e-05
[I 2024-06-22 00:13:09,203] Trial 334 finished with value: 1.1072473526000977 and parameters: {'hidden_size': 69, 'n_layers': 7, 'rnn_dropout': 0.561852603835846, 'bidirectional': False, 'fc_dropout': 0.21523390980153484, 'learning_rate_model': 0.04948379344068349}. Best is trial 153 with value: 0.9688200950622559.
Epoch 21: reducing lr to 0.0002403623614513854
Epoch 27: reducing lr to 0.00018001341883709668
Epoch 30: reducing lr to 0.00014513103592292203
Epoch 33: reducing lr to 0.00010998092343909216
Epoch 36: reducing lr to 7.677170469072461e-05
Epoch 39: reducing lr to 4.759002297779562e-05
Epoch 42: reducing lr to 2.426945512286039e-05
Epoch 45: reducing lr to 8.27535213036158e-06
Epoch 48: reducing lr to 6.126621303768377e-07
[I 2024-06-22 00:14:17,449] Trial 335 finished with value: 0.9950758218765259 and parameters: {'hidden_size': 141, 'n_layers': 6, 'rnn_dropout': 0.4573082691479611, 'bidirectional': True, 'fc_dropout': 0.1172869614215272, 'learning_rate_model': 0.0028173740784533195}. Best is trial 153 with value: 0.9688200950622559.
Epoch 11: reducing lr to 0.00016900142900295139
Epoch 23: reducing lr to 0.00013412844364051738
Epoch 37: reducing lr to 4.011701643566344e-05
Epoch 40: reducing lr to 2.357813913467107e-05
Epoch 43: reducing lr to 1.0897466369715362e-05
Epoch 46: reducing lr to 2.871789912279785e-06
Epoch 49: reducing lr to 5.3813206909005335e-09
[I 2024-06-22 00:14:44,211] Trial 336 finished with value: 1.0254802703857422 and parameters: {'hidden_size': 67, 'n_layers': 7, 'rnn_dropout': 0.15858583216812303, 'bidirectional': True, 'fc_dropout': 0.35806331524051055, 'learning_rate_model': 0.0016996177604808832}. Best is trial 153 with value: 0.9688200950622559.
Epoch 3: reducing lr to 0.00010391079361019191
Epoch 9: reducing lr to 0.0003718420677341368
Epoch 13: reducing lr to 0.0004116242886471158
Epoch 16: reducing lr to 0.000399218198770027
Epoch 27: reducing lr to 0.000263895573251749
Epoch 30: reducing lr to 0.00021275879414388998
Epoch 33: reducing lr to 0.00016122952958290727
Epoch 36: reducing lr to 0.00011254557104549423
Epoch 39: reducing lr to 6.976589009819534e-05
Epoch 42: reducing lr to 3.557846861377981e-05
Epoch 45: reducing lr to 1.2131477799875133e-05
Epoch 48: reducing lr to 8.981487332995059e-07
[I 2024-06-22 00:15:08,712] Trial 337 finished with value: 1.1074230670928955 and parameters: {'hidden_size': 122, 'n_layers': 7, 'rnn_dropout': 0.27793114624048404, 'bidirectional': False, 'fc_dropout': 0.4614634425856199, 'learning_rate_model': 0.004130206249628986}. Best is trial 153 with value: 0.9688200950622559.
[I 2024-06-22 00:15:24,078] Trial 338 finished with value: 0.9926725029945374 and parameters: {'hidden_size': 67, 'n_layers': 4, 'rnn_dropout': 0.4967619100643778, 'bidirectional': True, 'fc_dropout': 0.09072880090466091, 'learning_rate_model': 0.0008125391685209514}. Best is trial 153 with value: 0.9688200950622559.
Epoch 20: reducing lr to 1.0652261948652606e-05
[I 2024-06-22 00:15:28,363] Trial 339 finished with value: 1.1102083921432495 and parameters: {'hidden_size': 20, 'n_layers': 5, 'rnn_dropout': 0.07806609438086759, 'bidirectional': False, 'fc_dropout': 0.09266139736499923, 'learning_rate_model': 0.00012083923722009125}. Best is trial 153 with value: 0.9688200950622559.
Epoch 20: reducing lr to 5.694667452219021e-05
Epoch 23: reducing lr to 5.098050464501828e-05
Epoch 27: reducing lr to 4.12757402912709e-05
Epoch 32: reducing lr to 2.7879646617515485e-05
Epoch 35: reducing lr to 2.0061489928050775e-05
Epoch 38: reducing lr to 1.301235310086381e-05
Epoch 41: reducing lr to 7.175155343071629e-06
Epoch 44: reducing lr to 2.916677757549527e-06
Epoch 47: reducing lr to 5.044911900819668e-07
[I 2024-06-22 00:15:38,527] Trial 340 finished with value: 1.0772879123687744 and parameters: {'hidden_size': 19, 'n_layers': 7, 'rnn_dropout': 0.4892588864971285, 'bidirectional': True, 'fc_dropout': 0.3118709986999874, 'learning_rate_model': 0.0006460029564286756}. Best is trial 153 with value: 0.9688200950622559.
Epoch 18: reducing lr to 0.0013017306911381646
Epoch 22: reducing lr to 0.001150869230188911
Epoch 25: reducing lr to 0.0010036432892125365
Epoch 28: reducing lr to 0.0008373261511562162
Epoch 31: reducing lr to 0.000662368086791014
Epoch 34: reducing lr to 0.0004897625458313391
Epoch 37: reducing lr to 0.0003303546446243543
Epoch 40: reducing lr to 0.00019416069455786868
Epoch 43: reducing lr to 8.973819465479468e-05
Epoch 46: reducing lr to 2.3648546681642214e-05
Epoch 49: reducing lr to 4.4313970539236466e-08
[I 2024-06-22 00:16:08,448] Trial 341 finished with value: 1.116574764251709 and parameters: {'hidden_size': 188, 'n_layers': 2, 'rnn_dropout': 0.4918255128666393, 'bidirectional': True, 'fc_dropout': 0.4046106791891455, 'learning_rate_model': 0.013995971563871303}. Best is trial 153 with value: 0.9688200950622559.
Epoch 9: reducing lr to 0.004541540763619197
Epoch 12: reducing lr to 0.005043141901042731
Epoch 15: reducing lr to 0.004943512068546646
Epoch 18: reducing lr to 0.004691746381599074
Epoch 21: reducing lr to 0.004303664248261759
Epoch 26: reducing lr to 0.003423405944523185
Epoch 29: reducing lr to 0.002809245978776234
Epoch 33: reducing lr to 0.0019691975288375855
Epoch 36: reducing lr to 0.0013745897600627721
Epoch 39: reducing lr to 0.0008520946425504266
Epoch 42: reducing lr to 0.0004345421874970744
Epoch 45: reducing lr to 0.00014816935933797265
Epoch 48: reducing lr to 1.096965469487704e-05
