[I 2024-06-22 01:05:35,928] Trial 468 finished with value: 1.076688289642334 and parameters: {'hidden_size': 41, 'n_layers': 1, 'rnn_dropout': 0.3698683233080926, 'bidirectional': True, 'fc_dropout': 0.05247881290803456, 'learning_rate_model': 0.033093469817092956}. Best is trial 153 with value: 0.9688200950622559.
Epoch 12: reducing lr to 0.0008236968990396967
Epoch 18: reducing lr to 0.0007663034317564663
Epoch 21: reducing lr to 0.0007029179359534308
Epoch 24: reducing lr to 0.00062125058490035
Epoch 27: reducing lr to 0.0005264329242267191
Epoch 30: reducing lr to 0.00042442255766553
Epoch 33: reducing lr to 0.00032162924024897656
Epoch 36: reducing lr to 0.00022451189060956629
Epoch 39: reducing lr to 0.00013917270791289957
Epoch 42: reducing lr to 7.097382135316478e-05
Epoch 45: reducing lr to 2.420051710108565e-05
Epoch 48: reducing lr to 1.7916748592455151e-06
[I 2024-06-22 01:07:05,575] Trial 469 finished with value: 1.1206055879592896 and parameters: {'hidden_size': 167, 'n_layers': 6, 'rnn_dropout': 0.37425443825229743, 'bidirectional': True, 'fc_dropout': 0.4657720337114457, 'learning_rate_model': 0.008239155082671501}. Best is trial 153 with value: 0.9688200950622559.
[I 2024-06-22 01:08:13,556] Trial 470 finished with value: 1.0635943412780762 and parameters: {'hidden_size': 161, 'n_layers': 5, 'rnn_dropout': 0.44997293174081054, 'bidirectional': True, 'fc_dropout': 0.22899823426094815, 'learning_rate_model': 0.0001530054405241054}. Best is trial 153 with value: 0.9688200950622559.
Epoch 11: reducing lr to 0.00817173721154594
Epoch 14: reducing lr to 0.008136158578738392
Epoch 17: reducing lr to 0.007806494886259338
Epoch 20: reducing lr to 0.007244512036065717
Epoch 23: reducing lr to 0.006485521456773108
Epoch 26: reducing lr to 0.005577213136067851
Epoch 29: reducing lr to 0.004576659569205376
Epoch 32: reducing lr to 0.0035467292370715544
Epoch 35: reducing lr to 0.002552136827384759
Epoch 38: reducing lr to 0.0016553758309453491
Epoch 41: reducing lr to 0.0009127925323061433
Epoch 44: reducing lr to 0.00037104725248985617
Epoch 47: reducing lr to 6.417920851925774e-05
[I 2024-06-22 01:09:21,715] Trial 471 finished with value: 1.1075732707977295 and parameters: {'hidden_size': 142, 'n_layers': 6, 'rnn_dropout': 0.478095829591981, 'bidirectional': True, 'fc_dropout': 0.6125488950166031, 'learning_rate_model': 0.08218172935380007}. Best is trial 153 with value: 0.9688200950622559.
Epoch 32: reducing lr to 9.49283507143846e-05
Epoch 42: reducing lr to 1.894779546042398e-05
Epoch 45: reducing lr to 6.460782853809485e-06
Epoch 48: reducing lr to 4.783212756101323e-07
[I 2024-06-22 01:09:25,206] Trial 472 finished with value: 0.9881418943405151 and parameters: {'hidden_size': 18, 'n_layers': 2, 'rnn_dropout': 0.6338502974165983, 'bidirectional': True, 'fc_dropout': 0.4439139048606762, 'learning_rate_model': 0.002199597292307988}. Best is trial 153 with value: 0.9688200950622559.
Epoch 16: reducing lr to 0.00037048628967635956
Epoch 22: reducing lr to 0.00031517842219760115
Epoch 25: reducing lr to 0.0002748589501270219
Epoch 28: reducing lr to 0.00022931114001795575
Epoch 31: reducing lr to 0.0001813969155075661
Epoch 34: reducing lr to 0.00013412695586731757
Epoch 37: reducing lr to 9.047131761552285e-05
Epoch 40: reducing lr to 5.317307975424316e-05
Epoch 43: reducing lr to 2.4575809188605e-05
Epoch 46: reducing lr to 6.476419244576389e-06
Epoch 49: reducing lr to 1.2135876908915196e-08
[I 2024-06-22 01:10:12,337] Trial 473 finished with value: 1.0496361255645752 and parameters: {'hidden_size': 149, 'n_layers': 4, 'rnn_dropout': 0.3238787772181782, 'bidirectional': True, 'fc_dropout': 0.07400268652048317, 'learning_rate_model': 0.0038329534919439657}. Best is trial 153 with value: 0.9688200950622559.
Epoch 6: reducing lr to 0.0049516026349253756
Epoch 9: reducing lr to 0.007470424235016433
Epoch 12: reducing lr to 0.008295512787196339
Epoch 15: reducing lr to 0.008131630714140529
Epoch 18: reducing lr to 0.007717498905749606
Epoch 21: reducing lr to 0.007079138859026256
Epoch 24: reducing lr to 0.006256660887156855
Epoch 27: reducing lr to 0.005301745168174353
Epoch 30: reducing lr to 0.004274391172764754
Epoch 33: reducing lr to 0.0032391520210069947
Epoch 36: reducing lr to 0.002261075963258575
Epoch 39: reducing lr to 0.0014016187015711459
Epoch 42: reducing lr to 0.0007147826382225969
Epoch 45: reducing lr to 0.0002437252092400366
Epoch 48: reducing lr to 1.8044090881848273e-05
[I 2024-06-22 01:11:06,325] Trial 474 finished with value: 1.0946547985076904 and parameters: {'hidden_size': 139, 'n_layers': 5, 'rnn_dropout': 0.0025165763714979587, 'bidirectional': True, 'fc_dropout': 0.42128746856504595, 'learning_rate_model': 0.08297714416999552}. Best is trial 153 with value: 0.9688200950622559.
Epoch 5: reducing lr to 0.004598596968772328
Epoch 9: reducing lr to 0.008688654565587161
Epoch 12: reducing lr to 0.00964829342817123
Epoch 15: reducing lr to 0.009457686485716762
Epoch 18: reducing lr to 0.008976020637227937
Epoch 21: reducing lr to 0.008233560803627995
Epoch 24: reducing lr to 0.007276958238557977
Epoch 27: reducing lr to 0.006166320802119269
Epoch 30: reducing lr to 0.00497143230557993
Epoch 33: reducing lr to 0.0037673727904277967
Epoch 36: reducing lr to 0.0026297981711962013
Epoch 39: reducing lr to 0.0016301859636746185
Epoch 42: reducing lr to 0.00083134494609884
Epoch 45: reducing lr to 0.0002834704007954478
Epoch 48: reducing lr to 2.0986609018476544e-05
[I 2024-06-22 01:11:27,274] Trial 475 finished with value: 1.056039810180664 and parameters: {'hidden_size': 108, 'n_layers': 3, 'rnn_dropout': 0.6510719939156764, 'bidirectional': True, 'fc_dropout': 0.6424000317972007, 'learning_rate_model': 0.09650854086072257}. Best is trial 153 with value: 0.9688200950622559.
[I 2024-06-22 01:11:31,893] Trial 476 finished with value: 1.108809471130371 and parameters: {'hidden_size': 36, 'n_layers': 4, 'rnn_dropout': 0.6508212635880003, 'bidirectional': False, 'fc_dropout': 0.6007220477316534, 'learning_rate_model': 2.4739192264457364e-05}. Best is trial 153 with value: 0.9688200950622559.
Epoch 28: reducing lr to 7.393394903763992e-05
Epoch 32: reducing lr to 5.333411084242923e-05
Epoch 37: reducing lr to 2.916954573349747e-05
Epoch 40: reducing lr to 1.7143937134570725e-05
Epoch 43: reducing lr to 7.923673590244304e-06
Epoch 46: reducing lr to 2.0881115951776764e-06
Epoch 49: reducing lr to 3.912820392606292e-09
[I 2024-06-22 01:11:51,214] Trial 477 finished with value: 0.973401665687561 and parameters: {'hidden_size': 82, 'n_layers': 4, 'rnn_dropout': 0.19086847675406704, 'bidirectional': True, 'fc_dropout': 0.772434063673871, 'learning_rate_model': 0.0012358116928590523}. Best is trial 153 with value: 0.9688200950622559.
Epoch 4: reducing lr to 0.00045645579067993893
Epoch 7: reducing lr to 0.0009055380425153699
Epoch 10: reducing lr to 0.0012221697015227598
Epoch 13: reducing lr to 0.001267225207146249
Epoch 16: reducing lr to 0.0012290318588721713
Epoch 19: reducing lr to 0.0011535615670502453
Epoch 22: reducing lr to 0.001045556429222523
Epoch 25: reducing lr to 0.0009118027193323764
Epoch 28: reducing lr to 0.0007607047940223639
Epoch 31: reducing lr to 0.0006017566492263316
Epoch 34: reducing lr to 0.00044494575504663744
Epoch 37: reducing lr to 0.00030012482178693627
Epoch 40: reducing lr to 0.00017639359639840864
Epoch 43: reducing lr to 8.152650527700842e-05
Epoch 46: reducing lr to 2.148453479871148e-05
Epoch 49: reducing lr to 4.0258923938822634e-08
[I 2024-06-22 01:11:58,241] Trial 478 finished with value: 1.1073917150497437 and parameters: {'hidden_size': 35, 'n_layers': 7, 'rnn_dropout': 0.6673887915970793, 'bidirectional': False, 'fc_dropout': 0.7053527354831539, 'learning_rate_model': 0.012715239636234955}. Best is trial 153 with value: 0.9688200950622559.
Epoch 41: reducing lr to 1.4915980358447397e-05
[I 2024-06-22 01:12:40,364] Trial 479 finished with value: 0.9817693829536438 and parameters: {'hidden_size': 121, 'n_layers': 5, 'rnn_dropout': 0.675512546114687, 'bidirectional': True, 'fc_dropout': 0.5531907388431758, 'learning_rate_model': 0.0013429350235452983}. Best is trial 153 with value: 0.9688200950622559.
[I 2024-06-22 01:12:42,646] Trial 480 finished with value: 1.1051146984100342 and parameters: {'hidden_size': 64, 'n_layers': 1, 'rnn_dropout': 0.1883982090399309, 'bidirectional': False, 'fc_dropout': 0.6645620553924543, 'learning_rate_model': 2.7066340582671316e-05}. Best is trial 153 with value: 0.9688200950622559.
[I 2024-06-22 01:12:54,613] Trial 481 finished with value: 1.1047310829162598 and parameters: {'hidden_size': 29, 'n_layers': 6, 'rnn_dropout': 0.2278666976946454, 'bidirectional': True, 'fc_dropout': 0.07883120851244244, 'learning_rate_model': 3.4864881188637084e-05}. Best is trial 153 with value: 0.9688200950622559.
Epoch 10: reducing lr to 0.0006571265211476778
Epoch 13: reducing lr to 0.0006813516084101294
Epoch 16: reducing lr to 0.0006608161115384135
Epoch 22: reducing lr to 0.000562166496307788
Epoch 25: reducing lr to 0.0004902508613831146
Epoch 29: reducing lr to 0.00038072847992712825
Epoch 32: reducing lr to 0.00029504943741703947
Epoch 35: reducing lr to 0.00021231012710542282
Epoch 38: reducing lr to 0.00013770933019895923
Epoch 41: reducing lr to 7.593444696042604e-05
Epoch 44: reducing lr to 3.0867110451505195e-05
Epoch 47: reducing lr to 5.339014653149218e-06
[I 2024-06-22 01:13:00,148] Trial 482 finished with value: 1.0938819646835327 and parameters: {'hidden_size': 45, 'n_layers': 4, 'rnn_dropout': 0.6513086517790563, 'bidirectional': False, 'fc_dropout': 0.354873630896267, 'learning_rate_model': 0.006836629297312474}. Best is trial 153 with value: 0.9688200950622559.
[I 2024-06-22 01:13:03,333] Trial 483 finished with value: 1.0922870635986328 and parameters: {'hidden_size': 106, 'n_layers': 1, 'rnn_dropout': 0.06434514717563769, 'bidirectional': False, 'fc_dropout': 0.5535337834214279, 'learning_rate_model': 0.0001180403062074297}. Best is trial 153 with value: 0.9688200950622559.
Epoch 6: reducing lr to 0.0020574238448998533
Epoch 9: reducing lr to 0.003104010981057286
Epoch 15: reducing lr to 0.003378746673084943
Epoch 19: reducing lr to 0.003127898818038686
Epoch 22: reducing lr to 0.0028350413298880574
Epoch 28: reducing lr to 0.002062662014809718
Epoch 31: reducing lr to 0.0016316718289037617
Epoch 34: reducing lr to 0.0012064768288532
Epoch 37: reducing lr to 0.0008137927806765602
Epoch 40: reducing lr to 0.0004782937794079123
Epoch 43: reducing lr to 0.00022106029429088333
Epoch 46: reducing lr to 5.8255625813575376e-05
Epoch 49: reducing lr to 1.091626526061873e-07
[I 2024-06-22 01:13:26,001] Trial 484 finished with value: 1.1542633771896362 and parameters: {'hidden_size': 146, 'n_layers': 5, 'rnn_dropout': 0.03463212869912598, 'bidirectional': False, 'fc_dropout': 0.06281833186728285, 'learning_rate_model': 0.03447755556815082}. Best is trial 153 with value: 0.9688200950622559.
[I 2024-06-22 01:14:06,238] Trial 485 finished with value: 1.1067428588867188 and parameters: {'hidden_size': 188, 'n_layers': 6, 'rnn_dropout': 0.0939020832807584, 'bidirectional': False, 'fc_dropout': 0.7103840719521407, 'learning_rate_model': 2.416039983331099e-05}. Best is trial 153 with value: 0.9688200950622559.
Epoch 13: reducing lr to 0.00026793867752349175
Epoch 16: reducing lr to 0.00025986317904931285
Epoch 22: reducing lr to 0.0002210696294093966
Epoch 25: reducing lr to 0.00019278910599514708
Epoch 28: reducing lr to 0.00016084136848503318
Epoch 31: reducing lr to 0.0001272338017547525
Epoch 34: reducing lr to 9.407812952629238e-05
Epoch 37: reducing lr to 6.345758227352303e-05
Epoch 40: reducing lr to 3.7296185931335896e-05
Epoch 43: reducing lr to 1.723774423350198e-05
Epoch 46: reducing lr to 4.542632050492197e-06
Epoch 49: reducing lr to 8.512238217680407e-09
[I 2024-06-22 01:14:17,198] Trial 486 finished with value: 1.0927908420562744 and parameters: {'hidden_size': 166, 'n_layers': 2, 'rnn_dropout': 0.47382990861273105, 'bidirectional': False, 'fc_dropout': 0.23573187919909558, 'learning_rate_model': 0.0026884759499057934}. Best is trial 153 with value: 0.9688200950622559.
Epoch 6: reducing lr to 0.0030958151746195454
Epoch 12: reducing lr to 0.005186477240058248
Epoch 15: reducing lr to 0.005084015745059482
Epoch 18: reducing lr to 0.0048250944156970794
Epoch 21: reducing lr to 0.004425982276613493
Epoch 24: reducing lr to 0.003911756888626159
Epoch 30: reducing lr to 0.0026724125562035106
Epoch 33: reducing lr to 0.0020251657329696353
Epoch 36: reducing lr to 0.0014136581212415677
Epoch 39: reducing lr to 0.0008763127345374905
Epoch 42: reducing lr to 0.0004468926731632732
Epoch 45: reducing lr to 0.0001523806041867498
Epoch 48: reducing lr to 1.1281432393268898e-05
[I 2024-06-22 01:14:29,818] Trial 487 finished with value: 1.1073811054229736 and parameters: {'hidden_size': 69, 'n_layers': 7, 'rnn_dropout': 0.6516044863538806, 'bidirectional': False, 'fc_dropout': 0.586000892086763, 'learning_rate_model': 0.05187853731561344}. Best is trial 153 with value: 0.9688200950622559.
Epoch 15: reducing lr to 7.538742637983652e-05
Epoch 18: reducing lr to 7.15480573388484e-05
Epoch 21: reducing lr to 6.562989372346193e-05
Epoch 24: reducing lr to 5.8004793699487795e-05
Epoch 27: reducing lr to 4.915187833792851e-05
Epoch 30: reducing lr to 3.96273959287248e-05
Epoch 33: reducing lr to 3.0029811129042805e-05
Epoch 36: reducing lr to 2.0962178892722887e-05
Epoch 39: reducing lr to 1.2994248065588041e-05
Epoch 42: reducing lr to 6.626668796319882e-06
Epoch 45: reducing lr to 2.259548781100246e-06
Epoch 48: reducing lr to 1.672847207118025e-07
[I 2024-06-22 01:14:34,501] Trial 488 finished with value: 1.0935215950012207 and parameters: {'hidden_size': 47, 'n_layers': 3, 'rnn_dropout': 0.07498934085971376, 'bidirectional': False, 'fc_dropout': 0.5061700316950029, 'learning_rate_model': 0.0007692716955833606}. Best is trial 153 with value: 0.9688200950622559.
Epoch 5: reducing lr to 0.0021495044369060994
Epoch 8: reducing lr to 0.003678849714944925
Epoch 12: reducing lr to 0.00450986456809731
Epoch 15: reducing lr to 0.00442076990046429
Epoch 18: reducing lr to 0.00419562669146738
Epoch 21: reducing lr to 0.0038485815563131026
Epoch 24: reducing lr to 0.003401440510481748
Epoch 27: reducing lr to 0.0028822995390875195
Epoch 30: reducing lr to 0.0023237774197627094
Epoch 33: reducing lr to 0.0017609685265951355
Epoch 36: reducing lr to 0.0012292364117881982
Epoch 39: reducing lr to 0.0007619915347432838
Epoch 42: reducing lr to 0.00038859236031636436
Epoch 45: reducing lr to 0.00013250147564117452
Epoch 48: reducing lr to 9.809689674299126e-06
[I 2024-06-22 01:14:43,764] Trial 489 finished with value: 1.1311099529266357 and parameters: {'hidden_size': 148, 'n_layers': 2, 'rnn_dropout': 0.13844537534574758, 'bidirectional': False, 'fc_dropout': 0.3377012542526669, 'learning_rate_model': 0.04511061486539399}. Best is trial 153 with value: 0.9688200950622559.
[I 2024-06-22 01:14:49,033] Trial 490 finished with value: 1.0917434692382812 and parameters: {'hidden_size': 65, 'n_layers': 3, 'rnn_dropout': 0.1721677281306616, 'bidirectional': False, 'fc_dropout': 0.4603416456894996, 'learning_rate_model': 0.00012985537014035867}. Best is trial 153 with value: 0.9688200950622559.
Epoch 5: reducing lr to 0.00025851772802037466
Epoch 8: reducing lr to 0.0004424498287637222
Epoch 11: reducing lr to 0.0005394731661330706
Epoch 18: reducing lr to 0.0005046018334630545
Epoch 22: reducing lr to 0.0004461220186195183
Epoch 27: reducing lr to 0.00034664991405720426
Epoch 30: reducing lr to 0.00027947728260881334
Epoch 33: reducing lr to 0.00021178908719351867
Epoch 36: reducing lr to 0.00014783845007214783
Epoch 39: reducing lr to 9.164359791512143e-05
Epoch 42: reducing lr to 4.673542998573947e-05
Epoch 45: reducing lr to 1.5935757030307445e-05
Epoch 48: reducing lr to 1.1797969074374589e-06
[I 2024-06-22 01:14:58,044] Trial 491 finished with value: 1.0980098247528076 and parameters: {'hidden_size': 64, 'n_layers': 6, 'rnn_dropout': 0.7281429660580356, 'bidirectional': False, 'fc_dropout': 0.10648771590072253, 'learning_rate_model': 0.005425387109872358}. Best is trial 153 with value: 0.9688200950622559.
[I 2024-06-22 01:15:14,906] Trial 492 finished with value: 1.0825002193450928 and parameters: {'hidden_size': 55, 'n_layers': 5, 'rnn_dropout': 0.16134298784238643, 'bidirectional': True, 'fc_dropout': 0.535693411748701, 'learning_rate_model': 3.9349049956044136e-05}. Best is trial 153 with value: 0.9688200950622559.
Epoch 6: reducing lr to 0.0006569107349648891
Epoch 9: reducing lr to 0.000991073443597948
Epoch 12: reducing lr to 0.0011005348780435628
Epoch 15: reducing lr to 0.001078793251948745
Epoch 18: reducing lr to 0.0010238519227104954
Epoch 21: reducing lr to 0.0009391630657114569
Epoch 27: reducing lr to 0.0007033628446791655
Epoch 33: reducing lr to 0.00042972627079854094
Epoch 36: reducing lr to 0.0002999685520722363
Epoch 39: reducing lr to 0.00018594754855636998
Epoch 42: reducing lr to 9.482755843594169e-05
Epoch 45: reducing lr to 3.233411849368987e-05
Epoch 48: reducing lr to 2.393842534811376e-06
[I 2024-06-22 01:15:20,439] Trial 493 finished with value: 1.0942864418029785 and parameters: {'hidden_size': 72, 'n_layers': 3, 'rnn_dropout': 0.5080639460360391, 'bidirectional': False, 'fc_dropout': 0.14667752541513865, 'learning_rate_model': 0.011008269600943211}. Best is trial 153 with value: 0.9688200950622559.
Epoch 8: reducing lr to 0.0005713681837740696
Epoch 11: reducing lr to 0.0006966615943542497
Epoch 14: reducing lr to 0.0006936284244890183
Epoch 17: reducing lr to 0.0006655237476427448
Epoch 20: reducing lr to 0.000617613265663165
Epoch 23: reducing lr to 0.0005529073685715707
Epoch 29: reducing lr to 0.0003901719878845771
Epoch 32: reducing lr to 0.0003023677806904976
Epoch 35: reducing lr to 0.00021757622218491565
Epoch 38: reducing lr to 0.00014112504303399003
Epoch 41: reducing lr to 7.78179087761865e-05
Epoch 44: reducing lr to 3.1632731671194394e-05
Epoch 47: reducing lr to 5.471442433103123e-06
[I 2024-06-22 01:15:38,915] Trial 494 finished with value: 1.0942223072052002 and parameters: {'hidden_size': 147, 'n_layers': 4, 'rnn_dropout': 0.5201303890525476, 'bidirectional': False, 'fc_dropout': 0.3324573765733087, 'learning_rate_model': 0.0070062035912650976}. Best is trial 153 with value: 0.9688200950622559.
Epoch 9: reducing lr to 0.007780834277948037
Epoch 12: reducing lr to 0.008640206796452644
Epoch 15: reducing lr to 0.008469515117980515
Epoch 18: reducing lr to 0.008038175361502867
Epoch 21: reducing lr to 0.007373290265695905
Epoch 24: reducing lr to 0.0065166368019767135
Epoch 27: reducing lr to 0.005522042556045767
Epoch 30: reducing lr to 0.004452000088363569
Epoch 33: reducing lr to 0.0033737448213984125
Epoch 36: reducing lr to 0.002355027881482556
Epoch 39: reducing lr to 0.0014598585695680788
Epoch 42: reducing lr to 0.0007444831883436254
Epoch 45: reducing lr to 0.00025385244569725156
Epoch 48: reducing lr to 1.879385647066828e-05
[I 2024-06-22 01:15:48,009] Trial 495 finished with value: 1.049367070198059 and parameters: {'hidden_size': 47, 'n_layers': 3, 'rnn_dropout': 0.39835676310994095, 'bidirectional': True, 'fc_dropout': 0.6632059927588773, 'learning_rate_model': 0.08642499908075395}. Best is trial 153 with value: 0.9688200950622559.
Epoch 34: reducing lr to 3.0949385133525674e-06
Epoch 42: reducing lr to 7.61877272881272e-07
Epoch 45: reducing lr to 2.5978344718886455e-07
Epoch 48: reducing lr to 1.923295561133024e-08
[I 2024-06-22 01:16:13,113] Trial 496 finished with value: 1.075984001159668 and parameters: {'hidden_size': 65, 'n_layers': 7, 'rnn_dropout': 0.23224011102032735, 'bidirectional': True, 'fc_dropout': 0.47808691910149603, 'learning_rate_model': 8.844423035919478e-05}. Best is trial 153 with value: 0.9688200950622559.
Epoch 5: reducing lr to 0.0006561202462289808
Epoch 9: reducing lr to 0.0012396829319211962
Epoch 14: reducing lr to 0.001363226339534234
Epoch 17: reducing lr to 0.0013079906623499227
Epoch 20: reducing lr to 0.0012138295399558136
Epoch 23: reducing lr to 0.0010866594585055983
Epoch 27: reducing lr to 0.0008798005023026593
Epoch 30: reducing lr to 0.0007093157783989539
Epoch 33: reducing lr to 0.0005375225486550412
Epoch 36: reducing lr to 0.0003752152744271514
Epoch 39: reducing lr to 0.00023259225001637102
Epoch 42: reducing lr to 0.00011861492851834125
Epoch 45: reducing lr to 4.044509019414909e-05
Epoch 48: reducing lr to 2.9943348308671125e-06
[I 2024-06-22 01:16:22,253] Trial 497 finished with value: 1.0941921472549438 and parameters: {'hidden_size': 143, 'n_layers': 2, 'rnn_dropout': 0.44774919920141837, 'bidirectional': False, 'fc_dropout': 0.3851748122989864, 'learning_rate_model': 0.013769679757267702}. Best is trial 153 with value: 0.9688200950622559.
Epoch 5: reducing lr to 0.0009051541580921467
Epoch 8: reducing lr to 0.001549159917655929
Epoch 11: reducing lr to 0.0018888699945018828
Epoch 14: reducing lr to 0.0018806461113524558
Epoch 17: reducing lr to 0.0018044454405672314
Epoch 22: reducing lr to 0.001562017441751977
Epoch 27: reducing lr to 0.001213733439149033
Epoch 30: reducing lr to 0.0009785403360257133
Epoch 33: reducing lr to 0.0007415420767454869
Epoch 36: reducing lr to 0.000517630217600227
Epoch 39: reducing lr to 0.0003208738694657692
Epoch 42: reducing lr to 0.00016363585238720056
Epoch 45: reducing lr to 5.579623822623142e-05
Epoch 48: reducing lr to 4.130850462940108e-06
