[I 2024-06-22 07:14:26,319] Trial 819 finished with value: 0.9751409292221069 and parameters: {'hidden_size': 175, 'n_layers': 4, 'rnn_dropout': 0.04846275135740509, 'bidirectional': True, 'fc_dropout': 0.13541061821040917, 'learning_rate_model': 0.0005316290797364789}. Best is trial 153 with value: 0.9688200950622559.
Epoch 23: reducing lr to 8.084289001798508e-05
Epoch 27: reducing lr to 6.545345433539562e-05
Epoch 38: reducing lr to 2.063448053198344e-05
Epoch 41: reducing lr to 1.1378080666343133e-05
Epoch 44: reducing lr to 4.62515349373895e-06
Epoch 47: reducing lr to 8.000023946178134e-07
[I 2024-06-22 07:15:28,855] Trial 820 finished with value: 0.97225421667099 and parameters: {'hidden_size': 179, 'n_layers': 4, 'rnn_dropout': 0.0832182666522043, 'bidirectional': True, 'fc_dropout': 0.16616144685441397, 'learning_rate_model': 0.0010244062180533933}. Best is trial 153 with value: 0.9688200950622559.
Epoch 32: reducing lr to 3.0880304651569545e-05
Epoch 37: reducing lr to 1.68890873883605e-05
Epoch 40: reducing lr to 9.92629282237391e-06
Epoch 43: reducing lr to 4.58778538840256e-06
Epoch 46: reducing lr to 1.2090109160358136e-06
Epoch 49: reducing lr to 2.265512330881271e-09
[I 2024-06-22 07:16:25,644] Trial 821 finished with value: 0.972693145275116 and parameters: {'hidden_size': 169, 'n_layers': 4, 'rnn_dropout': 0.027208922097576728, 'bidirectional': True, 'fc_dropout': 0.17724904721483292, 'learning_rate_model': 0.0007155315981587524}. Best is trial 153 with value: 0.9688200950622559.
Epoch 23: reducing lr to 8.123985135329594e-05
Epoch 36: reducing lr to 2.8051504895441783e-05
Epoch 39: reducing lr to 1.7388851373220963e-05
Epoch 42: reducing lr to 8.86778197685214e-06
Epoch 45: reducing lr to 3.023719243066235e-06
Epoch 48: reducing lr to 2.2385975169826166e-07
[I 2024-06-22 07:17:25,280] Trial 822 finished with value: 0.9718604683876038 and parameters: {'hidden_size': 172, 'n_layers': 4, 'rnn_dropout': 0.05767289322640831, 'bidirectional': True, 'fc_dropout': 0.1554476359748329, 'learning_rate_model': 0.0010294363408029483}. Best is trial 153 with value: 0.9688200950622559.
Epoch 23: reducing lr to 6.509184664249489e-05
Epoch 37: reducing lr to 1.946858258180695e-05
Epoch 40: reducing lr to 1.1442350145974579e-05
Epoch 43: reducing lr to 5.288484608308554e-06
Epoch 46: reducing lr to 1.39366493404321e-06
Epoch 49: reducing lr to 2.6115273661577072e-09
[I 2024-06-22 07:18:27,938] Trial 823 finished with value: 0.9708849787712097 and parameters: {'hidden_size': 180, 'n_layers': 4, 'rnn_dropout': 0.04335290549684251, 'bidirectional': True, 'fc_dropout': 0.19298261876348832, 'learning_rate_model': 0.0008248157930810647}. Best is trial 153 with value: 0.9688200950622559.
Epoch 18: reducing lr to 0.00011794685182555718
Epoch 23: reducing lr to 0.00010007783118001288
Epoch 26: reducing lr to 8.606176055488074e-05
Epoch 29: reducing lr to 7.062225709807711e-05
Epoch 36: reducing lr to 3.455611654264104e-05
Epoch 39: reducing lr to 2.1420996015558822e-05
Epoch 42: reducing lr to 1.092405233191708e-05
Epoch 45: reducing lr to 3.724862353912499e-06
Epoch 48: reducing lr to 2.7576857989351517e-07
[I 2024-06-22 07:19:26,931] Trial 824 finished with value: 0.970363974571228 and parameters: {'hidden_size': 176, 'n_layers': 4, 'rnn_dropout': 0.06930162769174181, 'bidirectional': True, 'fc_dropout': 0.13665445702917062, 'learning_rate_model': 0.0012681430924512387}. Best is trial 153 with value: 0.9688200950622559.
Epoch 18: reducing lr to 0.00016277604755180839
Epoch 23: reducing lr to 0.0001381153761622469
Epoch 27: reducing lr to 0.00011182342027407066
Epoch 30: reducing lr to 9.01546614116954e-05
Epoch 33: reducing lr to 6.831959030226232e-05
Epoch 36: reducing lr to 4.7690192510351883e-05
Epoch 39: reducing lr to 2.9562680241713428e-05
Epoch 42: reducing lr to 1.5076062093361248e-05
Epoch 45: reducing lr to 5.1406066568113584e-06
Epoch 48: reducing lr to 3.8058259952907826e-07
[I 2024-06-22 07:20:20,792] Trial 825 finished with value: 0.9767876267433167 and parameters: {'hidden_size': 164, 'n_layers': 4, 'rnn_dropout': 0.09165301669763432, 'bidirectional': True, 'fc_dropout': 0.10141511788307309, 'learning_rate_model': 0.001750138449007857}. Best is trial 153 with value: 0.9688200950622559.
Epoch 18: reducing lr to 0.00012252097700222667
Epoch 23: reducing lr to 0.00010395897357713267
Epoch 27: reducing lr to 8.416910786182516e-05
Epoch 30: reducing lr to 6.785910681330553e-05
Epoch 33: reducing lr to 5.142392310245055e-05
Epoch 36: reducing lr to 3.5896245594320986e-05
Epoch 39: reducing lr to 2.2251728804671494e-05
Epoch 42: reducing lr to 1.1347700627986732e-05
Epoch 45: reducing lr to 3.869317135103754e-06
Epoch 48: reducing lr to 2.864632273953454e-07
[I 2024-06-22 07:21:15,352] Trial 826 finished with value: 0.9733812808990479 and parameters: {'hidden_size': 168, 'n_layers': 4, 'rnn_dropout': 0.07393595838106964, 'bidirectional': True, 'fc_dropout': 0.13646091005363434, 'learning_rate_model': 0.0013173232541683132}. Best is trial 153 with value: 0.9688200950622559.
Epoch 23: reducing lr to 0.00018027588747824658
Epoch 27: reducing lr to 0.0001459581611469514
Epoch 30: reducing lr to 0.00011767488926940208
Epoch 33: reducing lr to 8.917453737679616e-05
Epoch 36: reducing lr to 6.224789750210423e-05
Epoch 39: reducing lr to 3.858685806676526e-05
Epoch 42: reducing lr to 1.9678116579613425e-05
Epoch 45: reducing lr to 6.709806344404453e-06
Epoch 48: reducing lr to 4.967576224698417e-07
[I 2024-06-22 07:22:17,689] Trial 827 finished with value: 1.005728840827942 and parameters: {'hidden_size': 174, 'n_layers': 4, 'rnn_dropout': 0.09900256199578765, 'bidirectional': True, 'fc_dropout': 0.12786233728675891, 'learning_rate_model': 0.0022843782558580597}. Best is trial 153 with value: 0.9688200950622559.
Epoch 32: reducing lr to 4.0331049565382815e-05
Epoch 36: reducing lr to 2.546498558021488e-05
Epoch 39: reducing lr to 1.5785493545750034e-05
Epoch 42: reducing lr to 8.050118559083921e-06
Epoch 45: reducing lr to 2.7449139434872854e-06
Epoch 48: reducing lr to 2.0321852143887583e-07
[I 2024-06-22 07:23:20,241] Trial 828 finished with value: 0.9721853733062744 and parameters: {'hidden_size': 177, 'n_layers': 4, 'rnn_dropout': 0.06718728408259948, 'bidirectional': True, 'fc_dropout': 0.11759375758498622, 'learning_rate_model': 0.0009345160508146558}. Best is trial 153 with value: 0.9688200950622559.
Epoch 31: reducing lr to 2.8587866651285515e-05
Epoch 37: reducing lr to 1.4258136399517706e-05
Epoch 40: reducing lr to 8.37999317242563e-06
Epoch 43: reducing lr to 3.873108613591466e-06
Epoch 46: reducing lr to 1.0206734178677288e-06
Epoch 49: reducing lr to 1.9125949843193727e-09
[I 2024-06-22 07:24:22,449] Trial 829 finished with value: 0.975071370601654 and parameters: {'hidden_size': 174, 'n_layers': 4, 'rnn_dropout': 0.11456647061468811, 'bidirectional': True, 'fc_dropout': 0.1398127701720629, 'learning_rate_model': 0.0006040674010452113}. Best is trial 153 with value: 0.9688200950622559.
Epoch 23: reducing lr to 9.876957025059324e-05
Epoch 27: reducing lr to 7.996757110842562e-05
Epoch 36: reducing lr to 3.410438395998852e-05
Epoch 39: reducing lr to 2.114097144042587e-05
Epoch 42: reducing lr to 1.078124836935842e-05
Epoch 45: reducing lr to 3.6761693334140273e-06
Epoch 48: reducing lr to 2.7216361309534854e-07
[I 2024-06-22 07:25:24,187] Trial 830 finished with value: 0.9729512929916382 and parameters: {'hidden_size': 178, 'n_layers': 4, 'rnn_dropout': 0.08622660829816946, 'bidirectional': True, 'fc_dropout': 0.15533578523279482, 'learning_rate_model': 0.0012515653744770835}. Best is trial 153 with value: 0.9688200950622559.
Epoch 18: reducing lr to 0.00014103409420380798
Epoch 23: reducing lr to 0.00011966734212821412
Epoch 27: reducing lr to 9.688719579031262e-05
Epoch 30: reducing lr to 7.811272728195815e-05
Epoch 33: reducing lr to 5.919416080912073e-05
Epoch 36: reducing lr to 4.1320226189679234e-05
Epoch 39: reducing lr to 2.5614000910053085e-05
Epoch 42: reducing lr to 1.3062356492105077e-05
Epoch 45: reducing lr to 4.453977193854034e-06
Epoch 48: reducing lr to 3.29748283003548e-07
[I 2024-06-22 07:26:21,222] Trial 831 finished with value: 0.9787531495094299 and parameters: {'hidden_size': 167, 'n_layers': 4, 'rnn_dropout': 0.06853664873890872, 'bidirectional': True, 'fc_dropout': 0.17140870015824639, 'learning_rate_model': 0.00151637292218021}. Best is trial 153 with value: 0.9688200950622559.
Epoch 23: reducing lr to 8.2472911327e-05
Epoch 37: reducing lr to 2.4667155223762127e-05
Epoch 40: reducing lr to 1.4497728634808275e-05
Epoch 43: reducing lr to 6.700635250844029e-06
Epoch 46: reducing lr to 1.7658064789001894e-06
Epoch 49: reducing lr to 3.308867024148267e-09
[I 2024-06-22 07:27:19,013] Trial 832 finished with value: 0.9717726707458496 and parameters: {'hidden_size': 171, 'n_layers': 4, 'rnn_dropout': 0.05121233022482854, 'bidirectional': True, 'fc_dropout': 0.14982322929914338, 'learning_rate_model': 0.001045061144715997}. Best is trial 153 with value: 0.9688200950622559.
Epoch 37: reducing lr to 1.6659531742370456e-05
Epoch 40: reducing lr to 9.791375138029601e-06
Epoch 43: reducing lr to 4.525428434809899e-06
Epoch 46: reducing lr to 1.1925780990660358e-06
Epoch 49: reducing lr to 2.2347195985958185e-09
[I 2024-06-22 07:28:25,185] Trial 833 finished with value: 0.972793459892273 and parameters: {'hidden_size': 181, 'n_layers': 4, 'rnn_dropout': 0.08253940376110389, 'bidirectional': True, 'fc_dropout': 0.1272347919011618, 'learning_rate_model': 0.0007058061278319886}. Best is trial 153 with value: 0.9688200950622559.
Epoch 23: reducing lr to 7.337979530197525e-05
Epoch 26: reducing lr to 6.310283005119722e-05
Epoch 31: reducing lr to 4.4005121015923746e-05
Epoch 37: reducing lr to 2.1947458527623644e-05
Epoch 40: reducing lr to 1.2899270105159196e-05
Epoch 43: reducing lr to 5.961851415073858e-06
Epoch 46: reducing lr to 1.5711160898739602e-06
Epoch 49: reducing lr to 2.944045275079209e-09
[I 2024-06-22 07:29:27,449] Trial 834 finished with value: 0.9736617803573608 and parameters: {'hidden_size': 174, 'n_layers': 4, 'rnn_dropout': 0.0585537621717491, 'bidirectional': True, 'fc_dropout': 0.10045285553089828, 'learning_rate_model': 0.0009298371021880272}. Best is trial 153 with value: 0.9688200950622559.
Epoch 18: reducing lr to 0.00014464400152494578
Epoch 23: reducing lr to 0.00012273034626837247
Epoch 27: reducing lr to 9.936711952352375e-05
Epoch 30: reducing lr to 8.011209989948772e-05
Epoch 36: reducing lr to 4.237785830250465e-05
Epoch 39: reducing lr to 2.62696166314205e-05
Epoch 42: reducing lr to 1.339670044346211e-05
Epoch 45: reducing lr to 4.567981151344181e-06
Epoch 48: reducing lr to 3.3818851688932615e-07
[I 2024-06-22 07:30:29,884] Trial 835 finished with value: 0.9745411276817322 and parameters: {'hidden_size': 177, 'n_layers': 4, 'rnn_dropout': 0.11154809725273525, 'bidirectional': True, 'fc_dropout': 0.182050309363366, 'learning_rate_model': 0.0015551859889372669}. Best is trial 153 with value: 0.9688200950622559.
Epoch 42: reducing lr to 3.847712783447042e-06
Epoch 45: reducing lr to 1.3119857045956307e-06
Epoch 48: reducing lr to 9.713229650403465e-08
[I 2024-06-22 07:31:33,752] Trial 836 finished with value: 0.977211594581604 and parameters: {'hidden_size': 180, 'n_layers': 4, 'rnn_dropout': 0.027642715008067607, 'bidirectional': True, 'fc_dropout': 0.1685704850026875, 'learning_rate_model': 0.00044667036002823577}. Best is trial 153 with value: 0.9688200950622559.
Epoch 23: reducing lr to 9.594657091557894e-05
Epoch 27: reducing lr to 7.768196432195247e-05
Epoch 36: reducing lr to 3.312962368720561e-05
Epoch 39: reducing lr to 2.05367271558101e-05
Epoch 42: reducing lr to 1.0473102278410538e-05
Epoch 45: reducing lr to 3.5710982719798542e-06
Epoch 48: reducing lr to 2.6438472232126823e-07
[I 2024-06-22 07:32:30,599] Trial 837 finished with value: 0.9715768098831177 and parameters: {'hidden_size': 170, 'n_layers': 4, 'rnn_dropout': 0.06698484472674698, 'bidirectional': True, 'fc_dropout': 0.14503978159680067, 'learning_rate_model': 0.0012157935450471129}. Best is trial 153 with value: 0.9688200950622559.
Epoch 23: reducing lr to 6.450261329368449e-05
Epoch 26: reducing lr to 5.546891249531601e-05
Epoch 32: reducing lr to 3.527446574050161e-05
Epoch 38: reducing lr to 1.646375974404783e-05
Epoch 41: reducing lr to 9.078299119220067e-06
Epoch 44: reducing lr to 3.6902996313492326e-06
Epoch 47: reducing lr to 6.383028251782529e-07
[I 2024-06-22 07:33:30,840] Trial 838 finished with value: 0.9710085391998291 and parameters: {'hidden_size': 176, 'n_layers': 4, 'rnn_dropout': 0.09226250545987569, 'bidirectional': True, 'fc_dropout': 0.1179160131766901, 'learning_rate_model': 0.0008173492823431198}. Best is trial 153 with value: 0.9688200950622559.
Epoch 23: reducing lr to 8.63200069001321e-05
Epoch 26: reducing lr to 7.423074298614978e-05
Epoch 33: reducing lr to 4.269870357792566e-05
Epoch 36: reducing lr to 2.9805644099512343e-05
Epoch 39: reducing lr to 1.8476224974787688e-05
Epoch 42: reducing lr to 9.422309232224973e-06
Epoch 45: reducing lr to 3.21280088008127e-06
Epoch 48: reducing lr to 2.3785832924808678e-07
[I 2024-06-22 07:34:37,409] Trial 839 finished with value: 0.9726283550262451 and parameters: {'hidden_size': 182, 'n_layers': 4, 'rnn_dropout': 0.04723313214569011, 'bidirectional': True, 'fc_dropout': 0.19831359808678506, 'learning_rate_model': 0.0010938098797709345}. Best is trial 153 with value: 0.9688200950622559.
Epoch 32: reducing lr to 3.1489251335599546e-05
Epoch 37: reducing lr to 1.7222133123416494e-05
Epoch 40: reducing lr to 1.0122035162583896e-05
Epoch 43: reducing lr to 4.678254596230378e-06
Epoch 46: reducing lr to 1.2328521053175684e-06
Epoch 49: reducing lr to 2.3101872859143668e-09
[I 2024-06-22 07:35:41,302] Trial 840 finished with value: 0.9716413021087646 and parameters: {'hidden_size': 180, 'n_layers': 4, 'rnn_dropout': 0.026642766846455574, 'bidirectional': True, 'fc_dropout': 0.16032322977149457, 'learning_rate_model': 0.0007296415818177157}. Best is trial 153 with value: 0.9688200950622559.
Epoch 18: reducing lr to 0.00012830761930895989
Epoch 23: reducing lr to 0.00010886893601283105
Epoch 27: reducing lr to 8.814439872540012e-05
Epoch 30: reducing lr to 7.106407944730489e-05
Epoch 36: reducing lr to 3.7591618407134975e-05
Epoch 39: reducing lr to 2.330267369957488e-05
Epoch 42: reducing lr to 1.1883650357940798e-05
Epoch 45: reducing lr to 4.052064243231638e-06
Epoch 48: reducing lr to 2.9999283082757927e-07
[I 2024-06-22 07:36:39,749] Trial 841 finished with value: 0.9735913872718811 and parameters: {'hidden_size': 172, 'n_layers': 4, 'rnn_dropout': 0.07735535663375251, 'bidirectional': True, 'fc_dropout': 0.1378397726736528, 'learning_rate_model': 0.0013795401794714415}. Best is trial 153 with value: 0.9688200950622559.
Epoch 37: reducing lr to 2.2141992888763808e-05
Epoch 40: reducing lr to 1.3013604585660572e-05
Epoch 43: reducing lr to 6.0146951169896825e-06
Epoch 46: reducing lr to 1.5850418965652298e-06
Epoch 49: reducing lr to 2.9701402311688337e-09
[I 2024-06-22 07:37:42,228] Trial 842 finished with value: 0.9722710251808167 and parameters: {'hidden_size': 177, 'n_layers': 4, 'rnn_dropout': 0.056241563022899246, 'bidirectional': True, 'fc_dropout': 0.18078525713752064, 'learning_rate_model': 0.000938078843089868}. Best is trial 153 with value: 0.9688200950622559.
Epoch 38: reducing lr to 1.2101175586384836e-05
Epoch 41: reducing lr to 6.672721989102286e-06
Epoch 44: reducing lr to 2.712440201969857e-06
Epoch 47: reducing lr to 4.6916467956598094e-07
[I 2024-06-22 07:38:48,765] Trial 843 finished with value: 0.9736261367797852 and parameters: {'hidden_size': 182, 'n_layers': 4, 'rnn_dropout': 0.04260653217547417, 'bidirectional': True, 'fc_dropout': 0.15583515996265537, 'learning_rate_model': 0.0006007672205381639}. Best is trial 153 with value: 0.9688200950622559.
Epoch 23: reducing lr to 9.447422289432185e-05
Epoch 26: reducing lr to 8.124294714895232e-05
Epoch 29: reducing lr to 6.666794013933768e-05
Epoch 36: reducing lr to 3.262123307547892e-05
Epoch 39: reducing lr to 2.022158082694797e-05
Epoch 42: reducing lr to 1.031238729642741e-05
Epoch 45: reducing lr to 3.516297986526297e-06
Epoch 48: reducing lr to 2.6032760679286106e-07
[I 2024-06-22 07:39:51,069] Trial 844 finished with value: 0.9726168513298035 and parameters: {'hidden_size': 174, 'n_layers': 4, 'rnn_dropout': 0.025329785944413, 'bidirectional': True, 'fc_dropout': 0.2029720962760044, 'learning_rate_model': 0.001197136586249885}. Best is trial 153 with value: 0.9688200950622559.
Epoch 18: reducing lr to 0.0001617750536779763
Epoch 23: reducing lr to 0.00013726603347639249
Epoch 27: reducing lr to 0.00011113576038596787
Epoch 36: reducing lr to 4.7396920918722036e-05
Epoch 39: reducing lr to 2.9380884072921498e-05
Epoch 42: reducing lr to 1.498335161154319e-05
Epoch 45: reducing lr to 5.108994415031049e-06
Epoch 48: reducing lr to 3.782422008258117e-07
[I 2024-06-22 07:40:52,710] Trial 845 finished with value: 0.9761193990707397 and parameters: {'hidden_size': 178, 'n_layers': 4, 'rnn_dropout': 0.07130428312950941, 'bidirectional': True, 'fc_dropout': 0.12945755967454198, 'learning_rate_model': 0.0017393759449898303}. Best is trial 153 with value: 0.9688200950622559.
Epoch 23: reducing lr to 6.477000663862844e-05
Epoch 26: reducing lr to 5.569885694710116e-05
Epoch 32: reducing lr to 3.5420694814082215e-05
Epoch 37: reducing lr to 1.9372322158780132e-05
Epoch 40: reducing lr to 1.1385774611477183e-05
Epoch 43: reducing lr to 5.262336234977953e-06
Epoch 46: reducing lr to 1.3867740997698403e-06
Epoch 49: reducing lr to 2.59861493515914e-09
[I 2024-06-22 07:41:47,361] Trial 846 finished with value: 0.9728681445121765 and parameters: {'hidden_size': 168, 'n_layers': 4, 'rnn_dropout': 0.09726916837740988, 'bidirectional': True, 'fc_dropout': 0.18319620034458858, 'learning_rate_model': 0.0008207375754282104}. Best is trial 153 with value: 0.9688200950622559.
Epoch 23: reducing lr to 7.906831126901319e-05
Epoch 26: reducing lr to 6.799465967315655e-05
Epoch 36: reducing lr to 2.7301688564045535e-05
Epoch 39: reducing lr to 1.6924047620535962e-05
Epoch 42: reducing lr to 8.630746289309212e-06
Epoch 45: reducing lr to 2.9428952702184682e-06
Epoch 48: reducing lr to 2.1787598368328086e-07
[I 2024-06-22 07:42:51,064] Trial 847 finished with value: 0.9720832705497742 and parameters: {'hidden_size': 184, 'n_layers': 4, 'rnn_dropout': 0.05619731913310076, 'bidirectional': True, 'fc_dropout': 0.11277284018442786, 'learning_rate_model': 0.0010019195218891692}. Best is trial 153 with value: 0.9688200950622559.
Epoch 18: reducing lr to 0.00013173635353438897
Epoch 23: reducing lr to 0.00011177821489278899
Epoch 26: reducing lr to 9.612348561043201e-05
Epoch 32: reducing lr to 6.112801653194673e-05
Epoch 36: reducing lr to 3.859617035281053e-05
Epoch 39: reducing lr to 2.3925385548552034e-05
Epoch 42: reducing lr to 1.2201214341473138e-05
Epoch 45: reducing lr to 4.1603465995658374e-06
Epoch 48: reducing lr to 3.0800946843633546e-07
[I 2024-06-22 07:43:44,906] Trial 848 finished with value: 0.9749429821968079 and parameters: {'hidden_size': 164, 'n_layers': 4, 'rnn_dropout': 0.12612944615048532, 'bidirectional': True, 'fc_dropout': 0.1667863025500965, 'learning_rate_model': 0.0014164053060647301}. Best is trial 153 with value: 0.9688200950622559.
Epoch 23: reducing lr to 6.687818097693992e-05
Epoch 26: reducing lr to 5.751177788046308e-05
Epoch 38: reducing lr to 1.7070103791145076e-05
Epoch 41: reducing lr to 9.412643929535794e-06
Epoch 44: reducing lr to 3.8262097301517055e-06
Epoch 47: reducing lr to 6.618108892115604e-07
[I 2024-06-22 07:44:51,473] Trial 849 finished with value: 0.9721482992172241 and parameters: {'hidden_size': 182, 'n_layers': 4, 'rnn_dropout': 0.044630224313264834, 'bidirectional': True, 'fc_dropout': 0.14662031253282753, 'learning_rate_model': 0.0008474514509517897}. Best is trial 153 with value: 0.9688200950622559.
Epoch 23: reducing lr to 9.216149137765998e-05
Epoch 27: reducing lr to 7.461742109946374e-05
Epoch 36: reducing lr to 3.182266441267633e-05
Epoch 39: reducing lr to 1.9726555984589433e-05
Epoch 42: reducing lr to 1.0059939778132919e-05
Epoch 45: reducing lr to 3.4302189172704353e-06
Epoch 48: reducing lr to 2.539547799789007e-07
[I 2024-06-22 07:45:49,784] Trial 850 finished with value: 0.972043514251709 and parameters: {'hidden_size': 172, 'n_layers': 4, 'rnn_dropout': 0.02322818141079459, 'bidirectional': True, 'fc_dropout': 0.19441468425844943, 'learning_rate_model': 0.0011678306504300572}. Best is trial 153 with value: 0.9688200950622559.
Epoch 38: reducing lr to 1.3515060369843564e-05
Epoch 41: reducing lr to 7.452353688294951e-06
Epoch 44: reducing lr to 3.029358000594456e-06
Epoch 47: reducing lr to 5.239812382250428e-07
[I 2024-06-22 07:46:50,025] Trial 851 finished with value: 0.97079998254776 and parameters: {'hidden_size': 176, 'n_layers': 4, 'rnn_dropout': 0.08160197304299051, 'bidirectional': True, 'fc_dropout': 0.09557686122590447, 'learning_rate_model': 0.0006709600398602296}. Best is trial 153 with value: 0.9688200950622559.
Epoch 23: reducing lr to 8.020597314947905e-05
Epoch 37: reducing lr to 2.3989127553732798e-05
Epoch 40: reducing lr to 1.409922864249836e-05
Epoch 43: reducing lr to 6.5164544620326205e-06
Epoch 46: reducing lr to 1.7172696435111598e-06
Epoch 49: reducing lr to 3.217915985065378e-09
