[I 2024-06-22 09:22:41,287] Trial 974 finished with value: 1.0044617652893066 and parameters: {'hidden_size': 187, 'n_layers': 2, 'rnn_dropout': 0.1674780617422736, 'bidirectional': True, 'fc_dropout': 0.22568551533866957, 'learning_rate_model': 0.0035732707782994656}. Best is trial 944 with value: 0.9664796590805054.
Epoch 27: reducing lr to 0.00015053224770671084
Epoch 30: reducing lr to 0.00012136262502325577
Epoch 33: reducing lr to 9.196911939730614e-05
Epoch 36: reducing lr to 6.41986433124121e-05
Epoch 39: reducing lr to 3.979610616553263e-05
Epoch 42: reducing lr to 2.0294796098325367e-05
Epoch 45: reducing lr to 6.920080540635419e-06
Epoch 48: reducing lr to 5.123251820125189e-07
[I 2024-06-22 09:23:11,442] Trial 975 finished with value: 0.9744412899017334 and parameters: {'hidden_size': 189, 'n_layers': 2, 'rnn_dropout': 0.1907113175053818, 'bidirectional': True, 'fc_dropout': 0.23504334733062174, 'learning_rate_model': 0.002355966879580217}. Best is trial 944 with value: 0.9664796590805054.
Epoch 23: reducing lr to 0.00021549816900070804
Epoch 27: reducing lr to 0.00017447544936742437
Epoch 30: reducing lr to 0.0001406661951836303
Epoch 33: reducing lr to 0.00010659744791717435
Epoch 36: reducing lr to 7.44098843361172e-05
Epoch 39: reducing lr to 4.6125953821092756e-05
Epoch 42: reducing lr to 2.3522824663952183e-05
Epoch 45: reducing lr to 8.020767512477087e-06
Epoch 48: reducing lr to 5.938140678536999e-07
[I 2024-06-22 09:23:40,100] Trial 976 finished with value: 0.9785766005516052 and parameters: {'hidden_size': 185, 'n_layers': 2, 'rnn_dropout': 0.15844074874967495, 'bidirectional': True, 'fc_dropout': 0.22036261362866993, 'learning_rate_model': 0.0027306998086576873}. Best is trial 944 with value: 0.9664796590805054.
Epoch 18: reducing lr to 0.00017808949817314305
Epoch 27: reducing lr to 0.00012234341047183433
Epoch 31: reducing lr to 9.061843665941214e-05
Epoch 34: reducing lr to 6.700430942043953e-05
Epoch 37: reducing lr to 4.519574846074965e-05
Epoch 40: reducing lr to 2.656308320465779e-05
Epoch 43: reducing lr to 1.2277063268027374e-05
Epoch 46: reducing lr to 3.2353526268751175e-06
Epoch 49: reducing lr to 6.062584856554067e-09
[I 2024-06-22 09:24:09,126] Trial 977 finished with value: 0.9687298536300659 and parameters: {'hidden_size': 183, 'n_layers': 2, 'rnn_dropout': 0.17364799038517054, 'bidirectional': True, 'fc_dropout': 0.2368754581638094, 'learning_rate_model': 0.0019147858840725949}. Best is trial 944 with value: 0.9664796590805054.
Epoch 18: reducing lr to 0.00018511571071475643
Epoch 23: reducing lr to 0.00015707056660638408
Epoch 27: reducing lr to 0.00012717025772481059
Epoch 31: reducing lr to 9.4193630046384e-05
Epoch 36: reducing lr to 5.423527609532048e-05
Epoch 39: reducing lr to 3.361991303933139e-05
Epoch 42: reducing lr to 1.7145126639741668e-05
Epoch 45: reducing lr to 5.846112306405319e-06
Epoch 48: reducing lr to 4.328144064013814e-07
[I 2024-06-22 09:24:36,888] Trial 978 finished with value: 0.9720128774642944 and parameters: {'hidden_size': 184, 'n_layers': 2, 'rnn_dropout': 0.17886073251062978, 'bidirectional': True, 'fc_dropout': 0.23582206061736627, 'learning_rate_model': 0.0019903304430229215}. Best is trial 944 with value: 0.9664796590805054.
Epoch 23: reducing lr to 0.0002065695899117164
Epoch 27: reducing lr to 0.00016724653482031617
Epoch 30: reducing lr to 0.00013483807490461091
Epoch 33: reducing lr to 0.00010218087329463066
Epoch 36: reducing lr to 7.13269136529855e-05
Epoch 39: reducing lr to 4.4214850684316453e-05
Epoch 42: reducing lr to 2.2548220557650497e-05
Epoch 45: reducing lr to 7.688448878765938e-06
Epoch 48: reducing lr to 5.692110009526078e-07
[I 2024-06-22 09:25:06,304] Trial 979 finished with value: 0.9797518253326416 and parameters: {'hidden_size': 188, 'n_layers': 2, 'rnn_dropout': 0.15160303125310268, 'bidirectional': True, 'fc_dropout': 0.2344894377482023, 'learning_rate_model': 0.0026175607071843273}. Best is trial 944 with value: 0.9664796590805054.
Epoch 18: reducing lr to 0.00018264081649884358
Epoch 23: reducing lr to 0.00015497062038743087
Epoch 27: reducing lr to 0.0001254700620252449
Epoch 31: reducing lr to 9.293431353954876e-05
Epoch 34: reducing lr to 6.8716695296611e-05
Epoch 37: reducing lr to 4.635078702463608e-05
Epoch 40: reducing lr to 2.7241938772316962e-05
Epoch 43: reducing lr to 1.259082024758398e-05
Epoch 46: reducing lr to 3.318036445134221e-06
Epoch 49: reducing lr to 6.217522423562077e-09
[I 2024-06-22 09:25:35,353] Trial 980 finished with value: 0.9687384366989136 and parameters: {'hidden_size': 183, 'n_layers': 2, 'rnn_dropout': 0.2059897747461791, 'bidirectional': True, 'fc_dropout': 0.23332527255527125, 'learning_rate_model': 0.0019637208306773606}. Best is trial 944 with value: 0.9664796590805054.
Epoch 18: reducing lr to 0.00018390165212889606
Epoch 27: reducing lr to 0.0001263362272545671
Epoch 31: reducing lr to 9.357587272665342e-05
Epoch 34: reducing lr to 6.919107150380439e-05
Epoch 37: reducing lr to 4.6670763275738775e-05
Epoch 40: reducing lr to 2.7429999730947523e-05
Epoch 43: reducing lr to 1.2677739234719793e-05
Epoch 46: reducing lr to 3.340942051077234e-06
Epoch 49: reducing lr to 6.2604442301657934e-09
[I 2024-06-22 09:26:03,894] Trial 981 finished with value: 0.9700139760971069 and parameters: {'hidden_size': 182, 'n_layers': 2, 'rnn_dropout': 0.21484544960502608, 'bidirectional': True, 'fc_dropout': 0.2426463099272205, 'learning_rate_model': 0.0019772771059845835}. Best is trial 944 with value: 0.9664796590805054.
Epoch 18: reducing lr to 0.00020735601292084797
Epoch 23: reducing lr to 0.0001759414493397833
Epoch 27: reducing lr to 0.0001424488364716164
Epoch 31: reducing lr to 0.00010551030754518567
Epoch 34: reducing lr to 7.801552922805873e-05
Epoch 37: reducing lr to 5.262303671990408e-05
Epoch 40: reducing lr to 3.092835389343141e-05
Epoch 43: reducing lr to 1.429462666664447e-05
Epoch 46: reducing lr to 3.767037517560853e-06
Epoch 49: reducing lr to 7.0588857666639e-09
[I 2024-06-22 09:26:32,978] Trial 982 finished with value: 0.9703819751739502 and parameters: {'hidden_size': 183, 'n_layers': 2, 'rnn_dropout': 0.2013084057055594, 'bidirectional': True, 'fc_dropout': 0.23300010693980172, 'learning_rate_model': 0.0022294541261068624}. Best is trial 944 with value: 0.9664796590805054.
Epoch 12: reducing lr to 0.0003144736645383665
Epoch 23: reducing lr to 0.0002482385081562231
Epoch 27: reducing lr to 0.0002009832633924317
Epoch 30: reducing lr to 0.00016203741592014063
Epoch 33: reducing lr to 0.00012279265093956835
Epoch 36: reducing lr to 8.571487528329837e-05
Epoch 39: reducing lr to 5.3133806272819344e-05
Epoch 42: reducing lr to 2.7096614923817313e-05
Epoch 45: reducing lr to 9.239351641816786e-06
Epoch 48: reducing lr to 6.840314189662279e-07
[I 2024-06-22 09:27:01,534] Trial 983 finished with value: 0.9851455688476562 and parameters: {'hidden_size': 182, 'n_layers': 2, 'rnn_dropout': 0.1898412072597229, 'bidirectional': True, 'fc_dropout': 0.23359432397827207, 'learning_rate_model': 0.00314557125875831}. Best is trial 944 with value: 0.9664796590805054.
Epoch 18: reducing lr to 0.00017832320901921148
Epoch 22: reducing lr to 0.00015765679927951673
Epoch 27: reducing lr to 0.00012250396447566713
Epoch 30: reducing lr to 9.87655663887349e-05
Epoch 38: reducing lr to 3.8619897081535206e-05
Epoch 41: reducing lr to 2.1295438169062508e-05
Epoch 44: reducing lr to 8.656527681306795e-06
Epoch 47: reducing lr to 1.497300118470787e-06
[I 2024-06-22 09:27:30,227] Trial 984 finished with value: 0.9725145697593689 and parameters: {'hidden_size': 186, 'n_layers': 2, 'rnn_dropout': 0.16740736862821254, 'bidirectional': True, 'fc_dropout': 0.2231950509308113, 'learning_rate_model': 0.0019172987005699014}. Best is trial 944 with value: 0.9664796590805054.
Epoch 23: reducing lr to 0.00019254315750288507
Epoch 27: reducing lr to 0.00015589020585983848
Epoch 31: reducing lr to 0.00011546618400657283
Epoch 34: reducing lr to 8.537701825349502e-05
Epoch 37: reducing lr to 5.7588508480869604e-05
Epoch 40: reducing lr to 3.3846731042367315e-05
Epoch 43: reducing lr to 1.564345732088003e-05
Epoch 46: reducing lr to 4.122492458626071e-06
Epoch 49: reducing lr to 7.724957132434692e-09
[I 2024-06-22 09:27:58,846] Trial 985 finished with value: 0.9739279747009277 and parameters: {'hidden_size': 182, 'n_layers': 2, 'rnn_dropout': 0.2066181957540807, 'bidirectional': True, 'fc_dropout': 0.24089766161339457, 'learning_rate_model': 0.0024398238082001884}. Best is trial 944 with value: 0.9664796590805054.
Epoch 18: reducing lr to 0.00017233384002285457
Epoch 22: reducing lr to 0.00015236155615966083
Epoch 27: reducing lr to 0.00011838940501480454
Epoch 31: reducing lr to 8.768974771999998e-05
Epoch 38: reducing lr to 3.7322764669580225e-05
Epoch 41: reducing lr to 2.0580185018139904e-05
Epoch 44: reducing lr to 8.365779557180461e-06
Epoch 47: reducing lr to 1.4470100695358452e-06
[I 2024-06-22 09:28:27,590] Trial 986 finished with value: 0.9716640710830688 and parameters: {'hidden_size': 186, 'n_layers': 2, 'rnn_dropout': 0.18045326726092834, 'bidirectional': True, 'fc_dropout': 0.22086584603199477, 'learning_rate_model': 0.0018529020947825323}. Best is trial 944 with value: 0.9664796590805054.
Epoch 27: reducing lr to 0.00014540961932536138
Epoch 30: reducing lr to 0.00011723264200067791
Epoch 33: reducing lr to 8.883940049381732e-05
Epoch 36: reducing lr to 6.201395666030659e-05
Epoch 39: reducing lr to 3.8441840444954665e-05
Epoch 42: reducing lr to 1.960416203106866e-05
Epoch 45: reducing lr to 6.684589464678401e-06
Epoch 48: reducing lr to 4.948907016414511e-07
[I 2024-06-22 09:28:57,776] Trial 987 finished with value: 0.9734647274017334 and parameters: {'hidden_size': 189, 'n_layers': 2, 'rnn_dropout': 0.2179823592040503, 'bidirectional': True, 'fc_dropout': 0.22261664206804666, 'learning_rate_model': 0.0022757930763804466}. Best is trial 944 with value: 0.9664796590805054.
Epoch 18: reducing lr to 0.0002512259031763912
Epoch 23: reducing lr to 0.0002131650242205553
Epoch 27: reducing lr to 0.00017258644731304928
Epoch 30: reducing lr to 0.00013914323746868308
Epoch 33: reducing lr to 0.00010544334400836228
Epoch 36: reducing lr to 7.360426712815843e-05
Epoch 39: reducing lr to 4.562655965507133e-05
Epoch 42: reducing lr to 2.3268148924322254e-05
Epoch 45: reducing lr to 7.933928668595784e-06
Epoch 48: reducing lr to 5.873849914526334e-07
[I 2024-06-22 09:29:26,858] Trial 988 finished with value: 0.9808768033981323 and parameters: {'hidden_size': 183, 'n_layers': 2, 'rnn_dropout': 0.15821042380368822, 'bidirectional': True, 'fc_dropout': 0.24605126267890903, 'learning_rate_model': 0.0027011352047713647}. Best is trial 944 with value: 0.9664796590805054.
Epoch 18: reducing lr to 0.00017313600284160564
Epoch 23: reducing lr to 0.00014690579184929074
Epoch 32: reducing lr to 8.033819185084774e-05
Epoch 36: reducing lr to 5.072545641803348e-05
Epoch 39: reducing lr to 3.144421041864714e-05
Epoch 42: reducing lr to 1.6035584895287746e-05
Epoch 45: reducing lr to 5.467782896362511e-06
Epoch 48: reducing lr to 4.048049514936191e-07
[I 2024-06-22 09:29:55,186] Trial 989 finished with value: 0.9697229266166687 and parameters: {'hidden_size': 181, 'n_layers': 2, 'rnn_dropout': 0.1501241451671409, 'bidirectional': True, 'fc_dropout': 0.21909720146844572, 'learning_rate_model': 0.0018615268034701783}. Best is trial 944 with value: 0.9664796590805054.
Epoch 18: reducing lr to 0.00017082110049133843
Epoch 22: reducing lr to 0.0001510241325343562
Epoch 30: reducing lr to 9.46104706951322e-05
Epoch 36: reducing lr to 5.004723538743763e-05
Epoch 39: reducing lr to 3.102378788719356e-05
Epoch 42: reducing lr to 1.5821182272189356e-05
Epoch 45: reducing lr to 5.394676302298879e-06
Epoch 48: reducing lr to 3.9939253629265716e-07
[I 2024-06-22 09:30:24,610] Trial 990 finished with value: 0.97107994556427 and parameters: {'hidden_size': 188, 'n_layers': 2, 'rnn_dropout': 0.19013648080721796, 'bidirectional': True, 'fc_dropout': 0.2357771705168729, 'learning_rate_model': 0.0018366373945563035}. Best is trial 944 with value: 0.9664796590805054.
Epoch 12: reducing lr to 0.00031621060866426725
Epoch 18: reducing lr to 0.00029417771859980153
Epoch 23: reducing lr to 0.0002496096131713196
Epoch 27: reducing lr to 0.00020209336175079922
Epoch 30: reducing lr to 0.0001629324032259037
Epoch 33: reducing lr to 0.0001234708761704994
Epoch 36: reducing lr to 8.618830745239333e-05
Epoch 39: reducing lr to 5.3427282207689104e-05
Epoch 42: reducing lr to 2.7246278668133748e-05
Epoch 45: reducing lr to 9.290383697505618e-06
Epoch 48: reducing lr to 6.878095552271916e-07
[I 2024-06-22 09:30:53,668] Trial 991 finished with value: 0.9891282916069031 and parameters: {'hidden_size': 183, 'n_layers': 2, 'rnn_dropout': 0.1716647295714325, 'bidirectional': True, 'fc_dropout': 0.21425748278410073, 'learning_rate_model': 0.0031629453098685136}. Best is trial 944 with value: 0.9664796590805054.
Epoch 27: reducing lr to 0.00013813704220488887
Epoch 31: reducing lr to 0.00010231660831658833
Epoch 34: reducing lr to 7.565407145856489e-05
Epoch 37: reducing lr to 5.103018616635193e-05
Epoch 40: reducing lr to 2.9992181283670665e-05
Epoch 43: reducing lr to 1.3861941564870944e-05
Epoch 46: reducing lr to 3.6530127829748417e-06
Epoch 49: reducing lr to 6.845219836272565e-09
[I 2024-06-22 09:31:23,849] Trial 992 finished with value: 0.9719477891921997 and parameters: {'hidden_size': 189, 'n_layers': 2, 'rnn_dropout': 0.14871741743786046, 'bidirectional': True, 'fc_dropout': 0.24672891839536004, 'learning_rate_model': 0.0021619706158375798}. Best is trial 944 with value: 0.9664796590805054.
Epoch 23: reducing lr to 0.00020953782100483978
Epoch 27: reducing lr to 0.00016964972671842162
Epoch 30: reducing lr to 0.00013677558451887607
Epoch 33: reducing lr to 0.000103649126416328
Epoch 36: reducing lr to 7.235182135102468e-05
Epoch 39: reducing lr to 4.48501808635315e-05
Epoch 42: reducing lr to 2.28722195033928e-05
Epoch 45: reducing lr to 7.798925416138128e-06
Epoch 48: reducing lr to 5.773900838093507e-07
[I 2024-06-22 09:31:52,190] Trial 993 finished with value: 0.9806252121925354 and parameters: {'hidden_size': 181, 'n_layers': 2, 'rnn_dropout': 0.18779439340634568, 'bidirectional': True, 'fc_dropout': 0.23136384111345698, 'learning_rate_model': 0.002655172850784569}. Best is trial 944 with value: 0.9664796590805054.
Epoch 22: reducing lr to 0.00018026741671508438
Epoch 27: reducing lr to 0.0001400730784482832
Epoch 30: reducing lr to 0.0001129301977121426
Epoch 33: reducing lr to 8.557898970098271e-05
Epoch 36: reducing lr to 5.973804110394585e-05
Epoch 39: reducing lr to 3.703102282589747e-05
Epoch 42: reducing lr to 1.8884688226481014e-05
Epoch 45: reducing lr to 6.439264670553713e-06
Epoch 48: reducing lr to 4.7672818618170116e-07
[I 2024-06-22 09:32:20,856] Trial 994 finished with value: 0.9742460250854492 and parameters: {'hidden_size': 185, 'n_layers': 2, 'rnn_dropout': 0.16808155350840134, 'bidirectional': True, 'fc_dropout': 0.21514118091411497, 'learning_rate_model': 0.002192271347651475}. Best is trial 944 with value: 0.9664796590805054.
Epoch 18: reducing lr to 0.00017279512107196108
Epoch 23: reducing lr to 0.00014661655387755335
Epoch 27: reducing lr to 0.00011870629454120913
Epoch 31: reducing lr to 8.79244643538242e-05
Epoch 36: reducing lr to 5.0625584738740844e-05
Epoch 39: reducing lr to 3.1382300949116456e-05
Epoch 42: reducing lr to 1.600401296070061e-05
Epoch 45: reducing lr to 5.45701755882927e-06
Epoch 48: reducing lr to 4.040079443664831e-07
[I 2024-06-22 09:32:51,178] Trial 995 finished with value: 0.9699554443359375 and parameters: {'hidden_size': 190, 'n_layers': 2, 'rnn_dropout': 0.16979726239564646, 'bidirectional': True, 'fc_dropout': 0.22999193841622428, 'learning_rate_model': 0.0018578617047004659}. Best is trial 944 with value: 0.9664796590805054.
Epoch 22: reducing lr to 0.00014860384793337353
Epoch 32: reducing lr to 7.799376522563805e-05
Epoch 35: reducing lr to 5.6122344626200694e-05
Epoch 38: reducing lr to 3.640226960926658e-05
Epoch 41: reducing lr to 2.007261386639779e-05
Epoch 44: reducing lr to 8.159453503196202e-06
Epoch 47: reducing lr to 1.4113223161493033e-06
[I 2024-06-22 09:33:18,640] Trial 996 finished with value: 0.969833493232727 and parameters: {'hidden_size': 179, 'n_layers': 2, 'rnn_dropout': 0.20162749841822428, 'bidirectional': True, 'fc_dropout': 0.21350631457175884, 'learning_rate_model': 0.0018072037859731035}. Best is trial 944 with value: 0.9664796590805054.
Epoch 18: reducing lr to 0.0003500140352219853
Epoch 23: reducing lr to 0.0002969866934590855
Epoch 26: reducing lr to 0.0002553932014622451
Epoch 29: reducing lr to 0.0002095755910462233
Epoch 32: reducing lr to 0.00016241275211764306
Epoch 35: reducing lr to 0.00011686811656888437
Epoch 38: reducing lr to 7.580340266257557e-05
Epoch 41: reducing lr to 4.179883418636123e-05
Epoch 44: reducing lr to 1.6991092754609342e-05
Epoch 47: reducing lr to 2.938911088953399e-06
[I 2024-06-22 09:33:47,343] Trial 997 finished with value: 0.9931931495666504 and parameters: {'hidden_size': 185, 'n_layers': 2, 'rnn_dropout': 0.22071965687064082, 'bidirectional': True, 'fc_dropout': 0.24748238125347663, 'learning_rate_model': 0.0037632872277441}. Best is trial 944 with value: 0.9664796590805054.
Epoch 18: reducing lr to 0.00023241662295482376
Epoch 23: reducing lr to 0.0001972053615292981
Epoch 27: reducing lr to 0.00015966490216618327
Epoch 30: reducing lr to 0.0001287255850236365
Epoch 33: reducing lr to 9.754880216424403e-05
Epoch 36: reducing lr to 6.809351657094142e-05
Epoch 39: reducing lr to 4.221049970564912e-05
Epoch 42: reducing lr to 2.1526062906036727e-05
Epoch 45: reducing lr to 7.339915528633981e-06
Epoch 48: reducing lr to 5.434074845057577e-07
[I 2024-06-22 09:34:15,675] Trial 998 finished with value: 0.9772093296051025 and parameters: {'hidden_size': 181, 'n_layers': 2, 'rnn_dropout': 0.16122850845841286, 'bidirectional': True, 'fc_dropout': 0.21382454354450545, 'learning_rate_model': 0.0024989012458502846}. Best is trial 944 with value: 0.9664796590805054.
Epoch 22: reducing lr to 0.00014787367537495965
Epoch 30: reducing lr to 9.26368375429103e-05
Epoch 38: reducing lr to 3.622340520768939e-05
Epoch 41: reducing lr to 1.9973986058136375e-05
Epoch 44: reducing lr to 8.119361613769774e-06
Epoch 47: reducing lr to 1.4043877122298229e-06
