[I 2024-06-22 17:32:36,556] Trial 605 finished with value: 1.8692983388900757 and parameters: {'hidden_size': 186, 'n_layers': 2, 'rnn_dropout': 0.022716908239812525, 'bidirectional': True, 'fc_dropout': 0.3080066341458594, 'learning_rate_model': 0.0005650026457194963}. Best is trial 346 with value: 1.8583240509033203.
Epoch 23: reducing lr to 9.130096256311756e-05
Epoch 45: reducing lr to 7.526433320591412e-05
Epoch 50: reducing lr to 6.730286362533429e-05
Epoch 56: reducing lr to 5.654604077731814e-05
Epoch 60: reducing lr to 4.8958044015350705e-05
Epoch 66: reducing lr to 3.748086182795685e-05
Epoch 72: reducing lr to 2.6530489749306138e-05
Epoch 75: reducing lr to 2.147037892062106e-05
Epoch 78: reducing lr to 1.6794995875522423e-05
Epoch 81: reducing lr to 1.2578060361173723e-05
Epoch 85: reducing lr to 7.782408520662398e-06
Epoch 88: reducing lr to 4.879376929648718e-06
Epoch 96: reducing lr to 3.8981764635338984e-07
Epoch 99: reducing lr to 1.4140369849861833e-09
[I 2024-06-22 17:33:27,835] Trial 606 finished with value: 1.8668320178985596 and parameters: {'hidden_size': 176, 'n_layers': 2, 'rnn_dropout': 0.045242719491754055, 'bidirectional': True, 'fc_dropout': 0.29172266160655796, 'learning_rate_model': 0.0009172946081951237}. Best is trial 346 with value: 1.8583240509033203.
Epoch 55: reducing lr to 2.208532747283406e-05
Epoch 58: reducing lr to 1.9957061884992375e-05
Epoch 68: reducing lr to 1.275750086133234e-05
Epoch 72: reducing lr to 1.0032359623355026e-05
Epoch 80: reducing lr to 5.266985387579964e-06
Epoch 86: reducing lr to 2.5507851665948674e-06
Epoch 97: reducing lr to 6.811406493475178e-08
[I 2024-06-22 17:34:24,267] Trial 607 finished with value: 1.8662983179092407 and parameters: {'hidden_size': 181, 'n_layers': 2, 'rnn_dropout': 0.01656577264077522, 'bidirectional': True, 'fc_dropout': 0.24011387991026314, 'learning_rate_model': 0.00034686994009293435}. Best is trial 346 with value: 1.8583240509033203.
Epoch 45: reducing lr to 3.706070712186233e-05
Epoch 53: reducing lr to 3.055490547469107e-05
Epoch 57: reducing lr to 2.691935707277754e-05
Epoch 65: reducing lr to 1.9389249669382293e-05
Epoch 68: reducing lr to 1.6612395605640182e-05
Epoch 72: reducing lr to 1.3063806832760788e-05
Epoch 80: reducing lr to 6.858494140714213e-06
Epoch 86: reducing lr to 3.32154806439474e-06
Epoch 89: reducing lr to 1.9959076418800705e-06
Epoch 92: reducing lr to 9.949574565197486e-07
Epoch 95: reducing lr to 3.344860397424328e-07
Epoch 98: reducing lr to 2.490766248026575e-08
[I 2024-06-22 17:35:24,747] Trial 608 finished with value: 1.8669328689575195 and parameters: {'hidden_size': 190, 'n_layers': 2, 'rnn_dropout': 0.03675070853691824, 'bidirectional': True, 'fc_dropout': 0.35015642784660517, 'learning_rate_model': 0.00045168256158963267}. Best is trial 346 with value: 1.8583240509033203.
Epoch 30: reducing lr to 7.259988183581618e-05
Epoch 41: reducing lr to 6.487080414599757e-05
Epoch 45: reducing lr to 6.0483859047027574e-05
Epoch 48: reducing lr to 5.6751953482541923e-05
Epoch 53: reducing lr to 4.986625295220753e-05
Epoch 57: reducing lr to 4.393296095168149e-05
Epoch 65: reducing lr to 3.16436661657419e-05
Epoch 68: reducing lr to 2.711178151407356e-05
Epoch 71: reducing lr to 2.273361619246796e-05
Epoch 74: reducing lr to 1.8578196694371705e-05
Epoch 80: reducing lr to 1.1193207715054998e-05
Epoch 86: reducing lr to 5.4208367985042215e-06
Epoch 89: reducing lr to 3.257363549092826e-06
Epoch 92: reducing lr to 1.6237916443431667e-06
Epoch 97: reducing lr to 1.447535584452671e-07
[I 2024-06-22 17:36:15,362] Trial 609 finished with value: 1.8663825988769531 and parameters: {'hidden_size': 171, 'n_layers': 2, 'rnn_dropout': 0.08667958566400283, 'bidirectional': True, 'fc_dropout': 0.260507038020628, 'learning_rate_model': 0.0007371555081060976}. Best is trial 346 with value: 1.8583240509033203.
Epoch 30: reducing lr to 5.439198628910551e-05
Epoch 45: reducing lr to 4.531463617858283e-05
Epoch 49: reducing lr to 4.1532176283918284e-05
Epoch 53: reducing lr to 3.735990305052328e-05
Epoch 57: reducing lr to 3.291466803110951e-05
Epoch 65: reducing lr to 2.3707502170822447e-05
Epoch 68: reducing lr to 2.0312204525644384e-05
Epoch 72: reducing lr to 1.5973296240336065e-05
Epoch 80: reducing lr to 8.385975089397843e-06
Epoch 86: reducing lr to 4.061302489259146e-06
Epoch 89: reducing lr to 2.4404237172392084e-06
Epoch 92: reducing lr to 1.2165481626432382e-06
Epoch 95: reducing lr to 4.0898067993964777e-07
Epoch 98: reducing lr to 3.0454941392268464e-08
[I 2024-06-22 17:37:12,508] Trial 610 finished with value: 1.8689337968826294 and parameters: {'hidden_size': 186, 'n_layers': 2, 'rnn_dropout': 0.06069368558056692, 'bidirectional': True, 'fc_dropout': 0.30917433420453283, 'learning_rate_model': 0.0005522784786416134}. Best is trial 346 with value: 1.8583240509033203.
Epoch 45: reducing lr to 3.594063171891021e-05
Epoch 53: reducing lr to 2.9631453098318584e-05
Epoch 57: reducing lr to 2.6105780860608705e-05
Epoch 68: reducing lr to 1.6110323811899074e-05
Epoch 72: reducing lr to 1.2668983046636606e-05
Epoch 75: reducing lr to 1.0252651538682055e-05
Epoch 80: reducing lr to 6.651211787383901e-06
Epoch 86: reducing lr to 3.2211618447141947e-06
Epoch 97: reducing lr to 8.601525127617938e-08
[I 2024-06-22 17:38:08,787] Trial 611 finished with value: 1.8628876209259033 and parameters: {'hidden_size': 181, 'n_layers': 2, 'rnn_dropout': 0.024492335245784473, 'bidirectional': True, 'fc_dropout': 0.2891796045724029, 'learning_rate_model': 0.00043803148565318604}. Best is trial 346 with value: 1.8583240509033203.
Epoch 57: reducing lr to 2.216206389876684e-05
Epoch 72: reducing lr to 1.075512022839402e-05
Epoch 75: reducing lr to 8.70381620627623e-06
Epoch 80: reducing lr to 5.646434459221771e-06
Epoch 86: reducing lr to 2.7345512096342993e-06
Epoch 89: reducing lr to 1.6431831033629896e-06
Epoch 92: reducing lr to 8.191247164013327e-07
Epoch 97: reducing lr to 7.302120190273361e-08
[I 2024-06-22 17:39:05,862] Trial 612 finished with value: 1.8673808574676514 and parameters: {'hidden_size': 182, 'n_layers': 2, 'rnn_dropout': 0.06085917550769781, 'bidirectional': True, 'fc_dropout': 0.2883495785840139, 'learning_rate_model': 0.00037185946769995704}. Best is trial 346 with value: 1.8583240509033203.
Epoch 45: reducing lr to 3.598880649783155e-05
Epoch 53: reducing lr to 2.967117106191182e-05
Epoch 57: reducing lr to 2.6140773017434576e-05
Epoch 68: reducing lr to 1.6131918070287725e-05
Epoch 72: reducing lr to 1.2685964536060696e-05
Epoch 80: reducing lr to 6.660127063551612e-06
Epoch 86: reducing lr to 3.2254794861221826e-06
Epoch 89: reducing lr to 1.93818033948931e-06
Epoch 92: reducing lr to 9.661804686705725e-07
Epoch 95: reducing lr to 3.2481175604485926e-07
Epoch 98: reducing lr to 2.418726233064045e-08
[I 2024-06-22 17:40:06,447] Trial 613 finished with value: 1.8669902086257935 and parameters: {'hidden_size': 190, 'n_layers': 2, 'rnn_dropout': 0.041609276164522556, 'bidirectional': True, 'fc_dropout': 0.32635109400201046, 'learning_rate_model': 0.0004386186225223142}. Best is trial 346 with value: 1.8583240509033203.
Epoch 46: reducing lr to 2.3372102724117718e-05
Epoch 57: reducing lr to 1.732172267492726e-05
Epoch 63: reducing lr to 1.3687330300024876e-05
Epoch 67: reducing lr to 1.1279776801574235e-05
Epoch 72: reducing lr to 8.406130890278126e-06
Epoch 80: reducing lr to 4.413215856228738e-06
Epoch 87: reducing lr to 1.8305222409398767e-06
Epoch 90: reducing lr to 1.0458230344448568e-06
Epoch 98: reducing lr to 1.6027263236538526e-08
[I 2024-06-22 17:41:03,534] Trial 614 finished with value: 1.86956787109375 and parameters: {'hidden_size': 185, 'n_layers': 2, 'rnn_dropout': 0.029502797277025723, 'bidirectional': True, 'fc_dropout': 0.3015526032738559, 'learning_rate_model': 0.0002906429023473367}. Best is trial 346 with value: 1.8583240509033203.
Epoch 45: reducing lr to 3.7412591082801716e-05
Epoch 53: reducing lr to 3.084501815735546e-05
Epoch 57: reducing lr to 2.7174950954501475e-05
Epoch 65: reducing lr to 1.9573346695671365e-05
Epoch 68: reducing lr to 1.677012696103994e-05
Epoch 72: reducing lr to 1.3187845051409542e-05
Epoch 75: reducing lr to 1.0672551960998211e-05
Epoch 80: reducing lr to 6.923614163286328e-06
Epoch 86: reducing lr to 3.3530854952782547e-06
Epoch 92: reducing lr to 1.0044043774760903e-06
Epoch 97: reducing lr to 8.953803171987923e-08
[I 2024-06-22 17:41:59,925] Trial 615 finished with value: 1.862593173980713 and parameters: {'hidden_size': 181, 'n_layers': 2, 'rnn_dropout': 0.07858422816631672, 'bidirectional': True, 'fc_dropout': 0.315463181180845, 'learning_rate_model': 0.0004559711966752177}. Best is trial 346 with value: 1.8583240509033203.
Epoch 39: reducing lr to 4.267973493379137e-05
Epoch 45: reducing lr to 3.865759451415517e-05
Epoch 57: reducing lr to 2.807926969335431e-05
Epoch 68: reducing lr to 1.7328197519813016e-05
Epoch 72: reducing lr to 1.3626705655980451e-05
Epoch 75: reducing lr to 1.1027709500964717e-05
Epoch 80: reducing lr to 7.154015831312507e-06
Epoch 86: reducing lr to 3.4646683294637715e-06
Epoch 89: reducing lr to 2.0819081528530285e-06
Epoch 92: reducing lr to 1.037828603391277e-06
Epoch 98: reducing lr to 2.598089435507751e-08
[I 2024-06-22 17:42:54,592] Trial 616 finished with value: 1.8680071830749512 and parameters: {'hidden_size': 180, 'n_layers': 2, 'rnn_dropout': 0.09354811466821081, 'bidirectional': True, 'fc_dropout': 0.2867549632938991, 'learning_rate_model': 0.00047114485046472886}. Best is trial 346 with value: 1.8583240509033203.
Epoch 30: reducing lr to 5.35023155008183e-05
Epoch 45: reducing lr to 4.457344044662952e-05
Epoch 53: reducing lr to 3.674882011965503e-05
Epoch 57: reducing lr to 3.237629426226419e-05
Epoch 65: reducing lr to 2.3319726809346802e-05
Epoch 68: reducing lr to 1.997996486599804e-05
Epoch 72: reducing lr to 1.5712026593330522e-05
Epoch 75: reducing lr to 1.2715301065201922e-05
Epoch 80: reducing lr to 8.248808613647423e-06
Epoch 86: reducing lr to 3.99487317800202e-06
Epoch 89: reducing lr to 2.4005065558998237e-06
Epoch 92: reducing lr to 1.1966495077734531e-06
Epoch 97: reducing lr to 1.0667580108902549e-07
[I 2024-06-22 17:43:47,572] Trial 617 finished with value: 1.8629558086395264 and parameters: {'hidden_size': 174, 'n_layers': 2, 'rnn_dropout': 0.07965092515658183, 'bidirectional': True, 'fc_dropout': 0.30351275725208526, 'learning_rate_model': 0.0005432450517901739}. Best is trial 346 with value: 1.8583240509033203.
Epoch 30: reducing lr to 5.580195461003973e-05
Epoch 45: reducing lr to 4.64892982169732e-05
Epoch 53: reducing lr to 3.832835968114578e-05
Epoch 57: reducing lr to 3.3767893706142935e-05
Epoch 65: reducing lr to 2.4322056433497614e-05
Epoch 68: reducing lr to 2.0838744680976635e-05
Epoch 71: reducing lr to 1.7473585174188586e-05
Epoch 74: reducing lr to 1.4279633278470126e-05
Epoch 80: reducing lr to 8.60335930392804e-06
Epoch 86: reducing lr to 4.1665810099064736e-06
Epoch 89: reducing lr to 2.5036852446391127e-06
Epoch 92: reducing lr to 1.2480839547192985e-06
Epoch 97: reducing lr to 1.1126094552428361e-07
[I 2024-06-22 17:44:40,546] Trial 618 finished with value: 1.8630399703979492 and parameters: {'hidden_size': 174, 'n_layers': 2, 'rnn_dropout': 0.10207726953460416, 'bidirectional': True, 'fc_dropout': 0.34054507019798136, 'learning_rate_model': 0.0005665948368470205}. Best is trial 346 with value: 1.8583240509033203.
Epoch 30: reducing lr to 8.149367381045267e-05
Epoch 41: reducing lr to 7.281775147859309e-05
Epoch 45: reducing lr to 6.789338708736273e-05
Epoch 53: reducing lr to 5.597507942818592e-05
Epoch 60: reducing lr to 4.416338113672627e-05
Epoch 65: reducing lr to 3.5520148841421825e-05
Epoch 68: reducing lr to 3.0433089190486443e-05
Epoch 72: reducing lr to 2.393224962531672e-05
Epoch 75: reducing lr to 1.936769628958243e-05
Epoch 79: reducing lr to 1.383315316549398e-05
Epoch 85: reducing lr to 7.020245203259213e-06
Epoch 96: reducing lr to 3.516411988258353e-07
Epoch 99: reducing lr to 1.27555451949566e-09
[I 2024-06-22 17:45:33,660] Trial 619 finished with value: 1.8647698163986206 and parameters: {'hidden_size': 174, 'n_layers': 2, 'rnn_dropout': 0.10897841953678716, 'bidirectional': True, 'fc_dropout': 0.3424741731850717, 'learning_rate_model': 0.00082746016943984}. Best is trial 346 with value: 1.8583240509033203.
Epoch 30: reducing lr to 6.556264352814872e-05
Epoch 41: reducing lr to 5.858275936628564e-05
Epoch 45: reducing lr to 5.462104881761316e-05
Epoch 48: reducing lr to 5.1250883632518026e-05
Epoch 53: reducing lr to 4.503262655142752e-05
Epoch 57: reducing lr to 3.9674459312827464e-05
Epoch 65: reducing lr to 2.8576388174295616e-05
Epoch 68: reducing lr to 2.4483787326818225e-05
Epoch 71: reducing lr to 2.0530005515755806e-05
Epoch 74: reducing lr to 1.6777378371269204e-05
Epoch 80: reducing lr to 1.0108229776713446e-05
Epoch 86: reducing lr to 4.895385249363712e-06
Epoch 97: reducing lr to 1.3072233331233497e-07
[I 2024-06-22 17:46:28,021] Trial 620 finished with value: 1.8655891418457031 and parameters: {'hidden_size': 175, 'n_layers': 2, 'rnn_dropout': 0.09693476166706687, 'bidirectional': True, 'fc_dropout': 0.3364098894009891, 'learning_rate_model': 0.0006657016868439107}. Best is trial 346 with value: 1.8583240509033203.
Epoch 30: reducing lr to 5.594089925612941e-05
Epoch 45: reducing lr to 4.660505471928311e-05
Epoch 53: reducing lr to 3.842379577130267e-05
Epoch 57: reducing lr to 3.385197441752629e-05
Epoch 65: reducing lr to 2.4382617386011585e-05
Epoch 68: reducing lr to 2.0890632325860866e-05
Epoch 72: reducing lr to 1.6428165557688536e-05
Epoch 75: reducing lr to 1.3294852180536684e-05
Epoch 80: reducing lr to 8.624781326185512e-06
Epoch 86: reducing lr to 4.1769556307933406e-06
Epoch 89: reducing lr to 2.5099193212528656e-06
Epoch 92: reducing lr to 1.2511916340934435e-06
Epoch 98: reducing lr to 3.132220248807348e-08
[I 2024-06-22 17:47:17,694] Trial 621 finished with value: 1.8688675165176392 and parameters: {'hidden_size': 170, 'n_layers': 2, 'rnn_dropout': 0.07884359868418478, 'bidirectional': True, 'fc_dropout': 0.3574459467835427, 'learning_rate_model': 0.0005680056354405842}. Best is trial 346 with value: 1.8583240509033203.
Epoch 23: reducing lr to 0.00010315736849103834
Epoch 35: reducing lr to 9.834400533048548e-05
Epoch 43: reducing lr to 8.824992250737064e-05
Epoch 46: reducing lr to 8.334351333973203e-05
Epoch 50: reducing lr to 7.604285988442971e-05
Epoch 56: reducing lr to 6.388914860719636e-05
Epoch 60: reducing lr to 5.531576935566931e-05
Epoch 63: reducing lr to 4.8808197059150326e-05
Epoch 66: reducing lr to 4.2348152378736706e-05
Epoch 72: reducing lr to 2.9975757434374173e-05
Epoch 75: reducing lr to 2.425853712577881e-05
Epoch 78: reducing lr to 1.8976005615921268e-05
Epoch 81: reducing lr to 1.421145594914324e-05
Epoch 85: reducing lr to 8.793037455205067e-06
Epoch 96: reducing lr to 4.404396345918712e-07
Epoch 99: reducing lr to 1.5976648024950552e-09
[I 2024-06-22 17:48:10,933] Trial 622 finished with value: 1.8680574893951416 and parameters: {'hidden_size': 177, 'n_layers': 2, 'rnn_dropout': 0.08169234931542677, 'bidirectional': True, 'fc_dropout': 0.313259466695248, 'learning_rate_model': 0.0010364151182635237}. Best is trial 346 with value: 1.8583240509033203.
Epoch 30: reducing lr to 7.038385906238584e-05
Epoch 41: reducing lr to 6.289070203449043e-05
Epoch 45: reducing lr to 5.863766307970797e-05
Epoch 48: reducing lr to 5.501966937719882e-05
Epoch 53: reducing lr to 4.834414645046921e-05
Epoch 65: reducing lr to 3.0677781882118774e-05
Epoch 68: reducing lr to 2.628422747756251e-05
Epoch 71: reducing lr to 2.2039700308157513e-05
Epoch 74: reducing lr to 1.801111991789567e-05
Epoch 80: reducing lr to 1.0851548712628614e-05
Epoch 86: reducing lr to 5.255372372216303e-06
Epoch 96: reducing lr to 3.037028939970542e-07
Epoch 99: reducing lr to 1.101661580948758e-09
[I 2024-06-22 17:49:01,898] Trial 623 finished with value: 1.8665096759796143 and parameters: {'hidden_size': 172, 'n_layers': 2, 'rnn_dropout': 0.07324925974816404, 'bidirectional': True, 'fc_dropout': 0.30728691813594433, 'learning_rate_model': 0.0007146547360357382}. Best is trial 346 with value: 1.8583240509033203.
Epoch 30: reducing lr to 5.600275293785531e-05
Epoch 45: reducing lr to 4.665658578617258e-05
Epoch 53: reducing lr to 3.846628084512062e-05
Epoch 57: reducing lr to 3.3889404442414306e-05
Epoch 65: reducing lr to 2.4409577171704937e-05
Epoch 68: reducing lr to 2.0913731034321376e-05
Epoch 72: reducing lr to 1.6446330130250968e-05
Epoch 75: reducing lr to 1.3309552258052466e-05
Epoch 80: reducing lr to 8.634317720598167e-06
Epoch 86: reducing lr to 4.1815740778974354e-06
Epoch 89: reducing lr to 2.5126945313928254e-06
Epoch 92: reducing lr to 1.2525750728679736e-06
Epoch 98: reducing lr to 3.1356835351848637e-08
[I 2024-06-22 17:49:56,559] Trial 624 finished with value: 1.8685548305511475 and parameters: {'hidden_size': 180, 'n_layers': 2, 'rnn_dropout': 0.06535294541218269, 'bidirectional': True, 'fc_dropout': 0.3260845203464386, 'learning_rate_model': 0.0005686336775396609}. Best is trial 346 with value: 1.8583240509033203.
Epoch 41: reducing lr to 7.048021097210051e-05
Epoch 45: reducing lr to 6.571392481041579e-05
Epoch 53: reducing lr to 5.417820966963549e-05
Epoch 65: reducing lr to 3.4379907828378766e-05
Epoch 68: reducing lr to 2.945614912743909e-05
Epoch 72: reducing lr to 2.3163994608171402e-05
Epoch 75: reducing lr to 1.874596911900845e-05
Epoch 78: reducing lr to 1.4663852706112861e-05
Epoch 81: reducing lr to 1.098201070317983e-05
Epoch 85: reducing lr to 6.794886589529532e-06
Epoch 96: reducing lr to 3.403530784250341e-07
Epoch 99: reducing lr to 1.2346076309075262e-09
[I 2024-06-22 17:50:50,004] Trial 625 finished with value: 1.8650610446929932 and parameters: {'hidden_size': 177, 'n_layers': 2, 'rnn_dropout': 0.07895646524559607, 'bidirectional': True, 'fc_dropout': 0.30216282918475657, 'learning_rate_model': 0.0008008976675182658}. Best is trial 346 with value: 1.8583240509033203.
Epoch 39: reducing lr to 3.731501168638656e-05
Epoch 45: reducing lr to 3.3798443062053724e-05
Epoch 57: reducing lr to 2.4549784069140155e-05
Epoch 68: reducing lr to 1.515009158231428e-05
Epoch 72: reducing lr to 1.1913866887614487e-05
Epoch 75: reducing lr to 9.641557276326312e-06
Epoch 80: reducing lr to 6.254776060913702e-06
Epoch 86: reducing lr to 3.0291692158808185e-06
Epoch 89: reducing lr to 1.820218123992762e-06
Epoch 92: reducing lr to 9.073764521754402e-07
Epoch 98: reducing lr to 2.2715168638854373e-08
[I 2024-06-22 17:51:44,719] Trial 626 finished with value: 1.8683085441589355 and parameters: {'hidden_size': 180, 'n_layers': 2, 'rnn_dropout': 0.10473971694958822, 'bidirectional': True, 'fc_dropout': 0.3137481211317519, 'learning_rate_model': 0.0004119232611998429}. Best is trial 346 with value: 1.8583240509033203.
Epoch 30: reducing lr to 5.48539498357206e-05
Epoch 45: reducing lr to 4.5699503720124034e-05
Epoch 53: reducing lr to 3.767720922909675e-05
Epoch 57: reducing lr to 3.319421981468458e-05
Epoch 65: reducing lr to 2.3908855394549303e-05
Epoch 68: reducing lr to 2.048472071198777e-05
Epoch 71: reducing lr to 1.7176731017638627e-05
Epoch 74: reducing lr to 1.4037040333149175e-05
Epoch 80: reducing lr to 8.457199088711512e-06
Epoch 86: reducing lr to 4.095796057702168e-06
Epoch 89: reducing lr to 2.4611507925415713e-06
Epoch 92: reducing lr to 1.2268805836887844e-06
Epoch 97: reducing lr to 1.0937076249594671e-07
[I 2024-06-22 17:52:37,842] Trial 627 finished with value: 1.8630826473236084 and parameters: {'hidden_size': 174, 'n_layers': 2, 'rnn_dropout': 0.09579328061967515, 'bidirectional': True, 'fc_dropout': 0.33791861106071774, 'learning_rate_model': 0.0005569691057379726}. Best is trial 346 with value: 1.8583240509033203.
Epoch 30: reducing lr to 6.427416726605061e-05
Epoch 41: reducing lr to 5.743145596011263e-05
Epoch 45: reducing lr to 5.35476033153405e-05
Epoch 48: reducing lr to 5.024367063105172e-05
Epoch 53: reducing lr to 4.414761845521597e-05
Epoch 57: reducing lr to 3.88947531221488e-05
Epoch 65: reducing lr to 2.8014787911742557e-05
Epoch 68: reducing lr to 2.4002617302560127e-05
Epoch 71: reducing lr to 2.012653757510699e-05
Epoch 74: reducing lr to 1.6447659302477583e-05
Epoch 80: reducing lr to 9.909576802729302e-06
Epoch 86: reducing lr to 4.799178212121192e-06
Epoch 89: reducing lr to 2.8838108865549384e-06
Epoch 92: reducing lr to 1.437576110519781e-06
Epoch 97: reducing lr to 1.2815329987599316e-07
[I 2024-06-22 17:53:28,879] Trial 628 finished with value: 1.8669724464416504 and parameters: {'hidden_size': 172, 'n_layers': 2, 'rnn_dropout': 0.10435438113479084, 'bidirectional': True, 'fc_dropout': 0.3462981329314978, 'learning_rate_model': 0.0006526189193565261}. Best is trial 346 with value: 1.8583240509033203.
Epoch 45: reducing lr to 4.6664759794307764e-05
Epoch 53: reducing lr to 3.847301995144955e-05
Epoch 57: reducing lr to 3.389534170213748e-05
Epoch 65: reducing lr to 2.4413853611547588e-05
Epoch 68: reducing lr to 2.0917395018831416e-05
Epoch 72: reducing lr to 1.6449211447733025e-05
Epoch 75: reducing lr to 1.3311884027225026e-05
Epoch 80: reducing lr to 8.635830411295545e-06
Epoch 86: reducing lr to 4.182306669448129e-06
Epoch 89: reducing lr to 2.513134743319936e-06
Epoch 92: reducing lr to 1.2527945179615914e-06
Epoch 98: reducing lr to 3.136232891772645e-08
