[I 2024-06-22 09:52:22,713] Trial 18 finished with value: 2.56270432472229 and parameters: {'hidden_size': 118, 'n_layers': 6, 'rnn_dropout': 0.09933865209592892, 'bidirectional': False, 'fc_dropout': 0.7756765986557397, 'learning_rate_model': 0.0017543687266950109}. Best is trial 13 with value: 1.8697621822357178.
Epoch 13: reducing lr to 0.0005875660937391622
Epoch 19: reducing lr to 0.0008806911085869152
Epoch 23: reducing lr to 0.0009692885586343039
Epoch 26: reducing lr to 0.0009723143710228558
Epoch 31: reducing lr to 0.0009537058856705771
Epoch 37: reducing lr to 0.0009045819665843155
Epoch 47: reducing lr to 0.000766669967834726
Epoch 58: reducing lr to 0.0005602946939421341
Epoch 68: reducing lr to 0.00035816695271872416
Epoch 71: reducing lr to 0.000300328107605419
Epoch 74: reducing lr to 0.0002454319017574735
Epoch 78: reducing lr to 0.00017830258178494208
Epoch 81: reducing lr to 0.00013353386049428582
Epoch 84: reducing lr to 9.433836806809048e-05
Epoch 87: reducing lr to 6.133408054453619e-05
Epoch 90: reducing lr to 3.5041690723756205e-05
Epoch 93: reducing lr to 1.5875713554613403e-05
Epoch 96: reducing lr to 4.138464414357897e-06
Epoch 99: reducing lr to 1.5011998039798913e-08
[I 2024-06-22 09:52:40,114] Trial 19 finished with value: 2.4595658779144287 and parameters: {'hidden_size': 19, 'n_layers': 6, 'rnn_dropout': 0.18637941907281635, 'bidirectional': True, 'fc_dropout': 0.6908334836475429, 'learning_rate_model': 0.009738376723091037}. Best is trial 13 with value: 1.8697621822357178.
[I 2024-06-22 09:52:52,096] Trial 20 finished with value: 2.1529083251953125 and parameters: {'hidden_size': 118, 'n_layers': 1, 'rnn_dropout': 0.04793415160976933, 'bidirectional': True, 'fc_dropout': 0.08599530328487433, 'learning_rate_model': 7.995347689531267e-05}. Best is trial 13 with value: 1.8697621822357178.
[I 2024-06-22 09:53:28,483] Trial 21 finished with value: 3.378385543823242 and parameters: {'hidden_size': 147, 'n_layers': 4, 'rnn_dropout': 0.010044784127292684, 'bidirectional': False, 'fc_dropout': 0.4544803695359537, 'learning_rate_model': 6.503886274016054e-05}. Best is trial 13 with value: 1.8697621822357178.
[I 2024-06-22 09:53:48,324] Trial 22 finished with value: 3.6776247024536133 and parameters: {'hidden_size': 62, 'n_layers': 6, 'rnn_dropout': 0.15634358488745503, 'bidirectional': False, 'fc_dropout': 0.6774630411920283, 'learning_rate_model': 9.107329229641331e-05}. Best is trial 13 with value: 1.8697621822357178.
Epoch 12: reducing lr to 4.7922377543657334e-05
Epoch 35: reducing lr to 8.367478332996436e-05
Epoch 52: reducing lr to 6.136627971297614e-05
Epoch 57: reducing lr to 5.255472926704894e-05
Epoch 60: reducing lr to 4.7064739736923445e-05
Epoch 63: reducing lr to 4.1527852154549274e-05
Epoch 66: reducing lr to 3.603140285782803e-05
Epoch 69: reducing lr to 3.0662050005489765e-05
Epoch 72: reducing lr to 2.550450329986011e-05
Epoch 75: reducing lr to 2.0640076953142113e-05
Epoch 78: reducing lr to 1.6145500206591593e-05
Epoch 81: reducing lr to 1.2091641919116278e-05
Epoch 84: reducing lr to 8.542445801317618e-06
Epoch 87: reducing lr to 5.5538702815718e-06
Epoch 90: reducing lr to 3.1730646811503766e-06
Epoch 93: reducing lr to 1.437563796944665e-06
Epoch 96: reducing lr to 3.747426278862269e-07
Epoch 99: reducing lr to 1.3593533813556837e-09
[I 2024-06-22 09:54:58,424] Trial 23 finished with value: 1.9106500148773193 and parameters: {'hidden_size': 107, 'n_layers': 5, 'rnn_dropout': 0.663184719640143, 'bidirectional': True, 'fc_dropout': 0.056017714975377865, 'learning_rate_model': 0.0008818210135856344}. Best is trial 13 with value: 1.8697621822357178.
Epoch 30: reducing lr to 0.0001574597926944094
Epoch 35: reducing lr to 0.0001517074921548476
Epoch 41: reducing lr to 0.00014069641870559084
Epoch 47: reducing lr to 0.00012586783346091993
Epoch 50: reducing lr to 0.0001173052849594808
Epoch 53: reducing lr to 0.00010815347978194552
Epoch 56: reducing lr to 9.855671912624027e-05
Epoch 63: reducing lr to 7.529253204158418e-05
Epoch 66: reducing lr to 6.532713380118921e-05
Epoch 72: reducing lr to 4.624122203004525e-05
Epoch 75: reducing lr to 3.742171999533508e-05
Epoch 78: reducing lr to 2.9272777872260637e-05
Epoch 81: reducing lr to 2.1922885229947807e-05
Epoch 84: reducing lr to 1.548797592072779e-05
Epoch 87: reducing lr to 1.0069505992600148e-05
Epoch 90: reducing lr to 5.7529600444159196e-06
Epoch 93: reducing lr to 2.606390955170565e-06
Epoch 96: reducing lr to 6.794312697046279e-07
Epoch 99: reducing lr to 2.464590695438508e-09
[I 2024-06-22 09:56:07,656] Trial 24 finished with value: 1.872422456741333 and parameters: {'hidden_size': 128, 'n_layers': 4, 'rnn_dropout': 0.2538899274577286, 'bidirectional': True, 'fc_dropout': 0.3041129380988403, 'learning_rate_model': 0.0015987953500037988}. Best is trial 13 with value: 1.8697621822357178.
[I 2024-06-22 09:56:55,584] Trial 25 finished with value: 3.07677960395813 and parameters: {'hidden_size': 153, 'n_layers': 5, 'rnn_dropout': 0.2119356461302475, 'bidirectional': False, 'fc_dropout': 0.5037740056172516, 'learning_rate_model': 6.929406508731719e-05}. Best is trial 13 with value: 1.8697621822357178.
Epoch 35: reducing lr to 0.00011909551018517693
Epoch 38: reducing lr to 0.0001151869108808319
Epoch 41: reducing lr to 0.00011045144527118325
Epoch 44: reducing lr to 0.00010496379450217537
Epoch 47: reducing lr to 9.881050453744613e-05
Epoch 50: reducing lr to 9.208861448587672e-05
Epoch 53: reducing lr to 8.490413802230555e-05
Epoch 57: reducing lr to 7.480189425792816e-05
Epoch 62: reducing lr to 6.173383324695684e-05
Epoch 68: reducing lr to 4.6161528156279705e-05
Epoch 71: reducing lr to 3.870710094863811e-05
Epoch 74: reducing lr to 3.163192906946997e-05
Epoch 77: reducing lr to 2.504761305116062e-05
Epoch 80: reducing lr to 1.9057972004878574e-05
Epoch 83: reducing lr to 1.3757483795045806e-05
Epoch 86: reducing lr to 9.22971846666937e-06
Epoch 89: reducing lr to 5.546108399724094e-06
Epoch 92: reducing lr to 2.764728082194426e-06
Epoch 95: reducing lr to 9.294497378939653e-07
Epoch 98: reducing lr to 6.92119180270307e-08
[I 2024-06-22 09:57:11,574] Trial 26 finished with value: 1.885901689529419 and parameters: {'hidden_size': 155, 'n_layers': 1, 'rnn_dropout': 0.20825207886283278, 'bidirectional': True, 'fc_dropout': 0.5115687047039521, 'learning_rate_model': 0.001255108400948586}. Best is trial 13 with value: 1.8697621822357178.
Epoch 21: reducing lr to 0.005150710445522589
Epoch 31: reducing lr to 0.0052337885008497936
Epoch 37: reducing lr to 0.004964204128253021
Epoch 40: reducing lr to 0.004773976555807207
Epoch 49: reducing lr to 0.004018970752355568
Epoch 55: reducing lr to 0.003402714052731871
Epoch 58: reducing lr to 0.0030748095092016747
Epoch 61: reducing lr to 0.002740554220225543
Epoch 64: reducing lr to 0.0024052213225419844
Epoch 67: reducing lr to 0.002074096989855731
Epoch 70: reducing lr to 0.0017524054619019584
Epoch 73: reducing lr to 0.0014452190008648947
Epoch 76: reducing lr to 0.0011573816993152616
Epoch 79: reducing lr to 0.000893433771489819
Epoch 82: reducing lr to 0.0006575370527539092
Epoch 85: reducing lr to 0.00045341247029467293
Epoch 88: reducing lr to 0.00028427836206451824
Epoch 91: reducing lr to 0.0001528030756940267
Epoch 94: reducing lr to 6.105938706636102e-05
Epoch 97: reducing lr to 1.0494419257638804e-05
[I 2024-06-22 09:57:37,037] Trial 27 finished with value: 2.105393886566162 and parameters: {'hidden_size': 187, 'n_layers': 2, 'rnn_dropout': 0.05276887254721903, 'bidirectional': False, 'fc_dropout': 0.7262526820028192, 'learning_rate_model': 0.05344268592242116}. Best is trial 13 with value: 1.8697621822357178.
Epoch 49: reducing lr to 0.003456622622569963
Epoch 54: reducing lr to 0.0030186167197184905
Epoch 57: reducing lr to 0.0027394082446569957
Epoch 60: reducing lr to 0.0024532432735563684
Epoch 63: reducing lr to 0.0021646337477452494
Epoch 66: reducing lr to 0.0018781320621734832
Epoch 69: reducing lr to 0.0015982552617921665
Epoch 72: reducing lr to 0.001329418828522519
Epoch 75: reducing lr to 0.0010758612548165693
Epoch 78: reducing lr to 0.0008415820421280196
Epoch 81: reducing lr to 0.0006302752202632982
Epoch 84: reducing lr to 0.0004452738465981834
Epoch 87: reducing lr to 0.00028949474673885185
Epoch 90: reducing lr to 0.00016539557276005687
Epoch 93: reducing lr to 7.493282093719716e-05
Epoch 96: reducing lr to 1.9533409433803577e-05
Epoch 99: reducing lr to 7.085611346963061e-08
[I 2024-06-22 09:57:41,325] Trial 28 finished with value: 2.020477533340454 and parameters: {'hidden_size': 18, 'n_layers': 2, 'rnn_dropout': 0.4934226856013261, 'bidirectional': False, 'fc_dropout': 0.44532255055612513, 'learning_rate_model': 0.04596480257092418}. Best is trial 13 with value: 1.8697621822357178.
Epoch 6: reducing lr to 0.0009882737498718573
Epoch 20: reducing lr to 0.0044344425323271305
Epoch 24: reducing lr to 0.004730569444692093
Epoch 27: reducing lr to 0.004713493500562928
Epoch 30: reducing lr to 0.004659191289742971
Epoch 33: reducing lr to 0.004568714925399721
Epoch 36: reducing lr to 0.004443491270441423
Epoch 39: reducing lr to 0.004285495144289374
Epoch 42: reducing lr to 0.004097218261192666
Epoch 45: reducing lr to 0.0038816298610410043
Epoch 48: reducing lr to 0.0036421299960203296
Epoch 51: reducing lr to 0.003382495645074353
Epoch 55: reducing lr to 0.003012110641460636
Epoch 58: reducing lr to 0.0027218468256816892
Epoch 61: reducing lr to 0.00242596127747314
Epoch 64: reducing lr to 0.0021291218211181304
Epoch 67: reducing lr to 0.0018360078213302063
Epoch 70: reducing lr to 0.001551243818360474
Epoch 73: reducing lr to 0.0012793198206741234
Epoch 78: reducing lr to 0.0008661733218061074
Epoch 81: reducing lr to 0.0006486920512314018
Epoch 84: reducing lr to 0.0004582848819422197
Epoch 87: reducing lr to 0.0002979538700637642
Epoch 90: reducing lr to 0.00017022848100151018
Epoch 93: reducing lr to 7.712238043881756e-05
Epoch 96: reducing lr to 2.0104181515915447e-05
Epoch 99: reducing lr to 7.292655035545659e-08
[I 2024-06-22 09:58:38,675] Trial 29 finished with value: 1.8938544988632202 and parameters: {'hidden_size': 134, 'n_layers': 3, 'rnn_dropout': 0.3887925336775278, 'bidirectional': True, 'fc_dropout': 0.740945141365163, 'learning_rate_model': 0.047307907887800385}. Best is trial 13 with value: 1.8697621822357178.
[I 2024-06-22 09:59:10,197] Trial 30 finished with value: 9.076017379760742 and parameters: {'hidden_size': 89, 'n_layers': 7, 'rnn_dropout': 0.13916453334437148, 'bidirectional': False, 'fc_dropout': 0.40452973254151736, 'learning_rate_model': 1.2192681272217677e-05}. Best is trial 13 with value: 1.8697621822357178.
Epoch 7: reducing lr to 0.0004448181090263408
Epoch 12: reducing lr to 0.0009399844756701832
Epoch 15: reducing lr to 0.0012424035202654431
Epoch 26: reducing lr to 0.00172696248056184
Epoch 32: reducing lr to 0.001682878204833128
Epoch 36: reducing lr to 0.001624625842918241
Epoch 42: reducing lr to 0.0014980217729895268
Epoch 47: reducing lr to 0.0013617100691737088
Epoch 50: reducing lr to 0.001269075531884894
Epoch 54: reducing lr to 0.0011359137134777915
Epoch 58: reducing lr to 0.0009951595320740144
Epoch 61: reducing lr to 0.0008869780866949426
Epoch 64: reducing lr to 0.0007784478741568538
Epoch 67: reducing lr to 0.0006712797601685739
Epoch 70: reducing lr to 0.0005671645655613578
Epoch 76: reducing lr to 0.0003745856212798835
Epoch 79: reducing lr to 0.00028915909467372924
Epoch 83: reducing lr to 0.0001895922331123052
Epoch 86: reducing lr to 0.0001271949842836722
Epoch 89: reducing lr to 7.643106052323753e-05
Epoch 92: reducing lr to 3.810078782286487e-05
Epoch 95: reducing lr to 1.2808770411665976e-05
Epoch 98: reducing lr to 9.53811197760765e-07
[I 2024-06-22 10:00:33,672] Trial 31 finished with value: 2.4619367122650146 and parameters: {'hidden_size': 191, 'n_layers': 6, 'rnn_dropout': 0.012015184593697903, 'bidirectional': False, 'fc_dropout': 0.10479747584873352, 'learning_rate_model': 0.017296680706943544}. Best is trial 13 with value: 1.8697621822357178.
Epoch 16: reducing lr to 5.3316842665558035e-05
Epoch 32: reducing lr to 6.723741072031034e-05
Epoch 38: reducing lr to 6.342244173591978e-05
Epoch 49: reducing lr to 5.196939154444111e-05
Epoch 63: reducing lr to 3.254468626466524e-05
Epoch 68: reducing lr to 2.5416749242989383e-05
Epoch 80: reducing lr to 1.0493406844938147e-05
Epoch 83: reducing lr to 7.57493371210243e-06
Epoch 86: reducing lr to 5.081925343903735e-06
Epoch 89: reducing lr to 3.0537127365669303e-06
Epoch 92: reducing lr to 1.5222719696862393e-06
Epoch 95: reducing lr to 5.117592910276878e-07
Epoch 98: reducing lr to 3.8108399686494645e-08
[I 2024-06-22 10:01:42,116] Trial 32 finished with value: 2.4705891609191895 and parameters: {'hidden_size': 79, 'n_layers': 7, 'rnn_dropout': 0.46561134395766407, 'bidirectional': True, 'fc_dropout': 0.7243138549669195, 'learning_rate_model': 0.0006910684453876749}. Best is trial 13 with value: 1.8697621822357178.
Epoch 36: reducing lr to 0.00022218576011006266
Epoch 39: reducing lr to 0.000214285555688135
Epoch 42: reducing lr to 0.0002048712371183497
Epoch 47: reducing lr to 0.0001862290865848995
Epoch 81: reducing lr to 3.243623711809084e-05
Epoch 84: reducing lr to 2.291539887084486e-05
Epoch 87: reducing lr to 1.4898444279215537e-05
Epoch 92: reducing lr to 5.210709001162621e-06
Epoch 95: reducing lr to 1.7517426565610406e-06
Epoch 98: reducing lr to 1.3044435240258148e-07
[I 2024-06-22 10:02:22,392] Trial 33 finished with value: 2.0758399963378906 and parameters: {'hidden_size': 117, 'n_layers': 6, 'rnn_dropout': 0.22857508138731808, 'bidirectional': False, 'fc_dropout': 0.012426620440668579, 'learning_rate_model': 0.002365514599564762}. Best is trial 13 with value: 1.8697621822357178.
Epoch 8: reducing lr to 0.0004390282253951266
Epoch 14: reducing lr to 0.0009387186811004279
Epoch 17: reducing lr to 0.0011639606943415078
Epoch 26: reducing lr to 0.0014159146299195
Epoch 34: reducing lr to 0.001358166775357492
Epoch 37: reducing lr to 0.0013172805818972894
Epoch 43: reducing lr to 0.0012075288860063404
Epoch 52: reducing lr to 0.0009868844064707869
Epoch 58: reducing lr to 0.0008159186759570048
Epoch 61: reducing lr to 0.0007272220812584147
Epoch 67: reducing lr to 0.000550373759644341
Epoch 70: reducing lr to 0.00046501103236996926
Epoch 77: reducing lr to 0.0002830101713251614
Epoch 83: reducing lr to 0.00015544426680044987
Epoch 86: reducing lr to 0.00010428555404460252
Epoch 89: reducing lr to 6.266485693418605e-05
Epoch 92: reducing lr to 3.1238352597157995e-05
Epoch 95: reducing lr to 1.050174837108099e-05
Epoch 98: reducing lr to 7.82017701190206e-07
[I 2024-06-22 10:03:30,799] Trial 34 finished with value: 2.4606926441192627 and parameters: {'hidden_size': 96, 'n_layers': 6, 'rnn_dropout': 0.2521958424762984, 'bidirectional': True, 'fc_dropout': 0.14720816130197206, 'learning_rate_model': 0.01418132908946585}. Best is trial 13 with value: 1.8697621822357178.
Epoch 18: reducing lr to 0.006985457060388002
Epoch 22: reducing lr to 0.007937467496970102
Epoch 25: reducing lr to 0.00807023289062487
Epoch 28: reducing lr to 0.008019593775319415
Epoch 34: reducing lr to 0.007731660273018576
Epoch 37: reducing lr to 0.00749890670885633
Epoch 40: reducing lr to 0.00721154970612861
Epoch 43: reducing lr to 0.0068741212683546575
Epoch 46: reducing lr to 0.006491942444257698
Epoch 49: reducing lr to 0.006071040988425777
Epoch 59: reducing lr to 0.004477161465695991
Epoch 68: reducing lr to 0.002969173235649201
Epoch 81: reducing lr to 0.0011069842195740366
Epoch 84: reducing lr to 0.0007820569581766287
Epoch 87: reducing lr to 0.0005084542529779551
Epoch 90: reducing lr to 0.0002904926025114968
Epoch 93: reducing lr to 0.0001316083000550014
Epoch 96: reducing lr to 3.430751408672883e-05
Epoch 99: reducing lr to 1.2444817271833886e-07
[I 2024-06-22 10:03:38,019] Trial 35 finished with value: 2.00732421875 and parameters: {'hidden_size': 129, 'n_layers': 1, 'rnn_dropout': 0.3361549440009058, 'bidirectional': False, 'fc_dropout': 0.0003216199130859465, 'learning_rate_model': 0.08073030553318121}. Best is trial 13 with value: 1.8697621822357178.
Epoch 32: reducing lr to 1.3501904881526192e-05
Epoch 35: reducing lr to 1.316798367616257e-05
Epoch 38: reducing lr to 1.2735823204653191e-05
Epoch 41: reducing lr to 1.2212238950721815e-05
Epoch 44: reducing lr to 1.1605488153530383e-05
[I 2024-06-22 10:04:51,306] Trial 36 finished with value: 2.0693464279174805 and parameters: {'hidden_size': 85, 'n_layers': 7, 'rnn_dropout': 0.48377288077924246, 'bidirectional': True, 'fc_dropout': 0.5024609586458804, 'learning_rate_model': 0.00013877304786559896}. Best is trial 13 with value: 1.8697621822357178.
Epoch 18: reducing lr to 1.6899825433982015e-05
Epoch 60: reducing lr to 1.0424115266677422e-05
Epoch 63: reducing lr to 9.197779910316731e-06
Epoch 66: reducing lr to 7.980401011660662e-06
Epoch 69: reducing lr to 6.7911720187225185e-06
Epoch 72: reducing lr to 5.648854826419475e-06
Epoch 75: reducing lr to 4.571459280881807e-06
Epoch 78: reducing lr to 3.5759797277628933e-06
Epoch 81: reducing lr to 2.678112528249499e-06
Epoch 84: reducing lr to 1.8920202297946531e-06
Epoch 87: reducing lr to 1.2300967627758762e-06
Epoch 90: reducing lr to 7.027849759675872e-07
Epoch 93: reducing lr to 3.1839824901437393e-07
Epoch 96: reducing lr to 8.299972272786339e-08
Epoch 99: reducing lr to 3.010758460494619e-10
[I 2024-06-22 10:06:36,411] Trial 37 finished with value: 1.9476675987243652 and parameters: {'hidden_size': 124, 'n_layers': 6, 'rnn_dropout': 0.6866510691432339, 'bidirectional': True, 'fc_dropout': 0.6915835440436799, 'learning_rate_model': 0.00019530977843660444}. Best is trial 13 with value: 1.8697621822357178.
Epoch 31: reducing lr to 0.00030102693974664517
Epoch 35: reducing lr to 0.0002916699078230493
Epoch 47: reducing lr to 0.00024199107678849304
Epoch 50: reducing lr to 0.00022552888565559887
Epoch 53: reducing lr to 0.00020793380096576918
Epoch 56: reducing lr to 0.0001894832534279298
Epoch 59: reducing lr to 0.00017046830101601456
Epoch 62: reducing lr to 0.00015118875115196806
Epoch 65: reducing lr to 0.00013194871065690006
Epoch 68: reducing lr to 0.00011305152176919733
Epoch 71: reducing lr to 9.479531636610679e-05
Epoch 74: reducing lr to 7.746792319552821e-05
Epoch 77: reducing lr to 6.134265664977782e-05
Epoch 80: reducing lr to 4.6673774093702446e-05
Epoch 83: reducing lr to 3.369265578642717e-05
Epoch 86: reducing lr to 2.260396827907631e-05
Epoch 89: reducing lr to 1.3582652471188626e-05
Epoch 92: reducing lr to 6.770935223633732e-06
Epoch 95: reducing lr to 2.276261455668414e-06
Epoch 98: reducing lr to 1.6950289494378072e-07
[I 2024-06-22 10:07:59,011] Trial 38 finished with value: 1.8786978721618652 and parameters: {'hidden_size': 140, 'n_layers': 4, 'rnn_dropout': 0.3056822016252138, 'bidirectional': True, 'fc_dropout': 0.2539071567666215, 'learning_rate_model': 0.003073813202894127}. Best is trial 13 with value: 1.8697621822357178.
Epoch 14: reducing lr to 0.0010265349524179027
Epoch 17: reducing lr to 0.001272848149332121
Epoch 20: reducing lr to 0.0014536521815160098
Epoch 23: reducing lr to 0.0015435536579643896
Epoch 31: reducing lr to 0.0015187388681479155
Epoch 34: reducing lr to 0.0014852220310378824
Epoch 39: reducing lr to 0.0014048258196962815
Epoch 42: reducing lr to 0.00134310687760889
Epoch 45: reducing lr to 0.0012724349620512096
Epoch 49: reducing lr to 0.0011662234900323201
Epoch 56: reducing lr to 0.0009559794950123757
Epoch 59: reducing lr to 0.0008600453991196163
Epoch 64: reducing lr to 0.0006979462598554634
Epoch 67: reducing lr to 0.0006018607198764401
Epoch 70: reducing lr to 0.0005085123877881338
Epoch 73: reducing lr to 0.00041937313081012555
Epoch 77: reducing lr to 0.00030948551318323665
Epoch 80: reducing lr to 0.00023547817646792907
Epoch 83: reducing lr to 0.00016998593533536395
Epoch 86: reducing lr to 0.00011404137194069297
Epoch 89: reducing lr to 6.852709680369874e-05
Epoch 92: reducing lr to 3.41606718205989e-05
Epoch 95: reducing lr to 1.1484177295560846e-05
Epoch 98: reducing lr to 8.551747396142243e-07
[I 2024-06-22 10:08:35,834] Trial 39 finished with value: 2.559417724609375 and parameters: {'hidden_size': 95, 'n_layers': 7, 'rnn_dropout': 0.5422407131474489, 'bidirectional': False, 'fc_dropout': 0.2746769918195384, 'learning_rate_model': 0.015507979414037055}. Best is trial 13 with value: 1.8697621822357178.
Epoch 39: reducing lr to 0.00011692997317746161
Epoch 42: reducing lr to 0.00011179282795871824
Epoch 47: reducing lr to 0.00010162029834118774
Epoch 50: reducing lr to 9.47072633794213e-05
Epoch 56: reducing lr to 7.957047424866338e-05
Epoch 74: reducing lr to 3.253142046176528e-05
Epoch 77: reducing lr to 2.5759871613943264e-05
Epoch 84: reducing lr to 1.2504328472883104e-05
Epoch 87: reducing lr to 8.129687903415884e-06
Epoch 90: reducing lr to 4.644693564539613e-06
Epoch 93: reducing lr to 2.1042884363338397e-06
Epoch 96: reducing lr to 5.485437099475706e-07
Epoch 99: reducing lr to 1.989804979335777e-09
[I 2024-06-22 10:12:20,525] Trial 40 finished with value: 1.9058396816253662 and parameters: {'hidden_size': 178, 'n_layers': 7, 'rnn_dropout': 0.5301758499002098, 'bidirectional': True, 'fc_dropout': 0.6839183541579219, 'learning_rate_model': 0.001290798895846048}. Best is trial 13 with value: 1.8697621822357178.
Epoch 38: reducing lr to 6.692084394589008e-05
Epoch 49: reducing lr to 5.4836039835702264e-05
Epoch 63: reducing lr to 3.4339861588017895e-05
