[I 2024-06-22 07:47:53,918] Trial 852 finished with value: 0.9702489376068115 and parameters: {'hidden_size': 180, 'n_layers': 4, 'rnn_dropout': 0.06209030650535721, 'bidirectional': True, 'fc_dropout': 0.16941769644683632, 'learning_rate_model': 0.001016335482329627}. Best is trial 153 with value: 0.9688200950622559.
Epoch 22: reducing lr to 0.00016679181740905771
Epoch 27: reducing lr to 0.00012960214191894888
Epoch 36: reducing lr to 5.527242041711896e-05
Epoch 39: reducing lr to 3.4262828580995054e-05
Epoch 42: reducing lr to 1.747299388816634e-05
Epoch 45: reducing lr to 5.9579078501862274e-06
Epoch 48: reducing lr to 4.4109114132944923e-07
[I 2024-06-22 07:48:59,765] Trial 853 finished with value: 0.9874796867370605 and parameters: {'hidden_size': 185, 'n_layers': 4, 'rnn_dropout': 0.07277113079580953, 'bidirectional': True, 'fc_dropout': 0.14724331633681284, 'learning_rate_model': 0.0020283916472077375}. Best is trial 153 with value: 0.9688200950622559.
Epoch 18: reducing lr to 0.00013485717790659405
Epoch 23: reducing lr to 0.00011442623245179885
Epoch 30: reducing lr to 7.469159864712961e-05
Epoch 33: reducing lr to 5.660161481046753e-05
Epoch 36: reducing lr to 3.9510510744655275e-05
Epoch 39: reducing lr to 2.4492176144549774e-05
Epoch 42: reducing lr to 1.249026019757714e-05
Epoch 45: reducing lr to 4.258904899658413e-06
Epoch 48: reducing lr to 3.1530618972985814e-07
[I 2024-06-22 07:50:06,389] Trial 854 finished with value: 0.9791802167892456 and parameters: {'hidden_size': 182, 'n_layers': 4, 'rnn_dropout': 0.10121496461599531, 'bidirectional': True, 'fc_dropout': 0.12563831359287014, 'learning_rate_model': 0.001449959841934994}. Best is trial 153 with value: 0.9688200950622559.
Epoch 23: reducing lr to 8.662669377238055e-05
Epoch 27: reducing lr to 7.013624010466976e-05
Epoch 36: reducing lr to 2.9911540751893362e-05
Epoch 39: reducing lr to 1.8541869265746018e-05
Epoch 42: reducing lr to 9.455785811427896e-06
Epoch 45: reducing lr to 3.2242156596723906e-06
Epoch 48: reducing lr to 2.3870341753821045e-07
[I 2024-06-22 07:51:12,487] Trial 855 finished with value: 0.9713273048400879 and parameters: {'hidden_size': 181, 'n_layers': 4, 'rnn_dropout': 0.06091947142433099, 'bidirectional': True, 'fc_dropout': 0.16656238075482427, 'learning_rate_model': 0.0010976960834786047}. Best is trial 153 with value: 0.9688200950622559.
Epoch 18: reducing lr to 0.0001215182691293556
Epoch 23: reducing lr to 0.00010310817656414861
Epoch 27: reducing lr to 8.34802704955997e-05
Epoch 33: reducing lr to 5.100307131192161e-05
Epoch 36: reducing lr to 3.56024718345567e-05
Epoch 39: reducing lr to 2.206962134680304e-05
Epoch 42: reducing lr to 1.1254831398267349e-05
Epoch 45: reducing lr to 3.837650763769394e-06
Epoch 48: reducing lr to 2.841188212338681e-07
[I 2024-06-22 07:52:16,332] Trial 856 finished with value: 0.9742226004600525 and parameters: {'hidden_size': 184, 'n_layers': 4, 'rnn_dropout': 0.08980490349123652, 'bidirectional': True, 'fc_dropout': 0.13672015015109812, 'learning_rate_model': 0.0013065423215444516}. Best is trial 153 with value: 0.9688200950622559.
Epoch 23: reducing lr to 7.992473732797037e-05
Epoch 26: reducing lr to 6.87311418046124e-05
Epoch 36: reducing lr to 2.7597405990717645e-05
Epoch 39: reducing lr to 1.7107359938361316e-05
Epoch 42: reducing lr to 8.724229960729293e-06
Epoch 45: reducing lr to 2.974771152702187e-06
Epoch 48: reducing lr to 2.2023590091249223e-07
[I 2024-06-22 07:53:17,906] Trial 857 finished with value: 0.972829282283783 and parameters: {'hidden_size': 178, 'n_layers': 4, 'rnn_dropout': 0.0340249341463836, 'bidirectional': True, 'fc_dropout': 0.15794877221111558, 'learning_rate_model': 0.0010127717833546305}. Best is trial 153 with value: 0.9688200950622559.
Epoch 18: reducing lr to 0.00015073911961398107
Epoch 23: reducing lr to 0.00012790205021549333
Epoch 27: reducing lr to 0.00010355432619146643
Epoch 30: reducing lr to 8.348792402008742e-05
Epoch 36: reducing lr to 4.416360847528055e-05
Epoch 39: reducing lr to 2.7376585560889582e-05
Epoch 42: reducing lr to 1.3961220716307651e-05
Epoch 45: reducing lr to 4.760470188237484e-06
Epoch 48: reducing lr to 3.5243935982136753e-07
[I 2024-06-22 07:54:24,894] Trial 858 finished with value: 0.9747357368469238 and parameters: {'hidden_size': 185, 'n_layers': 4, 'rnn_dropout': 0.017890387261349245, 'bidirectional': True, 'fc_dropout': 0.1689776780139323, 'learning_rate_model': 0.0016207195897299067}. Best is trial 153 with value: 0.9688200950622559.
Epoch 23: reducing lr to 9.224976318405612e-05
Epoch 27: reducing lr to 7.468888928482632e-05
Epoch 36: reducing lr to 3.185314399834769e-05
Epoch 39: reducing lr to 1.9745449979301373e-05
Epoch 42: reducing lr to 1.0069575137144362e-05
Epoch 45: reducing lr to 3.4335043634544684e-06
Epoch 48: reducing lr to 2.5419801657194236e-07
[I 2024-06-22 07:55:27,502] Trial 859 finished with value: 0.9723610281944275 and parameters: {'hidden_size': 179, 'n_layers': 4, 'rnn_dropout': 0.0676252381747667, 'bidirectional': True, 'fc_dropout': 0.10872279291618604, 'learning_rate_model': 0.0011689491926708268}. Best is trial 153 with value: 0.9688200950622559.
Epoch 23: reducing lr to 7.552828541722983e-05
Epoch 31: reducing lr to 4.5293548806355986e-05
Epoch 36: reducing lr to 2.6079344469895956e-05
Epoch 39: reducing lr to 1.6166328565557368e-05
Epoch 42: reducing lr to 8.244332762904333e-06
Epoch 45: reducing lr to 2.8111367291738842e-06
Epoch 48: reducing lr to 2.0812129685182777e-07
[I 2024-06-22 07:56:34,750] Trial 860 finished with value: 0.9716763496398926 and parameters: {'hidden_size': 187, 'n_layers': 4, 'rnn_dropout': 0.04290380731460686, 'bidirectional': True, 'fc_dropout': 0.13987701372587225, 'learning_rate_model': 0.0009570618418404988}. Best is trial 153 with value: 0.9688200950622559.
Epoch 23: reducing lr to 9.89471988783144e-05
Epoch 27: reducing lr to 8.011138594817986e-05
Epoch 36: reducing lr to 3.416571777876204e-05
Epoch 39: reducing lr to 2.1178991670099115e-05
Epoch 42: reducing lr to 1.0800637522800244e-05
Epoch 45: reducing lr to 3.6827806096634665e-06
Epoch 48: reducing lr to 2.7265307608469354e-07
[I 2024-06-22 07:57:32,346] Trial 861 finished with value: 0.9718202352523804 and parameters: {'hidden_size': 171, 'n_layers': 4, 'rnn_dropout': 0.07919260281706897, 'bidirectional': True, 'fc_dropout': 0.1758804434812118, 'learning_rate_model': 0.0012538162077996102}. Best is trial 153 with value: 0.9688200950622559.
Epoch 23: reducing lr to 7.269100702156765e-05
Epoch 26: reducing lr to 6.251050774202544e-05
Epoch 33: reducing lr to 3.5957037922689045e-05
Epoch 36: reducing lr to 2.509965374570287e-05
Epoch 39: reducing lr to 1.5559027942713242e-05
Epoch 42: reducing lr to 7.934628033005854e-06
Epoch 45: reducing lr to 2.7055342060280605e-06
Epoch 48: reducing lr to 2.0030305953882978e-07
[I 2024-06-22 07:58:39,777] Trial 862 finished with value: 0.9728686809539795 and parameters: {'hidden_size': 183, 'n_layers': 4, 'rnn_dropout': 0.04171326524656627, 'bidirectional': True, 'fc_dropout': 0.2099447613426136, 'learning_rate_model': 0.0009211090743155096}. Best is trial 153 with value: 0.9688200950622559.
Epoch 18: reducing lr to 0.00016255917711270154
Epoch 23: reducing lr to 0.00013793136172814423
Epoch 27: reducing lr to 0.0001116744352445039
Epoch 30: reducing lr to 9.003454619018738e-05
Epoch 36: reducing lr to 4.762665372103757e-05
Epoch 39: reducing lr to 2.952329317253697e-05
Epoch 42: reducing lr to 1.5055975893607888e-05
Epoch 45: reducing lr to 5.133757703051239e-06
Epoch 48: reducing lr to 3.800755401876235e-07
[I 2024-06-22 07:59:50,048] Trial 863 finished with value: 0.9803688526153564 and parameters: {'hidden_size': 189, 'n_layers': 4, 'rnn_dropout': 0.05978528908780718, 'bidirectional': True, 'fc_dropout': 0.15376521083825095, 'learning_rate_model': 0.0017478066975023824}. Best is trial 153 with value: 0.9688200950622559.
Epoch 23: reducing lr to 8.38704442038317e-05
Epoch 37: reducing lr to 2.5085148960716965e-05
Epoch 40: reducing lr to 1.4743397813700172e-05
Epoch 43: reducing lr to 6.814179903361301e-06
Epoch 46: reducing lr to 1.7957286990410473e-06
Epoch 49: reducing lr to 3.3649369551814677e-09
[I 2024-06-22 08:00:53,541] Trial 864 finished with value: 0.9700788259506226 and parameters: {'hidden_size': 180, 'n_layers': 4, 'rnn_dropout': 0.10935532366609771, 'bidirectional': True, 'fc_dropout': 0.1910624276401293, 'learning_rate_model': 0.001062770078286308}. Best is trial 153 with value: 0.9688200950622559.
Epoch 18: reducing lr to 0.00014044506375203818
Epoch 23: reducing lr to 0.00011916755015242412
Epoch 27: reducing lr to 9.648254534724595e-05
Epoch 30: reducing lr to 7.77864886139282e-05
Epoch 36: reducing lr to 4.114765180873157e-05
Epoch 39: reducing lr to 2.550702375241716e-05
Epoch 42: reducing lr to 1.3007801415978558e-05
Epoch 45: reducing lr to 4.435375108922165e-06
Epoch 48: reducing lr to 3.2837108565845084e-07
[I 2024-06-22 08:01:55,202] Trial 865 finished with value: 0.9741334319114685 and parameters: {'hidden_size': 174, 'n_layers': 4, 'rnn_dropout': 0.12534948883288213, 'bidirectional': True, 'fc_dropout': 0.07746711142406373, 'learning_rate_model': 0.0015100397739266213}. Best is trial 153 with value: 0.9688200950622559.
Epoch 23: reducing lr to 9.919603178416615e-05
Epoch 27: reducing lr to 8.031285045837599e-05
Epoch 32: reducing lr to 5.424721334673237e-05
Epoch 35: reducing lr to 3.9034925338564995e-05
Epoch 38: reducing lr to 2.5318968510960254e-05
Epoch 41: reducing lr to 1.3961159121974568e-05
Epoch 44: reducing lr to 5.675166645693983e-06
Epoch 47: reducing lr to 9.81620807299975e-07
[I 2024-06-22 08:02:57,462] Trial 866 finished with value: 0.9735211133956909 and parameters: {'hidden_size': 179, 'n_layers': 4, 'rnn_dropout': 0.11101335786947217, 'bidirectional': True, 'fc_dropout': 0.202718706723289, 'learning_rate_model': 0.0012569693110094798}. Best is trial 153 with value: 0.9688200950622559.
Epoch 23: reducing lr to 8.529573674744314e-05
Epoch 26: reducing lr to 7.334992361202016e-05
Epoch 37: reducing lr to 2.5511445448216182e-05
Epoch 40: reducing lr to 1.4993946802331896e-05
Epoch 43: reducing lr to 6.929979931598719e-06
Epoch 46: reducing lr to 1.826245274330336e-06
Epoch 49: reducing lr to 3.422120622184437e-09
[I 2024-06-22 08:04:04,388] Trial 867 finished with value: 0.9696178436279297 and parameters: {'hidden_size': 186, 'n_layers': 4, 'rnn_dropout': 0.10795427233548853, 'bidirectional': True, 'fc_dropout': 0.21280593575136544, 'learning_rate_model': 0.0010808307703755674}. Best is trial 153 with value: 0.9688200950622559.
Epoch 16: reducing lr to 0.00021725462489875858
Epoch 23: reducing lr to 0.00017737812659729884
Epoch 27: reducing lr to 0.00014361202459179094
Epoch 32: reducing lr to 9.700256052080599e-05
Epoch 35: reducing lr to 6.980059387340633e-05
Epoch 38: reducing lr to 4.527430302476067e-05
Epoch 41: reducing lr to 2.4964751166365976e-05
Epoch 44: reducing lr to 1.0148091709262854e-05
Epoch 47: reducing lr to 1.755292592819143e-06
[I 2024-06-22 08:05:11,757] Trial 868 finished with value: 0.9993155002593994 and parameters: {'hidden_size': 183, 'n_layers': 4, 'rnn_dropout': 0.13660613766454133, 'bidirectional': True, 'fc_dropout': 0.19951695400554897, 'learning_rate_model': 0.0022476590803781333}. Best is trial 153 with value: 0.9688200950622559.
Epoch 23: reducing lr to 0.00010567961372681682
Epoch 27: reducing lr to 8.556220305473506e-05
Epoch 30: reducing lr to 6.89822527976014e-05
Epoch 36: reducing lr to 3.6490369596004055e-05
Epoch 39: reducing lr to 2.2620020416869777e-05
Epoch 42: reducing lr to 1.1535518077844704e-05
Epoch 45: reducing lr to 3.933358767927125e-06
Epoch 48: reducing lr to 2.912045220955983e-07
[I 2024-06-22 08:06:15,009] Trial 869 finished with value: 0.9734479188919067 and parameters: {'hidden_size': 175, 'n_layers': 4, 'rnn_dropout': 0.13949458383977448, 'bidirectional': True, 'fc_dropout': 0.21411638369593744, 'learning_rate_model': 0.0013391264636772337}. Best is trial 153 with value: 0.9688200950622559.
Epoch 23: reducing lr to 8.622179069714541e-05
Epoch 37: reducing lr to 2.5788422653886937e-05
Epoch 40: reducing lr to 1.5156735755067474e-05
Epoch 43: reducing lr to 7.005218572259239e-06
Epoch 46: reducing lr to 1.8460727793606072e-06
Epoch 49: reducing lr to 3.459274511004133e-09
[I 2024-06-22 08:07:18,453] Trial 870 finished with value: 0.9699113368988037 and parameters: {'hidden_size': 180, 'n_layers': 4, 'rnn_dropout': 0.1011347339744821, 'bidirectional': True, 'fc_dropout': 0.19246818488098152, 'learning_rate_model': 0.001092565326427644}. Best is trial 153 with value: 0.9688200950622559.
Epoch 18: reducing lr to 0.0001382242880691794
Epoch 23: reducing lr to 0.00011728322335236229
Epoch 27: reducing lr to 9.495692326553446e-05
Epoch 37: reducing lr to 3.507871165242542e-05
Epoch 40: reducing lr to 2.0616955533877212e-05
Epoch 43: reducing lr to 9.528851208022936e-06
Epoch 46: reducing lr to 2.511121195185686e-06
Epoch 49: reducing lr to 4.7054794597659735e-09
[I 2024-06-22 08:08:19,460] Trial 871 finished with value: 0.9735270738601685 and parameters: {'hidden_size': 178, 'n_layers': 4, 'rnn_dropout': 0.12105664928746426, 'bidirectional': True, 'fc_dropout': 0.2007548615535097, 'learning_rate_model': 0.0014861623978160126}. Best is trial 153 with value: 0.9688200950622559.
Epoch 18: reducing lr to 0.00018281316454001216
Epoch 23: reducing lr to 0.00015511685759428558
Epoch 27: reducing lr to 0.00012558846118612186
Epoch 30: reducing lr to 0.00010125235990546849
Epoch 33: reducing lr to 7.672947396795877e-05
Epoch 36: reducing lr to 5.356067518204682e-05
Epoch 39: reducing lr to 3.3201734582921336e-05
Epoch 42: reducing lr to 1.6931868426230708e-05
Epoch 45: reducing lr to 5.773395930921748e-06
Epoch 48: reducing lr to 4.274308808649083e-07
[I 2024-06-22 08:09:17,359] Trial 872 finished with value: 0.988107442855835 and parameters: {'hidden_size': 172, 'n_layers': 4, 'rnn_dropout': 0.10905752765108892, 'bidirectional': True, 'fc_dropout': 0.21481249716653095, 'learning_rate_model': 0.0019655738854602784}. Best is trial 153 with value: 0.9688200950622559.
Epoch 23: reducing lr to 8.875330961482665e-05
Epoch 27: reducing lr to 7.185802853778376e-05
Epoch 36: reducing lr to 3.0645845083097436e-05
Epoch 39: reducing lr to 1.8997057282417973e-05
Epoch 42: reducing lr to 9.687917767914616e-06
Epoch 45: reducing lr to 3.3033675677359355e-06
Epoch 48: reducing lr to 2.4456339495712313e-07
[I 2024-06-22 08:10:17,011] Trial 873 finished with value: 0.9696825742721558 and parameters: {'hidden_size': 176, 'n_layers': 4, 'rnn_dropout': 0.09880374036177715, 'bidirectional': True, 'fc_dropout': 0.20864027070228508, 'learning_rate_model': 0.0011246436417849442}. Best is trial 153 with value: 0.9688200950622559.
Epoch 27: reducing lr to 7.201959500390738e-05
Epoch 32: reducing lr to 4.864554443061446e-05
Epoch 36: reducing lr to 3.071474957424757e-05
Epoch 39: reducing lr to 1.9039770497271263e-05
Epoch 42: reducing lr to 9.709700200159267e-06
Epoch 45: reducing lr to 3.3107948995885883e-06
Epoch 48: reducing lr to 2.4511327427153597e-07
[I 2024-06-22 08:11:12,579] Trial 874 finished with value: 0.9730139970779419 and parameters: {'hidden_size': 168, 'n_layers': 4, 'rnn_dropout': 0.13683060961871013, 'bidirectional': True, 'fc_dropout': 0.21536618556266598, 'learning_rate_model': 0.0011271723042399133}. Best is trial 153 with value: 0.9688200950622559.
Epoch 23: reducing lr to 8.516234665645104e-05
Epoch 37: reducing lr to 2.547154926864799e-05
Epoch 40: reducing lr to 1.4970498456558007e-05
Epoch 43: reducing lr to 6.919142453796199e-06
Epoch 46: reducing lr to 1.8233892930984021e-06
Epoch 49: reducing lr to 3.416768924692157e-09
[I 2024-06-22 08:12:16,019] Trial 875 finished with value: 0.9700803756713867 and parameters: {'hidden_size': 180, 'n_layers': 4, 'rnn_dropout': 0.10981912720104936, 'bidirectional': True, 'fc_dropout': 0.21353328972642857, 'learning_rate_model': 0.0010791405087012432}. Best is trial 153 with value: 0.9688200950622559.
Epoch 18: reducing lr to 0.00015291664698329467
Epoch 23: reducing lr to 0.00012974968084813058
Epoch 26: reducing lr to 0.0001115780171648457
Epoch 29: reducing lr to 9.156089027117293e-05
Epoch 33: reducing lr to 6.418144947873384e-05
Epoch 36: reducing lr to 4.4801581328172645e-05
Epoch 39: reducing lr to 2.7772058643722058e-05
Epoch 42: reducing lr to 1.416289988424122e-05
Epoch 45: reducing lr to 4.82923836303004e-06
Epoch 48: reducing lr to 3.5753058202035986e-07
[I 2024-06-22 08:13:21,556] Trial 876 finished with value: 0.9761312007904053 and parameters: {'hidden_size': 181, 'n_layers': 4, 'rnn_dropout': 0.12479044460158405, 'bidirectional': True, 'fc_dropout': 0.21318603771594283, 'learning_rate_model': 0.0016441319678415554}. Best is trial 153 with value: 0.9688200950622559.
Epoch 23: reducing lr to 9.10033816448981e-05
Epoch 27: reducing lr to 7.367977175897327e-05
Epoch 37: reducing lr to 2.7218567949196007e-05
Epoch 40: reducing lr to 1.5997280933936158e-05
Epoch 43: reducing lr to 7.393706093120392e-06
Epoch 46: reducing lr to 1.9484502041311904e-06
Epoch 49: reducing lr to 3.651115060288035e-09
[I 2024-06-22 08:13:48,296] Trial 877 finished with value: 0.973690390586853 and parameters: {'hidden_size': 173, 'n_layers': 2, 'rnn_dropout': 0.11541442759335716, 'bidirectional': True, 'fc_dropout': 0.21784609705365407, 'learning_rate_model': 0.001153155583628691}. Best is trial 153 with value: 0.9688200950622559.
Epoch 23: reducing lr to 0.00011575757496915746
Epoch 27: reducing lr to 9.372170076470908e-05
Epoch 30: reducing lr to 7.556063102578715e-05
Epoch 36: reducing lr to 3.997021322467069e-05
Epoch 39: reducing lr to 2.4777141180496506e-05
Epoch 42: reducing lr to 1.2635583643937315e-05
Epoch 45: reducing lr to 4.308457008897807e-06
Epoch 48: reducing lr to 3.189747587929075e-07
[I 2024-06-22 08:14:49,113] Trial 878 finished with value: 0.9742305278778076 and parameters: {'hidden_size': 177, 'n_layers': 4, 'rnn_dropout': 0.13245223833739647, 'bidirectional': True, 'fc_dropout': 0.2112515727274365, 'learning_rate_model': 0.00146683003983165}. Best is trial 153 with value: 0.9688200950622559.
Epoch 22: reducing lr to 8.598124453346913e-05
Epoch 36: reducing lr to 2.849295348935346e-05
Epoch 39: reducing lr to 1.7662501005105595e-05
Epoch 42: reducing lr to 9.00733491347312e-06
Epoch 45: reducing lr to 3.0713037349931664e-06
Epoch 48: reducing lr to 2.2738264906113115e-07
[I 2024-06-22 08:15:56,565] Trial 879 finished with value: 0.9722104072570801 and parameters: {'hidden_size': 183, 'n_layers': 4, 'rnn_dropout': 0.14772959179445988, 'bidirectional': True, 'fc_dropout': 0.22026402838838227, 'learning_rate_model': 0.0010456366561465602}. Best is trial 153 with value: 0.9688200950622559.
Epoch 23: reducing lr to 9.588943002045637e-05
Epoch 27: reducing lr to 7.76357008970705e-05
Epoch 33: reducing lr to 4.743227550290484e-05
Epoch 36: reducing lr to 3.3109893369232836e-05
Epoch 39: reducing lr to 2.0524496526185986e-05
Epoch 42: reducing lr to 1.0466865031647171e-05
Epoch 45: reducing lr to 3.5689715075745786e-06
Epoch 48: reducing lr to 2.6422726823460697e-07
[I 2024-06-22 08:16:52,875] Trial 880 finished with value: 0.9708119034767151 and parameters: {'hidden_size': 170, 'n_layers': 4, 'rnn_dropout': 0.11303866613487824, 'bidirectional': True, 'fc_dropout': 0.19864931312893797, 'learning_rate_model': 0.0012150694802808028}. Best is trial 153 with value: 0.9688200950622559.
Epoch 23: reducing lr to 6.583108724731586e-05
Epoch 26: reducing lr to 5.661133141020205e-05
Epoch 32: reducing lr to 3.600096667700097e-05
Epoch 37: reducing lr to 1.96896850317317e-05
Epoch 40: reducing lr to 1.1572299598614032e-05
Epoch 43: reducing lr to 5.3485453188596605e-06
Epoch 46: reducing lr to 1.4094926261721164e-06
Epoch 49: reducing lr to 2.641186181632886e-09
[I 2024-06-22 08:17:55,083] Trial 881 finished with value: 0.9735854864120483 and parameters: {'hidden_size': 179, 'n_layers': 4, 'rnn_dropout': 0.12551531674539992, 'bidirectional': True, 'fc_dropout': 0.1911970712409484, 'learning_rate_model': 0.000834183131038029}. Best is trial 153 with value: 0.9688200950622559.
Epoch 23: reducing lr to 8.588267195998875e-05
Epoch 36: reducing lr to 2.9654635659565445e-05
Epoch 39: reducing lr to 1.8382616331396673e-05
Epoch 42: reducing lr to 9.374571689190987e-06
Epoch 45: reducing lr to 3.1965234244711202e-06
Epoch 48: reducing lr to 2.3665323483346416e-07
[I 2024-06-22 08:18:58,308] Trial 882 finished with value: 0.971967339515686 and parameters: {'hidden_size': 175, 'n_layers': 4, 'rnn_dropout': 0.112905480978397, 'bidirectional': True, 'fc_dropout': 0.21000426944321965, 'learning_rate_model': 0.0010882681601224265}. Best is trial 153 with value: 0.9688200950622559.
Epoch 18: reducing lr to 0.00012715680417411856
Epoch 23: reducing lr to 0.00010789247007922231
Epoch 27: reducing lr to 8.735381505896623e-05
Epoch 33: reducing lr to 5.3369650485927814e-05
Epoch 36: reducing lr to 3.72544521216166e-05
Epoch 39: reducing lr to 2.3093667642723622e-05
Epoch 42: reducing lr to 1.1777063666030099e-05
Epoch 45: reducing lr to 4.015720518022077e-06
Epoch 48: reducing lr to 2.9730213878670363e-07
