[I 2024-06-22 16:24:56,667] Trial 533 finished with value: 1.868952989578247 and parameters: {'hidden_size': 186, 'n_layers': 2, 'rnn_dropout': 0.04373429405565961, 'bidirectional': True, 'fc_dropout': 0.2703257758729533, 'learning_rate_model': 0.00045450139137539667}. Best is trial 346 with value: 1.8583240509033203.
Epoch 45: reducing lr to 3.692879235805188e-05
Epoch 53: reducing lr to 3.0446147616248407e-05
Epoch 57: reducing lr to 2.682353967192471e-05
Epoch 65: reducing lr to 1.9320235112207543e-05
Epoch 68: reducing lr to 1.6553265048971685e-05
Epoch 72: reducing lr to 1.3017307207506947e-05
Epoch 80: reducing lr to 6.834081853282871e-06
Epoch 86: reducing lr to 3.3097252670865567e-06
Epoch 89: reducing lr to 1.988803360671932e-06
Epoch 92: reducing lr to 9.91415981246575e-07
Epoch 95: reducing lr to 3.332954621642573e-07
Epoch 98: reducing lr to 2.481900555306683e-08
[I 2024-06-22 16:25:57,001] Trial 534 finished with value: 1.8669941425323486 and parameters: {'hidden_size': 190, 'n_layers': 2, 'rnn_dropout': 0.06812044355441037, 'bidirectional': True, 'fc_dropout': 0.2713024339892978, 'learning_rate_model': 0.00045007483191967596}. Best is trial 346 with value: 1.8583240509033203.
Epoch 30: reducing lr to 6.031590383695683e-05
Epoch 41: reducing lr to 5.389459439541061e-05
Epoch 45: reducing lr to 5.0249925119971846e-05
Epoch 48: reducing lr to 4.714946198609007e-05
Epoch 53: reducing lr to 4.142882938262431e-05
Epoch 57: reducing lr to 3.649945676257463e-05
Epoch 65: reducing lr to 2.628952385649838e-05
Epoch 68: reducing lr to 2.252443895638278e-05
Epoch 71: reducing lr to 1.888706391054647e-05
Epoch 74: reducing lr to 1.5434745855591452e-05
Epoch 80: reducing lr to 9.299304945084292e-06
Epoch 86: reducing lr to 4.503625388727766e-06
Epoch 89: reducing lr to 2.7062141372820467e-06
Epoch 92: reducing lr to 1.3490443537215103e-06
Epoch 95: reducing lr to 4.535234148519106e-07
Epoch 98: reducing lr to 3.3771837391861295e-08
[I 2024-06-22 16:26:54,275] Trial 535 finished with value: 1.8671183586120605 and parameters: {'hidden_size': 185, 'n_layers': 2, 'rnn_dropout': 0.04496326052057792, 'bidirectional': True, 'fc_dropout': 0.2912701856024442, 'learning_rate_model': 0.0006124280042268004}. Best is trial 346 with value: 1.8583240509033203.
Epoch 46: reducing lr to 2.436261519750788e-05
Epoch 57: reducing lr to 1.8055819327361357e-05
Epoch 68: reducing lr to 1.1142554884916575e-05
Epoch 72: reducing lr to 8.762383710063091e-06
Epoch 75: reducing lr to 7.091150607494996e-06
Epoch 80: reducing lr to 4.600248465359244e-06
Epoch 86: reducing lr to 2.2278864824192544e-06
Epoch 97: reducing lr to 5.949164457991055e-08
[I 2024-06-22 16:27:54,542] Trial 536 finished with value: 1.8676490783691406 and parameters: {'hidden_size': 189, 'n_layers': 2, 'rnn_dropout': 0.06704966048477666, 'bidirectional': True, 'fc_dropout': 0.2808589655626925, 'learning_rate_model': 0.0003029603828699722}. Best is trial 346 with value: 1.8583240509033203.
Epoch 45: reducing lr to 4.105951199110353e-05
Epoch 53: reducing lr to 3.3851742321048026e-05
Epoch 57: reducing lr to 2.9823922703042186e-05
Epoch 65: reducing lr to 2.148132594126545e-05
Epoch 68: reducing lr to 1.8404852727927734e-05
Epoch 72: reducing lr to 1.4473375576333248e-05
Epoch 80: reducing lr to 7.598517251319453e-06
Epoch 86: reducing lr to 3.6799390289720205e-06
Epoch 89: reducing lr to 2.2112636298449497e-06
Epoch 92: reducing lr to 1.1023121464541962e-06
Epoch 95: reducing lr to 3.705766734159134e-07
Epoch 98: reducing lr to 2.75951687299489e-08
[I 2024-06-22 16:28:51,682] Trial 537 finished with value: 1.8686649799346924 and parameters: {'hidden_size': 186, 'n_layers': 2, 'rnn_dropout': 0.028895628561292894, 'bidirectional': True, 'fc_dropout': 0.2674895840959603, 'learning_rate_model': 0.0005004185563103184}. Best is trial 346 with value: 1.8583240509033203.
Epoch 39: reducing lr to 3.66637092339455e-05
Epoch 45: reducing lr to 3.3208519386295214e-05
Epoch 57: reducing lr to 2.4121288033670267e-05
Epoch 68: reducing lr to 1.488565935098611e-05
Epoch 72: reducing lr to 1.1705920263152075e-05
Epoch 86: reducing lr to 2.9762975899587018e-06
Epoch 89: reducing lr to 1.788447732545544e-06
Epoch 92: reducing lr to 8.915389518804925e-07
Epoch 98: reducing lr to 2.2318694287821148e-08
[I 2024-06-22 16:29:46,377] Trial 538 finished with value: 1.8686046600341797 and parameters: {'hidden_size': 180, 'n_layers': 2, 'rnn_dropout': 0.05703315871696491, 'bidirectional': True, 'fc_dropout': 0.2946621116472274, 'learning_rate_model': 0.0004047334837319492}. Best is trial 346 with value: 1.8583240509033203.
Epoch 45: reducing lr to 4.231989389551e-05
Epoch 53: reducing lr to 3.4890871170492807e-05
Epoch 57: reducing lr to 3.073941172545132e-05
Epoch 65: reducing lr to 2.214072672773594e-05
Epoch 68: reducing lr to 1.8969816659709784e-05
Epoch 72: reducing lr to 1.4917657054302136e-05
Epoch 75: reducing lr to 1.207244014679824e-05
Epoch 80: reducing lr to 7.831764876034481e-06
Epoch 86: reducing lr to 3.7929001514140127e-06
Epoch 89: reducing lr to 2.2791416081690132e-06
Epoch 92: reducing lr to 1.1361492335267162e-06
Epoch 95: reducing lr to 3.8195206758693484e-07
Epoch 98: reducing lr to 2.8442242882306766e-08
[I 2024-06-22 16:30:41,592] Trial 539 finished with value: 1.864590048789978 and parameters: {'hidden_size': 184, 'n_layers': 2, 'rnn_dropout': 0.03845125644845025, 'bidirectional': True, 'fc_dropout': 0.2648517869138288, 'learning_rate_model': 0.000515779637395242}. Best is trial 346 with value: 1.8583240509033203.
Epoch 30: reducing lr to 6.190858396870952e-05
Epoch 41: reducing lr to 5.5317715732271796e-05
Epoch 45: reducing lr to 5.157680662666333e-05
Epoch 48: reducing lr to 4.839447377487244e-05
Epoch 53: reducing lr to 4.2522784197888955e-05
Epoch 57: reducing lr to 3.746324833175445e-05
Epoch 65: reducing lr to 2.698371559791151e-05
Epoch 68: reducing lr to 2.3119211215813414e-05
Epoch 71: reducing lr to 1.9385788948619093e-05
Epoch 74: reducing lr to 1.5842310220859087e-05
Epoch 77: reducing lr to 1.254466824887751e-05
Epoch 80: reducing lr to 9.544859057399035e-06
Epoch 85: reducing lr to 5.3330942062788544e-06
Epoch 88: reducing lr to 3.343717663326345e-06
Epoch 91: reducing lr to 1.7972888949344362e-06
Epoch 97: reducing lr to 1.234366723632495e-07
[I 2024-06-22 16:31:42,115] Trial 540 finished with value: 1.8681520223617554 and parameters: {'hidden_size': 190, 'n_layers': 2, 'rnn_dropout': 0.03401710078635936, 'bidirectional': True, 'fc_dropout': 0.26052414500786564, 'learning_rate_model': 0.0006285995585335657}. Best is trial 346 with value: 1.8583240509033203.
Epoch 30: reducing lr to 5.55595851405757e-05
Epoch 45: reducing lr to 4.6287377215758384e-05
Epoch 53: reducing lr to 3.8161884792116096e-05
Epoch 57: reducing lr to 3.362122668453644e-05
Epoch 65: reducing lr to 2.4216416336206104e-05
Epoch 68: reducing lr to 2.074823395374638e-05
Epoch 72: reducing lr to 1.6316185029969127e-05
Epoch 75: reducing lr to 1.320422949001776e-05
Epoch 80: reducing lr to 8.565991587247262e-06
Epoch 86: reducing lr to 4.148483937215972e-06
Epoch 89: reducing lr to 2.4928107713578633e-06
Epoch 92: reducing lr to 1.2426630434256724e-06
Epoch 97: reducing lr to 1.1077769620932701e-07
[I 2024-06-22 16:32:36,687] Trial 541 finished with value: 1.8635129928588867 and parameters: {'hidden_size': 179, 'n_layers': 2, 'rnn_dropout': 0.06981051480486727, 'bidirectional': True, 'fc_dropout': 0.2947596357521874, 'learning_rate_model': 0.0005641338963482989}. Best is trial 346 with value: 1.8583240509033203.
Epoch 30: reducing lr to 5.71454338196814e-05
Epoch 41: reducing lr to 5.106165673296985e-05
Epoch 45: reducing lr to 4.760856735479831e-05
Epoch 53: reducing lr to 3.9251147327763854e-05
Epoch 57: reducing lr to 3.458088428083924e-05
Epoch 65: reducing lr to 2.4907630494164233e-05
Epoch 68: reducing lr to 2.1340455067818283e-05
Epoch 72: reducing lr to 1.678190125899338e-05
Epoch 75: reducing lr to 1.3581120531273226e-05
Epoch 80: reducing lr to 8.810492448970689e-06
Epoch 86: reducing lr to 4.266894968462504e-06
Epoch 89: reducing lr to 2.563963582506766e-06
Epoch 92: reducing lr to 1.2781326305545964e-06
Epoch 97: reducing lr to 1.1393964680279402e-07
[I 2024-06-22 16:33:31,372] Trial 542 finished with value: 1.863572120666504 and parameters: {'hidden_size': 179, 'n_layers': 2, 'rnn_dropout': 0.04033827583380906, 'bidirectional': True, 'fc_dropout': 0.29924132698140277, 'learning_rate_model': 0.000580236086314245}. Best is trial 346 with value: 1.8583240509033203.
Epoch 30: reducing lr to 5.838685131321558e-05
Epoch 45: reducing lr to 4.864280761523346e-05
Epoch 53: reducing lr to 4.010383244496374e-05
Epoch 57: reducing lr to 3.533211341357407e-05
Epoch 65: reducing lr to 2.544871953927516e-05
Epoch 68: reducing lr to 2.18040514126245e-05
Epoch 72: reducing lr to 1.714646837144922e-05
Epoch 75: reducing lr to 1.3876154438313264e-05
Epoch 80: reducing lr to 9.00189005892349e-06
Epoch 86: reducing lr to 4.359588254747402e-06
Epoch 89: reducing lr to 2.619662682703497e-06
Epoch 92: reducing lr to 1.3058985621535054e-06
Epoch 98: reducing lr to 3.269173009000977e-08
[I 2024-06-22 16:34:24,440] Trial 543 finished with value: 1.8686022758483887 and parameters: {'hidden_size': 173, 'n_layers': 2, 'rnn_dropout': 0.023419221174811045, 'bidirectional': True, 'fc_dropout': 0.3006575727180363, 'learning_rate_model': 0.0005928410344226663}. Best is trial 346 with value: 1.8583240509033203.
Epoch 39: reducing lr to 3.6284074554720674e-05
Epoch 57: reducing lr to 2.387152395806294e-05
Epoch 68: reducing lr to 1.473152566863818e-05
Epoch 72: reducing lr to 1.158471121537742e-05
Epoch 80: reducing lr to 6.081969445022881e-06
Epoch 86: reducing lr to 2.9454794920507124e-06
Epoch 89: reducing lr to 1.769929235769256e-06
Epoch 92: reducing lr to 8.823075044605384e-07
Epoch 98: reducing lr to 2.208759518399742e-08
[I 2024-06-22 16:35:18,102] Trial 544 finished with value: 1.869644045829773 and parameters: {'hidden_size': 178, 'n_layers': 2, 'rnn_dropout': 0.04025009717072052, 'bidirectional': True, 'fc_dropout': 0.2923168949821291, 'learning_rate_model': 0.0004005426675412658}. Best is trial 346 with value: 1.8583240509033203.
Epoch 30: reducing lr to 6.607111694581776e-05
Epoch 41: reducing lr to 5.903710004366649e-05
Epoch 45: reducing lr to 5.504466430769075e-05
Epoch 53: reducing lr to 4.538187869101501e-05
Epoch 65: reducing lr to 2.879801337086633e-05
Epoch 68: reducing lr to 2.4673672211710092e-05
Epoch 72: reducing lr to 1.9403106889604847e-05
Epoch 75: reducing lr to 1.5702388500688132e-05
Epoch 80: reducing lr to 1.0186624512870525e-05
Epoch 85: reducing lr to 5.691674213776374e-06
Epoch 88: reducing lr to 3.5685384256098004e-06
Epoch 96: reducing lr to 2.8509362364284325e-07
Epoch 99: reducing lr to 1.03415771909518e-09
[I 2024-06-22 16:36:16,852] Trial 545 finished with value: 1.8623104095458984 and parameters: {'hidden_size': 187, 'n_layers': 2, 'rnn_dropout': 0.07389265655517946, 'bidirectional': True, 'fc_dropout': 0.31159080671282247, 'learning_rate_model': 0.0006708645599930424}. Best is trial 346 with value: 1.8583240509033203.
Epoch 30: reducing lr to 6.221262120931228e-05
Epoch 41: reducing lr to 5.558938477345335e-05
Epoch 45: reducing lr to 5.183010381035919e-05
Epoch 49: reducing lr to 4.7503791044073726e-05
Epoch 53: reducing lr to 4.2731616465427284e-05
Epoch 65: reducing lr to 2.7116234449186555e-05
Epoch 68: reducing lr to 2.323275122484545e-05
Epoch 71: reducing lr to 1.948099386853495e-05
Epoch 74: reducing lr to 1.5920112877220225e-05
Epoch 80: reducing lr to 9.591734505418005e-06
Epoch 85: reducing lr to 5.359285392418254e-06
Epoch 96: reducing lr to 2.6844440410212684e-07
Epoch 99: reducing lr to 9.737638081834011e-10
[I 2024-06-22 16:37:15,443] Trial 546 finished with value: 1.8622374534606934 and parameters: {'hidden_size': 187, 'n_layers': 2, 'rnn_dropout': 0.035094416416793395, 'bidirectional': True, 'fc_dropout': 0.31629967320458807, 'learning_rate_model': 0.0006316866534559314}. Best is trial 346 with value: 1.8583240509033203.
Epoch 30: reducing lr to 6.686540694192328e-05
Epoch 41: reducing lr to 5.974682889541604e-05
Epoch 45: reducing lr to 5.570639712256717e-05
Epoch 48: reducing lr to 5.226926502361304e-05
Epoch 53: reducing lr to 4.592744797930641e-05
Epoch 65: reducing lr to 2.914421569020883e-05
Epoch 68: reducing lr to 2.497029276106481e-05
Epoch 72: reducing lr to 1.9636366056517637e-05
Epoch 75: reducing lr to 1.589115858174014e-05
Epoch 79: reducing lr to 1.1350076299812984e-05
Epoch 85: reducing lr to 5.76009805914289e-06
Epoch 96: reducing lr to 2.8852094595371683e-07
Epoch 99: reducing lr to 1.046590097540049e-09
[I 2024-06-22 16:38:14,214] Trial 547 finished with value: 1.8645012378692627 and parameters: {'hidden_size': 188, 'n_layers': 2, 'rnn_dropout': 0.07547512968221945, 'bidirectional': True, 'fc_dropout': 0.318695925271645, 'learning_rate_model': 0.0006789295214069865}. Best is trial 346 with value: 1.8583240509033203.
Epoch 30: reducing lr to 6.913699535669019e-05
Epoch 41: reducing lr to 6.177658105793213e-05
Epoch 45: reducing lr to 5.759888551259429e-05
Epoch 48: reducing lr to 5.404498526979576e-05
Epoch 53: reducing lr to 4.748772052562049e-05
Epoch 65: reducing lr to 3.013431902984525e-05
Epoch 68: reducing lr to 2.581859729316224e-05
Epoch 72: reducing lr to 2.030346349422336e-05
Epoch 75: reducing lr to 1.643102176933515e-05
Epoch 79: reducing lr to 1.1735667340211044e-05
Epoch 86: reducing lr to 5.162272432000965e-06
Epoch 96: reducing lr to 2.983227383635814e-07
Epoch 99: reducing lr to 1.0821454324966804e-09
[I 2024-06-22 16:39:15,753] Trial 548 finished with value: 1.8658829927444458 and parameters: {'hidden_size': 191, 'n_layers': 2, 'rnn_dropout': 0.06972016944928672, 'bidirectional': True, 'fc_dropout': 0.3196247938190473, 'learning_rate_model': 0.0007019944888663318}. Best is trial 346 with value: 1.8583240509033203.
Epoch 30: reducing lr to 6.648603763002276e-05
Epoch 41: reducing lr to 5.940784773306435e-05
Epoch 45: reducing lr to 5.539033985900785e-05
Epoch 48: reducing lr to 5.1972708762125294e-05
Epoch 53: reducing lr to 4.566687281594295e-05
Epoch 65: reducing lr to 2.897886231006897e-05
Epoch 68: reducing lr to 2.4828620658613575e-05
Epoch 72: reducing lr to 1.9524956659345225e-05
Epoch 75: reducing lr to 1.580099809110418e-05
Epoch 78: reducing lr to 1.2360177654543048e-05
Epoch 81: reducing lr to 9.256748960579146e-06
Epoch 86: reducing lr to 4.964332589226894e-06
Epoch 89: reducing lr to 2.9830516251998727e-06
Epoch 97: reducing lr to 1.3256344625514443e-07
[I 2024-06-22 16:40:14,481] Trial 549 finished with value: 1.8682745695114136 and parameters: {'hidden_size': 192, 'n_layers': 2, 'rnn_dropout': 0.07829408223446675, 'bidirectional': True, 'fc_dropout': 0.3144381174288726, 'learning_rate_model': 0.0006750775292163336}. Best is trial 346 with value: 1.8583240509033203.
Epoch 30: reducing lr to 6.513893618052573e-05
Epoch 41: reducing lr to 5.8204160453066605e-05
Epoch 45: reducing lr to 5.426805298838061e-05
Epoch 48: reducing lr to 5.0919667946287424e-05
Epoch 53: reducing lr to 4.474159718278393e-05
Epoch 57: reducing lr to 3.941805781619475e-05
Epoch 65: reducing lr to 2.8391709445885634e-05
Epoch 68: reducing lr to 2.4325557578446998e-05
Epoch 71: reducing lr to 2.039732761084443e-05
Epoch 74: reducing lr to 1.6668952320896394e-05
Epoch 80: reducing lr to 1.0042903990604534e-05
Epoch 86: reducing lr to 4.8637481678187925e-06
Epoch 97: reducing lr to 1.2987752275952797e-07
[I 2024-06-22 16:41:13,271] Trial 550 finished with value: 1.8651803731918335 and parameters: {'hidden_size': 188, 'n_layers': 2, 'rnn_dropout': 0.026715652390856874, 'bidirectional': True, 'fc_dropout': 0.3216879396063762, 'learning_rate_model': 0.0006613995007076901}. Best is trial 346 with value: 1.8583240509033203.
Epoch 30: reducing lr to 6.88957535252314e-05
Epoch 41: reducing lr to 6.156102214509842e-05
Epoch 45: reducing lr to 5.739790396054165e-05
Epoch 48: reducing lr to 5.3856404450505246e-05
Epoch 53: reducing lr to 4.732202017066147e-05
Epoch 65: reducing lr to 3.0029170429229648e-05
Epoch 68: reducing lr to 2.572850767233673e-05
Epoch 72: reducing lr to 2.023261799836354e-05
Epoch 75: reducing lr to 1.637368850276892e-05
Epoch 78: reducing lr to 1.2808159180040138e-05
Epoch 81: reducing lr to 9.592250005661581e-06
Epoch 85: reducing lr to 5.935001584729126e-06
Epoch 88: reducing lr to 3.7210986461413615e-06
Epoch 91: reducing lr to 2.0001357611671896e-06
Epoch 96: reducing lr to 2.972817917126997e-07
Epoch 99: reducing lr to 1.0783694693607647e-09
[I 2024-06-22 16:42:13,471] Trial 551 finished with value: 1.8663297891616821 and parameters: {'hidden_size': 189, 'n_layers': 2, 'rnn_dropout': 0.022742759096411595, 'bidirectional': True, 'fc_dropout': 0.3208260202890027, 'learning_rate_model': 0.000699544998035925}. Best is trial 346 with value: 1.8583240509033203.
Epoch 30: reducing lr to 6.257927268474417e-05
Epoch 41: reducing lr to 5.591700205672072e-05
Epoch 45: reducing lr to 5.213556568713688e-05
Epoch 48: reducing lr to 4.8918756925907615e-05
Epoch 53: reducing lr to 4.298345620341107e-05
Epoch 57: reducing lr to 3.78691076861666e-05
Epoch 65: reducing lr to 2.7276044583781282e-05
Epoch 68: reducing lr to 2.336967396414415e-05
Epoch 72: reducing lr to 1.83776568810175e-05
Epoch 75: reducing lr to 1.4872520659703391e-05
Epoch 79: reducing lr to 1.0622525940439884e-05
Epoch 86: reducing lr to 4.672625018319737e-06
Epoch 97: reducing lr to 1.2477392768377823e-07
[I 2024-06-22 16:43:12,161] Trial 552 finished with value: 1.8641453981399536 and parameters: {'hidden_size': 188, 'n_layers': 2, 'rnn_dropout': 0.07293577899441761, 'bidirectional': True, 'fc_dropout': 0.30626444096573374, 'learning_rate_model': 0.0006354095128853871}. Best is trial 346 with value: 1.8583240509033203.
Epoch 30: reducing lr to 6.419717834615815e-05
Epoch 41: reducing lr to 5.7362663380600585e-05
Epoch 45: reducing lr to 5.34834628944306e-05
Epoch 48: reducing lr to 5.018348772868435e-05
Epoch 53: reducing lr to 4.409473752956161e-05
Epoch 65: reducing lr to 2.798123122242111e-05
Epoch 68: reducing lr to 2.3973866473738546e-05
Epoch 72: reducing lr to 1.8852787284995017e-05
Epoch 75: reducing lr to 1.5257030327881372e-05
Epoch 80: reducing lr to 9.897706907760842e-06
Epoch 86: reducing lr to 4.793429657723078e-06
Epoch 97: reducing lr to 1.2799979521684653e-07
[I 2024-06-22 16:44:10,862] Trial 553 finished with value: 1.865846872329712 and parameters: {'hidden_size': 188, 'n_layers': 2, 'rnn_dropout': 0.07466358211274932, 'bidirectional': True, 'fc_dropout': 0.30771602049220403, 'learning_rate_model': 0.0006518371989883001}. Best is trial 346 with value: 1.8583240509033203.
Epoch 30: reducing lr to 6.399509546454581e-05
Epoch 41: reducing lr to 5.718209450496551e-05
Epoch 45: reducing lr to 5.331510514758331e-05
Epoch 48: reducing lr to 5.002551779806081e-05
Epoch 53: reducing lr to 4.395593405169121e-05
Epoch 57: reducing lr to 3.872587611783146e-05
Epoch 65: reducing lr to 2.7893150593612195e-05
Epoch 68: reducing lr to 2.389840041517941e-05
Epoch 71: reducing lr to 2.0039150225911323e-05
Epoch 74: reducing lr to 1.6376245263100303e-05
Epoch 79: reducing lr to 1.0862854943323539e-05
Epoch 86: reducing lr to 4.778340675574749e-06
Epoch 89: reducing lr to 2.871289677280008e-06
Epoch 97: reducing lr to 1.2759687147269413e-07
[I 2024-06-22 16:45:09,447] Trial 554 finished with value: 1.8682018518447876 and parameters: {'hidden_size': 192, 'n_layers': 2, 'rnn_dropout': 0.07384830988019456, 'bidirectional': True, 'fc_dropout': 0.3178882483477741, 'learning_rate_model': 0.0006497853153556053}. Best is trial 346 with value: 1.8583240509033203.
Epoch 41: reducing lr to 6.821722867369822e-05
Epoch 45: reducing lr to 6.36039786772611e-05
Epoch 53: reducing lr to 5.24386528812762e-05
Epoch 60: reducing lr to 4.1373201023563855e-05
Epoch 65: reducing lr to 3.327603595053888e-05
Epoch 68: reducing lr to 2.8510369551369435e-05
Epoch 72: reducing lr to 2.24202438583428e-05
Epoch 75: reducing lr to 1.8144072562548012e-05
Epoch 78: reducing lr to 1.4193024956839402e-05
Epoch 81: reducing lr to 1.0629399729413045e-05
Epoch 85: reducing lr to 6.576716015695074e-06
Epoch 88: reducing lr to 4.123437662599387e-06
Epoch 91: reducing lr to 2.216397873907748e-06
Epoch 96: reducing lr to 3.294250039902343e-07
Epoch 99: reducing lr to 1.1949667845403793e-09
[I 2024-06-22 16:46:09,566] Trial 555 finished with value: 1.8674266338348389 and parameters: {'hidden_size': 189, 'n_layers': 2, 'rnn_dropout': 0.0732621615524501, 'bidirectional': True, 'fc_dropout': 0.3050391706807305, 'learning_rate_model': 0.000775182403340879}. Best is trial 346 with value: 1.8583240509033203.
Epoch 30: reducing lr to 6.328189281436201e-05
Epoch 41: reducing lr to 5.654482033500047e-05
Epoch 45: reducing lr to 5.2720927203007064e-05
Epoch 53: reducing lr to 4.346606075078585e-05
Epoch 65: reducing lr to 2.7582291319461082e-05
Epoch 68: reducing lr to 2.3632061215471487e-05
Epoch 71: reducing lr to 1.9815821001307397e-05
Epoch 74: reducing lr to 1.6193737815663592e-05
Epoch 80: reducing lr to 9.756591236262271e-06
Epoch 85: reducing lr to 5.45139743627815e-06
Epoch 96: reducing lr to 2.730582585461585e-07
Epoch 99: reducing lr to 9.905002512199807e-10
