[I 2024-06-22 15:48:01,837] Trial 486 finished with value: 2.0326106548309326 and parameters: {'hidden_size': 166, 'n_layers': 2, 'rnn_dropout': 0.47382990861273105, 'bidirectional': False, 'fc_dropout': 0.23573187919909558, 'learning_rate_model': 0.0026884759499057934}. Best is trial 346 with value: 1.8583240509033203.
Epoch 10: reducing lr to 0.0021969657135894947
Epoch 14: reducing lr to 0.003434047106523093
Epoch 17: reducing lr to 0.004258033780497909
Epoch 23: reducing lr to 0.0051636195732163
Epoch 26: reducing lr to 0.0051797387607742575
Epoch 31: reducing lr to 0.005080607146832256
Epoch 36: reducing lr to 0.004872796916573099
Epoch 42: reducing lr to 0.004493068916884195
Epoch 45: reducing lr to 0.004256651553245809
Epoch 53: reducing lr to 0.0035094199746501463
Epoch 59: reducing lr to 0.002877092891351323
Epoch 62: reducing lr to 0.0025517006892134576
Epoch 65: reducing lr to 0.0022269753097279694
Epoch 71: reducing lr to 0.0015999158155785432
Epoch 77: reducing lr to 0.0010353157761987697
Epoch 85: reducing lr to 0.0004401420952848879
Epoch 88: reducing lr to 0.0002759581663951932
Epoch 91: reducing lr to 0.00014833086936985872
Epoch 94: reducing lr to 5.927231455000112e-05
Epoch 97: reducing lr to 1.0187270936445892e-05
[I 2024-06-22 15:48:27,090] Trial 487 finished with value: 2.539828300476074 and parameters: {'hidden_size': 69, 'n_layers': 7, 'rnn_dropout': 0.6516044863538806, 'bidirectional': False, 'fc_dropout': 0.586000892086763, 'learning_rate_model': 0.05187853731561344}. Best is trial 346 with value: 1.8583240509033203.
[I 2024-06-22 15:48:36,155] Trial 488 finished with value: 2.583651542663574 and parameters: {'hidden_size': 47, 'n_layers': 3, 'rnn_dropout': 0.07498934085971376, 'bidirectional': False, 'fc_dropout': 0.5061700316950029, 'learning_rate_model': 0.0007692716955833606}. Best is trial 346 with value: 1.8583240509033203.
Epoch 19: reducing lr to 0.004079583132231824
Epoch 23: reducing lr to 0.004489988845708387
Epoch 29: reducing lr to 0.004463931888375006
Epoch 32: reducing lr to 0.00438903115862672
Epoch 44: reducing lr to 0.0037725676164858655
Epoch 47: reducing lr to 0.0035514084771284945
Epoch 50: reducing lr to 0.003309812936014518
Epoch 54: reducing lr to 0.002962520203569796
Epoch 59: reducing lr to 0.0025017557562219735
Epoch 62: reducing lr to 0.002218813270362297
Epoch 65: reducing lr to 0.001936450615419438
Epoch 68: reducing lr to 0.0016591195761913127
Epoch 71: reducing lr to 0.0013911954713475515
Epoch 74: reducing lr to 0.0011369024130695564
Epoch 77: reducing lr to 0.0009002515040090218
Epoch 80: reducing lr to 0.0006849741700221117
Epoch 83: reducing lr to 0.0004944660975308317
Epoch 86: reducing lr to 0.0003317309283813741
Epoch 89: reducing lr to 0.0001993360572143346
Epoch 92: reducing lr to 9.936877454501322e-05
Epoch 95: reducing lr to 3.340591866900638e-05
Epoch 98: reducing lr to 2.487587666413077e-06
[I 2024-06-22 15:48:54,297] Trial 489 finished with value: 2.050323963165283 and parameters: {'hidden_size': 148, 'n_layers': 2, 'rnn_dropout': 0.13844537534574758, 'bidirectional': False, 'fc_dropout': 0.3377012542526669, 'learning_rate_model': 0.04511061486539399}. Best is trial 346 with value: 1.8583240509033203.
[I 2024-06-22 15:49:04,535] Trial 490 finished with value: 3.4148664474487305 and parameters: {'hidden_size': 65, 'n_layers': 3, 'rnn_dropout': 0.1721677281306616, 'bidirectional': False, 'fc_dropout': 0.4603416456894996, 'learning_rate_model': 0.00012985537014035867}. Best is trial 346 with value: 1.8583240509033203.
Epoch 23: reducing lr to 0.0005400043355574908
Epoch 37: reducing lr to 0.0005039553799241183
Epoch 40: reducing lr to 0.0004846438838479668
Epoch 43: reducing lr to 0.0004619673947065907
Epoch 46: reducing lr to 0.00043628350744482865
Epoch 49: reducing lr to 0.0004079973103604087
Epoch 80: reducing lr to 8.238083306384624e-05
Epoch 87: reducing lr to 3.417008187752458e-05
Epoch 93: reducing lr to 8.844584074776517e-06
Epoch 96: reducing lr to 2.305596931271355e-06
Epoch 99: reducing lr to 8.363395971947019e-09
[I 2024-06-22 15:49:22,134] Trial 491 finished with value: 2.107400894165039 and parameters: {'hidden_size': 64, 'n_layers': 6, 'rnn_dropout': 0.7281429660580356, 'bidirectional': False, 'fc_dropout': 0.10648771590072253, 'learning_rate_model': 0.005425387109872358}. Best is trial 346 with value: 1.8583240509033203.
[I 2024-06-22 15:49:55,303] Trial 492 finished with value: 3.26916241645813 and parameters: {'hidden_size': 55, 'n_layers': 5, 'rnn_dropout': 0.16134298784238643, 'bidirectional': True, 'fc_dropout': 0.535693411748701, 'learning_rate_model': 3.9349049956044136e-05}. Best is trial 346 with value: 1.8583240509033203.
Epoch 23: reducing lr to 0.0010956846380008667
Epoch 27: reducing lr to 0.0010968019837095954
Epoch 30: reducing lr to 0.0010841661812967922
Epoch 39: reducing lr to 0.0009972093044942286
Epoch 42: reducing lr to 0.0009533983903935797
Epoch 47: reducing lr to 0.0008666444050022635
Epoch 55: reducing lr to 0.0007009002826273658
Epoch 59: reducing lr to 0.0006104993674411206
Epoch 62: reducing lr to 0.0005414533751575219
Epoch 65: reducing lr to 0.00047254887806467483
Epoch 70: reducing lr to 0.0003609652367170587
Epoch 73: reducing lr to 0.00029769013512945426
Epoch 77: reducing lr to 0.00021968690283555425
Epoch 80: reducing lr to 0.000167153126947738
Epoch 83: reducing lr to 0.00012066375345110552
Epoch 86: reducing lr to 8.095175615517418e-05
Epoch 89: reducing lr to 4.8643652177035766e-05
Epoch 92: reducing lr to 2.4248799608936334e-05
Epoch 95: reducing lr to 8.151991722411996e-06
Epoch 98: reducing lr to 6.070419516465351e-07
[I 2024-06-22 15:50:06,068] Trial 493 finished with value: 2.562098979949951 and parameters: {'hidden_size': 72, 'n_layers': 3, 'rnn_dropout': 0.5080639460360391, 'bidirectional': False, 'fc_dropout': 0.14667752541513865, 'learning_rate_model': 0.011008269600943211}. Best is trial 346 with value: 1.8583240509033203.
Epoch 21: reducing lr to 0.0006752453660987729
Epoch 27: reducing lr to 0.0006980586664151497
Epoch 30: reducing lr to 0.0006900166209845479
Epoch 33: reducing lr to 0.0006766172580220239
Epoch 36: reducing lr to 0.0006580718929815544
Epoch 41: reducing lr to 0.0006165565555409616
Epoch 44: reducing lr to 0.0005859236647911478
Epoch 47: reducing lr to 0.0005515750760824762
Epoch 50: reducing lr to 0.0005140524762944408
Epoch 53: reducing lr to 0.0004739476496815451
Epoch 56: reducing lr to 0.00043189294957852455
Epoch 59: reducing lr to 0.00038855179021638094
Epoch 62: reducing lr to 0.00034460752861704996
Epoch 70: reducing lr to 0.00022973601024381014
Epoch 94: reducing lr to 8.004734222486105e-06
Epoch 97: reducing lr to 1.3757923394389256e-06
[I 2024-06-22 15:50:42,500] Trial 494 finished with value: 2.1082558631896973 and parameters: {'hidden_size': 147, 'n_layers': 4, 'rnn_dropout': 0.5201303890525476, 'bidirectional': False, 'fc_dropout': 0.3324573765733087, 'learning_rate_model': 0.0070062035912650976}. Best is trial 346 with value: 1.8583240509033203.
Epoch 10: reducing lr to 0.0036599482098404433
Epoch 13: reducing lr to 0.005214462384771164
Epoch 16: reducing lr to 0.006667802746766446
Epoch 19: reducing lr to 0.0078158537520505
Epoch 22: reducing lr to 0.008497374271018984
Epoch 25: reducing lr to 0.008639504899025255
Epoch 28: reducing lr to 0.008585293714454356
Epoch 31: reducing lr to 0.00846383669846644
Epoch 34: reducing lr to 0.008277049462096854
Epoch 37: reducing lr to 0.00802787752553709
Epoch 40: reducing lr to 0.007720250438874027
Epoch 43: reducing lr to 0.007359019891908639
Epoch 47: reducing lr to 0.006803952357711479
Epoch 50: reducing lr to 0.006341092463626829
Epoch 53: reducing lr to 0.0058463795198758686
Epoch 56: reducing lr to 0.005327613918734003
Epoch 62: reducing lr to 0.004250904923899254
Epoch 66: reducing lr to 0.003531344695681441
Epoch 72: reducing lr to 0.002499630469547029
Epoch 75: reducing lr to 0.0020228806120741972
Epoch 78: reducing lr to 0.0015823787582915042
Epoch 84: reducing lr to 0.0008372230409029263
Epoch 87: reducing lr to 0.0005443204761335141
Epoch 90: reducing lr to 0.00031098387079314395
Epoch 93: reducing lr to 0.00014089191334223372
Epoch 96: reducing lr to 3.6727556694181315e-05
Epoch 99: reducing lr to 1.3322671259113905e-07
[I 2024-06-22 15:51:00,336] Trial 495 finished with value: 2.49501895904541 and parameters: {'hidden_size': 47, 'n_layers': 3, 'rnn_dropout': 0.39835676310994095, 'bidirectional': True, 'fc_dropout': 0.6632059927588773, 'learning_rate_model': 0.08642499908075395}. Best is trial 346 with value: 1.8583240509033203.
[I 2024-06-22 15:51:49,868] Trial 496 finished with value: 2.173394203186035 and parameters: {'hidden_size': 65, 'n_layers': 7, 'rnn_dropout': 0.23224011102032735, 'bidirectional': True, 'fc_dropout': 0.47808691910149603, 'learning_rate_model': 8.844423035919478e-05}. Best is trial 346 with value: 1.8583240509033203.
Epoch 32: reducing lr to 0.0013397191255161076
Epoch 45: reducing lr to 0.0011298068866107131
Epoch 52: reducing lr to 0.0009582375635467175
Epoch 55: reducing lr to 0.0008767202097530677
Epoch 61: reducing lr to 0.0007061126011651741
Epoch 64: reducing lr to 0.0006197130025394238
Epoch 68: reducing lr to 0.0005064339138656641
Epoch 71: reducing lr to 0.00042465207307365685
Epoch 74: reducing lr to 0.00034703100788905527
Epoch 77: reducing lr to 0.00027479507757080903
Epoch 80: reducing lr to 0.00020908327211563367
Epoch 83: reducing lr to 0.00015093209955443568
Epoch 86: reducing lr to 0.00010125839922649291
Epoch 89: reducing lr to 6.08458492553917e-05
Epoch 92: reducing lr to 3.0331579550395977e-05
Epoch 95: reducing lr to 1.0196908276292014e-05
Epoch 98: reducing lr to 7.593176381402722e-07
[I 2024-06-22 15:52:07,810] Trial 497 finished with value: 2.019359827041626 and parameters: {'hidden_size': 143, 'n_layers': 2, 'rnn_dropout': 0.44774919920141837, 'bidirectional': False, 'fc_dropout': 0.3851748122989864, 'learning_rate_model': 0.013769679757267702}. Best is trial 346 with value: 1.8583240509033203.
Epoch 17: reducing lr to 0.0015591371911141255
Epoch 22: reducing lr to 0.0018677051458809689
Epoch 25: reducing lr to 0.001898945161543216
Epoch 31: reducing lr to 0.0018603336573671143
Epoch 34: reducing lr to 0.0018192782123054336
Epoch 41: reducing lr to 0.001671679890369504
Epoch 44: reducing lr to 0.0015886244318067122
Epoch 47: reducing lr to 0.0014954945404920708
Epoch 50: reducing lr to 0.0013937589009366588
Epoch 54: reducing lr to 0.001247514280339369
Epoch 57: reducing lr to 0.0011321248181543598
Epoch 60: reducing lr to 0.0010138604205417246
Epoch 91: reducing lr to 5.4313372543933826e-05
Epoch 94: reducing lr to 2.1703367042690687e-05
Epoch 97: reducing lr to 3.7302083101632687e-06
[I 2024-06-22 15:52:22,272] Trial 498 finished with value: 2.0169873237609863 and parameters: {'hidden_size': 90, 'n_layers': 3, 'rnn_dropout': 0.6297817091020858, 'bidirectional': False, 'fc_dropout': 0.4618580250594632, 'learning_rate_model': 0.01899603458287186}. Best is trial 346 with value: 1.8583240509033203.
Epoch 58: reducing lr to 4.214886089392793e-05
Epoch 63: reducing lr to 3.449966906987606e-05
Epoch 66: reducing lr to 2.993344009442775e-05
Epoch 69: reducing lr to 2.547279773238899e-05
Epoch 81: reducing lr to 1.004524970779771e-05
Epoch 84: reducing lr to 7.0967203431570865e-06
Epoch 87: reducing lr to 4.613932019844572e-06
Epoch 90: reducing lr to 2.6360544973431196e-06
Epoch 93: reducing lr to 1.194270175034623e-06
Epoch 96: reducing lr to 3.113211008442282e-07
Epoch 99: reducing lr to 1.129296107852968e-09
[I 2024-06-22 15:52:43,872] Trial 499 finished with value: 2.570012092590332 and parameters: {'hidden_size': 123, 'n_layers': 3, 'rnn_dropout': 0.1284694628073942, 'bidirectional': False, 'fc_dropout': 0.08670311032332174, 'learning_rate_model': 0.0007325814259390815}. Best is trial 346 with value: 1.8583240509033203.
Epoch 30: reducing lr to 5.1489651068024696e-05
Epoch 45: reducing lr to 4.289666482683783e-05
Epoch 53: reducing lr to 3.536639316280998e-05
Epoch 57: reducing lr to 3.115835415411462e-05
Epoch 65: reducing lr to 2.2442479081051417e-05
Epoch 68: reducing lr to 1.9228353196898506e-05
Epoch 72: reducing lr to 1.5120967369155076e-05
Epoch 75: reducing lr to 1.2236973464487092e-05
Epoch 80: reducing lr to 7.93850272213221e-06
Epoch 86: reducing lr to 3.844592968937753e-06
Epoch 89: reducing lr to 2.310203657408013e-06
Epoch 92: reducing lr to 1.1516336261191677e-06
Epoch 95: reducing lr to 3.8715763001789284e-07
Epoch 98: reducing lr to 2.8829877571487013e-08
[I 2024-06-22 15:53:39,323] Trial 500 finished with value: 1.8646125793457031 and parameters: {'hidden_size': 184, 'n_layers': 2, 'rnn_dropout': 0.04937489835106587, 'bidirectional': True, 'fc_dropout': 0.28414416167734113, 'learning_rate_model': 0.0005228091139472129}. Best is trial 346 with value: 1.8583240509033203.
Epoch 30: reducing lr to 5.189293963177502e-05
Epoch 45: reducing lr to 4.3232649514806274e-05
Epoch 53: reducing lr to 3.564339760171783e-05
Epoch 57: reducing lr to 3.140239946487106e-05
Epoch 65: reducing lr to 2.2618257999103058e-05
Epoch 68: reducing lr to 1.9378957731658628e-05
Epoch 72: reducing lr to 1.5239401133733622e-05
Epoch 75: reducing lr to 1.233281857803474e-05
Epoch 80: reducing lr to 8.000680408225037e-06
Epoch 86: reducing lr to 3.874705435122442e-06
Epoch 89: reducing lr to 2.328298142331513e-06
Epoch 92: reducing lr to 1.1606537041622379e-06
Epoch 95: reducing lr to 3.9019001111421447e-07
Epoch 98: reducing lr to 2.905568527609634e-08
[I 2024-06-22 15:54:34,596] Trial 501 finished with value: 1.8646453619003296 and parameters: {'hidden_size': 184, 'n_layers': 2, 'rnn_dropout': 0.05003075135177646, 'bidirectional': True, 'fc_dropout': 0.28152922394890423, 'learning_rate_model': 0.000526903974415403}. Best is trial 346 with value: 1.8583240509033203.
Epoch 30: reducing lr to 5.1927393072134215e-05
Epoch 45: reducing lr to 4.3261353101887645e-05
Epoch 53: reducing lr to 3.566706243323795e-05
Epoch 57: reducing lr to 3.142324855734445e-05
Epoch 65: reducing lr to 2.2633275009288466e-05
Epoch 68: reducing lr to 1.9391824063170564e-05
Epoch 72: reducing lr to 1.5249519076594383e-05
Epoch 75: reducing lr to 1.2341006744524336e-05
Epoch 80: reducing lr to 8.005992324783127e-06
Epoch 86: reducing lr to 3.877277980319648e-06
Epoch 89: reducing lr to 2.3298439765385397e-06
Epoch 92: reducing lr to 1.1614243005758923e-06
Epoch 95: reducing lr to 3.9044907117850036e-07
Epoch 98: reducing lr to 2.907497630734706e-08
[I 2024-06-22 15:55:31,578] Trial 502 finished with value: 1.866842269897461 and parameters: {'hidden_size': 182, 'n_layers': 2, 'rnn_dropout': 0.060755985636413094, 'bidirectional': True, 'fc_dropout': 0.2617732389677623, 'learning_rate_model': 0.000527253803405365}. Best is trial 346 with value: 1.8583240509033203.
Epoch 30: reducing lr to 5.538033341614307e-05
Epoch 41: reducing lr to 4.948447121034179e-05
Epoch 45: reducing lr to 4.6138040388199374e-05
Epoch 53: reducing lr to 3.803876321661695e-05
Epoch 57: reducing lr to 3.351275462079631e-05
Epoch 65: reducing lr to 2.4138286984144522e-05
Epoch 68: reducing lr to 2.0681293988198925e-05
Epoch 71: reducing lr to 1.734156051852409e-05
Epoch 74: reducing lr to 1.41717410715869e-05
Epoch 80: reducing lr to 8.538355154044886e-06
Epoch 86: reducing lr to 4.135099695817379e-06
Epoch 89: reducing lr to 2.484768223374122e-06
Epoch 96: reducing lr to 2.389634179350195e-07
Epoch 99: reducing lr to 8.668235370592678e-10
[I 2024-06-22 15:56:27,887] Trial 503 finished with value: 1.8635815382003784 and parameters: {'hidden_size': 181, 'n_layers': 2, 'rnn_dropout': 0.05070199547022872, 'bidirectional': True, 'fc_dropout': 0.2723808357262937, 'learning_rate_model': 0.000562313832834947}. Best is trial 346 with value: 1.8583240509033203.
Epoch 45: reducing lr to 3.774206810409905e-05
Epoch 57: reducing lr to 2.7414269366705924e-05
Epoch 68: reducing lr to 1.691781444586752e-05
Epoch 72: reducing lr to 1.3303984879716342e-05
Epoch 75: reducing lr to 1.0766540656460875e-05
Epoch 80: reducing lr to 6.9845875336172655e-06
Epoch 86: reducing lr to 3.382614714965139e-06
Epoch 89: reducing lr to 2.0326023975104326e-06
Epoch 92: reducing lr to 1.0132497461846175e-06
Epoch 98: reducing lr to 2.5365589775529696e-08
[I 2024-06-22 15:57:25,676] Trial 504 finished with value: 1.8661959171295166 and parameters: {'hidden_size': 183, 'n_layers': 2, 'rnn_dropout': 0.05137703732186733, 'bidirectional': True, 'fc_dropout': 0.28670513984467216, 'learning_rate_model': 0.0004599867440438947}. Best is trial 346 with value: 1.8583240509033203.
Epoch 45: reducing lr to 3.934321868369614e-05
Epoch 53: reducing lr to 3.2436734787537076e-05
Epoch 57: reducing lr to 2.85772785893236e-05
Epoch 68: reducing lr to 1.7635527326115713e-05
Epoch 72: reducing lr to 1.3868386465828552e-05
Epoch 75: reducing lr to 1.1223294980701936e-05
Epoch 80: reducing lr to 7.280898174222652e-06
Epoch 86: reducing lr to 3.5261170661474183e-06
Epoch 89: reducing lr to 2.1188325028106426e-06
Epoch 92: reducing lr to 1.0562353455403602e-06
Epoch 98: reducing lr to 2.6441686842035382e-08
[I 2024-06-22 15:58:23,459] Trial 505 finished with value: 1.8661065101623535 and parameters: {'hidden_size': 183, 'n_layers': 2, 'rnn_dropout': 0.05816725814564073, 'bidirectional': True, 'fc_dropout': 0.2712146532064815, 'learning_rate_model': 0.0004795009911116876}. Best is trial 346 with value: 1.8583240509033203.
Epoch 30: reducing lr to 5.292966833417026e-05
Epoch 41: reducing lr to 4.729470711513821e-05
Epoch 45: reducing lr to 4.409636101295292e-05
Epoch 53: reducing lr to 3.635548933532931e-05
Epoch 57: reducing lr to 3.202976359340809e-05
Epoch 65: reducing lr to 2.307013059356854e-05
Epoch 68: reducing lr to 1.9766114864121653e-05
Epoch 72: reducing lr to 1.554385728277364e-05
Epoch 75: reducing lr to 1.257920637360015e-05
Epoch 80: reducing lr to 8.160519782844302e-06
Epoch 86: reducing lr to 3.9521151630434815e-06
Epoch 89: reducing lr to 2.3748134010356282e-06
Epoch 92: reducing lr to 1.1838415022940187e-06
Epoch 95: reducing lr to 3.9798531403558706e-07
Epoch 98: reducing lr to 2.9636166226057643e-08
[I 2024-06-22 15:59:20,310] Trial 506 finished with value: 1.8669276237487793 and parameters: {'hidden_size': 182, 'n_layers': 2, 'rnn_dropout': 0.062134729019544616, 'bidirectional': True, 'fc_dropout': 0.27360738995970096, 'learning_rate_model': 0.0005374305793362021}. Best is trial 346 with value: 1.8583240509033203.
Epoch 45: reducing lr to 3.955872601706545e-05
Epoch 53: reducing lr to 3.261441100344278e-05
Epoch 57: reducing lr to 2.873381415783542e-05
Epoch 65: reducing lr to 2.0696151663417806e-05
Epoch 68: reducing lr to 1.773212810240624e-05
Epoch 72: reducing lr to 1.3944352263375881e-05
Epoch 75: reducing lr to 1.1284771963364533e-05
Epoch 80: reducing lr to 7.3207801920787686e-06
Epoch 86: reducing lr to 3.5454318073276622e-06
Epoch 89: reducing lr to 2.130438669205114e-06
Epoch 92: reducing lr to 1.0620210049333534e-06
Epoch 95: reducing lr to 3.570315471638336e-07
Epoch 98: reducing lr to 2.6586524443322856e-08
[I 2024-06-22 16:00:17,509] Trial 507 finished with value: 1.8654322624206543 and parameters: {'hidden_size': 185, 'n_layers': 2, 'rnn_dropout': 0.05158356038901311, 'bidirectional': True, 'fc_dropout': 0.2802440689464648, 'learning_rate_model': 0.00048212751693747747}. Best is trial 346 with value: 1.8583240509033203.
Epoch 45: reducing lr to 3.955299176054362e-05
Epoch 53: reducing lr to 3.2609683363859015e-05
Epoch 57: reducing lr to 2.872964903226589e-05
Epoch 65: reducing lr to 2.0693151641561653e-05
Epoch 68: reducing lr to 1.772955773218822e-05
Epoch 72: reducing lr to 1.3942330952252904e-05
Epoch 75: reducing lr to 1.128313617314216e-05
Epoch 80: reducing lr to 7.319719004427193e-06
Epoch 86: reducing lr to 3.5449178773427816e-06
Epoch 89: reducing lr to 2.1301298503157457e-06
Epoch 92: reducing lr to 1.0618670591042763e-06
Epoch 95: reducing lr to 3.569797934628398e-07
Epoch 98: reducing lr to 2.6582670579295906e-08
[I 2024-06-22 16:01:12,678] Trial 508 finished with value: 1.8643827438354492 and parameters: {'hidden_size': 184, 'n_layers': 2, 'rnn_dropout': 0.05185993747671741, 'bidirectional': True, 'fc_dropout': 0.2736882286492746, 'learning_rate_model': 0.00048205762988254145}. Best is trial 346 with value: 1.8583240509033203.
Epoch 30: reducing lr to 5.421600738758553e-05
Epoch 45: reducing lr to 4.516802598025143e-05
Epoch 53: reducing lr to 3.7239029459609015e-05
Epoch 57: reducing lr to 3.2808176477496775e-05
Epoch 65: reducing lr to 2.363079932405328e-05
Epoch 68: reducing lr to 2.0246486766765844e-05
Epoch 72: reducing lr to 1.5921616511063323e-05
Epoch 75: reducing lr to 1.2884916288825253e-05
Epoch 80: reducing lr to 8.35884324911971e-06
Epoch 86: reducing lr to 4.048162620694652e-06
Epoch 89: reducing lr to 2.43252801211233e-06
Epoch 92: reducing lr to 1.212612163539056e-06
Epoch 98: reducing lr to 3.0356407996112637e-08
[I 2024-06-22 16:02:10,523] Trial 509 finished with value: 1.866182804107666 and parameters: {'hidden_size': 183, 'n_layers': 2, 'rnn_dropout': 0.05230129024556353, 'bidirectional': True, 'fc_dropout': 0.27968355440632864, 'learning_rate_model': 0.0005504916463040722}. Best is trial 346 with value: 1.8583240509033203.
Epoch 45: reducing lr to 4.041473340178502e-05
Epoch 53: reducing lr to 3.332015103802283e-05
Epoch 57: reducing lr to 2.935558233863214e-05
Epoch 65: reducing lr to 2.1143993655384865e-05
Epoch 68: reducing lr to 1.8115831879820734e-05
Epoch 72: reducing lr to 1.4246092731646555e-05
Epoch 75: reducing lr to 1.1528962034888806e-05
Epoch 80: reducing lr to 7.4791938352184575e-06
Epoch 86: reducing lr to 3.622151057785394e-06
Epoch 89: reducing lr to 2.1765390222029526e-06
Epoch 92: reducing lr to 1.0850019730908712e-06
Epoch 95: reducing lr to 3.647573177262666e-07
Epoch 98: reducing lr to 2.7161827633012844e-08
