[I 2024-06-21 23:18:17,619] Trial 191 finished with value: 1.0923364162445068 and parameters: {'hidden_size': 115, 'n_layers': 3, 'rnn_dropout': 0.5570160664808824, 'bidirectional': False, 'fc_dropout': 0.4491930070394994, 'learning_rate_model': 0.0002705949305417018}. Best is trial 153 with value: 0.9688200950622559.
[I 2024-06-21 23:19:26,105] Trial 192 finished with value: 1.1059753894805908 and parameters: {'hidden_size': 129, 'n_layers': 7, 'rnn_dropout': 0.4775108199567785, 'bidirectional': True, 'fc_dropout': 0.5916895700060374, 'learning_rate_model': 1.413889647537952e-05}. Best is trial 153 with value: 0.9688200950622559.
[I 2024-06-21 23:19:46,893] Trial 193 finished with value: 1.106532096862793 and parameters: {'hidden_size': 157, 'n_layers': 4, 'rnn_dropout': 0.00425322636888259, 'bidirectional': False, 'fc_dropout': 0.6143703026250493, 'learning_rate_model': 1.6306861470410482e-05}. Best is trial 153 with value: 0.9688200950622559.
Epoch 6: reducing lr to 0.002836203043909326
Epoch 12: reducing lr to 0.004751544167111782
Epoch 16: reducing lr to 0.004593974797587733
Epoch 19: reducing lr to 0.004311875829937961
Epoch 22: reducing lr to 0.003908165480520444
Epoch 25: reducing lr to 0.003408210033569655
Epoch 28: reducing lr to 0.002843423973850281
Epoch 33: reducing lr to 0.001855337251189491
Epoch 36: reducing lr to 0.0012951100890592425
Epoch 40: reducing lr to 0.0006593382673202406
Epoch 48: reducing lr to 1.0335382149349176e-05
[I 2024-06-21 23:20:36,668] Trial 194 finished with value: 1.0287219285964966 and parameters: {'hidden_size': 117, 'n_layers': 6, 'rnn_dropout': 0.5196664439027832, 'bidirectional': True, 'fc_dropout': 0.2214451700804693, 'learning_rate_model': 0.04752805227340119}. Best is trial 153 with value: 0.9688200950622559.
Epoch 34: reducing lr to 1.2664261019259893e-06
Epoch 37: reducing lr to 8.542297658442047e-07
Epoch 40: reducing lr to 5.020599750819696e-07
Epoch 43: reducing lr to 2.3204467760522484e-07
[I 2024-06-21 23:21:02,711] Trial 195 finished with value: 1.1068612337112427 and parameters: {'hidden_size': 157, 'n_layers': 5, 'rnn_dropout': 0.6663745150696564, 'bidirectional': False, 'fc_dropout': 0.7988164056718448, 'learning_rate_model': 3.619072928538003e-05}. Best is trial 153 with value: 0.9688200950622559.
Epoch 18: reducing lr to 0.0005119294104797645
Epoch 22: reducing lr to 0.0004526003808320566
Epoch 25: reducing lr to 0.0003947010859283887
Epoch 28: reducing lr to 0.0003292938284845242
Epoch 31: reducing lr to 0.00026048836867712986
Epoch 34: reducing lr to 0.00019260808174023032
Epoch 37: reducing lr to 0.00012991800809730448
Epoch 40: reducing lr to 7.635724545792506e-05
Epoch 43: reducing lr to 3.529118687904658e-05
Epoch 46: reducing lr to 9.300223651369233e-06
Epoch 49: reducing lr to 1.7427279673607604e-08
[I 2024-06-21 23:21:05,404] Trial 196 finished with value: 0.9836214780807495 and parameters: {'hidden_size': 29, 'n_layers': 1, 'rnn_dropout': 0.011795032719957544, 'bidirectional': True, 'fc_dropout': 0.6733894609486798, 'learning_rate_model': 0.005504171884830901}. Best is trial 153 with value: 0.9688200950622559.
[I 2024-06-21 23:21:14,389] Trial 197 finished with value: 1.1080824136734009 and parameters: {'hidden_size': 106, 'n_layers': 3, 'rnn_dropout': 0.2829182296536041, 'bidirectional': False, 'fc_dropout': 0.5805140363958952, 'learning_rate_model': 1.269705997902816e-05}. Best is trial 153 with value: 0.9688200950622559.
Epoch 17: reducing lr to 0.0014585292860055403
Epoch 20: reducing lr to 0.0013535310176171235
Epoch 23: reducing lr to 0.0012117247391490377
Epoch 26: reducing lr to 0.0010420206266410059
Epoch 29: reducing lr to 0.0008550818403164434
Epoch 32: reducing lr to 0.0006626544354632524
Epoch 35: reducing lr to 0.0004768294040883686
Epoch 38: reducing lr to 0.00030928274007189816
Epoch 41: reducing lr to 0.00017054192179886355
Epoch 44: reducing lr to 6.932474716673624e-05
Epoch 47: reducing lr to 1.1990945557750591e-05
[I 2024-06-21 23:21:26,945] Trial 198 finished with value: 1.1676826477050781 and parameters: {'hidden_size': 101, 'n_layers': 2, 'rnn_dropout': 0.023172948942318784, 'bidirectional': True, 'fc_dropout': 0.2637880633954088, 'learning_rate_model': 0.015354453027065824}. Best is trial 153 with value: 0.9688200950622559.
Epoch 9: reducing lr to 0.003209022466312228
Epoch 12: reducing lr to 0.003563450490390371
Epoch 15: reducing lr to 0.0034930527140771017
Epoch 18: reducing lr to 0.0033151567559183
Epoch 22: reducing lr to 0.00293095332975775
Epoch 25: reducing lr to 0.0025560085918046884
Epoch 29: reducing lr to 0.001984994504839836
Epoch 32: reducing lr to 0.0015382918347505985
Epoch 35: reducing lr to 0.001106915972523974
Epoch 38: reducing lr to 0.000717971673047492
Epoch 41: reducing lr to 0.00039589751723681786
Epoch 44: reducing lr to 0.00016093107780707495
Epoch 47: reducing lr to 2.783588648211724e-05
[I 2024-06-21 23:21:40,337] Trial 199 finished with value: 1.017484188079834 and parameters: {'hidden_size': 76, 'n_layers': 3, 'rnn_dropout': 0.742487262800581, 'bidirectional': True, 'fc_dropout': 0.76154813405434, 'learning_rate_model': 0.03564396230455292}. Best is trial 153 with value: 0.9688200950622559.
Epoch 8: reducing lr to 0.0010164787407363769
Epoch 14: reducing lr to 0.0012339828633901476
Epoch 17: reducing lr to 0.0011839839181552144
Epoch 20: reducing lr to 0.0010987499345809153
Epoch 23: reducing lr to 0.0009836364741858418
Epoch 26: reducing lr to 0.0008458765114739586
Epoch 29: reducing lr to 0.0006941260332275484
Epoch 33: reducing lr to 0.0004865616181922816
Epoch 36: reducing lr to 0.00033964221882884835
Epoch 39: reducing lr to 0.00021054086350445755
Epoch 42: reducing lr to 0.00010736939632775087
Epoch 45: reducing lr to 3.661061025632822e-05
Epoch 48: reducing lr to 2.7104507603665715e-06
[I 2024-06-21 23:21:50,309] Trial 200 finished with value: 1.093712568283081 and parameters: {'hidden_size': 111, 'n_layers': 3, 'rnn_dropout': 0.5682836626556875, 'bidirectional': False, 'fc_dropout': 0.7923249575119574, 'learning_rate_model': 0.012464216955083157}. Best is trial 153 with value: 0.9688200950622559.
Epoch 9: reducing lr to 0.004866269249132282
Epoch 12: reducing lr to 0.005403735786904527
Epoch 15: reducing lr to 0.005296982238845314
Epoch 18: reducing lr to 0.005027214844001257
Epoch 21: reducing lr to 0.0046113841270945
Epoch 24: reducing lr to 0.004075618133533366
Epoch 27: reducing lr to 0.003453581572742603
Epoch 30: reducing lr to 0.002784358380249584
Epoch 33: reducing lr to 0.002109998760071268
Epoch 36: reducing lr to 0.0014728754464013588
Epoch 39: reducing lr to 0.0009130209706824481
Epoch 42: reducing lr to 0.00046561275006206103
Epoch 45: reducing lr to 0.00015876374000338352
Epoch 48: reducing lr to 1.1754005103928322e-05
[I 2024-06-21 23:21:54,507] Trial 201 finished with value: 1.1246203184127808 and parameters: {'hidden_size': 77, 'n_layers': 1, 'rnn_dropout': 0.1479244722227267, 'bidirectional': True, 'fc_dropout': 0.6405277265033917, 'learning_rate_model': 0.05405169938844537}. Best is trial 153 with value: 0.9688200950622559.
[I 2024-06-21 23:22:11,088] Trial 202 finished with value: 1.1070237159729004 and parameters: {'hidden_size': 48, 'n_layers': 7, 'rnn_dropout': 0.7659159410613351, 'bidirectional': True, 'fc_dropout': 0.04606680448653897, 'learning_rate_model': 1.0548472419055645e-05}. Best is trial 153 with value: 0.9688200950622559.
[I 2024-06-21 23:22:13,553] Trial 203 finished with value: 1.0950431823730469 and parameters: {'hidden_size': 73, 'n_layers': 1, 'rnn_dropout': 0.23508998837643535, 'bidirectional': False, 'fc_dropout': 0.38156073798942236, 'learning_rate_model': 0.00012970411945941392}. Best is trial 153 with value: 0.9688200950622559.
Epoch 6: reducing lr to 0.00217678046546955
Epoch 10: reducing lr to 0.003506180687153268
Epoch 13: reducing lr to 0.003635436668110886
Epoch 16: reducing lr to 0.003525866957841157
Epoch 19: reducing lr to 0.003309356534362187
Epoch 22: reducing lr to 0.0029995096056639357
Epoch 25: reducing lr to 0.002615794746861899
Epoch 28: reducing lr to 0.002182322515525433
Epoch 31: reducing lr to 0.0017263294444745624
Epoch 34: reducing lr to 0.0012764677533992172
Epoch 37: reducing lr to 0.0008610030608462736
Epoch 40: reducing lr to 0.0005060408716228447
Epoch 43: reducing lr to 0.00023388458897090624
Epoch 46: reducing lr to 6.163518936024918e-05
Epoch 49: reducing lr to 1.1549546795677768e-07
[I 2024-06-21 23:22:29,226] Trial 204 finished with value: 1.1138315200805664 and parameters: {'hidden_size': 109, 'n_layers': 5, 'rnn_dropout': 0.08899653805394801, 'bidirectional': False, 'fc_dropout': 0.6753998876555427, 'learning_rate_model': 0.03647769011909392}. Best is trial 153 with value: 0.9688200950622559.
Epoch 7: reducing lr to 0.0030350560767036473
Epoch 10: reducing lr to 0.004096297897177274
Epoch 13: reducing lr to 0.004247308655103776
Epoch 16: reducing lr to 0.004119297518821855
Epoch 19: reducing lr to 0.0038663467237691485
Epoch 22: reducing lr to 0.0035043501709035307
Epoch 28: reducing lr to 0.002549624200505065
Epoch 34: reducing lr to 0.0014913071061118538
Epoch 37: reducing lr to 0.00100591650639413
Epoch 40: reducing lr to 0.0005912114472336083
Epoch 43: reducing lr to 0.00027324916639180977
Epoch 46: reducing lr to 7.200886636949122e-05
Epoch 49: reducing lr to 1.3493424462010517e-07
[I 2024-06-21 23:22:38,779] Trial 205 finished with value: 1.1402387619018555 and parameters: {'hidden_size': 86, 'n_layers': 4, 'rnn_dropout': 0.08126518075693295, 'bidirectional': False, 'fc_dropout': 0.22769917517498836, 'learning_rate_model': 0.042617166273324125}. Best is trial 153 with value: 0.9688200950622559.
Epoch 12: reducing lr to 2.400758154178815e-05
Epoch 19: reducing lr to 2.1786119826436155e-05
Epoch 23: reducing lr to 1.8951050273544552e-05
[I 2024-06-21 23:24:37,298] Trial 206 finished with value: 1.055902123451233 and parameters: {'hidden_size': 180, 'n_layers': 7, 'rnn_dropout': 0.1249196515526358, 'bidirectional': True, 'fc_dropout': 0.16850254273504195, 'learning_rate_model': 0.0002401395315598264}. Best is trial 153 with value: 0.9688200950622559.
Epoch 13: reducing lr to 0.00019667118309843077
Epoch 16: reducing lr to 0.00019074364082007837
Epoch 22: reducing lr to 0.00016226856818484412
Epoch 25: reducing lr to 0.00014151022134992075
Epoch 28: reducing lr to 0.00011806008196912408
Epoch 31: reducing lr to 9.339160196095407e-05
Epoch 34: reducing lr to 6.905481959020687e-05
Epoch 37: reducing lr to 4.6578858631582095e-05
Epoch 40: reducing lr to 2.7375984236287708e-05
Epoch 43: reducing lr to 1.265277407385037e-05
Epoch 46: reducing lr to 3.334363026677358e-06
Epoch 49: reducing lr to 6.248116085974531e-09
[I 2024-06-21 23:24:42,844] Trial 207 finished with value: 1.0925538539886475 and parameters: {'hidden_size': 45, 'n_layers': 4, 'rnn_dropout': 0.06701996307636841, 'bidirectional': False, 'fc_dropout': 0.5528218732453634, 'learning_rate_model': 0.0019733834274571717}. Best is trial 153 with value: 0.9688200950622559.
Epoch 5: reducing lr to 0.00411685693231406
Epoch 8: reducing lr to 0.007045948680949027
Epoch 11: reducing lr to 0.008591031109546603
Epoch 14: reducing lr to 0.00855362692811344
Epoch 17: reducing lr to 0.008207048108401277
Epoch 20: reducing lr to 0.007616229776379596
Epoch 23: reducing lr to 0.00681829519897509
Epoch 26: reducing lr to 0.005863381349174154
Epoch 29: reducing lr to 0.0048114891263627965
Epoch 32: reducing lr to 0.003728712809042454
Epoch 35: reducing lr to 0.0026830876118854215
Epoch 38: reducing lr to 0.0017403135824717295
Epoch 41: reducing lr to 0.0009596281474304011
Epoch 44: reducing lr to 0.00039008578062792317
Epoch 47: reducing lr to 6.747225990037936e-05
[I 2024-06-21 23:24:54,578] Trial 208 finished with value: 1.1274638175964355 and parameters: {'hidden_size': 177, 'n_layers': 2, 'rnn_dropout': 0.5036863653751306, 'bidirectional': False, 'fc_dropout': 0.6905811853710797, 'learning_rate_model': 0.08639849462086026}. Best is trial 153 with value: 0.9688200950622559.
[I 2024-06-21 23:24:57,860] Trial 209 finished with value: 1.11143159866333 and parameters: {'hidden_size': 17, 'n_layers': 2, 'rnn_dropout': 0.17907973626202028, 'bidirectional': True, 'fc_dropout': 0.39215624979538544, 'learning_rate_model': 1.5202975046828169e-05}. Best is trial 153 with value: 0.9688200950622559.
Epoch 10: reducing lr to 0.0006207248031327303
Epoch 13: reducing lr to 0.0006436079345205732
Epoch 18: reducing lr to 0.0006006344373249404
Epoch 22: reducing lr to 0.0005310251169577248
Epoch 25: reducing lr to 0.00046309326990212385
Epoch 28: reducing lr to 0.00038635251137655754
Epoch 31: reducing lr to 0.00030562472393108186
Epoch 34: reducing lr to 0.00022598241951338766
Epoch 37: reducing lr to 0.0001524296672441054
Epoch 40: reducing lr to 8.958811551444557e-05
Epoch 43: reducing lr to 4.140629887577699e-05
Epoch 46: reducing lr to 1.0911728229486082e-05
Epoch 49: reducing lr to 2.0447007158686663e-08
[I 2024-06-21 23:25:06,599] Trial 210 finished with value: 1.0981199741363525 and parameters: {'hidden_size': 67, 'n_layers': 5, 'rnn_dropout': 0.2357536332487234, 'bidirectional': False, 'fc_dropout': 0.30442726176771207, 'learning_rate_model': 0.006457912195134263}. Best is trial 153 with value: 0.9688200950622559.
Epoch 12: reducing lr to 0.001656639978109472
Epoch 16: reducing lr to 0.0016017029497038802
Epoch 19: reducing lr to 0.001503348307264327
Epoch 23: reducing lr to 0.001307714709025121
Epoch 26: reducing lr to 0.0011245670378265786
Epoch 29: reducing lr to 0.000922819402686593
Epoch 32: reducing lr to 0.0007151483536307075
Epoch 35: reducing lr to 0.0005146027024751102
Epoch 38: reducing lr to 0.0003337833877384162
Epoch 41: reducing lr to 0.00018405184976119822
Epoch 44: reducing lr to 7.481648978550567e-05
Epoch 47: reducing lr to 1.2940839923761965e-05
[I 2024-06-21 23:25:42,179] Trial 211 finished with value: 1.0867081880569458 and parameters: {'hidden_size': 107, 'n_layers': 5, 'rnn_dropout': 0.28271547760130356, 'bidirectional': True, 'fc_dropout': 0.7496643078391715, 'learning_rate_model': 0.0165707965050135}. Best is trial 153 with value: 0.9688200950622559.
Epoch 18: reducing lr to 0.00014936346763035898
Epoch 22: reducing lr to 0.00013205328888711934
Epoch 27: reducing lr to 0.00010260928475429509
Epoch 31: reducing lr to 7.600158386393281e-05
Epoch 37: reducing lr to 3.790562487679049e-05
Epoch 40: reducing lr to 2.2278428874812585e-05
Epoch 43: reducing lr to 1.029675955539534e-05
Epoch 46: reducing lr to 2.713486714905748e-06
Epoch 49: reducing lr to 5.084683298364756e-09
[I 2024-06-21 23:26:12,592] Trial 212 finished with value: 0.9694513082504272 and parameters: {'hidden_size': 189, 'n_layers': 2, 'rnn_dropout': 0.7465246102585805, 'bidirectional': True, 'fc_dropout': 0.2197073987390904, 'learning_rate_model': 0.001605928829877941}. Best is trial 153 with value: 0.9688200950622559.
Epoch 18: reducing lr to 0.0003534148410599202
Epoch 22: reducing lr to 0.00031245653869644863
Epoch 25: reducing lr to 0.00027248526592529756
Epoch 28: reducing lr to 0.00022733080708687068
Epoch 31: reducing lr to 0.0001798303702217646
Epoch 34: reducing lr to 0.00013296863434997022
Epoch 37: reducing lr to 8.96900065567638e-05
Epoch 40: reducing lr to 5.2713876590906696e-05
Epoch 43: reducing lr to 2.4363572294050115e-05
Epoch 46: reducing lr to 6.420488833587491e-06
Epoch 49: reducing lr to 1.2031071374048186e-08
[I 2024-06-21 23:26:23,783] Trial 213 finished with value: 1.0080052614212036 and parameters: {'hidden_size': 50, 'n_layers': 4, 'rnn_dropout': 0.14825411675014752, 'bidirectional': True, 'fc_dropout': 0.7711342139391983, 'learning_rate_model': 0.003799852073396136}. Best is trial 153 with value: 0.9688200950622559.
Epoch 26: reducing lr to 1.1723866569655842e-06
Epoch 29: reducing lr to 9.620601690315182e-07
Epoch 32: reducing lr to 7.455583876688751e-07
Epoch 35: reducing lr to 5.364849953154038e-07
Epoch 38: reducing lr to 3.479767563324542e-07
Epoch 41: reducing lr to 1.918782301025782e-07
Epoch 44: reducing lr to 7.799788842739967e-08
Epoch 47: reducing lr to 1.349111928966709e-08
[I 2024-06-21 23:26:43,621] Trial 214 finished with value: 1.1078904867172241 and parameters: {'hidden_size': 105, 'n_layers': 7, 'rnn_dropout': 0.11455182536701028, 'bidirectional': False, 'fc_dropout': 0.3470718617221808, 'learning_rate_model': 1.727543140097415e-05}. Best is trial 153 with value: 0.9688200950622559.
Epoch 9: reducing lr to 0.0005013724227798435
Epoch 12: reducing lr to 0.0005567476777051674
Epoch 15: reducing lr to 0.0005457488442476196
Epoch 18: reducing lr to 0.0005179546706383215
Epoch 21: reducing lr to 0.00047511157188479577
Epoch 27: reducing lr to 0.00035582300767729517
Epoch 30: reducing lr to 0.00028687284560796123
Epoch 33: reducing lr to 0.00021739347665319453
Epoch 36: reducing lr to 0.00015175056972995676
Epoch 39: reducing lr to 9.406868232814869e-05
Epoch 42: reducing lr to 4.7972148811417996e-05
Epoch 45: reducing lr to 1.635745103690661e-05
Epoch 48: reducing lr to 1.211016841571981e-06
[I 2024-06-21 23:26:55,698] Trial 215 finished with value: 1.0937811136245728 and parameters: {'hidden_size': 107, 'n_layers': 4, 'rnn_dropout': 0.6453974486198909, 'bidirectional': False, 'fc_dropout': 0.1921377657771018, 'learning_rate_model': 0.005568954385864473}. Best is trial 153 with value: 0.9688200950622559.
Epoch 6: reducing lr to 0.003283974407439604
Epoch 9: reducing lr to 0.004954493284148655
Epoch 12: reducing lr to 0.005501703932700836
Epoch 18: reducing lr to 0.005118356775473931
Epoch 21: reducing lr to 0.004694987169563897
Epoch 24: reducing lr to 0.004149507895590886
Epoch 27: reducing lr to 0.003516193994293234
Epoch 30: reducing lr to 0.0028348379814925836
Epoch 33: reducing lr to 0.0021482524190783647
Epoch 36: reducing lr to 0.0014995782464943125
Epoch 39: reducing lr to 0.0009295737732431641
Epoch 42: reducing lr to 0.000474054172733622
Epoch 45: reducing lr to 0.00016164208007054816
Epoch 48: reducing lr to 1.1967101770960636e-05
[I 2024-06-21 23:27:29,093] Trial 216 finished with value: 1.0875859260559082 and parameters: {'hidden_size': 199, 'n_layers': 2, 'rnn_dropout': 0.6571573921810379, 'bidirectional': True, 'fc_dropout': 0.11105321443653891, 'learning_rate_model': 0.055031640853951194}. Best is trial 153 with value: 0.9688200950622559.
Epoch 16: reducing lr to 0.00031963231307090723
Epoch 22: reducing lr to 0.00027191615701909323
Epoch 27: reducing lr to 0.0002112868420014586
Epoch 30: reducing lr to 0.00017034440240426804
Epoch 33: reducing lr to 0.0001290877210375011
Epoch 36: reducing lr to 9.010912155304847e-05
Epoch 39: reducing lr to 5.585775622013326e-05
Epoch 42: reducing lr to 2.8485746024554513e-05
Epoch 45: reducing lr to 9.713014892830975e-06
Epoch 48: reducing lr to 7.190988737253764e-07
[I 2024-06-21 23:28:14,145] Trial 217 finished with value: 0.9883724451065063 and parameters: {'hidden_size': 180, 'n_layers': 3, 'rnn_dropout': 0.7582112528812855, 'bidirectional': True, 'fc_dropout': 0.3744396438931783, 'learning_rate_model': 0.003306831655210467}. Best is trial 153 with value: 0.9688200950622559.
[I 2024-06-21 23:28:16,324] Trial 218 finished with value: 1.0933399200439453 and parameters: {'hidden_size': 45, 'n_layers': 1, 'rnn_dropout': 0.2124096139779087, 'bidirectional': False, 'fc_dropout': 0.4411750686502212, 'learning_rate_model': 0.00019346062318522451}. Best is trial 153 with value: 0.9688200950622559.
Epoch 6: reducing lr to 0.0018017395956177514
Epoch 9: reducing lr to 0.002718263183187439
Epoch 12: reducing lr to 0.003018488145479039
Epoch 18: reducing lr to 0.0028081662408751215
Epoch 21: reducing lr to 0.0025758861777841558
Epoch 24: reducing lr to 0.002276611127321061
Epoch 27: reducing lr to 0.001929145955291057
Epoch 30: reducing lr to 0.0015553226684243656
Epoch 33: reducing lr to 0.0011786302098050973
Epoch 36: reducing lr to 0.0008227376855663056
Epoch 39: reducing lr to 0.0005100069813290129
Epoch 42: reducing lr to 0.0002600879506085774
Epoch 45: reducing lr to 8.868428917148258e-05
Epoch 48: reducing lr to 6.565703148197696e-06
[I 2024-06-21 23:28:38,699] Trial 219 finished with value: 1.1372100114822388 and parameters: {'hidden_size': 160, 'n_layers': 2, 'rnn_dropout': 0.1959045110095069, 'bidirectional': True, 'fc_dropout': 0.07035094701648266, 'learning_rate_model': 0.030192892524910118}. Best is trial 153 with value: 0.9688200950622559.
Epoch 10: reducing lr to 0.0026584814415672444
Epoch 16: reducing lr to 0.002673408106775681
Epoch 19: reducing lr to 0.002509244022239571
Epoch 25: reducing lr to 0.0019833666345152223
Epoch 28: reducing lr to 0.0016546962135454534
Epoch 31: reducing lr to 0.001308949880130948
Epoch 34: reducing lr to 0.00096785252557137
Epoch 39: reducing lr to 0.00046719487423061806
Epoch 42: reducing lr to 0.0002382550863457386
Epoch 45: reducing lr to 8.123976110627727e-05
Epoch 48: reducing lr to 6.014550719608478e-06
[I 2024-06-21 23:28:43,087] Trial 220 finished with value: 1.103420615196228 and parameters: {'hidden_size': 32, 'n_layers': 5, 'rnn_dropout': 0.09632070148617872, 'bidirectional': False, 'fc_dropout': 0.7256872441762966, 'learning_rate_model': 0.02765837555610633}. Best is trial 153 with value: 0.9688200950622559.
Epoch 8: reducing lr to 0.001388509160839823
Epoch 11: reducing lr to 0.0016929906726284405
Epoch 16: reducing lr to 0.001645712775645173
Epoch 22: reducing lr to 0.0014000333358391963
Epoch 25: reducing lr to 0.0012209328612932011
Epoch 28: reducing lr to 0.0010186079302825796
Epoch 31: reducing lr to 0.0008057713055298477
Epoch 34: reducing lr to 0.0005957965273750473
Epoch 37: reducing lr to 0.0004018766884987342
Epoch 40: reducing lr to 0.00023619663968780185
Epoch 43: reducing lr to 0.00010916658532448276
Epoch 46: reducing lr to 2.876847588758093e-05
Epoch 49: reducing lr to 5.39079804819792e-08
