[I 2024-06-22 16:47:08,378] Trial 556 finished with value: 1.8622896671295166 and parameters: {'hidden_size': 187, 'n_layers': 2, 'rnn_dropout': 0.03092210808359128, 'bidirectional': True, 'fc_dropout': 0.32339373507096864, 'learning_rate_model': 0.0006425436883903188}. Best is trial 346 with value: 1.8583240509033203.
Epoch 30: reducing lr to 6.0175548574878705e-05
Epoch 41: reducing lr to 5.376918153678198e-05
Epoch 45: reducing lr to 5.013299341604373e-05
Epoch 53: reducing lr to 4.1332424390977225e-05
Epoch 65: reducing lr to 2.6228348067426854e-05
Epoch 68: reducing lr to 2.2472024529477534e-05
Epoch 71: reducing lr to 1.884311366465084e-05
Epoch 74: reducing lr to 1.539882916261563e-05
Epoch 80: reducing lr to 9.277665438757065e-06
Epoch 86: reducing lr to 4.493145440960663e-06
Epoch 96: reducing lr to 2.5965453576298236e-07
Epoch 99: reducing lr to 9.418791589439584e-10
[I 2024-06-22 16:48:07,132] Trial 557 finished with value: 1.8620553016662598 and parameters: {'hidden_size': 187, 'n_layers': 2, 'rnn_dropout': 0.03238342796501005, 'bidirectional': True, 'fc_dropout': 0.2968367656401107, 'learning_rate_model': 0.0006110028826988267}. Best is trial 346 with value: 1.8583240509033203.
Epoch 46: reducing lr to 2.653756130427325e-05
Epoch 55: reducing lr to 2.1011648337618234e-05
Epoch 58: reducing lr to 1.8986848471925075e-05
Epoch 68: reducing lr to 1.2137294413899809e-05
Epoch 72: reducing lr to 9.544636033210053e-06
Epoch 86: reducing lr to 2.426778637139521e-06
Epoch 89: reducing lr to 1.4582435458150405e-06
Epoch 97: reducing lr to 6.48026967684824e-08
[I 2024-06-22 16:49:05,868] Trial 558 finished with value: 1.865069031715393 and parameters: {'hidden_size': 187, 'n_layers': 2, 'rnn_dropout': 0.02551481832533882, 'bidirectional': True, 'fc_dropout': 0.29797680522789266, 'learning_rate_model': 0.000330006843189823}. Best is trial 346 with value: 1.8583240509033203.
Epoch 39: reducing lr to 2.7461865064881653e-05
Epoch 46: reducing lr to 2.437815470539808e-05
Epoch 57: reducing lr to 1.8067336093711227e-05
Epoch 67: reducing lr to 1.1765314706895604e-05
Epoch 72: reducing lr to 8.767972729538037e-06
Epoch 80: reducing lr to 4.603182698681272e-06
Epoch 87: reducing lr to 1.909317056665848e-06
Epoch 90: reducing lr to 1.0908404788866987e-06
Epoch 93: reducing lr to 4.942076315068327e-07
Epoch 96: reducing lr to 1.2882952878050638e-07
Epoch 99: reducing lr to 4.673203487810112e-10
[I 2024-06-22 16:50:08,260] Trial 559 finished with value: 1.8697881698608398 and parameters: {'hidden_size': 195, 'n_layers': 2, 'rnn_dropout': 0.030450674755108948, 'bidirectional': True, 'fc_dropout': 0.2960519177179436, 'learning_rate_model': 0.0003031536238345344}. Best is trial 346 with value: 1.8583240509033203.
Epoch 39: reducing lr to 3.4456769380491456e-05
Epoch 45: reducing lr to 3.1209561658364056e-05
Epoch 68: reducing lr to 1.3989630128819575e-05
Epoch 72: reducing lr to 1.100129264936479e-05
Epoch 75: reducing lr to 8.903036620523853e-06
Epoch 86: reducing lr to 2.7971419642933746e-06
Epoch 89: reducing lr to 1.6807936882809753e-06
Epoch 97: reducing lr to 7.469257383283705e-08
[I 2024-06-22 16:51:07,083] Trial 560 finished with value: 1.8637570142745972 and parameters: {'hidden_size': 187, 'n_layers': 2, 'rnn_dropout': 0.021846042193063697, 'bidirectional': True, 'fc_dropout': 0.30054999445220637, 'learning_rate_model': 0.00038037090629670337}. Best is trial 346 with value: 1.8583240509033203.
Epoch 39: reducing lr to 3.318103614776113e-05
Epoch 55: reducing lr to 2.3321681325095594e-05
Epoch 68: reducing lr to 1.3471675706805623e-05
Epoch 72: reducing lr to 1.0593978937484055e-05
Epoch 86: reducing lr to 2.6935801091145202e-06
Epoch 89: reducing lr to 1.6185636996878634e-06
Epoch 97: reducing lr to 7.192714339957678e-08
[I 2024-06-22 16:52:05,860] Trial 561 finished with value: 1.8644652366638184 and parameters: {'hidden_size': 187, 'n_layers': 2, 'rnn_dropout': 0.020315276077431825, 'bidirectional': True, 'fc_dropout': 0.3215288103717976, 'learning_rate_model': 0.00036628798980015}. Best is trial 346 with value: 1.8583240509033203.
Epoch 46: reducing lr to 2.5944879868281086e-05
Epoch 57: reducing lr to 1.9228480176450755e-05
Epoch 72: reducing lr to 9.331469174156029e-06
Epoch 87: reducing lr to 2.0320242554981576e-06
Epoch 90: reducing lr to 1.160946163571055e-06
Epoch 97: reducing lr to 6.335541399307654e-08
[I 2024-06-22 16:53:04,508] Trial 562 finished with value: 1.8695067167282104 and parameters: {'hidden_size': 188, 'n_layers': 2, 'rnn_dropout': 0.019317269195093724, 'bidirectional': True, 'fc_dropout': 0.32560268003794224, 'learning_rate_model': 0.0003226365755353686}. Best is trial 346 with value: 1.8583240509033203.
Epoch 45: reducing lr to 3.259827524204857e-05
Epoch 53: reducing lr to 2.6875828768825302e-05
Epoch 68: reducing lr to 1.4612118506044421e-05
Epoch 72: reducing lr to 1.1490810724225902e-05
Epoch 75: reducing lr to 9.299189825951799e-06
Epoch 80: reducing lr to 6.032671719128941e-06
Epoch 86: reducing lr to 2.9216047518143647e-06
Epoch 89: reducing lr to 1.7555829804805155e-06
Epoch 92: reducing lr to 8.751559141899432e-07
Epoch 97: reducing lr to 7.801612553847803e-08
[I 2024-06-22 16:54:06,078] Trial 563 finished with value: 1.8664307594299316 and parameters: {'hidden_size': 194, 'n_layers': 2, 'rnn_dropout': 0.026076733146678483, 'bidirectional': True, 'fc_dropout': 0.3058062169383718, 'learning_rate_model': 0.00039729604770672567}. Best is trial 346 with value: 1.8583240509033203.
Epoch 35: reducing lr to 7.948100582769513e-05
Epoch 45: reducing lr to 6.872734695447617e-05
Epoch 50: reducing lr to 6.145736051036561e-05
Epoch 56: reducing lr to 5.16348075890391e-05
Epoch 60: reducing lr to 4.470585646523909e-05
Epoch 66: reducing lr to 3.422551008264774e-05
Epoch 72: reducing lr to 2.422621839861674e-05
Epoch 75: reducing lr to 1.9605596947023055e-05
Epoch 78: reducing lr to 1.5336288245297646e-05
Epoch 81: reducing lr to 1.148560920737425e-05
Epoch 85: reducing lr to 7.1064775008065555e-06
Epoch 96: reducing lr to 3.5596053919204975e-07
Epoch 99: reducing lr to 1.2912226327434565e-09
[I 2024-06-22 16:55:04,753] Trial 564 finished with value: 1.865654706954956 and parameters: {'hidden_size': 188, 'n_layers': 2, 'rnn_dropout': 0.020837072732482777, 'bidirectional': True, 'fc_dropout': 0.323064139644085, 'learning_rate_model': 0.0008376241721881455}. Best is trial 346 with value: 1.8583240509033203.
Epoch 30: reducing lr to 6.04122993240869e-05
Epoch 41: reducing lr to 5.398072749381308e-05
Epoch 45: reducing lr to 5.033023339195402e-05
Epoch 53: reducing lr to 4.149503998274002e-05
Epoch 57: reducing lr to 3.655778935299923e-05
Epoch 65: reducing lr to 2.6331539167508474e-05
Epoch 68: reducing lr to 2.2560436995496993e-05
Epoch 71: reducing lr to 1.8917248780709987e-05
Epoch 74: reducing lr to 1.5459413310621227e-05
Epoch 80: reducing lr to 9.314166879883036e-06
Epoch 86: reducing lr to 4.510822979007952e-06
Epoch 89: reducing lr to 2.710539146333498e-06
Epoch 92: reducing lr to 1.3512003653099012e-06
Epoch 97: reducing lr to 1.2045329937035181e-07
[I 2024-06-22 16:55:59,120] Trial 565 finished with value: 1.8638665676116943 and parameters: {'hidden_size': 179, 'n_layers': 2, 'rnn_dropout': 0.026538477973299068, 'bidirectional': True, 'fc_dropout': 0.30008969516372813, 'learning_rate_model': 0.000613406772545669}. Best is trial 346 with value: 1.8583240509033203.
Epoch 30: reducing lr to 5.87414433295244e-05
Epoch 45: reducing lr to 4.893822260753505e-05
Epoch 53: reducing lr to 4.034738897333492e-05
Epoch 57: reducing lr to 3.554669058384417e-05
Epoch 65: reducing lr to 2.560327339122893e-05
Epoch 68: reducing lr to 2.1936470653946966e-05
Epoch 72: reducing lr to 1.7250601419484153e-05
Epoch 75: reducing lr to 1.396042638431184e-05
Epoch 80: reducing lr to 9.056559873698407e-06
Epoch 86: reducing lr to 4.386064681455781e-06
Epoch 89: reducing lr to 2.6355722830983805e-06
Epoch 92: reducing lr to 1.3138294779990018e-06
Epoch 98: reducing lr to 3.2890271820353384e-08
[I 2024-06-22 16:56:52,579] Trial 566 finished with value: 1.869510531425476 and parameters: {'hidden_size': 178, 'n_layers': 2, 'rnn_dropout': 0.03207257609254088, 'bidirectional': True, 'fc_dropout': 0.30629441274044283, 'learning_rate_model': 0.0005964414460396388}. Best is trial 346 with value: 1.8583240509033203.
Epoch 30: reducing lr to 6.082374829906966e-05
Epoch 41: reducing lr to 5.4348373076660435e-05
Epoch 45: reducing lr to 5.0673016619400315e-05
Epoch 53: reducing lr to 4.17776495152158e-05
Epoch 57: reducing lr to 3.6806772840223166e-05
Epoch 65: reducing lr to 2.651087491406017e-05
Epoch 68: reducing lr to 2.2714088963404453e-05
Epoch 71: reducing lr to 1.9046088151291825e-05
Epoch 74: reducing lr to 1.5564702462526653e-05
Epoch 80: reducing lr to 9.377602710970798e-06
Epoch 86: reducing lr to 4.541544761025966e-06
Epoch 89: reducing lr to 2.7289997671985718e-06
Epoch 92: reducing lr to 1.3604029616606977e-06
Epoch 97: reducing lr to 1.2127366851891977e-07
[I 2024-06-22 16:57:47,046] Trial 567 finished with value: 1.8640334606170654 and parameters: {'hidden_size': 179, 'n_layers': 2, 'rnn_dropout': 0.020719205868150348, 'bidirectional': True, 'fc_dropout': 0.30151050491670395, 'learning_rate_model': 0.0006175844911664659}. Best is trial 346 with value: 1.8583240509033203.
Epoch 41: reducing lr to 7.304683302801012e-05
Epoch 45: reducing lr to 6.810697679582434e-05
Epoch 60: reducing lr to 4.430231725563774e-05
Epoch 66: reducing lr to 3.3916572140754294e-05
Epoch 72: reducing lr to 2.400753946486655e-05
Epoch 75: reducing lr to 1.942862623845568e-05
Epoch 78: reducing lr to 1.5197854623261176e-05
Epoch 81: reducing lr to 1.1381933894388405e-05
Epoch 85: reducing lr to 7.042330596117351e-06
Epoch 96: reducing lr to 3.5274744708303775e-07
Epoch 99: reducing lr to 1.2795673597727416e-09
[I 2024-06-22 16:58:41,402] Trial 568 finished with value: 1.8662837743759155 and parameters: {'hidden_size': 175, 'n_layers': 2, 'rnn_dropout': 0.017217606438146217, 'bidirectional': True, 'fc_dropout': 0.2993187685133233, 'learning_rate_model': 0.0008300633239433388}. Best is trial 346 with value: 1.8583240509033203.
Epoch 57: reducing lr to 2.2002942380875816e-05
Epoch 68: reducing lr to 1.3578392022179937e-05
Epoch 72: reducing lr to 1.0677899484709687e-05
Epoch 75: reducing lr to 8.641323631012774e-06
Epoch 86: reducing lr to 2.714917391176988e-06
Epoch 89: reducing lr to 1.6313852044500388e-06
Epoch 97: reducing lr to 7.249691659528016e-08
[I 2024-06-22 16:59:35,874] Trial 569 finished with value: 1.8666744232177734 and parameters: {'hidden_size': 179, 'n_layers': 2, 'rnn_dropout': 0.029434090626942973, 'bidirectional': True, 'fc_dropout': 0.3069078727053479, 'learning_rate_model': 0.0003691895519731164}. Best is trial 346 with value: 1.8583240509033203.
Epoch 30: reducing lr to 5.9859071934636535e-05
Epoch 41: reducing lr to 5.348639741059893e-05
Epoch 45: reducing lr to 4.9869332814730724e-05
Epoch 53: reducing lr to 4.1115047946323075e-05
Epoch 57: reducing lr to 3.6223010332930185e-05
Epoch 65: reducing lr to 2.6090407331163315e-05
Epoch 68: reducing lr to 2.2353839137055578e-05
Epoch 71: reducing lr to 1.8744013524385905e-05
Epoch 74: reducing lr to 1.5317843283259942e-05
Epoch 80: reducing lr to 9.228872125577802e-06
Epoch 86: reducing lr to 4.469514986283468e-06
Epoch 89: reducing lr to 2.685717305206674e-06
Epoch 92: reducing lr to 1.3388267086358809e-06
Epoch 97: reducing lr to 1.193502447754003e-07
[I 2024-06-22 17:00:30,288] Trial 570 finished with value: 1.863889455795288 and parameters: {'hidden_size': 179, 'n_layers': 2, 'rnn_dropout': 0.01415850182380795, 'bidirectional': True, 'fc_dropout': 0.29454124064050663, 'learning_rate_model': 0.0006077894821719633}. Best is trial 346 with value: 1.8583240509033203.
Epoch 30: reducing lr to 5.9992807843266976e-05
Epoch 45: reducing lr to 4.998074985347223e-05
Epoch 53: reducing lr to 4.120690634168026e-05
Epoch 57: reducing lr to 3.630393903836508e-05
Epoch 65: reducing lr to 2.614869798315975e-05
Epoch 68: reducing lr to 2.2403781625165608e-05
Epoch 72: reducing lr to 1.76180896736621e-05
Epoch 75: reducing lr to 1.4257824289161463e-05
Epoch 80: reducing lr to 9.249491082061049e-06
Epoch 86: reducing lr to 4.479500684833563e-06
Epoch 89: reducing lr to 2.6917176796282476e-06
Epoch 92: reducing lr to 1.341817887760301e-06
Epoch 98: reducing lr to 3.359093078735345e-08
[I 2024-06-22 17:01:23,350] Trial 571 finished with value: 1.8688938617706299 and parameters: {'hidden_size': 173, 'n_layers': 2, 'rnn_dropout': 0.013923252675722789, 'bidirectional': True, 'fc_dropout': 0.35198758241832456, 'learning_rate_model': 0.0006091473929451717}. Best is trial 346 with value: 1.8583240509033203.
Epoch 30: reducing lr to 5.6784009005375524e-05
Epoch 45: reducing lr to 4.730745987401739e-05
Epoch 53: reducing lr to 3.900289759570313e-05
Epoch 57: reducing lr to 3.436217232356942e-05
Epoch 65: reducing lr to 2.4750098472365982e-05
Epoch 68: reducing lr to 2.1205484178728053e-05
Epoch 72: reducing lr to 1.6675761622966285e-05
Epoch 75: reducing lr to 1.3495224710067806e-05
Epoch 80: reducing lr to 8.754769176182858e-06
Epoch 86: reducing lr to 4.239908355209985e-06
Epoch 89: reducing lr to 2.547747412644111e-06
Epoch 92: reducing lr to 1.2700488902138646e-06
Epoch 98: reducing lr to 3.17942730953852e-08
[I 2024-06-22 17:02:16,974] Trial 572 finished with value: 1.8693311214447021 and parameters: {'hidden_size': 178, 'n_layers': 2, 'rnn_dropout': 0.035797492550973094, 'bidirectional': True, 'fc_dropout': 0.2931760667972633, 'learning_rate_model': 0.0005765662966962079}. Best is trial 346 with value: 1.8583240509033203.
Epoch 30: reducing lr to 7.444637407269763e-05
Epoch 41: reducing lr to 6.652071642170529e-05
Epoch 45: reducing lr to 6.20221945561616e-05
Epoch 48: reducing lr to 5.81953723819054e-05
Epoch 53: reducing lr to 5.1134542192221054e-05
Epoch 57: reducing lr to 4.505034391828125e-05
Epoch 65: reducing lr to 3.2448485436021836e-05
Epoch 68: reducing lr to 2.780133765146476e-05
Epoch 72: reducing lr to 2.1862668900551927e-05
Epoch 75: reducing lr to 1.76928428365407e-05
Epoch 80: reducing lr to 1.1477893731464665e-05
Epoch 86: reducing lr to 5.5587093791852165e-06
Epoch 89: reducing lr to 3.3402107432480857e-06
Epoch 97: reducing lr to 1.4843519421617759e-07
[I 2024-06-22 17:03:11,535] Trial 573 finished with value: 1.8706326484680176 and parameters: {'hidden_size': 180, 'n_layers': 2, 'rnn_dropout': 0.0003899727519221831, 'bidirectional': True, 'fc_dropout': 0.32124065893100656, 'learning_rate_model': 0.0007559041876999647}. Best is trial 346 with value: 1.8583240509033203.
Epoch 30: reducing lr to 5.967747984480811e-05
Epoch 41: reducing lr to 5.3324137850447555e-05
Epoch 45: reducing lr to 4.9718046199828564e-05
Epoch 53: reducing lr to 4.099031885783802e-05
Epoch 57: reducing lr to 3.6113122024714915e-05
Epoch 65: reducing lr to 2.6011257898360303e-05
Epoch 68: reducing lr to 2.228602518282289e-05
Epoch 71: reducing lr to 1.8687150554786542e-05
Epoch 74: reducing lr to 1.527137415028526e-05
Epoch 80: reducing lr to 9.20087486264206e-06
Epoch 86: reducing lr to 4.455955996131311e-06
Epoch 89: reducing lr to 2.67756975125405e-06
Epoch 97: reducing lr to 1.1898817667661214e-07
[I 2024-06-22 17:04:05,997] Trial 574 finished with value: 1.865809440612793 and parameters: {'hidden_size': 175, 'n_layers': 2, 'rnn_dropout': 0.09916658035973486, 'bidirectional': True, 'fc_dropout': 0.2560448128297916, 'learning_rate_model': 0.0006059456553521313}. Best is trial 346 with value: 1.8583240509033203.
Epoch 35: reducing lr to 8.332949073368543e-05
Epoch 45: reducing lr to 7.205513772195156e-05
Epoch 50: reducing lr to 6.443313719843229e-05
Epoch 56: reducing lr to 5.413497445986258e-05
Epoch 60: reducing lr to 4.6870522249525015e-05
Epoch 66: reducing lr to 3.588271556943327e-05
Epoch 72: reducing lr to 2.5399256344794985e-05
Epoch 75: reducing lr to 2.0554903553523695e-05
Epoch 78: reducing lr to 1.60788741400194e-05
Epoch 81: reducing lr to 1.2041744515557283e-05
Epoch 85: reducing lr to 7.450574447137397e-06
Epoch 96: reducing lr to 3.7319621390379104e-07
Epoch 99: reducing lr to 1.3537438698675574e-09
[I 2024-06-22 17:05:04,464] Trial 575 finished with value: 1.8687889575958252 and parameters: {'hidden_size': 192, 'n_layers': 2, 'rnn_dropout': 0.037699899260820804, 'bidirectional': True, 'fc_dropout': 0.3036793033488269, 'learning_rate_model': 0.0008781820885102795}. Best is trial 346 with value: 1.8583240509033203.
Epoch 30: reducing lr to 7.186405981839274e-05
Epoch 41: reducing lr to 6.421331869600005e-05
Epoch 45: reducing lr to 5.98708366279803e-05
Epoch 48: reducing lr to 5.617675506832573e-05
Epoch 53: reducing lr to 4.9360843219838803e-05
Epoch 57: reducing lr to 4.348768694928079e-05
Epoch 65: reducing lr to 3.1322947926428415e-05
Epoch 68: reducing lr to 2.6836995312427327e-05
Epoch 71: reducing lr to 2.2503204036041837e-05
Epoch 74: reducing lr to 1.8389900986085882e-05
Epoch 80: reducing lr to 1.1079761129825599e-05
Epoch 86: reducing lr to 5.365894958816119e-06
Epoch 89: reducing lr to 3.2243491727940424e-06
Epoch 92: reducing lr to 1.6073340191597353e-06
Epoch 97: reducing lr to 1.432864368369302e-07
[I 2024-06-22 17:05:59,041] Trial 576 finished with value: 1.870226263999939 and parameters: {'hidden_size': 180, 'n_layers': 2, 'rnn_dropout': 0.08297870330109253, 'bidirectional': True, 'fc_dropout': 0.2957508189378141, 'learning_rate_model': 0.0007296842114674049}. Best is trial 346 with value: 1.8583240509033203.
Epoch 55: reducing lr to 2.5316750780307498e-05
Epoch 68: reducing lr to 1.4624119578176372e-05
Epoch 72: reducing lr to 1.1500248236541379e-05
Epoch 86: reducing lr to 2.9240042936298165e-06
Epoch 89: reducing lr to 1.757024857507015e-06
Epoch 98: reducing lr to 2.192655672133268e-08
[I 2024-06-22 17:06:49,891] Trial 577 finished with value: 1.8678017854690552 and parameters: {'hidden_size': 172, 'n_layers': 2, 'rnn_dropout': 0.013047607500994826, 'bidirectional': True, 'fc_dropout': 0.32888270106830786, 'learning_rate_model': 0.0003976223507355639}. Best is trial 346 with value: 1.8583240509033203.
Epoch 30: reducing lr to 5.65649073222096e-05
Epoch 45: reducing lr to 4.7124923553207074e-05
Epoch 53: reducing lr to 3.8852404513913895e-05
Epoch 57: reducing lr to 3.4229585528004866e-05
Epoch 65: reducing lr to 2.465459996268337e-05
Epoch 68: reducing lr to 2.1123662599778472e-05
Epoch 72: reducing lr to 1.661141802511782e-05
Epoch 75: reducing lr to 1.344315324663172e-05
Epoch 80: reducing lr to 8.720988809212842e-06
Epoch 86: reducing lr to 4.2235486251844516e-06
Epoch 89: reducing lr to 2.5379169030311195e-06
Epoch 92: reducing lr to 1.265148393499692e-06
Epoch 97: reducing lr to 1.1278216177450489e-07
[I 2024-06-22 17:07:44,350] Trial 578 finished with value: 1.8634945154190063 and parameters: {'hidden_size': 179, 'n_layers': 2, 'rnn_dropout': 0.03730197062701328, 'bidirectional': True, 'fc_dropout': 0.24703561890123887, 'learning_rate_model': 0.000574341609706409}. Best is trial 346 with value: 1.8583240509033203.
Epoch 30: reducing lr to 5.872857145834482e-05
Epoch 41: reducing lr to 5.247625148294678e-05
Epoch 45: reducing lr to 4.8927498892531515e-05
Epoch 53: reducing lr to 4.033854774704118e-05
Epoch 57: reducing lr to 3.553890132304087e-05
Epoch 65: reducing lr to 2.5597663007517058e-05
Epoch 68: reducing lr to 2.1931663767898756e-05
Epoch 71: reducing lr to 1.8390013444998182e-05
Epoch 74: reducing lr to 1.5028549972023905e-05
Epoch 80: reducing lr to 9.054575331518012e-06
Epoch 86: reducing lr to 4.385103573652412e-06
Epoch 89: reducing lr to 2.634994756483611e-06
Epoch 92: reducing lr to 1.3135415817057817e-06
Epoch 97: reducing lr to 1.1709619197766783e-07
[I 2024-06-22 17:08:38,857] Trial 579 finished with value: 1.863699197769165 and parameters: {'hidden_size': 179, 'n_layers': 2, 'rnn_dropout': 0.03462988404633728, 'bidirectional': True, 'fc_dropout': 0.24092384957250468, 'learning_rate_model': 0.0005963107492602538}. Best is trial 346 with value: 1.8583240509033203.
Epoch 30: reducing lr to 6.271553790653097e-05
Epoch 41: reducing lr to 5.6038760306058286e-05
Epoch 45: reducing lr to 5.224908992793666e-05
Epoch 53: reducing lr to 4.307705189318887e-05
Epoch 57: reducing lr to 3.7951566975582114e-05
Epoch 65: reducing lr to 2.7335437672023137e-05
Epoch 68: reducing lr to 2.3420561001803595e-05
Epoch 71: reducing lr to 1.9638475050077493e-05
Epoch 74: reducing lr to 1.6048808476793548e-05
Epoch 80: reducing lr to 9.669272524943559e-06
Epoch 86: reducing lr to 4.682799573841581e-06
Epoch 89: reducing lr to 2.8138793338600253e-06
Epoch 97: reducing lr to 1.2504562062937197e-07
[I 2024-06-22 17:09:32,241] Trial 580 finished with value: 1.8644661903381348 and parameters: {'hidden_size': 177, 'n_layers': 2, 'rnn_dropout': 0.01737909050452483, 'bidirectional': True, 'fc_dropout': 0.246738783534603, 'learning_rate_model': 0.0006367931054789758}. Best is trial 346 with value: 1.8583240509033203.
Epoch 35: reducing lr to 8.607289126236643e-05
Epoch 45: reducing lr to 7.442736034302027e-05
Epoch 48: reducing lr to 6.983512888506824e-05
Epoch 51: reducing lr to 6.485683366191164e-05
Epoch 60: reducing lr to 4.8413608789317364e-05
Epoch 66: reducing lr to 3.7064057972908425e-05
Epoch 72: reducing lr to 2.6235458902507806e-05
Epoch 75: reducing lr to 2.123161875697962e-05
Epoch 78: reducing lr to 1.660822805095712e-05
Epoch 81: reducing lr to 1.2438186735224755e-05
Epoch 85: reducing lr to 7.695864676290226e-06
Epoch 96: reducing lr to 3.854827007347011e-07
Epoch 99: reducing lr to 1.3983122647514938e-09
