[I 2024-06-21 23:53:41,335] Trial 280 finished with value: 0.9873771071434021 and parameters: {'hidden_size': 171, 'n_layers': 7, 'rnn_dropout': 0.6534031715014135, 'bidirectional': True, 'fc_dropout': 0.7712289066712654, 'learning_rate_model': 0.002667948198731734}. Best is trial 153 with value: 0.9688200950622559.
Epoch 7: reducing lr to 0.0002974317316583477
Epoch 10: reducing lr to 0.0004014321139888614
Epoch 13: reducing lr to 0.0004162309809929602
Epoch 16: reducing lr to 0.0004036860483875511
Epoch 19: reducing lr to 0.00037889718416379847
Epoch 22: reducing lr to 0.00034342197090509905
Epoch 25: reducing lr to 0.00029948941845501316
Epoch 28: reducing lr to 0.0002498600097886424
Epoch 31: reducing lr to 0.00019765212924588408
Epoch 34: reducing lr to 0.0001461462469869742
Epoch 37: reducing lr to 9.857857016120487e-05
Epoch 40: reducing lr to 5.7937988650909584e-05
Epoch 43: reducing lr to 2.677807944240227e-05
Epoch 46: reducing lr to 7.05677960398483e-06
Epoch 49: reducing lr to 1.3223388637025046e-08
[I 2024-06-21 23:53:53,143] Trial 281 finished with value: 1.0926827192306519 and parameters: {'hidden_size': 127, 'n_layers': 3, 'rnn_dropout': 0.5449633472936152, 'bidirectional': False, 'fc_dropout': 0.10419373405821207, 'learning_rate_model': 0.00417642944403634}. Best is trial 153 with value: 0.9688200950622559.
[I 2024-06-21 23:53:57,049] Trial 282 finished with value: 1.105799674987793 and parameters: {'hidden_size': 48, 'n_layers': 3, 'rnn_dropout': 0.03544932466648367, 'bidirectional': False, 'fc_dropout': 0.4073115220130942, 'learning_rate_model': 4.020666708053822e-05}. Best is trial 153 with value: 0.9688200950622559.
Epoch 21: reducing lr to 7.815544618816395e-06
Epoch 24: reducing lr to 6.90750856878995e-06
Epoch 27: reducing lr to 5.853257966062904e-06
Epoch 30: reducing lr to 4.719033712189818e-06
Epoch 34: reducing lr to 3.2056774154258297e-06
Epoch 42: reducing lr to 7.8913773455101e-07
Epoch 45: reducing lr to 2.690786669789778e-07
Epoch 48: reducing lr to 1.99211232045909e-08
[I 2024-06-21 23:54:49,239] Trial 283 finished with value: 1.0762220621109009 and parameters: {'hidden_size': 112, 'n_layers': 7, 'rnn_dropout': 0.6925488112050673, 'bidirectional': True, 'fc_dropout': 0.6093838901541935, 'learning_rate_model': 9.160882213458435e-05}. Best is trial 153 with value: 0.9688200950622559.
Epoch 9: reducing lr to 0.0013814725199420535
Epoch 14: reducing lr to 0.0015191462897768235
Epoch 17: reducing lr to 0.0014575929940221903
Epoch 22: reducing lr to 0.0012617647663109358
Epoch 25: reducing lr to 0.001100352418028351
Epoch 28: reducing lr to 0.0009180092817897622
Epoch 31: reducing lr to 0.0007261925962730794
Epoch 34: reducing lr to 0.0005369551187733919
Epoch 37: reducing lr to 0.000362186980101779
Epoch 40: reducing lr to 0.00021286964406491677
Epoch 43: reducing lr to 9.83851937627931e-05
Epoch 46: reducing lr to 2.5927274962818903e-05
Epoch 49: reducing lr to 4.858397914826035e-08
[I 2024-06-21 23:54:51,724] Trial 284 finished with value: 1.106597900390625 and parameters: {'hidden_size': 63, 'n_layers': 1, 'rnn_dropout': 0.6913152758112215, 'bidirectional': False, 'fc_dropout': 0.5893687661548159, 'learning_rate_model': 0.015344596350606936}. Best is trial 153 with value: 0.9688200950622559.
Epoch 4: reducing lr to 0.0011392764635273368
Epoch 7: reducing lr to 0.0022601491748622895
Epoch 10: reducing lr to 0.00305043599799008
Epoch 13: reducing lr to 0.003162890869101919
Epoch 18: reducing lr to 0.002951705651202621
Epoch 21: reducing lr to 0.002707552593271962
Epoch 24: reducing lr to 0.0023929800993584332
Epoch 28: reducing lr to 0.0018986571869996853
Epoch 31: reducing lr to 0.0015019355679843842
Epoch 34: reducing lr to 0.0011105483523736847
Epoch 37: reducing lr to 0.0007490871023300188
Epoch 40: reducing lr to 0.0004402640448361819
Epoch 43: reducing lr to 0.00020348351475041362
Epoch 46: reducing lr to 5.362364839220299e-05
Epoch 49: reducing lr to 1.0048299403098149e-07
[I 2024-06-21 23:54:57,332] Trial 285 finished with value: 1.1017963886260986 and parameters: {'hidden_size': 98, 'n_layers': 2, 'rnn_dropout': 0.6629862812226415, 'bidirectional': False, 'fc_dropout': 0.4615822771820013, 'learning_rate_model': 0.03173620215025359}. Best is trial 153 with value: 0.9688200950622559.
Epoch 10: reducing lr to 0.00010529323672416062
Epoch 13: reducing lr to 0.00010917489081313858
Epoch 16: reducing lr to 0.00010588443020353568
Epoch 19: reducing lr to 9.938245973859403e-05
Epoch 22: reducing lr to 9.007752399149544e-05
Epoch 25: reducing lr to 7.855427888023896e-05
Epoch 28: reducing lr to 6.553678253879459e-05
Epoch 31: reducing lr to 5.184296848333046e-05
Epoch 34: reducing lr to 3.833328436890851e-05
Epoch 37: reducing lr to 2.5856567928197754e-05
Epoch 40: reducing lr to 1.5196787057527802e-05
Epoch 43: reducing lr to 7.023729690508722e-06
Epoch 46: reducing lr to 1.8509509813986053e-06
Epoch 49: reducing lr to 3.468415559035494e-09
[I 2024-06-21 23:55:04,610] Trial 286 finished with value: 1.0924744606018066 and parameters: {'hidden_size': 128, 'n_layers': 2, 'rnn_dropout': 0.23690393879672353, 'bidirectional': False, 'fc_dropout': 0.14759648359214214, 'learning_rate_model': 0.0010954524035037083}. Best is trial 153 with value: 0.9688200950622559.
Epoch 43: reducing lr to 3.9954650349551493e-07
Epoch 46: reducing lr to 1.0529177877656161e-07
Epoch 49: reducing lr to 1.973016289558735e-10
[I 2024-06-21 23:55:34,296] Trial 287 finished with value: 1.0758111476898193 and parameters: {'hidden_size': 79, 'n_layers': 6, 'rnn_dropout': 0.6422931891459392, 'bidirectional': True, 'fc_dropout': 0.05367156826308426, 'learning_rate_model': 6.231506576301107e-05}. Best is trial 153 with value: 0.9688200950622559.
Epoch 10: reducing lr to 0.0008926144360079515
Epoch 16: reducing lr to 0.0008976262283184719
Epoch 22: reducing lr to 0.000763624528755813
Epoch 25: reducing lr to 0.0006659372009086163
Epoch 28: reducing lr to 0.000555582485671833
Epoch 31: reducing lr to 0.0004394943446838458
Epoch 34: reducing lr to 0.00032496714957034147
Epoch 37: reducing lr to 0.00021919684982989591
Epoch 40: reducing lr to 0.00012882946645494767
Epoch 43: reducing lr to 5.9543069540069804e-05
Epoch 46: reducing lr to 1.5691279114799645e-05
Epoch 49: reducing lr to 2.9403197151015025e-08
[I 2024-06-21 23:55:42,736] Trial 288 finished with value: 1.0994915962219238 and parameters: {'hidden_size': 66, 'n_layers': 5, 'rnn_dropout': 0.6984667978195485, 'bidirectional': False, 'fc_dropout': 0.5465366750833173, 'learning_rate_model': 0.009286604341821391}. Best is trial 153 with value: 0.9688200950622559.
[I 2024-06-21 23:56:37,785] Trial 289 finished with value: 1.0710340738296509 and parameters: {'hidden_size': 197, 'n_layers': 3, 'rnn_dropout': 0.4252667727167214, 'bidirectional': True, 'fc_dropout': 0.23928987572866847, 'learning_rate_model': 2.639603471883599e-05}. Best is trial 153 with value: 0.9688200950622559.
Epoch 9: reducing lr to 0.0002925731649805756
Epoch 33: reducing lr to 0.00012685878724224284
Epoch 39: reducing lr to 5.489327067831956e-05
Epoch 42: reducing lr to 2.7993887918400248e-05
Epoch 45: reducing lr to 9.545302061784955e-06
Epoch 48: reducing lr to 7.06682326520906e-07
[I 2024-06-21 23:57:01,301] Trial 290 finished with value: 0.9825058579444885 and parameters: {'hidden_size': 68, 'n_layers': 6, 'rnn_dropout': 0.5126261635614769, 'bidirectional': True, 'fc_dropout': 0.18568001747706805, 'learning_rate_model': 0.0032497332048521473}. Best is trial 153 with value: 0.9688200950622559.
Epoch 6: reducing lr to 0.0037121107001282906
Epoch 9: reducing lr to 0.0056004174369133596
Epoch 13: reducing lr to 0.006199588598578381
Epoch 16: reducing lr to 0.006012737007269892
Epoch 19: reducing lr to 0.0056435171100708325
Epoch 22: reducing lr to 0.0051151284564292885
Epoch 25: reducing lr to 0.00446077122759868
Epoch 28: reducing lr to 0.0037215616776795136
Epoch 31: reducing lr to 0.002943946853822129
Epoch 34: reducing lr to 0.00217678800454498
Epoch 37: reducing lr to 0.0014682870990948677
Epoch 40: reducing lr to 0.0008629624181454625
Epoch 43: reducing lr to 0.0003988484365265242
Epoch 46: reducing lr to 0.00010510781843095091
Epoch 49: reducing lr to 1.9695691376303559e-07
[I 2024-06-21 23:57:03,674] Trial 291 finished with value: 1.1642935276031494 and parameters: {'hidden_size': 72, 'n_layers': 1, 'rnn_dropout': 0.7226649414535005, 'bidirectional': False, 'fc_dropout': 0.5930013882654873, 'learning_rate_model': 0.06220619210575453}. Best is trial 153 with value: 0.9688200950622559.
Epoch 8: reducing lr to 0.0021248239844132216
Epoch 15: reducing lr to 0.0025533410282891104
Epoch 18: reducing lr to 0.0024233031829101626
Epoch 22: reducing lr to 0.00214245933326784
Epoch 25: reducing lr to 0.0018683833713167175
Epoch 28: reducing lr to 0.0015587672174008902
Epoch 31: reducing lr to 0.0012330651062512385
Epoch 34: reducing lr to 0.000911742455073834
Epoch 37: reducing lr to 0.000614988543526922
Epoch 40: reducing lr to 0.0003614497471107033
Epoch 43: reducing lr to 0.00016705671473831314
Epoch 46: reducing lr to 4.4024158633546725e-05
Epoch 49: reducing lr to 8.249493277379116e-08
[I 2024-06-21 23:57:06,441] Trial 292 finished with value: 1.0979777574539185 and parameters: {'hidden_size': 29, 'n_layers': 2, 'rnn_dropout': 0.25788599130616857, 'bidirectional': False, 'fc_dropout': 0.6595676886381469, 'learning_rate_model': 0.026054914944806804}. Best is trial 153 with value: 0.9688200950622559.
Epoch 10: reducing lr to 0.0009548389182301994
Epoch 18: reducing lr to 0.0009239346220623253
Epoch 22: reducing lr to 0.0008168570768720473
Epoch 25: reducing lr to 0.0007123599292978113
Epoch 28: reducing lr to 0.0005943123460775093
Epoch 31: reducing lr to 0.00047013165787795463
Epoch 34: reducing lr to 0.00034762072966668025
Epoch 37: reducing lr to 0.00023447714324125146
Epoch 40: reducing lr to 0.00013781021617369424
Epoch 43: reducing lr to 6.369383892334841e-05
Epoch 46: reducing lr to 1.6785123980999488e-05
Epoch 49: reducing lr to 3.1452904891184076e-08
[I 2024-06-21 23:57:23,198] Trial 293 finished with value: 1.061301589012146 and parameters: {'hidden_size': 126, 'n_layers': 2, 'rnn_dropout': 0.14919415061814822, 'bidirectional': True, 'fc_dropout': 0.4315927127412398, 'learning_rate_model': 0.009933976962588156}. Best is trial 153 with value: 0.9688200950622559.
[I 2024-06-21 23:57:26,746] Trial 294 finished with value: 1.0965840816497803 and parameters: {'hidden_size': 58, 'n_layers': 2, 'rnn_dropout': 0.031788549260681, 'bidirectional': False, 'fc_dropout': 0.08370872939596685, 'learning_rate_model': 7.844769404538512e-05}. Best is trial 153 with value: 0.9688200950622559.
Epoch 42: reducing lr to 4.295021839368691e-06
Epoch 45: reducing lr to 1.4645082861745005e-06
Epoch 48: reducing lr to 1.0842424013237771e-07
[I 2024-06-21 23:57:35,793] Trial 295 finished with value: 1.0696755647659302 and parameters: {'hidden_size': 22, 'n_layers': 5, 'rnn_dropout': 0.18536251317177568, 'bidirectional': True, 'fc_dropout': 0.3017738300892052, 'learning_rate_model': 0.0004985972340693427}. Best is trial 153 with value: 0.9688200950622559.
[I 2024-06-21 23:57:56,272] Trial 296 finished with value: 1.0542758703231812 and parameters: {'hidden_size': 103, 'n_layers': 3, 'rnn_dropout': 0.08220525109933147, 'bidirectional': True, 'fc_dropout': 0.3394338994606496, 'learning_rate_model': 0.00012241212858594047}. Best is trial 153 with value: 0.9688200950622559.
Epoch 9: reducing lr to 0.0005920734338768532
Epoch 15: reducing lr to 0.0006444777924889938
Epoch 18: reducing lr to 0.0006116555009888237
Epoch 22: reducing lr to 0.000540768916609269
Epoch 27: reducing lr to 0.00042019333420816073
Epoch 30: reducing lr to 0.00033876971103317407
Epoch 33: reducing lr to 0.0002567211445552585
Epoch 36: reducing lr to 0.00017920307705523138
Epoch 39: reducing lr to 0.00011108622101210826
Epoch 42: reducing lr to 5.6650572681576655e-05
Epoch 45: reducing lr to 1.9316603316944878e-05
Epoch 48: reducing lr to 1.4300964059746173e-06
[I 2024-06-21 23:58:06,145] Trial 297 finished with value: 1.0958025455474854 and parameters: {'hidden_size': 71, 'n_layers': 5, 'rnn_dropout': 0.41422937905073165, 'bidirectional': False, 'fc_dropout': 0.27163269503704285, 'learning_rate_model': 0.006576408666557594}. Best is trial 153 with value: 0.9688200950622559.
Epoch 12: reducing lr to 7.711893163508988e-05
Epoch 42: reducing lr to 6.644950689017968e-06
[I 2024-06-21 23:58:24,750] Trial 298 finished with value: 1.043468713760376 and parameters: {'hidden_size': 57, 'n_layers': 6, 'rnn_dropout': 0.4209837319133043, 'bidirectional': True, 'fc_dropout': 0.14892453578933118, 'learning_rate_model': 0.0007713939900614159}. Best is trial 153 with value: 0.9688200950622559.
[I 2024-06-21 23:58:35,970] Trial 299 finished with value: 1.0333423614501953 and parameters: {'hidden_size': 197, 'n_layers': 1, 'rnn_dropout': 0.2267699459424457, 'bidirectional': True, 'fc_dropout': 0.22300672695474966, 'learning_rate_model': 0.00018138042998014145}. Best is trial 153 with value: 0.9688200950622559.
Epoch 9: reducing lr to 0.004542227928014973
Epoch 12: reducing lr to 0.005043904960924304
Epoch 15: reducing lr to 0.004944260053792273
Epoch 18: reducing lr to 0.004692456273073191
Epoch 21: reducing lr to 0.004304315420407228
Epoch 24: reducing lr to 0.0038042256937099216
Epoch 27: reducing lr to 0.003223610093951647
Epoch 30: reducing lr to 0.002598949985890597
Epoch 33: reducing lr to 0.00196949548111865
Epoch 36: reducing lr to 0.0013747977443551254
Epoch 39: reducing lr to 0.0008522235699630974
Epoch 42: reducing lr to 0.0004346079365314337
Epoch 45: reducing lr to 0.0001481917783172533
Epoch 48: reducing lr to 1.0971314474350623e-05
[I 2024-06-21 23:59:05,971] Trial 300 finished with value: 1.0721491575241089 and parameters: {'hidden_size': 93, 'n_layers': 5, 'rnn_dropout': 0.5754710137768604, 'bidirectional': True, 'fc_dropout': 0.18958565157735868, 'learning_rate_model': 0.05045243613732324}. Best is trial 153 with value: 0.9688200950622559.
[I 2024-06-21 23:59:43,057] Trial 301 finished with value: 1.045783519744873 and parameters: {'hidden_size': 160, 'n_layers': 3, 'rnn_dropout': 0.24397251331365055, 'bidirectional': True, 'fc_dropout': 0.5067686673885805, 'learning_rate_model': 0.00012907761430379762}. Best is trial 153 with value: 0.9688200950622559.
Epoch 15: reducing lr to 3.7946524970568724e-05
Epoch 18: reducing lr to 3.601396512363845e-05
Epoch 21: reducing lr to 3.303503675062743e-05
Epoch 24: reducing lr to 2.9196915961028382e-05
Epoch 27: reducing lr to 2.474077002314832e-05
Epoch 30: reducing lr to 1.9946588460939443e-05
Epoch 33: reducing lr to 1.5115610554580072e-05
Epoch 36: reducing lr to 1.0551386126148358e-05
Epoch 39: reducing lr to 6.540700251660061e-06
Epoch 42: reducing lr to 3.3355569360369827e-06
Epoch 45: reducing lr to 1.1373517887748434e-06
Epoch 48: reducing lr to 8.420334976951536e-08
[I 2024-06-21 23:59:59,907] Trial 302 finished with value: 1.0929774045944214 and parameters: {'hidden_size': 169, 'n_layers': 3, 'rnn_dropout': 0.5866928755750672, 'bidirectional': False, 'fc_dropout': 0.6428757011448218, 'learning_rate_model': 0.00038721560089512944}. Best is trial 153 with value: 0.9688200950622559.
Epoch 10: reducing lr to 0.002956306704731854
Epoch 13: reducing lr to 0.0030652914825363173
Epoch 16: reducing lr to 0.0029729055794672646
Epoch 19: reducing lr to 0.002790350465031649
Epoch 22: reducing lr to 0.0025290968005791947
Epoch 25: reducing lr to 0.0022055599064487556
Epoch 28: reducing lr to 0.0018400690837679866
Epoch 31: reducing lr to 0.0014555893625150958
Epoch 34: reducing lr to 0.0010762794375015487
Epoch 37: reducing lr to 0.0007259720330161122
Epoch 40: reducing lr to 0.00042667853003936493
Epoch 43: reducing lr to 0.00019720449121221235
Epoch 46: reducing lr to 5.196894849736483e-05
Epoch 49: reducing lr to 9.738232474368336e-08
[I 2024-06-22 00:00:06,576] Trial 303 finished with value: 1.104495644569397 and parameters: {'hidden_size': 45, 'n_layers': 5, 'rnn_dropout': 0.602660644715514, 'bidirectional': False, 'fc_dropout': 0.7203591299088523, 'learning_rate_model': 0.03075689746034307}. Best is trial 153 with value: 0.9688200950622559.
Epoch 26: reducing lr to 0.00011947600725389324
Epoch 33: reducing lr to 6.872449894998265e-05
Epoch 36: reducing lr to 4.797283722870363e-05
Epoch 39: reducing lr to 2.9737888916512308e-05
Epoch 42: reducing lr to 1.5165413154867385e-05
Epoch 45: reducing lr to 5.171073409914861e-06
Epoch 48: reducing lr to 3.8283819247160196e-07
[I 2024-06-22 00:01:04,651] Trial 304 finished with value: 0.98003089427948 and parameters: {'hidden_size': 146, 'n_layers': 5, 'rnn_dropout': 0.6539058163177005, 'bidirectional': True, 'fc_dropout': 0.3177822129870094, 'learning_rate_model': 0.0017605109671915277}. Best is trial 153 with value: 0.9688200950622559.
Epoch 7: reducing lr to 0.0003109159806814982
Epoch 10: reducing lr to 0.00041963128379745907
Epoch 13: reducing lr to 0.00043510106646624204
Epoch 16: reducing lr to 0.00042198740168727906
Epoch 20: reducing lr to 0.00038485289382807274
Epoch 23: reducing lr to 0.0003445327564089021
Epoch 27: reducing lr to 0.0002789467204059773
Epoch 30: reducing lr to 0.00022489338162316147
Epoch 33: reducing lr to 0.00017042517218296077
Epoch 36: reducing lr to 0.00011896454931970118
Epoch 39: reducing lr to 7.374495145672718e-05
Epoch 42: reducing lr to 3.760766811883266e-05
Epoch 45: reducing lr to 1.2823390344349553e-05
Epoch 48: reducing lr to 9.493741804893728e-07
[I 2024-06-22 00:01:09,231] Trial 305 finished with value: 1.0930380821228027 and parameters: {'hidden_size': 151, 'n_layers': 1, 'rnn_dropout': 0.31980399014469163, 'bidirectional': False, 'fc_dropout': 0.3983829061386307, 'learning_rate_model': 0.004365770420996029}. Best is trial 153 with value: 0.9688200950622559.
Epoch 16: reducing lr to 1.8452924654007867e-05
[I 2024-06-22 00:01:44,842] Trial 306 finished with value: 1.0668919086456299 and parameters: {'hidden_size': 107, 'n_layers': 5, 'rnn_dropout': 0.4659518895113781, 'bidirectional': True, 'fc_dropout': 0.1556131310876815, 'learning_rate_model': 0.00019090909423650804}. Best is trial 153 with value: 0.9688200950622559.
[I 2024-06-22 00:01:57,335] Trial 307 finished with value: 1.0789061784744263 and parameters: {'hidden_size': 43, 'n_layers': 5, 'rnn_dropout': 0.48919958132768193, 'bidirectional': True, 'fc_dropout': 0.5226064416195636, 'learning_rate_model': 5.769443580257137e-05}. Best is trial 153 with value: 0.9688200950622559.
Epoch 33: reducing lr to 1.2703026219016772e-05
Epoch 36: reducing lr to 8.867292136394687e-06
Epoch 42: reducing lr to 2.8031727240195612e-06
Epoch 45: reducing lr to 9.558204440954406e-07
Epoch 48: reducing lr to 7.076375486050738e-08
[I 2024-06-22 00:02:05,096] Trial 308 finished with value: 1.0774266719818115 and parameters: {'hidden_size': 17, 'n_layers': 6, 'rnn_dropout': 0.3548030735231481, 'bidirectional': True, 'fc_dropout': 0.050095841587132386, 'learning_rate_model': 0.0003254125867309244}. Best is trial 153 with value: 0.9688200950622559.
[I 2024-06-22 00:02:09,136] Trial 309 finished with value: 1.1005264520645142 and parameters: {'hidden_size': 144, 'n_layers': 1, 'rnn_dropout': 0.15666738693999394, 'bidirectional': False, 'fc_dropout': 0.6000993984551881, 'learning_rate_model': 2.7475150823638172e-05}. Best is trial 153 with value: 0.9688200950622559.
[I 2024-06-22 00:02:20,982] Trial 310 finished with value: 1.106311321258545 and parameters: {'hidden_size': 131, 'n_layers': 3, 'rnn_dropout': 0.5360722949982456, 'bidirectional': False, 'fc_dropout': 0.13773004396474617, 'learning_rate_model': 1.1877472237951753e-05}. Best is trial 153 with value: 0.9688200950622559.
Epoch 5: reducing lr to 0.004323825142874373
Epoch 8: reducing lr to 0.0074001721611845015
Epoch 11: reducing lr to 0.009022931067413587
Epoch 14: reducing lr to 0.008983646452284045
Epoch 17: reducing lr to 0.008619643952489413
Epoch 20: reducing lr to 0.00799912320064718
Epoch 23: reducing lr to 0.007161073774865664
Epoch 26: reducing lr to 0.0061581532019791465
Epoch 29: reducing lr to 0.005053378827896332
Epoch 32: reducing lr to 0.003916167712253544
Epoch 35: reducing lr to 0.002817975428231358
Epoch 38: reducing lr to 0.0018278049852335748
Epoch 41: reducing lr to 0.0010078718740748783
Epoch 44: reducing lr to 0.00040969670160695415
Epoch 47: reducing lr to 7.086431678349076e-05
[I 2024-06-22 00:02:27,035] Trial 311 finished with value: 1.1062208414077759 and parameters: {'hidden_size': 106, 'n_layers': 2, 'rnn_dropout': 0.51067466400271, 'bidirectional': False, 'fc_dropout': 0.3143679221073626, 'learning_rate_model': 0.09074203682326881}. Best is trial 153 with value: 0.9688200950622559.
Epoch 44: reducing lr to 2.5775520496941313e-07
Epoch 47: reducing lr to 4.458333793243307e-08
[I 2024-06-22 00:02:57,600] Trial 312 finished with value: 1.0720748901367188 and parameters: {'hidden_size': 111, 'n_layers': 4, 'rnn_dropout': 0.5995539766017357, 'bidirectional': True, 'fc_dropout': 0.39139582836811376, 'learning_rate_model': 5.7089139866110815e-05}. Best is trial 153 with value: 0.9688200950622559.
Epoch 11: reducing lr to 0.00016515289169375947
Epoch 15: reducing lr to 0.00016276695168855642
Epoch 18: reducing lr to 0.0001544774739172845
Epoch 22: reducing lr to 0.0001365746176985874
Epoch 25: reducing lr to 0.00011910319168708254
Epoch 28: reducing lr to 9.936619729108447e-05
Epoch 31: reducing lr to 7.860377691597366e-05
Epoch 34: reducing lr to 5.812053246833477e-05
Epoch 37: reducing lr to 3.920346300953579e-05
Epoch 40: reducing lr to 2.3041212620638383e-05
Epoch 43: reducing lr to 1.064930689469233e-05
Epoch 46: reducing lr to 2.806392887610997e-06
Epoch 49: reducing lr to 5.258776085382763e-09
