[I 2024-06-22 11:13:37,086] Trial 121 finished with value: 5.440189361572266 and parameters: {'hidden_size': 42, 'n_layers': 4, 'rnn_dropout': 0.23755766862952366, 'bidirectional': True, 'fc_dropout': 0.5067792100979368, 'learning_rate_model': 3.155042401877456e-05}. Best is trial 120 with value: 1.8680797815322876.
Epoch 10: reducing lr to 7.753253904431983e-05
Epoch 15: reducing lr to 0.00013150684386948355
Epoch 47: reducing lr to 0.00014413529142614696
Epoch 62: reducing lr to 9.005139774922622e-05
Epoch 68: reducing lr to 6.73360119415258e-05
Epoch 71: reducing lr to 5.646220815904194e-05
Epoch 74: reducing lr to 4.614162569194693e-05
Epoch 77: reducing lr to 3.653705669815932e-05
Epoch 80: reducing lr to 2.7799942544302294e-05
Epoch 83: reducing lr to 2.0068098481755515e-05
Epoch 86: reducing lr to 1.3463428480628035e-05
Epoch 89: reducing lr to 8.090131248872324e-06
Epoch 92: reducing lr to 4.03292028217637e-06
Epoch 95: reducing lr to 1.3557921747735842e-06
Epoch 98: reducing lr to 1.0095971093037909e-07
[I 2024-06-22 11:15:14,760] Trial 122 finished with value: 2.4594874382019043 and parameters: {'hidden_size': 103, 'n_layers': 7, 'rnn_dropout': 0.7586393392581321, 'bidirectional': True, 'fc_dropout': 0.511301478975924, 'learning_rate_model': 0.0018308318127610833}. Best is trial 120 with value: 1.8680797815322876.
Epoch 13: reducing lr to 0.003015691288996745
Epoch 17: reducing lr to 0.004102400965952318
Epoch 20: reducing lr to 0.0046851339782668314
Epoch 23: reducing lr to 0.004974887240677505
Epoch 28: reducing lr to 0.004965151449509347
Epoch 41: reducing lr to 0.004398523257670745
Epoch 47: reducing lr to 0.003934944456752435
Epoch 50: reducing lr to 0.0036672576948930356
Epoch 53: reducing lr to 0.0033811492900494592
Epoch 56: reducing lr to 0.00308113045992737
Epoch 59: reducing lr to 0.0027719340111092413
Epoch 62: reducing lr to 0.0024584350223323987
Epoch 65: reducing lr to 0.002145578483576916
Epoch 68: reducing lr to 0.0018382969521720956
Epoch 71: reducing lr to 0.0015414382613245284
Epoch 74: reducing lr to 0.0012596827081388581
Epoch 77: reducing lr to 0.0009974745761286228
Epoch 80: reducing lr to 0.0007589482681886354
Epoch 83: reducing lr to 0.0005478661894460973
Epoch 89: reducing lr to 0.00022086344570553182
Epoch 92: reducing lr to 0.00011010015071156662
Epoch 95: reducing lr to 3.7013606104701476e-05
Epoch 98: reducing lr to 2.756235831975068e-06
[I 2024-06-22 11:15:53,957] Trial 123 finished with value: 1.904584288597107 and parameters: {'hidden_size': 102, 'n_layers': 3, 'rnn_dropout': 0.47941580452642407, 'bidirectional': True, 'fc_dropout': 0.46348843223778646, 'learning_rate_model': 0.0499823563097424}. Best is trial 120 with value: 1.8680797815322876.
Epoch 39: reducing lr to 0.0002829755474673215
Epoch 58: reducing lr to 0.00017972627892154234
Epoch 63: reducing lr to 0.00014710948325644336
Epoch 66: reducing lr to 0.0001276386998223108
Epoch 69: reducing lr to 0.00010861814656592328
Epoch 72: reducing lr to 9.034790162494974e-05
Epoch 81: reducing lr to 4.283378749816427e-05
Epoch 84: reducing lr to 3.0261010921084787e-05
Epoch 87: reducing lr to 1.9674193217475218e-05
Epoch 90: reducing lr to 1.124035752790957e-05
Epoch 93: reducing lr to 5.092468219393192e-06
Epoch 96: reducing lr to 1.3274992922181726e-06
Epoch 99: reducing lr to 4.815413345979e-09
[I 2024-06-22 11:16:05,830] Trial 124 finished with value: 2.5662007331848145 and parameters: {'hidden_size': 27, 'n_layers': 7, 'rnn_dropout': 0.042395634134391624, 'bidirectional': False, 'fc_dropout': 0.08600710094813416, 'learning_rate_model': 0.0031237886599691338}. Best is trial 120 with value: 1.8680797815322876.
[I 2024-06-22 11:16:12,381] Trial 125 finished with value: 7.869717121124268 and parameters: {'hidden_size': 24, 'n_layers': 2, 'rnn_dropout': 0.04882934489573687, 'bidirectional': True, 'fc_dropout': 0.3028644746004818, 'learning_rate_model': 5.659486653989453e-05}. Best is trial 120 with value: 1.8680797815322876.
Epoch 41: reducing lr to 0.00033221424152377917
Epoch 48: reducing lr to 0.00029063624891658926
Epoch 52: reducing lr to 0.00026271050003828236
Epoch 58: reducing lr to 0.00021719909844130568
Epoch 68: reducing lr to 0.000138843969188134
Epoch 77: reducing lr to 7.533784416620422e-05
Epoch 80: reducing lr to 5.7322289437112486e-05
Epoch 84: reducing lr to 3.657041323851893e-05
Epoch 87: reducing lr to 2.3776250501803854e-05
Epoch 92: reducing lr to 8.315708686207172e-06
Epoch 95: reducing lr to 2.795585326663668e-06
Epoch 98: reducing lr to 2.0817459468547643e-07
[I 2024-06-22 11:16:41,246] Trial 126 finished with value: 2.4820995330810547 and parameters: {'hidden_size': 154, 'n_layers': 3, 'rnn_dropout': 0.6362409339245143, 'bidirectional': False, 'fc_dropout': 0.022792679593253776, 'learning_rate_model': 0.0037750966900208034}. Best is trial 120 with value: 1.8680797815322876.
[I 2024-06-22 11:16:49,589] Trial 127 finished with value: 3.098731517791748 and parameters: {'hidden_size': 80, 'n_layers': 2, 'rnn_dropout': 0.34710670096936047, 'bidirectional': False, 'fc_dropout': 0.7835866833438452, 'learning_rate_model': 0.00028675584665119325}. Best is trial 120 with value: 1.8680797815322876.
[I 2024-06-22 11:18:34,590] Trial 128 finished with value: 2.3219103813171387 and parameters: {'hidden_size': 159, 'n_layers': 4, 'rnn_dropout': 0.7113048712859863, 'bidirectional': True, 'fc_dropout': 0.7288153917255746, 'learning_rate_model': 1.4932655812821317e-05}. Best is trial 120 with value: 1.8680797815322876.
[I 2024-06-22 11:20:54,811] Trial 129 finished with value: 2.2037477493286133 and parameters: {'hidden_size': 191, 'n_layers': 4, 'rnn_dropout': 0.30109057334967004, 'bidirectional': True, 'fc_dropout': 0.41336508781408976, 'learning_rate_model': 1.3316445065440956e-05}. Best is trial 120 with value: 1.8680797815322876.
Epoch 7: reducing lr to 0.00017541356348356108
Epoch 17: reducing lr to 0.000559841204885259
Epoch 23: reducing lr to 0.0006789065452412844
Epoch 26: reducing lr to 0.0006810258768035536
Epoch 29: reducing lr to 0.0006749666158805212
Epoch 32: reducing lr to 0.0006636412880418868
Epoch 36: reducing lr to 0.0006406695290746292
Epoch 39: reducing lr to 0.0006178894002127145
Epoch 42: reducing lr to 0.0005907433444003388
Epoch 45: reducing lr to 0.0005596594712940918
Epoch 51: reducing lr to 0.00048769351848225657
Epoch 54: reducing lr to 0.0004479464038169024
Epoch 57: reducing lr to 0.0004065133754029269
Epoch 60: reducing lr to 0.00036404804058067484
Epoch 63: reducing lr to 0.00032121994705363417
Epoch 71: reducing lr to 0.00021035502395749797
Epoch 74: reducing lr to 0.00017190476770811606
Epoch 77: reducing lr to 0.00013612208391546864
Epoch 80: reducing lr to 0.00010357118098271349
Epoch 83: reducing lr to 7.476550199773027e-05
Epoch 86: reducing lr to 5.015921114199353e-05
Epoch 89: reducing lr to 3.014051005377329e-05
Epoch 92: reducing lr to 1.5025006464258056e-05
Epoch 95: reducing lr to 5.051125428933746e-06
Epoch 98: reducing lr to 3.761344641655187e-07
[I 2024-06-22 11:21:24,911] Trial 130 finished with value: 1.8816814422607422 and parameters: {'hidden_size': 121, 'n_layers': 2, 'rnn_dropout': 0.5047673602716244, 'bidirectional': True, 'fc_dropout': 0.36146899953669653, 'learning_rate_model': 0.006820928234876919}. Best is trial 120 with value: 1.8680797815322876.
Epoch 17: reducing lr to 0.0006634319656800283
Epoch 20: reducing lr to 0.0007576703668102593
Epoch 23: reducing lr to 0.0008045286768678893
Epoch 26: reducing lr to 0.0008070401610030597
Epoch 29: reducing lr to 0.0007998597188532908
Epoch 32: reducing lr to 0.0007864387979843171
Epoch 35: reducing lr to 0.0007669890541391392
Epoch 38: reducing lr to 0.0007418172161849857
Epoch 41: reducing lr to 0.0007113202622426793
Epoch 44: reducing lr to 0.0006759791476513491
Epoch 47: reducing lr to 0.0006363512385676787
Epoch 52: reducing lr to 0.0005625023807649154
Epoch 55: reducing lr to 0.0005146502537695324
Epoch 58: reducing lr to 0.0004650556789904638
Epoch 64: reducing lr to 0.0003637824821113945
Epoch 67: reducing lr to 0.00031370092391833066
Epoch 70: reducing lr to 0.0002650460490357355
Epoch 73: reducing lr to 0.00021858502184470127
Epoch 77: reducing lr to 0.00016130956584914109
Epoch 80: reducing lr to 0.00012273557499442443
Epoch 83: reducing lr to 8.859980923621785e-05
Epoch 86: reducing lr to 5.944046946618122e-05
Epoch 89: reducing lr to 3.5717588589556824e-05
Epoch 92: reducing lr to 1.7805173120440282e-05
Epoch 95: reducing lr to 5.9857653259030166e-06
Epoch 98: reducing lr to 4.457328698635396e-07
[I 2024-06-22 11:22:07,223] Trial 131 finished with value: 2.563866138458252 and parameters: {'hidden_size': 159, 'n_layers': 4, 'rnn_dropout': 0.4228267921420521, 'bidirectional': False, 'fc_dropout': 0.11377700245822933, 'learning_rate_model': 0.008083045312026036}. Best is trial 120 with value: 1.8680797815322876.
[I 2024-06-22 11:22:57,383] Trial 132 finished with value: 3.151193618774414 and parameters: {'hidden_size': 104, 'n_layers': 4, 'rnn_dropout': 0.7087983769322811, 'bidirectional': True, 'fc_dropout': 0.2151136177701167, 'learning_rate_model': 1.941101032854524e-05}. Best is trial 120 with value: 1.8680797815322876.
Epoch 79: reducing lr to 8.228834062591548e-05
Epoch 82: reducing lr to 6.056143689414e-05
Epoch 85: reducing lr to 4.176085680915069e-05
Epoch 89: reducing lr to 2.175060462764524e-05
Epoch 92: reducing lr to 1.0842649130649896e-05
Epoch 95: reducing lr to 3.645095319666867e-06
Epoch 98: reducing lr to 2.7143376148241335e-07
[I 2024-06-22 11:23:03,139] Trial 133 finished with value: 2.0081119537353516 and parameters: {'hidden_size': 93, 'n_layers': 1, 'rnn_dropout': 0.23292315244194245, 'bidirectional': False, 'fc_dropout': 0.08750633135486768, 'learning_rate_model': 0.004922256224784005}. Best is trial 120 with value: 1.8680797815322876.
[I 2024-06-22 11:23:38,656] Trial 134 finished with value: 3.441946029663086 and parameters: {'hidden_size': 108, 'n_layers': 6, 'rnn_dropout': 0.11488559829936743, 'bidirectional': False, 'fc_dropout': 0.6375698015839202, 'learning_rate_model': 5.8439024207513246e-05}. Best is trial 120 with value: 1.8680797815322876.
Epoch 30: reducing lr to 0.0004273232705513092
Epoch 39: reducing lr to 0.0003930492841152515
Epoch 42: reducing lr to 0.0003757812458547897
Epoch 47: reducing lr to 0.00034158722891318454
Epoch 61: reducing lr to 0.0002224999238822502
Epoch 64: reducing lr to 0.00019527494009642822
Epoch 70: reducing lr to 0.00014227417177388896
Epoch 73: reducing lr to 0.00011733433891308186
Epoch 77: reducing lr to 8.658942460710979e-05
Epoch 80: reducing lr to 6.588327704960202e-05
Epoch 83: reducing lr to 4.755952606827151e-05
Epoch 86: reducing lr to 3.190707272913108e-05
Epoch 92: reducing lr to 9.5576458061436e-06
Epoch 95: reducing lr to 3.2131012979592573e-06
Epoch 98: reducing lr to 2.3926512061935026e-07
[I 2024-06-22 11:24:09,420] Trial 135 finished with value: 2.519113540649414 and parameters: {'hidden_size': 158, 'n_layers': 3, 'rnn_dropout': 0.17351319008943628, 'bidirectional': False, 'fc_dropout': 0.3048651930347619, 'learning_rate_model': 0.004338901037624098}. Best is trial 120 with value: 1.8680797815322876.
[I 2024-06-22 11:24:14,717] Trial 136 finished with value: 4.967358589172363 and parameters: {'hidden_size': 29, 'n_layers': 2, 'rnn_dropout': 0.013260706320747318, 'bidirectional': False, 'fc_dropout': 0.3221254817399354, 'learning_rate_model': 0.00019235578705946124}. Best is trial 120 with value: 1.8680797815322876.
[I 2024-06-22 11:25:03,461] Trial 137 finished with value: 6.145552158355713 and parameters: {'hidden_size': 119, 'n_layers': 7, 'rnn_dropout': 0.6675892112144237, 'bidirectional': False, 'fc_dropout': 0.03178296534646785, 'learning_rate_model': 1.9113215939952844e-05}. Best is trial 120 with value: 1.8680797815322876.
Epoch 63: reducing lr to 2.8807078047722626e-05
Epoch 71: reducing lr to 1.8864686481821808e-05
Epoch 81: reducing lr to 8.38774110427812e-06
Epoch 84: reducing lr to 5.925731530761081e-06
Epoch 87: reducing lr to 3.8526137608260495e-06
Epoch 90: reducing lr to 2.2010943783028657e-06
Epoch 93: reducing lr to 9.972105550522444e-07
Epoch 96: reducing lr to 2.5995180509581905e-07
Epoch 99: reducing lr to 9.42957483222786e-10
[I 2024-06-22 11:25:21,299] Trial 138 finished with value: 2.5725646018981934 and parameters: {'hidden_size': 103, 'n_layers': 3, 'rnn_dropout': 0.7498016497027592, 'bidirectional': False, 'fc_dropout': 0.7162082925849766, 'learning_rate_model': 0.0006117023983794077}. Best is trial 120 with value: 1.8680797815322876.
Epoch 38: reducing lr to 0.0004450805122533935
Epoch 43: reducing lr to 0.00041294981661364635
Epoch 50: reducing lr to 0.0003558290381663482
Epoch 56: reducing lr to 0.0002989579078524429
Epoch 59: reducing lr to 0.00026895699596108085
Epoch 62: reducing lr to 0.0002385386144554855
Epoch 65: reducing lr to 0.00020818256900374544
Epoch 68: reducing lr to 0.00017836745895071475
Epoch 73: reducing lr to 0.00013114812027940093
Epoch 76: reducing lr to 0.00010502798137869574
Epoch 79: reducing lr to 8.107571216189637e-05
Epoch 82: reducing lr to 5.966898333825193e-05
Epoch 85: reducing lr to 4.114545487901803e-05
Epoch 88: reducing lr to 2.5797178696485967e-05
Epoch 91: reducing lr to 1.3866297175853421e-05
Epoch 94: reducing lr to 5.5409068344474365e-06
Epoch 97: reducing lr to 9.523285801249851e-07
[I 2024-06-22 11:25:44,575] Trial 139 finished with value: 2.0189852714538574 and parameters: {'hidden_size': 178, 'n_layers': 2, 'rnn_dropout': 0.21904776332648687, 'bidirectional': False, 'fc_dropout': 0.176102939221585, 'learning_rate_model': 0.004849720213485595}. Best is trial 120 with value: 1.8680797815322876.
[I 2024-06-22 11:25:48,363] Trial 140 finished with value: 2.9989535808563232 and parameters: {'hidden_size': 42, 'n_layers': 1, 'rnn_dropout': 0.6961533969643021, 'bidirectional': False, 'fc_dropout': 0.45723367418026584, 'learning_rate_model': 0.0012682587865373047}. Best is trial 120 with value: 1.8680797815322876.
Epoch 63: reducing lr to 1.07306473379331e-05
Epoch 66: reducing lr to 9.31038464786077e-06
Epoch 69: reducing lr to 7.922963220984608e-06
Epoch 72: reducing lr to 6.5902717391072415e-06
Epoch 75: reducing lr to 5.333321501620352e-06
Epoch 78: reducing lr to 4.171939067946261e-06
Epoch 81: reducing lr to 3.1244366958282838e-06
Epoch 84: reducing lr to 2.2073372096443666e-06
Epoch 87: reducing lr to 1.4351000656229586e-06
Epoch 90: reducing lr to 8.199084784630699e-07
Epoch 93: reducing lr to 3.7146130441286025e-07
Epoch 96: reducing lr to 9.683214454174113e-08
Epoch 99: reducing lr to 3.5125201487912294e-10
[I 2024-06-22 11:26:16,516] Trial 141 finished with value: 2.527501106262207 and parameters: {'hidden_size': 30, 'n_layers': 7, 'rnn_dropout': 0.7609084947349537, 'bidirectional': True, 'fc_dropout': 0.4222774368943676, 'learning_rate_model': 0.0002278593719884827}. Best is trial 120 with value: 1.8680797815322876.
Epoch 72: reducing lr to 5.81401693936658e-06
Epoch 75: reducing lr to 4.705120332065284e-06
Epoch 79: reducing lr to 3.3605778014263908e-06
Epoch 82: reducing lr to 2.4732716555088287e-06
Epoch 85: reducing lr to 1.705473792446119e-06
Epoch 88: reducing lr to 1.0692897262959134e-06
Epoch 91: reducing lr to 5.747562276616663e-07
Epoch 94: reducing lr to 2.296698729014338e-07
Epoch 97: reducing lr to 3.947389669104731e-08
[I 2024-06-22 11:28:13,463] Trial 142 finished with value: 1.9065203666687012 and parameters: {'hidden_size': 118, 'n_layers': 7, 'rnn_dropout': 0.24936233417518514, 'bidirectional': True, 'fc_dropout': 0.6195818128120637, 'learning_rate_model': 0.00020102027670166017}. Best is trial 120 with value: 1.8680797815322876.
Epoch 48: reducing lr to 1.4918903336537393e-05
Epoch 51: reducing lr to 1.38553883634749e-05
Epoch 57: reducing lr to 1.1549057917938141e-05
Epoch 61: reducing lr to 9.937229543248438e-06
Epoch 64: reducing lr to 8.721314910692864e-06
Epoch 67: reducing lr to 7.520660504013232e-06
Epoch 70: reducing lr to 6.35420937825084e-06
Epoch 73: reducing lr to 5.240353518959641e-06
Epoch 76: reducing lr to 4.196657570345086e-06
Epoch 79: reducing lr to 3.239584315997893e-06
Epoch 82: reducing lr to 2.3842245404905376e-06
Epoch 85: reducing lr to 1.6440702985685369e-06
Epoch 88: reducing lr to 1.030791260090932e-06
Epoch 91: reducing lr to 5.540628340354252e-07
Epoch 94: reducing lr to 2.2140089058283618e-07
Epoch 97: reducing lr to 3.8052687415052946e-08
[I 2024-06-22 11:31:26,606] Trial 143 finished with value: 1.9415661096572876 and parameters: {'hidden_size': 180, 'n_layers': 6, 'rnn_dropout': 0.6101056763560886, 'bidirectional': True, 'fc_dropout': 0.0331800636611991, 'learning_rate_model': 0.0001937827879848057}. Best is trial 120 with value: 1.8680797815322876.
[I 2024-06-22 11:31:35,870] Trial 144 finished with value: 9.317771911621094 and parameters: {'hidden_size': 22, 'n_layers': 5, 'rnn_dropout': 0.5362800255489347, 'bidirectional': False, 'fc_dropout': 0.428806795791651, 'learning_rate_model': 1.4435761775167338e-05}. Best is trial 120 with value: 1.8680797815322876.
Epoch 58: reducing lr to 0.00016973600915028248
Epoch 63: reducing lr to 0.00013893225156577852
[I 2024-06-22 11:31:40,976] Trial 145 finished with value: 2.529348850250244 and parameters: {'hidden_size': 40, 'n_layers': 2, 'rnn_dropout': 0.2685310409317198, 'bidirectional': False, 'fc_dropout': 0.40964882201913505, 'learning_rate_model': 0.0029501496595471795}. Best is trial 120 with value: 1.8680797815322876.
Epoch 17: reducing lr to 0.0016078056193672859
Epoch 22: reducing lr to 0.001926005515090565
Epoch 25: reducing lr to 0.001958220687056921
Epoch 34: reducing lr to 0.001876066936000014
Epoch 41: reducing lr to 0.0017238613361527078
Epoch 47: reducing lr to 0.0015421763650048464
Epoch 50: reducing lr to 0.001437265050016438
Epoch 53: reducing lr to 0.0013251339577917832
Epoch 57: reducing lr to 0.0011674640659126633
Epoch 62: reducing lr to 0.0009635054390247312
Epoch 69: reducing lr to 0.0006811345442715577
Epoch 72: reducing lr to 0.0005665634955559839
Epoch 77: reducing lr to 0.00039092844458301566
Epoch 80: reducing lr to 0.0002974456423275276
Epoch 83: reducing lr to 0.00021471873309397393
Epoch 86: reducing lr to 0.00014405202909931574
Epoch 89: reducing lr to 8.656040500803209e-05
Epoch 92: reducing lr to 4.315025334588399e-05
Epoch 95: reducing lr to 1.4506306034463983e-05
Epoch 98: reducing lr to 1.0802189975404191e-06
[I 2024-06-22 11:32:12,701] Trial 146 finished with value: 2.557077169418335 and parameters: {'hidden_size': 95, 'n_layers': 6, 'rnn_dropout': 0.36324724484732107, 'bidirectional': False, 'fc_dropout': 0.5249612381952792, 'learning_rate_model': 0.01958899532517217}. Best is trial 120 with value: 1.8680797815322876.
[I 2024-06-22 11:32:23,573] Trial 147 finished with value: 8.648744583129883 and parameters: {'hidden_size': 192, 'n_layers': 1, 'rnn_dropout': 0.18805749127281166, 'bidirectional': False, 'fc_dropout': 0.6910633164011616, 'learning_rate_model': 2.1207815222486866e-05}. Best is trial 120 with value: 1.8680797815322876.
[I 2024-06-22 11:32:34,175] Trial 148 finished with value: 2.1818628311157227 and parameters: {'hidden_size': 103, 'n_layers': 1, 'rnn_dropout': 0.6183084817336942, 'bidirectional': True, 'fc_dropout': 0.38915259453631584, 'learning_rate_model': 9.070770449331516e-05}. Best is trial 120 with value: 1.8680797815322876.
Epoch 35: reducing lr to 5.195101610989617e-05
Epoch 38: reducing lr to 5.0246034073953463e-05
Epoch 41: reducing lr to 4.8180362162458215e-05
Epoch 44: reducing lr to 4.578657726609278e-05
Epoch 47: reducing lr to 4.310243186389022e-05
Epoch 50: reducing lr to 4.017025568180693e-05
Epoch 53: reducing lr to 3.703629326861589e-05
Epoch 65: reducing lr to 2.3502148864720612e-05
Epoch 78: reducing lr to 1.0024228422884988e-05
Epoch 84: reducing lr to 5.3037333564656284e-06
Epoch 87: reducing lr to 3.448221710146762e-06
Epoch 90: reducing lr to 1.970055108695503e-06
Epoch 93: reducing lr to 8.925377156887223e-07
Epoch 96: reducing lr to 2.3266579874620194e-07
Epoch 99: reducing lr to 8.439793519978734e-10
[I 2024-06-22 11:36:40,549] Trial 149 finished with value: 1.9157965183258057 and parameters: {'hidden_size': 192, 'n_layers': 7, 'rnn_dropout': 0.49114720190776073, 'bidirectional': True, 'fc_dropout': 0.7182805741341455, 'learning_rate_model': 0.0005474946675652392}. Best is trial 120 with value: 1.8680797815322876.
Epoch 32: reducing lr to 0.00025573926298658493
Epoch 38: reducing lr to 0.00024122892795237148
Epoch 44: reducing lr to 0.00021981927831859504
Epoch 53: reducing lr to 0.0001778095621908828
Epoch 56: reducing lr to 0.00016203202258622098
Epoch 62: reducing lr to 0.00012928540490126142
Epoch 87: reducing lr to 1.6554755849118715e-05
