[I 2024-06-22 03:41:37,612] Trial 621 finished with value: 0.9720796942710876 and parameters: {'hidden_size': 197, 'n_layers': 4, 'rnn_dropout': 0.029123189185318827, 'bidirectional': True, 'fc_dropout': 0.19571397289351142, 'learning_rate_model': 0.0013001718779191865}. Best is trial 153 with value: 0.9688200950622559.
Epoch 23: reducing lr to 6.666440143598567e-05
Epoch 26: reducing lr to 5.732793852814896e-05
Epoch 33: reducing lr to 3.297594171196293e-05
Epoch 38: reducing lr to 1.7015538327503494e-05
Epoch 41: reducing lr to 9.382555929697458e-06
Epoch 44: reducing lr to 3.8139790542009317e-06
Epoch 47: reducing lr to 6.5969537670767e-07
[I 2024-06-22 03:42:50,098] Trial 622 finished with value: 0.9721435308456421 and parameters: {'hidden_size': 193, 'n_layers': 4, 'rnn_dropout': 0.018306670003211126, 'bidirectional': True, 'fc_dropout': 0.234589376607004, 'learning_rate_model': 0.0008447425288561373}. Best is trial 153 with value: 0.9688200950622559.
Epoch 23: reducing lr to 8.585444070612446e-05
Epoch 26: reducing lr to 7.38303801301736e-05
Epoch 29: reducing lr to 6.05851896775563e-05
Epoch 36: reducing lr to 2.9644887621591638e-05
Epoch 39: reducing lr to 1.8376573618745824e-05
Epoch 42: reducing lr to 9.371490090689374e-06
Epoch 45: reducing lr to 3.1954726669408943e-06
Epoch 48: reducing lr to 2.3657544245231192e-07
[I 2024-06-22 03:44:03,902] Trial 623 finished with value: 0.970721423625946 and parameters: {'hidden_size': 196, 'n_layers': 4, 'rnn_dropout': 0.03669800590277701, 'bidirectional': True, 'fc_dropout': 0.2468376224495135, 'learning_rate_model': 0.0010879104258554354}. Best is trial 153 with value: 0.9688200950622559.
Epoch 18: reducing lr to 0.0001802489773610174
Epoch 22: reducing lr to 0.0001593593845716546
Epoch 27: reducing lr to 0.0001238269232639847
Epoch 30: reducing lr to 9.983216676037504e-05
Epoch 33: reducing lr to 7.565324549231971e-05
Epoch 36: reducing lr to 5.280941858110302e-05
Epoch 39: reducing lr to 3.2736038021340945e-05
Epoch 42: reducing lr to 1.669437743347748e-05
Epoch 45: reducing lr to 5.692416708979065e-06
Epoch 48: reducing lr to 4.2143561905004857e-07
[I 2024-06-22 03:45:19,618] Trial 624 finished with value: 0.9911622405052185 and parameters: {'hidden_size': 197, 'n_layers': 4, 'rnn_dropout': 0.03873343524643788, 'bidirectional': True, 'fc_dropout': 0.20592777544355845, 'learning_rate_model': 0.0019380042114209614}. Best is trial 153 with value: 0.9688200950622559.
Epoch 23: reducing lr to 8.46273253240943e-05
Epoch 27: reducing lr to 6.851747596350137e-05
Epoch 36: reducing lr to 2.9221173981390665e-05
Epoch 39: reducing lr to 1.8113917709848104e-05
Epoch 42: reducing lr to 9.237543616304991e-06
Epoch 45: reducing lr to 3.1497998557244824e-06
Epoch 48: reducing lr to 2.3319407554739033e-07
[I 2024-06-22 03:46:34,671] Trial 625 finished with value: 0.9715563058853149 and parameters: {'hidden_size': 200, 'n_layers': 4, 'rnn_dropout': 0.013717014641675188, 'bidirectional': True, 'fc_dropout': 0.2425616605424934, 'learning_rate_model': 0.0010723609492429467}. Best is trial 153 with value: 0.9688200950622559.
Epoch 18: reducing lr to 0.0001480524788853018
Epoch 23: reducing lr to 0.00012562243721078362
Epoch 27: reducing lr to 0.00010170866548249193
Epoch 33: reducing lr to 6.213988392523656e-05
Epoch 36: reducing lr to 4.3376475383625374e-05
Epoch 39: reducing lr to 2.6888649516361723e-05
Epoch 42: reducing lr to 1.3712388267938798e-05
Epoch 45: reducing lr to 4.675623778572016e-06
Epoch 48: reducing lr to 3.4615779242923655e-07
[I 2024-06-22 03:47:43,878] Trial 626 finished with value: 0.974912703037262 and parameters: {'hidden_size': 192, 'n_layers': 4, 'rnn_dropout': 0.0016951699353825837, 'bidirectional': True, 'fc_dropout': 0.22948077616025064, 'learning_rate_model': 0.0015918333174026742}. Best is trial 153 with value: 0.9688200950622559.
Epoch 23: reducing lr to 6.698752792661231e-05
Epoch 26: reducing lr to 5.760581060368613e-05
Epoch 31: reducing lr to 4.017174292783557e-05
Epoch 37: reducing lr to 2.0035569532282128e-05
Epoch 40: reducing lr to 1.1775587719294262e-05
Epoch 43: reducing lr to 5.442502074557061e-06
Epoch 46: reducing lr to 1.4342528827352656e-06
Epoch 49: reducing lr to 2.68758333639256e-09
[I 2024-06-22 03:48:57,760] Trial 627 finished with value: 0.9718695878982544 and parameters: {'hidden_size': 196, 'n_layers': 4, 'rnn_dropout': 0.0387952912954902, 'bidirectional': True, 'fc_dropout': 0.24373371146460515, 'learning_rate_model': 0.0008488370483140891}. Best is trial 153 with value: 0.9688200950622559.
Epoch 23: reducing lr to 8.418904666665196e-05
Epoch 27: reducing lr to 6.81626290241515e-05
Epoch 36: reducing lr to 2.9069839683013552e-05
Epoch 39: reducing lr to 1.8020107070028283e-05
Epoch 42: reducing lr to 9.189703061274884e-06
Epoch 45: reducing lr to 3.133487275282037e-06
Epoch 48: reducing lr to 2.3198638068096938e-07
[I 2024-06-22 03:50:10,142] Trial 628 finished with value: 0.970199704170227 and parameters: {'hidden_size': 191, 'n_layers': 4, 'rnn_dropout': 0.014259192783557684, 'bidirectional': True, 'fc_dropout': 0.22113745283077083, 'learning_rate_model': 0.001066807271216046}. Best is trial 153 with value: 0.9688200950622559.
Epoch 18: reducing lr to 0.0001250034132232408
Epoch 23: reducing lr to 0.0001060653191827724
Epoch 27: reducing lr to 8.587448474633077e-05
Epoch 30: reducing lr to 6.923402161402537e-05
Epoch 33: reducing lr to 5.246583945391623e-05
Epoch 36: reducing lr to 3.662355076639893e-05
Epoch 39: reducing lr to 2.2702578111593828e-05
Epoch 42: reducing lr to 1.157761997529678e-05
Epoch 45: reducing lr to 3.947714591945773e-06
Epoch 48: reducing lr to 2.9226734934307675e-07
[I 2024-06-22 03:51:25,859] Trial 629 finished with value: 0.9719587564468384 and parameters: {'hidden_size': 197, 'n_layers': 4, 'rnn_dropout': 0.014364829674726238, 'bidirectional': True, 'fc_dropout': 0.21978875117523708, 'learning_rate_model': 0.0013440139567805866}. Best is trial 153 with value: 0.9688200950622559.
Epoch 23: reducing lr to 8.110380377638972e-05
Epoch 26: reducing lr to 6.974507798973655e-05
Epoch 36: reducing lr to 2.8004528698341168e-05
Epoch 39: reducing lr to 1.7359731291695695e-05
Epoch 42: reducing lr to 8.852931626557477e-06
Epoch 45: reducing lr to 3.0186555991844334e-06
Epoch 48: reducing lr to 2.2348486700463945e-07
[I 2024-06-22 03:52:35,154] Trial 630 finished with value: 0.9726177453994751 and parameters: {'hidden_size': 192, 'n_layers': 4, 'rnn_dropout': 0.0015376919764266556, 'bidirectional': True, 'fc_dropout': 0.20472969632138435, 'learning_rate_model': 0.0010277124046138436}. Best is trial 153 with value: 0.9688200950622559.
Epoch 18: reducing lr to 0.00011389577681478061
Epoch 23: reducing lr to 9.664049652672612e-05
Epoch 27: reducing lr to 7.824379268176593e-05
Epoch 30: reducing lr to 6.308197888691452e-05
Epoch 33: reducing lr to 4.78037950065539e-05
Epoch 36: reducing lr to 3.336923094095986e-05
Epoch 39: reducing lr to 2.0685257330537212e-05
Epoch 42: reducing lr to 1.0548848121433394e-05
Epoch 45: reducing lr to 3.5969259438518475e-06
Epoch 48: reducing lr to 2.6629686288308536e-07
[I 2024-06-22 03:53:50,085] Trial 631 finished with value: 0.9723214507102966 and parameters: {'hidden_size': 200, 'n_layers': 4, 'rnn_dropout': 0.02525412412475364, 'bidirectional': True, 'fc_dropout': 0.1787191894395929, 'learning_rate_model': 0.0012245866709579695}. Best is trial 153 with value: 0.9688200950622559.
Epoch 18: reducing lr to 0.0001456419923799426
Epoch 23: reducing lr to 0.00012357714089459348
Epoch 27: reducing lr to 0.00010005271640639727
Epoch 30: reducing lr to 8.066484416977462e-05
Epoch 33: reducing lr to 6.11281659670225e-05
Epoch 36: reducing lr to 4.267025006845671e-05
Epoch 39: reducing lr to 2.6450867404947456e-05
Epoch 42: reducing lr to 1.348913279038803e-05
Epoch 45: reducing lr to 4.599498555223915e-06
Epoch 48: reducing lr to 3.4052189430949353e-07
[I 2024-06-22 03:55:03,700] Trial 632 finished with value: 0.979629397392273 and parameters: {'hidden_size': 195, 'n_layers': 4, 'rnn_dropout': 0.0156672395104103, 'bidirectional': True, 'fc_dropout': 0.22101213426042024, 'learning_rate_model': 0.001565916205043124}. Best is trial 153 with value: 0.9688200950622559.
Epoch 23: reducing lr to 8.408261689465972e-05
Epoch 27: reducing lr to 6.807645946465811e-05
Epoch 36: reducing lr to 2.9033090289454503e-05
Epoch 39: reducing lr to 1.7997326483209998e-05
Epoch 42: reducing lr to 9.178085659246793e-06
Epoch 45: reducing lr to 3.1295259958822456e-06
Epoch 48: reducing lr to 2.3169310906692286e-07
[I 2024-06-22 03:56:12,809] Trial 633 finished with value: 0.9727400541305542 and parameters: {'hidden_size': 192, 'n_layers': 4, 'rnn_dropout': 0.027418005216456244, 'bidirectional': True, 'fc_dropout': 0.1892850052790805, 'learning_rate_model': 0.0010654586390705276}. Best is trial 153 with value: 0.9688200950622559.
Epoch 18: reducing lr to 0.00012265697593486134
Epoch 23: reducing lr to 0.00010407436858776852
Epoch 27: reducing lr to 8.426253601682438e-05
Epoch 30: reducing lr to 6.79344307808575e-05
Epoch 33: reducing lr to 5.148100392913784e-05
Epoch 36: reducing lr to 3.593609061682951e-05
Epoch 39: reducing lr to 2.22764283413611e-05
Epoch 42: reducing lr to 1.1360296635715574e-05
Epoch 45: reducing lr to 3.873612097593233e-06
Epoch 48: reducing lr to 2.8678120309322265e-07
[I 2024-06-22 03:57:26,622] Trial 634 finished with value: 0.9713361263275146 and parameters: {'hidden_size': 196, 'n_layers': 4, 'rnn_dropout': 0.00013793435679675461, 'bidirectional': True, 'fc_dropout': 0.24786939130873223, 'learning_rate_model': 0.001318785489949362}. Best is trial 153 with value: 0.9688200950622559.
Epoch 23: reducing lr to 8.264833887916884e-05
Epoch 26: reducing lr to 7.107329832201859e-05
Epoch 36: reducing lr to 2.8537844962158193e-05
Epoch 39: reducing lr to 1.7690328786589546e-05
Epoch 42: reducing lr to 9.021526230300358e-06
Epoch 45: reducing lr to 3.07614266291075e-06
Epoch 48: reducing lr to 2.2774089700513654e-07
[I 2024-06-22 03:58:38,858] Trial 635 finished with value: 0.970192015171051 and parameters: {'hidden_size': 191, 'n_layers': 4, 'rnn_dropout': 0.0006998984306963857, 'bidirectional': True, 'fc_dropout': 0.24370968748026425, 'learning_rate_model': 0.001047284086958904}. Best is trial 153 with value: 0.9688200950622559.
Epoch 18: reducing lr to 0.00011778526346998442
Epoch 23: reducing lr to 9.994072355976386e-05
Epoch 27: reducing lr to 8.09157810205712e-05
Epoch 30: reducing lr to 6.523619848948598e-05
Epoch 33: reducing lr to 4.9436271889770185e-05
Epoch 36: reducing lr to 3.450877432060899e-05
Epoch 39: reducing lr to 2.139164903878657e-05
Epoch 42: reducing lr to 1.0909086271991075e-05
Epoch 45: reducing lr to 3.7197592555831323e-06
Epoch 48: reducing lr to 2.7539077420684485e-07
[I 2024-06-22 03:59:48,092] Trial 636 finished with value: 0.9728239178657532 and parameters: {'hidden_size': 192, 'n_layers': 4, 'rnn_dropout': 0.0012961258662084335, 'bidirectional': True, 'fc_dropout': 0.23488434965384158, 'learning_rate_model': 0.0012664057238503097}. Best is trial 153 with value: 0.9688200950622559.
Epoch 23: reducing lr to 8.525985328298563e-05
Epoch 27: reducing lr to 6.902959446723055e-05
Epoch 36: reducing lr to 2.9439581091199146e-05
Epoch 39: reducing lr to 1.824930612431893e-05
Epoch 42: reducing lr to 9.306587563829215e-06
Epoch 45: reducing lr to 3.173342328159092e-06
Epoch 48: reducing lr to 2.3493703235320535e-07
[I 2024-06-22 04:01:03,111] Trial 637 finished with value: 0.9713005423545837 and parameters: {'hidden_size': 200, 'n_layers': 4, 'rnn_dropout': 0.036586578094187944, 'bidirectional': True, 'fc_dropout': 0.2442010617434876, 'learning_rate_model': 0.0010803760705979197}. Best is trial 153 with value: 0.9688200950622559.
Epoch 18: reducing lr to 0.00016103806722353334
Epoch 23: reducing lr to 0.0001366407009233983
Epoch 26: reducing lr to 0.00011750393814758391
Epoch 33: reducing lr to 6.759013344563634e-05
Epoch 36: reducing lr to 4.718099832803054e-05
Epoch 39: reducing lr to 2.9247035787360725e-05
Epoch 42: reducing lr to 1.491509308262412e-05
Epoch 45: reducing lr to 5.085719753121823e-06
Epoch 48: reducing lr to 3.7651907125687593e-07
[I 2024-06-22 04:02:18,093] Trial 638 finished with value: 0.9827944040298462 and parameters: {'hidden_size': 200, 'n_layers': 4, 'rnn_dropout': 0.04541603998635639, 'bidirectional': True, 'fc_dropout': 0.2295414917346525, 'learning_rate_model': 0.0017314520007135196}. Best is trial 153 with value: 0.9688200950622559.
Epoch 23: reducing lr to 8.22399872074176e-05
Epoch 27: reducing lr to 6.658459693891076e-05
Epoch 36: reducing lr to 2.839684422510148e-05
Epoch 39: reducing lr to 1.7602923819571465e-05
Epoch 42: reducing lr to 8.976952372339621e-06
Epoch 45: reducing lr to 3.060943954552174e-06
Epoch 48: reducing lr to 2.2661566717863385e-07
[I 2024-06-22 04:03:27,325] Trial 639 finished with value: 0.9724768400192261 and parameters: {'hidden_size': 192, 'n_layers': 4, 'rnn_dropout': 0.039019744593301715, 'bidirectional': True, 'fc_dropout': 0.24949090538922225, 'learning_rate_model': 0.001042109630780984}. Best is trial 153 with value: 0.9688200950622559.
Epoch 23: reducing lr to 0.00016685227388705688
Epoch 27: reducing lr to 0.00013508989704838362
Epoch 30: reducing lr to 0.00010891264011320755
Epoch 33: reducing lr to 8.253446726723334e-05
Epoch 36: reducing lr to 5.761282547655083e-05
Epoch 39: reducing lr to 3.571362260731514e-05
Epoch 42: reducing lr to 1.8212854436893462e-05
Epoch 45: reducing lr to 6.210184077117767e-06
Epoch 48: reducing lr to 4.597683031227345e-07
[I 2024-06-22 04:04:38,488] Trial 640 finished with value: 1.0011802911758423 and parameters: {'hidden_size': 190, 'n_layers': 4, 'rnn_dropout': 0.02952425376823424, 'bidirectional': True, 'fc_dropout': 0.26559190824053774, 'learning_rate_model': 0.0021142800168106736}. Best is trial 153 with value: 0.9688200950622559.
Epoch 18: reducing lr to 0.0001300769490030735
Epoch 23: reducing lr to 0.00011037021116929874
Epoch 27: reducing lr to 8.935988774214433e-05
Epoch 30: reducing lr to 7.204403517112045e-05
Epoch 33: reducing lr to 5.459527981738073e-05
Epoch 36: reducing lr to 3.8109997339389755e-05
Epoch 39: reducing lr to 2.362401168987474e-05
Epoch 42: reducing lr to 1.2047522897747943e-05
Epoch 45: reducing lr to 4.107941186679096e-06
Epoch 48: reducing lr to 3.041296562668154e-07
[I 2024-06-22 04:05:53,459] Trial 641 finished with value: 0.9740480184555054 and parameters: {'hidden_size': 200, 'n_layers': 4, 'rnn_dropout': 0.04061201001847302, 'bidirectional': True, 'fc_dropout': 0.22303539742760214, 'learning_rate_model': 0.0013985636904438033}. Best is trial 153 with value: 0.9688200950622559.
Epoch 23: reducing lr to 6.774334918956124e-05
Epoch 26: reducing lr to 5.8255777812080115e-05
Epoch 31: reducing lr to 4.0625001294196546e-05
Epoch 37: reducing lr to 2.0261631158028054e-05
Epoch 40: reducing lr to 1.1908451848744058e-05
Epoch 43: reducing lr to 5.503909905520772e-06
Epoch 46: reducing lr to 1.4504355791083047e-06
Epoch 49: reducing lr to 2.7179073787040285e-09
[I 2024-06-22 04:07:07,151] Trial 642 finished with value: 0.9717571139335632 and parameters: {'hidden_size': 196, 'n_layers': 4, 'rnn_dropout': 0.016924872679735636, 'bidirectional': True, 'fc_dropout': 0.2471960089402731, 'learning_rate_model': 0.0008584144892161845}. Best is trial 153 with value: 0.9688200950622559.
Epoch 23: reducing lr to 8.225167561793284e-05
Epoch 26: reducing lr to 7.073218842578187e-05
Epoch 31: reducing lr to 4.932549790353815e-05
Epoch 36: reducing lr to 2.8400880144657293e-05
Epoch 39: reducing lr to 1.7605425646320932e-05
Epoch 42: reducing lr to 8.978228227408026e-06
Epoch 45: reducing lr to 3.0613789931595475e-06
Epoch 48: reducing lr to 2.2664787507455444e-07
[I 2024-06-22 04:08:14,872] Trial 643 finished with value: 0.9719420671463013 and parameters: {'hidden_size': 187, 'n_layers': 4, 'rnn_dropout': 0.029118376664113304, 'bidirectional': True, 'fc_dropout': 0.2662414153543698, 'learning_rate_model': 0.0010422577412754048}. Best is trial 153 with value: 0.9688200950622559.
Epoch 18: reducing lr to 0.00012381267946371533
Epoch 23: reducing lr to 0.0001050549823206883
Epoch 27: reducing lr to 8.505647789809614e-05
Epoch 30: reducing lr to 6.857452532734148e-05
Epoch 33: reducing lr to 5.1966070330427934e-05
Epoch 36: reducing lr to 3.627468910601076e-05
Epoch 39: reducing lr to 2.248632220714533e-05
Epoch 42: reducing lr to 1.1467336083008763e-05
Epoch 45: reducing lr to 3.910110202462349e-06
Epoch 48: reducing lr to 2.8948332456569647e-07
[I 2024-06-22 04:09:25,854] Trial 644 finished with value: 0.9746040105819702 and parameters: {'hidden_size': 190, 'n_layers': 4, 'rnn_dropout': 0.017744049775896133, 'bidirectional': True, 'fc_dropout': 0.2334344086612702, 'learning_rate_model': 0.0013312114040314547}. Best is trial 153 with value: 0.9688200950622559.
Epoch 18: reducing lr to 0.00015125508815355514
Epoch 23: reducing lr to 0.00012833984920375342
Epoch 26: reducing lr to 0.00011036563484230282
Epoch 29: reducing lr to 9.056600966994251e-05
Epoch 33: reducing lr to 6.348406789085138e-05
Epoch 36: reducing lr to 4.431477714752479e-05
Epoch 39: reducing lr to 2.7470293530702274e-05
Epoch 42: reducing lr to 1.4009008912776576e-05
Epoch 45: reducing lr to 4.776764915558453e-06
Epoch 48: reducing lr to 3.5364573293967386e-07
[I 2024-06-22 04:10:39,667] Trial 645 finished with value: 0.9757214784622192 and parameters: {'hidden_size': 196, 'n_layers': 4, 'rnn_dropout': 0.04247417624701133, 'bidirectional': True, 'fc_dropout': 0.24718803988488366, 'learning_rate_model': 0.0016262671895959102}. Best is trial 153 with value: 0.9688200950622559.
Epoch 23: reducing lr to 8.814019374323739e-05
Epoch 26: reducing lr to 7.579600956326717e-05
Epoch 29: reducing lr to 6.21981846510319e-05
Epoch 33: reducing lr to 4.359906979963032e-05
Epoch 36: reducing lr to 3.04341408198958e-05
Epoch 39: reducing lr to 1.8865823896486913e-05
Epoch 42: reducing lr to 9.620992757772024e-06
Epoch 45: reducing lr to 3.280547606494366e-06
Epoch 48: reducing lr to 2.4287392895625765e-07
[I 2024-06-22 04:11:52,458] Trial 646 finished with value: 0.9712298512458801 and parameters: {'hidden_size': 194, 'n_layers': 4, 'rnn_dropout': 0.0013294647513761096, 'bidirectional': True, 'fc_dropout': 0.21163873768928548, 'learning_rate_model': 0.0011168745020238157}. Best is trial 153 with value: 0.9688200950622559.
Epoch 23: reducing lr to 6.944190205681396e-05
Epoch 37: reducing lr to 2.0769658176331847e-05
Epoch 40: reducing lr to 1.2207036658532909e-05
Epoch 43: reducing lr to 5.641911378181399e-06
Epoch 46: reducing lr to 1.4868028615224902e-06
Epoch 49: reducing lr to 2.786054428209183e-09
[I 2024-06-22 04:13:04,765] Trial 647 finished with value: 0.9709059000015259 and parameters: {'hidden_size': 191, 'n_layers': 4, 'rnn_dropout': 0.03235730979437555, 'bidirectional': True, 'fc_dropout': 0.19657088959868757, 'learning_rate_model': 0.0008799378182129461}. Best is trial 153 with value: 0.9688200950622559.
Epoch 23: reducing lr to 7.433942255306871e-05
Epoch 31: reducing lr to 4.458059977190508e-05
Epoch 36: reducing lr to 2.566883913417107e-05
Epoch 39: reducing lr to 1.5911860354406452e-05
Epoch 42: reducing lr to 8.114561763768592e-06
Epoch 45: reducing lr to 2.7668876634770858e-06
Epoch 48: reducing lr to 2.0484533633317306e-07
[I 2024-06-22 04:14:12,436] Trial 648 finished with value: 0.9719163179397583 and parameters: {'hidden_size': 187, 'n_layers': 4, 'rnn_dropout': 0.01476740178683576, 'bidirectional': True, 'fc_dropout': 0.18967695221389863, 'learning_rate_model': 0.000941997084628226}. Best is trial 153 with value: 0.9688200950622559.
Epoch 23: reducing lr to 6.395228930617034e-05
Epoch 37: reducing lr to 1.9127747788306786e-05
Epoch 40: reducing lr to 1.1242029910396447e-05
Epoch 43: reducing lr to 5.195899565107402e-06
Epoch 46: reducing lr to 1.3692661624322215e-06
Epoch 49: reducing lr to 2.5658075821443324e-09
[I 2024-06-22 04:15:24,720] Trial 649 finished with value: 0.9716044664382935 and parameters: {'hidden_size': 191, 'n_layers': 4, 'rnn_dropout': 0.02669514647721285, 'bidirectional': True, 'fc_dropout': 0.1728315579863043, 'learning_rate_model': 0.0008103758142418678}. Best is trial 153 with value: 0.9688200950622559.
Epoch 23: reducing lr to 6.829900909262295e-05
Epoch 26: reducing lr to 5.8733616599785534e-05
Epoch 37: reducing lr to 2.042782571645825e-05
Epoch 40: reducing lr to 1.200613006039214e-05
Epoch 43: reducing lr to 5.5490553268964335e-06
Epoch 46: reducing lr to 1.4623326716336452e-06
Epoch 49: reducing lr to 2.7402008166330614e-09
[I 2024-06-22 04:16:35,719] Trial 650 finished with value: 0.9733136296272278 and parameters: {'hidden_size': 190, 'n_layers': 4, 'rnn_dropout': 0.04503836455230174, 'bidirectional': True, 'fc_dropout': 0.20667687181310132, 'learning_rate_model': 0.0008654555717367714}. Best is trial 153 with value: 0.9688200950622559.
Epoch 23: reducing lr to 8.049539043914433e-05
Epoch 26: reducing lr to 6.922187397611012e-05
Epoch 36: reducing lr to 2.7794448184604496e-05
Epoch 39: reducing lr to 1.722950445205222e-05
Epoch 42: reducing lr to 8.786519924214027e-06
Epoch 45: reducing lr to 2.9960106646489483e-06
Epoch 48: reducing lr to 2.2180835903056958e-07
[I 2024-06-22 04:17:48,021] Trial 651 finished with value: 0.9711552858352661 and parameters: {'hidden_size': 193, 'n_layers': 4, 'rnn_dropout': 0.016382010689371684, 'bidirectional': True, 'fc_dropout': 0.19701172905457115, 'learning_rate_model': 0.001020002853338745}. Best is trial 153 with value: 0.9688200950622559.
Epoch 23: reducing lr to 7.97394526252209e-05
Epoch 36: reducing lr to 2.7533428587267905e-05
Epoch 39: reducing lr to 1.7067700976605823e-05
Epoch 42: reducing lr to 8.70400510408248e-06
Epoch 45: reducing lr to 2.967874919981221e-06
Epoch 48: reducing lr to 2.1972534129351736e-07
