[I 2024-06-22 12:09:21,414] Trial 204 finished with value: 2.4639573097229004 and parameters: {'hidden_size': 109, 'n_layers': 5, 'rnn_dropout': 0.08899653805394801, 'bidirectional': False, 'fc_dropout': 0.6753998876555427, 'learning_rate_model': 0.03647769011909392}. Best is trial 120 with value: 1.8680797815322876.
Epoch 8: reducing lr to 0.0013193501654400475
Epoch 19: reducing lr to 0.003854087850297662
Epoch 25: reducing lr to 0.00426023975374216
Epoch 28: reducing lr to 0.0042335075918526
Epoch 31: reducing lr to 0.004173615733009972
Epoch 34: reducing lr to 0.004081508787163674
Epoch 38: reducing lr to 0.003911167935621259
Epoch 42: reducing lr to 0.003690964992776105
Epoch 45: reducing lr to 0.003496752923249509
Epoch 53: reducing lr to 0.0028829173357896114
Epoch 56: reducing lr to 0.002627108020014135
Epoch 59: reducing lr to 0.0023634734608760114
Epoch 62: reducing lr to 0.002096170365991357
Epoch 71: reducing lr to 0.0013142983951344178
Epoch 77: reducing lr to 0.0008504909132505463
Epoch 85: reducing lr to 0.0003615678049003132
Epoch 88: reducing lr to 0.00022669403707737402
Epoch 91: reducing lr to 0.00012185080093804964
Epoch 94: reducing lr to 4.869100432062373e-05
Epoch 97: reducing lr to 8.36863646961894e-06
[I 2024-06-22 12:09:40,351] Trial 205 finished with value: 2.545522451400757 and parameters: {'hidden_size': 86, 'n_layers': 4, 'rnn_dropout': 0.08126518075693295, 'bidirectional': False, 'fc_dropout': 0.22769917517498836, 'learning_rate_model': 0.042617166273324125}. Best is trial 120 with value: 1.8680797815322876.
Epoch 64: reducing lr to 1.0807628990267846e-05
Epoch 68: reducing lr to 8.832071986098383e-06
Epoch 71: reducing lr to 7.405818559432642e-06
Epoch 78: reducing lr to 4.396779841574358e-06
Epoch 84: reducing lr to 2.326298536210156e-06
Epoch 87: reducing lr to 1.5124427601669716e-06
Epoch 90: reducing lr to 8.64096289837941e-07
Epoch 93: reducing lr to 3.91480687653327e-07
Epoch 96: reducing lr to 1.0205077643838571e-07
Epoch 99: reducing lr to 3.7018224695718836e-10
[I 2024-06-22 12:13:28,845] Trial 206 finished with value: 1.8940212726593018 and parameters: {'hidden_size': 180, 'n_layers': 7, 'rnn_dropout': 0.1249196515526358, 'bidirectional': True, 'fc_dropout': 0.16850254273504195, 'learning_rate_model': 0.0002401395315598264}. Best is trial 120 with value: 1.8680797815322876.
Epoch 38: reducing lr to 0.00018110622223580446
Epoch 53: reducing lr to 0.00013349318574325876
Epoch 56: reducing lr to 0.00012164796212836855
Epoch 62: reducing lr to 9.706294958337992e-05
[I 2024-06-22 12:13:39,598] Trial 207 finished with value: 2.51222562789917 and parameters: {'hidden_size': 45, 'n_layers': 4, 'rnn_dropout': 0.06701996307636841, 'bidirectional': False, 'fc_dropout': 0.5528218732453634, 'learning_rate_model': 0.0019733834274571717}. Best is trial 120 with value: 1.8680797815322876.
Epoch 23: reducing lr to 0.008599489904786305
Epoch 32: reducing lr to 0.008406129822901202
Epoch 35: reducing lr to 0.0081982343424089
Epoch 38: reducing lr to 0.007929176231000892
Epoch 41: reducing lr to 0.00760319873001908
Epoch 48: reducing lr to 0.0066516268192613
Epoch 51: reducing lr to 0.006177456261417181
Epoch 57: reducing lr to 0.005149173612246823
Epoch 61: reducing lr to 0.004430536283263314
Epoch 64: reducing lr to 0.00388841799230078
Epoch 67: reducing lr to 0.0033531035075842312
Epoch 70: reducing lr to 0.0028330386330785535
Epoch 73: reducing lr to 0.0023364234771704336
Epoch 76: reducing lr to 0.0018710892762337714
Epoch 79: reducing lr to 0.0014443759995934904
Epoch 82: reducing lr to 0.0010630119077069248
Epoch 85: reducing lr to 0.000733012463719572
Epoch 88: reducing lr to 0.0004595806163506078
Epoch 91: reducing lr to 0.00024703016859155545
Epoch 94: reducing lr to 9.871208817356231e-05
Epoch 97: reducing lr to 1.696587681046524e-05
[I 2024-06-22 12:14:02,912] Trial 208 finished with value: 2.024057626724243 and parameters: {'hidden_size': 177, 'n_layers': 2, 'rnn_dropout': 0.5036863653751306, 'bidirectional': False, 'fc_dropout': 0.6905811853710797, 'learning_rate_model': 0.08639849462086026}. Best is trial 120 with value: 1.8680797815322876.
[I 2024-06-22 12:14:09,178] Trial 209 finished with value: 9.111162185668945 and parameters: {'hidden_size': 17, 'n_layers': 2, 'rnn_dropout': 0.17907973626202028, 'bidirectional': True, 'fc_dropout': 0.39215624979538544, 'learning_rate_model': 1.5202975046828169e-05}. Best is trial 120 with value: 1.8680797815322876.
Epoch 20: reducing lr to 0.0006053372847528165
Epoch 27: reducing lr to 0.0006434299997193707
Epoch 31: reducing lr to 0.0006324410160719727
Epoch 39: reducing lr to 0.000585004761151821
Epoch 42: reducing lr to 0.0005593034432601954
Epoch 47: reducing lr to 0.0005084099204319501
Epoch 66: reducing lr to 0.0002638717294535946
Epoch 81: reducing lr to 8.855171356275982e-05
Epoch 88: reducing lr to 3.435165485234414e-05
Epoch 91: reducing lr to 1.8464432109773203e-05
Epoch 94: reducing lr to 7.37829982826229e-06
Epoch 97: reducing lr to 1.2681255991350143e-06
[I 2024-06-22 12:14:26,341] Trial 210 finished with value: 2.0305755138397217 and parameters: {'hidden_size': 67, 'n_layers': 5, 'rnn_dropout': 0.2357536332487234, 'bidirectional': False, 'fc_dropout': 0.30442726176771207, 'learning_rate_model': 0.006457912195134263}. Best is trial 120 with value: 1.8680797815322876.
Epoch 9: reducing lr to 0.0006053518545891945
Epoch 13: reducing lr to 0.0009998009369991717
Epoch 16: reducing lr to 0.0012784588212606891
Epoch 19: reducing lr to 0.0014985816999217865
Epoch 22: reducing lr to 0.0016292538197243637
Epoch 25: reducing lr to 0.001656505398999719
Epoch 28: reducing lr to 0.0016461111552348948
Epoch 31: reducing lr to 0.0016228234547148016
Epoch 36: reducing lr to 0.0015564456959060908
Epoch 42: reducing lr to 0.0014351547780103216
Epoch 45: reducing lr to 0.0013596394642444414
Epoch 56: reducing lr to 0.0010214961763798094
Epoch 60: reducing lr to 0.0008844200951514797
Epoch 63: reducing lr to 0.0007803733146993051
Epoch 66: reducing lr to 0.0006770864329025747
Epoch 77: reducing lr to 0.0003306956582343085
Epoch 83: reducing lr to 0.00018163567721834038
Epoch 86: reducing lr to 0.00012185703353921571
Epoch 89: reducing lr to 7.322350293975828e-05
Epoch 92: reducing lr to 3.650182438992115e-05
Epoch 95: reducing lr to 1.2271228888786554e-05
Epoch 98: reducing lr to 9.137829118828489e-07
[I 2024-06-22 12:15:36,683] Trial 211 finished with value: 2.472982168197632 and parameters: {'hidden_size': 107, 'n_layers': 5, 'rnn_dropout': 0.28271547760130356, 'bidirectional': True, 'fc_dropout': 0.7496643078391715, 'learning_rate_model': 0.0165707965050135}. Best is trial 120 with value: 1.8680797815322876.
Epoch 22: reducing lr to 0.00015789619282890238
Epoch 25: reducing lr to 0.00016053723044014557
Epoch 30: reducing lr to 0.0001581623443137705
Epoch 41: reducing lr to 0.00014132417576730473
Epoch 44: reducing lr to 0.00013430264952177004
Epoch 50: reducing lr to 0.00011782867582960498
Epoch 53: reducing lr to 0.00010863603727208403
Epoch 56: reducing lr to 9.89964579410591e-05
Epoch 59: reducing lr to 8.906200250690969e-05
Epoch 62: reducing lr to 7.898930683217256e-05
Epoch 65: reducing lr to 6.893725302162974e-05
Epoch 68: reducing lr to 5.9064323720058195e-05
Epoch 72: reducing lr to 4.6447540385115715e-05
Epoch 75: reducing lr to 3.7588687635340954e-05
Epoch 78: reducing lr to 2.940338669083866e-05
Epoch 81: reducing lr to 2.202070041346744e-05
Epoch 84: reducing lr to 1.5557079927392206e-05
Epoch 87: reducing lr to 1.0114433955607168e-05
Epoch 90: reducing lr to 5.778628510798105e-06
Epoch 93: reducing lr to 2.6180201092225983e-06
Epoch 96: reducing lr to 6.824627454268123e-07
Epoch 99: reducing lr to 2.4755871673139487e-09
[I 2024-06-22 12:16:36,845] Trial 212 finished with value: 1.8701753616333008 and parameters: {'hidden_size': 189, 'n_layers': 2, 'rnn_dropout': 0.7465246102585805, 'bidirectional': True, 'fc_dropout': 0.2197073987390904, 'learning_rate_model': 0.001605928829877941}. Best is trial 120 with value: 1.8680797815322876.
Epoch 16: reducing lr to 0.0002931636026819371
Epoch 19: reducing lr to 0.00034364001621035335
Epoch 43: reducing lr to 0.00032355438000414847
Epoch 46: reducing lr to 0.0003055658069699977
Epoch 54: reducing lr to 0.0002495452250341282
Epoch 57: reducing lr to 0.00022646341365823607
Epoch 63: reducing lr to 0.00017894753320916206
Epoch 66: reducing lr to 0.0001552628013478309
Epoch 72: reducing lr to 0.00010990137255954686
Epoch 75: reducing lr to 8.894008874493273e-05
Epoch 78: reducing lr to 6.957252264444594e-05
Epoch 81: reducing lr to 5.21040550284593e-05
Epoch 84: reducing lr to 3.6810225533209785e-05
Epoch 87: reducing lr to 2.3932164441162283e-05
Epoch 90: reducing lr to 1.3673042739889779e-05
Epoch 98: reducing lr to 2.0953970989272263e-07
[I 2024-06-22 12:16:58,784] Trial 213 finished with value: 1.874051570892334 and parameters: {'hidden_size': 50, 'n_layers': 4, 'rnn_dropout': 0.14825411675014752, 'bidirectional': True, 'fc_dropout': 0.7711342139391983, 'learning_rate_model': 0.003799852073396136}. Best is trial 120 with value: 1.8680797815322876.
[I 2024-06-22 12:17:37,971] Trial 214 finished with value: 7.345830917358398 and parameters: {'hidden_size': 105, 'n_layers': 7, 'rnn_dropout': 0.11455182536701028, 'bidirectional': False, 'fc_dropout': 0.3470718617221808, 'learning_rate_model': 1.727543140097415e-05}. Best is trial 120 with value: 1.8680797815322876.
Epoch 23: reducing lr to 0.0005542939981953602
Epoch 27: reducing lr to 0.0005548592502749984
Epoch 34: reducing lr to 0.0005333469643533531
Epoch 37: reducing lr to 0.0005172911105645406
Epoch 40: reducing lr to 0.0004974685912506298
Epoch 43: reducing lr to 0.00047419203400182427
Epoch 47: reducing lr to 0.00043842523259139053
Epoch 52: reducing lr to 0.0003875457800241877
Epoch 55: reducing lr to 0.0003545772264386472
Epoch 58: reducing lr to 0.0003204081832044024
Epoch 61: reducing lr to 0.00028557736537754096
Epoch 64: reducing lr to 0.0002506342561560032
Epoch 87: reducing lr to 3.5074294881359216e-05
Epoch 96: reducing lr to 2.366607927215946e-06
Epoch 99: reducing lr to 8.584709207826863e-09
[I 2024-06-22 12:18:01,775] Trial 215 finished with value: 2.10941481590271 and parameters: {'hidden_size': 107, 'n_layers': 4, 'rnn_dropout': 0.6453974486198909, 'bidirectional': False, 'fc_dropout': 0.1921377657771018, 'learning_rate_model': 0.005568954385864473}. Best is trial 120 with value: 1.8680797815322876.
Epoch 5: reducing lr to 0.0009110017094835094
Epoch 14: reducing lr to 0.0036427635939699685
Epoch 17: reducing lr to 0.004516831003287167
Epoch 20: reducing lr to 0.005158432484591934
Epoch 23: reducing lr to 0.005477457009454858
Epoch 26: reducing lr to 0.005494555898252556
Epoch 29: reducing lr to 0.0054456694330275324
Epoch 32: reducing lr to 0.00535429603739757
Epoch 37: reducing lr to 0.005111799566142495
Epoch 42: reducing lr to 0.004766151240189389
Epoch 45: reducing lr to 0.004515364766233231
Epoch 48: reducing lr to 0.0042367629183635985
Epoch 51: reducing lr to 0.0039347393245810405
Epoch 54: reducing lr to 0.003614057320032131
Epoch 57: reducing lr to 0.003279773266505419
Epoch 60: reducing lr to 0.0029371605055718425
Epoch 63: reducing lr to 0.002591620986567936
Epoch 66: reducing lr to 0.002248605092175505
Epoch 69: reducing lr to 0.001913520882074264
Epoch 72: reducing lr to 0.0015916548189855695
Epoch 75: reducing lr to 0.0012880814639068788
Epoch 78: reducing lr to 0.0010075892444019873
Epoch 81: reducing lr to 0.0007546008602376863
Epoch 84: reducing lr to 0.0005331068347316066
Epoch 87: reducing lr to 0.0003465993551708568
Epoch 90: reducing lr to 0.0001980208605251922
Epoch 93: reducing lr to 8.971377792010293e-05
Epoch 96: reducing lr to 2.3386493849410218e-05
Epoch 99: reducing lr to 8.483291498370682e-08
[I 2024-06-22 12:19:07,942] Trial 216 finished with value: 1.9384769201278687 and parameters: {'hidden_size': 199, 'n_layers': 2, 'rnn_dropout': 0.6571573921810379, 'bidirectional': True, 'fc_dropout': 0.11105321443653891, 'learning_rate_model': 0.055031640853951194}. Best is trial 120 with value: 1.8680797815322876.
Epoch 26: reducing lr to 0.00033016590262836744
Epoch 29: reducing lr to 0.00032722833238316097
Epoch 32: reducing lr to 0.0003217377376557545
Epoch 35: reducing lr to 0.0003137807083245843
Epoch 40: reducing lr to 0.0002953956471965567
Epoch 43: reducing lr to 0.00028157408375727925
Epoch 46: reducing lr to 0.0002659194788957195
Epoch 49: reducing lr to 0.00024867873827574133
Epoch 52: reducing lr to 0.0002301237475530661
Epoch 55: reducing lr to 0.0002105471001127685
Epoch 58: reducing lr to 0.00019025760482042805
Epoch 61: reducing lr to 0.00016957514937437665
Epoch 64: reducing lr to 0.00014882601556955366
Epoch 67: reducing lr to 0.00012833729187915316
Epoch 70: reducing lr to 0.00010843223453613771
Epoch 73: reducing lr to 8.942469597634259e-05
Epoch 76: reducing lr to 7.161441036127474e-05
Epoch 79: reducing lr to 5.5282309008296195e-05
Epoch 82: reducing lr to 4.068591057861102e-05
Epoch 85: reducing lr to 2.805545199981354e-05
Epoch 88: reducing lr to 1.7590071874960552e-05
Epoch 91: reducing lr to 9.454877482243826e-06
Epoch 94: reducing lr to 3.7781243684475995e-06
Epoch 97: reducing lr to 6.49355046536881e-07
[I 2024-06-22 12:20:37,338] Trial 217 finished with value: 1.8770089149475098 and parameters: {'hidden_size': 180, 'n_layers': 3, 'rnn_dropout': 0.7582112528812855, 'bidirectional': True, 'fc_dropout': 0.3744396438931783, 'learning_rate_model': 0.003306831655210467}. Best is trial 120 with value: 1.8680797815322876.
[I 2024-06-22 12:20:41,438] Trial 218 finished with value: 4.426053047180176 and parameters: {'hidden_size': 45, 'n_layers': 1, 'rnn_dropout': 0.2124096139779087, 'bidirectional': False, 'fc_dropout': 0.4411750686502212, 'learning_rate_model': 0.00019346062318522451}. Best is trial 120 with value: 1.8680797815322876.
Epoch 15: reducing lr to 0.0021687256991964866
Epoch 18: reducing lr to 0.0026125400228416366
Epoch 21: reducing lr to 0.002909936958152608
Epoch 24: reducing lr to 0.0030191479860821437
Epoch 27: reducing lr to 0.0030082497627433305
Epoch 31: reducing lr to 0.0029568726005586433
Epoch 34: reducing lr to 0.0028916177898821367
Epoch 37: reducing lr to 0.0028045686538590844
Epoch 41: reducing lr to 0.0026570203926397236
Epoch 44: reducing lr to 0.0025250094446150977
Epoch 47: reducing lr to 0.0023769858775357405
Epoch 50: reducing lr to 0.002215284064578461
Epoch 53: reducing lr to 0.0020424542711132863
Epoch 56: reducing lr to 0.001861221592982026
Epoch 59: reducing lr to 0.0016744449814434063
Epoch 62: reducing lr to 0.001485069330240619
Epoch 65: reducing lr to 0.0012960817644719663
Epoch 68: reducing lr to 0.001110461899031826
Epoch 71: reducing lr to 0.0009311381694280845
Epoch 74: reducing lr to 0.0007609378074660896
Epoch 77: reducing lr to 0.0006025454759825226
Epoch 80: reducing lr to 0.00045845864791531734
Epoch 83: reducing lr to 0.0003309500831347123
Epoch 86: reducing lr to 0.00022203014296511106
Epoch 89: reducing lr to 0.000133417205014175
Epoch 92: reducing lr to 6.650830938842306e-05
Epoch 95: reducing lr to 2.235884647280549e-05
Epoch 98: reducing lr to 1.6649621664976966e-06
[I 2024-06-22 12:21:25,596] Trial 219 finished with value: 1.9360764026641846 and parameters: {'hidden_size': 160, 'n_layers': 2, 'rnn_dropout': 0.1959045110095069, 'bidirectional': True, 'fc_dropout': 0.07035094701648266, 'learning_rate_model': 0.030192892524910118}. Best is trial 120 with value: 1.8680797815322876.
Epoch 10: reducing lr to 0.0011712840402703416
Epoch 15: reducing lr to 0.0019866738444177696
Epoch 18: reducing lr to 0.0023932325479414365
Epoch 23: reducing lr to 0.0027529174254860003
Epoch 31: reducing lr to 0.0027086604170282356
Epoch 39: reducing lr to 0.0025054972717403062
Epoch 42: reducing lr to 0.0023954219593089834
Epoch 47: reducing lr to 0.0021774517972467824
Epoch 55: reducing lr to 0.0017610182114932704
Epoch 59: reducing lr to 0.0015338851057940196
Epoch 65: reducing lr to 0.0011872832708430046
Epoch 70: reducing lr to 0.0009069283767326891
Epoch 73: reducing lr to 0.0007479491196375691
Epoch 77: reducing lr to 0.0005519653027813726
Epoch 80: reducing lr to 0.00041997372230981116
Epoch 83: reducing lr to 0.000303168756756661
Epoch 86: reducing lr to 0.00020339200935579443
Epoch 89: reducing lr to 0.00012221760995186626
Epoch 92: reducing lr to 6.092532529465532e-05
Epoch 95: reducing lr to 2.0481951910900076e-05
Epoch 98: reducing lr to 1.525198317773105e-06
[I 2024-06-22 12:21:34,129] Trial 220 finished with value: 2.5553836822509766 and parameters: {'hidden_size': 32, 'n_layers': 5, 'rnn_dropout': 0.09632070148617872, 'bidirectional': False, 'fc_dropout': 0.7256872441762966, 'learning_rate_model': 0.02765837555610633}. Best is trial 120 with value: 1.8680797815322876.
Epoch 44: reducing lr to 0.0014238811316750679
Epoch 47: reducing lr to 0.0013404089828254763
Epoch 52: reducing lr to 0.0011848538956804745
Epoch 57: reducing lr to 0.0010147213746661006
Epoch 62: reducing lr to 0.0008374472432443842
Epoch 65: reducing lr to 0.0007308750363193503
Epoch 68: reducing lr to 0.0006262019133621528
Epoch 71: reducing lr to 0.0005250792519840321
Epoch 78: reducing lr to 0.00031173567807867025
Epoch 81: reducing lr to 0.00023346419401743188
Epoch 84: reducing lr to 0.00016493667586940669
Epoch 87: reducing lr to 0.00010723356328594391
Epoch 91: reducing lr to 4.868097507161814e-05
Epoch 96: reducing lr to 7.235492596345885e-06
Epoch 99: reducing lr to 2.624625701670713e-08
[I 2024-06-22 12:21:39,316] Trial 221 finished with value: 1.9973583221435547 and parameters: {'hidden_size': 78, 'n_layers': 1, 'rnn_dropout': 0.6406874841040265, 'bidirectional': False, 'fc_dropout': 0.5357172799004265, 'learning_rate_model': 0.017026110563109636}. Best is trial 120 with value: 1.8680797815322876.
Epoch 39: reducing lr to 0.00010922493835627069
Epoch 49: reducing lr to 9.06736529343932e-05
Epoch 56: reducing lr to 7.432722259842867e-05
Epoch 62: reducing lr to 5.9305715718697784e-05
Epoch 68: reducing lr to 4.4345901136990206e-05
Epoch 71: reducing lr to 3.7184671749960184e-05
Epoch 79: reducing lr to 2.015712696302962e-05
Epoch 82: reducing lr to 1.4834964021066083e-05
Epoch 85: reducing lr to 1.0229625319748466e-05
Epoch 93: reducing lr to 1.965627533272022e-06
Epoch 96: reducing lr to 5.123977306811973e-07
Epoch 99: reducing lr to 1.8586878992952333e-09
[I 2024-06-22 12:22:30,290] Trial 222 finished with value: 2.5224218368530273 and parameters: {'hidden_size': 182, 'n_layers': 4, 'rnn_dropout': 0.4462602429719284, 'bidirectional': False, 'fc_dropout': 0.5463254941038999, 'learning_rate_model': 0.0012057424285486997}. Best is trial 120 with value: 1.8680797815322876.
Epoch 11: reducing lr to 0.00044860329094426716
Epoch 14: reducing lr to 0.0006145774586013375
Epoch 17: reducing lr to 0.0007620430058999986
Epoch 24: reducing lr to 0.0009284056645664198
Epoch 31: reducing lr to 0.0009092556192723162
Epoch 34: reducing lr to 0.0008891893833171535
Epoch 37: reducing lr to 0.0008624212648440051
Epoch 40: reducing lr to 0.0008293734087529911
Epoch 43: reducing lr to 0.000790567023849487
Epoch 46: reducing lr to 0.0007466140640820275
Epoch 49: reducing lr to 0.0006982077590023089
Epoch 52: reducing lr to 0.0006461114737283237
Epoch 55: reducing lr to 0.0005911467138423682
Epoch 58: reducing lr to 0.0005341805126400565
Epoch 61: reducing lr to 0.0004761110091200552
Epoch 64: reducing lr to 0.00041785429479234814
Epoch 67: reducing lr to 0.0003603287260530139
Epoch 70: reducing lr to 0.00030444189963334245
Epoch 73: reducing lr to 0.00025107500950834487
Epoch 76: reducing lr to 0.00020106961020195535
Epoch 79: reducing lr to 0.00015521446406228993
Epoch 82: reducing lr to 0.00011423259843212525
Epoch 85: reducing lr to 7.877044255736251e-05
Epoch 88: reducing lr to 4.938711186031393e-05
Epoch 91: reducing lr to 2.6546173043547407e-05
Epoch 94: reducing lr to 1.0607725319889718e-05
Epoch 97: reducing lr to 1.8231744900388396e-06
[I 2024-06-22 12:24:22,073] Trial 223 finished with value: 1.904542326927185 and parameters: {'hidden_size': 169, 'n_layers': 4, 'rnn_dropout': 0.6598868499081856, 'bidirectional': True, 'fc_dropout': 0.7758964562757713, 'learning_rate_model': 0.00928449104813407}. Best is trial 120 with value: 1.8680797815322876.
[I 2024-06-22 12:24:37,045] Trial 224 finished with value: 4.391448020935059 and parameters: {'hidden_size': 64, 'n_layers': 5, 'rnn_dropout': 0.7642098028305495, 'bidirectional': False, 'fc_dropout': 0.4953078651359258, 'learning_rate_model': 7.906311395751618e-05}. Best is trial 120 with value: 1.8680797815322876.
Epoch 13: reducing lr to 2.6272124887037e-05
Epoch 37: reducing lr to 4.0447007834347186e-05
Epoch 40: reducing lr to 3.8897084439933436e-05
Epoch 43: reducing lr to 3.7077089713228e-05
Epoch 48: reducing lr to 3.352329854369475e-05
Epoch 51: reducing lr to 3.113354313450539e-05
Epoch 55: reducing lr to 2.7724404233418027e-05
Epoch 61: reducing lr to 2.2329302976290912e-05
Epoch 65: reducing lr to 1.869186878681634e-05
Epoch 68: reducing lr to 1.6014890941636072e-05
Epoch 71: reducing lr to 1.3428714887009412e-05
Epoch 74: reducing lr to 1.0974114474852258e-05
Epoch 77: reducing lr to 8.689807451880651e-06
Epoch 80: reducing lr to 6.611811944214497e-06
Epoch 83: reducing lr to 4.772905304674396e-06
Epoch 86: reducing lr to 3.2020806192831033e-06
Epoch 89: reducing lr to 1.9241200350077756e-06
Epoch 92: reducing lr to 9.591714245187771e-07
Epoch 95: reducing lr to 3.224554468324954e-07
Epoch 98: reducing lr to 2.401179864132126e-08
