[I 2024-06-22 14:43:43,425] Trial 414 finished with value: 1.8857200145721436 and parameters: {'hidden_size': 74, 'n_layers': 1, 'rnn_dropout': 0.4275198695236406, 'bidirectional': True, 'fc_dropout': 0.0868469644869741, 'learning_rate_model': 0.001309253391186895}. Best is trial 346 with value: 1.8583240509033203.
[I 2024-06-22 14:44:24,613] Trial 415 finished with value: 8.770681381225586 and parameters: {'hidden_size': 138, 'n_layers': 5, 'rnn_dropout': 0.2505773561175088, 'bidirectional': False, 'fc_dropout': 0.18083533670023533, 'learning_rate_model': 1.0103208625366834e-05}. Best is trial 346 with value: 1.8583240509033203.
Epoch 12: reducing lr to 0.0008222949276820244
Epoch 27: reducing lr to 0.001507574798111573
Epoch 33: reducing lr to 0.0014612684796247678
Epoch 37: reducing lr to 0.0014055006583881195
Epoch 45: reducing lr to 0.0012415095837946663
Epoch 50: reducing lr to 0.0011101825612282474
Epoch 53: reducing lr to 0.0010235694600762614
Epoch 72: reducing lr to 0.0004376290320199308
Epoch 77: reducing lr to 0.0003019637483421612
Epoch 83: reducing lr to 0.00016585458127380635
Epoch 86: reducing lr to 0.00011126969977720905
Epoch 90: reducing lr to 5.444627596241352e-05
Epoch 93: reducing lr to 2.466700274563836e-05
Epoch 96: reducing lr to 6.430168491042796e-06
Epoch 99: reducing lr to 2.3324998627179128e-08
[I 2024-06-22 14:45:26,680] Trial 416 finished with value: 2.4846320152282715 and parameters: {'hidden_size': 142, 'n_layers': 7, 'rnn_dropout': 0.3129214084280226, 'bidirectional': False, 'fc_dropout': 0.6815810064519052, 'learning_rate_model': 0.015131072032774386}. Best is trial 346 with value: 1.8583240509033203.
Epoch 7: reducing lr to 0.0013493985414987544
Epoch 13: reducing lr to 0.0031658526744998442
Epoch 17: reducing lr to 0.004306673271670186
Epoch 20: reducing lr to 0.004918422515462641
Epoch 25: reducing lr to 0.005245296192146935
Epoch 28: reducing lr to 0.005212382995925055
Epoch 33: reducing lr to 0.00506734954664613
Epoch 36: reducing lr to 0.0049284588429047965
Epoch 39: reducing lr to 0.004753218844064557
Epoch 42: reducing lr to 0.004544393212835098
Epoch 45: reducing lr to 0.004305275255245501
Epoch 52: reducing lr to 0.003651488161273615
Epoch 55: reducing lr to 0.0033408557423000363
Epoch 58: reducing lr to 0.0030189122112826063
Epoch 62: reducing lr to 0.002580848748985961
Epoch 66: reducing lr to 0.002143982682098598
Epoch 70: reducing lr to 0.00172054829160058
Epoch 73: reducing lr to 0.0014189462067916714
Epoch 76: reducing lr to 0.0011363415309864281
Epoch 81: reducing lr to 0.000719491022179021
Epoch 91: reducing lr to 0.00015002525189080975
Epoch 96: reducing lr to 2.2298374215470178e-05
Epoch 99: reducing lr to 8.088583505899694e-08
[I 2024-06-22 14:46:02,397] Trial 417 finished with value: 2.5340771675109863 and parameters: {'hidden_size': 142, 'n_layers': 4, 'rnn_dropout': 0.552347215883451, 'bidirectional': False, 'fc_dropout': 0.6222564887203075, 'learning_rate_model': 0.05247114549766932}. Best is trial 346 with value: 1.8583240509033203.
Epoch 9: reducing lr to 0.00025178007346472584
Epoch 13: reducing lr to 0.0004158407238028252
Epoch 16: reducing lr to 0.0005317410915625018
Epoch 19: reducing lr to 0.0006232953738206589
Epoch 23: reducing lr to 0.0006859988350097352
Epoch 40: reducing lr to 0.0006156712415485843
Epoch 47: reducing lr to 0.0005425986927077712
Epoch 50: reducing lr to 0.0005056867391499921
Epoch 53: reducing lr to 0.0004662345821635237
Epoch 59: reducing lr to 0.00038222846274719584
Epoch 63: reducing lr to 0.00032457561501688986
Epoch 66: reducing lr to 0.00028161617169549923
Epoch 71: reducing lr to 0.00021255252638933243
Epoch 74: reducing lr to 0.00017370059429678287
Epoch 77: reducing lr to 0.00013754410182026112
Epoch 80: reducing lr to 0.00010465315144291736
Epoch 83: reducing lr to 7.554655000583735e-05
Epoch 86: reducing lr to 5.068320617852614e-05
Epoch 89: reducing lr to 3.0455377000584463e-05
Epoch 92: reducing lr to 1.5181967242386234e-05
Epoch 95: reducing lr to 5.103892699259705e-06
Epoch 98: reducing lr to 3.800638041173698e-07
[I 2024-06-22 14:46:19,932] Trial 418 finished with value: 1.8928618431091309 and parameters: {'hidden_size': 51, 'n_layers': 3, 'rnn_dropout': 0.004968213752412876, 'bidirectional': True, 'fc_dropout': 0.5131398260428972, 'learning_rate_model': 0.0068921839914617405}. Best is trial 346 with value: 1.8583240509033203.
Epoch 72: reducing lr to 0.0003143782377531607
Epoch 79: reducing lr to 0.0001817147314950758
Epoch 82: reducing lr to 0.00013373589940527745
Epoch 86: reducing lr to 7.993247607414027e-05
Epoch 91: reducing lr to 3.10784870209916e-05
Epoch 94: reducing lr to 1.2418816570495227e-05
Epoch 97: reducing lr to 2.1344509671027135e-06
[I 2024-06-22 14:46:23,838] Trial 419 finished with value: 2.011168956756592 and parameters: {'hidden_size': 37, 'n_layers': 1, 'rnn_dropout': 0.7250680556642687, 'bidirectional': False, 'fc_dropout': 0.7705932519309364, 'learning_rate_model': 0.01086966223201368}. Best is trial 346 with value: 1.8583240509033203.
[I 2024-06-22 14:46:31,690] Trial 420 finished with value: 1.970083236694336 and parameters: {'hidden_size': 76, 'n_layers': 1, 'rnn_dropout': 0.42881921335072887, 'bidirectional': True, 'fc_dropout': 0.6169218666030231, 'learning_rate_model': 0.00034644677219478504}. Best is trial 346 with value: 1.8583240509033203.
Epoch 72: reducing lr to 5.713628221294983e-07
[I 2024-06-22 14:48:12,332] Trial 421 finished with value: 2.493285894393921 and parameters: {'hidden_size': 121, 'n_layers': 6, 'rnn_dropout': 0.7526779359208366, 'bidirectional': True, 'fc_dropout': 0.08806120627761437, 'learning_rate_model': 1.9754932570600042e-05}. Best is trial 346 with value: 1.8583240509033203.
Epoch 12: reducing lr to 8.422793474102656e-05
Epoch 23: reducing lr to 0.00015426405918914364
Epoch 60: reducing lr to 8.272055833527102e-05
Epoch 63: reducing lr to 7.298897509878079e-05
Epoch 66: reducing lr to 6.332846582521965e-05
Epoch 69: reducing lr to 5.389134010589799e-05
Epoch 72: reducing lr to 4.4826482942877984e-05
Epoch 75: reducing lr to 3.6276811455676866e-05
Epoch 79: reducing lr to 2.591029318711731e-05
Epoch 82: reducing lr to 1.9069099872772104e-05
Epoch 85: reducing lr to 1.3149323894976524e-05
Epoch 88: reducing lr to 8.244299625659595e-06
Epoch 91: reducing lr to 4.4314112779993834e-06
Epoch 94: reducing lr to 1.770771008663516e-06
Epoch 97: reducing lr to 3.043465430465318e-07
[I 2024-06-22 14:48:55,754] Trial 422 finished with value: 1.8911212682724 and parameters: {'hidden_size': 75, 'n_layers': 5, 'rnn_dropout': 0.5561216517821522, 'bidirectional': True, 'fc_dropout': 0.2444085290288249, 'learning_rate_model': 0.001549880590083267}. Best is trial 346 with value: 1.8583240509033203.
Epoch 7: reducing lr to 0.0005995311079746026
Epoch 15: reducing lr to 0.0016745261578641792
Epoch 18: reducing lr to 0.002017206052538711
Epoch 26: reducing lr to 0.002327620455174627
Epoch 32: reducing lr to 0.002268203146986018
Epoch 35: reducing lr to 0.002212107274922259
Epoch 41: reducing lr to 0.0020515504340185655
Epoch 44: reducing lr to 0.0019496215521532447
Epoch 47: reducing lr to 0.0018353289354582965
Epoch 50: reducing lr to 0.0017104750105606727
Epoch 53: reducing lr to 0.0015770288997302782
Epoch 56: reducing lr to 0.0014370947161205145
Epoch 59: reducing lr to 0.0012928799259261925
Epoch 66: reducing lr to 0.0009525609175842729
Epoch 69: reducing lr to 0.0008106115269363902
Epoch 74: reducing lr to 0.0005875386931514109
Epoch 78: reducing lr to 0.00042683801550365275
Epoch 81: reducing lr to 0.0003196663079431422
Epoch 96: reducing lr to 9.90705754327012e-06
Epoch 99: reducing lr to 3.59371770612682e-08
[I 2024-06-22 14:50:33,571] Trial 423 finished with value: 2.083752155303955 and parameters: {'hidden_size': 155, 'n_layers': 4, 'rnn_dropout': 0.22958700219765965, 'bidirectional': True, 'fc_dropout': 0.5221543314676185, 'learning_rate_model': 0.02331267081552816}. Best is trial 346 with value: 1.8583240509033203.
Epoch 36: reducing lr to 0.00018508278210387275
Epoch 39: reducing lr to 0.00017850183914481284
Epoch 42: reducing lr to 0.00017065962517194224
Epoch 45: reducing lr to 0.0001616798166248156
Epoch 48: reducing lr to 0.0001517040343775547
Epoch 51: reducing lr to 0.0001408895992682806
Epoch 56: reducing lr to 0.00012146993289269925
Epoch 59: reducing lr to 0.00010928022772536779
Epoch 62: reducing lr to 9.692089999682044e-05
Epoch 68: reducing lr to 7.247268829456241e-05
Epoch 71: reducing lr to 6.076938467764301e-05
Epoch 74: reducing lr to 4.96615044425375e-05
Epoch 77: reducing lr to 3.93242582228646e-05
Epoch 80: reducing lr to 2.9920639974484246e-05
Epoch 83: reducing lr to 2.1598978080196257e-05
Epoch 86: reducing lr to 1.4490475861564378e-05
Epoch 89: reducing lr to 8.707280745565604e-06
Epoch 92: reducing lr to 4.340568532344887e-06
Epoch 95: reducing lr to 1.4592177475538944e-06
Epoch 98: reducing lr to 1.0866134553559267e-07
[I 2024-06-22 14:51:06,231] Trial 424 finished with value: 2.5690603256225586 and parameters: {'hidden_size': 134, 'n_layers': 4, 'rnn_dropout': 0.24571368741668903, 'bidirectional': False, 'fc_dropout': 0.6219835449679528, 'learning_rate_model': 0.0019704954222894244}. Best is trial 346 with value: 1.8583240509033203.
[I 2024-06-22 14:51:13,793] Trial 425 finished with value: 6.0948967933654785 and parameters: {'hidden_size': 42, 'n_layers': 3, 'rnn_dropout': 0.293487454872947, 'bidirectional': False, 'fc_dropout': 0.4885060134941166, 'learning_rate_model': 7.106542572380849e-05}. Best is trial 346 with value: 1.8583240509033203.
Epoch 26: reducing lr to 0.00838985366695027
Epoch 29: reducing lr to 0.008315206999025234
Epoch 32: reducing lr to 0.008175685364777863
Epoch 37: reducing lr to 0.007805407958149069
Epoch 42: reducing lr to 0.007277623924521318
Epoch 45: reducing lr to 0.0068946881864734525
Epoch 48: reducing lr to 0.00646928005918303
Epoch 51: reducing lr to 0.006008108346177441
Epoch 54: reducing lr to 0.005518446371377023
Epoch 57: reducing lr to 0.005008014892615284
Epoch 60: reducing lr to 0.004484865982695796
Epoch 63: reducing lr to 0.0039572480906814225
Epoch 66: reducing lr to 0.003433483620416261
Epoch 69: reducing lr to 0.0029218303510866843
Epoch 72: reducing lr to 0.0024303603906972843
Epoch 75: reducing lr to 0.0019668222861699723
Epoch 78: reducing lr to 0.0015385276760245814
Epoch 81: reducing lr to 0.0011522297546126409
Epoch 84: reducing lr to 0.0008140218090549739
Epoch 87: reducing lr to 0.0005292361975728785
Epoch 90: reducing lr to 0.0003023658460437714
Epoch 93: reducing lr to 0.00013698749864357734
Epoch 96: reducing lr to 3.570975795186282e-05
Epoch 99: reducing lr to 1.295347169152916e-07
[I 2024-06-22 14:51:20,975] Trial 426 finished with value: 1.9120186567306519 and parameters: {'hidden_size': 62, 'n_layers': 1, 'rnn_dropout': 0.24607087133984198, 'bidirectional': True, 'fc_dropout': 0.796461769477117, 'learning_rate_model': 0.0840299784671679}. Best is trial 346 with value: 1.8583240509033203.
Epoch 7: reducing lr to 0.0005687541565421665
Epoch 13: reducing lr to 0.001334366247070368
Epoch 16: reducing lr to 0.0017062719549752186
Epoch 19: reducing lr to 0.0020000549757982706
Epoch 22: reducing lr to 0.00217445415832058
Epoch 26: reducing lr to 0.0022081319736777017
Epoch 29: reducing lr to 0.0021884856603190937
Epoch 32: reducing lr to 0.002151764855185745
Epoch 35: reducing lr to 0.0020985486667732633
Epoch 43: reducing lr to 0.0018831524768422024
Epoch 51: reducing lr to 0.0015812786095155743
Epoch 57: reducing lr to 0.0013180632521160105
Epoch 62: reducing lr to 0.0010877946049668017
Epoch 65: reducing lr to 0.0009493635901564425
Epoch 73: reducing lr to 0.0005980676043462647
Epoch 77: reducing lr to 0.00044135698224590165
Epoch 80: reducing lr to 0.000335815193033347
Epoch 85: reducing lr to 0.00018763336887182744
Epoch 88: reducing lr to 0.00011764146393429577
Epoch 91: reducing lr to 6.323371707843382e-05
Epoch 94: reducing lr to 2.5267894570840666e-05
Epoch 97: reducing lr to 4.342851969608291e-06
[I 2024-06-22 14:52:41,309] Trial 427 finished with value: 2.4661664962768555 and parameters: {'hidden_size': 96, 'n_layers': 7, 'rnn_dropout': 0.17151832334065126, 'bidirectional': True, 'fc_dropout': 0.774087118010037, 'learning_rate_model': 0.022115914003569243}. Best is trial 346 with value: 1.8583240509033203.
[I 2024-06-22 14:52:54,173] Trial 428 finished with value: 5.530417442321777 and parameters: {'hidden_size': 55, 'n_layers': 4, 'rnn_dropout': 0.13478157731715773, 'bidirectional': False, 'fc_dropout': 0.028703319172813394, 'learning_rate_model': 5.826872431714904e-05}. Best is trial 346 with value: 1.8583240509033203.
Epoch 8: reducing lr to 0.00014786818160317176
Epoch 15: reducing lr to 0.0003430829455478786
Epoch 22: reducing lr to 0.00046961784262153085
Epoch 31: reducing lr to 0.00046776434741624087
Epoch 34: reducing lr to 0.00045744132101121425
Epoch 39: reducing lr to 0.0004326796703274448
Epoch 42: reducing lr to 0.0004136705297344105
Epoch 45: reducing lr to 0.00039190391589788735
Epoch 48: reducing lr to 0.00036772311084466014
Epoch 51: reducing lr to 0.00034150945254132927
Epoch 56: reducing lr to 0.0002944371372895025
Epoch 59: reducing lr to 0.00026488989207086415
Epoch 62: reducing lr to 0.00023493149011446558
Epoch 65: reducing lr to 0.00020503448158090345
Epoch 68: reducing lr to 0.0001756702285492735
Epoch 71: reducing lr to 0.00014730199674297496
Epoch 74: reducing lr to 0.00012037704190111972
Epoch 77: reducing lr to 9.532006597386816e-05
Epoch 80: reducing lr to 7.25261582859283e-05
Epoch 83: reducing lr to 5.235485953490578e-05
Epoch 86: reducing lr to 3.512420011304775e-05
Epoch 89: reducing lr to 2.1106019862257053e-05
Epoch 92: reducing lr to 1.052132443344206e-05
Epoch 95: reducing lr to 3.5370719818485914e-06
Epoch 98: reducing lr to 2.633897521108798e-07
[I 2024-06-22 14:57:19,375] Trial 429 finished with value: 2.4597928524017334 and parameters: {'hidden_size': 196, 'n_layers': 7, 'rnn_dropout': 0.4452733272816815, 'bidirectional': True, 'fc_dropout': 0.7616728685702719, 'learning_rate_model': 0.004776383894881025}. Best is trial 346 with value: 1.8583240509033203.
[I 2024-06-22 14:57:33,422] Trial 430 finished with value: 4.290194034576416 and parameters: {'hidden_size': 139, 'n_layers': 1, 'rnn_dropout': 0.6823758798797543, 'bidirectional': True, 'fc_dropout': 0.592625450415668, 'learning_rate_model': 4.229506516204067e-05}. Best is trial 346 with value: 1.8583240509033203.
[I 2024-06-22 14:57:41,890] Trial 431 finished with value: 5.177665710449219 and parameters: {'hidden_size': 148, 'n_layers': 1, 'rnn_dropout': 0.5655595584309073, 'bidirectional': False, 'fc_dropout': 0.3932457478252316, 'learning_rate_model': 6.569729148584553e-05}. Best is trial 346 with value: 1.8583240509033203.
[I 2024-06-22 14:58:10,377] Trial 432 finished with value: 2.884726047515869 and parameters: {'hidden_size': 150, 'n_layers': 3, 'rnn_dropout': 0.7070540719980095, 'bidirectional': False, 'fc_dropout': 0.7766001184425293, 'learning_rate_model': 0.0001651737299816249}. Best is trial 346 with value: 1.8583240509033203.
Epoch 66: reducing lr to 4.30828907334142e-06
Epoch 69: reducing lr to 3.6662734317101425e-06
Epoch 72: reducing lr to 3.049583534711452e-06
Epoch 75: reducing lr to 2.46794215482035e-06
Epoch 80: reducing lr to 1.6010303177467402e-06
Epoch 83: reducing lr to 1.1557446220478968e-06
Epoch 86: reducing lr to 7.753741628764007e-07
Epoch 89: reducing lr to 4.659198623649521e-07
Epoch 92: reducing lr to 2.3226046710457873e-07
Epoch 95: reducing lr to 7.808161376294723e-08
Epoch 98: reducing lr to 5.814384609354329e-09
[I 2024-06-22 15:01:22,422] Trial 433 finished with value: 1.9017908573150635 and parameters: {'hidden_size': 175, 'n_layers': 6, 'rnn_dropout': 0.33969016807568225, 'bidirectional': True, 'fc_dropout': 0.7945894275724366, 'learning_rate_model': 0.00010543968694375883}. Best is trial 346 with value: 1.8583240509033203.
Epoch 26: reducing lr to 0.0004935511777160136
Epoch 29: reducing lr to 0.0004891599270065875
Epoch 32: reducing lr to 0.0004809522669408445
Epoch 37: reducing lr to 0.00045916990250662645
Epoch 40: reducing lr to 0.0004415745793415504
Epoch 43: reducing lr to 0.00042091330311942515
Epoch 46: reducing lr to 0.0003975118900583122
Epoch 49: reducing lr to 0.0003717394290926369
Epoch 52: reducing lr to 0.00034400235070028066
Epoch 57: reducing lr to 0.00029460724184097493
Epoch 60: reducing lr to 0.0002638318825961851
Epoch 63: reducing lr to 0.00023279362587264526
Epoch 66: reducing lr to 0.0002019820549672446
Epoch 71: reducing lr to 0.00015244790741285042
Epoch 74: reducing lr to 0.0001245823447349155
Epoch 77: reducing lr to 9.865001774230238e-05
Epoch 80: reducing lr to 7.505981797840243e-05
Epoch 83: reducing lr to 5.41838464886305e-05
Epoch 86: reducing lr to 3.635124387436186e-05
Epoch 89: reducing lr to 2.184334654627548e-05
Epoch 92: reducing lr to 1.0888880860784617e-05
Epoch 95: reducing lr to 3.6606375604149136e-06
Epoch 98: reducing lr to 2.7259112185254107e-07
[I 2024-06-22 15:02:56,632] Trial 434 finished with value: 1.8815443515777588 and parameters: {'hidden_size': 186, 'n_layers': 3, 'rnn_dropout': 0.748341609873127, 'bidirectional': True, 'fc_dropout': 0.4594266834807066, 'learning_rate_model': 0.004943244123469622}. Best is trial 346 with value: 1.8583240509033203.
Epoch 23: reducing lr to 0.0006384338442648017
Epoch 27: reducing lr to 0.0006390848995880725
Epoch 30: reducing lr to 0.0006317222665548163
Epoch 33: reducing lr to 0.0006194549157640506
Epoch 36: reducing lr to 0.0006024763102041792
Epoch 40: reducing lr to 0.0005729825438254104
Epoch 43: reducing lr to 0.0005461726884526538
Epoch 46: reducing lr to 0.0005158072602505597
Epoch 51: reducing lr to 0.0004586198940194286
Epoch 55: reducing lr to 0.0004084007809952714
Epoch 58: reducing lr to 0.00036904499922979647
Epoch 62: reducing lr to 0.00031549421047162227
Epoch 68: reducing lr to 0.00023591107361775463
Epoch 72: reducing lr to 0.00018551789691338686
Epoch 78: reducing lr to 0.00011744119098206296
Epoch 81: reducing lr to 8.795372145422274e-05
Epoch 84: reducing lr to 6.213712774268097e-05
Epoch 87: reducing lr to 4.039844737429611e-05
Epoch 90: reducing lr to 2.3080641073311687e-05
Epoch 95: reducing lr to 4.750004913138366e-06
Epoch 98: reducing lr to 3.5371138133941107e-07
[I 2024-06-22 15:03:05,734] Trial 435 finished with value: 1.8715091943740845 and parameters: {'hidden_size': 91, 'n_layers': 1, 'rnn_dropout': 0.26026506381516834, 'bidirectional': True, 'fc_dropout': 0.08433579715145374, 'learning_rate_model': 0.006414301740012138}. Best is trial 346 with value: 1.8583240509033203.
Epoch 15: reducing lr to 0.0017192750316406568
Epoch 18: reducing lr to 0.0020711124657662805
Epoch 26: reducing lr to 0.0023898221672583654
Epoch 34: reducing lr to 0.002292353647597865
Epoch 37: reducing lr to 0.0022233447332175105
Epoch 40: reducing lr to 0.002138146489877144
Epoch 43: reducing lr to 0.002038102607603411
Epoch 49: reducing lr to 0.0017999979904834266
Epoch 52: reducing lr to 0.0016656923950560422
Epoch 58: reducing lr to 0.0013771314295926188
Epoch 61: reducing lr to 0.0012274267202182464
Epoch 67: reducing lr to 0.0009289369452663634
Epoch 70: reducing lr to 0.0007848592349389248
Epoch 77: reducing lr to 0.0004776728530807756
Epoch 83: reducing lr to 0.0002623633845735874
Epoch 86: reducing lr to 0.0001760162113691701
Epoch 89: reducing lr to 0.000105767580223326
Epoch 92: reducing lr to 5.272500610405094e-05
Epoch 95: reducing lr to 1.772515836890934e-05
Epoch 98: reducing lr to 1.3199123718346529e-06
[I 2024-06-22 15:03:31,641] Trial 436 finished with value: 2.553828716278076 and parameters: {'hidden_size': 111, 'n_layers': 4, 'rnn_dropout': 0.29888777514112486, 'bidirectional': False, 'fc_dropout': 0.2215384451751942, 'learning_rate_model': 0.023935662435466326}. Best is trial 346 with value: 1.8583240509033203.
Epoch 37: reducing lr to 0.0002777685341836027
Epoch 40: reducing lr to 0.00026712448478626786
Epoch 43: reducing lr to 0.0002546257291421097
Epoch 46: reducing lr to 0.0002404693653030914
Epoch 49: reducing lr to 0.0002248786685573777
Epoch 56: reducing lr to 0.00018433807743023552
Epoch 59: reducing lr to 0.00016583945179114666
Epoch 62: reducing lr to 0.0001470834135061568
Epoch 68: reducing lr to 0.00010998175193050854
Epoch 71: reducing lr to 9.22212704932548e-05
Epoch 74: reducing lr to 7.536438057734926e-05
[I 2024-06-22 15:03:52,517] Trial 437 finished with value: 2.489217758178711 and parameters: {'hidden_size': 93, 'n_layers': 4, 'rnn_dropout': 0.5836987028545443, 'bidirectional': False, 'fc_dropout': 0.5616555713830786, 'learning_rate_model': 0.0029903477270443474}. Best is trial 346 with value: 1.8583240509033203.
Epoch 23: reducing lr to 0.00016954401771878606
Epoch 31: reducing lr to 0.00016681835985608463
Epoch 37: reducing lr to 0.00015822580345604604
Epoch 40: reducing lr to 0.00015216261392714882
Epoch 49: reducing lr to 0.0001280980515564726
Epoch 56: reducing lr to 0.0001050048397118396
Epoch 62: reducing lr to 8.378339665243241e-05
Epoch 71: reducing lr to 5.2532172740226736e-05
Epoch 79: reducing lr to 2.8476725105679798e-05
Epoch 82: reducing lr to 2.0957907005069256e-05
Epoch 85: reducing lr to 1.4451773246200515e-05
Epoch 88: reducing lr to 9.060903033142656e-06
Epoch 91: reducing lr to 4.870345537291753e-06
Epoch 94: reducing lr to 1.946167064751335e-06
Epoch 97: reducing lr to 3.3449227226456466e-07
