[I 2024-06-22 00:52:45,488] Trial 439 finished with value: 0.9769910573959351 and parameters: {'hidden_size': 147, 'n_layers': 4, 'rnn_dropout': 0.7022476011839601, 'bidirectional': True, 'fc_dropout': 0.6143895835862447, 'learning_rate_model': 0.0009529904209834922}. Best is trial 153 with value: 0.9688200950622559.
Epoch 18: reducing lr to 0.00020503671287862255
Epoch 23: reducing lr to 0.00017397352468143866
Epoch 27: reducing lr to 0.0001408555304093047
Epoch 31: reducing lr to 0.00010433016303286726
Epoch 34: reducing lr to 7.714291686594727e-05
Epoch 37: reducing lr to 5.203444220765771e-05
Epoch 40: reducing lr to 3.0582416818925756e-05
Epoch 43: reducing lr to 1.4134739679213864e-05
Epoch 46: reducing lr to 3.7249027844008398e-06
Epoch 49: reducing lr to 6.979931345104176e-09
[I 2024-06-22 00:53:04,542] Trial 440 finished with value: 0.9773353934288025 and parameters: {'hidden_size': 139, 'n_layers': 2, 'rnn_dropout': 0.08763337377301479, 'bidirectional': True, 'fc_dropout': 0.2283068259596248, 'learning_rate_model': 0.0022045174340091364}. Best is trial 153 with value: 0.9688200950622559.
Epoch 6: reducing lr to 0.002880310562153115
Epoch 9: reducing lr to 0.004345490422861187
Epoch 12: reducing lr to 0.004825438319890129
Epoch 21: reducing lr to 0.004117882619009707
Epoch 24: reducing lr to 0.0036394532772034034
Epoch 27: reducing lr to 0.0030839858792439173
Epoch 30: reducing lr to 0.002486381672642822
Epoch 33: reducing lr to 0.001884190729021749
Epoch 36: reducing lr to 0.001315251133616531
Epoch 39: reducing lr to 0.0008153112129336996
Epoch 42: reducing lr to 0.00041578376422914327
Epoch 45: reducing lr to 0.00014177314825013985
Epoch 48: reducing lr to 1.049611396214678e-05
[I 2024-06-22 00:53:14,974] Trial 441 finished with value: 1.1155157089233398 and parameters: {'hidden_size': 86, 'n_layers': 2, 'rnn_dropout': 0.33506811444199425, 'bidirectional': True, 'fc_dropout': 0.30989464559904767, 'learning_rate_model': 0.048267189916329334}. Best is trial 153 with value: 0.9688200950622559.
Epoch 9: reducing lr to 6.680485045137681e-06
Epoch 12: reducing lr to 7.418326907975345e-06
Epoch 15: reducing lr to 7.271774087978358e-06
Epoch 18: reducing lr to 6.901433493437104e-06
Epoch 21: reducing lr to 6.330575050678349e-06
[I 2024-06-22 00:53:43,230] Trial 442 finished with value: 1.1073591709136963 and parameters: {'hidden_size': 169, 'n_layers': 5, 'rnn_dropout': 0.254917491824306, 'bidirectional': False, 'fc_dropout': 0.4516880792549694, 'learning_rate_model': 7.42029573257119e-05}. Best is trial 153 with value: 0.9688200950622559.
Epoch 3: reducing lr to 0.00017208616089749867
Epoch 9: reducing lr to 0.000615805843391028
Epoch 13: reducing lr to 0.0006816889863354704
Epoch 16: reducing lr to 0.0006611433211112552
Epoch 23: reducing lr to 0.0005397922542071551
Epoch 27: reducing lr to 0.00043703617786905143
Epoch 30: reducing lr to 0.0003523488062149892
Epoch 33: reducing lr to 0.00026701144130719873
Epoch 36: reducing lr to 0.00018638617389345156
Epoch 39: reducing lr to 0.00011553895193634322
Epoch 42: reducing lr to 5.8921329167454206e-05
Epoch 45: reducing lr to 2.0090881496154495e-05
Epoch 48: reducing lr to 1.4874197574532913e-06
[I 2024-06-22 00:53:54,941] Trial 443 finished with value: 1.1074049472808838 and parameters: {'hidden_size': 62, 'n_layers': 7, 'rnn_dropout': 0.19105130663711362, 'bidirectional': False, 'fc_dropout': 0.6129798455343353, 'learning_rate_model': 0.006840014521299888}. Best is trial 153 with value: 0.9688200950622559.
Epoch 24: reducing lr to 9.544583699197116e-06
Epoch 27: reducing lr to 8.087852517838625e-06
Epoch 30: reducing lr to 6.520616195662408e-06
Epoch 33: reducing lr to 4.941351007593724e-06
Epoch 36: reducing lr to 3.4492885535580054e-06
Epoch 42: reducing lr to 1.0904063429828463e-06
Epoch 45: reducing lr to 3.71804657652296e-07
Epoch 48: reducing lr to 2.7526397675039104e-08
[I 2024-06-22 00:54:31,760] Trial 444 finished with value: 1.0750348567962646 and parameters: {'hidden_size': 97, 'n_layers': 6, 'rnn_dropout': 0.41401015371409555, 'bidirectional': True, 'fc_dropout': 0.7071288527490794, 'learning_rate_model': 0.00012658226359631904}. Best is trial 153 with value: 0.9688200950622559.
Epoch 5: reducing lr to 0.0005831337577394041
Epoch 13: reducing lr to 0.0012196573518587013
Epoch 22: reducing lr to 0.0010063093588203935
Epoch 25: reducing lr to 0.0008775763643329613
Epoch 28: reducing lr to 0.000732150204550389
Epoch 31: reducing lr to 0.0005791684991111846
Epoch 34: reducing lr to 0.00042824381827367004
Epoch 37: reducing lr to 0.0002888590309784408
Epoch 40: reducing lr to 0.0001697723068124596
Epoch 43: reducing lr to 7.84662433888715e-05
Epoch 46: reducing lr to 2.0678069431338646e-05
Epoch 49: reducing lr to 3.8747723990137375e-08
[I 2024-06-22 00:55:41,114] Trial 445 finished with value: 1.1406636238098145 and parameters: {'hidden_size': 130, 'n_layers': 7, 'rnn_dropout': 0.15153441763500305, 'bidirectional': True, 'fc_dropout': 0.10298528367723812, 'learning_rate_model': 0.012237947458371016}. Best is trial 153 with value: 0.9688200950622559.
[I 2024-06-22 00:56:07,546] Trial 446 finished with value: 1.1072170734405518 and parameters: {'hidden_size': 192, 'n_layers': 4, 'rnn_dropout': 0.5508441598065185, 'bidirectional': False, 'fc_dropout': 0.25476569585094605, 'learning_rate_model': 1.2462785417518953e-05}. Best is trial 153 with value: 0.9688200950622559.
Epoch 9: reducing lr to 1.9826552890738932e-05
Epoch 12: reducing lr to 2.2016343096047413e-05
Epoch 24: reducing lr to 1.6605217333866725e-05
Epoch 27: reducing lr to 1.4070865011563447e-05
Epoch 30: reducing lr to 1.134426104816008e-05
Epoch 33: reducing lr to 8.596729830230026e-06
Epoch 36: reducing lr to 6.0009098232191615e-06
Epoch 39: reducing lr to 3.7199048467811733e-06
Epoch 42: reducing lr to 1.8970376161068266e-06
Epoch 45: reducing lr to 6.468482377685735e-07
Epoch 48: reducing lr to 4.788913065437259e-08
[I 2024-06-22 00:56:46,432] Trial 447 finished with value: 1.1080975532531738 and parameters: {'hidden_size': 165, 'n_layers': 7, 'rnn_dropout': 0.5900708079333449, 'bidirectional': False, 'fc_dropout': 0.4674155241820646, 'learning_rate_model': 0.00022022186235388098}. Best is trial 153 with value: 0.9688200950622559.
Epoch 11: reducing lr to 2.7685152737264172e-06
Epoch 14: reducing lr to 2.756461534625895e-06
Epoch 17: reducing lr to 2.644774271049703e-06
Epoch 20: reducing lr to 2.4543792468270617e-06
Epoch 23: reducing lr to 2.1972396745440556e-06
Epoch 26: reducing lr to 1.8895125176339807e-06
Epoch 29: reducing lr to 1.5505334535340756e-06
Epoch 32: reducing lr to 1.2016017904651924e-06
Epoch 35: reducing lr to 8.646423158678275e-07
Epoch 38: reducing lr to 5.60827294501649e-07
Epoch 41: reducing lr to 3.092463697758698e-07
Epoch 44: reducing lr to 1.2570766278937327e-07
Epoch 47: reducing lr to 2.1743371628518472e-08
[I 2024-06-22 00:57:30,128] Trial 448 finished with value: 1.1075869798660278 and parameters: {'hidden_size': 179, 'n_layers': 7, 'rnn_dropout': 0.7900151269635534, 'bidirectional': False, 'fc_dropout': 0.2557200894896421, 'learning_rate_model': 2.784247303202293e-05}. Best is trial 153 with value: 0.9688200950622559.
[I 2024-06-22 00:58:13,884] Trial 449 finished with value: 0.9803737998008728 and parameters: {'hidden_size': 176, 'n_layers': 3, 'rnn_dropout': 0.335465838533509, 'bidirectional': True, 'fc_dropout': 0.33673846761190396, 'learning_rate_model': 0.00035043062036654225}. Best is trial 153 with value: 0.9688200950622559.
Epoch 9: reducing lr to 0.008155404769366803
Epoch 12: reducing lr to 0.009056147605638021
Epoch 16: reducing lr to 0.00875583018916234
Epoch 19: reducing lr to 0.008218167105208026
Epoch 22: reducing lr to 0.0074487202926214
Epoch 25: reducing lr to 0.006495836311205901
Epoch 28: reducing lr to 0.005419389214738237
Epoch 31: reducing lr to 0.0042870158310298855
Epoch 34: reducing lr to 0.0031698685810732743
Epoch 37: reducing lr to 0.0021381398343330816
Epoch 40: reducing lr to 0.0012566577223941111
Epoch 43: reducing lr to 0.0005808085697439819
Epoch 46: reducing lr to 0.0001530594484046105
Epoch 49: reducing lr to 2.868113621809498e-07
[I 2024-06-22 00:58:23,863] Trial 450 finished with value: 1.0920192003250122 and parameters: {'hidden_size': 38, 'n_layers': 4, 'rnn_dropout': 0.1862832777951968, 'bidirectional': True, 'fc_dropout': 0.05754157184737157, 'learning_rate_model': 0.09058551107987103}. Best is trial 153 with value: 0.9688200950622559.
Epoch 16: reducing lr to 0.00042062435248892084
Epoch 23: reducing lr to 0.00034341989120118834
Epoch 27: reducing lr to 0.00027804570274025145
Epoch 30: reducing lr to 0.0002241669600704994
Epoch 33: reducing lr to 0.00016987468680497274
Epoch 36: reducing lr to 0.00011858028539870526
Epoch 39: reducing lr to 7.350675003989786e-05
Epoch 42: reducing lr to 3.748619268692044e-05
Epoch 45: reducing lr to 1.2781969885209809e-05
Epoch 48: reducing lr to 9.463076346387898e-07
[I 2024-06-22 00:58:46,275] Trial 451 finished with value: 1.0290098190307617 and parameters: {'hidden_size': 160, 'n_layers': 2, 'rnn_dropout': 0.024594254679757645, 'bidirectional': True, 'fc_dropout': 0.43720919949138237, 'learning_rate_model': 0.004351668673292754}. Best is trial 153 with value: 0.9688200950622559.
Epoch 9: reducing lr to 0.00015703320920539685
Epoch 12: reducing lr to 0.00017437711085694206
Epoch 15: reducing lr to 0.00017093220236800264
Epoch 18: reducing lr to 0.00016222688057371525
Epoch 21: reducing lr to 0.00014880813438048057
Epoch 24: reducing lr to 0.00013151910883652307
Epoch 27: reducing lr to 0.00011144615512532451
Epoch 30: reducing lr to 8.985050140957524e-05
Epoch 33: reducing lr to 6.808909654402732e-05
Epoch 36: reducing lr to 4.75292973461094e-05
Epoch 39: reducing lr to 2.946294291538778e-05
Epoch 42: reducing lr to 1.5025199109612239e-05
Epoch 45: reducing lr to 5.123263494437379e-06
Epoch 48: reducing lr to 3.7929860597326387e-07
[I 2024-06-22 00:58:51,129] Trial 452 finished with value: 1.0932831764221191 and parameters: {'hidden_size': 163, 'n_layers': 1, 'rnn_dropout': 0.5714364111031028, 'bidirectional': False, 'fc_dropout': 0.6769933844702254, 'learning_rate_model': 0.0017442339055707746}. Best is trial 153 with value: 0.9688200950622559.
Epoch 10: reducing lr to 0.00010663469672060066
Epoch 13: reducing lr to 0.00011056580397335613
Epoch 16: reducing lr to 0.00010723342214055817
Epoch 19: reducing lr to 0.00010064861507995174
Epoch 22: reducing lr to 9.122513231632559e-05
Epoch 25: reducing lr to 7.955507841822919e-05
Epoch 28: reducing lr to 6.637173618640159e-05
Epoch 31: reducing lr to 5.25034597976898e-05
Epoch 34: reducing lr to 3.882165920771951e-05
Epoch 37: reducing lr to 2.6185986536648164e-05
Epoch 40: reducing lr to 1.5390397611693767e-05
Epoch 43: reducing lr to 7.1132136184300174e-06
Epoch 46: reducing lr to 1.8745325216206311e-06
Epoch 49: reducing lr to 3.5126039691279686e-09
[I 2024-06-22 00:58:58,842] Trial 453 finished with value: 1.0924932956695557 and parameters: {'hidden_size': 126, 'n_layers': 2, 'rnn_dropout': 0.18100127086965243, 'bidirectional': False, 'fc_dropout': 0.0895643554732649, 'learning_rate_model': 0.0011094087184867307}. Best is trial 153 with value: 0.9688200950622559.
Epoch 8: reducing lr to 0.0002362228286374848
Epoch 11: reducing lr to 0.000288023339581915
Epoch 14: reducing lr to 0.0002867693251203988
Epoch 17: reducing lr to 0.0002751499062393602
Epoch 22: reducing lr to 0.0002381834013818654
Epoch 27: reducing lr to 0.00018507549991450672
Epoch 30: reducing lr to 0.00014921220429046014
Epoch 33: reducing lr to 0.00011307365038697004
Epoch 36: reducing lr to 7.893056926929872e-05
Epoch 39: reducing lr to 4.892828184952683e-05
Epoch 42: reducing lr to 2.495192618712956e-05
Epoch 45: reducing lr to 8.508059801259817e-06
Epoch 48: reducing lr to 6.298905425533661e-07
[I 2024-06-22 00:59:02,888] Trial 454 finished with value: 1.0929991006851196 and parameters: {'hidden_size': 134, 'n_layers': 1, 'rnn_dropout': 0.27535708714421453, 'bidirectional': False, 'fc_dropout': 0.5202318153624044, 'learning_rate_model': 0.002896600261160456}. Best is trial 153 with value: 0.9688200950622559.
[I 2024-06-22 00:59:27,875] Trial 455 finished with value: 1.0872448682785034 and parameters: {'hidden_size': 166, 'n_layers': 2, 'rnn_dropout': 0.49454547347235644, 'bidirectional': True, 'fc_dropout': 0.24420917725265057, 'learning_rate_model': 1.9294161071421722e-05}. Best is trial 153 with value: 0.9688200950622559.
Epoch 10: reducing lr to 9.221396636299655e-05
Epoch 16: reducing lr to 9.273172322295456e-05
Epoch 41: reducing lr to 1.0655811799487318e-05
Epoch 47: reducing lr to 7.492190648114376e-07
[I 2024-06-22 01:01:22,426] Trial 456 finished with value: 0.9767650365829468 and parameters: {'hidden_size': 193, 'n_layers': 6, 'rnn_dropout': 0.08116868625920325, 'bidirectional': True, 'fc_dropout': 0.729148112259034, 'learning_rate_model': 0.0009593779641667671}. Best is trial 153 with value: 0.9688200950622559.
Epoch 16: reducing lr to 0.0004208020110371984
Epoch 23: reducing lr to 0.0003435649410038434
Epoch 27: reducing lr to 0.0002781631405338821
Epoch 30: reducing lr to 0.00022426164117125415
Epoch 33: reducing lr to 0.00016994643655048386
Epoch 36: reducing lr to 0.00011863036999612241
Epoch 39: reducing lr to 7.353779698813897e-05
Epoch 42: reducing lr to 3.750202568026427e-05
Epoch 45: reducing lr to 1.2787368588828597e-05
Epoch 48: reducing lr to 9.467073253357356e-07
[I 2024-06-22 01:01:49,500] Trial 457 finished with value: 1.0106362104415894 and parameters: {'hidden_size': 177, 'n_layers': 2, 'rnn_dropout': 0.29375386072261245, 'bidirectional': True, 'fc_dropout': 0.26481154725263584, 'learning_rate_model': 0.004353506681802027}. Best is trial 153 with value: 0.9688200950622559.
Epoch 34: reducing lr to 1.980889184328812e-06
Epoch 37: reducing lr to 1.3361494219987332e-06
Epoch 40: reducing lr to 7.853005974938346e-07
Epoch 43: reducing lr to 3.6295429433285564e-07
Epoch 46: reducing lr to 9.564869903892673e-08
Epoch 49: reducing lr to 1.7923188635628044e-10
[I 2024-06-22 01:02:37,463] Trial 458 finished with value: 1.0770444869995117 and parameters: {'hidden_size': 102, 'n_layers': 7, 'rnn_dropout': 0.21573621311227864, 'bidirectional': True, 'fc_dropout': 0.4413903764973661, 'learning_rate_model': 5.6607980604122834e-05}. Best is trial 153 with value: 0.9688200950622559.
[I 2024-06-22 01:02:54,050] Trial 459 finished with value: 1.1044340133666992 and parameters: {'hidden_size': 48, 'n_layers': 7, 'rnn_dropout': 0.30131817099706404, 'bidirectional': True, 'fc_dropout': 0.11268639751949348, 'learning_rate_model': 2.4290374320837906e-05}. Best is trial 153 with value: 0.9688200950622559.
Epoch 10: reducing lr to 0.00032298475510573614
Epoch 15: reducing lr to 0.0003293018908946563
Epoch 22: reducing lr to 0.00027631088123106754
Epoch 27: reducing lr to 0.00021470167181662919
Epoch 30: reducing lr to 0.00017309751820962185
Epoch 33: reducing lr to 0.0001311740440398972
Epoch 36: reducing lr to 9.156547023990167e-05
Epoch 39: reducing lr to 5.676053241548064e-05
Epoch 42: reducing lr to 2.894613425275922e-05
Epoch 45: reducing lr to 9.869997185419765e-06
Epoch 48: reducing lr to 7.307209901373425e-07
[I 2024-06-22 01:02:59,097] Trial 460 finished with value: 1.0927602052688599 and parameters: {'hidden_size': 166, 'n_layers': 1, 'rnn_dropout': 0.41305283654363933, 'bidirectional': False, 'fc_dropout': 0.7060816020024561, 'learning_rate_model': 0.0033602768542725305}. Best is trial 153 with value: 0.9688200950622559.
Epoch 28: reducing lr to 5.0511623405919183e-05
Epoch 38: reducing lr to 1.7006739404804243e-05
Epoch 41: reducing lr to 9.377704106454626e-06
Epoch 44: reducing lr to 3.8120068035304814e-06
Epoch 47: reducing lr to 6.593542409461796e-07
[I 2024-06-22 01:04:33,016] Trial 461 finished with value: 0.9714576005935669 and parameters: {'hidden_size': 194, 'n_layers': 5, 'rnn_dropout': 0.007615772973246404, 'bidirectional': True, 'fc_dropout': 0.25118746243755713, 'learning_rate_model': 0.0008443057031695725}. Best is trial 153 with value: 0.9688200950622559.
[I 2024-06-22 01:04:40,275] Trial 462 finished with value: 1.0985257625579834 and parameters: {'hidden_size': 122, 'n_layers': 2, 'rnn_dropout': 0.4466292627581215, 'bidirectional': False, 'fc_dropout': 0.15677361163401723, 'learning_rate_model': 4.23649248161928e-05}. Best is trial 153 with value: 0.9688200950622559.
Epoch 12: reducing lr to 5.920117885835112e-05
Epoch 15: reducing lr to 5.8031629468513664e-05
Epoch 18: reducing lr to 5.507616524485239e-05
Epoch 21: reducing lr to 5.052048939074197e-05
Epoch 24: reducing lr to 4.46508503739898e-05
Epoch 27: reducing lr to 3.783606535414289e-05
Epoch 30: reducing lr to 3.0504322375341328e-05
Epoch 33: reducing lr to 2.3116306738867064e-05
Epoch 36: reducing lr to 1.6136237258267187e-05
Epoch 39: reducing lr to 1.0002694417034046e-05
Epoch 42: reducing lr to 5.101067998541616e-06
Epoch 45: reducing lr to 1.7393523552610974e-06
Epoch 48: reducing lr to 1.2877220239856198e-07
[I 2024-06-22 01:04:55,315] Trial 463 finished with value: 1.0923995971679688 and parameters: {'hidden_size': 155, 'n_layers': 3, 'rnn_dropout': 0.5153565540305731, 'bidirectional': False, 'fc_dropout': 0.704546894325612, 'learning_rate_model': 0.0005921689085628344}. Best is trial 153 with value: 0.9688200950622559.
Epoch 13: reducing lr to 0.0003160043035077847
Epoch 16: reducing lr to 0.000306480138148764
Epoch 19: reducing lr to 0.0002876603286403783
Epoch 22: reducing lr to 0.00026072739820146164
Epoch 25: reducing lr to 0.00022737362043799572
Epoch 28: reducing lr to 0.0001896947655826793
Epoch 33: reducing lr to 0.00012377604190508054
Epoch 36: reducing lr to 8.640132706456242e-05
Epoch 39: reducing lr to 5.355933096547931e-05
Epoch 42: reducing lr to 2.7313619492968284e-05
Epoch 45: reducing lr to 9.313345442441088e-06
Epoch 48: reducing lr to 6.895095181227301e-07
[I 2024-06-22 01:05:02,744] Trial 464 finished with value: 1.0933113098144531 and parameters: {'hidden_size': 53, 'n_layers': 5, 'rnn_dropout': 0.5094687802772401, 'bidirectional': False, 'fc_dropout': 0.6260647824356789, 'learning_rate_model': 0.0031707627204098725}. Best is trial 153 with value: 0.9688200950622559.
Epoch 9: reducing lr to 0.00015804545291444496
Epoch 12: reducing lr to 0.00017550115420013102
Epoch 15: reducing lr to 0.0001720340396634147
Epoch 18: reducing lr to 0.00016327260294116973
Epoch 21: reducing lr to 0.0001497673588569084
Epoch 24: reducing lr to 0.00013236688741287032
Epoch 27: reducing lr to 0.00011216454246513652
Epoch 30: reducing lr to 9.04296821145158e-05
Epoch 33: reducing lr to 6.852800217411804e-05
Epoch 36: reducing lr to 4.783567350996369e-05
Epoch 39: reducing lr to 2.965286247932624e-05
Epoch 42: reducing lr to 1.5122052274320904e-05
Epoch 45: reducing lr to 5.156288300262068e-06
Epoch 48: reducing lr to 3.817435832471168e-07
[I 2024-06-22 01:05:10,615] Trial 465 finished with value: 1.092909574508667 and parameters: {'hidden_size': 127, 'n_layers': 2, 'rnn_dropout': 0.5210922895982945, 'bidirectional': False, 'fc_dropout': 0.7333200896647462, 'learning_rate_model': 0.0017554773222146585}. Best is trial 153 with value: 0.9688200950622559.
Epoch 15: reducing lr to 0.00010445776113696783
Epoch 18: reducing lr to 9.913788336080495e-05
Epoch 21: reducing lr to 9.093760181530202e-05
Epoch 24: reducing lr to 8.037216782719055e-05
Epoch 27: reducing lr to 6.810545754656354e-05
Epoch 30: reducing lr to 5.490821556298581e-05
Epoch 33: reducing lr to 4.160968199260357e-05
Epoch 36: reducing lr to 2.9045457324062392e-05
Epoch 39: reducing lr to 1.800499268605813e-05
Epoch 42: reducing lr to 9.1819951880586e-06
Epoch 45: reducing lr to 3.130859059497296e-06
Epoch 48: reducing lr to 2.3179180185745138e-07
[I 2024-06-22 01:05:15,563] Trial 466 finished with value: 1.0917922258377075 and parameters: {'hidden_size': 64, 'n_layers': 3, 'rnn_dropout': 0.7982098924550564, 'bidirectional': False, 'fc_dropout': 0.4776129502276577, 'learning_rate_model': 0.0010659124854827172}. Best is trial 153 with value: 0.9688200950622559.
Epoch 12: reducing lr to 0.0018731982131037176
Epoch 18: reducing lr to 0.0017426777018766959
Epoch 23: reducing lr to 0.0014786609574584538
Epoch 26: reducing lr to 0.0012715719731549821
Epoch 29: reducing lr to 0.001043451612282495
Epoch 32: reducing lr to 0.0008086335207567857
Epoch 35: reducing lr to 0.0005818722688527451
Epoch 38: reducing lr to 0.00037741600694003643
Epoch 41: reducing lr to 0.00020811135831971805
Epoch 44: reducing lr to 8.459660326248681e-05
Epoch 47: reducing lr to 1.4632484149582765e-05
[I 2024-06-22 01:05:33,181] Trial 467 finished with value: 1.2069649696350098 and parameters: {'hidden_size': 80, 'n_layers': 4, 'rnn_dropout': 0.005387765595362648, 'bidirectional': True, 'fc_dropout': 0.01942514025974287, 'learning_rate_model': 0.018736953600696844}. Best is trial 153 with value: 0.9688200950622559.
Epoch 12: reducing lr to 0.0033084689137766153
Epoch 17: reducing lr to 0.0031435698047131465
Epoch 21: reducing lr to 0.0028233469650659334
Epoch 24: reducing lr to 0.0024953210946946787
Epoch 27: reducing lr to 0.0021144755637943504
Epoch 30: reducing lr to 0.0017047397410127883
Epoch 33: reducing lr to 0.0012918591102696955
Epoch 36: reducing lr to 0.0009017766264762507
Epoch 39: reducing lr to 0.0005590024416903272
Epoch 42: reducing lr to 0.00028507413578057473
Epoch 45: reducing lr to 9.720403053551235e-05
Epoch 48: reducing lr to 7.196458530218941e-06
