[I 2024-06-22 17:10:25,937] Trial 581 finished with value: 1.8707611560821533 and parameters: {'hidden_size': 178, 'n_layers': 2, 'rnn_dropout': 0.017487909213979618, 'bidirectional': True, 'fc_dropout': 0.24401781157251762, 'learning_rate_model': 0.0009070938841385153}. Best is trial 346 with value: 1.8583240509033203.
Epoch 30: reducing lr to 6.702044837033132e-05
Epoch 41: reducing lr to 5.988536441203739e-05
Epoch 45: reducing lr to 5.5835564053217135e-05
Epoch 48: reducing lr to 5.2390462244743206e-05
Epoch 53: reducing lr to 4.6033940371464174e-05
Epoch 57: reducing lr to 4.0556632693654984e-05
Epoch 65: reducing lr to 2.9211792648715445e-05
Epoch 68: reducing lr to 2.5028191606439446e-05
Epoch 71: reducing lr to 2.098649628306379e-05
Epoch 74: reducing lr to 1.7150428359991294e-05
Epoch 80: reducing lr to 1.0332989266590646e-05
Epoch 86: reducing lr to 5.004235593657842e-06
Epoch 89: reducing lr to 3.0070292133406103e-06
Epoch 96: reducing lr to 2.8918994210034785e-07
Epoch 99: reducing lr to 1.0490168355498098e-09
[I 2024-06-22 17:11:20,275] Trial 582 finished with value: 1.8657761812210083 and parameters: {'hidden_size': 175, 'n_layers': 2, 'rnn_dropout': 0.0002033064264719102, 'bidirectional': True, 'fc_dropout': 0.24317574764646346, 'learning_rate_model': 0.0006805037614752291}. Best is trial 346 with value: 1.8583240509033203.
Epoch 30: reducing lr to 5.890649060146671e-05
Epoch 41: reducing lr to 5.2635229123067273e-05
Epoch 45: reducing lr to 4.9075725530127e-05
Epoch 53: reducing lr to 4.0460754020269286e-05
Epoch 57: reducing lr to 3.56465669909411e-05
Epoch 65: reducing lr to 2.5675211535518466e-05
Epoch 68: reducing lr to 2.1998106092782985e-05
Epoch 71: reducing lr to 1.8445726283790034e-05
Epoch 74: reducing lr to 1.5074079203656644e-05
Epoch 80: reducing lr to 9.08200631177707e-06
Epoch 86: reducing lr to 4.398388314809083e-06
Epoch 89: reducing lr to 2.642977515089227e-06
Epoch 92: reducing lr to 1.3175209768599444e-06
Epoch 97: reducing lr to 1.1745093675729137e-07
[I 2024-06-22 17:12:14,757] Trial 583 finished with value: 1.8637151718139648 and parameters: {'hidden_size': 179, 'n_layers': 2, 'rnn_dropout': 0.01998231022688069, 'bidirectional': True, 'fc_dropout': 0.2565539508824903, 'learning_rate_model': 0.0005981172821778476}. Best is trial 346 with value: 1.8583240509033203.
Epoch 30: reducing lr to 6.153571597472294e-05
Epoch 41: reducing lr to 5.4984543749087064e-05
Epoch 45: reducing lr to 5.126616569142826e-05
Epoch 53: reducing lr to 4.2266674556443985e-05
Epoch 57: reducing lr to 3.723761166946633e-05
Epoch 65: reducing lr to 2.6821195907421033e-05
Epoch 68: reducing lr to 2.297996697283492e-05
Epoch 71: reducing lr to 1.926903066125828e-05
Epoch 74: reducing lr to 1.5746893881904356e-05
Epoch 80: reducing lr to 9.487371513322487e-06
Epoch 86: reducing lr to 4.594705461538607e-06
Epoch 96: reducing lr to 2.6552359127025207e-07
Epoch 99: reducing lr to 9.631687584001417e-10
[I 2024-06-22 17:13:05,694] Trial 584 finished with value: 1.866026520729065 and parameters: {'hidden_size': 172, 'n_layers': 2, 'rnn_dropout': 0.01770637121569752, 'bidirectional': True, 'fc_dropout': 0.2508618248442811, 'learning_rate_model': 0.0006248135786033877}. Best is trial 346 with value: 1.8583240509033203.
Epoch 45: reducing lr to 3.2210234966219534e-05
Epoch 57: reducing lr to 2.3396175728720334e-05
Epoch 68: reducing lr to 1.4438180147237693e-05
Epoch 72: reducing lr to 1.1354027494750734e-05
Epoch 75: reducing lr to 9.18849500672424e-06
Epoch 80: reducing lr to 5.960860570210935e-06
Epoch 86: reducing lr to 2.8868268285856186e-06
Epoch 89: reducing lr to 1.7346850372940093e-06
Epoch 97: reducing lr to 7.708744453777421e-08
[I 2024-06-22 17:14:00,162] Trial 585 finished with value: 1.8656013011932373 and parameters: {'hidden_size': 179, 'n_layers': 2, 'rnn_dropout': 0.02879053711535888, 'bidirectional': True, 'fc_dropout': 0.2557757304641455, 'learning_rate_model': 0.0003925667524666191}. Best is trial 346 with value: 1.8583240509033203.
Epoch 41: reducing lr to 7.005495963930712e-05
Epoch 45: reducing lr to 6.53174314724521e-05
Epoch 53: reducing lr to 5.385131853874072e-05
Epoch 65: reducing lr to 3.4172472274147535e-05
Epoch 68: reducing lr to 2.927842169866674e-05
Epoch 72: reducing lr to 2.3024231695375314e-05
Epoch 75: reducing lr to 1.8632862925902447e-05
Epoch 80: reducing lr to 1.2087713803389609e-05
Epoch 85: reducing lr to 6.7538887755541945e-06
Epoch 88: reducing lr to 4.234520584386848e-06
Epoch 96: reducing lr to 3.3829951476192735e-07
Epoch 99: reducing lr to 1.2271584684617891e-09
[I 2024-06-22 17:14:53,561] Trial 586 finished with value: 1.8653903007507324 and parameters: {'hidden_size': 177, 'n_layers': 2, 'rnn_dropout': 0.01475679633144859, 'bidirectional': True, 'fc_dropout': 0.2602820564026211, 'learning_rate_model': 0.0007960653493988141}. Best is trial 346 with value: 1.8583240509033203.
Epoch 30: reducing lr to 5.625446187043131e-05
Epoch 45: reducing lr to 4.6866287609561704e-05
Epoch 53: reducing lr to 3.863917067613372e-05
Epoch 57: reducing lr to 3.404172312980638e-05
Epoch 60: reducing lr to 3.0485645376643183e-05
Epoch 65: reducing lr to 2.451928800362314e-05
Epoch 68: reducing lr to 2.100772950115876e-05
Epoch 72: reducing lr to 1.652024950000895e-05
Epoch 75: reducing lr to 1.3369373124281255e-05
Epoch 80: reducing lr to 8.673125364561417e-06
Epoch 86: reducing lr to 4.200368503035848e-06
Epoch 89: reducing lr to 2.523988041536673e-06
Epoch 92: reducing lr to 1.2582048735121213e-06
Epoch 98: reducing lr to 3.1497771201276136e-08
[I 2024-06-22 17:15:48,084] Trial 587 finished with value: 1.8687937259674072 and parameters: {'hidden_size': 180, 'n_layers': 2, 'rnn_dropout': 0.03489584824652802, 'bidirectional': True, 'fc_dropout': 0.2411575917888137, 'learning_rate_model': 0.0005711894478990057}. Best is trial 346 with value: 1.8583240509033203.
Epoch 57: reducing lr to 1.703056892525544e-05
Epoch 72: reducing lr to 8.264835675312049e-06
Epoch 78: reducing lr to 5.232013520683942e-06
Epoch 87: reducing lr to 1.7997537415065747e-06
Epoch 90: reducing lr to 1.0282442229325067e-06
Epoch 99: reducing lr to 4.4050386668946334e-10
[I 2024-06-22 17:16:42,534] Trial 588 finished with value: 1.871787667274475 and parameters: {'hidden_size': 175, 'n_layers': 2, 'rnn_dropout': 0.0002616370047615769, 'bidirectional': True, 'fc_dropout': 0.2943494169955097, 'learning_rate_model': 0.00028575760471141417}. Best is trial 346 with value: 1.8583240509033203.
Epoch 39: reducing lr to 3.731557422301945e-05
Epoch 45: reducing lr to 3.379895258520534e-05
Epoch 57: reducing lr to 2.4550154165577067e-05
Epoch 68: reducing lr to 1.5150319975154629e-05
Epoch 72: reducing lr to 1.19140464932547e-05
Epoch 75: reducing lr to 9.641702626117749e-06
Epoch 86: reducing lr to 3.0292148816484052e-06
Epoch 89: reducing lr to 1.8202455644069064e-06
Epoch 92: reducing lr to 9.073901311874811e-07
Epoch 98: reducing lr to 2.2715511077827603e-08
[I 2024-06-22 17:17:37,017] Trial 589 finished with value: 1.8682971000671387 and parameters: {'hidden_size': 180, 'n_layers': 2, 'rnn_dropout': 0.03622782094476347, 'bidirectional': True, 'fc_dropout': 0.3101168863874861, 'learning_rate_model': 0.0004119294710846559}. Best is trial 346 with value: 1.8583240509033203.
Epoch 30: reducing lr to 5.6968439166334335e-05
Epoch 45: reducing lr to 4.74611109210629e-05
Epoch 53: reducing lr to 3.912957605337868e-05
Epoch 57: reducing lr to 3.447377805700628e-05
Epoch 65: reducing lr to 2.4830484917862864e-05
Epoch 68: reducing lr to 2.1274357985435193e-05
Epoch 72: reducing lr to 1.67299232338512e-05
Epoch 75: reducing lr to 1.3539056177923797e-05
Epoch 80: reducing lr to 8.783204003462637e-06
Epoch 86: reducing lr to 4.253679256456641e-06
Epoch 89: reducing lr to 2.556022303297782e-06
Epoch 92: reducing lr to 1.2741739128276412e-06
Epoch 98: reducing lr to 3.189753848659941e-08
[I 2024-06-22 17:18:30,144] Trial 590 finished with value: 1.8685122728347778 and parameters: {'hidden_size': 173, 'n_layers': 2, 'rnn_dropout': 0.020293917973433204, 'bidirectional': True, 'fc_dropout': 0.254800511411329, 'learning_rate_model': 0.0005784389403641293}. Best is trial 346 with value: 1.8583240509033203.
Epoch 30: reducing lr to 7.696096360378275e-05
Epoch 41: reducing lr to 6.876759948616399e-05
Epoch 45: reducing lr to 6.411713018020624e-05
Epoch 53: reducing lr to 5.286172348311679e-05
Epoch 65: reducing lr to 3.354450418499825e-05
Epoch 68: reducing lr to 2.8740388793703998e-05
Epoch 72: reducing lr to 2.2601128483354763e-05
Epoch 75: reducing lr to 1.829045740039379e-05
Epoch 78: reducing lr to 1.4307533077862724e-05
Epoch 81: reducing lr to 1.0715156824487714e-05
Epoch 85: reducing lr to 6.629776402452051e-06
Epoch 88: reducing lr to 4.156705207772945e-06
Epoch 91: reducing lr to 2.234279583885224e-06
Epoch 96: reducing lr to 3.3208277696955775e-07
Epoch 99: reducing lr to 1.2046076751652708e-09
[I 2024-06-22 17:19:24,582] Trial 591 finished with value: 1.8662049770355225 and parameters: {'hidden_size': 179, 'n_layers': 2, 'rnn_dropout': 0.032314089641522374, 'bidirectional': True, 'fc_dropout': 0.3451297433545119, 'learning_rate_model': 0.000781436509194059}. Best is trial 346 with value: 1.8583240509033203.
Epoch 31: reducing lr to 9.721406496501828e-05
Epoch 35: reducing lr to 9.419229186369458e-05
Epoch 43: reducing lr to 8.452434319538458e-05
Epoch 46: reducing lr to 7.982506414153804e-05
Epoch 50: reducing lr to 7.283261677530942e-05
Epoch 56: reducing lr to 6.119198940808777e-05
Epoch 60: reducing lr to 5.2980545934698454e-05
Epoch 63: reducing lr to 4.67476988280757e-05
Epoch 66: reducing lr to 4.0560372900631466e-05
Epoch 72: reducing lr to 2.871029386697795e-05
Epoch 75: reducing lr to 2.323443306441491e-05
Epoch 78: reducing lr to 1.817491013687534e-05
Epoch 81: reducing lr to 1.3611501810113737e-05
Epoch 85: reducing lr to 8.421828535107767e-06
Epoch 88: reducing lr to 5.280277403911515e-06
Epoch 96: reducing lr to 4.218459322497849e-07
Epoch 99: reducing lr to 1.5302174125476215e-09
[I 2024-06-22 17:20:22,898] Trial 592 finished with value: 1.8699860572814941 and parameters: {'hidden_size': 192, 'n_layers': 2, 'rnn_dropout': 0.06776224525264589, 'bidirectional': True, 'fc_dropout': 0.2927165215882177, 'learning_rate_model': 0.0009926615758974137}. Best is trial 346 with value: 1.8583240509033203.
Epoch 30: reducing lr to 5.752964827851648e-05
Epoch 45: reducing lr to 4.7928661170165186e-05
Epoch 53: reducing lr to 3.951505044864626e-05
Epoch 57: reducing lr to 3.48133871223073e-05
Epoch 60: reducing lr to 3.117669954965329e-05
Epoch 65: reducing lr to 2.507509569884492e-05
Epoch 68: reducing lr to 2.1483936547389314e-05
Epoch 72: reducing lr to 1.689473353061098e-05
Epoch 75: reducing lr to 1.3672432514165195e-05
Epoch 80: reducing lr to 8.86972935316558e-06
Epoch 86: reducing lr to 4.295583222827448e-06
Epoch 89: reducing lr to 2.5812022630885503e-06
Epoch 92: reducing lr to 1.2867260912065348e-06
Epoch 98: reducing lr to 3.221176842719154e-08
[I 2024-06-22 17:21:17,392] Trial 593 finished with value: 1.8690698146820068 and parameters: {'hidden_size': 180, 'n_layers': 2, 'rnn_dropout': 0.03928008611068018, 'bidirectional': True, 'fc_dropout': 0.24298433589168633, 'learning_rate_model': 0.0005841372745457189}. Best is trial 346 with value: 1.8583240509033203.
Epoch 45: reducing lr to 3.362879427569342e-05
Epoch 57: reducing lr to 2.4426558242876776e-05
Epoch 68: reducing lr to 1.5074046817605197e-05
Epoch 72: reducing lr to 1.1854066113518733e-05
Epoch 80: reducing lr to 6.223380674867625e-06
Epoch 86: reducing lr to 3.0139645249366028e-06
Epoch 89: reducing lr to 1.8110816736811483e-06
Epoch 92: reducing lr to 9.028219431526181e-07
Epoch 98: reducing lr to 2.2601151529114258e-08
[I 2024-06-22 17:22:08,640] Trial 594 finished with value: 1.8651028871536255 and parameters: {'hidden_size': 176, 'n_layers': 2, 'rnn_dropout': 0.01656916638281944, 'bidirectional': True, 'fc_dropout': 0.2956166407199415, 'learning_rate_model': 0.0004098556428421621}. Best is trial 346 with value: 1.8583240509033203.
Epoch 30: reducing lr to 7.055675883762129e-05
Epoch 41: reducing lr to 6.304519467514721e-05
Epoch 45: reducing lr to 5.878170801986715e-05
Epoch 48: reducing lr to 5.5154826621992895e-05
Epoch 53: reducing lr to 4.8462905100059975e-05
Epoch 66: reducing lr to 2.927268445036622e-05
Epoch 72: reducing lr to 2.072040547813223e-05
Epoch 75: reducing lr to 1.6768441186278746e-05
Epoch 79: reducing lr to 1.1976665257867523e-05
Epoch 85: reducing lr to 6.078088330382718e-06
Epoch 96: reducing lr to 3.04448948032878e-07
Epoch 99: reducing lr to 1.1043678411863655e-09
[I 2024-06-22 17:23:06,977] Trial 595 finished with value: 1.865098237991333 and parameters: {'hidden_size': 188, 'n_layers': 2, 'rnn_dropout': 0.06483449901595038, 'bidirectional': True, 'fc_dropout': 0.3317090111227994, 'learning_rate_model': 0.0007164103039298204}. Best is trial 346 with value: 1.8583240509033203.
Epoch 55: reducing lr to 2.1914967236883364e-05
Epoch 58: reducing lr to 1.980311851350323e-05
Epoch 68: reducing lr to 1.2659092954111988e-05
Epoch 72: reducing lr to 9.95497271774182e-06
Epoch 86: reducing lr to 2.53110910051094e-06
Epoch 89: reducing lr to 1.5209353886205249e-06
Epoch 97: reducing lr to 6.758865148149564e-08
[I 2024-06-22 17:24:05,474] Trial 596 finished with value: 1.8648242950439453 and parameters: {'hidden_size': 187, 'n_layers': 2, 'rnn_dropout': 0.04027962178873752, 'bidirectional': True, 'fc_dropout': 0.3147248134548308, 'learning_rate_model': 0.00034419427929908275}. Best is trial 346 with value: 1.8583240509033203.
Epoch 30: reducing lr to 5.793876392395057e-05
Epoch 45: reducing lr to 4.8269500471919564e-05
Epoch 53: reducing lr to 3.979605730080697e-05
Epoch 57: reducing lr to 3.506095862271587e-05
Epoch 65: reducing lr to 2.525341443132682e-05
Epoch 68: reducing lr to 2.16367171540862e-05
Epoch 71: reducing lr to 1.8142696494903916e-05
Epoch 74: reducing lr to 1.4826439454022558e-05
Epoch 80: reducing lr to 8.932805439283437e-06
Epoch 86: reducing lr to 4.326130781439567e-06
Epoch 89: reducing lr to 2.599558193664504e-06
Epoch 92: reducing lr to 1.295876499579488e-06
Epoch 97: reducing lr to 1.1552143113508634e-07
[I 2024-06-22 17:24:56,089] Trial 597 finished with value: 1.8656837940216064 and parameters: {'hidden_size': 171, 'n_layers': 2, 'rnn_dropout': 0.014446293880406427, 'bidirectional': True, 'fc_dropout': 0.2600431005949723, 'learning_rate_model': 0.0005882913012997314}. Best is trial 346 with value: 1.8583240509033203.
Epoch 39: reducing lr to 3.7681002747291775e-05
Epoch 45: reducing lr to 3.412994310651809e-05
Epoch 57: reducing lr to 2.4790571921277862e-05
Epoch 68: reducing lr to 1.5298685883654005e-05
Epoch 72: reducing lr to 1.203071982654234e-05
Epoch 75: reducing lr to 9.736123072151277e-06
Epoch 86: reducing lr to 3.0588797480467853e-06
Epoch 89: reducing lr to 1.8380710880458905e-06
Epoch 92: reducing lr to 9.16276132367506e-07
Epoch 98: reducing lr to 2.2937962316062557e-08
[I 2024-06-22 17:25:50,705] Trial 598 finished with value: 1.8681683540344238 and parameters: {'hidden_size': 180, 'n_layers': 2, 'rnn_dropout': 0.03715523335171424, 'bidirectional': True, 'fc_dropout': 0.2904339972415178, 'learning_rate_model': 0.00041596346444686664}. Best is trial 346 with value: 1.8583240509033203.
Epoch 35: reducing lr to 7.782848038477333e-05
Epoch 45: reducing lr to 6.729840568374038e-05
Epoch 50: reducing lr to 6.0179572806994485e-05
Epoch 56: reducing lr to 5.0561245014022884e-05
Epoch 60: reducing lr to 4.3776356838415345e-05
Epoch 66: reducing lr to 3.351391206473684e-05
Epoch 72: reducing lr to 2.372252016439603e-05
Epoch 75: reducing lr to 1.9197968137583183e-05
Epoch 79: reducing lr to 1.3711926795150463e-05
Epoch 85: reducing lr to 6.958723521634561e-06
Epoch 92: reducing lr to 1.8067396913597667e-06
Epoch 96: reducing lr to 3.4855960306188606e-07
Epoch 99: reducing lr to 1.2643762405659987e-09
[I 2024-06-22 17:26:52,370] Trial 599 finished with value: 1.8649866580963135 and parameters: {'hidden_size': 191, 'n_layers': 2, 'rnn_dropout': 0.09147547312217541, 'bidirectional': True, 'fc_dropout': 0.2628476388871241, 'learning_rate_model': 0.0008202087502048355}. Best is trial 346 with value: 1.8583240509033203.
Epoch 30: reducing lr to 6.369519256206709e-05
Epoch 41: reducing lr to 5.6914119654902934e-05
Epoch 45: reducing lr to 5.3065252332087836e-05
Epoch 53: reducing lr to 4.374994151261345e-05
Epoch 57: reducing lr to 3.8544393418814266e-05
Epoch 65: reducing lr to 2.776243375099205e-05
Epoch 68: reducing lr to 2.3786404338025625e-05
Epoch 72: reducing lr to 1.8705369104767067e-05
Epoch 75: reducing lr to 1.513772894222319e-05
Epoch 80: reducing lr to 9.820312413317417e-06
Epoch 86: reducing lr to 4.755947737065404e-06
Epoch 89: reducing lr to 2.857833831924634e-06
Epoch 92: reducing lr to 1.4246265813629664e-06
Epoch 97: reducing lr to 1.269989088972215e-07
[I 2024-06-22 17:27:43,714] Trial 600 finished with value: 1.8663573265075684 and parameters: {'hidden_size': 176, 'n_layers': 2, 'rnn_dropout': 0.0676887806321501, 'bidirectional': True, 'fc_dropout': 0.31012989123624596, 'learning_rate_model': 0.0006467401991533619}. Best is trial 346 with value: 1.8583240509033203.
Epoch 30: reducing lr to 5.572559982378016e-05
Epoch 41: reducing lr to 4.979298010789993e-05
Epoch 45: reducing lr to 4.642568610063211e-05
Epoch 49: reducing lr to 4.2550485711383e-05
Epoch 53: reducing lr to 3.827591431912243e-05
Epoch 57: reducing lr to 3.372168850913171e-05
Epoch 65: reducing lr to 2.4288776140121677e-05
Epoch 68: reducing lr to 2.0810230663732024e-05
Epoch 72: reducing lr to 1.636493856695113e-05
Epoch 76: reducing lr to 1.2253673015775454e-05
Epoch 80: reducing lr to 8.591587177568728e-06
Epoch 86: reducing lr to 4.160879804551427e-06
Epoch 89: reducing lr to 2.500259408518284e-06
Epoch 92: reducing lr to 1.2463761797092198e-06
Epoch 95: reducing lr to 4.19008299951324e-07
Epoch 98: reducing lr to 3.120165289903411e-08
[I 2024-06-22 17:28:40,959] Trial 601 finished with value: 1.8694027662277222 and parameters: {'hidden_size': 186, 'n_layers': 2, 'rnn_dropout': 0.0005202923334177226, 'bidirectional': True, 'fc_dropout': 0.231922527973877, 'learning_rate_model': 0.0005658195552647613}. Best is trial 346 with value: 1.8583240509033203.
Epoch 39: reducing lr to 3.824107403186574e-05
Epoch 45: reducing lr to 3.463723324437086e-05
Epoch 57: reducing lr to 2.5159046389815503e-05
Epoch 68: reducing lr to 1.5526077779581394e-05
Epoch 72: reducing lr to 1.2209538334977214e-05
Epoch 75: reducing lr to 9.880835859981263e-06
Epoch 86: reducing lr to 3.1043453828478344e-06
Epoch 89: reducing lr to 1.8653912430408124e-06
Epoch 92: reducing lr to 9.298951953717763e-07
Epoch 98: reducing lr to 2.3278900536469886e-08
[I 2024-06-22 17:29:35,634] Trial 602 finished with value: 1.8680553436279297 and parameters: {'hidden_size': 180, 'n_layers': 2, 'rnn_dropout': 0.02344045809281263, 'bidirectional': True, 'fc_dropout': 0.2897487430662202, 'learning_rate_model': 0.0004221461340915947}. Best is trial 346 with value: 1.8583240509033203.
Epoch 39: reducing lr to 2.7452797011850185e-05
Epoch 46: reducing lr to 2.437010490983046e-05
Epoch 57: reducing lr to 1.8061370163813605e-05
Epoch 68: reducing lr to 1.1145980401017783e-05
Epoch 72: reducing lr to 8.765077498587698e-06
Epoch 75: reducing lr to 7.093330614758403e-06
Epoch 80: reducing lr to 4.601662703417785e-06
Epoch 86: reducing lr to 2.2285713936533517e-06
Epoch 89: reducing lr to 1.33914144514376e-06
Epoch 92: reducing lr to 6.675603310608868e-07
Epoch 97: reducing lr to 5.950993388505578e-08
[I 2024-06-22 17:30:36,902] Trial 603 finished with value: 1.8697422742843628 and parameters: {'hidden_size': 193, 'n_layers': 2, 'rnn_dropout': 0.03878857391418687, 'bidirectional': True, 'fc_dropout': 0.2632099146992914, 'learning_rate_model': 0.0003030535209052134}. Best is trial 346 with value: 1.8583240509033203.
Epoch 30: reducing lr to 6.816270490051533e-05
Epoch 41: reducing lr to 6.090601482881945e-05
Epoch 45: reducing lr to 5.678719208924394e-05
Epoch 48: reducing lr to 5.32833740212766e-05
Epoch 53: reducing lr to 4.6818515382196025e-05
Epoch 65: reducing lr to 2.970966101162165e-05
Epoch 68: reducing lr to 2.5454757169581927e-05
Epoch 72: reducing lr to 2.0017343586818354e-05
Epoch 75: reducing lr to 1.6199472978236077e-05
Epoch 78: reducing lr to 1.2671880774018577e-05
Epoch 81: reducing lr to 9.49018877090047e-06
Epoch 85: reducing lr to 5.871853356764973e-06
Epoch 88: reducing lr to 3.681506274980377e-06
Epoch 91: reducing lr to 1.9788543803280693e-06
Epoch 94: reducing lr to 7.907408604677576e-07
Epoch 97: reducing lr to 1.3590647585236693e-07
[I 2024-06-22 17:31:39,377] Trial 604 finished with value: 1.8681442737579346 and parameters: {'hidden_size': 196, 'n_layers': 2, 'rnn_dropout': 0.06585156251146314, 'bidirectional': True, 'fc_dropout': 0.3287488312139039, 'learning_rate_model': 0.0006921018615217212}. Best is trial 346 with value: 1.8583240509033203.
Epoch 30: reducing lr to 5.564514524424489e-05
Epoch 41: reducing lr to 4.972109082737073e-05
Epoch 45: reducing lr to 4.635865839583082e-05
Epoch 49: reducing lr to 4.248905287893692e-05
Epoch 53: reducing lr to 3.822065295625489e-05
Epoch 57: reducing lr to 3.367300237064597e-05
Epoch 65: reducing lr to 2.4253708894942452e-05
Epoch 68: reducing lr to 2.0780185615076163e-05
Epoch 72: reducing lr to 1.6341311468172683e-05
Epoch 80: reducing lr to 8.579182958751927e-06
Epoch 86: reducing lr to 4.154872478722186e-06
Epoch 89: reducing lr to 2.4966496255805075e-06
Epoch 92: reducing lr to 1.2445767074415632e-06
Epoch 95: reducing lr to 4.1840335111810934e-07
Epoch 98: reducing lr to 3.1156605095645096e-08
