[I 2024-06-22 04:57:26,351] Trial 687 finished with value: 0.9736570119857788 and parameters: {'hidden_size': 185, 'n_layers': 4, 'rnn_dropout': 0.044831202277411566, 'bidirectional': True, 'fc_dropout': 0.12009680216016955, 'learning_rate_model': 0.0006771242892374508}. Best is trial 153 with value: 0.9688200950622559.
Epoch 23: reducing lr to 7.06429725708987e-05
Epoch 26: reducing lr to 6.0749304002662044e-05
Epoch 32: reducing lr to 3.863243655592082e-05
Epoch 37: reducing lr to 2.112889119392404e-05
Epoch 40: reducing lr to 1.241817015805774e-05
Epoch 43: reducing lr to 5.739494151675551e-06
Epoch 46: reducing lr to 1.5125186761004178e-06
Epoch 49: reducing lr to 2.8342421610604712e-09
[I 2024-06-22 04:58:28,599] Trial 688 finished with value: 0.9740062355995178 and parameters: {'hidden_size': 174, 'n_layers': 4, 'rnn_dropout': 0.08537273206276949, 'bidirectional': True, 'fc_dropout': 0.17721397677223327, 'learning_rate_model': 0.0008951572654973674}. Best is trial 153 with value: 0.9688200950622559.
Epoch 37: reducing lr to 1.0837204362912187e-05
Epoch 42: reducing lr to 3.955081243166319e-06
Epoch 45: reducing lr to 1.3485959954889977e-06
Epoch 48: reducing lr to 9.984272362050114e-08
[I 2024-06-22 04:59:34,681] Trial 689 finished with value: 0.9750988483428955 and parameters: {'hidden_size': 186, 'n_layers': 4, 'rnn_dropout': 0.0638519217899194, 'bidirectional': True, 'fc_dropout': 0.1632756528637278, 'learning_rate_model': 0.00045913446825502583}. Best is trial 153 with value: 0.9688200950622559.
Epoch 23: reducing lr to 7.476115124567574e-05
Epoch 26: reducing lr to 6.429072474341906e-05
Epoch 36: reducing lr to 2.5814458855134946e-05
Epoch 39: reducing lr to 1.6002128584017986e-05
Epoch 42: reducing lr to 8.160595798015626e-06
Epoch 45: reducing lr to 2.782584259937394e-06
Epoch 48: reducing lr to 2.0600742709082344e-07
[I 2024-06-22 05:00:39,517] Trial 690 finished with value: 0.971295952796936 and parameters: {'hidden_size': 181, 'n_layers': 4, 'rnn_dropout': 0.046859884935012336, 'bidirectional': True, 'fc_dropout': 0.1870974439939967, 'learning_rate_model': 0.0009473410486421555}. Best is trial 153 with value: 0.9688200950622559.
Epoch 32: reducing lr to 3.170606074786809e-05
Epoch 37: reducing lr to 1.734071074600598e-05
Epoch 40: reducing lr to 1.0191727276606318e-05
Epoch 43: reducing lr to 4.710465258168364e-06
Epoch 46: reducing lr to 1.2413405237152935e-06
Epoch 49: reducing lr to 2.3260933594646676e-09
[I 2024-06-22 05:01:45,516] Trial 691 finished with value: 0.9712145328521729 and parameters: {'hidden_size': 186, 'n_layers': 4, 'rnn_dropout': 0.048320216163780474, 'bidirectional': True, 'fc_dropout': 0.14427904627635277, 'learning_rate_model': 0.0007346653012080128}. Best is trial 153 with value: 0.9688200950622559.
Epoch 37: reducing lr to 2.186173148823738e-05
Epoch 40: reducing lr to 1.2848885399569377e-05
Epoch 43: reducing lr to 5.938564351087297e-06
Epoch 46: reducing lr to 1.5649792913581973e-06
Epoch 49: reducing lr to 2.932545798491233e-09
[I 2024-06-22 05:02:48,131] Trial 692 finished with value: 0.9704854488372803 and parameters: {'hidden_size': 180, 'n_layers': 4, 'rnn_dropout': 0.07390751905313872, 'bidirectional': True, 'fc_dropout': 0.1727358716284835, 'learning_rate_model': 0.0009262051471814028}. Best is trial 153 with value: 0.9688200950622559.
Epoch 32: reducing lr to 2.4902741847442484e-05
Epoch 37: reducing lr to 1.361983270621202e-05
Epoch 40: reducing lr to 8.004840316403253e-06
Epoch 43: reducing lr to 3.699718525058352e-06
Epoch 46: reducing lr to 9.74980236512972e-07
Epoch 49: reducing lr to 1.8269725433352721e-09
[I 2024-06-22 05:03:50,730] Trial 693 finished with value: 0.9751501083374023 and parameters: {'hidden_size': 179, 'n_layers': 4, 'rnn_dropout': 0.0762641059080781, 'bidirectional': True, 'fc_dropout': 0.17178038385190875, 'learning_rate_model': 0.0005770247047005637}. Best is trial 153 with value: 0.9688200950622559.
Epoch 23: reducing lr to 6.305711726946649e-05
Epoch 37: reducing lr to 1.8860007178377385e-05
Epoch 40: reducing lr to 1.1084669620080712e-05
Epoch 43: reducing lr to 5.123169971739167e-06
Epoch 46: reducing lr to 1.350099862168204e-06
Epoch 49: reducing lr to 2.5298926958450088e-09
[I 2024-06-22 05:04:55,582] Trial 694 finished with value: 0.9724657535552979 and parameters: {'hidden_size': 181, 'n_layers': 4, 'rnn_dropout': 0.09803888933711145, 'bidirectional': True, 'fc_dropout': 0.12603070378066616, 'learning_rate_model': 0.0007990325804655527}. Best is trial 153 with value: 0.9688200950622559.
Epoch 23: reducing lr to 7.195556125812243e-05
Epoch 32: reducing lr to 3.935025033608555e-05
Epoch 38: reducing lr to 1.8366063207517115e-05
Epoch 41: reducing lr to 1.012725027772723e-05
Epoch 44: reducing lr to 4.116694931031192e-06
Epoch 47: reducing lr to 7.120554609039899e-07
[I 2024-06-22 05:05:54,600] Trial 695 finished with value: 0.9702425003051758 and parameters: {'hidden_size': 176, 'n_layers': 4, 'rnn_dropout': 0.07756755365482589, 'bidirectional': True, 'fc_dropout': 0.15112835431217225, 'learning_rate_model': 0.0009117898229509591}. Best is trial 153 with value: 0.9688200950622559.
Epoch 32: reducing lr to 2.8455910497075732e-05
Epoch 37: reducing lr to 1.556313529037835e-05
Epoch 40: reducing lr to 9.14698554008212e-06
Epoch 43: reducing lr to 4.227601115507117e-06
Epoch 46: reducing lr to 1.1140921958149776e-06
Epoch 49: reducing lr to 2.08764831969915e-09
[I 2024-06-22 05:06:55,378] Trial 696 finished with value: 0.974632740020752 and parameters: {'hidden_size': 174, 'n_layers': 4, 'rnn_dropout': 0.10521038764316165, 'bidirectional': True, 'fc_dropout': 0.14649808867627945, 'learning_rate_model': 0.0006593556425292627}. Best is trial 153 with value: 0.9688200950622559.
Epoch 38: reducing lr to 1.889509460390722e-05
Epoch 41: reducing lr to 1.0418964037801035e-05
Epoch 44: reducing lr to 4.235275643907322e-06
Epoch 47: reducing lr to 7.32566100039491e-07
[I 2024-06-22 05:07:54,318] Trial 697 finished with value: 0.9698590040206909 and parameters: {'hidden_size': 176, 'n_layers': 4, 'rnn_dropout': 0.05930332886809708, 'bidirectional': True, 'fc_dropout': 0.15714514054445378, 'learning_rate_model': 0.0009380537771691171}. Best is trial 153 with value: 0.9688200950622559.
Epoch 23: reducing lr to 7.442171006674836e-05
Epoch 26: reducing lr to 6.399882287945114e-05
Epoch 31: reducing lr to 4.462994676153174e-05
Epoch 37: reducing lr to 2.2259089011124885e-05
Epoch 40: reducing lr to 1.308242597145799e-05
Epoch 43: reducing lr to 6.046503341250334e-06
Epoch 46: reducing lr to 1.5934242612782945e-06
Epoch 49: reducing lr to 2.9858475753831956e-09
[I 2024-06-22 05:08:55,137] Trial 698 finished with value: 0.9734466075897217 and parameters: {'hidden_size': 174, 'n_layers': 4, 'rnn_dropout': 0.07055015588134973, 'bidirectional': True, 'fc_dropout': 0.16276702723665593, 'learning_rate_model': 0.0009430397964939552}. Best is trial 153 with value: 0.9688200950622559.
Epoch 23: reducing lr to 7.53025426801423e-05
Epoch 26: reducing lr to 6.475629338584615e-05
Epoch 31: reducing lr to 4.515817317028174e-05
Epoch 37: reducing lr to 2.2522540785181842e-05
Epoch 40: reducing lr to 1.3237265566619631e-05
Epoch 43: reducing lr to 6.118067906686847e-06
Epoch 46: reducing lr to 1.6122835438055033e-06
Epoch 49: reducing lr to 3.021187154660446e-09
[I 2024-06-22 05:09:56,010] Trial 699 finished with value: 0.973515510559082 and parameters: {'hidden_size': 174, 'n_layers': 4, 'rnn_dropout': 0.07915585444855464, 'bidirectional': True, 'fc_dropout': 0.17620022076675929, 'learning_rate_model': 0.0009542013272856455}. Best is trial 153 with value: 0.9688200950622559.
Epoch 23: reducing lr to 6.136431756668225e-05
Epoch 26: reducing lr to 5.277014042738561e-05
Epoch 32: reducing lr to 3.3558229770314306e-05
Epoch 37: reducing lr to 1.835370089720641e-05
Epoch 40: reducing lr to 1.0787096146207048e-05
Epoch 43: reducing lr to 4.985635923545804e-06
Epoch 46: reducing lr to 1.3138557592917363e-06
Epoch 49: reducing lr to 2.4619764670409487e-09
[I 2024-06-22 05:10:54,372] Trial 700 finished with value: 0.9743602871894836 and parameters: {'hidden_size': 172, 'n_layers': 4, 'rnn_dropout': 0.07969776963213962, 'bidirectional': True, 'fc_dropout': 0.15681670964325806, 'learning_rate_model': 0.0007775821530864064}. Best is trial 153 with value: 0.9688200950622559.
Epoch 23: reducing lr to 8.120088497071996e-05
Epoch 27: reducing lr to 6.574330055793815e-05
Epoch 38: reducing lr to 2.0725855789363676e-05
Epoch 41: reducing lr to 1.1428465993357716e-05
Epoch 44: reducing lr to 4.645634968436507e-06
Epoch 47: reducing lr to 8.035450292191325e-07
[I 2024-06-22 05:12:01,604] Trial 701 finished with value: 0.9720395803451538 and parameters: {'hidden_size': 185, 'n_layers': 4, 'rnn_dropout': 0.09111141493845532, 'bidirectional': True, 'fc_dropout': 0.13344674610991275, 'learning_rate_model': 0.0010289425756172033}. Best is trial 153 with value: 0.9688200950622559.
Epoch 32: reducing lr to 2.9109932998980936e-05
Epoch 37: reducing lr to 1.592083393724289e-05
Epoch 40: reducing lr to 9.35721723758588e-06
Epoch 43: reducing lr to 4.324767089476049e-06
Epoch 46: reducing lr to 1.1396981719560352e-06
Epoch 49: reducing lr to 2.135630231133671e-09
[I 2024-06-22 05:13:04,028] Trial 702 finished with value: 0.973984956741333 and parameters: {'hidden_size': 177, 'n_layers': 4, 'rnn_dropout': 0.05743887807536145, 'bidirectional': True, 'fc_dropout': 0.16973746791072403, 'learning_rate_model': 0.0006745100838892261}. Best is trial 153 with value: 0.9688200950622559.
Epoch 32: reducing lr to 3.879333009240988e-05
Epoch 37: reducing lr to 2.121688724929482e-05
Epoch 40: reducing lr to 1.2469888441748198e-05
Epoch 43: reducing lr to 5.763397575690352e-06
Epoch 46: reducing lr to 1.518817902877148e-06
Epoch 49: reducing lr to 2.846046004791915e-09
[I 2024-06-22 05:14:06,434] Trial 703 finished with value: 0.9727066159248352 and parameters: {'hidden_size': 177, 'n_layers': 4, 'rnn_dropout': 0.09865004938439012, 'bidirectional': True, 'fc_dropout': 0.18528034421482498, 'learning_rate_model': 0.0008988853507800877}. Best is trial 153 with value: 0.9688200950622559.
Epoch 23: reducing lr to 7.364201782296351e-05
Epoch 37: reducing lr to 2.202588771757593e-05
Epoch 40: reducing lr to 1.2945365615673547e-05
Epoch 43: reducing lr to 5.983156076682467e-06
Epoch 46: reducing lr to 1.5767304694202024e-06
Epoch 49: reducing lr to 2.9545658137403695e-09
[I 2024-06-22 05:15:13,604] Trial 704 finished with value: 0.972075879573822 and parameters: {'hidden_size': 185, 'n_layers': 4, 'rnn_dropout': 0.05534291210566269, 'bidirectional': True, 'fc_dropout': 0.13628410731753657, 'learning_rate_model': 0.0009331598728231967}. Best is trial 153 with value: 0.9688200950622559.
Epoch 23: reducing lr to 5.7849341197377393e-05
Epoch 37: reducing lr to 1.7302392457690777e-05
Epoch 40: reducing lr to 1.0169206311350901e-05
Epoch 43: reducing lr to 4.700056401893372e-06
Epoch 46: reducing lr to 1.2385974963514392e-06
Epoch 49: reducing lr to 2.3209533212323852e-09
[I 2024-06-22 05:16:18,313] Trial 705 finished with value: 0.9720619916915894 and parameters: {'hidden_size': 181, 'n_layers': 4, 'rnn_dropout': 0.04297910857419691, 'bidirectional': True, 'fc_dropout': 0.11687671352273749, 'learning_rate_model': 0.000733041889270682}. Best is trial 153 with value: 0.9688200950622559.
Epoch 32: reducing lr to 2.3793918434556324e-05
Epoch 37: reducing lr to 1.3013393886070955e-05
Epoch 40: reducing lr to 7.648415533396697e-06
Epoch 43: reducing lr to 3.534984274235502e-06
Epoch 46: reducing lr to 9.315681126605178e-07
Epoch 49: reducing lr to 1.745624475600182e-09
[I 2024-06-22 05:17:25,596] Trial 706 finished with value: 0.9753642082214355 and parameters: {'hidden_size': 185, 'n_layers': 4, 'rnn_dropout': 0.08282763713581377, 'bidirectional': True, 'fc_dropout': 0.1884614289644769, 'learning_rate_model': 0.0005513320116507252}. Best is trial 153 with value: 0.9688200950622559.
Epoch 23: reducing lr to 9.10185749965027e-05
Epoch 27: reducing lr to 7.369207286974791e-05
Epoch 33: reducing lr to 4.502287816493349e-05
Epoch 36: reducing lr to 3.142802404927033e-05
Epoch 39: reducing lr to 1.9481922313393565e-05
Epoch 42: reducing lr to 9.935184093366853e-06
Epoch 45: reducing lr to 3.3876799638214543e-06
Epoch 48: reducing lr to 2.5080542688390126e-07
[I 2024-06-22 05:18:30,259] Trial 707 finished with value: 0.9715774059295654 and parameters: {'hidden_size': 181, 'n_layers': 4, 'rnn_dropout': 0.06587169737276818, 'bidirectional': True, 'fc_dropout': 0.16123832232725024, 'learning_rate_model': 0.0011533481072241905}. Best is trial 153 with value: 0.9688200950622559.
Epoch 23: reducing lr to 7.944596857405216e-05
Epoch 27: reducing lr to 6.432245402206868e-05
Epoch 36: reducing lr to 2.743209076893177e-05
Epoch 41: reducing lr to 1.1181473582280722e-05
Epoch 44: reducing lr to 4.545233341262344e-06
Epoch 47: reducing lr to 7.861787856400628e-07
[I 2024-06-22 05:19:40,773] Trial 708 finished with value: 0.9703981876373291 and parameters: {'hidden_size': 189, 'n_layers': 4, 'rnn_dropout': 0.04486600821401339, 'bidirectional': True, 'fc_dropout': 0.17978236312657214, 'learning_rate_model': 0.0010067050322969387}. Best is trial 153 with value: 0.9688200950622559.
Epoch 32: reducing lr to 3.493456899715375e-05
Epoch 37: reducing lr to 1.9106449736325725e-05
Epoch 40: reducing lr to 1.1229512318672937e-05
Epoch 43: reducing lr to 5.190114119782072e-06
Epoch 46: reducing lr to 1.3677415343251354e-06
Epoch 49: reducing lr to 2.5629506486503013e-09
[I 2024-06-22 05:20:48,123] Trial 709 finished with value: 0.9706494808197021 and parameters: {'hidden_size': 186, 'n_layers': 4, 'rnn_dropout': 0.058444409093127106, 'bidirectional': True, 'fc_dropout': 0.17691467633010935, 'learning_rate_model': 0.0008094734902251076}. Best is trial 153 with value: 0.9688200950622559.
Epoch 31: reducing lr to 2.7320083064046753e-05
Epoch 37: reducing lr to 1.3625832089006749e-05
Epoch 40: reducing lr to 8.008366358338183e-06
Epoch 43: reducing lr to 3.7013482093682377e-06
Epoch 46: reducing lr to 9.754097043179212e-07
Epoch 49: reducing lr to 1.8277773041505512e-09
[I 2024-06-22 05:21:55,268] Trial 710 finished with value: 0.9747342467308044 and parameters: {'hidden_size': 185, 'n_layers': 4, 'rnn_dropout': 0.08107004149292177, 'bidirectional': True, 'fc_dropout': 0.17806059091127607, 'learning_rate_model': 0.0005772788775792024}. Best is trial 153 with value: 0.9688200950622559.
Epoch 32: reducing lr to 3.101934705056614e-05
Epoch 37: reducing lr to 1.6965132597558954e-05
Epoch 40: reducing lr to 9.970987186070724e-06
Epoch 43: reducing lr to 4.608442460723658e-06
Epoch 46: reducing lr to 1.2144546375299996e-06
Epoch 49: reducing lr to 2.275713080945787e-09
[I 2024-06-22 05:22:57,993] Trial 711 finished with value: 0.9717388153076172 and parameters: {'hidden_size': 180, 'n_layers': 4, 'rnn_dropout': 0.06411737772532795, 'bidirectional': True, 'fc_dropout': 0.15275061434750195, 'learning_rate_model': 0.0007187533678624006}. Best is trial 153 with value: 0.9688200950622559.
Epoch 23: reducing lr to 6.565085214493602e-05
Epoch 32: reducing lr to 3.590240172560612e-05
Epoch 37: reducing lr to 1.9635777789030563e-05
Epoch 40: reducing lr to 1.1540616473055263e-05
Epoch 43: reducing lr to 5.333901847918542e-06
Epoch 46: reducing lr to 1.4056336583439319e-06
Epoch 49: reducing lr to 2.6339550317092466e-09
[I 2024-06-22 05:23:56,933] Trial 712 finished with value: 0.9708940386772156 and parameters: {'hidden_size': 176, 'n_layers': 4, 'rnn_dropout': 0.1014274721299116, 'bidirectional': True, 'fc_dropout': 0.17188738665831702, 'learning_rate_model': 0.0008318992695933391}. Best is trial 153 with value: 0.9688200950622559.
Epoch 38: reducing lr to 9.755416295743017e-06
Epoch 42: reducing lr to 4.171958543908915e-06
[I 2024-06-22 05:24:54,813] Trial 713 finished with value: 0.9766574501991272 and parameters: {'hidden_size': 171, 'n_layers': 4, 'rnn_dropout': 0.10319412738037897, 'bidirectional': True, 'fc_dropout': 0.17034537961782978, 'learning_rate_model': 0.00048431115566823277}. Best is trial 153 with value: 0.9688200950622559.
Epoch 32: reducing lr to 2.96888209785965e-05
Epoch 37: reducing lr to 1.6237439935341487e-05
Epoch 40: reducing lr to 9.54329738355117e-06
Epoch 43: reducing lr to 4.410770574362895e-06
Epoch 46: reducing lr to 1.162362517221217e-06
Epoch 49: reducing lr to 2.178099949966955e-09
[I 2024-06-22 05:25:58,584] Trial 714 finished with value: 0.9732713103294373 and parameters: {'hidden_size': 175, 'n_layers': 4, 'rnn_dropout': 0.09240276179219256, 'bidirectional': True, 'fc_dropout': 0.15755880248122575, 'learning_rate_model': 0.000687923573357121}. Best is trial 153 with value: 0.9688200950622559.
Epoch 23: reducing lr to 6.324825090164954e-05
Epoch 28: reducing lr to 4.794800025636842e-05
Epoch 37: reducing lr to 1.891717410625322e-05
Epoch 40: reducing lr to 1.1118268573819455e-05
Epoch 43: reducing lr to 5.138698910063533e-06
Epoch 46: reducing lr to 1.354192175639544e-06
Epoch 49: reducing lr to 2.5375611019027264e-09
[I 2024-06-22 05:27:01,221] Trial 715 finished with value: 0.974575936794281 and parameters: {'hidden_size': 178, 'n_layers': 4, 'rnn_dropout': 0.10850539691029121, 'bidirectional': True, 'fc_dropout': 0.14200283819579573, 'learning_rate_model': 0.0008014545433771196}. Best is trial 153 with value: 0.9688200950622559.
Epoch 32: reducing lr to 2.666100271510655e-05
Epoch 37: reducing lr to 1.458146251461495e-05
Epoch 40: reducing lr to 8.570022960405037e-06
Epoch 43: reducing lr to 3.96093756446505e-06
Epoch 46: reducing lr to 1.0438188249346216e-06
Epoch 49: reducing lr to 1.955966143674277e-09
[I 2024-06-22 05:28:03,603] Trial 716 finished with value: 0.9736512303352356 and parameters: {'hidden_size': 177, 'n_layers': 4, 'rnn_dropout': 0.08194050615625112, 'bidirectional': True, 'fc_dropout': 0.1755734556039204, 'learning_rate_model': 0.0006177655983806952}. Best is trial 153 with value: 0.9688200950622559.
Epoch 23: reducing lr to 7.697227689839115e-05
Epoch 26: reducing lr to 6.619217848434259e-05
Epoch 36: reducing lr to 2.657794378326273e-05
Epoch 39: reducing lr to 1.6475405365081722e-05
Epoch 42: reducing lr to 8.401952470696306e-06
Epoch 45: reducing lr to 2.864881593986888e-06
Epoch 48: reducing lr to 2.1210027476774133e-07
[I 2024-06-22 05:29:08,491] Trial 717 finished with value: 0.9715718030929565 and parameters: {'hidden_size': 181, 'n_layers': 4, 'rnn_dropout': 0.0649772622387166, 'bidirectional': True, 'fc_dropout': 0.18530795570107284, 'learning_rate_model': 0.0009753594787976722}. Best is trial 153 with value: 0.9688200950622559.
Epoch 23: reducing lr to 6.060881757482722e-05
Epoch 26: reducing lr to 5.21204494955219e-05
Epoch 32: reducing lr to 3.314507040794397e-05
Epoch 37: reducing lr to 1.8127735361725937e-05
Epoch 40: reducing lr to 1.0654288492284349e-05
Epoch 43: reducing lr to 4.92425419473349e-06
Epoch 46: reducing lr to 1.2976799415721926e-06
Epoch 49: reducing lr to 2.431665314342902e-09
[I 2024-06-22 05:30:06,821] Trial 718 finished with value: 0.9743090867996216 and parameters: {'hidden_size': 172, 'n_layers': 4, 'rnn_dropout': 0.07614979753292812, 'bidirectional': True, 'fc_dropout': 0.14285126857971095, 'learning_rate_model': 0.0007680087831929821}. Best is trial 153 with value: 0.9688200950622559.
Epoch 23: reducing lr to 7.352956076224749e-05
Epoch 38: reducing lr to 1.8767813591725242e-05
Epoch 41: reducing lr to 1.034877988067358e-05
Epoch 44: reducing lr to 4.206746007928957e-06
Epoch 47: reducing lr to 7.276313930873554e-07
[I 2024-06-22 05:31:05,863] Trial 719 finished with value: 0.9699200987815857 and parameters: {'hidden_size': 176, 'n_layers': 4, 'rnn_dropout': 0.05511822992963338, 'bidirectional': True, 'fc_dropout': 0.17562150797354215, 'learning_rate_model': 0.0009317348654757867}. Best is trial 153 with value: 0.9688200950622559.
Epoch 23: reducing lr to 6.77612094540531e-05
Epoch 26: reducing lr to 5.827113671612533e-05
Epoch 32: reducing lr to 3.705649026248028e-05
Epoch 37: reducing lr to 2.026697305647046e-05
Epoch 40: reducing lr to 1.1911591464695316e-05
Epoch 43: reducing lr to 5.505360989469638e-06
Epoch 46: reducing lr to 1.4508179806780674e-06
Epoch 49: reducing lr to 2.718623944172015e-09
[I 2024-06-22 05:32:07,926] Trial 720 finished with value: 0.9738860130310059 and parameters: {'hidden_size': 173, 'n_layers': 4, 'rnn_dropout': 0.08891586203226477, 'bidirectional': True, 'fc_dropout': 0.1636976270728484, 'learning_rate_model': 0.0008586408067810004}. Best is trial 153 with value: 0.9688200950622559.
Epoch 38: reducing lr to 1.2008483514627224e-05
Epoch 41: reducing lr to 6.6216105560834616e-06
Epoch 44: reducing lr to 2.6916635674979e-06
Epoch 47: reducing lr to 4.655709918425046e-07
[I 2024-06-22 05:33:06,908] Trial 721 finished with value: 0.9716867208480835 and parameters: {'hidden_size': 176, 'n_layers': 4, 'rnn_dropout': 0.06464104953118963, 'bidirectional': True, 'fc_dropout': 0.12614765174957, 'learning_rate_model': 0.0005961654892503049}. Best is trial 153 with value: 0.9688200950622559.
Epoch 27: reducing lr to 6.145226259870256e-05
Epoch 38: reducing lr to 1.9373087778402225e-05
Epoch 41: reducing lr to 1.0682534758126939e-05
Epoch 44: reducing lr to 4.342416300904823e-06
Epoch 47: reducing lr to 7.510979784463266e-07
