[I 2024-06-22 00:16:13,230] Trial 342 finished with value: 1.1103856563568115 and parameters: {'hidden_size': 33, 'n_layers': 5, 'rnn_dropout': 0.020847946150714593, 'bidirectional': False, 'fc_dropout': 0.38512036731922916, 'learning_rate_model': 0.05044480351334593}. Best is trial 153 with value: 0.9688200950622559.
Epoch 7: reducing lr to 0.004033009311338331
Epoch 10: reducing lr to 0.0054431968121242316
Epoch 13: reducing lr to 0.005643861240536145
Epoch 16: reducing lr to 0.005473758912430003
Epoch 19: reducing lr to 0.005137635662652693
Epoch 22: reducing lr to 0.00465661144712484
Epoch 25: reducing lr to 0.004060910403009014
Epoch 28: reducing lr to 0.0033879631483509183
Epoch 31: reducing lr to 0.0026800532451935694
Epoch 34: reducing lr to 0.0019816620494031807
Epoch 37: reducing lr to 0.0013366707349679644
Epoch 40: reducing lr to 0.000785606990910228
Epoch 43: reducing lr to 0.0003630959048277288
Epoch 46: reducing lr to 9.568601740053904e-05
Epoch 49: reducing lr to 1.7930181559072667e-07
[I 2024-06-22 00:16:17,913] Trial 343 finished with value: 1.1478122472763062 and parameters: {'hidden_size': 91, 'n_layers': 1, 'rnn_dropout': 0.689081979586423, 'bidirectional': True, 'fc_dropout': 0.7704258710277405, 'learning_rate_model': 0.0566300668124204}. Best is trial 153 with value: 0.9688200950622559.
[I 2024-06-22 00:16:24,723] Trial 344 finished with value: 1.0835965871810913 and parameters: {'hidden_size': 64, 'n_layers': 2, 'rnn_dropout': 0.4711269626448618, 'bidirectional': True, 'fc_dropout': 0.4691435371714093, 'learning_rate_model': 4.456357235021669e-05}. Best is trial 153 with value: 0.9688200950622559.
[I 2024-06-22 00:16:32,783] Trial 345 finished with value: 1.1106394529342651 and parameters: {'hidden_size': 51, 'n_layers': 6, 'rnn_dropout': 0.12007876908163997, 'bidirectional': False, 'fc_dropout': 0.012071446106383289, 'learning_rate_model': 1.345171370168811e-05}. Best is trial 153 with value: 0.9688200950622559.
Epoch 18: reducing lr to 0.00033237674164450357
Epoch 21: reducing lr to 0.0003048838926117855
Epoch 24: reducing lr to 0.0002694614647367824
Epoch 27: reducing lr to 0.00022833521657054516
Epoch 30: reducing lr to 0.00018408920141979373
Epoch 33: reducing lr to 0.0001395035888675569
Epoch 36: reducing lr to 9.737987273554342e-05
Epoch 39: reducing lr to 6.036482320835104e-05
Epoch 42: reducing lr to 3.0784212239990314e-05
Epoch 45: reducing lr to 1.0496741482331293e-05
Epoch 48: reducing lr to 7.77121734190072e-07
[I 2024-06-22 00:16:45,161] Trial 346 finished with value: 0.996293306350708 and parameters: {'hidden_size': 69, 'n_layers': 3, 'rnn_dropout': 0.28977288442400895, 'bidirectional': True, 'fc_dropout': 0.28671619570026013, 'learning_rate_model': 0.003573654255997655}. Best is trial 153 with value: 0.9688200950622559.
Epoch 3: reducing lr to 1.0335117906028553e-05
Epoch 6: reducing lr to 2.4513979303489207e-05
Epoch 9: reducing lr to 3.698395016469995e-05
Epoch 12: reducing lr to 4.1068729413547914e-05
Epoch 15: reducing lr to 4.025739578213596e-05
Epoch 18: reducing lr to 3.820714673585629e-05
Epoch 21: reducing lr to 3.5046807321062665e-05
Epoch 24: reducing lr to 3.097495231440862e-05
Epoch 27: reducing lr to 2.624743560969502e-05
Epoch 30: reducing lr to 2.1161297557503075e-05
Epoch 33: reducing lr to 1.6036122334161695e-05
Epoch 36: reducing lr to 1.1193945365483264e-05
Epoch 39: reducing lr to 6.93901639023914e-06
Epoch 42: reducing lr to 3.538685975383452e-06
Epoch 45: reducing lr to 1.2066143379332146e-06
Epoch 48: reducing lr to 8.933117276172095e-08
[I 2024-06-22 00:16:52,805] Trial 347 finished with value: 1.1074364185333252 and parameters: {'hidden_size': 42, 'n_layers': 7, 'rnn_dropout': 0.5164515266187463, 'bidirectional': False, 'fc_dropout': 0.5963986645985317, 'learning_rate_model': 0.0004107962905784676}. Best is trial 153 with value: 0.9688200950622559.
Epoch 24: reducing lr to 5.893019211035702e-06
Epoch 28: reducing lr to 4.675685886882183e-06
Epoch 34: reducing lr to 2.7348671963785956e-06
Epoch 42: reducing lr to 6.732389520114557e-07
Epoch 45: reducing lr to 2.29559723016714e-07
Epoch 48: reducing lr to 1.699535521106489e-08
[I 2024-06-22 00:17:41,017] Trial 348 finished with value: 1.0757604837417603 and parameters: {'hidden_size': 105, 'n_layers': 7, 'rnn_dropout': 0.10995483969938472, 'bidirectional': True, 'fc_dropout': 0.07955220580390786, 'learning_rate_model': 7.815445226932655e-05}. Best is trial 153 with value: 0.9688200950622559.
Epoch 12: reducing lr to 0.0009142380547031105
Epoch 18: reducing lr to 0.0008505358701460719
Epoch 21: reducing lr to 0.0007801830104389158
Epoch 24: reducing lr to 0.0006895387452406727
Epoch 27: reducing lr to 0.000584298682121797
Epoch 30: reducing lr to 0.0004710752874566216
Epoch 33: reducing lr to 0.00035698287960495603
Epoch 36: reducing lr to 0.00024919034461329866
Epoch 39: reducing lr to 0.00015447063828744802
Epoch 42: reducing lr to 7.877529761786371e-05
Epoch 45: reducing lr to 2.6860649473247136e-05
Epoch 48: reducing lr to 1.9886166135709565e-06
[I 2024-06-22 00:18:36,428] Trial 349 finished with value: 1.0734050273895264 and parameters: {'hidden_size': 165, 'n_layers': 4, 'rnn_dropout': 0.5226009138090556, 'bidirectional': True, 'fc_dropout': 0.41667867244303136, 'learning_rate_model': 0.009144806935610207}. Best is trial 153 with value: 0.9688200950622559.
Epoch 6: reducing lr to 0.0006342369309615313
Epoch 18: reducing lr to 0.0009885128475692747
Epoch 21: reducing lr to 0.0009067470947952984
Epoch 24: reducing lr to 0.0008013981920011679
Epoch 27: reducing lr to 0.0006790857086321318
Epoch 30: reducing lr to 0.0005474948090587715
Epoch 33: reducing lr to 0.0004148939218650124
Epoch 36: reducing lr to 0.0002896148954871899
Epoch 39: reducing lr to 0.00017952941889816404
Epoch 42: reducing lr to 9.15545087510277e-05
Epoch 45: reducing lr to 3.1218080307182824e-05
Epoch 48: reducing lr to 2.311217128404992e-06
[I 2024-06-22 00:19:23,587] Trial 350 finished with value: 1.0217291116714478 and parameters: {'hidden_size': 101, 'n_layers': 7, 'rnn_dropout': 0.5283295477365123, 'bidirectional': True, 'fc_dropout': 0.2992373734936557, 'learning_rate_model': 0.01062831029435455}. Best is trial 153 with value: 0.9688200950622559.
Epoch 7: reducing lr to 2.5685139709271938e-05
Epoch 10: reducing lr to 3.4666240465008904e-05
Epoch 13: reducing lr to 3.594421764794053e-05
Epoch 24: reducing lr to 2.7194677615593137e-05
Epoch 27: reducing lr to 2.3044121017408685e-05
Epoch 30: reducing lr to 1.857871028057212e-05
Epoch 33: reducing lr to 1.407902658429214e-05
Epoch 36: reducing lr to 9.827803199531492e-06
Epoch 39: reducing lr to 6.092158328007845e-06
Epoch 42: reducing lr to 3.1068142835722397e-06
Epoch 45: reducing lr to 1.0593555590780452e-06
Epoch 48: reducing lr to 7.842893250066454e-08
[I 2024-06-22 00:20:11,754] Trial 351 finished with value: 1.1077278852462769 and parameters: {'hidden_size': 189, 'n_layers': 7, 'rnn_dropout': 0.20928863414633742, 'bidirectional': False, 'fc_dropout': 0.4374675646526467, 'learning_rate_model': 0.00036066149754058905}. Best is trial 153 with value: 0.9688200950622559.
Epoch 37: reducing lr to 2.0829347283740942e-05
[I 2024-06-22 00:20:21,770] Trial 352 finished with value: 1.033921480178833 and parameters: {'hidden_size': 34, 'n_layers': 5, 'rnn_dropout': 0.07050813114034708, 'bidirectional': True, 'fc_dropout': 0.5667606332122982, 'learning_rate_model': 0.0008824666370552557}. Best is trial 153 with value: 0.9688200950622559.
[I 2024-06-22 00:20:53,842] Trial 353 finished with value: 1.0222136974334717 and parameters: {'hidden_size': 145, 'n_layers': 3, 'rnn_dropout': 0.637996787434679, 'bidirectional': True, 'fc_dropout': 0.2542540402804782, 'learning_rate_model': 0.0002376472029630957}. Best is trial 153 with value: 0.9688200950622559.
Epoch 42: reducing lr to 5.480070397676916e-06
[I 2024-06-22 00:21:13,851] Trial 354 finished with value: 0.9832900762557983 and parameters: {'hidden_size': 83, 'n_layers': 4, 'rnn_dropout': 0.03334995401623022, 'bidirectional': True, 'fc_dropout': 0.3331700449384865, 'learning_rate_model': 0.0006361662512963186}. Best is trial 153 with value: 0.9688200950622559.
[I 2024-06-22 00:21:19,976] Trial 355 finished with value: 1.1033947467803955 and parameters: {'hidden_size': 80, 'n_layers': 3, 'rnn_dropout': 0.1442448486782075, 'bidirectional': False, 'fc_dropout': 0.4766935564933209, 'learning_rate_model': 3.8194352935715024e-05}. Best is trial 153 with value: 0.9688200950622559.
Epoch 29: reducing lr to 1.3165995597968708e-05
Epoch 32: reducing lr to 1.0203123220410001e-05
Epoch 35: reducing lr to 7.341909907578208e-06
Epoch 38: reducing lr to 4.76213504055631e-06
Epoch 41: reducing lr to 2.625893903725069e-06
Epoch 44: reducing lr to 1.067417495019852e-06
Epoch 47: reducing lr to 1.8462880274758482e-07
[I 2024-06-22 00:21:24,795] Trial 356 finished with value: 1.0912530422210693 and parameters: {'hidden_size': 58, 'n_layers': 3, 'rnn_dropout': 0.6646010935235407, 'bidirectional': False, 'fc_dropout': 0.45451177415375393, 'learning_rate_model': 0.00023641790929480275}. Best is trial 153 with value: 0.9688200950622559.
Epoch 9: reducing lr to 0.000237350375929934
Epoch 23: reducing lr to 0.00020805241755197254
Epoch 40: reducing lr to 3.657306918055706e-05
Epoch 47: reducing lr to 2.0588382257311078e-06
[I 2024-06-22 00:21:55,732] Trial 357 finished with value: 0.9848207235336304 and parameters: {'hidden_size': 80, 'n_layers': 7, 'rnn_dropout': 0.4426751595676166, 'bidirectional': True, 'fc_dropout': 0.5173199853374325, 'learning_rate_model': 0.0026363504591914843}. Best is trial 153 with value: 0.9688200950622559.
Epoch 9: reducing lr to 0.0022100250227947366
Epoch 14: reducing lr to 0.002430270067068283
Epoch 17: reducing lr to 0.0023317995424002058
Epoch 22: reducing lr to 0.0020185212996816524
Epoch 27: reducing lr to 0.001568450347334342
Epoch 30: reducing lr to 0.00126452141830768
Epoch 33: reducing lr to 0.0009582597713134902
Epoch 36: reducing lr to 0.0006689090605883335
Epoch 39: reducing lr to 0.00041465013303658633
Epoch 42: reducing lr to 0.00021145887658248936
Epoch 45: reducing lr to 7.210284103834168e-05
Epoch 48: reducing lr to 5.3381027780921575e-06
[I 2024-06-22 00:21:59,596] Trial 358 finished with value: 1.1051201820373535 and parameters: {'hidden_size': 42, 'n_layers': 3, 'rnn_dropout': 0.3683471947671468, 'bidirectional': False, 'fc_dropout': 0.1825133074343378, 'learning_rate_model': 0.02454767750352977}. Best is trial 153 with value: 0.9688200950622559.
Epoch 12: reducing lr to 0.0005985666408442157
Epoch 22: reducing lr to 0.0004923236323320088
Epoch 25: reducing lr to 0.0004293427061471209
Epoch 28: reducing lr to 0.000358194868165988
Epoch 31: reducing lr to 0.0002833505787414503
Epoch 34: reducing lr to 0.00020951266157691749
Epoch 37: reducing lr to 0.00014132048571019237
Epoch 40: reducing lr to 8.305887054182934e-05
Epoch 43: reducing lr to 3.8388578643390635e-05
Epoch 46: reducing lr to 1.011647378891872e-05
Epoch 49: reducing lr to 1.895681487227782e-08
[I 2024-06-22 00:22:09,291] Trial 359 finished with value: 1.019996166229248 and parameters: {'hidden_size': 79, 'n_layers': 2, 'rnn_dropout': 0.3265451222818258, 'bidirectional': True, 'fc_dropout': 0.14458337088239182, 'learning_rate_model': 0.005987255004818895}. Best is trial 153 with value: 0.9688200950622559.
Epoch 29: reducing lr to 2.232194170050184e-06
Epoch 34: reducing lr to 1.4026236414696698e-06
Epoch 37: reducing lr to 9.460977336127298e-07
Epoch 40: reducing lr to 5.560539137772743e-07
Epoch 43: reducing lr to 2.5699987562741923e-07
Epoch 46: reducing lr to 6.772671970202744e-08
Epoch 49: reducing lr to 1.269101184947876e-10
[I 2024-06-22 00:22:34,363] Trial 360 finished with value: 1.1065819263458252 and parameters: {'hidden_size': 155, 'n_layers': 5, 'rnn_dropout': 0.7033588484292764, 'bidirectional': False, 'fc_dropout': 0.7338081272640069, 'learning_rate_model': 4.0082853962425134e-05}. Best is trial 153 with value: 0.9688200950622559.
Epoch 16: reducing lr to 0.0007082585357546315
Epoch 19: reducing lr to 0.0006647670037874919
Epoch 23: reducing lr to 0.000578259598741552
Epoch 26: reducing lr to 0.0004972733575325115
Epoch 29: reducing lr to 0.00040806238075144046
Epoch 32: reducing lr to 0.0003162321239924438
Epoch 35: reducing lr to 0.0002275526536414138
Epoch 38: reducing lr to 0.00014759599056899856
Epoch 41: reducing lr to 8.138606077918364e-05
Epoch 44: reducing lr to 3.3083174077677865e-05
Epoch 47: reducing lr to 5.722322193096527e-06
[I 2024-06-22 00:22:48,959] Trial 361 finished with value: 1.0449212789535522 and parameters: {'hidden_size': 61, 'n_layers': 4, 'rnn_dropout': 0.27529546958079804, 'bidirectional': True, 'fc_dropout': 0.12861131385876787, 'learning_rate_model': 0.007327456112320097}. Best is trial 153 with value: 0.9688200950622559.
Epoch 6: reducing lr to 8.829746481283583e-05
Epoch 9: reducing lr to 0.0001332133391269715
Epoch 12: reducing lr to 0.00014792639927637034
Epoch 15: reducing lr to 0.00014500403804386042
Epoch 18: reducing lr to 0.00013761919893715276
Epoch 21: reducing lr to 0.00012623589984810444
Epoch 24: reducing lr to 0.00011156939182336155
Epoch 27: reducing lr to 9.454124087656167e-05
Epoch 30: reducing lr to 7.622136346552371e-05
Epoch 33: reducing lr to 5.7760877171558746e-05
Epoch 36: reducing lr to 4.031972878776485e-05
Epoch 39: reducing lr to 2.499380243278673e-05
Epoch 42: reducing lr to 1.2746074251218046e-05
Epoch 45: reducing lr to 4.3461318836618626e-06
Epoch 48: reducing lr to 3.2176400191767825e-07
[I 2024-06-22 00:23:39,333] Trial 362 finished with value: 1.1072924137115479 and parameters: {'hidden_size': 195, 'n_layers': 7, 'rnn_dropout': 0.7208535947382511, 'bidirectional': False, 'fc_dropout': 0.057811805451898124, 'learning_rate_model': 0.0014796565895539}. Best is trial 153 with value: 0.9688200950622559.
[I 2024-06-22 00:24:04,117] Trial 363 finished with value: 1.1065016984939575 and parameters: {'hidden_size': 179, 'n_layers': 4, 'rnn_dropout': 0.625372228316752, 'bidirectional': False, 'fc_dropout': 0.1499398165802812, 'learning_rate_model': 1.655985402893686e-05}. Best is trial 153 with value: 0.9688200950622559.
Epoch 24: reducing lr to 2.748797075335893e-05
Epoch 27: reducing lr to 2.3292650625142483e-05
Epoch 30: reducing lr to 1.8779080673295814e-05
Epoch 33: reducing lr to 1.4230868129978543e-05
Epoch 36: reducing lr to 9.933795529298345e-06
Epoch 39: reducing lr to 6.157861928434534e-06
Epoch 42: reducing lr to 3.1403211087887348e-06
Epoch 45: reducing lr to 1.0707806518967053e-06
Epoch 48: reducing lr to 7.927478432615486e-08
[I 2024-06-22 00:24:14,740] Trial 364 finished with value: 1.091588020324707 and parameters: {'hidden_size': 93, 'n_layers': 4, 'rnn_dropout': 0.7765936076171157, 'bidirectional': False, 'fc_dropout': 0.08408565526563959, 'learning_rate_model': 0.0003645512124245168}. Best is trial 153 with value: 0.9688200950622559.
[I 2024-06-22 00:24:31,186] Trial 365 finished with value: 1.08984375 and parameters: {'hidden_size': 69, 'n_layers': 4, 'rnn_dropout': 0.2786053454005976, 'bidirectional': True, 'fc_dropout': 0.6888090948911805, 'learning_rate_model': 3.2961258390009616e-05}. Best is trial 153 with value: 0.9688200950622559.
Epoch 15: reducing lr to 3.9773589613378615e-05
Epoch 18: reducing lr to 3.77479800927515e-05
Epoch 21: reducing lr to 3.462562107074132e-05
Epoch 24: reducing lr to 3.060270088791854e-05
Epoch 27: reducing lr to 2.5931998631835007e-05
Epoch 30: reducing lr to 2.090698487536548e-05
Epoch 33: reducing lr to 1.58434030894743e-05
Epoch 36: reducing lr to 1.105941853593219e-05
Epoch 39: reducing lr to 6.855624534668703e-06
Epoch 42: reducing lr to 3.496158681431038e-06
Epoch 45: reducing lr to 1.1921134630340482e-06
Epoch 48: reducing lr to 8.825760673479674e-08
[I 2024-06-22 00:24:38,404] Trial 366 finished with value: 1.092056393623352 and parameters: {'hidden_size': 122, 'n_layers': 2, 'rnn_dropout': 0.6945908571527113, 'bidirectional': False, 'fc_dropout': 0.3008456604378525, 'learning_rate_model': 0.0004058594143691851}. Best is trial 153 with value: 0.9688200950622559.
Epoch 14: reducing lr to 0.0009655292012079213
Epoch 22: reducing lr to 0.0008019443124911114
Epoch 27: reducing lr to 0.0006231342892779267
Epoch 30: reducing lr to 0.0005023854638516674
Epoch 33: reducing lr to 0.0003807098659870889
Epoch 36: reducing lr to 0.0002657528641373208
Epoch 39: reducing lr to 0.00016473758087904108
Epoch 42: reducing lr to 8.401112409754212e-05
Epoch 45: reducing lr to 2.8645951516225418e-05
Epoch 48: reducing lr to 2.120790681306786e-06
[I 2024-06-22 00:24:40,832] Trial 367 finished with value: 1.0940930843353271 and parameters: {'hidden_size': 67, 'n_layers': 1, 'rnn_dropout': 0.09498432409007487, 'bidirectional': False, 'fc_dropout': 0.16592525185545917, 'learning_rate_model': 0.009752619584408855}. Best is trial 153 with value: 0.9688200950622559.
Epoch 10: reducing lr to 0.0007908000559231169
Epoch 13: reducing lr to 0.000819953042061054
Epoch 16: reducing lr to 0.0007952401876076994
Epoch 22: reducing lr to 0.0006765231388650557
Epoch 27: reducing lr to 0.0005256783529110959
Epoch 30: reducing lr to 0.0004238142045915116
Epoch 33: reducing lr to 0.00032116822767208636
Epoch 36: reducing lr to 0.0002241900827877642
Epoch 39: reducing lr to 0.00013897322241631337
Epoch 42: reducing lr to 7.087208985559183e-05
Epoch 45: reducing lr to 2.416582889070342e-05
Epoch 48: reducing lr to 1.7891067325317978e-06
[I 2024-06-22 00:24:43,329] Trial 368 finished with value: 1.093526005744934 and parameters: {'hidden_size': 63, 'n_layers': 1, 'rnn_dropout': 0.012841767333649657, 'bidirectional': False, 'fc_dropout': 0.6047208780302441, 'learning_rate_model': 0.008227345353826203}. Best is trial 153 with value: 0.9688200950622559.
[I 2024-06-22 00:25:02,303] Trial 369 finished with value: 1.1043027639389038 and parameters: {'hidden_size': 81, 'n_layers': 4, 'rnn_dropout': 0.6512590027005323, 'bidirectional': True, 'fc_dropout': 0.0034120147256857082, 'learning_rate_model': 1.5407187680771952e-05}. Best is trial 153 with value: 0.9688200950622559.
Epoch 9: reducing lr to 0.00011561854102722243
Epoch 12: reducing lr to 0.00012838830237145137
Epoch 15: reducing lr to 0.00012585192617765845
Epoch 18: reducing lr to 0.00011944247552629014
Epoch 22: reducing lr to 0.00010559992999827734
Epoch 25: reducing lr to 9.209096768247744e-05
Epoch 28: reducing lr to 7.683026066593973e-05
Epoch 31: reducing lr to 6.077669101183857e-05
Epoch 34: reducing lr to 4.493898107526782e-05
Epoch 37: reducing lr to 3.0312242635256898e-05
Epoch 40: reducing lr to 1.7815539086367165e-05
Epoch 43: reducing lr to 8.23407805608167e-06
Epoch 46: reducing lr to 2.1699119314646077e-06
Epoch 49: reducing lr to 4.066102441638991e-09
[I 2024-06-22 00:25:11,515] Trial 370 finished with value: 1.0923725366592407 and parameters: {'hidden_size': 152, 'n_layers': 2, 'rnn_dropout': 0.38518864974932177, 'bidirectional': False, 'fc_dropout': 0.4027020877092425, 'learning_rate_model': 0.0012842237663788143}. Best is trial 153 with value: 0.9688200950622559.
[I 2024-06-22 00:25:19,110] Trial 371 finished with value: 1.1068572998046875 and parameters: {'hidden_size': 69, 'n_layers': 4, 'rnn_dropout': 0.0015709163060160236, 'bidirectional': False, 'fc_dropout': 0.22716070903122879, 'learning_rate_model': 2.2070334240387426e-05}. Best is trial 153 with value: 0.9688200950622559.
Epoch 17: reducing lr to 3.752483915154613e-06
Epoch 20: reducing lr to 3.4823458267205596e-06
Epoch 23: reducing lr to 3.117508600533107e-06
Epoch 26: reducing lr to 2.680896213910409e-06
Epoch 29: reducing lr to 2.199942697562037e-06
Epoch 32: reducing lr to 1.7048681395981723e-06
Epoch 35: reducing lr to 1.2267800765349638e-06
Epoch 38: reducing lr to 7.95718343464469e-07
Epoch 41: reducing lr to 4.3876789074454093e-07
Epoch 44: reducing lr to 1.783577478775085e-07
Epoch 47: reducing lr to 3.085013839947175e-08
[I 2024-06-22 00:25:36,778] Trial 372 finished with value: 1.1079497337341309 and parameters: {'hidden_size': 112, 'n_layers': 6, 'rnn_dropout': 0.7540787484865374, 'bidirectional': False, 'fc_dropout': 0.2326879502483765, 'learning_rate_model': 3.950372375988253e-05}. Best is trial 153 with value: 0.9688200950622559.
Epoch 17: reducing lr to 3.0116783600032303e-06
Epoch 20: reducing lr to 2.7948702260992226e-06
Epoch 23: reducing lr to 2.502058210411453e-06
Epoch 26: reducing lr to 2.151640698642648e-06
Epoch 29: reducing lr to 1.7656357669481782e-06
Epoch 32: reducing lr to 1.368297532722462e-06
Epoch 35: reducing lr to 9.845923640238246e-07
Epoch 38: reducing lr to 6.386297103077169e-07
Epoch 41: reducing lr to 3.521474819073666e-07
Epoch 44: reducing lr to 1.4314682801231135e-07
Epoch 47: reducing lr to 2.475978480429147e-08
[I 2024-06-22 00:25:42,744] Trial 373 finished with value: 1.1075806617736816 and parameters: {'hidden_size': 40, 'n_layers': 6, 'rnn_dropout': 0.5875755482799475, 'bidirectional': False, 'fc_dropout': 0.47531546231323163, 'learning_rate_model': 3.170500198727212e-05}. Best is trial 153 with value: 0.9688200950622559.
Epoch 6: reducing lr to 0.0017117973454145272
Epoch 9: reducing lr to 0.002582568375827315
Epoch 12: reducing lr to 0.002867806206381698
Epoch 15: reducing lr to 0.002811151236607009
Epoch 18: reducing lr to 0.00266798350233546
Epoch 21: reducing lr to 0.0024472987838784033
Epoch 24: reducing lr to 0.0021629634458653233
Epoch 27: reducing lr to 0.001832843621362587
Epoch 30: reducing lr to 0.0014776814704785504
Epoch 33: reducing lr to 0.0011197933759556293
Epoch 36: reducing lr to 0.0007816668899048185
Epoch 39: reducing lr to 0.00048454759994468014
Epoch 42: reducing lr to 0.000247104445342124
Epoch 45: reducing lr to 8.425719851689676e-05
Epoch 48: reducing lr to 6.237945398547551e-06
