[I 2024-06-21 23:28:45,775] Trial 221 finished with value: 1.1047585010528564 and parameters: {'hidden_size': 78, 'n_layers': 1, 'rnn_dropout': 0.6406874841040265, 'bidirectional': False, 'fc_dropout': 0.5357172799004265, 'learning_rate_model': 0.017026110563109636}. Best is trial 153 with value: 0.9688200950622559.
Epoch 10: reducing lr to 0.00011589414798076417
Epoch 13: reducing lr to 0.00012016660656779255
Epoch 16: reducing lr to 0.00011654486275329462
Epoch 19: reducing lr to 0.0001093882746316418
Epoch 22: reducing lr to 9.914651899779396e-05
Epoch 25: reducing lr to 8.646311486195988e-05
Epoch 28: reducing lr to 7.21350184497785e-05
Epoch 31: reducing lr to 5.706251273203122e-05
Epoch 34: reducing lr to 4.219267513712584e-05
Epoch 37: reducing lr to 2.845980428539363e-05
Epoch 40: reducing lr to 1.6726797872983983e-05
Epoch 43: reducing lr to 7.730878007494311e-06
Epoch 46: reducing lr to 2.0373045184784263e-06
Epoch 49: reducing lr to 3.817615248273912e-09
[I 2024-06-21 23:29:11,582] Trial 222 finished with value: 1.0925559997558594 and parameters: {'hidden_size': 182, 'n_layers': 4, 'rnn_dropout': 0.4462602429719284, 'bidirectional': False, 'fc_dropout': 0.5463254941038999, 'learning_rate_model': 0.0012057424285486997}. Best is trial 153 with value: 0.9688200950622559.
Epoch 12: reducing lr to 0.0009282027597215904
Epoch 18: reducing lr to 0.0008635275438935436
Epoch 23: reducing lr to 0.0007327025895094168
Epoch 26: reducing lr to 0.0006300863445259606
Epoch 29: reducing lr to 0.000517048681437605
Epoch 32: reducing lr to 0.00040069217465577185
Epoch 35: reducing lr to 0.00028832797403735116
Epoch 38: reducing lr to 0.00018701628944242855
Epoch 41: reducing lr to 0.0001031228493442277
Epoch 44: reducing lr to 4.1919109287002695e-05
Epoch 47: reducing lr to 7.250654028076106e-06
[I 2024-06-21 23:30:09,184] Trial 223 finished with value: 1.057558536529541 and parameters: {'hidden_size': 169, 'n_layers': 4, 'rnn_dropout': 0.6598868499081856, 'bidirectional': True, 'fc_dropout': 0.7758964562757713, 'learning_rate_model': 0.00928449104813407}. Best is trial 153 with value: 0.9688200950622559.
Epoch 15: reducing lr to 7.7480618577978e-06
Epoch 18: reducing lr to 7.3534646384338255e-06
Epoch 21: reducing lr to 6.745216022205072e-06
Epoch 24: reducing lr to 5.96153431963605e-06
Epoch 27: reducing lr to 5.0516619558070085e-06
Epoch 30: reducing lr to 4.07276822758504e-06
Epoch 33: reducing lr to 3.086361285680395e-06
Epoch 36: reducing lr to 2.1544210557966594e-06
Epoch 39: reducing lr to 1.3355043757625084e-06
Epoch 42: reducing lr to 6.810663556324509e-07
Epoch 45: reducing lr to 2.3222869604895865e-07
Epoch 48: reducing lr to 1.7192951479852772e-08
[I 2024-06-21 23:30:16,850] Trial 224 finished with value: 1.107986569404602 and parameters: {'hidden_size': 64, 'n_layers': 5, 'rnn_dropout': 0.7642098028305495, 'bidirectional': False, 'fc_dropout': 0.4953078651359258, 'learning_rate_model': 7.906311395751618e-05}. Best is trial 153 with value: 0.9688200950622559.
[I 2024-06-21 23:31:09,211] Trial 225 finished with value: 0.9959896802902222 and parameters: {'hidden_size': 157, 'n_layers': 4, 'rnn_dropout': 0.5329504721787962, 'bidirectional': True, 'fc_dropout': 0.5000968546443917, 'learning_rate_model': 0.0004354367145964692}. Best is trial 153 with value: 0.9688200950622559.
Epoch 6: reducing lr to 0.00418868278154667
Epoch 9: reducing lr to 0.006319416090328879
Epoch 12: reducing lr to 0.007017378844325056
Epoch 15: reducing lr to 0.006878746957191935
Epoch 18: reducing lr to 0.0065284226474699395
Epoch 21: reducing lr to 0.005988418141196038
Epoch 32: reducing lr to 0.003029304492004959
Epoch 35: reducing lr to 0.002179811042410272
Epoch 41: reducing lr to 0.0007796271814272115
Epoch 44: reducing lr to 0.0003169159621673551
Epoch 47: reducing lr to 5.481624101117965e-05
[I 2024-06-21 23:31:12,307] Trial 226 finished with value: 1.0945454835891724 and parameters: {'hidden_size': 32, 'n_layers': 3, 'rnn_dropout': 0.5377155277254789, 'bidirectional': False, 'fc_dropout': 0.7598771111040699, 'learning_rate_model': 0.07019241257270516}. Best is trial 153 with value: 0.9688200950622559.
Epoch 8: reducing lr to 0.0001953537866322838
Epoch 13: reducing lr to 0.0002387359308928624
Epoch 16: reducing lr to 0.00023154058431775677
Epoch 19: reducing lr to 0.0002173225350939426
Epoch 22: reducing lr to 0.00019697515960369368
Epoch 25: reducing lr to 0.00017177694206436028
Epoch 28: reducing lr to 0.00014331120160130544
Epoch 31: reducing lr to 0.00011336653738725556
Epoch 34: reducing lr to 8.38245155074691e-05
Epoch 37: reducing lr to 5.654131428991496e-05
Epoch 40: reducing lr to 3.323125929174634e-05
Epoch 43: reducing lr to 1.5358995401913755e-05
Epoch 46: reducing lr to 4.047528715532024e-06
Epoch 49: reducing lr to 7.584485874371703e-09
[I 2024-06-21 23:31:27,019] Trial 227 finished with value: 1.092555284500122 and parameters: {'hidden_size': 151, 'n_layers': 3, 'rnn_dropout': 0.5949993570809757, 'bidirectional': False, 'fc_dropout': 0.4847170889742864, 'learning_rate_model': 0.002395457850714959}. Best is trial 153 with value: 0.9688200950622559.
Epoch 12: reducing lr to 0.0004246646096270094
Epoch 16: reducing lr to 0.0004105820014380219
Epoch 22: reducing lr to 0.00034928846492271774
Epoch 25: reducing lr to 0.0003046054361549755
Epoch 28: reducing lr to 0.0002541282348203841
Epoch 31: reducing lr to 0.00020102851495217597
Epoch 34: reducing lr to 0.00014864278522937866
Epoch 37: reducing lr to 0.00010026253519871236
Epoch 40: reducing lr to 5.8927712351223866e-05
Epoch 43: reducing lr to 2.723551506435204e-05
Epoch 46: reducing lr to 7.177326799090965e-06
Epoch 49: reducing lr to 1.3449276719049163e-08
[I 2024-06-21 23:31:54,169] Trial 228 finished with value: 0.9945976734161377 and parameters: {'hidden_size': 178, 'n_layers': 2, 'rnn_dropout': 0.6129506921622574, 'bidirectional': True, 'fc_dropout': 0.3808712944016839, 'learning_rate_model': 0.004247773156507247}. Best is trial 153 with value: 0.9688200950622559.
[I 2024-06-21 23:32:05,520] Trial 229 finished with value: 1.1010972261428833 and parameters: {'hidden_size': 172, 'n_layers': 2, 'rnn_dropout': 0.6849273903898975, 'bidirectional': False, 'fc_dropout': 0.022169392097891996, 'learning_rate_model': 2.195637079696368e-05}. Best is trial 153 with value: 0.9688200950622559.
Epoch 9: reducing lr to 1.5879705202143495e-05
Epoch 12: reducing lr to 1.7633576543595023e-05
Epoch 34: reducing lr to 6.172174161858149e-06
Epoch 38: reducing lr to 3.552850947966728e-06
Epoch 41: reducing lr to 1.959081287207639e-06
Epoch 44: reducing lr to 7.963602935994281e-07
Epoch 47: reducing lr to 1.3774464841448463e-07
[I 2024-06-21 23:32:42,061] Trial 230 finished with value: 1.0920851230621338 and parameters: {'hidden_size': 197, 'n_layers': 5, 'rnn_dropout': 0.3341058774513466, 'bidirectional': False, 'fc_dropout': 0.029580054687486257, 'learning_rate_model': 0.00017638256496317842}. Best is trial 153 with value: 0.9688200950622559.
Epoch 14: reducing lr to 0.00020339477979618043
Epoch 17: reducing lr to 0.00019515355963193798
Epoch 20: reducing lr to 0.0001811046227831572
Epoch 23: reducing lr to 0.00016213071510318508
Epoch 26: reducing lr to 0.00013942403244834295
Epoch 29: reducing lr to 0.0001144113227725401
Epoch 32: reducing lr to 8.86642271275277e-05
Epoch 35: reducing lr to 6.380053965174025e-05
Epoch 38: reducing lr to 4.1382527068106504e-05
Epoch 41: reducing lr to 2.28187828827685e-05
Epoch 44: reducing lr to 9.275762447817767e-06
Epoch 47: reducing lr to 1.6044077629435213e-06
[I 2024-06-21 23:32:51,855] Trial 231 finished with value: 1.0926802158355713 and parameters: {'hidden_size': 75, 'n_layers': 5, 'rnn_dropout': 0.5206650053405577, 'bidirectional': False, 'fc_dropout': 0.5283661820888798, 'learning_rate_model': 0.00205445046128604}. Best is trial 153 with value: 0.9688200950622559.
Epoch 18: reducing lr to 0.0004974885924452333
Epoch 23: reducing lr to 0.0004221187644953159
Epoch 26: reducing lr to 0.00036300031293017574
Epoch 29: reducing lr to 0.0002978779571920278
Epoch 32: reducing lr to 0.0002308435757295245
Epoch 35: reducing lr to 0.00016610920981127497
Epoch 38: reducing lr to 0.00010774233115893976
Epoch 41: reducing lr to 5.941031242371842e-05
Epoch 44: reducing lr to 2.415010247585076e-05
Epoch 47: reducing lr to 4.177188894833369e-06
[I 2024-06-21 23:33:29,718] Trial 232 finished with value: 1.0275318622589111 and parameters: {'hidden_size': 89, 'n_layers': 7, 'rnn_dropout': 0.12326333746588594, 'bidirectional': True, 'fc_dropout': 0.43879127173288324, 'learning_rate_model': 0.0053489068365791615}. Best is trial 153 with value: 0.9688200950622559.
Epoch 9: reducing lr to 0.0036087404049765506
Epoch 12: reducing lr to 0.004007316215702068
Epoch 15: reducing lr to 0.003928149646296854
Epoch 18: reducing lr to 0.0037280948511593678
Epoch 21: reducing lr to 0.0034197220437978846
Epoch 24: reducing lr to 0.003022407327000982
Epoch 27: reducing lr to 0.0025611158621486104
Epoch 30: reducing lr to 0.0020648316141844035
Epoch 33: reducing lr to 0.0015647382810306597
Epoch 36: reducing lr to 0.0010922587433636617
Epoch 39: reducing lr to 0.0006770804283137797
Epoch 42: reducing lr to 0.0003452902949257944
Epoch 45: reducing lr to 0.00011773642066713955
Epoch 48: reducing lr to 8.71656518931993e-06
[I 2024-06-21 23:33:36,599] Trial 233 finished with value: 1.1084567308425903 and parameters: {'hidden_size': 59, 'n_layers': 2, 'rnn_dropout': 0.4067856107436928, 'bidirectional': True, 'fc_dropout': 0.09517866973841188, 'learning_rate_model': 0.040083797577684495}. Best is trial 153 with value: 0.9688200950622559.
Epoch 4: reducing lr to 0.00023921237259807217
Epoch 7: reducing lr to 0.0004745605336833244
Epoch 10: reducing lr to 0.0006404960129506494
Epoch 13: reducing lr to 0.0006641080135405552
Epoch 16: reducing lr to 0.000644092227467391
Epoch 19: reducing lr to 0.00060454091070022
Epoch 22: reducing lr to 0.0005479392292228845
Epoch 25: reducing lr to 0.0004778436297367755
Epoch 28: reducing lr to 0.00039865853898743176
Epoch 31: reducing lr to 0.0003153594252220385
Epoch 34: reducing lr to 0.000233180369085905
Epoch 37: reducing lr to 0.0001572848283692109
Epoch 40: reducing lr to 9.24416593394848e-05
Epoch 43: reducing lr to 4.2725164528840694e-05
Epoch 46: reducing lr to 1.1259286547137503e-05
Epoch 49: reducing lr to 2.1098281389499152e-08
[I 2024-06-21 23:33:55,330] Trial 234 finished with value: 1.1073919534683228 and parameters: {'hidden_size': 104, 'n_layers': 7, 'rnn_dropout': 0.4427469649986126, 'bidirectional': False, 'fc_dropout': 0.6833903783331062, 'learning_rate_model': 0.006663608401168412}. Best is trial 153 with value: 0.9688200950622559.
Epoch 32: reducing lr to 2.1995718699195997e-05
Epoch 38: reducing lr to 1.0266129350484487e-05
Epoch 41: reducing lr to 5.660857209362343e-06
Epoch 44: reducing lr to 2.3011203969477945e-06
Epoch 47: reducing lr to 3.9801961823627804e-07
[I 2024-06-21 23:34:43,190] Trial 235 finished with value: 0.9760733246803284 and parameters: {'hidden_size': 181, 'n_layers': 3, 'rnn_dropout': 0.42240111731010094, 'bidirectional': True, 'fc_dropout': 0.18517034842739824, 'learning_rate_model': 0.000509665689217419}. Best is trial 153 with value: 0.9688200950622559.
Epoch 13: reducing lr to 0.00031642498408107
Epoch 29: reducing lr to 0.000176813266033468
Epoch 32: reducing lr to 0.00013702325258417545
Epoch 35: reducing lr to 9.859847362266036e-05
Epoch 38: reducing lr to 6.395328355898057e-05
Epoch 41: reducing lr to 3.526454751713835e-05
Epoch 44: reducing lr to 1.4334926068548977e-05
Epoch 47: reducing lr to 2.479479912835883e-06
[I 2024-06-21 23:34:53,118] Trial 236 finished with value: 1.0944006443023682 and parameters: {'hidden_size': 61, 'n_layers': 6, 'rnn_dropout': 0.7893419559744661, 'bidirectional': False, 'fc_dropout': 0.26409244175925944, 'learning_rate_model': 0.0031749837967185394}. Best is trial 153 with value: 0.9688200950622559.
Epoch 16: reducing lr to 0.00027506713090608826
Epoch 22: reducing lr to 0.00023400386662927536
Epoch 25: reducing lr to 0.00020406871973951968
Epoch 28: reducing lr to 0.0001702517991276917
Epoch 33: reducing lr to 0.00011108948503937355
Epoch 36: reducing lr to 7.754553128852923e-05
Epoch 39: reducing lr to 4.80697104579513e-05
Epoch 42: reducing lr to 2.4514081055864626e-05
Epoch 45: reducing lr to 8.358764210508437e-06
Epoch 48: reducing lr to 6.188375078009303e-07
[I 2024-06-21 23:35:02,061] Trial 237 finished with value: 1.0937907695770264 and parameters: {'hidden_size': 63, 'n_layers': 5, 'rnn_dropout': 0.29691774757018363, 'bidirectional': False, 'fc_dropout': 0.753999099380966, 'learning_rate_model': 0.00284577202801892}. Best is trial 153 with value: 0.9688200950622559.
Epoch 34: reducing lr to 3.1942075727915504e-06
Epoch 37: reducing lr to 2.154556971633685e-06
Epoch 40: reducing lr to 1.2663066340495283e-06
Epoch 43: reducing lr to 5.85268153669104e-07
Epoch 46: reducing lr to 1.54234674617258e-07
Epoch 49: reducing lr to 2.8901356684393404e-10
[I 2024-06-21 23:35:25,407] Trial 238 finished with value: 1.0778582096099854 and parameters: {'hidden_size': 55, 'n_layers': 7, 'rnn_dropout': 0.6003628373786594, 'bidirectional': True, 'fc_dropout': 0.6641252209298395, 'learning_rate_model': 9.128104780247618e-05}. Best is trial 153 with value: 0.9688200950622559.
Epoch 3: reducing lr to 5.628193226430451e-05
Epoch 16: reducing lr to 0.00021623135423391184
Epoch 19: reducing lr to 0.00020295338809554108
Epoch 27: reducing lr to 0.00014293561104270074
Epoch 30: reducing lr to 0.00011523803855797926
Epoch 33: reducing lr to 8.732788142329062e-05
Epoch 36: reducing lr to 6.0958847355090216e-05
Epoch 39: reducing lr to 3.7787788587156075e-05
Epoch 42: reducing lr to 1.9270615602266307e-05
Epoch 45: reducing lr to 6.570857444895047e-06
Epoch 48: reducing lr to 4.864706005466585e-07
[I 2024-06-21 23:35:45,209] Trial 239 finished with value: 1.0929067134857178 and parameters: {'hidden_size': 132, 'n_layers': 5, 'rnn_dropout': 0.5939067437656814, 'bidirectional': False, 'fc_dropout': 0.722348721697368, 'learning_rate_model': 0.0022370725918161565}. Best is trial 153 with value: 0.9688200950622559.
[I 2024-06-21 23:35:47,600] Trial 240 finished with value: 1.099199652671814 and parameters: {'hidden_size': 32, 'n_layers': 1, 'rnn_dropout': 0.08421002133022953, 'bidirectional': True, 'fc_dropout': 0.6226407120541021, 'learning_rate_model': 1.4376264309585954e-05}. Best is trial 153 with value: 0.9688200950622559.
Epoch 4: reducing lr to 0.0022354514644863177
Epoch 7: reducing lr to 0.004434791681081907
Epoch 10: reducing lr to 0.005985466949712933
Epoch 13: reducing lr to 0.006206122264172125
Epoch 16: reducing lr to 0.006019073752407729
Epoch 19: reducing lr to 0.005649464739172903
Epoch 22: reducing lr to 0.005120519223618423
Epoch 25: reducing lr to 0.004465472376235865
Epoch 28: reducing lr to 0.0037254837830098613
Epoch 31: reducing lr to 0.0029470494410281634
Epoch 34: reducing lr to 0.002179082093041986
Epoch 37: reducing lr to 0.0014698345077250625
Epoch 40: reducing lr to 0.0008638718829866332
Epoch 43: reducing lr to 0.00039926877769358925
Epoch 46: reducing lr to 0.00010521859019039861
Epoch 49: reducing lr to 1.9716448408646503e-07
[I 2024-06-21 23:35:58,342] Trial 241 finished with value: 1.1072300672531128 and parameters: {'hidden_size': 60, 'n_layers': 7, 'rnn_dropout': 0.7788150886690349, 'bidirectional': False, 'fc_dropout': 0.03476123337198143, 'learning_rate_model': 0.06227175040056983}. Best is trial 153 with value: 0.9688200950622559.
Epoch 24: reducing lr to 8.108790327600094e-06
Epoch 28: reducing lr to 6.43374052191204e-06
Epoch 34: reducing lr to 3.76317535631587e-06
Epoch 37: reducing lr to 2.5383371351613628e-06
Epoch 42: reducing lr to 9.263763287943995e-07
Epoch 45: reducing lr to 3.158740188931671e-07
Epoch 48: reducing lr to 2.3385596926536636e-08
[I 2024-06-21 23:36:23,309] Trial 242 finished with value: 1.0752534866333008 and parameters: {'hidden_size': 73, 'n_layers': 6, 'rnn_dropout': 0.6485032827575212, 'bidirectional': True, 'fc_dropout': 0.7445155137323587, 'learning_rate_model': 0.00010754047185755203}. Best is trial 153 with value: 0.9688200950622559.
Epoch 7: reducing lr to 6.641686011352699e-05
Epoch 16: reducing lr to 9.014357565700565e-05
Epoch 19: reducing lr to 8.460819273621704e-05
Epoch 22: reducing lr to 7.668653534154799e-05
Epoch 25: reducing lr to 6.687634402726273e-05
Epoch 28: reducing lr to 5.5794037931228215e-05
Epoch 31: reducing lr to 4.413595599256298e-05
Epoch 34: reducing lr to 3.2634631107216643e-05
Epoch 37: reducing lr to 2.201271218804906e-05
Epoch 40: reducing lr to 1.2937621907492862e-05
Epoch 43: reducing lr to 5.97957704955934e-06
Epoch 46: reducing lr to 1.5757872947739843e-06
Epoch 49: reducing lr to 2.952798440296594e-09
[I 2024-06-21 23:36:56,767] Trial 243 finished with value: 1.0926655530929565 and parameters: {'hidden_size': 188, 'n_layers': 5, 'rnn_dropout': 0.7883559319558645, 'bidirectional': False, 'fc_dropout': 0.45244338830430486, 'learning_rate_model': 0.0009326016716911777}. Best is trial 153 with value: 0.9688200950622559.
[I 2024-06-21 23:37:02,483] Trial 244 finished with value: 1.106616735458374 and parameters: {'hidden_size': 63, 'n_layers': 3, 'rnn_dropout': 0.1995697653611102, 'bidirectional': False, 'fc_dropout': 0.4019160047186067, 'learning_rate_model': 2.15159018655157e-05}. Best is trial 153 with value: 0.9688200950622559.
[I 2024-06-21 23:37:56,416] Trial 245 finished with value: 1.096444845199585 and parameters: {'hidden_size': 159, 'n_layers': 4, 'rnn_dropout': 0.5915102298771057, 'bidirectional': True, 'fc_dropout': 0.7889974259490361, 'learning_rate_model': 1.2970911036527296e-05}. Best is trial 153 with value: 0.9688200950622559.
Epoch 9: reducing lr to 0.0014696690865700838
Epoch 12: reducing lr to 0.0016319901409939772
Epoch 17: reducing lr to 0.0015506492769073689
Epoch 20: reducing lr to 0.0014390193696334976
Epoch 23: reducing lr to 0.001288256676503298
Epoch 26: reducing lr to 0.001107834135883989
Epoch 29: reducing lr to 0.000909088387943606
Epoch 32: reducing lr to 0.0007045073630332644
Epoch 35: reducing lr to 0.0005069457142562935
Epoch 38: reducing lr to 0.0003288168855120245
Epoch 41: reducing lr to 0.00018131326553205482
Epoch 44: reducing lr to 7.370326403269585e-05
Epoch 47: reducing lr to 1.274828776971909e-05
[I 2024-06-21 23:38:43,455] Trial 246 finished with value: 1.107457160949707 and parameters: {'hidden_size': 188, 'n_layers': 7, 'rnn_dropout': 0.3127349692011665, 'bidirectional': False, 'fc_dropout': 0.14237786837613556, 'learning_rate_model': 0.016324232713169764}. Best is trial 153 with value: 0.9688200950622559.
[I 2024-06-21 23:38:54,732] Trial 247 finished with value: 1.0541256666183472 and parameters: {'hidden_size': 62, 'n_layers': 3, 'rnn_dropout': 0.7327326320079657, 'bidirectional': True, 'fc_dropout': 0.6902711844628926, 'learning_rate_model': 0.00025711669394827373}. Best is trial 153 with value: 0.9688200950622559.
Epoch 6: reducing lr to 0.0005177586437311348
Epoch 9: reducing lr to 0.0007811363320507244
Epoch 12: reducing lr to 0.0008674107690828048
Epoch 15: reducing lr to 0.000850274628295025
Epoch 18: reducing lr to 0.0008069714112868538
Epoch 21: reducing lr to 0.0007402220260126035
Epoch 28: reducing lr to 0.0005190768493866626
Epoch 31: reducing lr to 0.0004106165072606291
Epoch 34: reducing lr to 0.0003036145460005978
Epoch 37: reducing lr to 0.00020479409113769372
Epoch 40: reducing lr to 0.00012036447382738164
Epoch 43: reducing lr to 5.563067543840217e-05
Epoch 46: reducing lr to 1.4660252862197e-05
Epoch 49: reducing lr to 2.7471202445651655e-08
[I 2024-06-21 23:39:23,320] Trial 248 finished with value: 1.0936086177825928 and parameters: {'hidden_size': 200, 'n_layers': 4, 'rnn_dropout': 0.2358496094387963, 'bidirectional': False, 'fc_dropout': 0.37191010472945796, 'learning_rate_model': 0.008676409799751065}. Best is trial 153 with value: 0.9688200950622559.
Epoch 6: reducing lr to 0.004280069848206587
Epoch 9: reducing lr to 0.006457290675160865
Epoch 12: reducing lr to 0.007170481311537295
Epoch 15: reducing lr to 0.007028824807317762
Epoch 18: reducing lr to 0.0066708572568170196
Epoch 21: reducing lr to 0.006119071140336463
Epoch 24: reducing lr to 0.005408137039247113
Epoch 27: reducing lr to 0.004582726303020475
Epoch 30: reducing lr to 0.003694701317297147
Epoch 33: reducing lr to 0.002799860554456306
Epoch 36: reducing lr to 0.001954430467943544
Epoch 39: reducing lr to 0.0012115321817150499
Epoch 42: reducing lr to 0.0006178443311059837
Epoch 45: reducing lr to 0.00021067137172081364
Epoch 48: reducing lr to 1.559696425900009e-05
[I 2024-06-21 23:39:47,991] Trial 249 finished with value: 1.1089105606079102 and parameters: {'hidden_size': 134, 'n_layers': 6, 'rnn_dropout': 0.04088872306089302, 'bidirectional': False, 'fc_dropout': 0.4415960217233577, 'learning_rate_model': 0.07172384357890647}. Best is trial 153 with value: 0.9688200950622559.
[I 2024-06-21 23:40:07,271] Trial 250 finished with value: 1.102278232574463 and parameters: {'hidden_size': 67, 'n_layers': 5, 'rnn_dropout': 0.31717015204209914, 'bidirectional': True, 'fc_dropout': 0.6554867077248162, 'learning_rate_model': 1.901708352739404e-05}. Best is trial 153 with value: 0.9688200950622559.
Epoch 10: reducing lr to 0.00037412687538332303
Epoch 15: reducing lr to 0.0003814442804209297
Epoch 23: reducing lr to 0.00030717195928767075
Epoch 29: reducing lr to 0.0002167630615726855
Epoch 32: reducing lr to 0.00016798275606294842
Epoch 35: reducing lr to 0.00012087615080192036
Epoch 38: reducing lr to 7.840310771278173e-05
Epoch 41: reducing lr to 4.323234028912435e-05
Epoch 44: reducing lr to 1.75738084123655e-05
Epoch 47: reducing lr to 3.039702105341784e-06
