[I 2024-06-22 12:26:19,252] Trial 225 finished with value: 1.8867475986480713 and parameters: {'hidden_size': 157, 'n_layers': 4, 'rnn_dropout': 0.5329504721787962, 'bidirectional': True, 'fc_dropout': 0.5000968546443917, 'learning_rate_model': 0.0004354367145964692}. Best is trial 120 with value: 1.8680797815322876.
Epoch 14: reducing lr to 0.004646315485510583
Epoch 17: reducing lr to 0.00576118139281604
Epoch 22: reducing lr to 0.006901373525717264
Epoch 25: reducing lr to 0.007016808779247462
Epoch 34: reducing lr to 0.006722430742351839
Epoch 38: reducing lr to 0.0064418716067967535
Epoch 45: reducing lr to 0.00575931121931908
Epoch 50: reducing lr to 0.0051500906346863325
Epoch 53: reducing lr to 0.004748296068042735
Epoch 62: reducing lr to 0.0034524879999926657
Epoch 70: reducing lr to 0.002301635201401412
Epoch 77: reducing lr to 0.0014007972442219047
Epoch 83: reducing lr to 0.000769392490540518
Epoch 86: reducing lr to 0.0005161755001024087
Epoch 89: reducing lr to 0.0003101682123011512
Epoch 92: reducing lr to 0.00015461846486731075
Epoch 95: reducing lr to 5.197982852997995e-05
Epoch 98: reducing lr to 3.870702722910679e-06
[I 2024-06-22 12:26:25,164] Trial 226 finished with value: 2.5266590118408203 and parameters: {'hidden_size': 32, 'n_layers': 3, 'rnn_dropout': 0.5377155277254789, 'bidirectional': False, 'fc_dropout': 0.7598771111040699, 'learning_rate_model': 0.07019241257270516}. Best is trial 120 with value: 1.8680797815322876.
Epoch 47: reducing lr to 0.00018858641902838114
Epoch 71: reducing lr to 7.387507626891406e-05
Epoch 78: reducing lr to 4.385908776015348e-05
Epoch 84: reducing lr to 2.3205467485818908e-05
[I 2024-06-22 12:26:54,327] Trial 227 finished with value: 2.467315196990967 and parameters: {'hidden_size': 151, 'n_layers': 3, 'rnn_dropout': 0.5949993570809757, 'bidirectional': False, 'fc_dropout': 0.4847170889742864, 'learning_rate_model': 0.002395457850714959}. Best is trial 120 with value: 1.8680797815322876.
Epoch 19: reducing lr to 0.0003841478058000917
Epoch 23: reducing lr to 0.0004227930421415786
Epoch 27: reducing lr to 0.0004232241935650203
Epoch 30: reducing lr to 0.00041834840252376196
Epoch 36: reducing lr to 0.0003989807155395847
Epoch 39: reducing lr to 0.0003847942563731273
Epoch 42: reducing lr to 0.0003678888905322657
Epoch 45: reducing lr to 0.0003485312258223721
Epoch 48: reducing lr to 0.0003270265526494483
Epoch 52: reducing lr to 0.0002956042458316643
Epoch 55: reducing lr to 0.0002704571666447712
Epoch 58: reducing lr to 0.0002443944025103815
Epoch 61: reducing lr to 0.0002178268634837229
Epoch 64: reducing lr to 0.00019117367312308613
Epoch 71: reducing lr to 0.00013099982778505548
Epoch 74: reducing lr to 0.00010705470466796743
Epoch 77: reducing lr to 8.477082798018739e-05
Epoch 80: reducing lr to 6.449956182159755e-05
Epoch 83: reducing lr to 4.65606558935564e-05
Epoch 86: reducing lr to 3.123694360997534e-05
Epoch 89: reducing lr to 1.8770179823210648e-05
Epoch 92: reducing lr to 9.356911103225364e-06
Epoch 95: reducing lr to 3.1456180549542348e-06
Epoch 98: reducing lr to 2.3423994874333804e-07
[I 2024-06-22 12:27:47,941] Trial 228 finished with value: 1.869337797164917 and parameters: {'hidden_size': 178, 'n_layers': 2, 'rnn_dropout': 0.6129506921622574, 'bidirectional': True, 'fc_dropout': 0.3808712944016839, 'learning_rate_model': 0.004247773156507247}. Best is trial 120 with value: 1.8680797815322876.
[I 2024-06-22 12:28:10,274] Trial 229 finished with value: 6.684633731842041 and parameters: {'hidden_size': 172, 'n_layers': 2, 'rnn_dropout': 0.6849273903898975, 'bidirectional': False, 'fc_dropout': 0.022169392097891996, 'learning_rate_model': 2.195637079696368e-05}. Best is trial 120 with value: 1.8680797815322876.
[I 2024-06-22 12:29:22,525] Trial 230 finished with value: 2.530667543411255 and parameters: {'hidden_size': 197, 'n_layers': 5, 'rnn_dropout': 0.3341058774513466, 'bidirectional': False, 'fc_dropout': 0.029580054687486257, 'learning_rate_model': 0.00017638256496317842}. Best is trial 120 with value: 1.8680797815322876.
Epoch 32: reducing lr to 0.00019988747915198062
Epoch 37: reducing lr to 0.00019083456014939456
Epoch 40: reducing lr to 0.0001835218078575666
Epoch 45: reducing lr to 0.0001685683560023551
Epoch 49: reducing lr to 0.0001544977796972584
Epoch 56: reducing lr to 0.0001266452876981797
Epoch 59: reducing lr to 0.00011393622726561675
Epoch 62: reducing lr to 0.00010105031732343679
[I 2024-06-22 12:29:41,794] Trial 231 finished with value: 2.2780673503875732 and parameters: {'hidden_size': 75, 'n_layers': 5, 'rnn_dropout': 0.5206650053405577, 'bidirectional': False, 'fc_dropout': 0.5283661820888798, 'learning_rate_model': 0.00205445046128604}. Best is trial 120 with value: 1.8680797815322876.
Epoch 13: reducing lr to 0.00032272691692974027
Epoch 16: reducing lr to 0.0004126752221751856
Epoch 19: reducing lr to 0.0004837289443183308
Epoch 22: reducing lr to 0.0005259087511098044
Epoch 30: reducing lr to 0.0005267952284371246
Epoch 34: reducing lr to 0.0005122726864381646
Epoch 39: reducing lr to 0.00048454297175393516
Epoch 42: reducing lr to 0.00046325529381319294
Epoch 45: reducing lr to 0.0004388796171251997
Epoch 48: reducing lr to 0.0004118003713380651
Epoch 51: reducing lr to 0.000382444603628374
Epoch 54: reducing lr to 0.0003512752955742709
Epoch 58: reducing lr to 0.0003077478109693471
Epoch 61: reducing lr to 0.0002742932723452492
Epoch 64: reducing lr to 0.00024073087932568386
Epoch 70: reducing lr to 0.0001753926359396084
Epoch 73: reducing lr to 0.00014464732938950544
Epoch 77: reducing lr to 0.00010674563933129999
Epoch 80: reducing lr to 8.12195318517393e-05
Epoch 83: reducing lr to 5.8630393255141524e-05
Epoch 86: reducing lr to 3.933437475899023e-05
Epoch 89: reducing lr to 2.3635900383801608e-05
Epoch 92: reducing lr to 1.1782466700848652e-05
Epoch 95: reducing lr to 3.961044363594551e-06
Epoch 98: reducing lr to 2.9496105772826645e-07
[I 2024-06-22 12:30:56,584] Trial 232 finished with value: 2.499506950378418 and parameters: {'hidden_size': 89, 'n_layers': 7, 'rnn_dropout': 0.12326333746588594, 'bidirectional': True, 'fc_dropout': 0.43879127173288324, 'learning_rate_model': 0.0053489068365791615}. Best is trial 120 with value: 1.8680797815322876.
Epoch 5: reducing lr to 0.0006635529587927906
Epoch 9: reducing lr to 0.0014643110966505353
Epoch 24: reducing lr to 0.004008192213824691
Epoch 29: reducing lr to 0.00396650195853259
Epoch 32: reducing lr to 0.003899947651999422
Epoch 37: reducing lr to 0.003723318728778911
Epoch 41: reducing lr to 0.003527435057455381
Epoch 45: reducing lr to 0.003288889163952786
Epoch 48: reducing lr to 0.003085961904262084
Epoch 51: reducing lr to 0.0028659747766931684
Epoch 54: reducing lr to 0.0026323972864042947
Epoch 57: reducing lr to 0.0023889123725058833
Epoch 60: reducing lr to 0.0021393610172548245
Epoch 63: reducing lr to 0.001887677877884129
Epoch 66: reducing lr to 0.0016378328893757149
Epoch 69: reducing lr to 0.001393765159597818
Epoch 72: reducing lr to 0.0011593252279553448
Epoch 75: reducing lr to 0.0009382092894492315
Epoch 78: reducing lr to 0.0007339051259846546
Epoch 81: reducing lr to 0.0005496341316441466
Epoch 84: reducing lr to 0.00038830291299823266
Epoch 87: reducing lr to 0.0002524550999686771
Epoch 90: reducing lr to 0.00014423389828618557
Epoch 93: reducing lr to 6.534547867875426e-05
Epoch 96: reducing lr to 1.7034191075627342e-05
Epoch 99: reducing lr to 6.179036894718437e-08
[I 2024-06-22 12:31:10,009] Trial 233 finished with value: 1.9102389812469482 and parameters: {'hidden_size': 59, 'n_layers': 2, 'rnn_dropout': 0.4067856107436928, 'bidirectional': True, 'fc_dropout': 0.09517866973841188, 'learning_rate_model': 0.040083797577684495}. Best is trial 120 with value: 1.8680797815322876.
Epoch 16: reducing lr to 0.000514106183086801
Epoch 19: reducing lr to 0.0006026241166147205
Epoch 23: reducing lr to 0.0006632480511004348
Epoch 27: reducing lr to 0.0006639244111934921
Epoch 30: reducing lr to 0.0006562756124116885
Epoch 39: reducing lr to 0.0006036382229030522
Epoch 42: reducing lr to 0.0005771182714622792
Epoch 47: reducing lr to 0.0005246036977059383
Epoch 52: reducing lr to 0.0004637231940993294
Epoch 56: reducing lr to 0.00041077388770216895
Epoch 61: reducing lr to 0.00034171149541888785
Epoch 93: reducing lr to 1.0863159356550976e-05
Epoch 96: reducing lr to 2.8317970256853084e-06
Epoch 99: reducing lr to 1.0272151006445601e-08
[I 2024-06-22 12:31:46,803] Trial 234 finished with value: 2.370241165161133 and parameters: {'hidden_size': 104, 'n_layers': 7, 'rnn_dropout': 0.4427469649986126, 'bidirectional': False, 'fc_dropout': 0.6833903783331062, 'learning_rate_model': 0.006663608401168412}. Best is trial 120 with value: 1.8680797815322876.
Epoch 31: reducing lr to 4.991295586033983e-05
Epoch 41: reducing lr to 4.485135462136361e-05
Epoch 44: reducing lr to 4.262296756789708e-05
Epoch 47: reducing lr to 4.0124282379862214e-05
Epoch 57: reducing lr to 3.0375032915819958e-05
Epoch 60: reducing lr to 2.720198616987041e-05
Epoch 65: reducing lr to 2.1878275002196053e-05
Epoch 68: reducing lr to 1.8744952264934558e-05
Epoch 71: reducing lr to 1.571791031570346e-05
Epoch 74: reducing lr to 1.2844873732247714e-05
Epoch 77: reducing lr to 1.0171160482491214e-05
Epoch 80: reducing lr to 7.73892870895588e-06
Epoch 83: reducing lr to 5.586543325660295e-06
Epoch 86: reducing lr to 3.7479398751873087e-06
Epoch 89: reducing lr to 2.2521251215301935e-06
Epoch 92: reducing lr to 1.1226815488171488e-06
Epoch 95: reducing lr to 3.7742448452950884e-07
Epoch 98: reducing lr to 2.8105094250540156e-08
[I 2024-06-22 12:33:18,894] Trial 235 finished with value: 1.8686821460723877 and parameters: {'hidden_size': 181, 'n_layers': 3, 'rnn_dropout': 0.42240111731010094, 'bidirectional': True, 'fc_dropout': 0.18517034842739824, 'learning_rate_model': 0.000509665689217419}. Best is trial 120 with value: 1.8680797815322876.
Epoch 31: reducing lr to 0.0003109348528959019
Epoch 37: reducing lr to 0.0002949190782380605
Epoch 40: reducing lr to 0.00028361782251372624
Epoch 43: reducing lr to 0.000270347343535494
Epoch 49: reducing lr to 0.00023876358004793486
Epoch 56: reducing lr to 0.0001957198501251643
Epoch 59: reducing lr to 0.00017607904509954917
Epoch 62: reducing lr to 0.00015616493373821444
Epoch 65: reducing lr to 0.00013629163214573845
Epoch 68: reducing lr to 0.00011677246667872346
Epoch 71: reducing lr to 9.791538184032042e-05
Epoch 74: reducing lr to 8.001767989013028e-05
Epoch 79: reducing lr to 5.307812844659509e-05
Epoch 82: reducing lr to 3.906370819884018e-05
Epoch 85: reducing lr to 2.6936843116482592e-05
[I 2024-06-22 12:33:38,226] Trial 236 finished with value: 2.5608925819396973 and parameters: {'hidden_size': 61, 'n_layers': 6, 'rnn_dropout': 0.7893419559744661, 'bidirectional': False, 'fc_dropout': 0.26409244175925944, 'learning_rate_model': 0.0031749837967185394}. Best is trial 120 with value: 1.8680797815322876.
Epoch 32: reducing lr to 0.00027687900372435557
Epoch 37: reducing lr to 0.000264339132768619
Epoch 40: reducing lr to 0.000254209696059355
Epoch 43: reducing lr to 0.00024231522342812534
Epoch 49: reducing lr to 0.00021400635748513824
Epoch 53: reducing lr to 0.00019250753230902194
Epoch 56: reducing lr to 0.0001754258007205897
Epoch 63: reducing lr to 0.0001340167655617396
Epoch 92: reducing lr to 6.2686106119925075e-06
Epoch 95: reducing lr to 2.1073893406729162e-06
Epoch 98: reducing lr to 1.5692775235825498e-07
[I 2024-06-22 12:33:55,692] Trial 237 finished with value: 2.0767741203308105 and parameters: {'hidden_size': 63, 'n_layers': 5, 'rnn_dropout': 0.29691774757018363, 'bidirectional': False, 'fc_dropout': 0.753999099380966, 'learning_rate_model': 0.00284577202801892}. Best is trial 120 with value: 1.8680797815322876.
Epoch 86: reducing lr to 6.712554644066595e-07
Epoch 89: reducing lr to 4.033552684137192e-07
Epoch 92: reducing lr to 2.0107209547868806e-07
Epoch 95: reducing lr to 6.759666805717746e-08
Epoch 98: reducing lr to 5.033618126650116e-09
[I 2024-06-22 12:34:41,695] Trial 238 finished with value: 2.4800875186920166 and parameters: {'hidden_size': 55, 'n_layers': 7, 'rnn_dropout': 0.6003628373786594, 'bidirectional': True, 'fc_dropout': 0.6641252209298395, 'learning_rate_model': 9.128104780247618e-05}. Best is trial 120 with value: 1.8680797815322876.
Epoch 31: reducing lr to 0.0002190826416099262
Epoch 36: reducing lr to 0.00021012158383022181
Epoch 39: reducing lr to 0.00020265034235689036
Epoch 42: reducing lr to 0.00019374719965510045
Epoch 47: reducing lr to 0.00017611727506340036
Epoch 50: reducing lr to 0.00016413635294687027
Epoch 53: reducing lr to 0.00015133092883286048
Epoch 56: reducing lr to 0.0001379029123997086
Epoch 62: reducing lr to 0.0001100327798301251
Epoch 68: reducing lr to 8.227710798263813e-05
Epoch 71: reducing lr to 6.899053067879713e-05
Epoch 74: reducing lr to 5.637992821504721e-05
Epoch 77: reducing lr to 4.464421447965704e-05
Epoch 80: reducing lr to 3.3968433957968475e-05
Epoch 83: reducing lr to 2.452098153991446e-05
Epoch 86: reducing lr to 1.645081030161254e-05
Epoch 89: reducing lr to 9.88523946050166e-06
Epoch 92: reducing lr to 4.927779474527558e-06
Epoch 95: reducing lr to 1.6566270551147435e-06
Epoch 98: reducing lr to 1.233615237761134e-07
[I 2024-06-22 12:35:20,606] Trial 239 finished with value: 2.56477689743042 and parameters: {'hidden_size': 132, 'n_layers': 5, 'rnn_dropout': 0.5939067437656814, 'bidirectional': False, 'fc_dropout': 0.722348721697368, 'learning_rate_model': 0.0022370725918161565}. Best is trial 120 with value: 1.8680797815322876.
[I 2024-06-22 12:35:25,145] Trial 240 finished with value: 9.192412376403809 and parameters: {'hidden_size': 32, 'n_layers': 1, 'rnn_dropout': 0.08421002133022953, 'bidirectional': True, 'fc_dropout': 0.6226407120541021, 'learning_rate_model': 1.4376264309585954e-05}. Best is trial 120 with value: 1.8680797815322876.
Epoch 10: reducing lr to 0.0026371001889076125
Epoch 14: reducing lr to 0.004122015294691939
Epoch 17: reducing lr to 0.005111077345208016
Epoch 23: reducing lr to 0.006198085872595505
Epoch 26: reducing lr to 0.006217434336839252
Epoch 31: reducing lr to 0.006098442949656405
Epoch 34: reducing lr to 0.005963857259347623
Epoch 38: reducing lr to 0.0057149570175474215
Epoch 42: reducing lr to 0.005393198817896602
Epoch 45: reducing lr to 0.005109418206093973
Epoch 53: reducing lr to 0.0042124881698701365
Epoch 56: reducing lr to 0.003838702316537085
Epoch 61: reducing lr to 0.0031933108416153837
Epoch 70: reducing lr to 0.002041913755655233
Epoch 77: reducing lr to 0.0012427282829698973
Epoch 85: reducing lr to 0.0005283190335845401
Epoch 88: reducing lr to 0.0003312429175521221
Epoch 91: reducing lr to 0.0001780470952352675
Epoch 94: reducing lr to 7.114677799928831e-05
Epoch 97: reducing lr to 1.2228162663067976e-05
[I 2024-06-22 12:35:46,309] Trial 241 finished with value: 2.533797025680542 and parameters: {'hidden_size': 60, 'n_layers': 7, 'rnn_dropout': 0.7788150886690349, 'bidirectional': False, 'fc_dropout': 0.03476123337198143, 'learning_rate_model': 0.06227175040056983}. Best is trial 120 with value: 1.8680797815322876.
Epoch 69: reducing lr to 3.7393204232028775e-06
Epoch 94: reducing lr to 1.2286723960658102e-07
Epoch 97: reducing lr to 2.1117479021839306e-08
[I 2024-06-22 12:36:35,390] Trial 242 finished with value: 2.0959103107452393 and parameters: {'hidden_size': 73, 'n_layers': 6, 'rnn_dropout': 0.6485032827575212, 'bidirectional': True, 'fc_dropout': 0.7445155137323587, 'learning_rate_model': 0.00010754047185755203}. Best is trial 120 with value: 1.8680797815322876.
Epoch 37: reducing lr to 8.662785166422026e-05
Epoch 49: reducing lr to 7.013305520545119e-05
Epoch 56: reducing lr to 5.7489634938775105e-05
Epoch 62: reducing lr to 4.5870998905356515e-05
Epoch 71: reducing lr to 2.8761107027677192e-05
Epoch 79: reducing lr to 1.5590867383542068e-05
Epoch 82: reducing lr to 1.147435133569732e-05
Epoch 85: reducing lr to 7.912275000105036e-06
Epoch 88: reducing lr to 4.960799988081672e-06
Epoch 93: reducing lr to 1.5203475303246723e-06
Epoch 96: reducing lr to 3.9632260496897654e-07
Epoch 99: reducing lr to 1.437633279706852e-09
[I 2024-06-22 12:37:41,498] Trial 243 finished with value: 2.497623920440674 and parameters: {'hidden_size': 188, 'n_layers': 5, 'rnn_dropout': 0.7883559319558645, 'bidirectional': False, 'fc_dropout': 0.45244338830430486, 'learning_rate_model': 0.0009326016716911777}. Best is trial 120 with value: 1.8680797815322876.
[I 2024-06-22 12:37:52,621] Trial 244 finished with value: 8.801898002624512 and parameters: {'hidden_size': 63, 'n_layers': 3, 'rnn_dropout': 0.1995697653611102, 'bidirectional': False, 'fc_dropout': 0.4019160047186067, 'learning_rate_model': 2.15159018655157e-05}. Best is trial 120 with value: 1.8680797815322876.
[I 2024-06-22 12:39:37,729] Trial 245 finished with value: 2.635453701019287 and parameters: {'hidden_size': 159, 'n_layers': 4, 'rnn_dropout': 0.5915102298771057, 'bidirectional': True, 'fc_dropout': 0.7889974259490361, 'learning_rate_model': 1.2970911036527296e-05}. Best is trial 120 with value: 1.8680797815322876.
Epoch 11: reducing lr to 0.0007887459290231923
Epoch 14: reducing lr to 0.00108056601083082
Epoch 26: reducing lr to 0.0016298697939360885
Epoch 36: reducing lr to 0.0015332866913002857
Epoch 42: reducing lr to 0.0014138005115547643
Epoch 48: reducing lr to 0.0012567661577354173
Epoch 54: reducing lr to 0.0010720507659858968
Epoch 58: reducing lr to 0.0009392100174332232
Epoch 61: reducing lr to 0.0008371107118187013
Epoch 67: reducing lr to 0.0006335393019212974
Epoch 76: reducing lr to 0.00035352579817961115
Epoch 79: reducing lr to 0.00027290209217358896
Epoch 83: reducing lr to 0.00017893304422809692
Epoch 86: reducing lr to 0.00012004387191821772
Epoch 89: reducing lr to 7.213397990256162e-05
Epoch 92: reducing lr to 3.595869852218922e-05
Epoch 95: reducing lr to 1.2088640156586103e-05
Epoch 98: reducing lr to 9.001863548550176e-07
[I 2024-06-22 12:41:11,144] Trial 246 finished with value: 2.4618706703186035 and parameters: {'hidden_size': 188, 'n_layers': 7, 'rnn_dropout': 0.3127349692011665, 'bidirectional': False, 'fc_dropout': 0.14237786837613556, 'learning_rate_model': 0.016324232713169764}. Best is trial 120 with value: 1.8680797815322876.
Epoch 82: reducing lr to 3.1634591382250898e-06
Epoch 93: reducing lr to 4.1915722705132183e-07
Epoch 96: reducing lr to 1.0926546779806189e-07
Epoch 99: reducing lr to 3.96353048900391e-10
[I 2024-06-22 12:41:33,259] Trial 247 finished with value: 1.9526898860931396 and parameters: {'hidden_size': 62, 'n_layers': 3, 'rnn_dropout': 0.7327326320079657, 'bidirectional': True, 'fc_dropout': 0.6902711844628926, 'learning_rate_model': 0.00025711669394827373}. Best is trial 120 with value: 1.8680797815322876.
Epoch 27: reducing lr to 0.0008644686063129273
Epoch 30: reducing lr to 0.0008545094207318646
Epoch 33: reducing lr to 0.0008379157887307323
Epoch 36: reducing lr to 0.0008149494011741816
Epoch 39: reducing lr to 0.0007859724457670742
Epoch 42: reducing lr to 0.0007514419102498161
Epoch 45: reducing lr to 0.0007119023619733451
Epoch 48: reducing lr to 0.0006679773805340304
Epoch 51: reducing lr to 0.0006203596750070313
Epoch 54: reducing lr to 0.0005698002433110708
Epoch 57: reducing lr to 0.0005170962825911455
Epoch 60: reducing lr to 0.0004630791995030185
Epoch 63: reducing lr to 0.00040860067728625807
Epoch 66: reducing lr to 0.0003545200352884067
Epoch 69: reducing lr to 0.0003016899201192075
Epoch 72: reducing lr to 0.00025094380714392017
Epoch 75: reducing lr to 0.00020308176283493333
Epoch 78: reducing lr to 0.00015885874123677872
Epoch 81: reducing lr to 0.00011897203494336244
Epoch 84: reducing lr to 8.405079865699637e-05
Epoch 87: reducing lr to 5.464561832297082e-05
Epoch 90: reducing lr to 3.122040535508703e-05
Epoch 93: reducing lr to 1.4144471977211442e-05
Epoch 96: reducing lr to 3.6871661696467537e-06
Epoch 99: reducing lr to 1.3374944368184372e-08
[I 2024-06-22 12:42:29,832] Trial 248 finished with value: 2.562687635421753 and parameters: {'hidden_size': 200, 'n_layers': 4, 'rnn_dropout': 0.2358496094387963, 'bidirectional': False, 'fc_dropout': 0.37191010472945796, 'learning_rate_model': 0.008676409799751065}. Best is trial 120 with value: 1.8680797815322876.
Epoch 5: reducing lr to 0.0011873268377462938
Epoch 11: reducing lr to 0.0034655159988695025
Epoch 14: reducing lr to 0.004747687006139454
Epoch 20: reducing lr to 0.006723088733972532
Epoch 26: reducing lr to 0.007161165134576014
Epoch 29: reducing lr to 0.007097450421903159
Epoch 32: reducing lr to 0.006978361638909576
Epoch 43: reducing lr to 0.006107228200582722
Epoch 46: reducing lr to 0.00576768614115828
Epoch 52: reducing lr to 0.004991291179664654
Epoch 57: reducing lr to 0.004274594416790391
Epoch 76: reducing lr to 0.0015532876488146392
Epoch 79: reducing lr to 0.001199050964007857
Epoch 85: reducing lr to 0.000608511427426163
Epoch 88: reducing lr to 0.00038152155756507463
Epoch 91: reducing lr to 0.00020507247549951811
Epoch 94: reducing lr to 8.194599226035993e-05
Epoch 97: reducing lr to 1.4084248804016597e-05
[I 2024-06-22 12:43:18,745] Trial 249 finished with value: 2.4681553840637207 and parameters: {'hidden_size': 134, 'n_layers': 6, 'rnn_dropout': 0.04088872306089302, 'bidirectional': False, 'fc_dropout': 0.4415960217233577, 'learning_rate_model': 0.07172384357890647}. Best is trial 120 with value: 1.8680797815322876.
[I 2024-06-22 12:43:56,584] Trial 250 finished with value: 4.726553916931152 and parameters: {'hidden_size': 67, 'n_layers': 5, 'rnn_dropout': 0.31717015204209914, 'bidirectional': True, 'fc_dropout': 0.6554867077248162, 'learning_rate_model': 1.901708352739404e-05}. Best is trial 120 with value: 1.8680797815322876.
