[I 2024-06-22 10:13:13,971] Trial 41 finished with value: 2.478527545928955 and parameters: {'hidden_size': 164, 'n_layers': 5, 'rnn_dropout': 0.5865140202300089, 'bidirectional': False, 'fc_dropout': 0.4550863925637725, 'learning_rate_model': 0.000729188002289183}. Best is trial 13 with value: 1.8697621822357178.
Epoch 44: reducing lr to 0.0014784038222587438
Epoch 48: reducing lr to 0.0013609948788858425
Epoch 55: reducing lr to 0.001125568599183683
Epoch 58: reducing lr to 0.001017102518282488
Epoch 62: reducing lr to 0.0008695144403634662
Epoch 65: reducing lr to 0.0007588614128321801
Epoch 68: reducing lr to 0.0006501801882375178
Epoch 71: reducing lr to 0.0005451853780861135
Epoch 78: reducing lr to 0.000323672536810537
Epoch 81: reducing lr to 0.0002424039121790211
Epoch 84: reducing lr to 0.0001712523655321728
Epoch 91: reducing lr to 5.0545047628025586e-05
Epoch 96: reducing lr to 7.512551204171685e-06
Epoch 99: reducing lr to 2.725126826280677e-08
[I 2024-06-22 10:13:19,275] Trial 42 finished with value: 1.9978018999099731 and parameters: {'hidden_size': 79, 'n_layers': 1, 'rnn_dropout': 0.3023393434624799, 'bidirectional': False, 'fc_dropout': 0.14529028106461103, 'learning_rate_model': 0.01767806762428918}. Best is trial 13 with value: 1.8697621822357178.
[I 2024-06-22 10:14:19,306] Trial 43 finished with value: 2.8011043071746826 and parameters: {'hidden_size': 177, 'n_layers': 5, 'rnn_dropout': 0.4555955301963006, 'bidirectional': False, 'fc_dropout': 0.276137640924172, 'learning_rate_model': 7.946206212265512e-05}. Best is trial 13 with value: 1.8697621822357178.
Epoch 65: reducing lr to 2.53850841406616e-06
[I 2024-06-22 10:15:10,912] Trial 44 finished with value: 2.011934757232666 and parameters: {'hidden_size': 125, 'n_layers': 3, 'rnn_dropout': 0.7330444427746806, 'bidirectional': True, 'fc_dropout': 0.08871304059522336, 'learning_rate_model': 5.91358615023068e-05}. Best is trial 13 with value: 1.8697621822357178.
Epoch 23: reducing lr to 0.0002915457964494177
Epoch 30: reducing lr to 0.00028848090212016555
Epoch 36: reducing lr to 0.00027512550795714106
Epoch 39: reducing lr to 0.00026534293794243174
Epoch 42: reducing lr to 0.00025368548889034365
Epoch 47: reducing lr to 0.00023060151117553288
Epoch 56: reducing lr to 0.00018056502397866448
Epoch 62: reducing lr to 0.0001440728928978561
Epoch 68: reducing lr to 0.00010773063249541362
Epoch 71: reducing lr to 9.033367468129064e-05
Epoch 74: reducing lr to 7.382181357097209e-05
Epoch 77: reducing lr to 5.845549972623315e-05
Epoch 80: reducing lr to 4.447702362050491e-05
Epoch 83: reducing lr to 3.2106875356639706e-05
Epoch 86: reducing lr to 2.1540088638370268e-05
Epoch 89: reducing lr to 1.2943370587031227e-05
Epoch 92: reducing lr to 6.452254006069323e-06
Epoch 95: reducing lr to 2.1691268061365105e-06
Epoch 98: reducing lr to 1.6152506216926196e-07
[I 2024-06-22 10:15:46,489] Trial 45 finished with value: 2.566155433654785 and parameters: {'hidden_size': 108, 'n_layers': 6, 'rnn_dropout': 0.1665555507270332, 'bidirectional': False, 'fc_dropout': 0.3326789746140219, 'learning_rate_model': 0.0029291409380281584}. Best is trial 13 with value: 1.8697621822357178.
Epoch 47: reducing lr to 0.00011807619664012413
Epoch 52: reducing lr to 0.00010437339899146323
Epoch 55: reducing lr to 9.549434476117259e-05
Epoch 58: reducing lr to 8.629197599219307e-05
Epoch 61: reducing lr to 7.69113788250272e-05
Epoch 64: reducing lr to 6.750053946418006e-05
Epoch 67: reducing lr to 5.8207809985789785e-05
Epoch 70: reducing lr to 4.917980434056004e-05
Epoch 73: reducing lr to 4.055887135540762e-05
Epoch 76: reducing lr to 3.248095646648582e-05
Epoch 79: reducing lr to 2.507347701680251e-05
Epoch 82: reducing lr to 1.8453231460491162e-05
Epoch 85: reducing lr to 1.2724644529731304e-05
Epoch 88: reducing lr to 7.978036207108145e-06
Epoch 91: reducing lr to 4.288291453458429e-06
Epoch 94: reducing lr to 1.713581003005447e-06
Epoch 97: reducing lr to 2.945171633957121e-07
[I 2024-06-22 10:15:53,049] Trial 46 finished with value: 1.8821499347686768 and parameters: {'hidden_size': 59, 'n_layers': 1, 'rnn_dropout': 0.41268561357482386, 'bidirectional': True, 'fc_dropout': 0.4974449853923324, 'learning_rate_model': 0.0014998246092237527}. Best is trial 13 with value: 1.8697621822357178.
[I 2024-06-22 10:16:09,347] Trial 47 finished with value: 9.126129150390625 and parameters: {'hidden_size': 137, 'n_layers': 2, 'rnn_dropout': 0.6012222537081952, 'bidirectional': False, 'fc_dropout': 0.6282368225772952, 'learning_rate_model': 1.2283488171661822e-05}. Best is trial 13 with value: 1.8697621822357178.
Epoch 14: reducing lr to 0.0013379704316993323
Epoch 17: reducing lr to 0.001659011399308193
Epoch 21: reducing lr to 0.0019480802787326533
Epoch 31: reducing lr to 0.0019795017152296466
Epoch 35: reducing lr to 0.0019179714722626696
Epoch 41: reducing lr to 0.001778763286465838
Epoch 44: reducing lr to 0.00169038751471481
Epoch 49: reducing lr to 0.0015200383998042546
Epoch 54: reducing lr to 0.0013274267483824498
Epoch 57: reducing lr to 0.0012046457421849266
Epoch 64: reducing lr to 0.000909692803349949
Epoch 71: reducing lr to 0.0006233578014657957
Epoch 77: reducing lr to 0.00040337882767959714
Epoch 80: reducing lr to 0.0003069187626611902
Epoch 83: reducing lr to 0.00022155714693179035
Epoch 86: reducing lr to 0.00014863983275744918
Epoch 89: reducing lr to 8.931720159901652e-05
Epoch 92: reducing lr to 4.4524512989343315e-05
Epoch 95: reducing lr to 1.4968306356896374e-05
Epoch 98: reducing lr to 1.114622071898136e-06
[I 2024-06-22 10:16:36,285] Trial 48 finished with value: 2.557157278060913 and parameters: {'hidden_size': 76, 'n_layers': 7, 'rnn_dropout': 0.6757676860816557, 'bidirectional': False, 'fc_dropout': 0.7598447930829013, 'learning_rate_model': 0.020212870358199457}. Best is trial 13 with value: 1.8697621822357178.
[I 2024-06-22 10:16:55,224] Trial 49 finished with value: 9.109418869018555 and parameters: {'hidden_size': 174, 'n_layers': 1, 'rnn_dropout': 0.5210434658727928, 'bidirectional': True, 'fc_dropout': 0.6396922093888224, 'learning_rate_model': 1.3749435862460687e-05}. Best is trial 13 with value: 1.8697621822357178.
Epoch 14: reducing lr to 0.001016654149128651
Epoch 17: reducing lr to 0.001260596484494976
Epoch 26: reducing lr to 0.0015334684525849071
Epoch 33: reducing lr to 0.0014832522973659468
Epoch 36: reducing lr to 0.0014425979171005365
Epoch 43: reducing lr to 0.0013077818486704922
Epoch 46: reducing lr to 0.001235073423900461
Epoch 52: reducing lr to 0.0010688187491621384
Epoch 55: reducing lr to 0.0009778942441842156
Epoch 58: reducing lr to 0.0008836588894671205
Epoch 61: reducing lr to 0.000787598415941446
Epoch 70: reducing lr to 0.0005036177557426807
Epoch 73: reducing lr to 0.00041533649922678544
Epoch 77: reducing lr to 0.0003065065932064409
Epoch 83: reducing lr to 0.00016834975374697085
Epoch 86: reducing lr to 0.00011294367881263309
Epoch 89: reducing lr to 6.786749650279696e-05
Epoch 92: reducing lr to 3.3831861897767704e-05
Epoch 95: reducing lr to 1.1373637565248625e-05
Epoch 98: reducing lr to 8.469433458753797e-07
[I 2024-06-22 10:17:57,644] Trial 50 finished with value: 2.559791088104248 and parameters: {'hidden_size': 158, 'n_layers': 6, 'rnn_dropout': 0.20775871463868248, 'bidirectional': False, 'fc_dropout': 0.27623796927286526, 'learning_rate_model': 0.015358709003280025}. Best is trial 13 with value: 1.8697621822357178.
Epoch 11: reducing lr to 7.085032862226039e-05
Epoch 16: reducing lr to 0.00011313080452181197
Epoch 39: reducing lr to 0.00013283263272017318
Epoch 48: reducing lr to 0.00011289097287280152
Epoch 62: reducing lr to 7.212395330975728e-05
Epoch 68: reducing lr to 5.3930749579926375e-05
Epoch 71: reducing lr to 4.522170412467061e-05
Epoch 74: reducing lr to 3.695574461053685e-05
Epoch 77: reducing lr to 2.9263254510634628e-05
Epoch 80: reducing lr to 2.2265526223843906e-05
Epoch 83: reducing lr to 1.607293872266612e-05
Epoch 86: reducing lr to 1.078312731835878e-05
Epoch 89: reducing lr to 6.4795468260068176e-06
Epoch 92: reducing lr to 3.2300459671228244e-06
Epoch 95: reducing lr to 1.085880885307467e-06
Epoch 98: reducing lr to 8.086063802794675e-08
[I 2024-06-22 10:19:11,521] Trial 51 finished with value: 2.4582748413085938 and parameters: {'hidden_size': 98, 'n_layers': 6, 'rnn_dropout': 0.7923774268990726, 'bidirectional': True, 'fc_dropout': 0.7210467490794191, 'learning_rate_model': 0.0014663495679358655}. Best is trial 13 with value: 1.8697621822357178.
Epoch 37: reducing lr to 2.4591331174705337e-05
Epoch 40: reducing lr to 2.364899497906998e-05
Epoch 43: reducing lr to 2.254245841537826e-05
Epoch 48: reducing lr to 2.038179288645568e-05
Epoch 54: reducing lr to 1.738614342978735e-05
Epoch 57: reducing lr to 1.57780033295483e-05
Epoch 61: reducing lr to 1.357596800829373e-05
Epoch 64: reducing lr to 1.1914819085392375e-05
Epoch 67: reducing lr to 1.0274518260785362e-05
Epoch 70: reducing lr to 8.680945012057548e-06
Epoch 73: reducing lr to 7.159225960909953e-06
Epoch 76: reducing lr to 5.733357438188365e-06
Epoch 79: reducing lr to 4.4258304432585835e-06
Epoch 82: reducing lr to 3.2572615883951258e-06
Epoch 85: reducing lr to 2.2460833454246807e-06
Epoch 88: reducing lr to 1.4082384943730217e-06
Epoch 91: reducing lr to 7.569453112371809e-07
Epoch 94: reducing lr to 3.0247176987096157e-07
Epoch 97: reducing lr to 5.1986528511595125e-08
[I 2024-06-22 10:22:15,945] Trial 52 finished with value: 1.9979404211044312 and parameters: {'hidden_size': 196, 'n_layers': 5, 'rnn_dropout': 0.7951304196883832, 'bidirectional': True, 'fc_dropout': 0.10834232245773592, 'learning_rate_model': 0.000264740682379336}. Best is trial 13 with value: 1.8697621822357178.
Epoch 39: reducing lr to 0.0005342913397855446
Epoch 53: reducing lr to 0.000398986765957224
Epoch 58: reducing lr to 0.00033934449537817614
Epoch 63: reducing lr to 0.000277760123119193
Epoch 66: reducing lr to 0.00024099697852664388
Epoch 69: reducing lr to 0.0002050839218198937
Epoch 72: reducing lr to 0.00017058753605408793
Epoch 75: reducing lr to 0.00013805169346005618
[I 2024-06-22 10:22:20,621] Trial 53 finished with value: 2.5530643463134766 and parameters: {'hidden_size': 20, 'n_layers': 2, 'rnn_dropout': 0.5965097541659968, 'bidirectional': False, 'fc_dropout': 0.6898770022704354, 'learning_rate_model': 0.005898082867158478}. Best is trial 13 with value: 1.8697621822357178.
[I 2024-06-22 10:22:38,599] Trial 54 finished with value: 3.749826431274414 and parameters: {'hidden_size': 143, 'n_layers': 2, 'rnn_dropout': 0.3535234245987387, 'bidirectional': False, 'fc_dropout': 0.1631249801864975, 'learning_rate_model': 9.793357468944974e-05}. Best is trial 13 with value: 1.8697621822357178.
Epoch 16: reducing lr to 0.001207147499407567
Epoch 19: reducing lr to 0.001414992115220935
Epoch 22: reducing lr to 0.0015383754577570825
Epoch 27: reducing lr to 0.0015589283286883727
Epoch 30: reducing lr to 0.001540968559623765
Epoch 39: reducing lr to 0.001417373288430607
Epoch 42: reducing lr to 0.0013551030918849763
Epoch 47: reducing lr to 0.0012317961983327585
Epoch 52: reducing lr to 0.0010888456754463548
Epoch 59: reducing lr to 0.0008677270580158679
Epoch 62: reducing lr to 0.0007695892401125403
Epoch 65: reducing lr to 0.0006716525349574679
Epoch 70: reducing lr to 0.0005130542628002036
Epoch 73: reducing lr to 0.00042311884161147886
Epoch 77: reducing lr to 0.0003122497418484195
Epoch 80: reducing lr to 0.00023758139454338155
Epoch 83: reducing lr to 0.00017150419701520477
Epoch 86: reducing lr to 0.0001150599541227565
Epoch 89: reducing lr to 6.91391595893787e-05
Epoch 92: reducing lr to 3.446578435170634e-05
Epoch 95: reducing lr to 1.1586750407141869e-05
Epoch 98: reducing lr to 8.628128952897079e-07
[I 2024-06-22 10:22:56,154] Trial 55 finished with value: 2.5595874786376953 and parameters: {'hidden_size': 64, 'n_layers': 6, 'rnn_dropout': 0.36558026194855425, 'bidirectional': False, 'fc_dropout': 0.16956813171494078, 'learning_rate_model': 0.015646491878786785}. Best is trial 13 with value: 1.8697621822357178.
Epoch 52: reducing lr to 7.711080992764371e-05
Epoch 55: reducing lr to 7.05509865463511e-05
Epoch 58: reducing lr to 6.375229918074272e-05
Epoch 61: reducing lr to 5.6821937113830596e-05
Epoch 64: reducing lr to 4.9869232188764146e-05
Epoch 67: reducing lr to 4.300378655375352e-05
Epoch 72: reducing lr to 3.204810386833038e-05
Epoch 75: reducing lr to 2.5935628789456112e-05
Epoch 78: reducing lr to 2.0287894319817438e-05
Epoch 81: reducing lr to 1.5193951891806567e-05
Epoch 84: reducing lr to 1.0734151028603299e-05
Epoch 87: reducing lr to 6.978807215430954e-06
Epoch 90: reducing lr to 3.987166708829641e-06
Epoch 93: reducing lr to 1.8063944763075084e-06
Epoch 96: reducing lr to 4.7088902383975085e-07
Epoch 99: reducing lr to 1.708117889904874e-09
[I 2024-06-22 10:23:04,086] Trial 56 finished with value: 1.8833309412002563 and parameters: {'hidden_size': 71, 'n_layers': 1, 'rnn_dropout': 0.47474595957169685, 'bidirectional': True, 'fc_dropout': 0.5998866485809148, 'learning_rate_model': 0.001108066724703625}. Best is trial 13 with value: 1.8697621822357178.
Epoch 6: reducing lr to 0.001288662773729956
Epoch 11: reducing lr to 0.0029805754431131083
Epoch 14: reducing lr to 0.004083328227802914
Epoch 17: reducing lr to 0.005063107462276318
Epoch 20: reducing lr to 0.005782305777519368
Epoch 23: reducing lr to 0.006139913899520635
Epoch 26: reducing lr to 0.006159080769258567
Epoch 29: reducing lr to 0.006104281856767709
Epoch 33: reducing lr to 0.0059573907016253844
Epoch 36: reducing lr to 0.005794104909044041
Epoch 41: reducing lr to 0.0054285761225533824
Epoch 44: reducing lr to 0.005158863672341378
Epoch 50: reducing lr to 0.0045260616783208375
Epoch 53: reducing lr to 0.004172951972174108
Epoch 56: reducing lr to 0.0038026742762049285
Epoch 62: reducing lr to 0.0030341550741623162
Epoch 66: reducing lr to 0.0025205568270366624
Epoch 70: reducing lr to 0.0020227494274324873
Epoch 73: reducing lr to 0.0016681732453294345
Epoch 76: reducing lr to 0.0013359312216876446
Epoch 81: reducing lr to 0.0008458641121903969
Epoch 84: reducing lr to 0.0005975820638752592
Epoch 87: reducing lr to 0.00038851791893666223
Epoch 90: reducing lr to 0.0002219699820254127
Epoch 93: reducing lr to 0.00010056397906534481
Epoch 96: reducing lr to 2.6214912942116446e-05
Epoch 99: reducing lr to 9.50928127678441e-08
[I 2024-06-22 10:23:50,142] Trial 57 finished with value: 2.5383291244506836 and parameters: {'hidden_size': 116, 'n_layers': 7, 'rnn_dropout': 0.6431687131989174, 'bidirectional': False, 'fc_dropout': 0.3720011852508049, 'learning_rate_model': 0.061687300513606574}. Best is trial 13 with value: 1.8697621822357178.
Epoch 26: reducing lr to 0.001626196729536684
Epoch 29: reducing lr to 0.001611728042469031
Epoch 32: reducing lr to 0.00158468470723108
Epoch 35: reducing lr to 0.0015454932129787455
Epoch 43: reducing lr to 0.0013868629391563167
Epoch 46: reducing lr to 0.0013097578625103122
Epoch 51: reducing lr to 0.0011645454773238448
Epoch 54: reducing lr to 0.0010696347990678356
Epoch 57: reducing lr to 0.000970698389165392
Epoch 60: reducing lr to 0.0008692969726278137
Epoch 63: reducing lr to 0.0007670293378752872
Epoch 66: reducing lr to 0.0006655086079073797
Epoch 69: reducing lr to 0.0005663353795925454
Epoch 72: reducing lr to 0.00047107426134454527
Epoch 75: reducing lr to 0.00038122714606440985
Epoch 78: reducing lr to 0.00029821124114579636
Epoch 81: reducing lr to 0.00022333551132209997
Epoch 84: reducing lr to 0.0001577810121851533
Epoch 87: reducing lr to 0.00010258130925879326
Epoch 90: reducing lr to 5.860726175677296e-05
Epoch 93: reducing lr to 2.6552146333510067e-05
Epoch 96: reducing lr to 6.921585750967879e-06
Epoch 99: reducing lr to 2.5107581296673896e-08
[I 2024-06-22 10:24:01,788] Trial 58 finished with value: 1.8866143226623535 and parameters: {'hidden_size': 56, 'n_layers': 2, 'rnn_dropout': 0.0651791719018096, 'bidirectional': True, 'fc_dropout': 0.5070294084895343, 'learning_rate_model': 0.01628744452416877}. Best is trial 13 with value: 1.8697621822357178.
Epoch 21: reducing lr to 0.00030900356774082464
Epoch 30: reducing lr to 0.00031576314091062545
Epoch 35: reducing lr to 0.00030422772317157743
Epoch 41: reducing lr to 0.0002821465869167959
Epoch 47: reducing lr to 0.0002524099756079936
Epoch 50: reducing lr to 0.00023523900667206157
Epoch 59: reducing lr to 0.00017780779470226465
Epoch 62: reducing lr to 0.00015769816596925815
Epoch 65: reducing lr to 0.0001376297476767046
Epoch 68: reducing lr to 0.00011791894242922985
Epoch 71: reducing lr to 9.887671813880211e-05
Epoch 77: reducing lr to 6.398375788968843e-05
Epoch 80: reducing lr to 4.8683308231324986e-05
Epoch 83: reducing lr to 3.514328932324087e-05
Epoch 86: reducing lr to 2.3577179612090583e-05
Epoch 89: reducing lr to 1.4167452058329787e-05
Epoch 92: reducing lr to 7.062457084458735e-06
Epoch 95: reducing lr to 2.374265638748537e-06
Epoch 98: reducing lr to 1.7680082317929336e-07
[I 2024-06-22 10:26:10,557] Trial 59 finished with value: 2.460301399230957 and parameters: {'hidden_size': 144, 'n_layers': 6, 'rnn_dropout': 0.2739632958748159, 'bidirectional': True, 'fc_dropout': 0.6592078963298551, 'learning_rate_model': 0.003206155887492329}. Best is trial 13 with value: 1.8697621822357178.
[I 2024-06-22 10:26:14,370] Trial 60 finished with value: 9.151275634765625 and parameters: {'hidden_size': 42, 'n_layers': 1, 'rnn_dropout': 0.014666114330405834, 'bidirectional': False, 'fc_dropout': 0.09067353821407238, 'learning_rate_model': 1.2916159380130333e-05}. Best is trial 13 with value: 1.8697621822357178.
Epoch 30: reducing lr to 7.75162054496227e-05
Epoch 33: reducing lr to 7.601092609734413e-05
Epoch 37: reducing lr to 7.311004662328795e-05
Epoch 41: reducing lr to 6.926372956412476e-05
Epoch 44: reducing lr to 6.582244223761035e-05
Epoch 47: reducing lr to 6.196373481191545e-05
Epoch 50: reducing lr to 5.774846018559821e-05
Epoch 55: reducing lr to 5.011328636247903e-05
Epoch 59: reducing lr to 4.3649760719178624e-05
Epoch 65: reducing lr to 3.378651405012095e-05
Epoch 68: reducing lr to 2.8947738933004868e-05
Epoch 71: reducing lr to 2.427309272174113e-05
Epoch 74: reducing lr to 1.983627625043817e-05
Epoch 77: reducing lr to 1.5707273837321746e-05
Epoch 80: reducing lr to 1.1951190097563751e-05
Epoch 83: reducing lr to 8.62727178194281e-06
Epoch 86: reducing lr to 5.787925384396792e-06
Epoch 89: reducing lr to 3.477945909975645e-06
Epoch 92: reducing lr to 1.7337516746231065e-06
Epoch 95: reducing lr to 5.828548022243836e-07
Epoch 98: reducing lr to 4.3402560836276403e-08
[I 2024-06-22 10:27:25,258] Trial 61 finished with value: 1.8750180006027222 and parameters: {'hidden_size': 155, 'n_layers': 3, 'rnn_dropout': 0.5975507964860202, 'bidirectional': True, 'fc_dropout': 0.3824580053742648, 'learning_rate_model': 0.000787074253700552}. Best is trial 13 with value: 1.8697621822357178.
Epoch 48: reducing lr to 0.0002293379720162878
Epoch 58: reducing lr to 0.00017138949785506908
Epoch 78: reducing lr to 5.454128030978585e-05
Epoch 84: reducing lr to 2.8857324023358636e-05
Epoch 92: reducing lr to 6.561837255614688e-06
Epoch 95: reducing lr to 2.2059666397618997e-06
Epoch 98: reducing lr to 1.642683579506851e-07
[I 2024-06-22 10:27:57,027] Trial 62 finished with value: 2.4563746452331543 and parameters: {'hidden_size': 164, 'n_layers': 3, 'rnn_dropout': 0.7237489282748985, 'bidirectional': False, 'fc_dropout': 0.10051310491019105, 'learning_rate_model': 0.0029788886358192816}. Best is trial 13 with value: 1.8697621822357178.
Epoch 8: reducing lr to 0.0014186419125475508
Epoch 12: reducing lr to 0.002490320205046086
Epoch 16: reducing lr to 0.003535416949623243
Epoch 21: reducing lr to 0.004416478686956946
Epoch 27: reducing lr to 0.004565690306443556
Epoch 30: reducing lr to 0.0045130908751449825
Epoch 35: reducing lr to 0.00434821922993349
Epoch 38: reducing lr to 0.004205514885908831
Epoch 42: reducing lr to 0.003968739894576446
Epoch 45: reducing lr to 0.0037599117995262333
Epoch 48: reducing lr to 0.0035279220424620007
Epoch 56: reducing lr to 0.0028248190992865093
Epoch 73: reducing lr to 0.001239203597797551
Epoch 77: reducing lr to 0.000914497217935805
Epoch 83: reducing lr to 0.0005022906027280442
Epoch 86: reducing lr to 0.0003369802880162566
Epoch 91: reducing lr to 0.0001310210570448146
Epoch 94: reducing lr to 5.235539533224101e-05
Epoch 97: reducing lr to 8.998443898868697e-06
[I 2024-06-22 10:28:07,706] Trial 63 finished with value: 2.467468738555908 and parameters: {'hidden_size': 17, 'n_layers': 4, 'rnn_dropout': 0.0024143652956770904, 'bidirectional': True, 'fc_dropout': 0.6367735535538155, 'learning_rate_model': 0.04582445195599803}. Best is trial 13 with value: 1.8697621822357178.
Epoch 37: reducing lr to 0.0006493086517227393
Epoch 40: reducing lr to 0.0006244272396385129
Epoch 45: reducing lr to 0.0005735485850850228
