[I 2024-06-22 11:52:37,100] Trial 179 finished with value: 2.1372392177581787 and parameters: {'hidden_size': 107, 'n_layers': 2, 'rnn_dropout': 0.7079732150704507, 'bidirectional': True, 'fc_dropout': 0.5740759697558036, 'learning_rate_model': 5.800691551121672e-05}. Best is trial 120 with value: 1.8680797815322876.
Epoch 13: reducing lr to 0.0002157701871869639
Epoch 19: reducing lr to 0.0003234136335954947
Epoch 23: reducing lr to 0.00035594901741820245
Epoch 31: reducing lr to 0.00035022663776069086
Epoch 37: reducing lr to 0.00033218700387176636
Epoch 40: reducing lr to 0.00031945764671561486
Epoch 68: reducing lr to 0.00013152860802517855
Epoch 71: reducing lr to 0.00011028861720583784
Epoch 79: reducing lr to 5.978543187213762e-05
Epoch 82: reducing lr to 4.4000056775638646e-05
Epoch 85: reducing lr to 3.034076080152817e-05
Epoch 88: reducing lr to 1.902290375658225e-05
Epoch 93: reducing lr to 5.829992101154562e-06
Epoch 96: reducing lr to 1.5197562467738831e-06
Epoch 99: reducing lr to 5.512812365502176e-09
[I 2024-06-22 11:53:04,343] Trial 180 finished with value: 2.4637372493743896 and parameters: {'hidden_size': 37, 'n_layers': 6, 'rnn_dropout': 0.5953087370956281, 'bidirectional': True, 'fc_dropout': 0.49859771615006726, 'learning_rate_model': 0.003576195751981789}. Best is trial 120 with value: 1.8680797815322876.
[I 2024-06-22 11:53:09,311] Trial 181 finished with value: 2.604663133621216 and parameters: {'hidden_size': 76, 'n_layers': 1, 'rnn_dropout': 0.7044308780514614, 'bidirectional': False, 'fc_dropout': 0.20311089675419175, 'learning_rate_model': 0.00232032451794255}. Best is trial 120 with value: 1.8680797815322876.
Epoch 13: reducing lr to 0.0005589711022910414
Epoch 26: reducing lr to 0.0009249948925496373
Epoch 31: reducing lr to 0.0009072920235785297
Epoch 36: reducing lr to 0.0008701813872149788
Epoch 39: reducing lr to 0.0008392405616654497
Epoch 42: reducing lr to 0.0008023697703569456
Epoch 45: reducing lr to 0.0007601504878843159
Epoch 48: reducing lr to 0.0007132485560254991
Epoch 51: reducing lr to 0.00066240363118504
Epoch 54: reducing lr to 0.0006084176090509019
Epoch 57: reducing lr to 0.0005521417156213097
Epoch 60: reducing lr to 0.0004944637049040693
Epoch 63: reducing lr to 0.0004362929817061631
Epoch 66: reducing lr to 0.0003785471044684318
Epoch 69: reducing lr to 0.00032213650665901617
Epoch 72: reducing lr to 0.00026795115119893477
Epoch 75: reducing lr to 0.0002168453278782091
Epoch 78: reducing lr to 0.00016962515663116584
Epoch 81: reducing lr to 0.00012703518802227674
Epoch 84: reducing lr to 8.974721677995258e-05
Epoch 87: reducing lr to 5.8349143994695236e-05
Epoch 90: reducing lr to 3.333632198779524e-05
Epoch 93: reducing lr to 1.5103092570924529e-05
Epoch 96: reducing lr to 3.9370583839591635e-06
Epoch 99: reducing lr to 1.4281411370338504e-08
[I 2024-06-22 11:53:45,701] Trial 182 finished with value: 1.891608715057373 and parameters: {'hidden_size': 95, 'n_layers': 3, 'rnn_dropout': 0.10137070707753822, 'bidirectional': True, 'fc_dropout': 0.24228664377406287, 'learning_rate_model': 0.009264440595593887}. Best is trial 120 with value: 1.8680797815322876.
[I 2024-06-22 11:55:17,651] Trial 183 finished with value: 2.054638385772705 and parameters: {'hidden_size': 129, 'n_layers': 5, 'rnn_dropout': 0.006706463620025272, 'bidirectional': True, 'fc_dropout': 0.18472676038734337, 'learning_rate_model': 5.007097358286679e-05}. Best is trial 120 with value: 1.8680797815322876.
Epoch 15: reducing lr to 0.0001101839322822353
Epoch 32: reducing lr to 0.00014924791755336158
Epoch 37: reducing lr to 0.00014248846811387006
Epoch 40: reducing lr to 0.00013702833096186238
Epoch 43: reducing lr to 0.00013061677484266386
Epoch 46: reducing lr to 0.00012335490623896158
Epoch 49: reducing lr to 0.0001153572599157238
Epoch 54: reducing lr to 0.00010073976581904621
Epoch 60: reducing lr to 8.18716570609423e-05
Epoch 74: reducing lr to 3.8660084989032995e-05
Epoch 84: reducing lr to 1.4860045907328745e-05
Epoch 92: reducing lr to 3.379010568544923e-06
Epoch 95: reducing lr to 1.135959990966693e-06
[I 2024-06-22 11:55:49,925] Trial 184 finished with value: 2.2992866039276123 and parameters: {'hidden_size': 50, 'n_layers': 6, 'rnn_dropout': 0.7860718314440683, 'bidirectional': True, 'fc_dropout': 0.624179663753091, 'learning_rate_model': 0.001533975286317709}. Best is trial 120 with value: 1.8680797815322876.
Epoch 14: reducing lr to 1.9264241413943744e-05
Epoch 37: reducing lr to 2.7033030928735515e-05
Epoch 43: reducing lr to 2.4780723386763007e-05
Epoch 46: reducing lr to 2.3402995622805192e-05
Epoch 49: reducing lr to 2.1885675496657177e-05
Epoch 55: reducing lr to 1.8529792863597417e-05
Epoch 61: reducing lr to 1.4923940491404728e-05
Epoch 65: reducing lr to 1.2492836777922999e-05
Epoch 68: reducing lr to 1.070366055058178e-05
Epoch 71: reducing lr to 8.975172313375047e-06
Epoch 74: reducing lr to 7.334623545681459e-06
Epoch 77: reducing lr to 5.8078915150791744e-06
Epoch 80: reducing lr to 4.419049179483467e-06
Epoch 83: reducing lr to 3.1900035040817323e-06
Epoch 86: reducing lr to 2.1401322137821294e-06
Epoch 89: reducing lr to 1.285998623927736e-06
Epoch 92: reducing lr to 6.410687013281755e-07
Epoch 95: reducing lr to 2.155152762612939e-07
Epoch 98: reducing lr to 1.6048447835345692e-08
[I 2024-06-22 11:57:42,770] Trial 185 finished with value: 1.8847359418869019 and parameters: {'hidden_size': 167, 'n_layers': 4, 'rnn_dropout': 0.471961038639523, 'bidirectional': True, 'fc_dropout': 0.4296056934724326, 'learning_rate_model': 0.00029102706982436836}. Best is trial 120 with value: 1.8680797815322876.
Epoch 39: reducing lr to 3.408813932511487e-05
Epoch 58: reducing lr to 2.165040227360809e-05
Epoch 64: reducing lr to 1.693568627072895e-05
Epoch 81: reducing lr to 5.159895012583741e-06
Epoch 84: reducing lr to 3.6453381418614776e-06
Epoch 87: reducing lr to 2.3700162275822533e-06
Epoch 90: reducing lr to 1.35404941135323e-06
Epoch 93: reducing lr to 6.134550060069846e-07
Epoch 96: reducing lr to 1.5991480971461148e-07
Epoch 99: reducing lr to 5.800800900116876e-10
[I 2024-06-22 11:58:36,278] Trial 186 finished with value: 2.573261260986328 and parameters: {'hidden_size': 127, 'n_layers': 7, 'rnn_dropout': 0.31425835599757, 'bidirectional': False, 'fc_dropout': 0.5160627192683411, 'learning_rate_model': 0.00037630157098835073}. Best is trial 120 with value: 1.8680797815322876.
Epoch 3: reducing lr to 0.0004855201689975794
Epoch 6: reducing lr to 0.001054490627423956
Epoch 9: reducing lr to 0.0018440118167481509
Epoch 12: reducing lr to 0.002743197770252285
Epoch 15: reducing lr to 0.0036257604830290725
Epoch 20: reducing lr to 0.004731561562568497
Epoch 23: reducing lr to 0.005024186150341404
Epoch 26: reducing lr to 0.005039870070842347
Epoch 32: reducing lr to 0.004911217002613781
Epoch 35: reducing lr to 0.004789755659514041
Epoch 38: reducing lr to 0.004632560517483494
Epoch 44: reducing lr to 0.004221409589489609
Epoch 47: reducing lr to 0.003973937998097399
Epoch 50: reducing lr to 0.003703598580036423
Epoch 53: reducing lr to 0.0034146549687405006
Epoch 58: reducing lr to 0.0029042175483636416
Epoch 61: reducing lr to 0.002588506909062971
Epoch 64: reducing lr to 0.0022717784473219142
Epoch 67: reducing lr to 0.001959025057298967
Epoch 70: reducing lr to 0.0016551811353105038
Epoch 74: reducing lr to 0.0012721656009220227
Epoch 92: reducing lr to 0.00011119119400990127
Epoch 95: reducing lr to 3.7380394402689034e-05
Epoch 98: reducing lr to 2.7835488975218315e-06
[I 2024-06-22 11:59:40,654] Trial 187 finished with value: 1.8875072002410889 and parameters: {'hidden_size': 143, 'n_layers': 3, 'rnn_dropout': 0.10889052339849768, 'bidirectional': True, 'fc_dropout': 0.17437514404893434, 'learning_rate_model': 0.05047765912753394}. Best is trial 120 with value: 1.8680797815322876.
Epoch 13: reducing lr to 0.0017023032699755997
Epoch 16: reducing lr to 0.0021767579439296173
Epoch 19: reducing lr to 0.002551548446993067
Epoch 22: reducing lr to 0.0027740363129298787
Epoch 26: reducing lr to 0.00281700042067311
Epoch 29: reducing lr to 0.0027919368494483806
Epoch 32: reducing lr to 0.002745090680495982
Epoch 35: reducing lr to 0.0026772007051993965
Epoch 43: reducing lr to 0.0024024113516280194
Epoch 51: reducing lr to 0.0020172990388739034
Epoch 54: reducing lr to 0.0018528887828960054
Epoch 57: reducing lr to 0.0016815049009505062
Epoch 62: reducing lr to 0.001387742171358408
Epoch 65: reducing lr to 0.0012111403053451648
Epoch 73: reducing lr to 0.0007629782608638107
Epoch 77: reducing lr to 0.0005630563840724453
Epoch 80: reducing lr to 0.00042841259096836753
Epoch 85: reducing lr to 0.00023937123566211243
Epoch 88: reducing lr to 0.0001500798219227644
Epoch 91: reducing lr to 8.066972886316796e-05
Epoch 94: reducing lr to 3.223524249641209e-05
Epoch 97: reducing lr to 5.540346306806901e-06
[I 2024-06-22 12:00:26,267] Trial 188 finished with value: 2.553398609161377 and parameters: {'hidden_size': 143, 'n_layers': 5, 'rnn_dropout': 0.597325977698404, 'bidirectional': False, 'fc_dropout': 0.7444478553998761, 'learning_rate_model': 0.02821413746745477}. Best is trial 120 with value: 1.8680797815322876.
[I 2024-06-22 12:00:37,975] Trial 189 finished with value: 8.955942153930664 and parameters: {'hidden_size': 46, 'n_layers': 2, 'rnn_dropout': 0.05728822355344363, 'bidirectional': True, 'fc_dropout': 0.528478684742879, 'learning_rate_model': 2.283088758720842e-05}. Best is trial 120 with value: 1.8680797815322876.
Epoch 38: reducing lr to 0.00015357578341264309
Epoch 45: reducing lr to 0.00013730337802618343
Epoch 53: reducing lr to 0.00011320053131072026
Epoch 58: reducing lr to 9.627882539416412e-05
Epoch 63: reducing lr to 7.880610635941427e-05
Epoch 66: reducing lr to 6.837566641601132e-05
Epoch 69: reducing lr to 5.818641342050721e-05
Epoch 72: reducing lr to 4.839909832593226e-05
Epoch 75: reducing lr to 3.916802856989623e-05
Epoch 81: reducing lr to 2.2945930735631423e-05
Epoch 84: reducing lr to 1.6210732254651932e-05
Epoch 87: reducing lr to 1.0539405950663679e-05
Epoch 90: reducing lr to 6.021425616172752e-06
Epoch 93: reducing lr to 2.72801986143786e-06
Epoch 96: reducing lr to 7.11137365850341e-07
Epoch 99: reducing lr to 2.57960240160858e-09
[I 2024-06-22 12:00:50,279] Trial 190 finished with value: 2.566354274749756 and parameters: {'hidden_size': 54, 'n_layers': 4, 'rnn_dropout': 0.08396293466394243, 'bidirectional': False, 'fc_dropout': 0.27136334790808, 'learning_rate_model': 0.0016734041608502312}. Best is trial 120 with value: 1.8680797815322876.
[I 2024-06-22 12:01:10,054] Trial 191 finished with value: 2.6456875801086426 and parameters: {'hidden_size': 115, 'n_layers': 3, 'rnn_dropout': 0.5570160664808824, 'bidirectional': False, 'fc_dropout': 0.4491930070394994, 'learning_rate_model': 0.0002705949305417018}. Best is trial 120 with value: 1.8680797815322876.
[I 2024-06-22 12:03:21,139] Trial 192 finished with value: 2.600551128387451 and parameters: {'hidden_size': 129, 'n_layers': 7, 'rnn_dropout': 0.4775108199567785, 'bidirectional': True, 'fc_dropout': 0.5916895700060374, 'learning_rate_model': 1.413889647537952e-05}. Best is trial 120 with value: 1.8680797815322876.
[I 2024-06-22 12:04:02,107] Trial 193 finished with value: 6.401052474975586 and parameters: {'hidden_size': 157, 'n_layers': 4, 'rnn_dropout': 0.00425322636888259, 'bidirectional': False, 'fc_dropout': 0.6143703026250493, 'learning_rate_model': 1.6306861470410482e-05}. Best is trial 120 with value: 1.8680797815322876.
Epoch 11: reducing lr to 0.002296436126814288
Epoch 17: reducing lr to 0.00390095909740511
Epoch 20: reducing lr to 0.0044550779328414915
Epoch 28: reducing lr to 0.0047213455919371435
Epoch 31: reducing lr to 0.0046545522397098416
Epoch 37: reducing lr to 0.004414803433456523
Epoch 43: reducing lr to 0.004046975826714486
Epoch 46: reducing lr to 0.0038219771101915866
Epoch 49: reducing lr to 0.003574181362824967
Epoch 52: reducing lr to 0.0033074963117095796
Epoch 55: reducing lr to 0.0030261273096273767
Epoch 62: reducing lr to 0.0023377174843075476
Epoch 66: reducing lr to 0.001942006792906308
Epoch 69: reducing lr to 0.001652611463118687
Epoch 72: reducing lr to 0.0013746319801497548
Epoch 76: reducing lr to 0.0010292914166998436
Epoch 79: reducing lr to 0.0007945552559957554
Epoch 87: reducing lr to 0.0002993403797318335
Epoch 90: reducing lr to 0.00017102062857334357
Epoch 93: reducing lr to 7.748126460461192e-05
Epoch 96: reducing lr to 2.019773506510905e-05
Epoch 99: reducing lr to 7.326590948930623e-08
[I 2024-06-22 12:05:40,568] Trial 194 finished with value: 2.4637792110443115 and parameters: {'hidden_size': 117, 'n_layers': 6, 'rnn_dropout': 0.5196664439027832, 'bidirectional': True, 'fc_dropout': 0.2214451700804693, 'learning_rate_model': 0.04752805227340119}. Best is trial 120 with value: 1.8680797815322876.
[I 2024-06-22 12:06:31,925] Trial 195 finished with value: 3.838385820388794 and parameters: {'hidden_size': 157, 'n_layers': 5, 'rnn_dropout': 0.6663745150696564, 'bidirectional': False, 'fc_dropout': 0.7988164056718448, 'learning_rate_model': 3.619072928538003e-05}. Best is trial 120 with value: 1.8680797815322876.
Epoch 35: reducing lr to 0.0005222833010084327
Epoch 50: reducing lr to 0.00040384684094466327
Epoch 53: reducing lr to 0.00037233992622069944
Epoch 56: reducing lr to 0.0003393011635132281
Epoch 59: reducing lr to 0.0003052517403542287
Epoch 62: reducing lr to 0.0002707285116121681
Epoch 66: reducing lr to 0.0002249016881267748
Epoch 71: reducing lr to 0.0001697467219753975
Epoch 76: reducing lr to 0.00011920111610102006
Epoch 79: reducing lr to 9.201657740651806e-05
Epoch 82: reducing lr to 6.772109029580513e-05
Epoch 85: reducing lr to 4.6697880695039e-05
Epoch 91: reducing lr to 1.5737502309888517e-05
Epoch 95: reducing lr to 4.076023323414026e-06
Epoch 98: reducing lr to 3.0352302080966996e-07
[I 2024-06-22 12:06:37,101] Trial 196 finished with value: 1.8720263242721558 and parameters: {'hidden_size': 29, 'n_layers': 1, 'rnn_dropout': 0.011795032719957544, 'bidirectional': True, 'fc_dropout': 0.6733894609486798, 'learning_rate_model': 0.005504171884830901}. Best is trial 120 with value: 1.8680797815322876.
[I 2024-06-22 12:06:54,642] Trial 197 finished with value: 9.122628211975098 and parameters: {'hidden_size': 106, 'n_layers': 3, 'rnn_dropout': 0.2829182296536041, 'bidirectional': False, 'fc_dropout': 0.5805140363958952, 'learning_rate_model': 1.269705997902816e-05}. Best is trial 120 with value: 1.8680797815322876.
Epoch 19: reducing lr to 0.0013885815513881828
Epoch 26: reducing lr to 0.0015330435206939498
Epoch 29: reducing lr to 0.0015194036414842966
Epoch 32: reducing lr to 0.0014939094259865766
Epoch 35: reducing lr to 0.001456962932835669
Epoch 38: reducing lr to 0.0014091468203988225
Epoch 43: reducing lr to 0.001307419455682897
Epoch 46: reducing lr to 0.0012347311787863832
Epoch 49: reducing lr to 0.0011546780736988696
Epoch 52: reducing lr to 0.001068522574062216
Epoch 55: reducing lr to 0.0009776232647260876
Epoch 58: reducing lr to 0.0008834140231040535
Epoch 61: reducing lr to 0.0007873801684231245
Epoch 64: reducing lr to 0.0006910367093128115
Epoch 67: reducing lr to 0.0005959024000131254
Epoch 70: reducing lr to 0.0005034782007065751
Epoch 73: reducing lr to 0.00041522140737491035
Epoch 76: reducing lr to 0.00033252376129296014
Epoch 79: reducing lr to 0.0002566896973899923
Epoch 82: reducing lr to 0.00018891493973040573
Epoch 85: reducing lr to 0.0001302685364117274
Epoch 88: reducing lr to 8.167513817077081e-05
Epoch 91: reducing lr to 4.390137972370873e-05
Epoch 94: reducing lr to 1.7542783907470785e-05
Epoch 97: reducing lr to 3.0151191834118867e-06
[I 2024-06-22 12:07:19,305] Trial 198 finished with value: 1.8917454481124878 and parameters: {'hidden_size': 101, 'n_layers': 2, 'rnn_dropout': 0.023172948942318784, 'bidirectional': True, 'fc_dropout': 0.2637880633954088, 'learning_rate_model': 0.015354453027065824}. Best is trial 120 with value: 1.8680797815322876.
Epoch 10: reducing lr to 0.0015094597328982773
Epoch 13: reducing lr to 0.002150582616814661
Epoch 17: reducing lr to 0.0029255488573287623
Epoch 20: reducing lr to 0.0033411137697918524
Epoch 23: reducing lr to 0.003547745772072509
Epoch 27: reducing lr to 0.003551363654788578
Epoch 33: reducing lr to 0.0034422807909286228
Epoch 36: reducing lr to 0.0033479315069239726
Epoch 41: reducing lr to 0.0031367228111563866
Epoch 45: reducing lr to 0.002924599176427574
Epoch 51: reducing lr to 0.002548528409970877
Epoch 54: reducing lr to 0.0023408228590456387
Epoch 57: reducing lr to 0.002124307268777467
Epoch 71: reducing lr to 0.001099247241185742
Epoch 76: reducing lr to 0.0007719235841225781
Epoch 80: reducing lr to 0.0005412294549456559
Epoch 87: reducing lr to 0.00022449220409907837
Epoch 90: reducing lr to 0.0001282579980998025
Epoch 96: reducing lr to 1.5147418689846064e-05
Epoch 99: reducing lr to 5.494623051272018e-08
[I 2024-06-22 12:07:45,579] Trial 199 finished with value: 1.8935800790786743 and parameters: {'hidden_size': 76, 'n_layers': 3, 'rnn_dropout': 0.742487262800581, 'bidirectional': True, 'fc_dropout': 0.76154813405434, 'learning_rate_model': 0.03564396230455292}. Best is trial 120 with value: 1.8680797815322876.
Epoch 17: reducing lr to 0.001023025312362188
Epoch 22: reducing lr to 0.0012254916701076144
Epoch 25: reducing lr to 0.0012459897551787761
Epoch 30: reducing lr to 0.0012275573717679836
Epoch 35: reducing lr to 0.0011827124065160082
Epoch 38: reducing lr to 0.0011438969307507086
Epoch 41: reducing lr to 0.001096870020009464
Epoch 44: reducing lr to 0.0010423733170099874
Epoch 49: reducing lr to 0.0009373279529066034
Epoch 56: reducing lr to 0.0007683487005186334
Epoch 59: reducing lr to 0.0006912436597733007
Epoch 64: reducing lr to 0.0005609598370986434
Epoch 67: reducing lr to 0.0004837330763085933
Epoch 70: reducing lr to 0.0004087062896151156
Epoch 73: reducing lr to 0.0003370624597823821
Epoch 77: reducing lr to 0.0002487425652164265
[I 2024-06-22 12:08:05,113] Trial 200 finished with value: 2.2601397037506104 and parameters: {'hidden_size': 111, 'n_layers': 3, 'rnn_dropout': 0.5682836626556875, 'bidirectional': False, 'fc_dropout': 0.7923249575119574, 'learning_rate_model': 0.012464216955083157}. Best is trial 120 with value: 1.8680797815322876.
Epoch 5: reducing lr to 0.0008947796173122292
Epoch 21: reducing lr to 0.005209406073685222
Epoch 24: reducing lr to 0.005404917041926511
Epoch 27: reducing lr to 0.005385406904191557
Epoch 30: reducing lr to 0.005323363856709316
Epoch 41: reducing lr to 0.004756631628236452
Epoch 44: reducing lr to 0.004520303953677819
Epoch 47: reducing lr to 0.004255310285264705
Epoch 50: reducing lr to 0.003965829647484722
Epoch 53: reducing lr to 0.00365642755776975
Epoch 56: reducing lr to 0.0033319825172811054
Epoch 59: reducing lr to 0.002997612656846279
Epoch 62: reducing lr to 0.0026585899626191843
Epoch 65: reducing lr to 0.002320262023861628
Epoch 68: reducing lr to 0.0019879629849730374
Epoch 73: reducing lr to 0.0014616881924425494
Epoch 84: reducing lr to 0.0005236138687798097
Epoch 90: reducing lr to 0.00019449472811749677
Epoch 93: reducing lr to 8.811625602820755e-05
Epoch 96: reducing lr to 2.2970053512538085e-05
Epoch 99: reducing lr to 8.332230600066604e-08
[I 2024-06-22 12:08:13,285] Trial 201 finished with value: 1.8733925819396973 and parameters: {'hidden_size': 77, 'n_layers': 1, 'rnn_dropout': 0.1479244722227267, 'bidirectional': True, 'fc_dropout': 0.6405277265033917, 'learning_rate_model': 0.05405169938844537}. Best is trial 120 with value: 1.8680797815322876.
[I 2024-06-22 12:08:45,759] Trial 202 finished with value: 9.026737213134766 and parameters: {'hidden_size': 48, 'n_layers': 7, 'rnn_dropout': 0.7659159410613351, 'bidirectional': True, 'fc_dropout': 0.04606680448653897, 'learning_rate_model': 1.0548472419055645e-05}. Best is trial 120 with value: 1.8680797815322876.
[I 2024-06-22 12:08:50,490] Trial 203 finished with value: 4.491088390350342 and parameters: {'hidden_size': 73, 'n_layers': 1, 'rnn_dropout': 0.23508998837643535, 'bidirectional': False, 'fc_dropout': 0.38156073798942236, 'learning_rate_model': 0.00012970411945941392}. Best is trial 120 with value: 1.8680797815322876.
Epoch 19: reducing lr to 0.0032988636877746384
Epoch 22: reducing lr to 0.0035865153460350836
Epoch 26: reducing lr to 0.0036420630802271635
Epoch 29: reducing lr to 0.0036096587160863794
Epoch 33: reducing lr to 0.0035227972390253826
Epoch 36: reducing lr to 0.0034262410841435663
Epoch 43: reducing lr to 0.003106046283511856
Epoch 46: reducing lr to 0.002933360194645777
Epoch 51: reducing lr to 0.002608139600314586
Epoch 54: reducing lr to 0.0023955757260199833
Epoch 57: reducing lr to 0.002173995741722159
Epoch 60: reducing lr to 0.0019468950787172167
Epoch 63: reducing lr to 0.001717854415881515
Epoch 66: reducing lr to 0.0014904865361052648
Epoch 69: reducing lr to 0.0012683761685021368
Epoch 72: reducing lr to 0.0010550274417149153
Epoch 77: reducing lr to 0.0007279682507205509
Epoch 80: reducing lr to 0.0005538890478040913
Epoch 83: reducing lr to 0.00039983895440015777
Epoch 86: reducing lr to 0.0002682467983316728
Epoch 89: reducing lr to 0.00016118864587245097
Epoch 92: reducing lr to 8.035233782964432e-05
Epoch 95: reducing lr to 2.7012949235735023e-05
Epoch 98: reducing lr to 2.0115321484819036e-06
