[I 2024-06-22 17:54:21,856] Trial 629 finished with value: 1.868192434310913 and parameters: {'hidden_size': 173, 'n_layers': 2, 'rnn_dropout': 0.08979993571330087, 'bidirectional': True, 'fc_dropout': 0.3332465768337092, 'learning_rate_model': 0.0005687332994092819}. Best is trial 346 with value: 1.8583240509033203.
Epoch 45: reducing lr to 7.183679864661138e-05
Epoch 50: reducing lr to 6.423789405489047e-05
Epoch 60: reducing lr to 4.672849675610132e-05
Epoch 66: reducing lr to 3.5773984961376455e-05
Epoch 72: reducing lr to 2.5322292365265155e-05
Epoch 75: reducing lr to 2.0492618770266453e-05
Epoch 78: reducing lr to 1.6030152471818727e-05
Epoch 81: reducing lr to 1.2005256022909407e-05
Epoch 85: reducing lr to 7.427997964918752e-06
Epoch 96: reducing lr to 3.7206536718223167e-07
Epoch 99: reducing lr to 1.3496418003371494e-09
[I 2024-06-22 17:55:15,176] Trial 630 finished with value: 1.865598201751709 and parameters: {'hidden_size': 177, 'n_layers': 2, 'rnn_dropout': 0.06482343370147241, 'bidirectional': True, 'fc_dropout': 0.3250342939368317, 'learning_rate_model': 0.0008755210504323907}. Best is trial 346 with value: 1.8583240509033203.
Epoch 30: reducing lr to 7.287030377780686e-05
Epoch 41: reducing lr to 6.511243661690616e-05
Epoch 45: reducing lr to 6.070915090989284e-05
Epoch 48: reducing lr to 5.6963344645784056e-05
Epoch 53: reducing lr to 5.005199607770781e-05
Epoch 57: reducing lr to 4.409660359568499e-05
Epoch 65: reducing lr to 3.176153332254523e-05
Epoch 68: reducing lr to 2.7212768188190233e-05
Epoch 71: reducing lr to 2.281829496168608e-05
Epoch 74: reducing lr to 1.8647397248170654e-05
Epoch 80: reducing lr to 1.1234900468415886e-05
Epoch 85: reducing lr to 6.2773878834577065e-06
Epoch 88: reducing lr to 3.93576635506573e-06
Epoch 91: reducing lr to 2.1155222645141712e-06
Epoch 96: reducing lr to 3.1443178078866247e-07
Epoch 99: reducing lr to 1.1405798876662662e-09
[I 2024-06-22 17:56:05,722] Trial 631 finished with value: 1.8665543794631958 and parameters: {'hidden_size': 171, 'n_layers': 2, 'rnn_dropout': 0.036905054083010876, 'bidirectional': True, 'fc_dropout': 0.3684189026785516, 'learning_rate_model': 0.0007399012842562848}. Best is trial 346 with value: 1.8583240509033203.
Epoch 30: reducing lr to 5.6450180135527076e-05
Epoch 45: reducing lr to 4.702934291570878e-05
Epoch 53: reducing lr to 3.877360252736874e-05
Epoch 57: reducing lr to 3.4160159726127966e-05
Epoch 65: reducing lr to 2.460459452598408e-05
Epoch 68: reducing lr to 2.108081875016869e-05
Epoch 72: reducing lr to 1.6577726088773376e-05
Epoch 75: reducing lr to 1.3415887310468452e-05
Epoch 80: reducing lr to 8.703300554099618e-06
Epoch 86: reducing lr to 4.2149822564847835e-06
Epoch 89: reducing lr to 2.532769399391443e-06
Epoch 92: reducing lr to 1.2625823693905015e-06
Epoch 98: reducing lr to 3.160735698218807e-08
[I 2024-06-22 17:57:00,339] Trial 632 finished with value: 1.86815345287323 and parameters: {'hidden_size': 180, 'n_layers': 2, 'rnn_dropout': 0.09796916265388507, 'bidirectional': True, 'fc_dropout': 0.2958360518449889, 'learning_rate_model': 0.0005731767072926034}. Best is trial 346 with value: 1.8583240509033203.
Epoch 45: reducing lr to 3.62589021525893e-05
Epoch 53: reducing lr to 2.98938529220585e-05
Epoch 57: reducing lr to 2.633695927341511e-05
Epoch 68: reducing lr to 1.6252987963893532e-05
Epoch 72: reducing lr to 1.2781172580756686e-05
Epoch 75: reducing lr to 1.0343443372200662e-05
Epoch 80: reducing lr to 6.710111254611356e-06
Epoch 86: reducing lr to 3.2496866793716794e-06
Epoch 89: reducing lr to 1.952726364733701e-06
Epoch 92: reducing lr to 9.734316440135338e-07
Epoch 98: reducing lr to 2.436878750726348e-08
[I 2024-06-22 17:57:54,791] Trial 633 finished with value: 1.8654570579528809 and parameters: {'hidden_size': 175, 'n_layers': 2, 'rnn_dropout': 0.08298567114360925, 'bidirectional': True, 'fc_dropout': 0.3456806482637733, 'learning_rate_model': 0.0004419104511648184}. Best is trial 346 with value: 1.8583240509033203.
Epoch 45: reducing lr to 7.801201235115837e-05
Epoch 60: reducing lr to 5.074535801659079e-05
Epoch 66: reducing lr to 3.8849177708849637e-05
Epoch 72: reducing lr to 2.7499039795419566e-05
Epoch 75: reducing lr to 2.225419922285216e-05
Epoch 79: reducing lr to 1.589480451481038e-05
Epoch 85: reducing lr to 8.066521335871856e-06
Epoch 96: reducing lr to 4.040487405743772e-07
Epoch 99: reducing lr to 1.4656593108446082e-09
[I 2024-06-22 17:58:44,157] Trial 634 finished with value: 1.867889165878296 and parameters: {'hidden_size': 169, 'n_layers': 2, 'rnn_dropout': 0.06557398537349587, 'bidirectional': True, 'fc_dropout': 0.3653255716652568, 'learning_rate_model': 0.0009507823328267517}. Best is trial 346 with value: 1.8583240509033203.
Epoch 30: reducing lr to 6.824946105064803e-05
Epoch 45: reducing lr to 5.6859469710410824e-05
Epoch 48: reducing lr to 5.335119205172175e-05
Epoch 53: reducing lr to 4.687810506772004e-05
Epoch 65: reducing lr to 2.9747474883809944e-05
Epoch 68: reducing lr to 2.5487155483848055e-05
Epoch 72: reducing lr to 2.004282126802263e-05
Epoch 75: reducing lr to 1.6220091348821903e-05
Epoch 80: reducing lr to 1.0522474343802371e-05
Epoch 85: reducing lr to 5.879326936226363e-06
Epoch 88: reducing lr to 3.686192023757116e-06
Epoch 96: reducing lr to 2.944930714362951e-07
Epoch 99: reducing lr to 1.0682535763308424e-09
[I 2024-06-22 17:59:47,529] Trial 635 finished with value: 1.8671820163726807 and parameters: {'hidden_size': 200, 'n_layers': 2, 'rnn_dropout': 0.0012849549542507804, 'bidirectional': True, 'fc_dropout': 0.31244904088048087, 'learning_rate_model': 0.0006929827551583946}. Best is trial 346 with value: 1.8583240509033203.
Epoch 30: reducing lr to 5.260758040796878e-05
Epoch 45: reducing lr to 4.382802557993974e-05
Epoch 53: reducing lr to 3.613425869975972e-05
Epoch 57: reducing lr to 3.183485588933195e-05
Epoch 65: reducing lr to 2.2929744100436436e-05
Epoch 68: reducing lr to 1.9645833986760947e-05
Epoch 72: reducing lr to 1.5449269711852703e-05
Epoch 75: reducing lr to 1.2502659313668595e-05
Epoch 80: reducing lr to 8.110861340305272e-06
Epoch 86: reducing lr to 3.928065728821869e-06
Epoch 97: reducing lr to 1.0489183002350281e-07
[I 2024-06-22 18:00:43,878] Trial 636 finished with value: 1.8629887104034424 and parameters: {'hidden_size': 181, 'n_layers': 2, 'rnn_dropout': 0.04090281027269944, 'bidirectional': True, 'fc_dropout': 0.2952329070328722, 'learning_rate_model': 0.0005341602036428803}. Best is trial 346 with value: 1.8583240509033203.
Epoch 30: reducing lr to 6.124115394980846e-05
Epoch 45: reducing lr to 5.1020762427056225e-05
Epoch 53: reducing lr to 4.206435047446108e-05
Epoch 57: reducing lr to 3.705936093942133e-05
Epoch 65: reducing lr to 2.6692806960417268e-05
Epoch 68: reducing lr to 2.2869965399004757e-05
Epoch 71: reducing lr to 1.9176792769818935e-05
Epoch 74: reducing lr to 1.56715159184811e-05
Epoch 80: reducing lr to 9.441956922465568e-06
Epoch 86: reducing lr to 4.572711311910248e-06
Epoch 89: reducing lr to 2.7477276482573416e-06
Epoch 97: reducing lr to 1.2210591440874486e-07
[I 2024-06-22 18:01:37,215] Trial 637 finished with value: 1.864098072052002 and parameters: {'hidden_size': 177, 'n_layers': 2, 'rnn_dropout': 0.032336813704581094, 'bidirectional': True, 'fc_dropout': 0.32388857180710523, 'learning_rate_model': 0.000621822691929004}. Best is trial 346 with value: 1.8583240509033203.
Epoch 30: reducing lr to 6.059275556506336e-05
Epoch 45: reducing lr to 5.048057371713609e-05
Epoch 53: reducing lr to 4.161898889741852e-05
Epoch 57: reducing lr to 3.666699031569825e-05
Epoch 65: reducing lr to 2.641019352482406e-05
Epoch 68: reducing lr to 2.262782677705709e-05
Epoch 72: reducing lr to 1.7794276339065928e-05
Epoch 75: reducing lr to 1.4400407200473148e-05
Epoch 80: reducing lr to 9.34198902142998e-06
Epoch 86: reducing lr to 4.524297158398733e-06
Epoch 89: reducing lr to 2.7186357377699924e-06
Epoch 92: reducing lr to 1.3552365059875133e-06
Epoch 98: reducing lr to 3.3926851093855207e-08
[I 2024-06-22 18:02:30,170] Trial 638 finished with value: 1.8689374923706055 and parameters: {'hidden_size': 173, 'n_layers': 2, 'rnn_dropout': 0.01583153143933682, 'bidirectional': True, 'fc_dropout': 0.3351739758192904, 'learning_rate_model': 0.0006152390663269282}. Best is trial 346 with value: 1.8583240509033203.
Epoch 30: reducing lr to 7.803010789061457e-05
Epoch 41: reducing lr to 6.9722921283956e-05
Epoch 45: reducing lr to 6.500784750247285e-05
Epoch 48: reducing lr to 6.0996808001155916e-05
Epoch 53: reducing lr to 5.3596080318161417e-05
Epoch 60: reducing lr to 4.228639149252685e-05
Epoch 65: reducing lr to 3.4010505561860355e-05
Epoch 68: reducing lr to 2.9139651238471556e-05
Epoch 72: reducing lr to 2.2915104118045782e-05
Epoch 75: reducing lr to 1.8544549047866495e-05
Epoch 78: reducing lr to 1.450629380710211e-05
Epoch 81: reducing lr to 1.0864012142365316e-05
Epoch 85: reducing lr to 6.721877478526737e-06
Epoch 88: reducing lr to 4.214450295890785e-06
Epoch 91: reducing lr to 2.26531827077841e-06
Epoch 97: reducing lr to 1.5558063591037102e-07
[I 2024-06-22 18:03:21,536] Trial 639 finished with value: 1.8678067922592163 and parameters: {'hidden_size': 176, 'n_layers': 2, 'rnn_dropout': 0.03747273421367828, 'bidirectional': True, 'fc_dropout': 0.3247320002371147, 'learning_rate_model': 0.0007922922513808105}. Best is trial 346 with value: 1.8583240509033203.
Epoch 30: reducing lr to 5.5536333340011984e-05
Epoch 45: reducing lr to 4.626800585326683e-05
Epoch 53: reducing lr to 3.814591396490281e-05
Epoch 57: reducing lr to 3.360715613207284e-05
Epoch 65: reducing lr to 2.4206281716201424e-05
Epoch 68: reducing lr to 2.0739550775196337e-05
Epoch 72: reducing lr to 1.6309356673002144e-05
Epoch 75: reducing lr to 1.3198703492839728e-05
Epoch 80: reducing lr to 8.562406702163745e-06
Epoch 86: reducing lr to 4.146747788162555e-06
Epoch 89: reducing lr to 2.491767524926997e-06
Epoch 92: reducing lr to 1.2421429863881668e-06
Epoch 98: reducing lr to 3.1095679573487405e-08
[I 2024-06-22 18:04:16,247] Trial 640 finished with value: 1.8685190677642822 and parameters: {'hidden_size': 180, 'n_layers': 2, 'rnn_dropout': 0.02674840489495725, 'bidirectional': True, 'fc_dropout': 0.3476287117976447, 'learning_rate_model': 0.0005638978051533065}. Best is trial 346 with value: 1.8583240509033203.
Epoch 30: reducing lr to 6.893101136269169e-05
Epoch 41: reducing lr to 6.159252638740105e-05
Epoch 45: reducing lr to 5.7427277700792006e-05
Epoch 53: reducing lr to 4.7346237513677526e-05
Epoch 57: reducing lr to 4.171278732113658e-05
Epoch 65: reducing lr to 3.0044538047056394e-05
Epoch 68: reducing lr to 2.5741674398806673e-05
Epoch 71: reducing lr to 2.1584761799226466e-05
Epoch 74: reducing lr to 1.7639338454216098e-05
Epoch 80: reducing lr to 1.0627553498451921e-05
Epoch 86: reducing lr to 5.1468921643430235e-06
Epoch 92: reducing lr to 1.5417325408323652e-06
Epoch 98: reducing lr to 3.8595573620024084e-08
[I 2024-06-22 18:05:05,567] Trial 641 finished with value: 1.8685438632965088 and parameters: {'hidden_size': 169, 'n_layers': 2, 'rnn_dropout': 0.017525302466828055, 'bidirectional': True, 'fc_dropout': 0.3139556131976357, 'learning_rate_model': 0.0006999029946115468}. Best is trial 346 with value: 1.8583240509033203.
Epoch 23: reducing lr to 9.581093038816094e-05
Epoch 35: reducing lr to 9.13403549028166e-05
Epoch 45: reducing lr to 7.898214418624588e-05
Epoch 48: reducing lr to 7.410887868983498e-05
Epoch 51: reducing lr to 6.882592321076262e-05
Epoch 56: reducing lr to 5.933922956065652e-05
Epoch 60: reducing lr to 5.1376410668754256e-05
Epoch 66: reducing lr to 3.9332293358945624e-05
Epoch 72: reducing lr to 2.7841008847823827e-05
Epoch 75: reducing lr to 2.253094515568731e-05
Epoch 78: reducing lr to 1.762461353665035e-05
Epoch 81: reducing lr to 1.3199375251376891e-05
Epoch 84: reducing lr to 9.325031989070097e-06
Epoch 87: reducing lr to 6.062668613105457e-06
Epoch 96: reducing lr to 4.0907335837803065e-07
Epoch 99: reducing lr to 1.4838857699994885e-09
[I 2024-06-22 18:05:59,313] Trial 642 finished with value: 1.870690107345581 and parameters: {'hidden_size': 178, 'n_layers': 2, 'rnn_dropout': 0.03881356125992321, 'bidirectional': True, 'fc_dropout': 0.29857663788101696, 'learning_rate_model': 0.0009626059505173458}. Best is trial 346 with value: 1.8583240509033203.
Epoch 30: reducing lr to 5.434896805117397e-05
Epoch 45: reducing lr to 4.5278797152764766e-05
Epoch 53: reducing lr to 3.7330355366973285e-05
Epoch 57: reducing lr to 3.288863605255161e-05
