[I 2024-06-22 03:05:52,511] Trial 592 finished with value: 0.9717784523963928 and parameters: {'hidden_size': 200, 'n_layers': 4, 'rnn_dropout': 0.00023398528940882235, 'bidirectional': True, 'fc_dropout': 0.23960270608225837, 'learning_rate_model': 0.0011500113052093867}. Best is trial 153 with value: 0.9688200950622559.
Epoch 23: reducing lr to 0.0001425747583319417
Epoch 27: reducing lr to 0.00011543390435180788
Epoch 30: reducing lr to 9.306551826764681e-05
Epoch 33: reducing lr to 7.052545015147178e-05
Epoch 36: reducing lr to 4.922998337259555e-05
Epoch 39: reducing lr to 3.0517181419072713e-05
Epoch 42: reducing lr to 1.5562828479236862e-05
Epoch 45: reducing lr to 5.306583322869669e-06
Epoch 48: reducing lr to 3.9287061050653077e-07
[I 2024-06-22 03:07:10,288] Trial 593 finished with value: 0.9831926822662354 and parameters: {'hidden_size': 199, 'n_layers': 4, 'rnn_dropout': 0.0013558755507210654, 'bidirectional': True, 'fc_dropout': 0.2287638247398046, 'learning_rate_model': 0.001806645815608624}. Best is trial 153 with value: 0.9688200950622559.
Epoch 18: reducing lr to 0.00011628732188202274
Epoch 23: reducing lr to 9.866972104433203e-05
Epoch 27: reducing lr to 7.988672942326334e-05
Epoch 30: reducing lr to 6.440655298138873e-05
Epoch 33: reducing lr to 4.880756295423905e-05
Epoch 36: reducing lr to 3.406990678589743e-05
Epoch 39: reducing lr to 2.111959938005789e-05
Epoch 42: reducing lr to 1.0770349272708983e-05
Epoch 45: reducing lr to 3.6724529804007437e-06
Epoch 48: reducing lr to 2.718884745008237e-07
[I 2024-06-22 03:08:25,285] Trial 594 finished with value: 0.9725674986839294 and parameters: {'hidden_size': 200, 'n_layers': 4, 'rnn_dropout': 0.017169952827141535, 'bidirectional': True, 'fc_dropout': 0.2398469722588444, 'learning_rate_model': 0.00125030012842095}. Best is trial 153 with value: 0.9688200950622559.
Epoch 18: reducing lr to 0.00012939926667171158
Epoch 23: reducing lr to 0.00010979519812823833
Epoch 26: reducing lr to 9.441819371956258e-05
Epoch 29: reducing lr to 7.747954386021261e-05
Epoch 32: reducing lr to 6.004356656391989e-05
Epoch 37: reducing lr to 3.2839088028729686e-05
Epoch 40: reducing lr to 1.9300652326397135e-05
Epoch 43: reducing lr to 8.920475379297363e-06
Epoch 46: reducing lr to 2.3507969960980543e-06
Epoch 49: reducing lr to 4.4050550010834095e-09
[I 2024-06-22 03:09:39,160] Trial 595 finished with value: 0.9711711406707764 and parameters: {'hidden_size': 196, 'n_layers': 4, 'rnn_dropout': 0.018178577424229635, 'bidirectional': True, 'fc_dropout': 0.2508981627623564, 'learning_rate_model': 0.001391277373309507}. Best is trial 153 with value: 0.9688200950622559.
Epoch 18: reducing lr to 0.00012955261529202524
Epoch 23: reducing lr to 0.00010992531433819141
Epoch 27: reducing lr to 8.899968247966093e-05
Epoch 30: reducing lr to 7.175362924901299e-05
Epoch 33: reducing lr to 5.437520896015537e-05
Epoch 37: reducing lr to 3.287800501003176e-05
Epoch 40: reducing lr to 1.9323525163945098e-05
Epoch 43: reducing lr to 8.931046865729569e-06
Epoch 46: reducing lr to 2.353582881097719e-06
Epoch 49: reducing lr to 4.4102753483498545e-09
[I 2024-06-22 03:10:53,000] Trial 596 finished with value: 0.9711508750915527 and parameters: {'hidden_size': 196, 'n_layers': 4, 'rnn_dropout': 0.014462578614957854, 'bidirectional': True, 'fc_dropout': 0.24578128538405455, 'learning_rate_model': 0.0013929261497760068}. Best is trial 153 with value: 0.9688200950622559.
Epoch 18: reducing lr to 0.00015130630359761084
Epoch 23: reducing lr to 0.00012838330547651258
Epoch 27: reducing lr to 0.00010394396861077857
Epoch 36: reducing lr to 4.4329782269121335e-05
Epoch 39: reducing lr to 2.7479595057670326e-05
Epoch 42: reducing lr to 1.401375240683688e-05
Epoch 45: reducing lr to 4.778382343039985e-06
Epoch 48: reducing lr to 3.5376547848655053e-07
[I 2024-06-22 03:12:06,723] Trial 597 finished with value: 0.9763771295547485 and parameters: {'hidden_size': 196, 'n_layers': 4, 'rnn_dropout': 0.0010974128426422339, 'bidirectional': True, 'fc_dropout': 0.22869982527235866, 'learning_rate_model': 0.0016268178487326384}. Best is trial 153 with value: 0.9688200950622559.
Epoch 18: reducing lr to 0.0001318532357651629
Epoch 23: reducing lr to 0.00011187738939366195
Epoch 26: reducing lr to 9.620877055362713e-05
Epoch 29: reducing lr to 7.894889071895517e-05
Epoch 32: reducing lr to 6.118225197071022e-05
Epoch 37: reducing lr to 3.346185900071734e-05
Epoch 40: reducing lr to 1.9666676072208543e-05
Epoch 43: reducing lr to 9.089646128427079e-06
Epoch 46: reducing lr to 2.3953782624512675e-06
Epoch 49: reducing lr to 4.488593873517612e-09
[I 2024-06-22 03:13:20,588] Trial 598 finished with value: 0.9712052345275879 and parameters: {'hidden_size': 196, 'n_layers': 4, 'rnn_dropout': 0.01671344216222039, 'bidirectional': True, 'fc_dropout': 0.21666303804959663, 'learning_rate_model': 0.0014176620025453236}. Best is trial 153 with value: 0.9688200950622559.
Epoch 18: reducing lr to 0.00013432313233054883
Epoch 23: reducing lr to 0.00011397309510921907
Epoch 26: reducing lr to 9.801096911607751e-05
Epoch 29: reducing lr to 8.04277743648224e-05
Epoch 32: reducing lr to 6.232832800842064e-05
Epoch 37: reducing lr to 3.408867206402737e-05
Epoch 40: reducing lr to 2.0035075492984386e-05
Epoch 43: reducing lr to 9.259914879306757e-06
Epoch 46: reducing lr to 2.44024888325096e-06
Epoch 49: reducing lr to 4.572674954482492e-09
[I 2024-06-22 03:14:34,277] Trial 599 finished with value: 0.9714718461036682 and parameters: {'hidden_size': 196, 'n_layers': 4, 'rnn_dropout': 0.016751566571718765, 'bidirectional': True, 'fc_dropout': 0.2079496627349067, 'learning_rate_model': 0.0014442178810616549}. Best is trial 153 with value: 0.9688200950622559.
Epoch 18: reducing lr to 0.00017891691528750136
Epoch 23: reducing lr to 0.0001518108925015951
Epoch 26: reducing lr to 0.0001305495185701459
Epoch 32: reducing lr to 8.302063828329892e-05
Epoch 35: reducing lr to 5.9739555582974305e-05
Epoch 38: reducing lr to 3.874847751200259e-05
Epoch 41: reducing lr to 2.1366338839796765e-05
Epoch 44: reducing lr to 8.68534857778058e-06
Epoch 47: reducing lr to 1.5022852040955537e-06
[I 2024-06-22 03:15:47,946] Trial 600 finished with value: 0.98453688621521 and parameters: {'hidden_size': 195, 'n_layers': 4, 'rnn_dropout': 0.018517793341555358, 'bidirectional': True, 'fc_dropout': 0.2063816641263914, 'learning_rate_model': 0.0019236821223520303}. Best is trial 153 with value: 0.9688200950622559.
Epoch 18: reducing lr to 0.0001325609835870844
Epoch 23: reducing lr to 0.00011247791298495747
Epoch 27: reducing lr to 9.106636266545742e-05
Epoch 30: reducing lr to 7.341983523645358e-05
Epoch 36: reducing lr to 3.883777080050754e-05
Epoch 39: reducing lr to 2.4075151284556807e-05
Epoch 42: reducing lr to 1.2277590282930555e-05
Epoch 45: reducing lr to 4.186389121190186e-06
Epoch 48: reducing lr to 3.099375153070181e-07
[I 2024-06-22 03:17:01,744] Trial 601 finished with value: 0.9761568307876587 and parameters: {'hidden_size': 195, 'n_layers': 4, 'rnn_dropout': 0.01815294885284367, 'bidirectional': True, 'fc_dropout': 0.2009727372258169, 'learning_rate_model': 0.0014252715783642238}. Best is trial 153 with value: 0.9688200950622559.
Epoch 18: reducing lr to 0.00014124132621577473
Epoch 23: reducing lr to 0.00011984317836282069
Epoch 27: reducing lr to 9.702955944096596e-05
Epoch 30: reducing lr to 7.822750419264939e-05
Epoch 33: reducing lr to 5.928113924586264e-05
Epoch 36: reducing lr to 4.1380941108696154e-05
Epoch 39: reducing lr to 2.5651637489867876e-05
Epoch 42: reducing lr to 1.3081549995861514e-05
Epoch 45: reducing lr to 4.460521757850043e-06
Epoch 48: reducing lr to 3.3023280697995743e-07
[I 2024-06-22 03:18:10,600] Trial 602 finished with value: 0.9751679301261902 and parameters: {'hidden_size': 188, 'n_layers': 4, 'rnn_dropout': 0.026068190856549614, 'bidirectional': True, 'fc_dropout': 0.21480333872298157, 'learning_rate_model': 0.001518601043070618}. Best is trial 153 with value: 0.9688200950622559.
Epoch 18: reducing lr to 0.00018327076813688456
Epoch 22: reducing lr to 0.00016203097098172343
Epoch 27: reducing lr to 0.00012590282438698346
Epoch 30: reducing lr to 0.00010150580688343173
Epoch 33: reducing lr to 7.69215371782982e-05
Epoch 36: reducing lr to 5.3694744069677994e-05
Epoch 39: reducing lr to 3.32848425648097e-05
Epoch 42: reducing lr to 1.6974250953293804e-05
Epoch 45: reducing lr to 5.787847443485439e-06
Epoch 48: reducing lr to 4.2850079237256174e-07
[I 2024-06-22 03:19:23,029] Trial 603 finished with value: 0.9893522262573242 and parameters: {'hidden_size': 193, 'n_layers': 4, 'rnn_dropout': 0.03413181248186818, 'bidirectional': True, 'fc_dropout': 0.22171432216051454, 'learning_rate_model': 0.0019704939560808393}. Best is trial 153 with value: 0.9688200950622559.
Epoch 18: reducing lr to 0.00014197451384627077
Epoch 23: reducing lr to 0.00012046528761603397
Epoch 27: reducing lr to 9.753324256743218e-05
Epoch 30: reducing lr to 7.863358533033997e-05
Epoch 33: reducing lr to 5.9588869279141846e-05
Epoch 36: reducing lr to 4.159575071840506e-05
Epoch 39: reducing lr to 2.5784795849488554e-05
Epoch 42: reducing lr to 1.3149456683667808e-05
Epoch 45: reducing lr to 4.483676449653327e-06
Epoch 48: reducing lr to 3.319470546137536e-07
[I 2024-06-22 03:20:38,820] Trial 604 finished with value: 0.9734548926353455 and parameters: {'hidden_size': 197, 'n_layers': 4, 'rnn_dropout': 0.013768792318845792, 'bidirectional': True, 'fc_dropout': 0.1956372269822993, 'learning_rate_model': 0.0015264841430829813}. Best is trial 153 with value: 0.9688200950622559.
Epoch 18: reducing lr to 0.0001283929246620339
Epoch 23: reducing lr to 0.00010894131755241057
Epoch 27: reducing lr to 8.820300155113458e-05
Epoch 30: reducing lr to 7.111132641845734e-05
Epoch 33: reducing lr to 5.388846911169477e-05
Epoch 36: reducing lr to 3.761661120411863e-05
Epoch 39: reducing lr to 2.3318166488064128e-05
Epoch 42: reducing lr to 1.1891551205879925e-05
Epoch 45: reducing lr to 4.0547582591662345e-06
Epoch 48: reducing lr to 3.0019228113684247e-07
[I 2024-06-22 03:21:49,888] Trial 605 finished with value: 0.9753077030181885 and parameters: {'hidden_size': 190, 'n_layers': 4, 'rnn_dropout': 0.037710737360722175, 'bidirectional': True, 'fc_dropout': 0.24911551207724106, 'learning_rate_model': 0.0013804573671078687}. Best is trial 153 with value: 0.9688200950622559.
Epoch 23: reducing lr to 0.00014018194466841613
Epoch 27: reducing lr to 0.0001134965921178707
Epoch 33: reducing lr to 6.93418306754644e-05
Epoch 36: reducing lr to 4.840376295148269e-05
Epoch 39: reducing lr to 3.0005015524308687e-05
Epoch 42: reducing lr to 1.530163954885466e-05
Epoch 45: reducing lr to 5.217523623732485e-06
Epoch 48: reducing lr to 3.8627711404324183e-07
[I 2024-06-22 03:23:02,698] Trial 606 finished with value: 0.9777637124061584 and parameters: {'hidden_size': 194, 'n_layers': 4, 'rnn_dropout': 0.025177628499526022, 'bidirectional': True, 'fc_dropout': 0.23020399386226012, 'learning_rate_model': 0.0017763251133797282}. Best is trial 153 with value: 0.9688200950622559.
Epoch 18: reducing lr to 0.00012713958108230601
Epoch 23: reducing lr to 0.00010787785629641984
Epoch 27: reducing lr to 8.734198318896362e-05
Epoch 30: reducing lr to 7.041715324149207e-05
Epoch 33: reducing lr to 5.336242169155622e-05
Epoch 36: reducing lr to 3.7249406093183544e-05
Epoch 39: reducing lr to 2.3090539659438082e-05
Epoch 42: reducing lr to 1.1775468490293175e-05
Epoch 45: reducing lr to 4.015176598067276e-06
Epoch 48: reducing lr to 2.9726186990713164e-07
[I 2024-06-22 03:24:11,632] Trial 607 finished with value: 0.975121021270752 and parameters: {'hidden_size': 188, 'n_layers': 4, 'rnn_dropout': 0.001085304699806072, 'bidirectional': True, 'fc_dropout': 0.2162237404466774, 'learning_rate_model': 0.0013669816449626878}. Best is trial 153 with value: 0.9688200950622559.
Epoch 18: reducing lr to 0.0001056644488625375
Epoch 23: reducing lr to 8.965621982546864e-05
Epoch 27: reducing lr to 7.25890587153055e-05
Epoch 36: reducing lr to 3.095761313500859e-05
Epoch 39: reducing lr to 1.9190319224613544e-05
Epoch 42: reducing lr to 9.786475443233673e-06
Epoch 45: reducing lr to 3.336973574310305e-06
Epoch 48: reducing lr to 2.4705140117813487e-07
[I 2024-06-22 03:25:27,433] Trial 608 finished with value: 0.9709330797195435 and parameters: {'hidden_size': 197, 'n_layers': 4, 'rnn_dropout': 0.015357313840130773, 'bidirectional': True, 'fc_dropout': 0.2510138899545806, 'learning_rate_model': 0.0011360849303623292}. Best is trial 153 with value: 0.9688200950622559.
Epoch 23: reducing lr to 8.486820269663586e-05
Epoch 26: reducing lr to 7.298226643284475e-05
Epoch 29: reducing lr to 5.988922781023007e-05
Epoch 36: reducing lr to 2.9304347112341707e-05
Epoch 39: reducing lr to 1.8165475913864036e-05
Epoch 42: reducing lr to 9.263836722302534e-06
Epoch 45: reducing lr to 3.1587652284380175e-06
Epoch 48: reducing lr to 2.3385782305443414e-07
[I 2024-06-22 03:26:43,116] Trial 609 finished with value: 0.9711276292800903 and parameters: {'hidden_size': 197, 'n_layers': 4, 'rnn_dropout': 0.0004079662491093468, 'bidirectional': True, 'fc_dropout': 0.242262054762764, 'learning_rate_model': 0.0010754132433675755}. Best is trial 153 with value: 0.9688200950622559.
Epoch 18: reducing lr to 0.00015532126453220968
Epoch 23: reducing lr to 0.00013178999735839004
Epoch 27: reducing lr to 0.00010670215490861654
Epoch 36: reducing lr to 4.5506087154099084e-05
Epoch 39: reducing lr to 2.820877486070456e-05
Epoch 42: reducing lr to 1.4385611788255803e-05
Epoch 45: reducing lr to 4.905178239719243e-06
Epoch 48: reducing lr to 3.6315275808009117e-07
[I 2024-06-22 03:27:56,802] Trial 610 finished with value: 0.9778722524642944 and parameters: {'hidden_size': 196, 'n_layers': 4, 'rnn_dropout': 0.012540768231452906, 'bidirectional': True, 'fc_dropout': 0.23368543778498707, 'learning_rate_model': 0.0016699859782491723}. Best is trial 153 with value: 0.9688200950622559.
Epoch 23: reducing lr to 8.647941045164523e-05
Epoch 26: reducing lr to 7.436782179891146e-05
Epoch 29: reducing lr to 6.102621416346166e-05
Epoch 36: reducing lr to 2.986068493761255e-05
Epoch 39: reducing lr to 1.8510344247773202e-05
Epoch 42: reducing lr to 9.439709017153276e-06
Epoch 45: reducing lr to 3.2187338252811103e-06
Epoch 48: reducing lr to 2.3829757229035068e-07
[I 2024-06-22 03:29:10,593] Trial 611 finished with value: 0.9706838130950928 and parameters: {'hidden_size': 196, 'n_layers': 4, 'rnn_dropout': 0.018104343442142283, 'bidirectional': True, 'fc_dropout': 0.20615624908885127, 'learning_rate_model': 0.001095829772791997}. Best is trial 153 with value: 0.9688200950622559.
Epoch 18: reducing lr to 0.0001201763339733659
Epoch 23: reducing lr to 0.00010196954541022607
Epoch 27: reducing lr to 8.25583917475546e-05
Epoch 30: reducing lr to 6.656050974342054e-05
Epoch 33: reducing lr to 5.0439840655763544e-05
Epoch 36: reducing lr to 3.5209311127633945e-05
Epoch 39: reducing lr to 2.1825904900075738e-05
Epoch 42: reducing lr to 1.1130543469906571e-05
Epoch 45: reducing lr to 3.795271304999834e-06
Epoch 48: reducing lr to 2.8098127625871514e-07
[I 2024-06-22 03:30:26,281] Trial 612 finished with value: 0.9720659852027893 and parameters: {'hidden_size': 197, 'n_layers': 4, 'rnn_dropout': 0.0005295285870716911, 'bidirectional': True, 'fc_dropout': 0.19967976278879188, 'learning_rate_model': 0.001292114078888999}. Best is trial 153 with value: 0.9688200950622559.
Epoch 23: reducing lr to 8.586537685235763e-05
Epoch 27: reducing lr to 6.951984919820417e-05
Epoch 33: reducing lr to 4.2473818127325555e-05
Epoch 36: reducing lr to 2.964866378999282e-05
Epoch 39: reducing lr to 1.8378914428314972e-05
Epoch 42: reducing lr to 9.372683831924098e-06
Epoch 45: reducing lr to 3.1958797065311655e-06
Epoch 48: reducing lr to 2.366055774530567e-07
[I 2024-06-22 03:31:42,478] Trial 613 finished with value: 0.9728676080703735 and parameters: {'hidden_size': 198, 'n_layers': 4, 'rnn_dropout': 0.015984973437752206, 'bidirectional': True, 'fc_dropout': 0.2096372309391494, 'learning_rate_model': 0.001088049003981481}. Best is trial 153 with value: 0.9688200950622559.
Epoch 18: reducing lr to 0.0001315876672186843
Epoch 23: reducing lr to 0.0001116520546454271
Epoch 27: reducing lr to 9.039771659031176e-05
Epoch 30: reducing lr to 7.288075710450887e-05
Epoch 33: reducing lr to 5.522935129844334e-05
Epoch 36: reducing lr to 3.855260817565817e-05
Epoch 39: reducing lr to 2.3898381784339773e-05
Epoch 42: reducing lr to 1.2187443248233609e-05
Epoch 45: reducing lr to 4.155650958678975e-06
Epoch 48: reducing lr to 3.0766182868592877e-07
[I 2024-06-22 03:32:55,138] Trial 614 finished with value: 0.9747804403305054 and parameters: {'hidden_size': 194, 'n_layers': 4, 'rnn_dropout': 0.0005358454902153198, 'bidirectional': True, 'fc_dropout': 0.19222193267386298, 'learning_rate_model': 0.001414806657849161}. Best is trial 153 with value: 0.9688200950622559.
Epoch 23: reducing lr to 8.600838709085535e-05
Epoch 27: reducing lr to 6.963563568373085e-05
Epoch 36: reducing lr to 2.969804414136584e-05
Epoch 39: reducing lr to 1.8409524821375306e-05
Epoch 42: reducing lr to 9.388294195487433e-06
Epoch 45: reducing lr to 3.201202498275598e-06
Epoch 48: reducing lr to 2.3699964804707336e-07
[I 2024-06-22 03:34:10,954] Trial 615 finished with value: 0.9708996415138245 and parameters: {'hidden_size': 197, 'n_layers': 4, 'rnn_dropout': 0.01876260022726497, 'bidirectional': True, 'fc_dropout': 0.22311481163220725, 'learning_rate_model': 0.0010898611680138376}. Best is trial 153 with value: 0.9688200950622559.
Epoch 22: reducing lr to 0.00017453139792443078
Epoch 27: reducing lr to 0.00013561602334267894
Epoch 30: reducing lr to 0.00010933681545863814
Epoch 33: reducing lr to 8.285590916898708e-05
Epoch 36: reducing lr to 5.783720659633957e-05
Epoch 39: reducing lr to 3.5852714251685244e-05
Epoch 42: reducing lr to 1.828378691832093e-05
Epoch 45: reducing lr to 6.234370498210511e-06
Epoch 48: reducing lr to 4.615589343900852e-07
[I 2024-06-22 03:35:26,711] Trial 616 finished with value: 0.9984918832778931 and parameters: {'hidden_size': 197, 'n_layers': 4, 'rnn_dropout': 0.01561092205895364, 'bidirectional': True, 'fc_dropout': 0.22297930615213032, 'learning_rate_model': 0.0021225143728554404}. Best is trial 153 with value: 0.9688200950622559.
Epoch 18: reducing lr to 0.00012627260539624765
Epoch 23: reducing lr to 0.00010714222796040583
Epoch 27: reducing lr to 8.674639072946094e-05
Epoch 30: reducing lr to 6.993697264610143e-05
Epoch 33: reducing lr to 5.299853877042388e-05
Epoch 36: reducing lr to 3.699539920462853e-05
Epoch 39: reducing lr to 2.293308329303918e-05
Epoch 42: reducing lr to 1.1695170562723146e-05
Epoch 45: reducing lr to 3.987796765161445e-06
Epoch 48: reducing lr to 2.9523481577177923e-07
[I 2024-06-22 03:36:41,598] Trial 617 finished with value: 0.9736799597740173 and parameters: {'hidden_size': 200, 'n_layers': 4, 'rnn_dropout': 0.01629752728459038, 'bidirectional': True, 'fc_dropout': 0.21143980912195898, 'learning_rate_model': 0.001357660080117327}. Best is trial 153 with value: 0.9688200950622559.
Epoch 23: reducing lr to 0.00014030690453722706
Epoch 27: reducing lr to 0.00011359776434297488
Epoch 30: reducing lr to 9.158517917235633e-05
Epoch 33: reducing lr to 6.940364281599939e-05
Epoch 36: reducing lr to 4.844691064701991e-05
Epoch 39: reducing lr to 3.003176235545342e-05
Epoch 42: reducing lr to 1.5315279614093718e-05
Epoch 45: reducing lr to 5.222174586943769e-06
Epoch 48: reducing lr to 3.866214461011822e-07
[I 2024-06-22 03:37:54,020] Trial 618 finished with value: 0.9781777858734131 and parameters: {'hidden_size': 193, 'n_layers': 4, 'rnn_dropout': 0.015770723064335586, 'bidirectional': True, 'fc_dropout': 0.23640402231970725, 'learning_rate_model': 0.0017779085509162704}. Best is trial 153 with value: 0.9688200950622559.
Epoch 23: reducing lr to 8.940520124704393e-05
Epoch 27: reducing lr to 7.238582460211877e-05
Epoch 30: reducing lr to 5.835914777079666e-05
Epoch 36: reducing lr to 3.087093832253379e-05
Epoch 39: reducing lr to 1.913659036273808e-05
Epoch 42: reducing lr to 9.759075368165467e-06
Epoch 45: reducing lr to 3.327630749412093e-06
Epoch 48: reducing lr to 2.463597091611905e-07
[I 2024-06-22 03:39:08,943] Trial 619 finished with value: 0.9716746211051941 and parameters: {'hidden_size': 200, 'n_layers': 4, 'rnn_dropout': 0.0011624355808199623, 'bidirectional': True, 'fc_dropout': 0.22112038356975, 'learning_rate_model': 0.0011329041312527477}. Best is trial 153 with value: 0.9688200950622559.
Epoch 18: reducing lr to 0.0001461510838784738
Epoch 23: reducing lr to 0.00012400910471776136
Epoch 27: reducing lr to 0.00010040245061763058
Epoch 33: reducing lr to 6.134183943513484e-05
Epoch 36: reducing lr to 4.281940390242363e-05
Epoch 39: reducing lr to 2.654332639637285e-05
Epoch 42: reducing lr to 1.3536284046107138e-05
Epoch 45: reducing lr to 4.61557609971301e-06
Epoch 48: reducing lr to 3.417121883903711e-07
[I 2024-06-22 03:40:21,777] Trial 620 finished with value: 0.9780392050743103 and parameters: {'hidden_size': 194, 'n_layers': 4, 'rnn_dropout': 0.029133647382193893, 'bidirectional': True, 'fc_dropout': 0.17702535928526908, 'learning_rate_model': 0.0015713898642149924}. Best is trial 153 with value: 0.9688200950622559.
Epoch 18: reducing lr to 0.00012092576992732956
Epoch 23: reducing lr to 0.00010260544135590112
Epoch 27: reducing lr to 8.307323710047365e-05
Epoch 30: reducing lr to 6.697559012960477e-05
Epoch 33: reducing lr to 5.0754390358269914e-05
Epoch 36: reducing lr to 3.5428881177750396e-05
Epoch 39: reducing lr to 2.1962014209780055e-05
Epoch 42: reducing lr to 1.1199955051935318e-05
Epoch 45: reducing lr to 3.818939132740743e-06
Epoch 48: reducing lr to 2.8273351369066757e-07
