[I 2024-06-22 15:04:28,959] Trial 438 finished with value: 2.469001293182373 and parameters: {'hidden_size': 66, 'n_layers': 5, 'rnn_dropout': 0.2057717987627643, 'bidirectional': True, 'fc_dropout': 0.1332301148892321, 'learning_rate_model': 0.0017033973020565553}. Best is trial 346 with value: 1.8583240509033203.
Epoch 31: reducing lr to 9.332896018743814e-05
Epoch 37: reducing lr to 8.852172940744874e-05
Epoch 41: reducing lr to 8.386460424268317e-05
Epoch 44: reducing lr to 7.969788954886493e-05
Epoch 49: reducing lr to 7.16663199669168e-05
Epoch 52: reducing lr to 6.631898745536152e-05
Epoch 55: reducing lr to 6.0677225360766115e-05
Epoch 61: reducing lr to 4.8869585706303617e-05
Epoch 64: reducing lr to 4.2889926678743434e-05
Epoch 67: reducing lr to 3.698531481730699e-05
Epoch 72: reducing lr to 2.7562903312859437e-05
Epoch 75: reducing lr to 2.2305882170720612e-05
Epoch 78: reducing lr to 1.7448560197385895e-05
Epoch 81: reducing lr to 1.3067525887169439e-05
Epoch 84: reducing lr to 9.231883675944827e-06
Epoch 87: reducing lr to 6.002108246662722e-06
Epoch 90: reducing lr to 3.429154215776344e-06
Epoch 93: reducing lr to 1.553585712899192e-06
Epoch 96: reducing lr to 4.0498709965826937e-07
Epoch 99: reducing lr to 1.4690631445699043e-09
[I 2024-06-22 15:05:58,713] Trial 439 finished with value: 1.8874785900115967 and parameters: {'hidden_size': 147, 'n_layers': 4, 'rnn_dropout': 0.7022476011839601, 'bidirectional': True, 'fc_dropout': 0.6143895835862447, 'learning_rate_model': 0.0009529904209834922}. Best is trial 346 with value: 1.8583240509033203.
Epoch 20: reducing lr to 0.00020664210930257046
Epoch 27: reducing lr to 0.00021964570113148715
Epoch 30: reducing lr to 0.00021711525377495324
Epoch 35: reducing lr to 0.00020918362773845396
Epoch 41: reducing lr to 0.00019400088193800863
Epoch 44: reducing lr to 0.00018436217520726862
Epoch 50: reducing lr to 0.0001617477470108796
Epoch 60: reducing lr to 0.00011765997598000603
Epoch 66: reducing lr to 9.007707295259958e-05
Epoch 72: reducing lr to 6.376024306980873e-05
Epoch 75: reducing lr to 5.159937082637154e-05
Epoch 78: reducing lr to 4.0363107861879984e-05
Epoch 81: reducing lr to 3.022862350274319e-05
Epoch 84: reducing lr to 2.1355774480252918e-05
Epoch 87: reducing lr to 1.3884454637983369e-05
Epoch 90: reducing lr to 7.932535402384528e-06
Epoch 93: reducing lr to 3.5938522716516455e-06
Epoch 96: reducing lr to 9.36841653480713e-07
Epoch 99: reducing lr to 3.3983293457485323e-09
[I 2024-06-22 15:06:36,162] Trial 440 finished with value: 1.868295669555664 and parameters: {'hidden_size': 139, 'n_layers': 2, 'rnn_dropout': 0.08763337377301479, 'bidirectional': True, 'fc_dropout': 0.2283068259596248, 'learning_rate_model': 0.0022045174340091364}. Best is trial 346 with value: 1.8583240509033203.
Epoch 4: reducing lr to 0.0006167120403959258
Epoch 14: reducing lr to 0.003194997631945311
Epoch 19: reducing lr to 0.004365048324223663
Epoch 22: reducing lr to 0.0047456682914878865
Epoch 26: reducing lr to 0.004819168916854169
Epoch 29: reducing lr to 0.0047762915418615454
Epoch 32: reducing lr to 0.004696149700336669
Epoch 37: reducing lr to 0.004483460726312228
Epoch 41: reducing lr to 0.004247586010425917
Epoch 44: reducing lr to 0.0040365496715232315
Epoch 47: reducing lr to 0.0037999151185926948
Epoch 50: reducing lr to 0.0035414141449153806
Epoch 53: reducing lr to 0.00326512367498107
Epoch 56: reducing lr to 0.0029754001220889618
Epoch 59: reducing lr to 0.0026768138844959514
Epoch 62: reducing lr to 0.0023740727504826353
Epoch 65: reducing lr to 0.002071952020537517
Epoch 68: reducing lr to 0.0017752149891301756
Epoch 71: reducing lr to 0.0014885431339527612
Epoch 74: reducing lr to 0.0012164561456700091
Epoch 77: reducing lr to 0.0009632458002650432
Epoch 80: reducing lr to 0.0007329046267910713
Epoch 83: reducing lr to 0.0005290659217996104
Epoch 86: reducing lr to 0.0003549435042967508
Epoch 89: reducing lr to 0.00021328442007376714
Epoch 92: reducing lr to 0.00010632201593856888
Epoch 95: reducing lr to 3.574346804045281e-05
Epoch 98: reducing lr to 2.66165439523694e-06
[I 2024-06-22 15:06:56,591] Trial 441 finished with value: 1.9547436237335205 and parameters: {'hidden_size': 86, 'n_layers': 2, 'rnn_dropout': 0.33506811444199425, 'bidirectional': True, 'fc_dropout': 0.30989464559904767, 'learning_rate_model': 0.048267189916329334}. Best is trial 346 with value: 1.8583240509033203.
[I 2024-06-22 15:07:52,340] Trial 442 finished with value: 2.914415121078491 and parameters: {'hidden_size': 169, 'n_layers': 5, 'rnn_dropout': 0.254917491824306, 'bidirectional': False, 'fc_dropout': 0.4516880792549694, 'learning_rate_model': 7.42029573257119e-05}. Best is trial 346 with value: 1.8583240509033203.
Epoch 26: reducing lr to 0.000682931519921108
Epoch 36: reducing lr to 0.000642462247266834
Epoch 39: reducing lr to 0.0006196183751651081
Epoch 42: reducing lr to 0.000592396359398508
Epoch 47: reducing lr to 0.0005384915640611555
Epoch 50: reducing lr to 0.0005018590106270721
Epoch 56: reducing lr to 0.00042164833040923973
Epoch 62: reducing lr to 0.00033643334356263935
Epoch 68: reducing lr to 0.0002515683288198156
Epoch 71: reducing lr to 0.00021094363830726257
Epoch 74: reducing lr to 0.00017238579074793848
Epoch 77: reducing lr to 0.00013650298003292337
Epoch 80: reducing lr to 0.00010386099333043672
Epoch 83: reducing lr to 7.497471044217467e-05
Epoch 86: reducing lr to 5.029956638949642e-05
Epoch 89: reducing lr to 3.0224849074506414e-05
Epoch 92: reducing lr to 1.5067049360328616e-05
Epoch 95: reducing lr to 5.065259462217094e-06
Epoch 98: reducing lr to 3.771869616951001e-07
[I 2024-06-22 15:08:15,240] Trial 443 finished with value: 2.565077781677246 and parameters: {'hidden_size': 62, 'n_layers': 7, 'rnn_dropout': 0.19105130663711362, 'bidirectional': False, 'fc_dropout': 0.6129798455343353, 'learning_rate_model': 0.006840014521299888}. Best is trial 346 with value: 1.8583240509033203.
[I 2024-06-22 15:09:27,861] Trial 444 finished with value: 1.9630001783370972 and parameters: {'hidden_size': 97, 'n_layers': 6, 'rnn_dropout': 0.41401015371409555, 'bidirectional': True, 'fc_dropout': 0.7071288527490794, 'learning_rate_model': 0.00012658226359631904}. Best is trial 346 with value: 1.8583240509033203.
Epoch 11: reducing lr to 0.000591306887557569
Epoch 19: reducing lr to 0.001106740047177002
Epoch 26: reducing lr to 0.001221880455433839
Epoch 34: reducing lr to 0.0011720462540338824
Epoch 37: reducing lr to 0.0011367630246424687
Epoch 40: reducing lr to 0.001093202432644815
Epoch 43: reducing lr to 0.001042051486724753
Epoch 46: reducing lr to 0.0009841168073238646
Epoch 54: reducing lr to 0.0008036948000782503
Epoch 58: reducing lr to 0.0007041067747368359
Epoch 61: reducing lr to 0.0006275649880813048
Epoch 64: reducing lr to 0.0005507764376541824
Epoch 67: reducing lr to 0.0004749516149369085
Epoch 70: reducing lr to 0.0004012868290274543
Epoch 76: reducing lr to 0.0002650311484355622
Epoch 79: reducing lr to 0.00020458918492417198
Epoch 82: reducing lr to 0.00015057072384452326
Epoch 85: reducing lr to 0.00010382782774973655
Epoch 88: reducing lr to 6.509747027961011e-05
Epoch 91: reducing lr to 3.4990681690952495e-05
Epoch 94: reducing lr to 1.398211107583886e-05
Epoch 97: reducing lr to 2.403138039647375e-06
[I 2024-06-22 15:11:40,249] Trial 445 finished with value: 2.459009885787964 and parameters: {'hidden_size': 130, 'n_layers': 7, 'rnn_dropout': 0.15153441763500305, 'bidirectional': True, 'fc_dropout': 0.10298528367723812, 'learning_rate_model': 0.012237947458371016}. Best is trial 346 with value: 1.8583240509033203.
[I 2024-06-22 15:12:32,433] Trial 446 finished with value: 7.190546989440918 and parameters: {'hidden_size': 192, 'n_layers': 4, 'rnn_dropout': 0.5508441598065185, 'bidirectional': False, 'fc_dropout': 0.25476569585094605, 'learning_rate_model': 1.2462785417518953e-05}. Best is trial 346 with value: 1.8583240509033203.
Epoch 58: reducing lr to 1.267040128714284e-05
Epoch 81: reducing lr to 3.0197101921130994e-06
Epoch 84: reducing lr to 2.1333505262863294e-06
Epoch 87: reducing lr to 1.386997630852945e-06
Epoch 90: reducing lr to 7.924263571480451e-07
Epoch 93: reducing lr to 3.590104700821239e-07
Epoch 96: reducing lr to 9.358647406340018e-08
Epoch 99: reducing lr to 3.3947856609151116e-10
[I 2024-06-22 15:13:49,505] Trial 447 finished with value: 2.5758109092712402 and parameters: {'hidden_size': 165, 'n_layers': 7, 'rnn_dropout': 0.5900708079333449, 'bidirectional': False, 'fc_dropout': 0.4674155241820646, 'learning_rate_model': 0.00022022186235388098}. Best is trial 346 with value: 1.8583240509033203.
[I 2024-06-22 15:15:16,233] Trial 448 finished with value: 3.9334335327148438 and parameters: {'hidden_size': 179, 'n_layers': 7, 'rnn_dropout': 0.7900151269635534, 'bidirectional': False, 'fc_dropout': 0.2557200894896421, 'learning_rate_model': 2.784247303202293e-05}. Best is trial 346 with value: 1.8583240509033203.
Epoch 33: reducing lr to 3.384249435385771e-05
Epoch 43: reducing lr to 2.9838888440156772e-05
Epoch 46: reducing lr to 2.8179943121732236e-05
Epoch 57: reducing lr to 2.088494841528197e-05
Epoch 60: reducing lr to 1.8703258018695758e-05
Epoch 65: reducing lr to 1.5042836203750766e-05
Epoch 68: reducing lr to 1.2888458826860604e-05
Epoch 72: reducing lr to 1.0135343540032988e-05
Epoch 75: reducing lr to 8.202248369759864e-06
Epoch 78: reducing lr to 6.416129312362533e-06
Epoch 81: reducing lr to 4.805149246485407e-06
Epoch 87: reducing lr to 2.207076241348278e-06
Epoch 92: reducing lr to 7.719216732642032e-07
Epoch 98: reducing lr to 1.9324207656197825e-08
[I 2024-06-22 15:16:39,871] Trial 449 finished with value: 1.8686397075653076 and parameters: {'hidden_size': 176, 'n_layers': 3, 'rnn_dropout': 0.335465838533509, 'bidirectional': True, 'fc_dropout': 0.33673846761190396, 'learning_rate_model': 0.00035043062036654225}. Best is trial 346 with value: 1.8583240509033203.
Epoch 12: reducing lr to 0.0049228505502530405
Epoch 15: reducing lr to 0.006506667941525726
Epoch 19: reducing lr to 0.008192110086035142
Epoch 22: reducing lr to 0.008906439101699856
Epoch 25: reducing lr to 0.009055411918766607
Epoch 28: reducing lr to 0.008998590999902478
Epoch 31: reducing lr to 0.008871287025537128
Epoch 34: reducing lr to 0.00867550782449918
Epoch 37: reducing lr to 0.008414340714749636
Epoch 40: reducing lr to 0.00809190441548688
Epoch 43: reducing lr to 0.007713284177563058
Epoch 46: reducing lr to 0.007284450620250457
Epoch 51: reducing lr to 0.006476826188577092
Epoch 54: reducing lr to 0.005948963620327052
Epoch 57: reducing lr to 0.00539871123161613
Epoch 66: reducing lr to 0.0037013441418564186
Epoch 70: reducing lr to 0.0029703324532749224
Epoch 74: reducing lr to 0.002282985644136043
Epoch 77: reducing lr to 0.0018077728010229277
Epoch 80: reducing lr to 0.0013754797058987411
Epoch 83: reducing lr to 0.0009929251527640097
Epoch 86: reducing lr to 0.0006661406805935452
Epoch 89: reducing lr to 0.0004002818111277645
Epoch 92: reducing lr to 0.00019953998087589297
Epoch 95: reducing lr to 6.708159985746449e-05
Epoch 98: reducing lr to 4.9952633274993885e-06
[I 2024-06-22 15:16:59,426] Trial 450 finished with value: 2.493163824081421 and parameters: {'hidden_size': 38, 'n_layers': 4, 'rnn_dropout': 0.1862832777951968, 'bidirectional': True, 'fc_dropout': 0.05754157184737157, 'learning_rate_model': 0.09058551107987103}. Best is trial 346 with value: 1.8583240509033203.
Epoch 26: reducing lr to 0.0004344861684124187
Epoch 29: reducing lr to 0.000430620434155424
Epoch 32: reducing lr to 0.00042339501370338697
Epoch 36: reducing lr to 0.0004087393128330712
Epoch 44: reducing lr to 0.00036392685764818314
Epoch 48: reducing lr to 0.0003350252360626734
Epoch 52: reducing lr to 0.0003028343767150951
Epoch 55: reducing lr to 0.0002770722296581661
Epoch 58: reducing lr to 0.00025037200108091813
Epoch 61: reducing lr to 0.0002231546514134381
Epoch 64: reducing lr to 0.00019584955548146484
Epoch 67: reducing lr to 0.00016888714966961155
Epoch 71: reducing lr to 0.00013420392892348165
Epoch 74: reducing lr to 0.00010967313636288029
Epoch 77: reducing lr to 8.68442223580969e-05
Epoch 80: reducing lr to 6.607714496010114e-05
Epoch 83: reducing lr to 4.769947457047255e-05
Epoch 86: reducing lr to 3.200096237453362e-05
Epoch 89: reducing lr to 1.9229276262930448e-05
Epoch 92: reducing lr to 9.585770102698166e-06
Epoch 95: reducing lr to 3.2225561590827104e-06
Epoch 98: reducing lr to 2.3996918136238996e-07
[I 2024-06-22 15:17:43,631] Trial 451 finished with value: 1.871209979057312 and parameters: {'hidden_size': 160, 'n_layers': 2, 'rnn_dropout': 0.024594254679757645, 'bidirectional': True, 'fc_dropout': 0.43720919949138237, 'learning_rate_model': 0.004351668673292754}. Best is trial 346 with value: 1.8583240509033203.
[I 2024-06-22 15:17:53,047] Trial 452 finished with value: 2.1323719024658203 and parameters: {'hidden_size': 163, 'n_layers': 1, 'rnn_dropout': 0.5714364111031028, 'bidirectional': False, 'fc_dropout': 0.6769933844702254, 'learning_rate_model': 0.0017442339055707746}. Best is trial 346 with value: 1.8583240509033203.
[I 2024-06-22 15:18:08,156] Trial 453 finished with value: 2.4450440406799316 and parameters: {'hidden_size': 126, 'n_layers': 2, 'rnn_dropout': 0.18100127086965243, 'bidirectional': False, 'fc_dropout': 0.0895643554732649, 'learning_rate_model': 0.0011094087184867307}. Best is trial 346 with value: 1.8583240509033203.
Epoch 71: reducing lr to 8.933013166978403e-05
Epoch 79: reducing lr to 4.8424222157989524e-05
Epoch 86: reducing lr to 2.130079354164655e-05
Epoch 91: reducing lr to 8.281945813949947e-06
Epoch 97: reducing lr to 5.687988363184144e-07
[I 2024-06-22 15:18:15,967] Trial 454 finished with value: 2.0076193809509277 and parameters: {'hidden_size': 134, 'n_layers': 1, 'rnn_dropout': 0.27535708714421453, 'bidirectional': False, 'fc_dropout': 0.5202318153624044, 'learning_rate_model': 0.002896600261160456}. Best is trial 346 with value: 1.8583240509033203.
[I 2024-06-22 15:19:05,246] Trial 455 finished with value: 4.290713787078857 and parameters: {'hidden_size': 166, 'n_layers': 2, 'rnn_dropout': 0.49454547347235644, 'bidirectional': True, 'fc_dropout': 0.24420917725265057, 'learning_rate_model': 1.9294161071421722e-05}. Best is trial 346 with value: 1.8583240509033203.
Epoch 53: reducing lr to 6.489890357168475e-05
Epoch 58: reducing lr to 5.519753425979899e-05
Epoch 68: reducing lr to 3.528488286105628e-05
Epoch 74: reducing lr to 2.4178768694719935e-05
Epoch 78: reducing lr to 1.7565511458692126e-05
Epoch 81: reducing lr to 1.315511269188959e-05
Epoch 84: reducing lr to 9.293761586094457e-06
Epoch 87: reducing lr to 6.042338163744873e-06
Epoch 90: reducing lr to 3.4521385712883103e-06
Epoch 93: reducing lr to 1.5639988247328065e-06
Epoch 96: reducing lr to 4.0770157876611175e-07
Epoch 99: reducing lr to 1.4789097328173594e-09
[I 2024-06-22 15:22:45,171] Trial 456 finished with value: 1.8714618682861328 and parameters: {'hidden_size': 193, 'n_layers': 6, 'rnn_dropout': 0.08116868625920325, 'bidirectional': True, 'fc_dropout': 0.729148112259034, 'learning_rate_model': 0.0009593779641667671}. Best is trial 346 with value: 1.8583240509033203.
Epoch 27: reducing lr to 0.0004337588865269357
Epoch 30: reducing lr to 0.00042876172964141066
Epoch 36: reducing lr to 0.0004089119515129579
Epoch 39: reducing lr to 0.00039437236983174903
Epoch 42: reducing lr to 0.00037704620375959114
Epoch 45: reducing lr to 0.0003572066973750507
Epoch 52: reducing lr to 0.00030296228446798047
Epoch 55: reducing lr to 0.00027718925628726594
Epoch 58: reducing lr to 0.00025047775036998846
Epoch 63: reducing lr to 0.0002050209498870829
Epoch 71: reducing lr to 0.00013426061245843296
Epoch 74: reducing lr to 0.00010971945885960679
Epoch 77: reducing lr to 8.688090263678054e-05
Epoch 80: reducing lr to 6.610505387592701e-05
Epoch 83: reducing lr to 4.771962133410055e-05
Epoch 86: reducing lr to 3.2014478578446406e-05
Epoch 91: reducing lr to 1.2447525784903701e-05
Epoch 94: reducing lr to 4.973972490192845e-06
Epoch 97: reducing lr to 8.548882521751573e-07
[I 2024-06-22 15:23:38,696] Trial 457 finished with value: 1.8667256832122803 and parameters: {'hidden_size': 177, 'n_layers': 2, 'rnn_dropout': 0.29375386072261245, 'bidirectional': True, 'fc_dropout': 0.26481154725263584, 'learning_rate_model': 0.004353506681802027}. Best is trial 346 with value: 1.8583240509033203.
[I 2024-06-22 15:25:13,671] Trial 458 finished with value: 2.1104283332824707 and parameters: {'hidden_size': 102, 'n_layers': 7, 'rnn_dropout': 0.21573621311227864, 'bidirectional': True, 'fc_dropout': 0.4413903764973661, 'learning_rate_model': 5.6607980604122834e-05}. Best is trial 346 with value: 1.8583240509033203.
[I 2024-06-22 15:25:46,359] Trial 459 finished with value: 5.236345291137695 and parameters: {'hidden_size': 48, 'n_layers': 7, 'rnn_dropout': 0.30131817099706404, 'bidirectional': True, 'fc_dropout': 0.11268639751949348, 'learning_rate_model': 2.4290374320837906e-05}. Best is trial 346 with value: 1.8583240509033203.
Epoch 50: reducing lr to 0.0002465470230021937
Epoch 60: reducing lr to 0.00017934541494682394
Epoch 64: reducing lr to 0.0001512313499975085
Epoch 68: reducing lr to 0.00012358734472987603
Epoch 74: reducing lr to 8.46875369711468e-05
Epoch 77: reducing lr to 6.705947815103291e-05
Epoch 80: reducing lr to 5.102353085117356e-05
Epoch 83: reducing lr to 3.683263878608641e-05
Epoch 86: reducing lr to 2.4710542381487303e-05
Epoch 89: reducing lr to 1.484848613298598e-05
Epoch 92: reducing lr to 7.4019517166276635e-06
Epoch 95: reducing lr to 2.4883973679836696e-06
Epoch 98: reducing lr to 1.8529969683113955e-07
[I 2024-06-22 15:25:56,095] Trial 460 finished with value: 2.0109145641326904 and parameters: {'hidden_size': 166, 'n_layers': 1, 'rnn_dropout': 0.41305283654363933, 'bidirectional': False, 'fc_dropout': 0.7060816020024561, 'learning_rate_model': 0.0033602768542725305}. Best is trial 346 with value: 1.8583240509033203.
Epoch 31: reducing lr to 8.26851683103171e-05
Epoch 35: reducing lr to 8.011500711431683e-05
Epoch 47: reducing lr to 6.646937623154843e-05
Epoch 50: reducing lr to 6.194759141811752e-05
Epoch 53: reducing lr to 5.711462683283054e-05
Epoch 56: reducing lr to 5.204668630276455e-05
Epoch 59: reducing lr to 4.6823716750886076e-05
Epoch 62: reducing lr to 4.152806837204826e-05
Epoch 65: reducing lr to 3.624327230704841e-05
Epoch 68: reducing lr to 3.10526496834167e-05
Epoch 71: reducing lr to 2.6038090462462168e-05
Epoch 74: reducing lr to 2.127865457312233e-05
Epoch 77: reducing lr to 1.6849415185091914e-05
Epoch 80: reducing lr to 1.2820210941464467e-05
Epoch 83: reducing lr to 9.254596671204937e-06
Epoch 86: reducing lr to 6.20878956285281e-06
Epoch 89: reducing lr to 3.7308418529783532e-06
Epoch 92: reducing lr to 1.8598199850671372e-06
Epoch 95: reducing lr to 6.252366042010715e-07
Epoch 98: reducing lr to 4.6558541934185824e-08
[I 2024-06-22 15:28:56,929] Trial 461 finished with value: 1.8701295852661133 and parameters: {'hidden_size': 194, 'n_layers': 5, 'rnn_dropout': 0.007615772973246404, 'bidirectional': True, 'fc_dropout': 0.25118746243755713, 'learning_rate_model': 0.0008443057031695725}. Best is trial 346 with value: 1.8583240509033203.
[I 2024-06-22 15:29:11,037] Trial 462 finished with value: 5.062924385070801 and parameters: {'hidden_size': 122, 'n_layers': 2, 'rnn_dropout': 0.4466292627581215, 'bidirectional': False, 'fc_dropout': 0.15677361163401723, 'learning_rate_model': 4.23649248161928e-05}. Best is trial 346 with value: 1.8583240509033203.
Epoch 63: reducing lr to 2.7887181759623705e-05
Epoch 81: reducing lr to 8.11989540696102e-06
Epoch 84: reducing lr to 5.736505173600261e-06
Epoch 87: reducing lr to 3.7295882636828874e-06
[I 2024-06-22 15:29:40,557] Trial 463 finished with value: 2.5380654335021973 and parameters: {'hidden_size': 155, 'n_layers': 3, 'rnn_dropout': 0.5153565540305731, 'bidirectional': False, 'fc_dropout': 0.704546894325612, 'learning_rate_model': 0.0005921689085628344}. Best is trial 346 with value: 1.8583240509033203.
Epoch 32: reducing lr to 0.0003084989290883479
Epoch 38: reducing lr to 0.00029099507470755693
Epoch 41: reducing lr to 0.00027903193446603765
Epoch 44: reducing lr to 0.0002651685594238117
Epoch 47: reducing lr to 0.00024962358943294086
Epoch 53: reducing lr to 0.00021449213107505027
Epoch 56: reducing lr to 0.00019545964456967356
Epoch 59: reducing lr to 0.00017584495159441362
Epoch 62: reducing lr to 0.00015595731563864234
Epoch 65: reducing lr to 0.00013611043519597309
Epoch 68: reducing lr to 0.00011661722006199694
Epoch 71: reducing lr to 9.778520533391828e-05
Epoch 74: reducing lr to 7.991129801403763e-05
Epoch 79: reducing lr to 5.300756215560302e-05
Epoch 82: reducing lr to 3.9011773794205655e-05
Epoch 85: reducing lr to 2.6901031132047643e-05
Epoch 96: reducing lr to 1.347461600419977e-06
Epoch 99: reducing lr to 4.887825260507795e-09
[I 2024-06-22 15:29:55,112] Trial 464 finished with value: 2.56252121925354 and parameters: {'hidden_size': 53, 'n_layers': 5, 'rnn_dropout': 0.5094687802772401, 'bidirectional': False, 'fc_dropout': 0.6260647824356789, 'learning_rate_model': 0.0031707627204098725}. Best is trial 346 with value: 1.8583240509033203.
Epoch 80: reducing lr to 2.665573558162857e-05
