[I 2024-06-22 13:47:11,244] Trial 331 finished with value: 2.0557634830474854 and parameters: {'hidden_size': 66, 'n_layers': 5, 'rnn_dropout': 0.49884144083644666, 'bidirectional': True, 'fc_dropout': 0.5958670984259942, 'learning_rate_model': 0.000152370936810405}. Best is trial 120 with value: 1.8680797815322876.
Epoch 10: reducing lr to 0.0036223590075950157
Epoch 15: reducing lr to 0.0061440655281353685
Epoch 18: reducing lr to 0.0074014049361624725
Epoch 21: reducing lr to 0.00824393945267336
Epoch 24: reducing lr to 0.008553337599355853
Epoch 29: reducing lr to 0.00846437209842834
Epoch 32: reducing lr to 0.008322347609057356
Epoch 35: reducing lr to 0.008116524181218384
Epoch 38: reducing lr to 0.007850147718167147
Epoch 44: reducing lr to 0.007153428159505709
Epoch 68: reducing lr to 0.0031459721608302106
Epoch 78: reducing lr to 0.001566127065162523
Epoch 81: reducing lr to 0.0011728994103292283
Epoch 84: reducing lr to 0.0008286244093363871
Epoch 87: reducing lr to 0.0005387300766823144
Epoch 90: reducing lr to 0.00030778993608584907
Epoch 93: reducing lr to 0.00013944489433493634
Epoch 96: reducing lr to 3.635034929194425e-05
Epoch 99: reducing lr to 1.3185841840901437e-07
[I 2024-06-22 13:47:25,469] Trial 332 finished with value: 2.0583062171936035 and parameters: {'hidden_size': 89, 'n_layers': 3, 'rnn_dropout': 0.5308821053368749, 'bidirectional': False, 'fc_dropout': 0.012337457874604675, 'learning_rate_model': 0.08553737811366681}. Best is trial 120 with value: 1.8680797815322876.
Epoch 17: reducing lr to 0.0009554103863857553
Epoch 22: reducing lr to 0.0011444951125857555
Epoch 25: reducing lr to 0.0011636384154359919
Epoch 28: reducing lr to 0.0011563368145166956
Epoch 31: reducing lr to 0.0011399780009874957
Epoch 34: reducing lr to 0.0011148199848403787
Epoch 37: reducing lr to 0.001081259492564689
Epoch 40: reducing lr to 0.0010398257877571155
Epoch 43: reducing lr to 0.0009911723352513699
Epoch 49: reducing lr to 0.0008753770320588274
Epoch 56: reducing lr to 0.0007175661442300722
Epoch 59: reducing lr to 0.0006455572155353471
Epoch 64: reducing lr to 0.0005238842560716235
Epoch 67: reducing lr to 0.00045176165218866105
Epoch 70: reducing lr to 0.00038169361926913993
Epoch 73: reducing lr to 0.00031478495306556736
Epoch 77: reducing lr to 0.00023230239513357502
Epoch 80: reducing lr to 0.000176751873884317
Epoch 83: reducing lr to 0.00012759285406049487
Epoch 86: reducing lr to 8.560040039889277e-05
Epoch 89: reducing lr to 5.14370076819216e-05
Epoch 92: reducing lr to 2.564128382512923e-05
Epoch 95: reducing lr to 8.620118804455665e-06
Epoch 98: reducing lr to 6.419012580810222e-07
[I 2024-06-22 13:47:48,180] Trial 333 finished with value: 2.5612595081329346 and parameters: {'hidden_size': 126, 'n_layers': 3, 'rnn_dropout': 0.11739834458198617, 'bidirectional': False, 'fc_dropout': 0.25448700187569345, 'learning_rate_model': 0.011640418074851954}. Best is trial 120 with value: 1.8680797815322876.
Epoch 10: reducing lr to 0.002095552480713592
Epoch 15: reducing lr to 0.003554372090716416
Epoch 18: reducing lr to 0.00428174911493343
Epoch 24: reducing lr to 0.004948147819454045
Epoch 27: reducing lr to 0.004930286482315732
Epoch 30: reducing lr to 0.004873486689140348
Epoch 36: reducing lr to 0.004647865737446947
Epoch 42: reducing lr to 0.004285666206146853
Epoch 45: reducing lr to 0.00406016200742782
Epoch 51: reducing lr to 0.0035380705528521975
Epoch 55: reducing lr to 0.0031506500172449924
Epoch 60: reducing lr to 0.0026410596068827774
Epoch 63: reducing lr to 0.0023303546030221706
Epoch 66: reducing lr to 0.0020219188122371375
Epoch 77: reducing lr to 0.0009875249894503516
Epoch 83: reducing lr to 0.0005424013462606749
Epoch 86: reducing lr to 0.0003638900685989731
Epoch 89: reducing lr to 0.00021866038203884885
Epoch 92: reducing lr to 0.00010900192623646555
Epoch 95: reducing lr to 3.664440362974308e-05
Epoch 98: reducing lr to 2.7287429935886343e-06
[I 2024-06-22 13:48:13,311] Trial 334 finished with value: 2.5408549308776855 and parameters: {'hidden_size': 69, 'n_layers': 7, 'rnn_dropout': 0.561852603835846, 'bidirectional': False, 'fc_dropout': 0.21523390980153484, 'learning_rate_model': 0.04948379344068349}. Best is trial 120 with value: 1.8680797815322876.
Epoch 11: reducing lr to 0.00013612844009034156
Epoch 39: reducing lr to 0.0002552182810851379
Epoch 42: reducing lr to 0.00024400564383923168
Epoch 47: reducing lr to 0.0002218024785367512
Epoch 50: reducing lr to 0.00020671367921456363
Epoch 53: reducing lr to 0.00019058650028689066
Epoch 79: reducing lr to 4.7099750043703765e-05
Epoch 82: reducing lr to 3.466382379696698e-05
Epoch 85: reducing lr to 2.390285066342008e-05
Epoch 88: reducing lr to 1.4986493933115104e-05
Epoch 91: reducing lr to 8.055422685776308e-06
Epoch 94: reducing lr to 3.2189088440788724e-06
Epoch 97: reducing lr to 5.532413701626275e-07
[I 2024-06-22 13:50:25,536] Trial 335 finished with value: 1.9207723140716553 and parameters: {'hidden_size': 141, 'n_layers': 6, 'rnn_dropout': 0.4573082691479611, 'bidirectional': True, 'fc_dropout': 0.1172869614215272, 'learning_rate_model': 0.0028173740784533195}. Best is trial 120 with value: 1.8680797815322876.
Epoch 13: reducing lr to 0.00010254663551960846
Epoch 23: reducing lr to 0.00016916782910847127
Epoch 31: reducing lr to 0.00016644821900526827
Epoch 37: reducing lr to 0.00015787472798951558
Epoch 40: reducing lr to 0.00015182499162088694
Epoch 49: reducing lr to 0.0001278138243177446
Epoch 56: reducing lr to 0.00010477185228321181
Epoch 62: reducing lr to 8.359749590536853e-05
Epoch 68: reducing lr to 6.251010115624685e-05
Epoch 71: reducing lr to 5.241561300945085e-05
Epoch 79: reducing lr to 2.8413540218427745e-05
Epoch 82: reducing lr to 2.091140506405463e-05
Epoch 85: reducing lr to 1.4419707281460372e-05
Epoch 88: reducing lr to 9.040798469347977e-06
Epoch 91: reducing lr to 4.859539089832979e-06
Epoch 94: reducing lr to 1.941848859406321e-06
Epoch 97: reducing lr to 3.3375009224100633e-07
[I 2024-06-22 13:51:18,533] Trial 336 finished with value: 2.465757369995117 and parameters: {'hidden_size': 67, 'n_layers': 7, 'rnn_dropout': 0.15858583216812303, 'bidirectional': True, 'fc_dropout': 0.35806331524051055, 'learning_rate_model': 0.0016996177604808832}. Best is trial 120 with value: 1.8680797815322876.
Epoch 14: reducing lr to 0.0002733948093909228
Epoch 23: reducing lr to 0.0004110912707939045
Epoch 31: reducing lr to 0.00040448240207884413
Epoch 39: reducing lr to 0.00037414418895203477
Epoch 42: reducing lr to 0.0003577067180524345
Epoch 47: reducing lr to 0.0003251573832675437
Epoch 52: reducing lr to 0.00028742271740205157
Epoch 56: reducing lr to 0.0002546039286874077
Epoch 59: reducing lr to 0.00022905401068518643
Epoch 62: reducing lr to 0.00020314855967614506
Epoch 68: reducing lr to 0.0001519045143346952
Epoch 71: reducing lr to 0.00012737410579218489
Epoch 74: reducing lr to 0.00010409171911510248
Epoch 77: reducing lr to 8.242460004570553e-05
Epoch 80: reducing lr to 6.271438787304253e-05
Epoch 83: reducing lr to 4.527198248894145e-05
Epoch 86: reducing lr to 3.0372389241075173e-05
Epoch 89: reducing lr to 1.8250671859377197e-05
Epoch 92: reducing lr to 9.09793703474061e-06
Epoch 95: reducing lr to 3.058555829332614e-06
Epoch 98: reducing lr to 2.2775681858874102e-07
[I 2024-06-22 13:52:07,016] Trial 337 finished with value: 2.567439317703247 and parameters: {'hidden_size': 122, 'n_layers': 7, 'rnn_dropout': 0.27793114624048404, 'bidirectional': False, 'fc_dropout': 0.4614634425856199, 'learning_rate_model': 0.004130206249628986}. Best is trial 120 with value: 1.8680797815322876.
Epoch 16: reducing lr to 6.268846927793406e-05
Epoch 55: reducing lr to 5.173464618029912e-05
Epoch 59: reducing lr to 4.506200033115758e-05
Epoch 66: reducing lr to 3.320053125032488e-05
Epoch 69: reducing lr to 2.8253031207890407e-05
Epoch 72: reducing lr to 2.3500696383434193e-05
Epoch 75: reducing lr to 1.9018452392647493e-05
Epoch 78: reducing lr to 1.4877000106717012e-05
Epoch 81: reducing lr to 1.1141640445901796e-05
Epoch 84: reducing lr to 7.871293268816908e-06
Epoch 87: reducing lr to 5.117520529831804e-06
Epoch 90: reducing lr to 2.923767179466004e-06
Epoch 93: reducing lr to 1.3246190261622932e-06
Epoch 96: reducing lr to 3.4530030310109305e-07
Epoch 99: reducing lr to 1.2525533517500354e-09
[I 2024-06-22 13:52:37,372] Trial 338 finished with value: 1.8925687074661255 and parameters: {'hidden_size': 67, 'n_layers': 4, 'rnn_dropout': 0.4967619100643778, 'bidirectional': True, 'fc_dropout': 0.09072880090466091, 'learning_rate_model': 0.0008125391685209514}. Best is trial 120 with value: 1.8680797815322876.
[I 2024-06-22 13:52:45,715] Trial 339 finished with value: 6.904706954956055 and parameters: {'hidden_size': 20, 'n_layers': 5, 'rnn_dropout': 0.07806609438086759, 'bidirectional': False, 'fc_dropout': 0.09266139736499923, 'learning_rate_model': 0.00012083923722009125}. Best is trial 120 with value: 1.8680797815322876.
Epoch 52: reducing lr to 4.495560607976133e-05
Epoch 55: reducing lr to 4.113122871737963e-05
Epoch 58: reducing lr to 3.7167593640085865e-05
Epoch 61: reducing lr to 3.312719220528613e-05
Epoch 64: reducing lr to 2.907376488305472e-05
Epoch 67: reducing lr to 2.507120973133001e-05
Epoch 70: reducing lr to 2.1182676164400707e-05
Epoch 73: reducing lr to 1.746947652670152e-05
Epoch 76: reducing lr to 1.3990165100598501e-05
Epoch 79: reducing lr to 1.079962295670294e-05
Epoch 92: reducing lr to 1.4230025975996478e-06
Epoch 95: reducing lr to 4.783867896012393e-07
Epoch 98: reducing lr to 3.5623300450985954e-08
[I 2024-06-22 13:53:05,672] Trial 340 finished with value: 2.401160717010498 and parameters: {'hidden_size': 19, 'n_layers': 7, 'rnn_dropout': 0.4892588864971285, 'bidirectional': True, 'fc_dropout': 0.3118709986999874, 'learning_rate_model': 0.0006460029564286756}. Best is trial 120 with value: 1.8680797815322876.
Epoch 17: reducing lr to 0.0011487471080245022
Epoch 20: reducing lr to 0.0013119229819096888
Epoch 23: reducing lr to 0.0013930591811738336
Epoch 26: reducing lr to 0.0013974078714486067
Epoch 29: reducing lr to 0.0013849747772044527
Epoch 35: reducing lr to 0.001328058494928967
Epoch 40: reducing lr to 0.0012502447990480582
Epoch 45: reducing lr to 0.0011483742059668072
Epoch 48: reducing lr to 0.0010775185403911838
Epoch 51: reducing lr to 0.0010007061182172334
Epoch 54: reducing lr to 0.0009191483789409653
Epoch 57: reducing lr to 0.0008341312863226995
Epoch 64: reducing lr to 0.0006298974060544272
Epoch 68: reducing lr to 0.000514756681519974
Epoch 71: reducing lr to 0.000431630832673573
Epoch 74: reducing lr to 0.00035273413788968096
Epoch 77: reducing lr to 0.0002793110776263989
Epoch 80: reducing lr to 0.00021251936011562264
Epoch 83: reducing lr to 0.00015341252742819364
Epoch 86: reducing lr to 0.0001029224863003159
Epoch 89: reducing lr to 6.18457938724816e-05
Epoch 92: reducing lr to 3.08300506880398e-05
Epoch 95: reducing lr to 1.0364484925588606e-05
Epoch 98: reducing lr to 7.717963132546773e-07
[I 2024-06-22 13:54:04,436] Trial 341 finished with value: 1.8773691654205322 and parameters: {'hidden_size': 188, 'n_layers': 2, 'rnn_dropout': 0.4918255128666393, 'bidirectional': True, 'fc_dropout': 0.4046106791891455, 'learning_rate_model': 0.013995971563871303}. Best is trial 120 with value: 1.8680797815322876.
Epoch 21: reducing lr to 0.004861779902973004
Epoch 30: reducing lr to 0.00496813322837272
Epoch 41: reducing lr to 0.0044392193138528425
Epoch 49: reducing lr to 0.0037935254643218716
Epoch 54: reducing lr to 0.003312828921071518
Epoch 57: reducing lr to 0.0030064071401445717
Epoch 69: reducing lr to 0.0017540306524948938
Epoch 72: reducing lr to 0.0014589918337685275
Epoch 77: reducing lr to 0.0010067034193135607
Epoch 83: reducing lr to 0.0005529351618988598
Epoch 86: reducing lr to 0.0003709570696704377
Epoch 91: reducing lr to 0.0001442315444401397
Epoch 94: reducing lr to 5.763424367703218e-05
Epoch 97: reducing lr to 9.905731875204522e-06
[I 2024-06-22 13:54:13,828] Trial 342 finished with value: 2.541278839111328 and parameters: {'hidden_size': 33, 'n_layers': 5, 'rnn_dropout': 0.020847946150714593, 'bidirectional': False, 'fc_dropout': 0.38512036731922916, 'learning_rate_model': 0.05044480351334593}. Best is trial 120 with value: 1.8680797815322876.
Epoch 15: reducing lr to 0.004067681860622786
Epoch 24: reducing lr to 0.005662741720666767
Epoch 27: reducing lr to 0.005642300912774496
Epoch 30: reducing lr to 0.005577298295578031
Epoch 33: reducing lr to 0.005468993304161905
Epoch 41: reducing lr to 0.004983531877014124
Epoch 47: reducing lr to 0.004458296565854763
Epoch 50: reducing lr to 0.004155007158789664
Epoch 53: reducing lr to 0.003830846009173582
Epoch 56: reducing lr to 0.0034909243318218793
Epoch 59: reducing lr to 0.003140604402000547
Epoch 62: reducing lr to 0.0027854096894895973
Epoch 65: reducing lr to 0.0024309428735869573
Epoch 68: reducing lr to 0.0020827925473830286
Epoch 71: reducing lr to 0.0017464513114403648
Epoch 74: reducing lr to 0.0014272219477265743
Epoch 77: reducing lr to 0.001130139834540861
Epoch 80: reducing lr to 0.0008598892550873156
Epoch 83: reducing lr to 0.0006207330186742555
Epoch 86: reducing lr to 0.0004164417774849452
Epoch 89: reducing lr to 0.0002502385363590334
Epoch 92: reducing lr to 0.00012474359656465956
Epoch 95: reducing lr to 4.1936458011069405e-05
Epoch 98: reducing lr to 3.1228183471031234e-06
[I 2024-06-22 13:54:22,909] Trial 343 finished with value: 1.8999005556106567 and parameters: {'hidden_size': 91, 'n_layers': 1, 'rnn_dropout': 0.689081979586423, 'bidirectional': True, 'fc_dropout': 0.7704258710277405, 'learning_rate_model': 0.0566300668124204}. Best is trial 120 with value: 1.8680797815322876.
[I 2024-06-22 13:54:36,120] Trial 344 finished with value: 4.135727882385254 and parameters: {'hidden_size': 64, 'n_layers': 2, 'rnn_dropout': 0.4711269626448618, 'bidirectional': True, 'fc_dropout': 0.4691435371714093, 'learning_rate_model': 4.456357235021669e-05}. Best is trial 120 with value: 1.8680797815322876.
[I 2024-06-22 13:54:51,954] Trial 345 finished with value: 9.070703506469727 and parameters: {'hidden_size': 51, 'n_layers': 6, 'rnn_dropout': 0.12007876908163997, 'bidirectional': False, 'fc_dropout': 0.012071446106383289, 'learning_rate_model': 1.345171370168811e-05}. Best is trial 120 with value: 1.8680797815322876.
Epoch 31: reducing lr to 0.0003499777421030881
Epoch 43: reducing lr to 0.00030429381586822787
Epoch 60: reducing lr to 0.0001907338392678766
Epoch 63: reducing lr to 0.00016829513394231964
Epoch 66: reducing lr to 0.00014602030819028423
Epoch 72: reducing lr to 0.00010335915719908187
Epoch 75: reducing lr to 8.364565791848466e-05
Epoch 78: reducing lr to 6.54310054303258e-05
Epoch 81: reducing lr to 4.900240178054372e-05
Epoch 84: reducing lr to 3.4618984265726404e-05
Epoch 87: reducing lr to 2.2507529150722063e-05
Epoch 90: reducing lr to 1.2859113048622855e-05
Epoch 93: reducing lr to 5.825848899120804e-06
Epoch 96: reducing lr to 1.518676201198643e-06
Epoch 99: reducing lr to 5.508894573673373e-09
[I 2024-06-22 13:55:16,201] Trial 346 finished with value: 1.8583240509033203 and parameters: {'hidden_size': 69, 'n_layers': 3, 'rnn_dropout': 0.28977288442400895, 'bidirectional': True, 'fc_dropout': 0.28671619570026013, 'learning_rate_model': 0.003573654255997655}. Best is trial 346 with value: 1.8583240509033203.
[I 2024-06-22 13:55:31,174] Trial 347 finished with value: 2.592957019805908 and parameters: {'hidden_size': 42, 'n_layers': 7, 'rnn_dropout': 0.5164515266187463, 'bidirectional': False, 'fc_dropout': 0.5963986645985317, 'learning_rate_model': 0.0004107962905784676}. Best is trial 346 with value: 1.8583240509033203.
[I 2024-06-22 13:57:06,501] Trial 348 finished with value: 2.0355281829833984 and parameters: {'hidden_size': 105, 'n_layers': 7, 'rnn_dropout': 0.10995483969938472, 'bidirectional': True, 'fc_dropout': 0.07955220580390786, 'learning_rate_model': 7.815445226932655e-05}. Best is trial 346 with value: 1.8583240509033203.
Epoch 7: reducing lr to 0.00023517666756004457
Epoch 11: reducing lr to 0.0004418541054212301
Epoch 14: reducing lr to 0.0006053312105908824
Epoch 27: reducing lr to 0.000911137058885181
Epoch 30: reducing lr to 0.0009006402253472648
Epoch 33: reducing lr to 0.0008831507839177843
Epoch 36: reducing lr to 0.000858944552877489
Epoch 39: reducing lr to 0.0008284032726826107
Epoch 45: reducing lr to 0.0007503345055737131
Epoch 48: reducing lr to 0.0007040382281751606
Epoch 51: reducing lr to 0.0006538498744884042
Epoch 54: reducing lr to 0.0006005609851545929
Epoch 57: reducing lr to 0.0005450117941125182
Epoch 60: reducing lr to 0.0004880785916167222
Epoch 63: reducing lr to 0.00043065903913962276
Epoch 66: reducing lr to 0.00037365884649791594
Epoch 69: reducing lr to 0.0003179766905418614
Epoch 72: reducing lr to 0.00026449104191505487
Epoch 75: reducing lr to 0.00021404515878470026
Epoch 78: reducing lr to 0.00016743475148973274
Epoch 81: reducing lr to 0.0001253947560573886
Epoch 84: reducing lr to 8.858829219017868e-05
Epoch 87: reducing lr to 5.759566928880532e-05
Epoch 90: reducing lr to 3.2905843086382565e-05
Epoch 93: reducing lr to 1.4908063176252705e-05
Epoch 96: reducing lr to 3.8862183252226515e-06
Epoch 99: reducing lr to 1.4096992516886286e-08
[I 2024-06-22 13:58:56,402] Trial 349 finished with value: 1.8961865901947021 and parameters: {'hidden_size': 165, 'n_layers': 4, 'rnn_dropout': 0.5226009138090556, 'bidirectional': True, 'fc_dropout': 0.41667867244303136, 'learning_rate_model': 0.009144806935610207}. Best is trial 346 with value: 1.8583240509033203.
Epoch 13: reducing lr to 0.0006412603394048477
Epoch 16: reducing lr to 0.0008199881669419061
Epoch 19: reducing lr to 0.0009611723433687226
Epoch 23: reducing lr to 0.001057866198737807
Epoch 34: reducing lr to 0.0010178889319129437
Epoch 38: reducing lr to 0.0009754075662025588
Epoch 46: reducing lr to 0.000854677537201963
Epoch 49: reducing lr to 0.0007992649973090158
Epoch 52: reducing lr to 0.0007396283966375762
Epoch 55: reducing lr to 0.0006767081438963093
Epoch 62: reducing lr to 0.0005227646750772374
Epoch 65: reducing lr to 0.00045623847229269777
Epoch 69: reducing lr to 0.0003695600090025682
Epoch 72: reducing lr to 0.0003073977267473894
Epoch 77: reducing lr to 0.00021210423214398105
Epoch 80: reducing lr to 0.0001613837019144207
Epoch 83: reducing lr to 0.00011649894665097596
Epoch 86: reducing lr to 7.815764098077667e-05
Epoch 89: reducing lr to 4.696467727715297e-05
Epoch 92: reducing lr to 2.3411832726854577e-05
Epoch 95: reducing lr to 7.870619151204364e-06
Epoch 98: reducing lr to 5.860894089328508e-07
[I 2024-06-22 14:00:29,764] Trial 350 finished with value: 2.4590020179748535 and parameters: {'hidden_size': 101, 'n_layers': 7, 'rnn_dropout': 0.5283295477365123, 'bidirectional': True, 'fc_dropout': 0.2992373734936557, 'learning_rate_model': 0.01062831029435455}. Best is trial 346 with value: 1.8583240509033203.
Epoch 38: reducing lr to 3.309951853079579e-05
Epoch 58: reducing lr to 2.0750555162038895e-05
Epoch 63: reducing lr to 1.6984736263885192e-05
Epoch 66: reducing lr to 1.4736709052046816e-05
Epoch 71: reducing lr to 1.1122673534046752e-05
Epoch 81: reducing lr to 4.945436335816625e-06
Epoch 84: reducing lr to 3.4938283936271126e-06
Epoch 87: reducing lr to 2.2715121799525356e-06
[I 2024-06-22 14:02:05,143] Trial 351 finished with value: 2.5491762161254883 and parameters: {'hidden_size': 189, 'n_layers': 7, 'rnn_dropout': 0.20928863414633742, 'bidirectional': False, 'fc_dropout': 0.4374675646526467, 'learning_rate_model': 0.00036066149754058905}. Best is trial 346 with value: 1.8583240509033203.
Epoch 61: reducing lr to 4.5253108533891945e-05
Epoch 64: reducing lr to 3.971595991560637e-05
Epoch 67: reducing lr to 3.424830477684747e-05
Epoch 86: reducing lr to 6.489414468178795e-06
[I 2024-06-22 14:02:24,750] Trial 352 finished with value: 1.8879050016403198 and parameters: {'hidden_size': 34, 'n_layers': 5, 'rnn_dropout': 0.07050813114034708, 'bidirectional': True, 'fc_dropout': 0.5667606332122982, 'learning_rate_model': 0.0008824666370552557}. Best is trial 346 with value: 1.8583240509033203.
Epoch 45: reducing lr to 1.94990334724209e-05
Epoch 48: reducing lr to 1.8295926516873633e-05
Epoch 51: reducing lr to 1.6991675704476967e-05
Epoch 54: reducing lr to 1.5606850897528194e-05
Epoch 62: reducing lr to 1.1688928851278106e-05
Epoch 65: reducing lr to 1.0201414319085795e-05
Epoch 68: reducing lr to 8.740406838605359e-06
Epoch 71: reducing lr to 7.32895602348123e-06
Epoch 74: reducing lr to 5.9893149165483995e-06
Epoch 77: reducing lr to 4.742614405266887e-06
Epoch 80: reducing lr to 3.6085120119388817e-06
Epoch 83: reducing lr to 2.6048965501559703e-06
Epoch 86: reducing lr to 1.7475915037163855e-06
Epoch 89: reducing lr to 1.0501221627776786e-06
Epoch 92: reducing lr to 5.234845812445051e-07
Epoch 95: reducing lr to 1.759856999908072e-07
Epoch 98: reducing lr to 1.3104859085001489e-08
[I 2024-06-22 14:03:28,167] Trial 353 finished with value: 1.8838515281677246 and parameters: {'hidden_size': 145, 'n_layers': 3, 'rnn_dropout': 0.637996787434679, 'bidirectional': True, 'fc_dropout': 0.2542540402804782, 'learning_rate_model': 0.0002376472029630957}. Best is trial 346 with value: 1.8583240509033203.
Epoch 51: reducing lr to 4.548562112821694e-05
Epoch 54: reducing lr to 4.177853434093607e-05
Epoch 66: reducing lr to 2.599389460204323e-05
Epoch 72: reducing lr to 1.8399543677772606e-05
Epoch 75: reducing lr to 1.489023302853379e-05
Epoch 78: reducing lr to 1.1647740509116214e-05
Epoch 86: reducing lr to 4.678189862344787e-06
Epoch 89: reducing lr to 2.8111093729186455e-06
