[I 2024-06-22 04:19:00,140] Trial 652 finished with value: 0.9699122905731201 and parameters: {'hidden_size': 191, 'n_layers': 4, 'rnn_dropout': 0.02746460385174353, 'bidirectional': True, 'fc_dropout': 0.1680821984780284, 'learning_rate_model': 0.0010104239355529932}. Best is trial 153 with value: 0.9688200950622559.
Epoch 23: reducing lr to 7.813141071894846e-05
Epoch 26: reducing lr to 6.718897364006925e-05
Epoch 36: reducing lr to 2.697818390556961e-05
Epoch 39: reducing lr to 1.6723510271621874e-05
Epoch 42: reducing lr to 8.52847837924329e-06
Epoch 45: reducing lr to 2.9080241549360172e-06
Epoch 48: reducing lr to 2.1529431568402275e-07
[I 2024-06-22 04:20:08,902] Trial 653 finished with value: 0.9728888273239136 and parameters: {'hidden_size': 188, 'n_layers': 4, 'rnn_dropout': 0.017645637455282467, 'bidirectional': True, 'fc_dropout': 0.18172046955080226, 'learning_rate_model': 0.0009900475223976813}. Best is trial 153 with value: 0.9688200950622559.
Epoch 31: reducing lr to 4.1296149572123884e-05
Epoch 37: reducing lr to 2.0596364903911084e-05
Epoch 40: reducing lr to 1.2105186290502874e-05
Epoch 43: reducing lr to 5.594837647976859e-06
Epoch 46: reducing lr to 1.474397605204334e-06
Epoch 49: reducing lr to 2.762808764514464e-09
[I 2024-06-22 04:21:14,898] Trial 654 finished with value: 0.9703714847564697 and parameters: {'hidden_size': 186, 'n_layers': 4, 'rnn_dropout': 0.028013163499426525, 'bidirectional': True, 'fc_dropout': 0.17632500612076168, 'learning_rate_model': 0.0008725959879935796}. Best is trial 153 with value: 0.9688200950622559.
Epoch 23: reducing lr to 7.491315060966942e-05
Epoch 31: reducing lr to 4.4924658684267095e-05
Epoch 37: reducing lr to 2.2406075942475214e-05
Epoch 40: reducing lr to 1.3168815205410978e-05
Epoch 43: reducing lr to 6.0864311644908e-06
Epoch 46: reducing lr to 1.603946369455652e-06
Epoch 49: reducing lr to 3.0055644906798288e-09
[I 2024-06-22 04:22:22,536] Trial 655 finished with value: 0.9715744256973267 and parameters: {'hidden_size': 187, 'n_layers': 4, 'rnn_dropout': 0.04658152087855759, 'bidirectional': True, 'fc_dropout': 0.16514965838951767, 'learning_rate_model': 0.0009492671189939285}. Best is trial 153 with value: 0.9688200950622559.
Epoch 23: reducing lr to 6.488500513677969e-05
Epoch 26: reducing lr to 5.579774970981763e-05
Epoch 32: reducing lr to 3.548358390300604e-05
Epoch 37: reducing lr to 1.940671752277001e-05
Epoch 40: reducing lr to 1.1405989940277655e-05
Epoch 43: reducing lr to 5.271679460263788e-06
Epoch 46: reducing lr to 1.389236303296214e-06
Epoch 49: reducing lr to 2.6032287499581053e-09
[I 2024-06-22 04:23:30,260] Trial 656 finished with value: 0.9727046489715576 and parameters: {'hidden_size': 187, 'n_layers': 4, 'rnn_dropout': 0.061643519582402787, 'bidirectional': True, 'fc_dropout': 0.18281797536122213, 'learning_rate_model': 0.0008221947867741523}. Best is trial 153 with value: 0.9688200950622559.
Epoch 23: reducing lr to 6.973506177774952e-05
Epoch 26: reducing lr to 5.9968547661683275e-05
Epoch 37: reducing lr to 2.085734049802169e-05
Epoch 40: reducing lr to 1.2258570550236187e-05
Epoch 43: reducing lr to 5.665729578953284e-06
Epoch 46: reducing lr to 1.493079629569737e-06
Epoch 49: reducing lr to 2.7978161875274152e-09
[I 2024-06-22 04:24:39,459] Trial 657 finished with value: 0.9730638265609741 and parameters: {'hidden_size': 192, 'n_layers': 4, 'rnn_dropout': 0.029510958311754935, 'bidirectional': True, 'fc_dropout': 0.16642937949320585, 'learning_rate_model': 0.0008836526116962367}. Best is trial 153 with value: 0.9688200950622559.
Epoch 23: reducing lr to 8.43479513715997e-05
Epoch 27: reducing lr to 6.8291284269488e-05
Epoch 36: reducing lr to 2.912470827317586e-05
Epoch 39: reducing lr to 1.8054119568214996e-05
Epoch 42: reducing lr to 9.207048394323866e-06
Epoch 45: reducing lr to 3.1394016535848122e-06
Epoch 48: reducing lr to 2.324242491309964e-07
[I 2024-06-22 04:25:51,908] Trial 658 finished with value: 0.971021294593811 and parameters: {'hidden_size': 193, 'n_layers': 4, 'rnn_dropout': 0.029311385262911507, 'bidirectional': True, 'fc_dropout': 0.19906376383228447, 'learning_rate_model': 0.0010688208430686874}. Best is trial 153 with value: 0.9688200950622559.
Epoch 23: reducing lr to 6.729725852486921e-05
Epoch 26: reducing lr to 5.787216290438456e-05
Epoch 37: reducing lr to 2.012820810441229e-05
Epoch 40: reducing lr to 1.1830034568461754e-05
Epoch 43: reducing lr to 5.467666601085251e-06
Epoch 46: reducing lr to 1.4408844456122801e-06
Epoch 49: reducing lr to 2.7000099301201058e-09
[I 2024-06-22 04:26:59,507] Trial 659 finished with value: 0.9724019169807434 and parameters: {'hidden_size': 187, 'n_layers': 4, 'rnn_dropout': 0.043127827885592836, 'bidirectional': True, 'fc_dropout': 0.19015021493083525, 'learning_rate_model': 0.0008527618208043499}. Best is trial 153 with value: 0.9688200950622559.
Epoch 23: reducing lr to 8.316510036738203e-05
Epoch 27: reducing lr to 6.73336034620241e-05
Epoch 36: reducing lr to 2.871627878712112e-05
Epoch 39: reducing lr to 1.7800938155812366e-05
Epoch 42: reducing lr to 9.077933623164487e-06
Epoch 45: reducing lr to 3.0953763472412476e-06
Epoch 48: reducing lr to 2.2916485453968252e-07
[I 2024-06-22 04:28:11,876] Trial 660 finished with value: 0.9699820280075073 and parameters: {'hidden_size': 191, 'n_layers': 4, 'rnn_dropout': 0.028247091355759826, 'bidirectional': True, 'fc_dropout': 0.165878561466365, 'learning_rate_model': 0.0010538322655514597}. Best is trial 153 with value: 0.9688200950622559.
Epoch 23: reducing lr to 6.818220547658901e-05
Epoch 31: reducing lr to 4.0888178970555314e-05
Epoch 37: reducing lr to 2.039289045249039e-05
Epoch 40: reducing lr to 1.1985597413956143e-05
Epoch 43: reducing lr to 5.539565442103599e-06
Epoch 46: reducing lr to 1.459831819188484e-06
Epoch 49: reducing lr to 2.735514579340747e-09
[I 2024-06-22 04:29:19,600] Trial 661 finished with value: 0.972346842288971 and parameters: {'hidden_size': 187, 'n_layers': 4, 'rnn_dropout': 0.06095107803935591, 'bidirectional': True, 'fc_dropout': 0.17878744846466893, 'learning_rate_model': 0.0008639754867159406}. Best is trial 153 with value: 0.9688200950622559.
Epoch 23: reducing lr to 8.144554020445038e-05
Epoch 27: reducing lr to 6.594138266714192e-05
Epoch 36: reducing lr to 2.812252769667766e-05
Epoch 39: reducing lr to 1.743287770761564e-05
Epoch 42: reducing lr to 8.89023405987203e-06
Epoch 45: reducing lr to 3.0313749111522724e-06
Epoch 48: reducing lr to 2.2442653578736825e-07
[I 2024-06-22 04:30:28,761] Trial 662 finished with value: 0.9725221395492554 and parameters: {'hidden_size': 192, 'n_layers': 4, 'rnn_dropout': 0.047392541848048135, 'bidirectional': True, 'fc_dropout': 0.16497379425679454, 'learning_rate_model': 0.001032042741168645}. Best is trial 153 with value: 0.9688200950622559.
Epoch 23: reducing lr to 6.335246267486023e-05
Epoch 26: reducing lr to 5.447984242862706e-05
Epoch 37: reducing lr to 1.8948343225235084e-05
Epoch 40: reducing lr to 1.1136587728366703e-05
Epoch 43: reducing lr to 5.147165751719692e-06
Epoch 46: reducing lr to 1.3564234273481562e-06
Epoch 49: reducing lr to 2.5417421462481034e-09
[I 2024-06-22 04:31:39,730] Trial 663 finished with value: 0.9735677242279053 and parameters: {'hidden_size': 190, 'n_layers': 4, 'rnn_dropout': 0.03102615365044941, 'bidirectional': True, 'fc_dropout': 0.16059022265780143, 'learning_rate_model': 0.0008027750699991597}. Best is trial 153 with value: 0.9688200950622559.
Epoch 23: reducing lr to 8.200821677051829e-05
Epoch 26: reducing lr to 7.052282640440202e-05
Epoch 31: reducing lr to 4.9179498095296845e-05
Epoch 37: reducing lr to 2.452816785722037e-05
Epoch 40: reducing lr to 1.4416041017995126e-05
Epoch 43: reducing lr to 6.662880445345654e-06
Epoch 46: reducing lr to 1.7558570222199085e-06
Epoch 49: reducing lr to 3.2902231752920258e-09
[I 2024-06-22 04:32:45,738] Trial 664 finished with value: 0.9691593050956726 and parameters: {'hidden_size': 186, 'n_layers': 4, 'rnn_dropout': 0.02871790071106125, 'bidirectional': True, 'fc_dropout': 0.19070568031104143, 'learning_rate_model': 0.0010391727358151088}. Best is trial 153 with value: 0.9688200950622559.
Epoch 23: reducing lr to 8.578334758825759e-05
Epoch 26: reducing lr to 7.376924372448996e-05
Epoch 36: reducing lr to 2.962033970685947e-05
Epoch 39: reducing lr to 1.8361356608378964e-05
Epoch 42: reducing lr to 9.363729881151864e-06
Epoch 45: reducing lr to 3.1928266056179986e-06
Epoch 48: reducing lr to 2.3637954244205753e-07
[I 2024-06-22 04:33:48,632] Trial 665 finished with value: 0.9729560613632202 and parameters: {'hidden_size': 178, 'n_layers': 4, 'rnn_dropout': 0.06291256112270241, 'bidirectional': True, 'fc_dropout': 0.16753204624940532, 'learning_rate_model': 0.0010870095645429882}. Best is trial 153 with value: 0.9688200950622559.
Epoch 32: reducing lr to 2.938199109916492e-05
Epoch 37: reducing lr to 1.606962822799109e-05
Epoch 40: reducing lr to 9.444668718314316e-06
Epoch 43: reducing lr to 4.3651858674286646e-06
Epoch 46: reducing lr to 1.1503496605546672e-06
Epoch 49: reducing lr to 2.155589586710395e-09
[I 2024-06-22 04:34:51,411] Trial 666 finished with value: 0.9717938899993896 and parameters: {'hidden_size': 180, 'n_layers': 4, 'rnn_dropout': 0.03966051198196517, 'bidirectional': True, 'fc_dropout': 0.1875476600658278, 'learning_rate_model': 0.0006808139778894034}. Best is trial 153 with value: 0.9688200950622559.
Epoch 23: reducing lr to 8.11565246125831e-05
Epoch 36: reducing lr to 2.8022732803468575e-05
Epoch 39: reducing lr to 1.7371015837021266e-05
Epoch 42: reducing lr to 8.858686399285543e-06
Epoch 45: reducing lr to 3.02061785052109e-06
Epoch 48: reducing lr to 2.236301414371188e-07
[I 2024-06-22 04:35:57,397] Trial 667 finished with value: 0.9712620973587036 and parameters: {'hidden_size': 185, 'n_layers': 4, 'rnn_dropout': 0.030045312219029056, 'bidirectional': True, 'fc_dropout': 0.19666415833831274, 'learning_rate_model': 0.0010283804603006882}. Best is trial 153 with value: 0.9688200950622559.
Epoch 32: reducing lr to 3.583069722849439e-05
Epoch 37: reducing lr to 1.9596561093096932e-05
Epoch 40: reducing lr to 1.1517567482993707e-05
Epoch 43: reducing lr to 5.323248946405962e-06
Epoch 46: reducing lr to 1.4028263181730771e-06
Epoch 49: reducing lr to 2.6286944805565747e-09
[I 2024-06-22 04:37:03,600] Trial 668 finished with value: 0.9705935716629028 and parameters: {'hidden_size': 186, 'n_layers': 4, 'rnn_dropout': 0.04914910528306541, 'bidirectional': True, 'fc_dropout': 0.16444858626383405, 'learning_rate_model': 0.0008302377952655292}. Best is trial 153 with value: 0.9688200950622559.
Epoch 31: reducing lr to 2.729117117245868e-05
Epoch 37: reducing lr to 1.3611412345873792e-05
Epoch 40: reducing lr to 7.999891383375364e-06
Epoch 43: reducing lr to 3.6974312015792057e-06
Epoch 46: reducing lr to 9.743774622285036e-07
Epoch 49: reducing lr to 1.8258430311396922e-09
[I 2024-06-22 04:38:12,657] Trial 669 finished with value: 0.9740646481513977 and parameters: {'hidden_size': 187, 'n_layers': 4, 'rnn_dropout': 0.06629500141525911, 'bidirectional': True, 'fc_dropout': 0.16880048495407135, 'learning_rate_model': 0.000576667963465745}. Best is trial 153 with value: 0.9688200950622559.
Epoch 23: reducing lr to 6.187913699741266e-05
Epoch 26: reducing lr to 5.321285852043487e-05
Epoch 37: reducing lr to 1.8507680314274452e-05
Epoch 40: reducing lr to 1.0877595102562097e-05
Epoch 43: reducing lr to 5.027463199555192e-06
Epoch 46: reducing lr to 1.324878426875811e-06
Epoch 49: reducing lr to 2.482631358575061e-09
[I 2024-06-22 04:39:15,470] Trial 670 finished with value: 0.9740135669708252 and parameters: {'hidden_size': 179, 'n_layers': 4, 'rnn_dropout': 0.05582520492262477, 'bidirectional': True, 'fc_dropout': 0.12574364216402745, 'learning_rate_model': 0.0007841057227645513}. Best is trial 153 with value: 0.9688200950622559.
Epoch 38: reducing lr to 1.3143973358379778e-05
Epoch 41: reducing lr to 7.2477322080438535e-06
Epoch 44: reducing lr to 2.9461800216338336e-06
Epoch 47: reducing lr to 5.095941303294742e-07
[I 2024-06-22 04:40:26,135] Trial 671 finished with value: 0.9716928005218506 and parameters: {'hidden_size': 189, 'n_layers': 4, 'rnn_dropout': 0.04734099781608772, 'bidirectional': True, 'fc_dropout': 0.17399180090560745, 'learning_rate_model': 0.0006525372915195034}. Best is trial 153 with value: 0.9688200950622559.
Epoch 32: reducing lr to 3.581756358736123e-05
Epoch 37: reducing lr to 1.958937802883225e-05
Epoch 40: reducing lr to 1.1513345751078079e-05
Epoch 43: reducing lr to 5.3212977245003745e-06
Epoch 46: reducing lr to 1.4023121161379376e-06
Epoch 49: reducing lr to 2.6277309400028067e-09
[I 2024-06-22 04:41:32,234] Trial 672 finished with value: 0.9706289768218994 and parameters: {'hidden_size': 186, 'n_layers': 4, 'rnn_dropout': 0.04498934278832495, 'bidirectional': True, 'fc_dropout': 0.1605369606095201, 'learning_rate_model': 0.0008299334739404746}. Best is trial 153 with value: 0.9688200950622559.
Epoch 23: reducing lr to 6.5124079237365e-05
Epoch 37: reducing lr to 1.9478223158429417e-05
Epoch 40: reducing lr to 1.144801624173989e-05
Epoch 43: reducing lr to 5.291103393773228e-06
Epoch 46: reducing lr to 1.3943550579146387e-06
Epoch 49: reducing lr to 2.6128205588915946e-09
[I 2024-06-22 04:42:34,890] Trial 673 finished with value: 0.9709715843200684 and parameters: {'hidden_size': 180, 'n_layers': 4, 'rnn_dropout': 0.062409254888982066, 'bidirectional': True, 'fc_dropout': 0.1496958986537791, 'learning_rate_model': 0.0008252242306146758}. Best is trial 153 with value: 0.9688200950622559.
Epoch 31: reducing lr to 3.022018941599008e-05
Epoch 37: reducing lr to 1.5072253833011085e-05
Epoch 40: reducing lr to 8.858477761369387e-06
Epoch 43: reducing lr to 4.094257097221122e-06
Epoch 46: reducing lr to 1.0789522840607487e-06
Epoch 49: reducing lr to 2.021801186039875e-09
[I 2024-06-22 04:43:37,508] Trial 674 finished with value: 0.9722040891647339 and parameters: {'hidden_size': 180, 'n_layers': 4, 'rnn_dropout': 0.09448740305780902, 'bidirectional': True, 'fc_dropout': 0.15784748196964082, 'learning_rate_model': 0.0006385587110184121}. Best is trial 153 with value: 0.9688200950622559.
Epoch 23: reducing lr to 6.33711122602583e-05
Epoch 26: reducing lr to 5.4495880107841836e-05
Epoch 37: reducing lr to 1.8953921204846457e-05
Epoch 40: reducing lr to 1.1139866097274775e-05
Epoch 43: reducing lr to 5.14868096522824e-06
Epoch 46: reducing lr to 1.356822728866623e-06
Epoch 49: reducing lr to 2.5424903797870333e-09
[I 2024-06-22 04:44:40,109] Trial 675 finished with value: 0.9739420413970947 and parameters: {'hidden_size': 179, 'n_layers': 4, 'rnn_dropout': 0.06761648505921505, 'bidirectional': True, 'fc_dropout': 0.13020918078633803, 'learning_rate_model': 0.0008030113894979016}. Best is trial 153 with value: 0.9688200950622559.
Epoch 37: reducing lr to 1.2725694581988321e-05
Epoch 40: reducing lr to 7.479324837644504e-06
Epoch 43: reducing lr to 3.456833061374017e-06
Epoch 46: reducing lr to 9.109730626632312e-07
Epoch 49: reducing lr to 1.707032318059784e-09
[I 2024-06-22 04:45:46,070] Trial 676 finished with value: 0.9757236838340759 and parameters: {'hidden_size': 185, 'n_layers': 4, 'rnn_dropout': 0.06796034788046394, 'bidirectional': True, 'fc_dropout': 0.1575758652568739, 'learning_rate_model': 0.0005391431977671949}. Best is trial 153 with value: 0.9688200950622559.
Epoch 32: reducing lr to 3.578921855483397e-05
Epoch 37: reducing lr to 1.9573875535033034e-05
Epoch 40: reducing lr to 1.150423440661112e-05
Epoch 43: reducing lr to 5.3170865961605e-06
Epoch 46: reducing lr to 1.4012023649833599e-06
Epoch 49: reducing lr to 2.625651426163035e-09
[I 2024-06-22 04:46:52,202] Trial 677 finished with value: 0.970813512802124 and parameters: {'hidden_size': 186, 'n_layers': 4, 'rnn_dropout': 0.0877026909436546, 'bidirectional': True, 'fc_dropout': 0.14269107795646796, 'learning_rate_model': 0.0008292766874659585}. Best is trial 153 with value: 0.9688200950622559.
Epoch 32: reducing lr to 2.9019925514099693e-05
Epoch 37: reducing lr to 1.587160695276466e-05
Epoch 40: reducing lr to 9.328284859449803e-06
Epoch 43: reducing lr to 4.311394973214764e-06
Epoch 46: reducing lr to 1.1361742419633137e-06
Epoch 49: reducing lr to 2.129026893855652e-09
[I 2024-06-22 04:47:50,622] Trial 678 finished with value: 0.9743980169296265 and parameters: {'hidden_size': 172, 'n_layers': 4, 'rnn_dropout': 0.08450787985433936, 'bidirectional': True, 'fc_dropout': 0.15183433005313093, 'learning_rate_model': 0.0006724245086259633}. Best is trial 153 with value: 0.9688200950622559.
Epoch 37: reducing lr to 1.1744567902131257e-05
Epoch 42: reducing lr to 4.286227209830917e-06
Epoch 45: reducing lr to 1.4615095103094176e-06
Epoch 48: reducing lr to 1.0820222705291852e-07
[I 2024-06-22 04:48:56,688] Trial 679 finished with value: 0.9737140536308289 and parameters: {'hidden_size': 186, 'n_layers': 4, 'rnn_dropout': 0.06083289339108944, 'bidirectional': True, 'fc_dropout': 0.16911537445345018, 'learning_rate_model': 0.0004975762897933433}. Best is trial 153 with value: 0.9688200950622559.
Epoch 23: reducing lr to 6.755973127872957e-05
Epoch 37: reducing lr to 2.0206712137522162e-05
Epoch 40: reducing lr to 1.1876174066853063e-05
Epoch 43: reducing lr to 5.488991593238476e-06
Epoch 46: reducing lr to 1.44650418283076e-06
Epoch 49: reducing lr to 2.7105405082873854e-09
[I 2024-06-22 04:49:58,946] Trial 680 finished with value: 0.9730625152587891 and parameters: {'hidden_size': 175, 'n_layers': 4, 'rnn_dropout': 0.08323162240343276, 'bidirectional': True, 'fc_dropout': 0.13624673606146204, 'learning_rate_model': 0.0008560877622824976}. Best is trial 153 with value: 0.9688200950622559.
Epoch 23: reducing lr to 6.350054124481486e-05
Epoch 26: reducing lr to 5.460718234277669e-05
Epoch 37: reducing lr to 1.8992632641136754e-05
Epoch 40: reducing lr to 1.1162618129007224e-05
Epoch 43: reducing lr to 5.159196617003431e-06
Epoch 46: reducing lr to 1.3595938998585302e-06
Epoch 49: reducing lr to 2.5476831551091843e-09
[I 2024-06-22 04:51:01,592] Trial 681 finished with value: 0.9737509489059448 and parameters: {'hidden_size': 179, 'n_layers': 4, 'rnn_dropout': 0.05093276394719616, 'bidirectional': True, 'fc_dropout': 0.12568093666110292, 'learning_rate_model': 0.0008046514577407191}. Best is trial 153 with value: 0.9688200950622559.
Epoch 32: reducing lr to 2.9600969951776176e-05
Epoch 37: reducing lr to 1.6189392363082502e-05
Epoch 40: reducing lr to 9.515058186211493e-06
Epoch 43: reducing lr to 4.3977188359895124e-06
Epoch 46: reducing lr to 1.1589230158429316e-06
Epoch 49: reducing lr to 2.1716548197409957e-09
[I 2024-06-22 04:52:07,524] Trial 682 finished with value: 0.9716769456863403 and parameters: {'hidden_size': 186, 'n_layers': 4, 'rnn_dropout': 0.06884304513680055, 'bidirectional': True, 'fc_dropout': 0.1531143904961954, 'learning_rate_model': 0.0006858879656670447}. Best is trial 153 with value: 0.9688200950622559.
Epoch 23: reducing lr to 6.681089960142573e-05
Epoch 37: reducing lr to 1.9982741055098683e-05
Epoch 40: reducing lr to 1.1744538621031892e-05
Epoch 43: reducing lr to 5.428151641633091e-06
Epoch 46: reducing lr to 1.4304711386940597e-06
Epoch 49: reducing lr to 2.6804968927102676e-09
[I 2024-06-22 04:53:10,319] Trial 683 finished with value: 0.9708337783813477 and parameters: {'hidden_size': 180, 'n_layers': 4, 'rnn_dropout': 0.04715364739982992, 'bidirectional': True, 'fc_dropout': 0.13712166248839294, 'learning_rate_model': 0.0008465988903936433}. Best is trial 153 with value: 0.9688200950622559.
Epoch 31: reducing lr to 2.8437573826049918e-05
Epoch 37: reducing lr to 1.4183178179367275e-05
Epoch 40: reducing lr to 8.335937669274532e-06
Epoch 43: reducing lr to 3.852746813143694e-06
Epoch 46: reducing lr to 1.0153075088446578e-06
Epoch 49: reducing lr to 1.9025400436177043e-09
[I 2024-06-22 04:54:13,219] Trial 684 finished with value: 0.9751356840133667 and parameters: {'hidden_size': 178, 'n_layers': 4, 'rnn_dropout': 0.09670571648169954, 'bidirectional': True, 'fc_dropout': 0.13490342271253045, 'learning_rate_model': 0.0006008916832680428}. Best is trial 153 with value: 0.9688200950622559.
Epoch 23: reducing lr to 6.700356667880633e-05
Epoch 26: reducing lr to 5.7619603101331664e-05
Epoch 37: reducing lr to 2.0040366627274893e-05
Epoch 40: reducing lr to 1.1778407135672425e-05
Epoch 43: reducing lr to 5.443805167010111e-06
Epoch 46: reducing lr to 1.4345962843695968e-06
Epoch 49: reducing lr to 2.6882268215925806e-09
[I 2024-06-22 04:55:15,878] Trial 685 finished with value: 0.9732528924942017 and parameters: {'hidden_size': 179, 'n_layers': 4, 'rnn_dropout': 0.049288864557019196, 'bidirectional': True, 'fc_dropout': 0.14103928955694003, 'learning_rate_model': 0.0008490402844610616}. Best is trial 153 with value: 0.9688200950622559.
Epoch 23: reducing lr to 6.426485710926131e-05
Epoch 37: reducing lr to 1.9221234951458165e-05
Epoch 40: reducing lr to 1.1296975505456432e-05
Epoch 43: reducing lr to 5.221294604593359e-06
Epoch 46: reducing lr to 1.3759584719786384e-06
Epoch 49: reducing lr to 2.5783480063772297e-09
[I 2024-06-22 04:56:20,576] Trial 686 finished with value: 0.9721212387084961 and parameters: {'hidden_size': 181, 'n_layers': 4, 'rnn_dropout': 0.06690432131700041, 'bidirectional': True, 'fc_dropout': 0.15147775847232225, 'learning_rate_model': 0.000814336538567513}. Best is trial 153 with value: 0.9688200950622559.
Epoch 32: reducing lr to 2.9222754651836903e-05
Epoch 37: reducing lr to 1.598253846949681e-05
Epoch 40: reducing lr to 9.393483096216122e-06
Epoch 43: reducing lr to 4.341528631705263e-06
Epoch 46: reducing lr to 1.144115311340092e-06
Epoch 49: reducing lr to 2.1439073141673972e-09
