[I 2024-06-22 06:40:35,488] Trial 786 finished with value: 0.9727880954742432 and parameters: {'hidden_size': 184, 'n_layers': 4, 'rnn_dropout': 0.03342373400433887, 'bidirectional': True, 'fc_dropout': 0.18388846241803355, 'learning_rate_model': 0.00085514705492603}. Best is trial 153 with value: 0.9688200950622559.
Epoch 23: reducing lr to 0.00016321200857845713
Epoch 27: reducing lr to 0.00013214260089046358
Epoch 30: reducing lr to 0.0001065364608964922
Epoch 33: reducing lr to 8.073378843345222e-05
Epoch 36: reducing lr to 5.635586945775145e-05
Epoch 39: reducing lr to 3.493444796142547e-05
Epoch 42: reducing lr to 1.781549921581881e-05
Epoch 45: reducing lr to 6.074694658068838e-06
Epoch 48: reducing lr to 4.497374023453276e-07
[I 2024-06-22 06:41:46,283] Trial 787 finished with value: 0.9906554222106934 and parameters: {'hidden_size': 189, 'n_layers': 4, 'rnn_dropout': 0.04800382492639343, 'bidirectional': True, 'fc_dropout': 0.14943892819305882, 'learning_rate_model': 0.00206815214561923}. Best is trial 153 with value: 0.9688200950622559.
Epoch 23: reducing lr to 8.947470126130895e-05
Epoch 26: reducing lr to 7.694361703162227e-05
Epoch 29: reducing lr to 6.313991102468846e-05
Epoch 36: reducing lr to 3.089493615066755e-05
Epoch 39: reducing lr to 1.9151466379844954e-05
Epoch 42: reducing lr to 9.766661681577244e-06
Epoch 45: reducing lr to 3.330217515968496e-06
Epoch 48: reducing lr to 2.4655121930896964e-07
[I 2024-06-22 06:42:47,534] Trial 788 finished with value: 0.9714499115943909 and parameters: {'hidden_size': 177, 'n_layers': 4, 'rnn_dropout': 0.031577152354306456, 'bidirectional': True, 'fc_dropout': 0.12707072247637674, 'learning_rate_model': 0.0011337848054437873}. Best is trial 153 with value: 0.9688200950622559.
Epoch 32: reducing lr to 3.183714845892792e-05
Epoch 37: reducing lr to 1.7412405369249197e-05
Epoch 40: reducing lr to 1.0233864652518787e-05
Epoch 43: reducing lr to 4.729940528642063e-06
Epoch 46: reducing lr to 1.2464728070725352e-06
Epoch 49: reducing lr to 2.3357105193109323e-09
[I 2024-06-22 06:43:48,341] Trial 789 finished with value: 0.9748470783233643 and parameters: {'hidden_size': 173, 'n_layers': 4, 'rnn_dropout': 0.09351736480180434, 'bidirectional': True, 'fc_dropout': 0.1682767059244382, 'learning_rate_model': 0.0007377027517918705}. Best is trial 153 with value: 0.9688200950622559.
Epoch 18: reducing lr to 0.00013189533586587763
Epoch 23: reducing lr to 0.00011191311130320661
Epoch 27: reducing lr to 9.060907791132741e-05
Epoch 30: reducing lr to 7.305116155363939e-05
Epoch 33: reducing lr to 5.535848452314835e-05
Epoch 36: reducing lr to 3.864274906084819e-05
Epoch 39: reducing lr to 2.395425923052534e-05
Epoch 42: reducing lr to 1.2215939035537904e-05
Epoch 45: reducing lr to 4.165367397428047e-06
Epoch 48: reducing lr to 3.0838118104336254e-07
[I 2024-06-22 06:44:53,184] Trial 790 finished with value: 0.9724124073982239 and parameters: {'hidden_size': 181, 'n_layers': 4, 'rnn_dropout': 0.05844923528821134, 'bidirectional': True, 'fc_dropout': 0.2014203265769962, 'learning_rate_model': 0.0014181146551688277}. Best is trial 153 with value: 0.9688200950622559.
Epoch 23: reducing lr to 7.108039193579479e-05
Epoch 26: reducing lr to 6.112546204085974e-05
Epoch 36: reducing lr to 2.454352056462711e-05
Epoch 39: reducing lr to 1.521428646572338e-05
Epoch 42: reducing lr to 7.758820431301232e-06
Epoch 45: reducing lr to 2.645587668129493e-06
Epoch 48: reducing lr to 1.9586494342738659e-07
[I 2024-06-22 06:46:02,185] Trial 791 finished with value: 0.9735793471336365 and parameters: {'hidden_size': 188, 'n_layers': 4, 'rnn_dropout': 0.07254571020182811, 'bidirectional': True, 'fc_dropout': 0.15136163551628512, 'learning_rate_model': 0.0009007000549399125}. Best is trial 153 with value: 0.9688200950622559.
Epoch 23: reducing lr to 8.497016712597722e-05
Epoch 26: reducing lr to 7.306995057027683e-05
Epoch 29: reducing lr to 5.996118138934844e-05
Epoch 36: reducing lr to 2.9339554656929535e-05
Epoch 39: reducing lr to 1.81873007237035e-05
Epoch 42: reducing lr to 9.274966707325041e-06
Epoch 45: reducing lr to 3.1625603093246753e-06
Epoch 48: reducing lr to 2.3413879023314546e-07
[I 2024-06-22 06:47:05,898] Trial 792 finished with value: 0.9709078073501587 and parameters: {'hidden_size': 184, 'n_layers': 4, 'rnn_dropout': 0.03327168256876744, 'bidirectional': True, 'fc_dropout': 0.1807953385481657, 'learning_rate_model': 0.0010767052926178478}. Best is trial 153 with value: 0.9688200950622559.
Epoch 31: reducing lr to 2.7858545946144097e-05
Epoch 37: reducing lr to 1.3894389281912093e-05
Epoch 40: reducing lr to 8.166206582326267e-06
Epoch 43: reducing lr to 3.7742996209649826e-06
Epoch 46: reducing lr to 9.946344599448194e-07
Epoch 49: reducing lr to 1.8638017273845188e-09
[I 2024-06-22 06:48:07,426] Trial 793 finished with value: 0.9749338626861572 and parameters: {'hidden_size': 178, 'n_layers': 4, 'rnn_dropout': 0.04821838246232723, 'bidirectional': True, 'fc_dropout': 0.1101007836823979, 'learning_rate_model': 0.0005886567071219056}. Best is trial 153 with value: 0.9688200950622559.
Epoch 18: reducing lr to 0.00012077481001318746
Epoch 23: reducing lr to 0.0001024773519616644
Epoch 27: reducing lr to 8.296953109349324e-05
Epoch 30: reducing lr to 6.689197991697881e-05
Epoch 33: reducing lr to 5.069103017941454e-05
Epoch 36: reducing lr to 3.538465288080461e-05
Epoch 39: reducing lr to 2.1934597524473948e-05
Epoch 42: reducing lr to 1.1185973381576268e-05
Epoch 45: reducing lr to 3.814171689672666e-06
Epoch 48: reducing lr to 2.8238055809666227e-07
[I 2024-06-22 06:49:16,271] Trial 794 finished with value: 0.9757997393608093 and parameters: {'hidden_size': 188, 'n_layers': 4, 'rnn_dropout': 0.06473393970087385, 'bidirectional': True, 'fc_dropout': 0.1689513577879051, 'learning_rate_model': 0.00129854878438686}. Best is trial 153 with value: 0.9688200950622559.
Epoch 18: reducing lr to 0.00016467107922408673
Epoch 23: reducing lr to 0.0001397233093698203
Epoch 27: reducing lr to 0.00011312526367369255
Epoch 36: reducing lr to 4.824539965921329e-05
Epoch 39: reducing lr to 2.990684768046177e-05
Epoch 42: reducing lr to 1.5251576953132385e-05
Epoch 45: reducing lr to 5.200453376128476e-06
Epoch 48: reducing lr to 3.850133256148424e-07
[I 2024-06-22 06:50:14,058] Trial 795 finished with value: 0.9802476167678833 and parameters: {'hidden_size': 171, 'n_layers': 4, 'rnn_dropout': 0.03410381612196462, 'bidirectional': True, 'fc_dropout': 0.1288342282523913, 'learning_rate_model': 0.0017705134847801588}. Best is trial 153 with value: 0.9688200950622559.
Epoch 23: reducing lr to 6.023399596549314e-05
Epoch 26: reducing lr to 5.1798122290655915e-05
Epoch 32: reducing lr to 3.2940092169976214e-05
Epoch 37: reducing lr to 1.801562845692655e-05
Epoch 40: reducing lr to 1.058839943985304e-05
Epoch 43: reducing lr to 4.893801251483758e-06
Epoch 46: reducing lr to 1.2896547316512077e-06
Epoch 49: reducing lr to 2.4166272267599902e-09
[I 2024-06-22 06:51:17,647] Trial 796 finished with value: 0.9732087850570679 and parameters: {'hidden_size': 184, 'n_layers': 4, 'rnn_dropout': 0.07959406775817175, 'bidirectional': True, 'fc_dropout': 0.1884198136441154, 'learning_rate_model': 0.0007632592054975634}. Best is trial 153 with value: 0.9688200950622559.
Epoch 23: reducing lr to 7.220361658680879e-05
Epoch 38: reducing lr to 1.8429377283120994e-05
Epoch 41: reducing lr to 1.016216235891189e-05
Epoch 44: reducing lr to 4.130886580659991e-06
Epoch 47: reducing lr to 7.14510158613367e-07
[I 2024-06-22 06:52:16,560] Trial 797 finished with value: 0.9699227213859558 and parameters: {'hidden_size': 176, 'n_layers': 4, 'rnn_dropout': 0.05037767265592705, 'bidirectional': True, 'fc_dropout': 0.15252237862663234, 'learning_rate_model': 0.0009149330730385185}. Best is trial 153 with value: 0.9688200950622559.
Epoch 23: reducing lr to 7.969502342937068e-05
Epoch 27: reducing lr to 6.452409823092825e-05
Epoch 37: reducing lr to 2.3836305544000664e-05
Epoch 40: reducing lr to 1.4009409933919096e-05
Epoch 43: reducing lr to 6.474941586460752e-06
Epoch 46: reducing lr to 1.7063298293146797e-06
Epoch 49: reducing lr to 3.197416348853753e-09
[I 2024-06-22 06:53:11,127] Trial 798 finished with value: 0.9721287488937378 and parameters: {'hidden_size': 168, 'n_layers': 4, 'rnn_dropout': 0.10314129201226639, 'bidirectional': True, 'fc_dropout': 0.1401862953108029, 'learning_rate_model': 0.001009860947954678}. Best is trial 153 with value: 0.9688200950622559.
Epoch 18: reducing lr to 0.000128420913489647
Epoch 23: reducing lr to 0.00010896506605541371
Epoch 27: reducing lr to 8.822222923530698e-05
Epoch 30: reducing lr to 7.11268282279356e-05
Epoch 33: reducing lr to 5.390021644961291e-05
Epoch 36: reducing lr to 3.762481138219816e-05
Epoch 39: reducing lr to 2.3323249697624194e-05
Epoch 42: reducing lr to 1.1894143487172913e-05
Epoch 45: reducing lr to 4.055642170255783e-06
Epoch 48: reducing lr to 3.002577211136306e-07
[I 2024-06-22 06:54:13,476] Trial 799 finished with value: 0.9733877778053284 and parameters: {'hidden_size': 175, 'n_layers': 4, 'rnn_dropout': 0.06039571212066105, 'bidirectional': True, 'fc_dropout': 0.19887216092663063, 'learning_rate_model': 0.0013807582978902846}. Best is trial 153 with value: 0.9688200950622559.
Epoch 23: reducing lr to 9.396972568086846e-05
Epoch 27: reducing lr to 7.608143582440023e-05
Epoch 32: reducing lr to 5.138910967966436e-05
Epoch 36: reducing lr to 3.2447034011630544e-05
Epoch 39: reducing lr to 2.0113596544396856e-05
Epoch 42: reducing lr to 1.025731861741938e-05
Epoch 45: reducing lr to 3.497520774271693e-06
Epoch 48: reducing lr to 2.5893744397182706e-07
[I 2024-06-22 06:55:09,583] Trial 800 finished with value: 0.9707930088043213 and parameters: {'hidden_size': 166, 'n_layers': 4, 'rnn_dropout': 0.07018450636950754, 'bidirectional': True, 'fc_dropout': 0.15132954516542718, 'learning_rate_model': 0.0011907438152549677}. Best is trial 153 with value: 0.9688200950622559.
Epoch 23: reducing lr to 7.489070421401598e-05
Epoch 26: reducing lr to 6.440213359799763e-05
Epoch 36: reducing lr to 2.5859192513125173e-05
Epoch 39: reducing lr to 1.6029858537654054e-05
Epoch 42: reducing lr to 8.174737225634669e-06
Epoch 45: reducing lr to 2.7874061767287356e-06
Epoch 48: reducing lr to 2.0636441562343857e-07
[I 2024-06-22 06:56:09,324] Trial 801 finished with value: 0.9731907844543457 and parameters: {'hidden_size': 172, 'n_layers': 4, 'rnn_dropout': 0.09311431758457622, 'bidirectional': True, 'fc_dropout': 0.11661918839355659, 'learning_rate_model': 0.0009489826879539798}. Best is trial 153 with value: 0.9688200950622559.
Epoch 18: reducing lr to 0.00014914215352050534
Epoch 23: reducing lr to 0.00012654702546808046
Epoch 27: reducing lr to 0.00010245724702459858
Epoch 30: reducing lr to 8.260343309154686e-05
Epoch 36: reducing lr to 4.369572870073252e-05
Epoch 39: reducing lr to 2.7086551500667956e-05
Epoch 42: reducing lr to 1.3813312222715756e-05
Epoch 45: reducing lr to 4.7100366345648705e-06
Epoch 48: reducing lr to 3.487055333994049e-07
[I 2024-06-22 06:57:11,910] Trial 802 finished with value: 0.9752736687660217 and parameters: {'hidden_size': 177, 'n_layers': 4, 'rnn_dropout': 0.045253409770936934, 'bidirectional': True, 'fc_dropout': 0.17092574949710457, 'learning_rate_model': 0.0016035493008330457}. Best is trial 153 with value: 0.9688200950622559.
Epoch 23: reducing lr to 8.878256652874715e-05
Epoch 27: reducing lr to 7.188171603929273e-05
Epoch 36: reducing lr to 3.065594727371441e-05
Epoch 39: reducing lr to 1.900331953080134e-05
Epoch 42: reducing lr to 9.691111322920431e-06
Epoch 45: reducing lr to 3.30445649997966e-06
Epoch 48: reducing lr to 2.4464401358673374e-07
[I 2024-06-22 06:58:14,628] Trial 803 finished with value: 0.9711554050445557 and parameters: {'hidden_size': 179, 'n_layers': 4, 'rnn_dropout': 0.029918746250464874, 'bidirectional': True, 'fc_dropout': 0.09893244377233223, 'learning_rate_model': 0.0011250143727735884}. Best is trial 153 with value: 0.9688200950622559.
Epoch 32: reducing lr to 4.2352377992450806e-05
Epoch 35: reducing lr to 3.0475702084069974e-05
Epoch 38: reducing lr to 1.9767255469902214e-05
Epoch 41: reducing lr to 1.0899883180492195e-05
Epoch 44: reducing lr to 4.4307677412347405e-06
Epoch 47: reducing lr to 7.663799283162209e-07
[I 2024-06-22 06:59:14,362] Trial 804 finished with value: 0.9788894653320312 and parameters: {'hidden_size': 172, 'n_layers': 4, 'rnn_dropout': 0.7737158850314543, 'bidirectional': True, 'fc_dropout': 0.14050002670489803, 'learning_rate_model': 0.0009813525174927837}. Best is trial 153 with value: 0.9688200950622559.
Epoch 38: reducing lr to 1.3950611941303379e-05
Epoch 41: reducing lr to 7.69252163954243e-06
Epoch 44: reducing lr to 3.1269855066185827e-06
Epoch 47: reducing lr to 5.408676483097227e-07
[I 2024-06-22 07:00:13,334] Trial 805 finished with value: 0.9705456495285034 and parameters: {'hidden_size': 176, 'n_layers': 4, 'rnn_dropout': 0.05267148378590366, 'bidirectional': True, 'fc_dropout': 0.1841716026717932, 'learning_rate_model': 0.0006925831545005417}. Best is trial 153 with value: 0.9688200950622559.
Epoch 37: reducing lr to 1.2853727936899883e-05
Epoch 40: reducing lr to 7.554574408131007e-06
Epoch 43: reducing lr to 3.4916122973022025e-06
Epoch 46: reducing lr to 9.201383727919146e-07
Epoch 49: reducing lr to 1.7242067892365987e-09
[I 2024-06-22 07:01:15,666] Trial 806 finished with value: 0.976118803024292 and parameters: {'hidden_size': 174, 'n_layers': 4, 'rnn_dropout': 0.08246551564565859, 'bidirectional': True, 'fc_dropout': 0.20608055578457113, 'learning_rate_model': 0.0005445675234842036}. Best is trial 153 with value: 0.9688200950622559.
Epoch 42: reducing lr to 4.021454025206542e-06
Epoch 45: reducing lr to 1.3712276590543363e-06
Epoch 48: reducing lr to 1.0151824908400286e-07
[I 2024-06-22 07:02:12,289] Trial 807 finished with value: 0.9776405096054077 and parameters: {'hidden_size': 169, 'n_layers': 4, 'rnn_dropout': 0.0658118558975868, 'bidirectional': True, 'fc_dropout': 0.19004556657460112, 'learning_rate_model': 0.0004668395013795159}. Best is trial 153 with value: 0.9688200950622559.
Epoch 37: reducing lr to 1.5195732252436701e-05
Epoch 40: reducing lr to 8.931050240881052e-06
Epoch 43: reducing lr to 4.127799021387752e-06
Epoch 46: reducing lr to 1.087791527623627e-06
Epoch 49: reducing lr to 2.0383646554184878e-09
[I 2024-06-22 07:03:14,995] Trial 808 finished with value: 0.9730371832847595 and parameters: {'hidden_size': 175, 'n_layers': 4, 'rnn_dropout': 0.0318042954692625, 'bidirectional': True, 'fc_dropout': 0.2052463713389603, 'learning_rate_model': 0.0006437900600403028}. Best is trial 153 with value: 0.9688200950622559.
Epoch 24: reducing lr to 5.411227135225084e-05
Epoch 31: reducing lr to 3.396315123145305e-05
Epoch 37: reducing lr to 1.6939047908764807e-05
Epoch 40: reducing lr to 9.955656324598035e-06
Epoch 43: reducing lr to 4.6013567638260745e-06
Epoch 46: reducing lr to 1.2125873564408401e-06
Epoch 49: reducing lr to 2.2722140651117684e-09
[I 2024-06-22 07:04:16,567] Trial 809 finished with value: 0.9746397733688354 and parameters: {'hidden_size': 178, 'n_layers': 4, 'rnn_dropout': 0.054129798679100956, 'bidirectional': True, 'fc_dropout': 0.18012058789133, 'learning_rate_model': 0.0007176482507751854}. Best is trial 153 with value: 0.9688200950622559.
Epoch 23: reducing lr to 0.00010577053125359309
Epoch 27: reducing lr to 8.56358133151527e-05
Epoch 36: reducing lr to 3.6521762728868804e-05
Epoch 39: reducing lr to 2.2639480710481808e-05
Epoch 42: reducing lr to 1.154544223196238e-05
Epoch 45: reducing lr to 3.936742686911037e-06
Epoch 48: reducing lr to 2.9145504907995576e-07
[I 2024-06-22 07:05:12,095] Trial 810 finished with value: 0.9741997718811035 and parameters: {'hidden_size': 165, 'n_layers': 4, 'rnn_dropout': 0.11877259812453186, 'bidirectional': True, 'fc_dropout': 0.18901660301224546, 'learning_rate_model': 0.001340278531345014}. Best is trial 153 with value: 0.9688200950622559.
Epoch 23: reducing lr to 9.188751547681834e-05
Epoch 27: reducing lr to 7.439559987176211e-05
Epoch 37: reducing lr to 2.7483007097998273e-05
Epoch 40: reducing lr to 1.615270084291949e-05
Epoch 43: reducing lr to 7.465538871002323e-06
Epoch 46: reducing lr to 1.9673801682066867e-06
Epoch 49: reducing lr to 3.6865870866025635e-09
[I 2024-06-22 07:06:11,331] Trial 811 finished with value: 0.9715427160263062 and parameters: {'hidden_size': 171, 'n_layers': 4, 'rnn_dropout': 0.07785544979455464, 'bidirectional': True, 'fc_dropout': 0.20761071971412037, 'learning_rate_model': 0.0011643589460370485}. Best is trial 153 with value: 0.9688200950622559.
Epoch 23: reducing lr to 6.881985034360475e-05
Epoch 33: reducing lr to 3.4042147303098596e-05
Epoch 37: reducing lr to 2.0583606223999273e-05
Epoch 40: reducing lr to 1.209768757906162e-05
Epoch 43: reducing lr to 5.591371854714701e-06
Epoch 46: reducing lr to 1.4734842708759082e-06
Epoch 49: reducing lr to 2.761097307529218e-09
[I 2024-06-22 07:07:13,944] Trial 812 finished with value: 0.9726258516311646 and parameters: {'hidden_size': 175, 'n_layers': 4, 'rnn_dropout': 0.028512937098168444, 'bidirectional': True, 'fc_dropout': 0.12460748022374638, 'learning_rate_model': 0.0008720554473226858}. Best is trial 153 with value: 0.9688200950622559.
Epoch 18: reducing lr to 0.00017706197916946147
Epoch 23: reducing lr to 0.00015023698034711505
Epoch 27: reducing lr to 0.0001216375284264326
Epoch 30: reducing lr to 9.806702534552433e-05
Epoch 33: reducing lr to 7.431561373374138e-05
Epoch 36: reducing lr to 5.187569055679359e-05
Epoch 39: reducing lr to 3.2157229223087645e-05
Epoch 42: reducing lr to 1.6399202662066243e-05
Epoch 45: reducing lr to 5.591768583132765e-06
Epoch 48: reducing lr to 4.1398417840701926e-07
[I 2024-06-22 07:08:16,503] Trial 813 finished with value: 0.9853278398513794 and parameters: {'hidden_size': 180, 'n_layers': 4, 'rnn_dropout': 0.10007136882304413, 'bidirectional': True, 'fc_dropout': 0.1541934256822371, 'learning_rate_model': 0.0019037381866842122}. Best is trial 153 with value: 0.9688200950622559.
Epoch 18: reducing lr to 0.00013518649043193096
Epoch 23: reducing lr to 0.00011470565392686185
Epoch 30: reducing lr to 7.487399071074653e-05
Epoch 33: reducing lr to 5.673983230100626e-05
Epoch 36: reducing lr to 3.9606992862052725e-05
Epoch 39: reducing lr to 2.455198445807348e-05
Epoch 42: reducing lr to 1.2520760606911158e-05
Epoch 45: reducing lr to 4.269304870571731e-06
Epoch 48: reducing lr to 3.1607614709666754e-07
[I 2024-06-22 07:09:21,883] Trial 814 finished with value: 0.9829199910163879 and parameters: {'hidden_size': 182, 'n_layers': 4, 'rnn_dropout': 0.055108329721996335, 'bidirectional': True, 'fc_dropout': 0.17812524948241826, 'learning_rate_model': 0.0014535005502947333}. Best is trial 153 with value: 0.9688200950622559.
Epoch 23: reducing lr to 8.021705797066106e-05
Epoch 38: reducing lr to 2.047474206649903e-05
Epoch 41: reducing lr to 1.128999911066828e-05
Epoch 44: reducing lr to 4.589348622345427e-06
Epoch 47: reducing lr to 7.938093065629941e-07
[I 2024-06-22 07:10:20,963] Trial 815 finished with value: 0.9696411490440369 and parameters: {'hidden_size': 176, 'n_layers': 4, 'rnn_dropout': 0.02949200136099807, 'bidirectional': True, 'fc_dropout': 0.1549776232685874, 'learning_rate_model': 0.0010164759444004701}. Best is trial 153 with value: 0.9688200950622559.
Epoch 31: reducing lr to 3.1759914089948643e-05
Epoch 38: reducing lr to 1.3517746718695188e-05
Epoch 41: reducing lr to 7.453834970747616e-06
Epoch 44: reducing lr to 3.029960137186042e-06
Epoch 47: reducing lr to 5.24085388436664e-07
[I 2024-06-22 07:11:19,178] Trial 816 finished with value: 0.9738057255744934 and parameters: {'hidden_size': 170, 'n_layers': 4, 'rnn_dropout': 0.03318754467013382, 'bidirectional': True, 'fc_dropout': 0.14495556833200468, 'learning_rate_model': 0.0006710934046165268}. Best is trial 153 with value: 0.9688200950622559.
Epoch 23: reducing lr to 7.354671465491568e-05
Epoch 26: reducing lr to 6.32463720646017e-05
Epoch 36: reducing lr to 2.5395123105457618e-05
Epoch 39: reducing lr to 1.5742186486301793e-05
Epoch 42: reducing lr to 8.028033284271754e-06
Epoch 45: reducing lr to 2.7373833489584343e-06
Epoch 48: reducing lr to 2.0266099711672416e-07
[I 2024-06-22 07:12:21,410] Trial 817 finished with value: 0.9734868407249451 and parameters: {'hidden_size': 174, 'n_layers': 4, 'rnn_dropout': 0.026734040517314102, 'bidirectional': True, 'fc_dropout': 0.15872136852990615, 'learning_rate_model': 0.0009319522322016571}. Best is trial 153 with value: 0.9688200950622559.
Epoch 32: reducing lr to 3.475145150950898e-05
Epoch 37: reducing lr to 1.900629893515763e-05
Epoch 40: reducing lr to 1.1170650276223271e-05
Epoch 43: reducing lr to 5.162908956372685e-06
Epoch 46: reducing lr to 1.3605722060436484e-06
Epoch 49: reducing lr to 2.549516360007831e-09
[I 2024-06-22 07:13:23,897] Trial 818 finished with value: 0.9728392362594604 and parameters: {'hidden_size': 177, 'n_layers': 4, 'rnn_dropout': 0.06943205553502473, 'bidirectional': True, 'fc_dropout': 0.11570743529991478, 'learning_rate_model': 0.0008052304508489199}. Best is trial 153 with value: 0.9688200950622559.
Epoch 37: reducing lr to 1.2548334705228466e-05
Epoch 40: reducing lr to 7.375084387513864e-06
Epoch 43: reducing lr to 3.4086546706547884e-06
Epoch 46: reducing lr to 8.982766971262043e-07
Epoch 49: reducing lr to 1.6832411576226704e-09
