[I 2024-06-22 00:39:50,543] Trial 408 finished with value: 1.107248306274414 and parameters: {'hidden_size': 82, 'n_layers': 7, 'rnn_dropout': 0.6950230956440161, 'bidirectional': False, 'fc_dropout': 0.6487975355372214, 'learning_rate_model': 0.05162129276724368}. Best is trial 153 with value: 0.9688200950622559.
Epoch 43: reducing lr to 5.768173672105644e-07
Epoch 46: reducing lr to 1.5200765390628606e-07
Epoch 49: reducing lr to 2.8484045077302195e-10
[I 2024-06-22 00:40:03,186] Trial 409 finished with value: 1.0727694034576416 and parameters: {'hidden_size': 57, 'n_layers': 4, 'rnn_dropout': 0.6619552731288607, 'bidirectional': True, 'fc_dropout': 0.5215806566165936, 'learning_rate_model': 8.996302522110986e-05}. Best is trial 153 with value: 0.9688200950622559.
Epoch 3: reducing lr to 1.630363803190697e-06
Epoch 6: reducing lr to 3.867077752955465e-06
Epoch 9: reducing lr to 5.834214393661009e-06
Epoch 12: reducing lr to 6.47858790656129e-06
Epoch 15: reducing lr to 6.350600108357871e-06
Epoch 18: reducing lr to 6.027173528905805e-06
Epoch 21: reducing lr to 5.5286303062231774e-06
Epoch 24: reducing lr to 4.88629559122034e-06
Epoch 27: reducing lr to 4.140530309737821e-06
Epoch 30: reducing lr to 3.3381925470028984e-06
Epoch 33: reducing lr to 2.5296966744718724e-06
Epoch 36: reducing lr to 1.7658437479588585e-06
Epoch 39: reducing lr to 1.0946291329481434e-06
Epoch 42: reducing lr to 5.582273543060824e-07
Epoch 45: reducing lr to 1.9034328963288625e-07
Epoch 48: reducing lr to 1.4091983457907868e-08
[I 2024-06-22 00:40:08,162] Trial 410 finished with value: 1.1073170900344849 and parameters: {'hidden_size': 20, 'n_layers': 6, 'rnn_dropout': 0.2614334602647021, 'bidirectional': False, 'fc_dropout': 0.5257320338908137, 'learning_rate_model': 6.480307324345786e-05}. Best is trial 153 with value: 0.9688200950622559.
Epoch 18: reducing lr to 0.00027822652269822673
Epoch 23: reducing lr to 0.00023607503326648137
Epoch 27: reducing lr to 0.0001911352551374284
Epoch 30: reducing lr to 0.00015409772092929373
Epoch 33: reducing lr to 0.000116775915915491
Epoch 36: reducing lr to 8.151491959983281e-05
Epoch 39: reducing lr to 5.0530295144766976e-05
Epoch 42: reducing lr to 2.576890393461242e-05
Epoch 45: reducing lr to 8.786631302303612e-06
Epoch 48: reducing lr to 6.505144636389202e-07
[I 2024-06-22 00:40:47,462] Trial 411 finished with value: 0.9947588443756104 and parameters: {'hidden_size': 168, 'n_layers': 3, 'rnn_dropout': 0.5053955268011132, 'bidirectional': True, 'fc_dropout': 0.2871289134310855, 'learning_rate_model': 0.0029914409535772893}. Best is trial 153 with value: 0.9688200950622559.
Epoch 23: reducing lr to 0.00014989386270200484
Epoch 26: reducing lr to 0.00012890097205746072
Epoch 29: reducing lr to 0.00010577610230305448
Epoch 32: reducing lr to 8.197227452660464e-05
Epoch 35: reducing lr to 5.898517948795441e-05
Epoch 38: reducing lr to 3.82591714756885e-05
Epoch 41: reducing lr to 2.1096530082407357e-05
Epoch 44: reducing lr to 8.575672178616663e-06
Epoch 47: reducing lr to 1.4833147240708461e-06
[I 2024-06-22 00:41:15,880] Trial 412 finished with value: 0.9843642711639404 and parameters: {'hidden_size': 108, 'n_layers': 4, 'rnn_dropout': 0.5858165878050149, 'bidirectional': True, 'fc_dropout': 0.07058412080007663, 'learning_rate_model': 0.0018993903479429634}. Best is trial 153 with value: 0.9688200950622559.
[I 2024-06-22 00:41:18,282] Trial 413 finished with value: 1.092036247253418 and parameters: {'hidden_size': 61, 'n_layers': 1, 'rnn_dropout': 0.6305121653149466, 'bidirectional': False, 'fc_dropout': 0.3905671544705639, 'learning_rate_model': 0.00018695778940416125}. Best is trial 153 with value: 0.9688200950622559.
Epoch 27: reducing lr to 8.365349169429462e-05
Epoch 33: reducing lr to 5.110890246337001e-05
Epoch 38: reducing lr to 2.63721199029965e-05
Epoch 41: reducing lr to 1.454187844145958e-05
Epoch 44: reducing lr to 5.91122719651629e-06
Epoch 47: reducing lr to 1.0224516697109879e-06
[I 2024-06-22 00:41:22,180] Trial 414 finished with value: 0.9832320213317871 and parameters: {'hidden_size': 74, 'n_layers': 1, 'rnn_dropout': 0.4275198695236406, 'bidirectional': True, 'fc_dropout': 0.0868469644869741, 'learning_rate_model': 0.001309253391186895}. Best is trial 153 with value: 0.9688200950622559.
[I 2024-06-22 00:41:43,110] Trial 415 finished with value: 1.1074957847595215 and parameters: {'hidden_size': 138, 'n_layers': 5, 'rnn_dropout': 0.2505773561175088, 'bidirectional': False, 'fc_dropout': 0.18083533670023533, 'learning_rate_model': 1.0103208625366834e-05}. Best is trial 153 with value: 0.9688200950622559.
Epoch 3: reducing lr to 0.0003806787380750788
Epoch 6: reducing lr to 0.0009029360662646598
Epoch 9: reducing lr to 0.001362248946334438
Epoch 12: reducing lr to 0.0015127057310470415
Epoch 17: reducing lr to 0.0014373101828869346
Epoch 23: reducing lr to 0.0011940962194901795
Epoch 26: reducing lr to 0.0010268610111704355
Epoch 29: reducing lr to 0.000842641864020724
Epoch 32: reducing lr to 0.0006530139483417324
Epoch 35: reducing lr to 0.0004698923529146866
Epoch 38: reducing lr to 0.0003047832059059688
Epoch 41: reducing lr to 0.00016806082892029274
Epoch 44: reducing lr to 6.831619082651296e-05
Epoch 47: reducing lr to 1.1816497836528508e-05
[I 2024-06-22 00:42:14,445] Trial 416 finished with value: 1.1178183555603027 and parameters: {'hidden_size': 142, 'n_layers': 7, 'rnn_dropout': 0.3129214084280226, 'bidirectional': False, 'fc_dropout': 0.6815810064519052, 'learning_rate_model': 0.015131072032774386}. Best is trial 153 with value: 0.9688200950622559.
Epoch 4: reducing lr to 0.0018836261754570209
Epoch 7: reducing lr to 0.0037368244517464676
Epoch 10: reducing lr to 0.005043447553178213
Epoch 13: reducing lr to 0.005229375153339525
Epoch 16: reducing lr to 0.005071765167868131
Epoch 19: reducing lr to 0.004760326864208097
Epoch 22: reducing lr to 0.0043146291452831305
Epoch 25: reducing lr to 0.0037626764827081395
Epoch 28: reducing lr to 0.0031391505838533353
Epoch 31: reducing lr to 0.0024832296990899877
Epoch 34: reducing lr to 0.0018361284662768303
Epoch 37: reducing lr to 0.001238505418849302
Epoch 40: reducing lr to 0.0007279118857581111
Epoch 43: reducing lr to 0.0003364300825377989
Epoch 46: reducing lr to 8.865882072410098e-05
Epoch 49: reducing lr to 1.6613386110003737e-07
[I 2024-06-22 00:42:32,439] Trial 417 finished with value: 1.1096389293670654 and parameters: {'hidden_size': 142, 'n_layers': 4, 'rnn_dropout': 0.552347215883451, 'bidirectional': False, 'fc_dropout': 0.6222564887203075, 'learning_rate_model': 0.05247114549766932}. Best is trial 153 with value: 0.9688200950622559.
Epoch 14: reducing lr to 0.0006823402518942236
Epoch 17: reducing lr to 0.0006546929531365072
Epoch 22: reducing lr to 0.0005667346813599775
Epoch 25: reducing lr to 0.0004942346574141881
Epoch 28: reducing lr to 0.00041233335380076177
Epoch 31: reducing lr to 0.00032617690764823464
Epoch 34: reducing lr to 0.00024117893942495453
Epoch 37: reducing lr to 0.00016268002423371774
Epoch 40: reducing lr to 9.561260000393216e-05
Epoch 43: reducing lr to 4.4190726295772685e-05
Epoch 46: reducing lr to 1.1645503430521894e-05
Epoch 49: reducing lr to 2.1821996204745427e-08
[I 2024-06-22 00:42:41,384] Trial 418 finished with value: 1.0794868469238281 and parameters: {'hidden_size': 51, 'n_layers': 3, 'rnn_dropout': 0.004968213752412876, 'bidirectional': True, 'fc_dropout': 0.5131398260428972, 'learning_rate_model': 0.0068921839914617405}. Best is trial 153 with value: 0.9688200950622559.
Epoch 10: reducing lr to 0.0010447755784244897
Epoch 14: reducing lr to 0.001076118698308914
Epoch 17: reducing lr to 0.0010325161480148073
Epoch 22: reducing lr to 0.0008937971721565076
Epoch 25: reducing lr to 0.0007794573963931359
Epoch 28: reducing lr to 0.0006502908640222064
Epoch 31: reducing lr to 0.0005144135470572501
Epoch 34: reducing lr to 0.00038036326544273685
Epoch 37: reducing lr to 0.0002565626392892166
Epoch 40: reducing lr to 0.0001507906156386513
Epoch 43: reducing lr to 6.96931871258041e-05
Epoch 46: reducing lr to 1.8366121532499037e-05
Epoch 49: reducing lr to 3.4415466602238934e-08
[I 2024-06-22 00:42:43,440] Trial 419 finished with value: 1.0946133136749268 and parameters: {'hidden_size': 37, 'n_layers': 1, 'rnn_dropout': 0.7250680556642687, 'bidirectional': False, 'fc_dropout': 0.7705932519309364, 'learning_rate_model': 0.01086966223201368}. Best is trial 153 with value: 0.9688200950622559.
[I 2024-06-22 00:42:47,494] Trial 420 finished with value: 1.0359175205230713 and parameters: {'hidden_size': 76, 'n_layers': 1, 'rnn_dropout': 0.42881921335072887, 'bidirectional': True, 'fc_dropout': 0.6169218666030231, 'learning_rate_model': 0.00034644677219478504}. Best is trial 153 with value: 0.9688200950622559.
[I 2024-06-22 00:43:38,443] Trial 421 finished with value: 1.103704810142517 and parameters: {'hidden_size': 121, 'n_layers': 6, 'rnn_dropout': 0.7526779359208366, 'bidirectional': True, 'fc_dropout': 0.08806120627761437, 'learning_rate_model': 1.9754932570600042e-05}. Best is trial 153 with value: 0.9688200950622559.
Epoch 10: reducing lr to 0.00014897219025113647
Epoch 41: reducing lr to 1.7214524928086446e-05
Epoch 44: reducing lr to 6.9976494673406645e-06
Epoch 47: reducing lr to 1.2103676857744836e-06
[I 2024-06-22 00:44:00,511] Trial 422 finished with value: 0.982204258441925 and parameters: {'hidden_size': 75, 'n_layers': 5, 'rnn_dropout': 0.5561216517821522, 'bidirectional': True, 'fc_dropout': 0.2444085290288249, 'learning_rate_model': 0.001549880590083267}. Best is trial 153 with value: 0.9688200950622559.
Epoch 10: reducing lr to 0.002240778840779208
Epoch 13: reducing lr to 0.0023233855553262414
Epoch 19: reducing lr to 0.0021149897168631117
Epoch 22: reducing lr to 0.0019169684214257736
Epoch 25: reducing lr to 0.0016717385792654458
Epoch 28: reducing lr to 0.00139470910169088
Epoch 31: reducing lr to 0.0011032866918599927
Epoch 34: reducing lr to 0.0008157828098346676
Epoch 37: reducing lr to 0.0005502618412278435
Epoch 40: reducing lr to 0.00032340765604484367
Epoch 43: reducing lr to 0.00014947422420943831
Epoch 46: reducing lr to 3.939067620556715e-05
Epoch 49: reducing lr to 7.38124540333035e-08
[I 2024-06-22 00:44:49,949] Trial 423 finished with value: 1.1708760261535645 and parameters: {'hidden_size': 155, 'n_layers': 4, 'rnn_dropout': 0.22958700219765965, 'bidirectional': True, 'fc_dropout': 0.5221543314676185, 'learning_rate_model': 0.02331267081552816}. Best is trial 153 with value: 0.9688200950622559.
Epoch 15: reducing lr to 0.00019310547811979322
Epoch 22: reducing lr to 0.00016203109154601137
Epoch 25: reducing lr to 0.00014130312411536343
Epoch 29: reducing lr to 0.0001097359084726936
Epoch 32: reducing lr to 8.504096689985754e-05
Epoch 35: reducing lr to 6.119333305542546e-05
Epoch 38: reducing lr to 3.969143169284663e-05
Epoch 41: reducing lr to 2.18862941988706e-05
Epoch 44: reducing lr to 8.896708772538416e-06
Epoch 47: reducing lr to 1.538843701486426e-06
[I 2024-06-22 00:45:06,555] Trial 424 finished with value: 1.0930304527282715 and parameters: {'hidden_size': 134, 'n_layers': 4, 'rnn_dropout': 0.24571368741668903, 'bidirectional': False, 'fc_dropout': 0.6219835449679528, 'learning_rate_model': 0.0019704954222894244}. Best is trial 153 with value: 0.9688200950622559.
[I 2024-06-22 00:45:10,446] Trial 425 finished with value: 1.10296630859375 and parameters: {'hidden_size': 42, 'n_layers': 3, 'rnn_dropout': 0.293487454872947, 'bidirectional': False, 'fc_dropout': 0.4885060134941166, 'learning_rate_model': 7.106542572380849e-05}. Best is trial 153 with value: 0.9688200950622559.
Epoch 7: reducing lr to 0.00598434197000311
Epoch 10: reducing lr to 0.008076835092397218
Epoch 13: reducing lr to 0.008374589069174824
Epoch 16: reducing lr to 0.00812218437017773
Epoch 19: reducing lr to 0.0076234311277586855
Epoch 22: reducing lr to 0.006909667984817689
Epoch 25: reducing lr to 0.00602574273578472
Epoch 28: reducing lr to 0.0050271964422448166
Epoch 31: reducing lr to 0.003976771159928881
Epoch 34: reducing lr to 0.002940470119735605
Epoch 37: reducing lr to 0.0019834059784724968
Epoch 40: reducing lr to 0.0011657153566233189
Epoch 43: reducing lr to 0.0005387763564760464
Epoch 46: reducing lr to 0.00014198277406963778
Epoch 49: reducing lr to 2.660552697764107e-07
[I 2024-06-22 00:45:14,168] Trial 426 finished with value: 1.1497894525527954 and parameters: {'hidden_size': 62, 'n_layers': 1, 'rnn_dropout': 0.24607087133984198, 'bidirectional': True, 'fc_dropout': 0.796461769477117, 'learning_rate_model': 0.0840299784671679}. Best is trial 153 with value: 0.9688200950622559.
Epoch 10: reducing lr to 0.002125748376744615
Epoch 18: reducing lr to 0.002056946449886566
Epoch 21: reducing lr to 0.0018868042253274188
Epoch 24: reducing lr to 0.0016675890151916241
Epoch 27: reducing lr to 0.001413075147150959
Epoch 30: reducing lr to 0.0011392542915289136
Epoch 33: reducing lr to 0.000863331803686997
Epoch 36: reducing lr to 0.0006026450061539498
Epoch 39: reducing lr to 0.0003735736988758738
Epoch 42: reducing lr to 0.0001905111523938359
Epoch 45: reducing lr to 6.49601263332425e-05
Epoch 48: reducing lr to 4.809294971613171e-06
[I 2024-06-22 00:45:54,824] Trial 427 finished with value: 1.156302571296692 and parameters: {'hidden_size': 96, 'n_layers': 7, 'rnn_dropout': 0.17151832334065126, 'bidirectional': True, 'fc_dropout': 0.774087118010037, 'learning_rate_model': 0.022115914003569243}. Best is trial 153 with value: 0.9688200950622559.
[I 2024-06-22 00:46:01,406] Trial 428 finished with value: 1.1054426431655884 and parameters: {'hidden_size': 55, 'n_layers': 4, 'rnn_dropout': 0.13478157731715773, 'bidirectional': False, 'fc_dropout': 0.028703319172813394, 'learning_rate_model': 5.826872431714904e-05}. Best is trial 153 with value: 0.9688200950622559.
Epoch 6: reducing lr to 0.0002850273447692371
Epoch 17: reducing lr to 0.0004537117525195525
Epoch 23: reducing lr to 0.000376937069584847
Epoch 26: reducing lr to 0.0003241463913073716
Epoch 29: reducing lr to 0.00026599443976892763
Epoch 32: reducing lr to 0.00020613511714412362
Epoch 35: reducing lr to 0.00014832962673947013
Epoch 38: reducing lr to 9.621007638892011e-05
Epoch 41: reducing lr to 5.3051299661816334e-05
Epoch 44: reducing lr to 2.1565184073976325e-05
Epoch 47: reducing lr to 3.7300813741445416e-06
[I 2024-06-22 00:48:19,000] Trial 429 finished with value: 1.0506585836410522 and parameters: {'hidden_size': 196, 'n_layers': 7, 'rnn_dropout': 0.4452733272816815, 'bidirectional': True, 'fc_dropout': 0.7616728685702719, 'learning_rate_model': 0.004776383894881025}. Best is trial 153 with value: 0.9688200950622559.
[I 2024-06-22 00:48:26,265] Trial 430 finished with value: 1.085825800895691 and parameters: {'hidden_size': 139, 'n_layers': 1, 'rnn_dropout': 0.6823758798797543, 'bidirectional': True, 'fc_dropout': 0.592625450415668, 'learning_rate_model': 4.229506516204067e-05}. Best is trial 153 with value: 0.9688200950622559.
[I 2024-06-22 00:48:30,645] Trial 431 finished with value: 1.095895528793335 and parameters: {'hidden_size': 148, 'n_layers': 1, 'rnn_dropout': 0.5655595584309073, 'bidirectional': False, 'fc_dropout': 0.3932457478252316, 'learning_rate_model': 6.569729148584553e-05}. Best is trial 153 with value: 0.9688200950622559.
Epoch 24: reducing lr to 1.2454465941182992e-05
Epoch 27: reducing lr to 1.0553617307500334e-05
Epoch 30: reducing lr to 8.508573541162938e-06
Epoch 33: reducing lr to 6.447833637069277e-06
Epoch 36: reducing lr to 4.5008821930299795e-06
Epoch 39: reducing lr to 2.790052505015258e-06
Epoch 42: reducing lr to 1.422841381952796e-06
Epoch 45: reducing lr to 4.851577178681177e-07
Epoch 48: reducing lr to 3.59184426614674e-08
[I 2024-06-22 00:48:45,112] Trial 432 finished with value: 1.091306209564209 and parameters: {'hidden_size': 150, 'n_layers': 3, 'rnn_dropout': 0.7070540719980095, 'bidirectional': False, 'fc_dropout': 0.7766001184425293, 'learning_rate_model': 0.0001651737299816249}. Best is trial 153 with value: 0.9688200950622559.
Epoch 16: reducing lr to 1.0191607720399958e-05
Epoch 21: reducing lr to 8.99551548313026e-06
Epoch 24: reducing lr to 7.950386481168224e-06
Epoch 27: reducing lr to 6.736967828666597e-06
Epoch 34: reducing lr to 3.689662362742823e-06
Epoch 42: reducing lr to 9.082797240240193e-07
Epoch 45: reducing lr to 3.0970347340375464e-07
Epoch 48: reducing lr to 2.2928763249181327e-08
[I 2024-06-22 00:50:24,031] Trial 433 finished with value: 1.0746655464172363 and parameters: {'hidden_size': 175, 'n_layers': 6, 'rnn_dropout': 0.33969016807568225, 'bidirectional': True, 'fc_dropout': 0.7945894275724366, 'learning_rate_model': 0.00010543968694375883}. Best is trial 153 with value: 0.9688200950622559.
Epoch 12: reducing lr to 0.0004941932534152389
Epoch 16: reducing lr to 0.00047780495592183455
Epoch 22: reducing lr to 0.00040647607299366007
Epoch 25: reducing lr to 0.0003544772700357863
Epoch 28: reducing lr to 0.0002957356377327134
Epoch 31: reducing lr to 0.00023394211239007663
Epoch 34: reducing lr to 0.00017297947595333878
Epoch 37: reducing lr to 0.00011667812043257247
Epoch 40: reducing lr to 6.857571180406766e-05
Epoch 43: reducing lr to 3.1694677382967506e-05
Epoch 46: reducing lr to 8.352441906526055e-06
Epoch 49: reducing lr to 1.565127318641987e-08
[I 2024-06-22 00:51:13,190] Trial 434 finished with value: 1.0129356384277344 and parameters: {'hidden_size': 186, 'n_layers': 3, 'rnn_dropout': 0.748341609873127, 'bidirectional': True, 'fc_dropout': 0.4594266834807066, 'learning_rate_model': 0.004943244123469622}. Best is trial 153 with value: 0.9688200950622559.
Epoch 15: reducing lr to 0.0006285915665160758
Epoch 18: reducing lr to 0.0005965783367800154
Epoch 22: reducing lr to 0.0005274390900295089
Epoch 27: reducing lr to 0.0004098356673694563
Epoch 30: reducing lr to 0.0003304191173510107
Epoch 33: reducing lr to 0.00025039302873503704
Epoch 36: reducing lr to 0.00017478576336293645
Epoch 39: reducing lr to 0.0001083479717969408
Epoch 42: reducing lr to 5.525414939189415e-05
Epoch 45: reducing lr to 1.8840453589369192e-05
Epoch 48: reducing lr to 1.394844865994227e-06
[I 2024-06-22 00:51:17,870] Trial 435 finished with value: 0.9911534190177917 and parameters: {'hidden_size': 91, 'n_layers': 1, 'rnn_dropout': 0.26026506381516834, 'bidirectional': True, 'fc_dropout': 0.08433579715145374, 'learning_rate_model': 0.006414301740012138}. Best is trial 153 with value: 0.9688200950622559.
Epoch 5: reducing lr to 0.0011405256336860653
Epoch 8: reducing lr to 0.0019519952275198094
Epoch 11: reducing lr to 0.0023800417068962324
Epoch 14: reducing lr to 0.0023696793288896724
Epoch 17: reducing lr to 0.002273663840745857
Epoch 20: reducing lr to 0.002109984737099278
Epoch 23: reducing lr to 0.0018889265719755372
Epoch 26: reducing lr to 0.00162437918993969
Epoch 29: reducing lr to 0.0013329651175742903
Epoch 34: reducing lr to 0.0008375832229335428
Epoch 37: reducing lr to 0.0005649666564147997
Epoch 40: reducing lr to 0.0003320501775789089
Epoch 43: reducing lr to 0.00015346866953988084
Epoch 46: reducing lr to 4.044332527241776e-05
Epoch 49: reducing lr to 7.578496677845825e-08
[I 2024-06-22 00:51:31,060] Trial 436 finished with value: 1.1113911867141724 and parameters: {'hidden_size': 111, 'n_layers': 4, 'rnn_dropout': 0.29888777514112486, 'bidirectional': False, 'fc_dropout': 0.2215384451751942, 'learning_rate_model': 0.023935662435466326}. Best is trial 153 with value: 0.9688200950622559.
Epoch 9: reducing lr to 0.0002692207155921405
Epoch 12: reducing lr to 0.0002989554299077684
Epoch 15: reducing lr to 0.00029304941338276295
Epoch 18: reducing lr to 0.0002781248444028828
Epoch 21: reducing lr to 0.0002551194911354301
Epoch 24: reducing lr to 0.00022547885746063248
Epoch 27: reducing lr to 0.00019106540447497524
Epoch 30: reducing lr to 0.00015404140568864546
Epoch 33: reducing lr to 0.00011673323998383511
Epoch 36: reducing lr to 8.14851298515743e-05
Epoch 39: reducing lr to 5.0511828773467346e-05
Epoch 42: reducing lr to 2.5759486650452902e-05
Epoch 45: reducing lr to 8.783420214863134e-06
Epoch 48: reducing lr to 6.502767321634427e-07
[I 2024-06-22 00:51:41,722] Trial 437 finished with value: 1.0925276279449463 and parameters: {'hidden_size': 93, 'n_layers': 4, 'rnn_dropout': 0.5836987028545443, 'bidirectional': False, 'fc_dropout': 0.5616555713830786, 'learning_rate_model': 0.0029903477270443474}. Best is trial 153 with value: 0.9688200950622559.
Epoch 32: reducing lr to 7.351377320795492e-05
Epoch 37: reducing lr to 4.020622704232809e-05
Epoch 40: reducing lr to 2.363057125159085e-05
Epoch 43: reducing lr to 1.0921699716866392e-05
Epoch 46: reducing lr to 2.8781760831132762e-06
Epoch 49: reducing lr to 5.393287455285508e-09
[I 2024-06-22 00:52:00,203] Trial 438 finished with value: 0.979478120803833 and parameters: {'hidden_size': 66, 'n_layers': 5, 'rnn_dropout': 0.2057717987627643, 'bidirectional': True, 'fc_dropout': 0.1332301148892321, 'learning_rate_model': 0.0017033973020565553}. Best is trial 153 with value: 0.9688200950622559.
Epoch 37: reducing lr to 2.2493959095136548e-05
Epoch 40: reducing lr to 1.3220467132327478e-05
Epoch 43: reducing lr to 6.1103039193883994e-06
Epoch 46: reducing lr to 1.6102375140545298e-06
Epoch 49: reducing lr to 3.01735318959228e-09
