[I 2024-06-22 16:03:07,567] Trial 510 finished with value: 1.86665940284729 and parameters: {'hidden_size': 182, 'n_layers': 2, 'rnn_dropout': 0.05190789295658292, 'bidirectional': True, 'fc_dropout': 0.2850638631115657, 'learning_rate_model': 0.00049256022689626}. Best is trial 346 with value: 1.8583240509033203.
Epoch 30: reducing lr to 5.066612957440003e-05
Epoch 45: reducing lr to 4.221057889001446e-05
Epoch 53: reducing lr to 3.4800745808100274e-05
Epoch 57: reducing lr to 3.066000984958665e-05
Epoch 65: reducing lr to 2.2083535807789557e-05
Epoch 68: reducing lr to 1.8920816404238316e-05
Epoch 72: reducing lr to 1.4879123787491546e-05
Epoch 75: reducing lr to 1.2041256258099224e-05
Epoch 80: reducing lr to 7.811534924074366e-06
Epoch 86: reducing lr to 3.783102846583342e-06
Epoch 89: reducing lr to 2.2732544389327806e-06
Epoch 92: reducing lr to 1.1332144870452296e-06
Epoch 98: reducing lr to 2.8368774741176565e-08
[I 2024-06-22 16:04:05,447] Trial 511 finished with value: 1.8660364151000977 and parameters: {'hidden_size': 183, 'n_layers': 2, 'rnn_dropout': 0.053850111475131746, 'bidirectional': True, 'fc_dropout': 0.280997335829327, 'learning_rate_model': 0.0005144473454467897}. Best is trial 346 with value: 1.8583240509033203.
Epoch 30: reducing lr to 5.0348273758223894e-05
Epoch 45: reducing lr to 4.194576928018131e-05
Epoch 53: reducing lr to 3.4582422057000855e-05
Epoch 57: reducing lr to 3.046766315690317e-05
Epoch 65: reducing lr to 2.194499393855259e-05
Epoch 68: reducing lr to 1.8802115970804646e-05
Epoch 72: reducing lr to 1.4785779060448324e-05
Epoch 75: reducing lr to 1.1965714996750576e-05
Epoch 80: reducing lr to 7.762528974148119e-06
Epoch 86: reducing lr to 3.7593694125697342e-06
Epoch 89: reducing lr to 2.258993094102766e-06
Epoch 92: reducing lr to 1.1261052245318355e-06
Epoch 98: reducing lr to 2.8190802195719126e-08
[I 2024-06-22 16:05:03,252] Trial 512 finished with value: 1.866053819656372 and parameters: {'hidden_size': 183, 'n_layers': 2, 'rnn_dropout': 0.052407377439870124, 'bidirectional': True, 'fc_dropout': 0.27308884566735053, 'learning_rate_model': 0.0005112199412175695}. Best is trial 346 with value: 1.8583240509033203.
Epoch 45: reducing lr to 3.866731822267971e-05
Epoch 53: reducing lr to 3.187948490483113e-05
Epoch 57: reducing lr to 2.8086332591020637e-05
Epoch 65: reducing lr to 2.0229789048539823e-05
Epoch 68: reducing lr to 1.7332556154747648e-05
Epoch 72: reducing lr to 1.3630133238984863e-05
Epoch 75: reducing lr to 1.1030483347455384e-05
Epoch 80: reducing lr to 7.155815311223188e-06
Epoch 86: reducing lr to 3.465539812167064e-06
Epoch 89: reducing lr to 2.0824318240309065e-06
Epoch 92: reducing lr to 1.0380896528167452e-06
Epoch 95: reducing lr to 3.4898627533566237e-07
Epoch 98: reducing lr to 2.598742943950858e-08
[I 2024-06-22 16:05:58,411] Trial 513 finished with value: 1.864250898361206 and parameters: {'hidden_size': 184, 'n_layers': 2, 'rnn_dropout': 0.05249358028923529, 'bidirectional': True, 'fc_dropout': 0.27572782996143563, 'learning_rate_model': 0.00047126335952501396}. Best is trial 346 with value: 1.8583240509033203.
Epoch 30: reducing lr to 5.029807102993732e-05
Epoch 45: reducing lr to 4.190394476663282e-05
Epoch 53: reducing lr to 3.454793960490416e-05
Epoch 57: reducing lr to 3.043728356886927e-05
Epoch 65: reducing lr to 2.192311238262799e-05
Epoch 68: reducing lr to 1.8783368207498447e-05
Epoch 72: reducing lr to 1.477103602373089e-05
Epoch 75: reducing lr to 1.1953783871929477e-05
Epoch 80: reducing lr to 7.754788884889505e-06
Epoch 86: reducing lr to 3.755620910643844e-06
Epoch 89: reducing lr to 2.256740631246759e-06
Epoch 92: reducing lr to 1.124982374622809e-06
Epoch 98: reducing lr to 2.8162692886752294e-08
[I 2024-06-22 16:06:56,295] Trial 514 finished with value: 1.8660073280334473 and parameters: {'hidden_size': 183, 'n_layers': 2, 'rnn_dropout': 0.057005129851085516, 'bidirectional': True, 'fc_dropout': 0.2790513131884594, 'learning_rate_model': 0.0005107101990975742}. Best is trial 346 with value: 1.8583240509033203.
Epoch 30: reducing lr to 5.4992207920966216e-05
Epoch 41: reducing lr to 4.913766605935512e-05
Epoch 45: reducing lr to 4.581468824010741e-05
Epoch 53: reducing lr to 3.7772173745253086e-05
Epoch 57: reducing lr to 3.3277885061882724e-05
Epoch 65: reducing lr to 2.396911709999011e-05
Epoch 68: reducing lr to 2.0536351966818322e-05
Epoch 72: reducing lr to 1.6149563344916682e-05
Epoch 75: reducing lr to 1.3069387248194387e-05
Epoch 80: reducing lr to 8.478515259307212e-06
Epoch 86: reducing lr to 4.106119414947916e-06
Epoch 89: reducing lr to 2.467354064996817e-06
Epoch 92: reducing lr to 1.229972907228541e-06
Epoch 95: reducing lr to 4.134938273325068e-07
Epoch 98: reducing lr to 3.079101506539084e-08
[I 2024-06-22 16:07:53,133] Trial 515 finished with value: 1.8672003746032715 and parameters: {'hidden_size': 182, 'n_layers': 2, 'rnn_dropout': 0.04958245695913232, 'bidirectional': True, 'fc_dropout': 0.27472416161603025, 'learning_rate_model': 0.0005583729332167761}. Best is trial 346 with value: 1.8583240509033203.
Epoch 30: reducing lr to 5.1564664520254595e-05
Epoch 45: reducing lr to 4.295915946121706e-05
Epoch 53: reducing lr to 3.5417917210633836e-05
Epoch 57: reducing lr to 3.120374765868147e-05
Epoch 65: reducing lr to 2.247517473537315e-05
Epoch 68: reducing lr to 1.9256366304854694e-05
Epoch 72: reducing lr to 1.5142996571915012e-05
Epoch 75: reducing lr to 1.225480107849061e-05
Epoch 80: reducing lr to 7.95006804608317e-06
Epoch 86: reducing lr to 3.850194020509019e-06
Epoch 89: reducing lr to 2.3135693114394847e-06
Epoch 92: reducing lr to 1.1533114004331677e-06
Epoch 98: reducing lr to 2.887187880083698e-08
[I 2024-06-22 16:08:50,860] Trial 516 finished with value: 1.8660694360733032 and parameters: {'hidden_size': 183, 'n_layers': 2, 'rnn_dropout': 0.05198856116780948, 'bidirectional': True, 'fc_dropout': 0.2727449568231566, 'learning_rate_model': 0.0005235707760614624}. Best is trial 346 with value: 1.8583240509033203.
Epoch 45: reducing lr to 3.95893954897047e-05
Epoch 53: reducing lr to 3.263969662021123e-05
Epoch 57: reducing lr to 2.8756091187857945e-05
Epoch 65: reducing lr to 2.071219717653431e-05
Epoch 68: reducing lr to 1.7745875638599342e-05
Epoch 72: reducing lr to 1.3955163175992965e-05
Epoch 75: reducing lr to 1.129352093078126e-05
Epoch 80: reducing lr to 7.326455917523067e-06
Epoch 86: reducing lr to 3.5481805440731874e-06
Epoch 89: reducing lr to 2.1320903763517657e-06
Epoch 92: reducing lr to 1.0628443788746467e-06
Epoch 95: reducing lr to 3.573083500432413e-07
Epoch 98: reducing lr to 2.660713670176156e-08
[I 2024-06-22 16:09:46,012] Trial 517 finished with value: 1.8643577098846436 and parameters: {'hidden_size': 184, 'n_layers': 2, 'rnn_dropout': 0.05594250639968676, 'bidirectional': True, 'fc_dropout': 0.2719877650545106, 'learning_rate_model': 0.0004825013054331678}. Best is trial 346 with value: 1.8583240509033203.
Epoch 45: reducing lr to 3.91342799531793e-05
Epoch 53: reducing lr to 3.226447409267361e-05
Epoch 57: reducing lr to 2.8425514180872863e-05
Epoch 68: reducing lr to 1.7541870914291934e-05
Epoch 72: reducing lr to 1.3794736084404938e-05
Epoch 75: reducing lr to 1.1163691799164188e-05
Epoch 80: reducing lr to 7.242231749043395e-06
Epoch 86: reducing lr to 3.507391032840949e-06
Epoch 89: reducing lr to 2.1075800891005653e-06
Epoch 92: reducing lr to 1.0506260314169226e-06
Epoch 98: reducing lr to 2.6301263850067287e-08
[I 2024-06-22 16:10:43,819] Trial 518 finished with value: 1.866119384765625 and parameters: {'hidden_size': 183, 'n_layers': 2, 'rnn_dropout': 0.05217314145677068, 'bidirectional': True, 'fc_dropout': 0.2738358433540886, 'learning_rate_model': 0.0004769545210536607}. Best is trial 346 with value: 1.8583240509033203.
Epoch 45: reducing lr to 4.0298188811100516e-05
Epoch 53: reducing lr to 3.3224065204035834e-05
Epoch 57: reducing lr to 2.927092919261361e-05
Epoch 68: reducing lr to 1.8063590975733766e-05
Epoch 72: reducing lr to 1.4205011054087106e-05
Epoch 75: reducing lr to 1.1495715789070095e-05
Epoch 80: reducing lr to 7.457625968482581e-06
Epoch 86: reducing lr to 3.61170580485671e-06
Epoch 89: reducing lr to 2.1702625030204637e-06
Epoch 92: reducing lr to 1.0818731361494373e-06
Epoch 98: reducing lr to 2.7083500651306664e-08
[I 2024-06-22 16:11:41,619] Trial 519 finished with value: 1.866039752960205 and parameters: {'hidden_size': 183, 'n_layers': 2, 'rnn_dropout': 0.05534131620137129, 'bidirectional': True, 'fc_dropout': 0.27624288078273135, 'learning_rate_model': 0.0004911398233651914}. Best is trial 346 with value: 1.8583240509033203.
Epoch 45: reducing lr to 3.88739697615572e-05
Epoch 53: reducing lr to 3.204985991186592e-05
Epoch 57: reducing lr to 2.823643567854108e-05
Epoch 68: reducing lr to 1.74251873370146e-05
Epoch 72: reducing lr to 1.3702977391059765e-05
Epoch 75: reducing lr to 1.1089434070264426e-05
Epoch 80: reducing lr to 7.194058466268788e-06
Epoch 86: reducing lr to 3.4840608570220813e-06
Epoch 89: reducing lr to 2.0935610608340665e-06
Epoch 92: reducing lr to 1.043637563406558e-06
Epoch 98: reducing lr to 2.612631526174706e-08
[I 2024-06-22 16:12:39,337] Trial 520 finished with value: 1.866112470626831 and parameters: {'hidden_size': 183, 'n_layers': 2, 'rnn_dropout': 0.04995010038749977, 'bidirectional': True, 'fc_dropout': 0.27625500758383253, 'learning_rate_model': 0.00047378195411441844}. Best is trial 346 with value: 1.8583240509033203.
Epoch 45: reducing lr to 4.14616370736175e-05
Epoch 53: reducing lr to 3.418327657496324e-05
Epoch 57: reducing lr to 3.011600964699928e-05
Epoch 65: reducing lr to 2.169170788561278e-05
Epoch 68: reducing lr to 1.8585104576110418e-05
Epoch 72: reducing lr to 1.4615123665037993e-05
Epoch 75: reducing lr to 1.1827608386622727e-05
Epoch 80: reducing lr to 7.672934949643108e-06
Epoch 86: reducing lr to 3.715979296230735e-06
Epoch 89: reducing lr to 2.2329201115343584e-06
Epoch 92: reducing lr to 1.1131078754181724e-06
Epoch 98: reducing lr to 2.786542789680671e-08
[I 2024-06-22 16:13:37,157] Trial 521 finished with value: 1.866028070449829 and parameters: {'hidden_size': 183, 'n_layers': 2, 'rnn_dropout': 0.04973574719785377, 'bidirectional': True, 'fc_dropout': 0.278731048511266, 'learning_rate_model': 0.0005053195121056871}. Best is trial 346 with value: 1.8583240509033203.
Epoch 45: reducing lr to 3.956082627945183e-05
Epoch 53: reducing lr to 3.261614257641242e-05
Epoch 57: reducing lr to 2.8735339701126842e-05
Epoch 68: reducing lr to 1.773306954126016e-05
Epoch 72: reducing lr to 1.3945092600629118e-05
Epoch 75: reducing lr to 1.128537109747424e-05
Epoch 80: reducing lr to 7.321168868884732e-06
Epoch 86: reducing lr to 3.5456200423346547e-06
Epoch 89: reducing lr to 2.1305517790206706e-06
Epoch 92: reducing lr to 1.062077390034564e-06
Epoch 98: reducing lr to 2.658793598214488e-08
[I 2024-06-22 16:14:34,995] Trial 522 finished with value: 1.8661060333251953 and parameters: {'hidden_size': 183, 'n_layers': 2, 'rnn_dropout': 0.057841855924798735, 'bidirectional': True, 'fc_dropout': 0.2746753657332842, 'learning_rate_model': 0.00048215311417963393}. Best is trial 346 with value: 1.8583240509033203.
Epoch 45: reducing lr to 4.0742343722923514e-05
Epoch 53: reducing lr to 3.359025118376492e-05
Epoch 57: reducing lr to 2.9593544857438267e-05
Epoch 68: reducing lr to 1.8262682619644667e-05
Epoch 72: reducing lr to 1.436157455280283e-05
Epoch 75: reducing lr to 1.1622418223677532e-05
Epoch 80: reducing lr to 7.539821752019333e-06
Epoch 86: reducing lr to 3.6515129753676808e-06
Epoch 89: reducing lr to 2.1941825048642236e-06
Epoch 92: reducing lr to 1.0937972270717964e-06
Epoch 98: reducing lr to 2.738200711520063e-08
[I 2024-06-22 16:15:32,870] Trial 523 finished with value: 1.866037368774414 and parameters: {'hidden_size': 183, 'n_layers': 2, 'rnn_dropout': 0.053749929268909535, 'bidirectional': True, 'fc_dropout': 0.27414699635553713, 'learning_rate_model': 0.0004965530235951591}. Best is trial 346 with value: 1.8583240509033203.
Epoch 45: reducing lr to 3.855640293551045e-05
Epoch 53: reducing lr to 3.178804018133973e-05
Epoch 57: reducing lr to 2.8005768337070464e-05
Epoch 65: reducing lr to 2.0171760900614733e-05
Epoch 68: reducing lr to 1.7282838575881435e-05
Epoch 72: reducing lr to 1.3591035876875319e-05
Epoch 75: reducing lr to 1.0998842952301703e-05
Epoch 80: reducing lr to 7.135289209423117e-06
Epoch 86: reducing lr to 3.455599082860484e-06
Epoch 89: reducing lr to 2.0764584714843755e-06
Epoch 92: reducing lr to 1.0351119440631507e-06
Epoch 95: reducing lr to 3.4798522548979185e-07
Epoch 98: reducing lr to 2.5912885785289415e-08
[I 2024-06-22 16:16:28,042] Trial 524 finished with value: 1.8642241954803467 and parameters: {'hidden_size': 184, 'n_layers': 2, 'rnn_dropout': 0.05316977673917765, 'bidirectional': True, 'fc_dropout': 0.28307139417318483, 'learning_rate_model': 0.000469911563919406}. Best is trial 346 with value: 1.8583240509033203.
Epoch 45: reducing lr to 3.980341859013469e-05
Epoch 53: reducing lr to 3.2816149152040584e-05
Epoch 57: reducing lr to 2.8911548671260875e-05
Epoch 65: reducing lr to 2.0824168794226523e-05
Epoch 68: reducing lr to 1.784181111013251e-05
Epoch 72: reducing lr to 1.4030605785130788e-05
Epoch 75: reducing lr to 1.1354574511783912e-05
Epoch 80: reducing lr to 7.3660632616422645e-06
Epoch 86: reducing lr to 3.56736226158957e-06
Epoch 89: reducing lr to 2.1436166092507316e-06
Epoch 92: reducing lr to 1.0685901915203678e-06
Epoch 95: reducing lr to 3.5923998451099997e-07
Epoch 98: reducing lr to 2.6750976783680496e-08
[I 2024-06-22 16:17:23,259] Trial 525 finished with value: 1.8644160032272339 and parameters: {'hidden_size': 184, 'n_layers': 2, 'rnn_dropout': 0.051746389109116823, 'bidirectional': True, 'fc_dropout': 0.28377476111985694, 'learning_rate_model': 0.00048510974196201495}. Best is trial 346 with value: 1.8583240509033203.
Epoch 45: reducing lr to 3.8214067565430136e-05
Epoch 53: reducing lr to 3.1505799887352545e-05
Epoch 65: reducing lr to 1.999265946201234e-05
Epoch 68: reducing lr to 1.7129387359236336e-05
Epoch 72: reducing lr to 1.3470363512690643e-05
Epoch 75: reducing lr to 1.0901186203075656e-05
Epoch 80: reducing lr to 7.071936259299021e-06
Epoch 86: reducing lr to 3.4249174398436587e-06
Epoch 89: reducing lr to 2.0580219700171383e-06
Epoch 92: reducing lr to 1.025921371201931e-06
Epoch 95: reducing lr to 3.4489552723267614e-07
Epoch 98: reducing lr to 2.568280993096297e-08
[I 2024-06-22 16:18:18,460] Trial 526 finished with value: 1.8641693592071533 and parameters: {'hidden_size': 184, 'n_layers': 2, 'rnn_dropout': 0.04936702965290953, 'bidirectional': True, 'fc_dropout': 0.27656699772178095, 'learning_rate_model': 0.0004657393036230179}. Best is trial 346 with value: 1.8583240509033203.
Epoch 45: reducing lr to 3.7944391958957934e-05
Epoch 53: reducing lr to 3.128346433834389e-05
Epoch 65: reducing lr to 1.9851571823116557e-05
Epoch 68: reducing lr to 1.700850575152237e-05
Epoch 72: reducing lr to 1.3375303533967727e-05
Epoch 75: reducing lr to 1.0824256836801122e-05
Epoch 80: reducing lr to 7.022029802824744e-06
Epoch 86: reducing lr to 3.400747893219871e-06
Epoch 89: reducing lr to 2.0434985665101134e-06
Epoch 92: reducing lr to 1.018681472766676e-06
Epoch 95: reducing lr to 3.4246160913911465e-07
Epoch 98: reducing lr to 2.550156705928108e-08
[I 2024-06-22 16:19:13,577] Trial 527 finished with value: 1.8640494346618652 and parameters: {'hidden_size': 184, 'n_layers': 2, 'rnn_dropout': 0.048599939422613786, 'bidirectional': True, 'fc_dropout': 0.28506574512482136, 'learning_rate_model': 0.00046245259437785767}. Best is trial 346 with value: 1.8583240509033203.
Epoch 45: reducing lr to 3.6953330049267386e-05
Epoch 53: reducing lr to 3.0466377851823556e-05
Epoch 57: reducing lr to 2.6841362830813713e-05
Epoch 65: reducing lr to 1.9333072628224797e-05
Epoch 68: reducing lr to 1.6564264025121298e-05
Epoch 72: reducing lr to 1.302595668246454e-05
Epoch 75: reducing lr to 1.0541540258729073e-05
Epoch 80: reducing lr to 6.838622824691614e-06
Epoch 86: reducing lr to 3.3119244458689153e-06
Epoch 89: reducing lr to 1.990124840190664e-06
Epoch 92: reducing lr to 9.920747371294694e-07
Epoch 95: reducing lr to 3.335169235392987e-07
Epoch 98: reducing lr to 2.4835496779989287e-08
[I 2024-06-22 16:20:10,736] Trial 528 finished with value: 1.8654133081436157 and parameters: {'hidden_size': 185, 'n_layers': 2, 'rnn_dropout': 0.045163022665820035, 'bidirectional': True, 'fc_dropout': 0.283792000559985, 'learning_rate_model': 0.00045037388846998054}. Best is trial 346 with value: 1.8583240509033203.
Epoch 45: reducing lr to 3.7091847942672553e-05
Epoch 53: reducing lr to 3.0580579697072526e-05
Epoch 57: reducing lr to 2.694197647051794e-05
Epoch 65: reducing lr to 1.9405541780259017e-05
Epoch 68: reducing lr to 1.662635442280692e-05
Epoch 72: reducing lr to 1.3074783894432619e-05
Epoch 75: reducing lr to 1.058105474762461e-05
Epoch 80: reducing lr to 6.864257094355702e-06
Epoch 86: reducing lr to 3.324339045493555e-06
Epoch 89: reducing lr to 1.9975847335239286e-06
Epoch 92: reducing lr to 9.957934846010607e-07
Epoch 95: reducing lr to 3.3476709670643053e-07
Epoch 98: reducing lr to 2.492859152113916e-08
[I 2024-06-22 16:21:07,890] Trial 529 finished with value: 1.8653912544250488 and parameters: {'hidden_size': 185, 'n_layers': 2, 'rnn_dropout': 0.047901333262550444, 'bidirectional': True, 'fc_dropout': 0.2782207430188983, 'learning_rate_model': 0.00045206209470720967}. Best is trial 346 with value: 1.8583240509033203.
Epoch 45: reducing lr to 3.649145525222856e-05
Epoch 53: reducing lr to 3.008558261447801e-05
Epoch 57: reducing lr to 2.6505876177968115e-05
Epoch 65: reducing lr to 1.909143110405382e-05
Epoch 68: reducing lr to 1.635722947439203e-05
Epoch 72: reducing lr to 1.2863146968402814e-05
Epoch 75: reducing lr to 1.0409782937778952e-05
Epoch 80: reducing lr to 6.753147780224223e-06
Epoch 86: reducing lr to 3.270529139161668e-06
Epoch 89: reducing lr to 1.965250532369976e-06
Epoch 92: reducing lr to 9.796749258743495e-07
Epoch 95: reducing lr to 3.2934833951282035e-07
Epoch 98: reducing lr to 2.4525081182276248e-08
[I 2024-06-22 16:22:05,065] Trial 530 finished with value: 1.865410327911377 and parameters: {'hidden_size': 185, 'n_layers': 2, 'rnn_dropout': 0.04451643748189007, 'bidirectional': True, 'fc_dropout': 0.2741583271436722, 'learning_rate_model': 0.0004447447246557499}. Best is trial 346 with value: 1.8583240509033203.
Epoch 39: reducing lr to 3.909748759436544e-05
Epoch 45: reducing lr to 3.54129383486058e-05
Epoch 53: reducing lr to 2.9196393373304298e-05
Epoch 57: reducing lr to 2.5722486332162373e-05
Epoch 67: reducing lr to 1.675029153008616e-05
Epoch 72: reducing lr to 1.2482972449647244e-05
Epoch 75: reducing lr to 1.0102118395933834e-05
Epoch 80: reducing lr to 6.553556287276302e-06
Epoch 86: reducing lr to 3.1738675800104638e-06
Epoch 89: reducing lr to 1.907166909659823e-06
Epoch 92: reducing lr to 9.507203127928014e-07
Epoch 95: reducing lr to 3.1961434154289614e-07
Epoch 98: reducing lr to 2.3800234380880193e-08
[I 2024-06-22 16:23:02,344] Trial 531 finished with value: 1.8690615892410278 and parameters: {'hidden_size': 186, 'n_layers': 2, 'rnn_dropout': 0.04235608099034953, 'bidirectional': True, 'fc_dropout': 0.2866949209608417, 'learning_rate_model': 0.0004316001487537247}. Best is trial 346 with value: 1.8583240509033203.
Epoch 30: reducing lr to 6.231912084124783e-05
Epoch 41: reducing lr to 5.568454631628527e-05
Epoch 45: reducing lr to 5.191882997028762e-05
Epoch 48: reducing lr to 4.8715393987192504e-05
Epoch 53: reducing lr to 4.28047672399344e-05
Epoch 57: reducing lr to 3.771167987095776e-05
Epoch 65: reducing lr to 2.7162653791953046e-05
Epoch 68: reducing lr to 2.3272522567158318e-05
Epoch 71: reducing lr to 1.9514342707346252e-05
Epoch 74: reducing lr to 1.5947365967169487e-05
Epoch 80: reducing lr to 9.608154263573097e-06
Epoch 86: reducing lr to 4.653200183860464e-06
Epoch 89: reducing lr to 2.796093154791427e-06
Epoch 92: reducing lr to 1.393848931237633e-06
Epoch 97: reducing lr to 1.2425522291279172e-07
[I 2024-06-22 16:23:59,429] Trial 532 finished with value: 1.8673988580703735 and parameters: {'hidden_size': 185, 'n_layers': 2, 'rnn_dropout': 0.06778214656593687, 'bidirectional': True, 'fc_dropout': 0.2930763662368975, 'learning_rate_model': 0.0006327680159637948}. Best is trial 346 with value: 1.8583240509033203.
Epoch 39: reducing lr to 4.117204908810414e-05
Epoch 45: reducing lr to 3.7291993060263225e-05
Epoch 53: reducing lr to 3.074559044900166e-05
Epoch 57: reducing lr to 2.708735356408176e-05
Epoch 65: reducing lr to 1.951025277895402e-05
Epoch 68: reducing lr to 1.6716069113382593e-05
Epoch 72: reducing lr to 1.3145334549230633e-05
Epoch 75: reducing lr to 1.0638149407614854e-05
Epoch 80: reducing lr to 6.901296164111561e-06
Epoch 86: reducing lr to 3.3422769554677326e-06
Epoch 89: reducing lr to 2.008363566436387e-06
Epoch 92: reducing lr to 1.0011667192907838e-06
Epoch 95: reducing lr to 3.365734774518484e-07
Epoch 98: reducing lr to 2.506310452488579e-08
