[I 2024-06-22 12:44:00,292] Trial 251 finished with value: 2.1343934535980225 and parameters: {'hidden_size': 23, 'n_layers': 1, 'rnn_dropout': 0.12036402269413077, 'bidirectional': False, 'fc_dropout': 0.08863635175676494, 'learning_rate_model': 0.0038923505213127522}. Best is trial 120 with value: 1.8680797815322876.
Epoch 22: reducing lr to 0.00040551428773097175
Epoch 25: reducing lr to 0.00041229708892843
Epoch 28: reducing lr to 0.0004097100062370984
Epoch 31: reducing lr to 0.00040391379746043557
Epoch 35: reducing lr to 0.00039135866103178553
Epoch 40: reducing lr to 0.0003684281470927019
Epoch 43: reducing lr to 0.00035118939270960557
Epoch 46: reducing lr to 0.0003316644026924876
Epoch 49: reducing lr to 0.00031016112672546626
Epoch 52: reducing lr to 0.00028701867044299875
Epoch 55: reducing lr to 0.000262601966909393
Epoch 58: reducing lr to 0.00023729617372338484
Epoch 63: reducing lr to 0.00019423157094582318
Epoch 66: reducing lr to 0.00016852390907221766
Epoch 71: reducing lr to 0.00012719504854656212
Epoch 74: reducing lr to 0.0001039453912849602
Epoch 77: reducing lr to 8.230873095470032e-05
Epoch 80: reducing lr to 6.262622658245978e-05
Epoch 83: reducing lr to 4.52083410098674e-05
Epoch 86: reducing lr to 3.032969299346139e-05
Epoch 89: reducing lr to 1.822501582031356e-05
Epoch 92: reducing lr to 9.085147531441226e-06
Epoch 95: reducing lr to 3.0542562381482253e-06
Epoch 98: reducing lr to 2.2743664748053893e-07
[I 2024-06-22 12:44:43,758] Trial 252 finished with value: 1.8774032592773438 and parameters: {'hidden_size': 113, 'n_layers': 3, 'rnn_dropout': 0.1585593834561535, 'bidirectional': True, 'fc_dropout': 0.5705311785278516, 'learning_rate_model': 0.004124400176641758}. Best is trial 120 with value: 1.8680797815322876.
Epoch 34: reducing lr to 3.1373346172981745e-05
Epoch 65: reducing lr to 1.4062170321246158e-05
Epoch 68: reducing lr to 1.2048240155436389e-05
Epoch 72: reducing lr to 9.474604735026552e-06
Epoch 79: reducing lr to 5.476445404592939e-06
Epoch 82: reducing lr to 4.0304786832705555e-06
Epoch 85: reducing lr to 2.779264360233208e-06
Epoch 88: reducing lr to 1.7425297534448309e-06
Epoch 91: reducing lr to 9.366309270991756e-07
Epoch 94: reducing lr to 3.7427329297082364e-07
Epoch 97: reducing lr to 6.432722374209612e-08
[I 2024-06-22 12:45:57,550] Trial 253 finished with value: 1.8870363235473633 and parameters: {'hidden_size': 98, 'n_layers': 6, 'rnn_dropout': 0.08798077795625635, 'bidirectional': True, 'fc_dropout': 0.5272285277327067, 'learning_rate_model': 0.0003275855033338442}. Best is trial 120 with value: 1.8680797815322876.
Epoch 4: reducing lr to 0.00040555135929065103
Epoch 8: reducing lr to 0.0009826321197491787
Epoch 15: reducing lr to 0.0022798976654641754
Epoch 19: reducing lr to 0.0028704665472751166
Epoch 27: reducing lr to 0.00316245692747255
Epoch 33: reducing lr to 0.003065319632614753
Epoch 36: reducing lr to 0.0029813024561703583
Epoch 41: reducing lr to 0.0027932230399235845
Epoch 44: reducing lr to 0.0026544450228011022
Epoch 47: reducing lr to 0.0024988335569790564
Epoch 51: reducing lr to 0.002269441293094726
Epoch 54: reducing lr to 0.002084481395362955
Epoch 57: reducing lr to 0.0018916762379902017
Epoch 68: reducing lr to 0.0011673857565885736
Epoch 73: reducing lr to 0.0008583429315985342
Epoch 76: reducing lr to 0.0006873909076577558
Epoch 79: reducing lr to 0.0005306272351462092
Epoch 82: reducing lr to 0.00039052370689680107
Epoch 88: reducing lr to 0.00016883830238770755
Epoch 91: reducing lr to 9.075264016733219e-05
Epoch 94: reducing lr to 3.626432621269479e-05
Epoch 97: reducing lr to 6.232834321742708e-06
[I 2024-06-22 12:46:44,678] Trial 254 finished with value: 1.9732253551483154 and parameters: {'hidden_size': 93, 'n_layers': 4, 'rnn_dropout': 0.7482270160054405, 'bidirectional': True, 'fc_dropout': 0.4436147986225336, 'learning_rate_model': 0.03174062317178117}. Best is trial 120 with value: 1.8680797815322876.
Epoch 39: reducing lr to 0.00014631565294575193
Epoch 47: reducing lr to 0.00012715850265155917
Epoch 62: reducing lr to 7.944481040119749e-05
Epoch 68: reducing lr to 5.940492691478799e-05
Epoch 71: reducing lr to 4.981188003899226e-05
Epoch 75: reducing lr to 3.7805448385112305e-05
Epoch 78: reducing lr to 2.957294568706524e-05
Epoch 85: reducing lr to 1.3703411790146926e-05
Epoch 88: reducing lr to 8.59169897966599e-06
Epoch 93: reducing lr to 2.6331173110003427e-06
Epoch 96: reducing lr to 6.863982682049847e-07
Epoch 99: reducing lr to 2.489863008391796e-09
[I 2024-06-22 12:47:53,968] Trial 255 finished with value: 2.527953863143921 and parameters: {'hidden_size': 191, 'n_layers': 5, 'rnn_dropout': 0.598816256071803, 'bidirectional': False, 'fc_dropout': 0.669401639883065, 'learning_rate_model': 0.001615189656981585}. Best is trial 120 with value: 1.8680797815322876.
Epoch 10: reducing lr to 0.0005130537645002655
Epoch 14: reducing lr to 0.0008019473333492906
Epoch 37: reducing lr to 0.001125352750716502
Epoch 45: reducing lr to 0.0009940487874025722
Epoch 50: reducing lr to 0.0008888981955430012
Epoch 53: reducing lr to 0.0008195490344111546
Epoch 62: reducing lr to 0.0005958944358489447
Epoch 69: reducing lr to 0.0004212579073832398
Epoch 72: reducing lr to 0.00035039971844753984
Epoch 77: reducing lr to 0.00024177557853528859
Epoch 83: reducing lr to 0.00013279603118042138
Epoch 86: reducing lr to 8.909114483040218e-05
Epoch 89: reducing lr to 5.353458488135589e-05
Epoch 92: reducing lr to 2.668692342859165e-05
Epoch 95: reducing lr to 8.97164323162402e-06
Epoch 98: reducing lr to 6.680776922072044e-07
[I 2024-06-22 12:49:03,176] Trial 256 finished with value: 2.46968412399292 and parameters: {'hidden_size': 176, 'n_layers': 6, 'rnn_dropout': 0.6467290852849135, 'bidirectional': False, 'fc_dropout': 0.7206264917655328, 'learning_rate_model': 0.012115108898561665}. Best is trial 120 with value: 1.8680797815322876.
Epoch 12: reducing lr to 0.002170290805920315
Epoch 17: reducing lr to 0.003277792050787847
Epoch 22: reducing lr to 0.003926498011383837
Epoch 26: reducing lr to 0.003987311376669782
Epoch 32: reducing lr to 0.0038855270379109254
Epoch 35: reducing lr to 0.0037894324584158957
Epoch 38: reducing lr to 0.0036650669550665474
Epoch 41: reducing lr to 0.003514391861949996
Epoch 44: reducing lr to 0.003339783416071592
Epoch 47: reducing lr to 0.0031439953743382437
Epoch 53: reducing lr to 0.002701516589292823
Epoch 56: reducing lr to 0.0024618034689463408
Epoch 61: reducing lr to 0.0020479065733871324
Epoch 70: reducing lr to 0.0013095025225858096
Epoch 77: reducing lr to 0.000796975786529048
Epoch 85: reducing lr to 0.0003388170069832587
Epoch 88: reducing lr to 0.00021242985161437216
Epoch 91: reducing lr to 0.00011418362783634853
Epoch 94: reducing lr to 4.5627238175896535e-05
Epoch 97: reducing lr to 7.842059837016857e-06
[I 2024-06-22 12:49:38,832] Trial 257 finished with value: 2.54396653175354 and parameters: {'hidden_size': 93, 'n_layers': 7, 'rnn_dropout': 0.20061852533840183, 'bidirectional': False, 'fc_dropout': 0.6469722785482318, 'learning_rate_model': 0.03993558200464396}. Best is trial 120 with value: 1.8680797815322876.
[I 2024-06-22 12:49:44,184] Trial 258 finished with value: 2.772587299346924 and parameters: {'hidden_size': 18, 'n_layers': 3, 'rnn_dropout': 0.18841756528789544, 'bidirectional': False, 'fc_dropout': 0.5792678758912593, 'learning_rate_model': 0.0007033923501905388}. Best is trial 120 with value: 1.8680797815322876.
Epoch 18: reducing lr to 0.001056895772901481
Epoch 21: reducing lr to 0.0011772068728486277
Epoch 27: reducing lr to 0.0012169790434892924
Epoch 30: reducing lr to 0.001202958730832633
Epoch 35: reducing lr to 0.0011590123999120233
Epoch 41: reducing lr to 0.0010748901823289623
Epoch 44: reducing lr to 0.0010214855218360723
Epoch 47: reducing lr to 0.0009616030010064747
Epoch 50: reducing lr to 0.0008961869839920575
Epoch 53: reducing lr to 0.0008262691735287757
Epoch 59: reducing lr to 0.00067739204275184
Epoch 62: reducing lr to 0.0006007806517313154
Epoch 65: reducing lr to 0.0005243262595897649
Epoch 70: reducing lr to 0.0004005163512077711
Epoch 73: reducing lr to 0.0003303081698309224
Epoch 77: reducing lr to 0.000243758090203023
Epoch 80: reducing lr to 0.0001854681661507311
Epoch 83: reducing lr to 0.00013388493223005972
Epoch 86: reducing lr to 8.982167450253906e-05
Epoch 89: reducing lr to 5.397355783221223e-05
Epoch 92: reducing lr to 2.6905750894101744e-05
Epoch 95: reducing lr to 9.045208922142494e-06
Epoch 98: reducing lr to 6.735557964383798e-07
[I 2024-06-22 12:50:05,662] Trial 259 finished with value: 2.56439208984375 and parameters: {'hidden_size': 83, 'n_layers': 5, 'rnn_dropout': 0.4269662037074211, 'bidirectional': False, 'fc_dropout': 0.3165186178140391, 'learning_rate_model': 0.012214450382481491}. Best is trial 120 with value: 1.8680797815322876.
Epoch 32: reducing lr to 0.00014562632303418162
Epoch 38: reducing lr to 0.00013736366241512201
Epoch 41: reducing lr to 0.00013171648519326597
Epoch 54: reducing lr to 9.829525208823796e-05
Epoch 57: reducing lr to 8.920338319939751e-05
Epoch 63: reducing lr to 7.048699443139945e-05
Epoch 66: reducing lr to 6.115763664211107e-05
Epoch 71: reducing lr to 4.6159317123084347e-05
Epoch 81: reducing lr to 2.0523659481528418e-05
Epoch 84: reducing lr to 1.4499457554104307e-05
Epoch 87: reducing lr to 9.426820875612783e-06
Epoch 90: reducing lr to 5.385777999746986e-06
Epoch 93: reducing lr to 2.440038337954832e-06
Epoch 96: reducing lr to 6.360666433390636e-07
Epoch 99: reducing lr to 2.30728846425856e-09
[I 2024-06-22 12:50:22,527] Trial 260 finished with value: 2.561927556991577 and parameters: {'hidden_size': 62, 'n_layers': 5, 'rnn_dropout': 0.7683177185760145, 'bidirectional': False, 'fc_dropout': 0.08719602714371498, 'learning_rate_model': 0.0014967524119181418}. Best is trial 120 with value: 1.8680797815322876.
[I 2024-06-22 12:50:56,810] Trial 261 finished with value: 3.1468868255615234 and parameters: {'hidden_size': 131, 'n_layers': 2, 'rnn_dropout': 0.7310751001972866, 'bidirectional': True, 'fc_dropout': 0.616105750079846, 'learning_rate_model': 2.6425810722624015e-05}. Best is trial 120 with value: 1.8680797815322876.
[I 2024-06-22 12:51:03,733] Trial 262 finished with value: 3.0080277919769287 and parameters: {'hidden_size': 118, 'n_layers': 1, 'rnn_dropout': 0.46478725814001565, 'bidirectional': False, 'fc_dropout': 0.572661562286544, 'learning_rate_model': 0.0012495178317291505}. Best is trial 120 with value: 1.8680797815322876.
Epoch 5: reducing lr to 0.0005222725607204017
Epoch 11: reducing lr to 0.0015243855839918627
Epoch 14: reducing lr to 0.0020883774975574707
Epoch 17: reducing lr to 0.00258947581532589
Epoch 20: reducing lr to 0.002957302620824447
Epoch 23: reducing lr to 0.003140197728263084
Epoch 26: reducing lr to 0.003150000432632224
Epoch 29: reducing lr to 0.0031219740753687256
Epoch 32: reducing lr to 0.0030695901810021227
Epoch 35: reducing lr to 0.0029936748740727274
Epoch 38: reducing lr to 0.0028954253639774906
Epoch 41: reducing lr to 0.0027763911166696098
Epoch 44: reducing lr to 0.0026384493739513397
Epoch 47: reducing lr to 0.002483775620661633
Epoch 50: reducing lr to 0.002314809105279365
Epoch 53: reducing lr to 0.0021342146677651554
Epoch 56: reducing lr to 0.0019448398330790065
Epoch 59: reducing lr to 0.0017496719952581285
Epoch 62: reducing lr to 0.0015517883519223757
Epoch 65: reducing lr to 0.0013543102293552347
Epoch 68: reducing lr to 0.0011603511062288157
Epoch 71: reducing lr to 0.0009729709825161564
Epoch 74: reducing lr to 0.0007951241077559033
Epoch 77: reducing lr to 0.0006296157573880436
Epoch 80: reducing lr to 0.00047905560715997067
Epoch 83: reducing lr to 0.00034581852417151296
Epoch 86: reducing lr to 0.00023200518831877938
Epoch 89: reducing lr to 0.0001394111779639884
Epoch 92: reducing lr to 6.949629738719453e-05
Epoch 95: reducing lr to 2.3363352008150262e-05
Epoch 98: reducing lr to 1.739763150278989e-06
[I 2024-06-22 12:53:07,014] Trial 263 finished with value: 2.461798667907715 and parameters: {'hidden_size': 137, 'n_layers': 6, 'rnn_dropout': 0.6460098173144257, 'bidirectional': True, 'fc_dropout': 0.326359991237894, 'learning_rate_model': 0.03154935461727455}. Best is trial 120 with value: 1.8680797815322876.
Epoch 17: reducing lr to 0.0015668637924906837
Epoch 20: reducing lr to 0.0017894318118682538
Epoch 23: reducing lr to 0.0019000996620845835
Epoch 27: reducing lr to 0.0019020373256512287
Epoch 30: reducing lr to 0.001880124739618681
Epoch 35: reducing lr to 0.0018114402686874806
Epoch 38: reducing lr to 0.0017519905533871657
Epoch 41: reducing lr to 0.0016799642185323538
Epoch 44: reducing lr to 0.0015964971628220376
Epoch 47: reducing lr to 0.0015029057485891235
Epoch 50: reducing lr to 0.0014006659386905794
Epoch 53: reducing lr to 0.0012913901989476215
Epoch 56: reducing lr to 0.0011768015358975701
Epoch 59: reducing lr to 0.0010587075893426989
Epoch 62: reducing lr to 0.0009389703382612826
Epoch 65: reducing lr to 0.0008194784634083985
Epoch 68: reducing lr to 0.000702115897034408
Epoch 71: reducing lr to 0.0005887342120076101
Epoch 74: reducing lr to 0.00048112099275288785
Epoch 77: reducing lr to 0.0003809736810802261
Epoch 80: reducing lr to 0.0002898713635424058
Epoch 83: reducing lr to 0.0002092510465206702
Epoch 86: reducing lr to 0.0001403838286865515
Epoch 89: reducing lr to 8.43561950752407e-05
Epoch 92: reducing lr to 4.205145745856502e-05
Epoch 95: reducing lr to 1.4136911461433768e-05
Epoch 98: reducing lr to 1.0527118544795266e-06
[I 2024-06-22 12:53:46,585] Trial 264 finished with value: 1.8853777647018433 and parameters: {'hidden_size': 146, 'n_layers': 2, 'rnn_dropout': 0.4525857173034107, 'bidirectional': True, 'fc_dropout': 0.6764141404245652, 'learning_rate_model': 0.019090173051118056}. Best is trial 120 with value: 1.8680797815322876.
Epoch 35: reducing lr to 0.0002840355445679299
Epoch 41: reducing lr to 0.00026341997575841556
Epoch 47: reducing lr to 0.0002356570404852977
Epoch 50: reducing lr to 0.00021962574175409745
Epoch 56: reducing lr to 0.00018452359201401295
Epoch 59: reducing lr to 0.0001660063496849611
Epoch 62: reducing lr to 0.00014723143565447007
Epoch 68: reducing lr to 0.00011009243562221742
Epoch 71: reducing lr to 9.231408035028205e-05
Epoch 74: reducing lr to 7.544022595823503e-05
Epoch 77: reducing lr to 5.973703292467764e-05
Epoch 80: reducing lr to 4.545210351212542e-05
Epoch 86: reducing lr to 2.201231689433914e-05
Epoch 91: reducing lr to 8.558592683506182e-06
Epoch 94: reducing lr to 3.4199731977381866e-06
Epoch 97: reducing lr to 5.877987695478409e-07
[I 2024-06-22 12:53:57,286] Trial 265 finished with value: 1.8768019676208496 and parameters: {'hidden_size': 108, 'n_layers': 1, 'rnn_dropout': 0.11800200431754836, 'bidirectional': True, 'fc_dropout': 0.2979990131242876, 'learning_rate_model': 0.0029933571601558667}. Best is trial 120 with value: 1.8680797815322876.
Epoch 81: reducing lr to 1.0054044210768997e-05
Epoch 84: reducing lr to 7.10293344188134e-06
Epoch 87: reducing lr to 4.617971465357453e-06
Epoch 90: reducing lr to 2.6383623333634975e-06
[I 2024-06-22 12:54:15,964] Trial 266 finished with value: 2.579394578933716 and parameters: {'hidden_size': 52, 'n_layers': 7, 'rnn_dropout': 0.12478018643473794, 'bidirectional': False, 'fc_dropout': 0.18479195893576314, 'learning_rate_model': 0.0007332227927258254}. Best is trial 120 with value: 1.8680797815322876.
Epoch 31: reducing lr to 0.0001241007074502171
Epoch 37: reducing lr to 0.00011770847143392595
Epoch 40: reducing lr to 0.00011319790011198013
Epoch 44: reducing lr to 0.00010597529915087007
Epoch 49: reducing lr to 9.529561874884237e-05
Epoch 53: reducing lr to 8.572233376980397e-05
Epoch 56: reducing lr to 7.811595141672674e-05
Epoch 59: reducing lr to 7.027688874533606e-05
Epoch 63: reducing lr to 5.9676781320907376e-05
Epoch 66: reducing lr to 5.1778217207811136e-05
Epoch 69: reducing lr to 4.40622945347268e-05
Epoch 72: reducing lr to 3.6650743709541396e-05
Epoch 75: reducing lr to 2.9660415717994907e-05
Epoch 80: reducing lr to 1.9241627972815486e-05
Epoch 83: reducing lr to 1.3890060545715205e-05
Epoch 86: reducing lr to 9.318662499032695e-06
Epoch 89: reducing lr to 5.5995545851930156e-06
Epoch 92: reducing lr to 2.791370938626768e-06
Epoch 95: reducing lr to 9.384065666277623e-07
Epoch 98: reducing lr to 6.98788925505801e-08
[I 2024-06-22 12:54:50,287] Trial 267 finished with value: 2.563610792160034 and parameters: {'hidden_size': 106, 'n_layers': 6, 'rnn_dropout': 0.5074246022190988, 'bidirectional': False, 'fc_dropout': 0.3627019412177587, 'learning_rate_model': 0.0012672035046764618}. Best is trial 120 with value: 1.8680797815322876.
Epoch 84: reducing lr to 7.1001526337919544e-06
[I 2024-06-22 12:55:06,529] Trial 268 finished with value: 2.586808681488037 and parameters: {'hidden_size': 137, 'n_layers': 2, 'rnn_dropout': 0.6304396409378458, 'bidirectional': False, 'fc_dropout': 0.1779065548249406, 'learning_rate_model': 0.0007329357350066418}. Best is trial 120 with value: 1.8680797815322876.
[I 2024-06-22 12:56:09,862] Trial 269 finished with value: 3.0835418701171875 and parameters: {'hidden_size': 181, 'n_layers': 5, 'rnn_dropout': 0.580767076679052, 'bidirectional': False, 'fc_dropout': 0.7568440238780506, 'learning_rate_model': 6.320395612953416e-05}. Best is trial 120 with value: 1.8680797815322876.
[I 2024-06-22 12:59:30,888] Trial 270 finished with value: 2.163940906524658 and parameters: {'hidden_size': 165, 'n_layers': 7, 'rnn_dropout': 0.011654985410665387, 'bidirectional': True, 'fc_dropout': 0.6139388141931627, 'learning_rate_model': 2.1128387034312285e-05}. Best is trial 120 with value: 1.8680797815322876.
Epoch 41: reducing lr to 0.0002116261295891509
Epoch 86: reducing lr to 1.768423755346142e-05
Epoch 91: reducing lr to 6.875795349710031e-06
Epoch 94: reducing lr to 2.747535334221259e-06
Epoch 97: reducing lr to 4.7222530568736057e-07
[I 2024-06-22 13:00:12,706] Trial 271 finished with value: 2.0471465587615967 and parameters: {'hidden_size': 200, 'n_layers': 3, 'rnn_dropout': 0.7241622127464323, 'bidirectional': False, 'fc_dropout': 0.6758494552049629, 'learning_rate_model': 0.0024048008829167943}. Best is trial 120 with value: 1.8680797815322876.
[I 2024-06-22 13:01:05,061] Trial 272 finished with value: 2.204921245574951 and parameters: {'hidden_size': 101, 'n_layers': 4, 'rnn_dropout': 0.45910842151387793, 'bidirectional': True, 'fc_dropout': 0.0911726091673491, 'learning_rate_model': 4.026351717100039e-05}. Best is trial 120 with value: 1.8680797815322876.
Epoch 18: reducing lr to 0.00022140610158927833
Epoch 21: reducing lr to 0.00024660973311113404
Epoch 24: reducing lr to 0.0002558650890991873
Epoch 53: reducing lr to 0.0001730927885842288
Epoch 56: reducing lr to 0.0001577337814896764
Epoch 59: reducing lr to 0.0001419049401830307
Epoch 69: reducing lr to 8.897174280061518e-05
Epoch 72: reducing lr to 7.4006144646112e-05
Epoch 75: reducing lr to 5.989109070434224e-05
Epoch 78: reducing lr to 4.684922539461502e-05
Epoch 81: reducing lr to 3.508618812741275e-05
Epoch 84: reducing lr to 2.4787523684389935e-05
Epoch 87: reducing lr to 1.6115606039110745e-05
Epoch 90: reducing lr to 9.207247873200967e-06
Epoch 93: reducing lr to 4.1713635056474504e-06
Epoch 96: reducing lr to 1.0873866782798535e-06
Epoch 99: reducing lr to 3.944421178613336e-09
[I 2024-06-22 13:01:17,902] Trial 273 finished with value: 1.913801670074463 and parameters: {'hidden_size': 25, 'n_layers': 4, 'rnn_dropout': 0.6781768112288086, 'bidirectional': True, 'fc_dropout': 0.340579529588093, 'learning_rate_model': 0.0025587706106692735}. Best is trial 120 with value: 1.8680797815322876.
Epoch 11: reducing lr to 0.0002599540123098652
Epoch 21: reducing lr to 0.0005185265888452592
Epoch 30: reducing lr to 0.0005298695595540199
Epoch 41: reducing lr to 0.00047345895821826716
Epoch 47: reducing lr to 0.0004235591342825661
Epoch 52: reducing lr to 0.00037440489935234206
Epoch 59: reducing lr to 0.00029837218363250144
Epoch 62: reducing lr to 0.00026462701600836453
Epoch 65: reducing lr to 0.00023095100198419768
Epoch 70: reducing lr to 0.00017641621210210163
Epoch 73: reducing lr to 0.00014549147861811035
Epoch 77: reducing lr to 0.0001073685975945377
Epoch 80: reducing lr to 8.169352197274372e-05
Epoch 83: reducing lr to 5.8972555128769014e-05
Epoch 86: reducing lr to 3.956392674761382e-05
Epoch 89: reducing lr to 2.377383744189025e-05
Epoch 92: reducing lr to 1.1851228151326613e-05
Epoch 95: reducing lr to 3.984160673851499e-06
Epoch 98: reducing lr to 2.9668242479668344e-07
[I 2024-06-22 13:02:31,317] Trial 274 finished with value: 2.4606258869171143 and parameters: {'hidden_size': 94, 'n_layers': 6, 'rnn_dropout': 0.7535089969493642, 'bidirectional': True, 'fc_dropout': 0.37623913982574025, 'learning_rate_model': 0.005380122591470972}. Best is trial 120 with value: 1.8680797815322876.
[I 2024-06-22 13:02:49,778] Trial 275 finished with value: 4.730783462524414 and parameters: {'hidden_size': 18, 'n_layers': 7, 'rnn_dropout': 0.13766186546311676, 'bidirectional': True, 'fc_dropout': 0.6401117475095902, 'learning_rate_model': 0.00011905406569348063}. Best is trial 120 with value: 1.8680797815322876.
Epoch 32: reducing lr to 0.00029218544638624517
Epoch 38: reducing lr to 0.0002756071991915309
Epoch 41: reducing lr to 0.00026427667210678844
Epoch 45: reducing lr to 0.0002464047300716363
Epoch 48: reducing lr to 0.0002312013485784854
Epoch 53: reducing lr to 0.00020314974593170376
Epoch 56: reducing lr to 0.00018512370097314532
Epoch 59: reducing lr to 0.00016654623673480374
Epoch 63: reducing lr to 0.00014142548890374082
Epoch 80: reducing lr to 4.559992317155937e-05
Epoch 83: reducing lr to 3.291746907422631e-05
Epoch 97: reducing lr to 5.897104129530019e-07
