[I 2024-06-22 11:37:01,108] Trial 150 finished with value: 2.457779884338379 and parameters: {'hidden_size': 59, 'n_layers': 7, 'rnn_dropout': 0.547374440786582, 'bidirectional': False, 'fc_dropout': 0.561104235706677, 'learning_rate_model': 0.002628497037637164}. Best is trial 120 with value: 1.8680797815322876.
Epoch 13: reducing lr to 0.001413687425991046
Epoch 17: reducing lr to 0.0019231121842944628
Epoch 20: reducing lr to 0.002196284154921792
Epoch 26: reducing lr to 0.0023393940104304363
Epoch 29: reducing lr to 0.002318579825252175
Epoch 32: reducing lr to 0.0022796761579844697
Epoch 37: reducing lr to 0.0021764294528986124
Epoch 43: reducing lr to 0.0019950961616277494
Epoch 46: reducing lr to 0.001884175292582075
Epoch 49: reducing lr to 0.0017620158417705838
Epoch 52: reducing lr to 0.0016305442578951345
Epoch 55: reducing lr to 0.0014918337144938982
Epoch 58: reducing lr to 0.0013480722800644192
Epoch 61: reducing lr to 0.0012015265222913999
Epoch 64: reducing lr to 0.0010545083142989794
Epoch 67: reducing lr to 0.0009093352449386397
Epoch 70: reducing lr to 0.0007682977496829928
Epoch 73: reducing lr to 0.0006336196333002087
Epoch 76: reducing lr to 0.0005074246653757247
Epoch 79: reducing lr to 0.0003917033877430476
Epoch 82: reducing lr to 0.00028828045161176233
Epoch 85: reducing lr to 0.00019878720317814956
Epoch 88: reducing lr to 0.00012463464112961973
Epoch 91: reducing lr to 6.699263483973816e-05
Epoch 94: reducing lr to 2.676994034770501e-05
Epoch 97: reducing lr to 4.601012080344968e-06
[I 2024-06-22 11:37:44,126] Trial 151 finished with value: 1.9076361656188965 and parameters: {'hidden_size': 151, 'n_layers': 2, 'rnn_dropout': 0.4803911642196355, 'bidirectional': True, 'fc_dropout': 0.10440853707141279, 'learning_rate_model': 0.023430590821514066}. Best is trial 120 with value: 1.8680797815322876.
[I 2024-06-22 11:38:14,499] Trial 152 finished with value: 6.640063762664795 and parameters: {'hidden_size': 130, 'n_layers': 4, 'rnn_dropout': 0.19863258319767887, 'bidirectional': False, 'fc_dropout': 0.3373327478797674, 'learning_rate_model': 1.8101769159892324e-05}. Best is trial 120 with value: 1.8680797815322876.
Epoch 22: reducing lr to 0.00012639072054418664
Epoch 31: reducing lr to 0.00012589187962874342
Epoch 41: reducing lr to 0.00011312536474453446
Epoch 44: reducing lr to 0.00010750486341645807
Epoch 50: reducing lr to 9.431798811646297e-05
Epoch 53: reducing lr to 8.695958263390425e-05
Epoch 56: reducing lr to 7.924341572979588e-05
Epoch 59: reducing lr to 7.129121018233941e-05
Epoch 62: reducing lr to 6.322834785904151e-05
Epoch 65: reducing lr to 5.518200867060931e-05
Epoch 68: reducing lr to 4.727905277312534e-05
Epoch 72: reducing lr to 3.7179731769348924e-05
Epoch 75: reducing lr to 3.0088510871754697e-05
Epoch 79: reducing lr to 2.1490371037803352e-05
Epoch 82: reducing lr to 1.5816186588986804e-05
Epoch 85: reducing lr to 1.0906238974547813e-05
Epoch 88: reducing lr to 6.837941069317536e-06
Epoch 91: reducing lr to 3.6754764563090094e-06
Epoch 94: reducing lr to 1.4687030256409997e-06
Epoch 97: reducing lr to 2.5242941432228586e-07
[I 2024-06-22 11:39:10,750] Trial 153 finished with value: 1.869872808456421 and parameters: {'hidden_size': 181, 'n_layers': 2, 'rnn_dropout': 0.6609820283939132, 'bidirectional': True, 'fc_dropout': 0.4787717544837091, 'learning_rate_model': 0.0012854933251677597}. Best is trial 120 with value: 1.8680797815322876.
[I 2024-06-22 11:41:06,149] Trial 154 finished with value: 1.9388554096221924 and parameters: {'hidden_size': 131, 'n_layers': 6, 'rnn_dropout': 0.22571155872388848, 'bidirectional': True, 'fc_dropout': 0.09208243277352271, 'learning_rate_model': 8.091045824612664e-05}. Best is trial 120 with value: 1.8680797815322876.
Epoch 25: reducing lr to 0.007146901891385192
Epoch 36: reducing lr to 0.00671519977817559
Epoch 42: reducing lr to 0.006191896750584755
Epoch 45: reducing lr to 0.005866090061932961
Epoch 49: reducing lr to 0.0053764414126464734
Epoch 53: reducing lr to 0.004836330476885394
Epoch 57: reducing lr to 0.004260883972855775
Epoch 60: reducing lr to 0.0038157821004592162
Epoch 63: reducing lr to 0.0033668779601797967
Epoch 66: reducing lr to 0.0029212523610636803
Epoch 69: reducing lr to 0.002485931128660722
Epoch 72: reducing lr to 0.0020677821170730823
Epoch 75: reducing lr to 0.0016733978904405339
Epoch 78: reducing lr to 0.0013089992855721676
Epoch 81: reducing lr to 0.0009803320077414342
Epoch 84: reducing lr to 0.0006925803045977174
Epoch 87: reducing lr to 0.0004502810156212997
Epoch 90: reducing lr to 0.00025725678037552405
Epoch 93: reducing lr to 0.00011655073915868702
Epoch 96: reducing lr to 3.0382324852111507e-05
Epoch 99: reducing lr to 1.1020981587755996e-07
[I 2024-06-22 11:41:21,266] Trial 155 finished with value: 2.043881416320801 and parameters: {'hidden_size': 126, 'n_layers': 2, 'rnn_dropout': 0.10513252842996845, 'bidirectional': False, 'fc_dropout': 0.48174692311416867, 'learning_rate_model': 0.07149379468062945}. Best is trial 120 with value: 1.8680797815322876.
Epoch 7: reducing lr to 0.0015960911288602398
Epoch 10: reducing lr to 0.0026282916123915446
Epoch 13: reducing lr to 0.0037446234108385766
Epoch 17: reducing lr to 0.005094005064046998
Epoch 20: reducing lr to 0.0058175922853727444
Epoch 23: reducing lr to 0.006177382710125015
Epoch 26: reducing lr to 0.006196666545641922
Epoch 29: reducing lr to 0.006141533222912248
Epoch 32: reducing lr to 0.0060384838638108205
Epoch 37: reducing lr to 0.005765000474308779
Epoch 40: reducing lr to 0.00554408650360092
Epoch 43: reducing lr to 0.005284678675321805
Epoch 46: reducing lr to 0.004990867698904715
Epoch 49: reducing lr to 0.004667287584267131
Epoch 52: reducing lr to 0.004319041174354482
Epoch 57: reducing lr to 0.0036988724210283174
Epoch 60: reducing lr to 0.003312479585446773
Epoch 66: reducing lr to 0.0025359385193397402
Epoch 69: reducing lr to 0.0021580362551426335
Epoch 76: reducing lr to 0.0013440837389289376
Epoch 79: reducing lr to 0.0010375572767219953
Epoch 90: reducing lr to 0.0002233245533357721
Epoch 93: reducing lr to 0.00010117767051882262
Epoch 96: reducing lr to 2.637488938871113e-05
Epoch 99: reducing lr to 9.567311644170795e-08
[I 2024-06-22 11:42:10,098] Trial 156 finished with value: 2.4820637702941895 and parameters: {'hidden_size': 79, 'n_layers': 5, 'rnn_dropout': 0.4791882311787358, 'bidirectional': True, 'fc_dropout': 0.6002537476597487, 'learning_rate_model': 0.06206374712466089}. Best is trial 120 with value: 1.8680797815322876.
Epoch 86: reducing lr to 1.659497295841174e-05
Epoch 91: reducing lr to 6.452279186539012e-06
[I 2024-06-22 11:42:23,092] Trial 157 finished with value: 2.131286382675171 and parameters: {'hidden_size': 114, 'n_layers': 2, 'rnn_dropout': 0.6023407319839538, 'bidirectional': False, 'fc_dropout': 0.7340850781155146, 'learning_rate_model': 0.002256676630910648}. Best is trial 120 with value: 1.8680797815322876.
Epoch 11: reducing lr to 0.00037095201129131155
Epoch 27: reducing lr to 0.0007649315020696613
Epoch 40: reducing lr to 0.0006858124768564734
Epoch 43: reducing lr to 0.0006537233084943804
Epoch 55: reducing lr to 0.000488821787300083
Epoch 58: reducing lr to 0.00044171618790257803
Epoch 61: reducing lr to 0.00039369826302268994
Epoch 64: reducing lr to 0.0003455255327121334
Epoch 67: reducing lr to 0.0002979573898667798
Epoch 70: reducing lr to 0.00025174433016891617
Epoch 74: reducing lr to 0.0001934896853497378
Epoch 77: reducing lr to 0.0001532140122528501
Epoch 80: reducing lr to 0.00011657591285468379
Epoch 83: reducing lr to 8.415329981492437e-05
Epoch 86: reducing lr to 5.64573636359777e-05
Epoch 89: reducing lr to 3.392504980715468e-05
Epoch 92: reducing lr to 1.691159478533653e-05
Epoch 95: reducing lr to 5.685361045750133e-06
Epoch 98: reducing lr to 4.233631218660862e-07
[I 2024-06-22 11:44:56,629] Trial 158 finished with value: 1.8789077997207642 and parameters: {'hidden_size': 174, 'n_layers': 5, 'rnn_dropout': 0.6580625220190969, 'bidirectional': True, 'fc_dropout': 0.0983638172417428, 'learning_rate_model': 0.007677386005956413}. Best is trial 120 with value: 1.8680797815322876.
[I 2024-06-22 11:45:02,284] Trial 159 finished with value: 9.213069915771484 and parameters: {'hidden_size': 97, 'n_layers': 1, 'rnn_dropout': 0.4718589184879114, 'bidirectional': False, 'fc_dropout': 0.6306409517343752, 'learning_rate_model': 1.1178590317786991e-05}. Best is trial 120 with value: 1.8680797815322876.
Epoch 52: reducing lr to 7.430654109296057e-05
Epoch 55: reducing lr to 6.798527710802817e-05
Epoch 63: reducing lr to 5.0284799193585545e-05
Epoch 66: reducing lr to 4.362931775585664e-05
Epoch 72: reducing lr to 3.0882618782996976e-05
Epoch 75: reducing lr to 2.499243450073799e-05
Epoch 78: reducing lr to 1.9550089726456348e-05
Epoch 81: reducing lr to 1.464139738218789e-05
Epoch 84: reducing lr to 1.0343784940832466e-05
Epoch 87: reducing lr to 6.725010742590653e-06
Epoch 90: reducing lr to 3.842166450749749e-06
Epoch 93: reducing lr to 1.7407017966714588e-06
Epoch 96: reducing lr to 4.5376432478150264e-07
Epoch 99: reducing lr to 1.6459992093929496e-09
[I 2024-06-22 11:45:09,186] Trial 160 finished with value: 1.883368730545044 and parameters: {'hidden_size': 72, 'n_layers': 1, 'rnn_dropout': 0.7979879941826636, 'bidirectional': True, 'fc_dropout': 0.7431595695144926, 'learning_rate_model': 0.001067769949377941}. Best is trial 120 with value: 1.8680797815322876.
Epoch 31: reducing lr to 0.00021336194236608354
Epoch 37: reducing lr to 0.00020237199782410401
Epoch 40: reducing lr to 0.0001946171326166097
Epoch 43: reducing lr to 0.00018551099625218023
Epoch 46: reducing lr to 0.0001751971871648867
Epoch 49: reducing lr to 0.00016383837556596626
Epoch 56: reducing lr to 0.00013430198317550588
Epoch 59: reducing lr to 0.00012082456090884942
Epoch 62: reducing lr to 0.00010715959720028966
Epoch 68: reducing lr to 8.012868314184274e-05
Epoch 71: reducing lr to 6.71890457515284e-05
Epoch 74: reducing lr to 5.490773210522493e-05
Epoch 79: reducing lr to 3.642194651724505e-05
Epoch 82: reducing lr to 2.680532137102308e-05
Epoch 85: reducing lr to 1.8483927147489424e-05
Epoch 88: reducing lr to 1.158896342350977e-05
Epoch 91: reducing lr to 6.229208731742915e-06
Epoch 94: reducing lr to 2.489162376745997e-06
Epoch 97: reducing lr to 4.278181429093458e-07
[I 2024-06-22 11:45:36,185] Trial 161 finished with value: 2.561640739440918 and parameters: {'hidden_size': 100, 'n_layers': 5, 'rnn_dropout': 0.2113101153684557, 'bidirectional': False, 'fc_dropout': 0.1955583994972887, 'learning_rate_model': 0.0021786580164286193}. Best is trial 120 with value: 1.8680797815322876.
[I 2024-06-22 11:45:43,933] Trial 162 finished with value: 8.973360061645508 and parameters: {'hidden_size': 144, 'n_layers': 1, 'rnn_dropout': 0.7768666557003711, 'bidirectional': False, 'fc_dropout': 0.6013123232650325, 'learning_rate_model': 2.0904698538829833e-05}. Best is trial 120 with value: 1.8680797815322876.
Epoch 23: reducing lr to 0.0006117311988387073
Epoch 29: reducing lr to 0.0006081811112337295
Epoch 36: reducing lr to 0.0005772775970821801
Epoch 39: reducing lr to 0.0005567514795538143
Epoch 42: reducing lr to 0.000532291427751036
Epoch 45: reducing lr to 0.0005042831914287942
Epoch 48: reducing lr to 0.00047316848946001835
Epoch 52: reducing lr to 0.0004277041522927007
Epoch 68: reducing lr to 0.0002260440375771475
Epoch 74: reducing lr to 0.00015489541288602756
Epoch 78: reducing lr to 0.00011252918559672255
Epoch 84: reducing lr to 5.953822778646161e-05
Epoch 96: reducing lr to 2.611841205588453e-06
Epoch 99: reducing lr to 9.474276236980107e-09
[I 2024-06-22 11:46:06,738] Trial 163 finished with value: 2.0636074542999268 and parameters: {'hidden_size': 105, 'n_layers': 4, 'rnn_dropout': 0.537978120419944, 'bidirectional': False, 'fc_dropout': 0.5453162700820984, 'learning_rate_model': 0.006146022063804241}. Best is trial 120 with value: 1.8680797815322876.
[I 2024-06-22 11:46:21,980] Trial 164 finished with value: 4.50839900970459 and parameters: {'hidden_size': 130, 'n_layers': 2, 'rnn_dropout': 0.6086419650446049, 'bidirectional': False, 'fc_dropout': 0.18701495408328475, 'learning_rate_model': 5.0899740979609974e-05}. Best is trial 120 with value: 1.8680797815322876.
[I 2024-06-22 11:46:35,368] Trial 165 finished with value: 7.613010883331299 and parameters: {'hidden_size': 88, 'n_layers': 3, 'rnn_dropout': 0.652381543204501, 'bidirectional': False, 'fc_dropout': 0.3421320797575714, 'learning_rate_model': 2.4989769577785342e-05}. Best is trial 120 with value: 1.8680797815322876.
Epoch 72: reducing lr to 2.6648714958898826e-05
Epoch 75: reducing lr to 2.1566055256486334e-05
Epoch 83: reducing lr to 1.0099447563140392e-05
Epoch 86: reducing lr to 6.775589131367431e-06
Epoch 93: reducing lr to 1.5020573978486731e-06
Epoch 96: reducing lr to 3.91554752354013e-07
Epoch 99: reducing lr to 1.4203382187939241e-09
[I 2024-06-22 11:46:49,730] Trial 166 finished with value: 1.8868852853775024 and parameters: {'hidden_size': 37, 'n_layers': 3, 'rnn_dropout': 0.15507821400760574, 'bidirectional': True, 'fc_dropout': 0.551076207214932, 'learning_rate_model': 0.0009213822578516836}. Best is trial 120 with value: 1.8680797815322876.
Epoch 31: reducing lr to 0.0007773111202039263
Epoch 35: reducing lr to 0.0007531494123765946
Epoch 43: reducing lr to 0.0006758457422529112
Epoch 46: reducing lr to 0.0006382709132730642
Epoch 49: reducing lr to 0.0005968889757530497
Epoch 52: reducing lr to 0.0005523525208701058
Epoch 55: reducing lr to 0.0005053638433485033
Epoch 66: reducing lr to 0.00032431550832303887
Epoch 69: reducing lr to 0.00027598643252926857
Epoch 72: reducing lr to 0.00022956380535218943
Epoch 75: reducing lr to 0.00018577952890975598
Epoch 78: reducing lr to 0.00014532423639710941
Epoch 81: reducing lr to 0.00010883581222001729
Epoch 84: reducing lr to 7.688980812953382e-05
Epoch 87: reducing lr to 4.998990104924149e-05
Epoch 90: reducing lr to 2.8560477899505255e-05
Epoch 93: reducing lr to 1.2939386106961427e-05
Epoch 96: reducing lr to 3.3730256446797003e-06
Epoch 99: reducing lr to 1.2235420991137114e-08
[I 2024-06-22 11:46:57,263] Trial 167 finished with value: 1.8967459201812744 and parameters: {'hidden_size': 32, 'n_layers': 2, 'rnn_dropout': 0.36928166471329765, 'bidirectional': True, 'fc_dropout': 0.5835181586049222, 'learning_rate_model': 0.00793719388055494}. Best is trial 120 with value: 1.8680797815322876.
[I 2024-06-22 11:47:52,760] Trial 168 finished with value: 2.274625062942505 and parameters: {'hidden_size': 77, 'n_layers': 6, 'rnn_dropout': 0.3427539807608588, 'bidirectional': True, 'fc_dropout': 0.46482852593447216, 'learning_rate_model': 6.351992141755928e-05}. Best is trial 120 with value: 1.8680797815322876.
Epoch 39: reducing lr to 0.0004890629128398606
Epoch 48: reducing lr to 0.0004156417507948194
Epoch 52: reducing lr to 0.0003757048633648997
Epoch 70: reducing lr to 0.00017702874342143314
Epoch 73: reducing lr to 0.00014599663676818935
Epoch 77: reducing lr to 0.00010774139002645601
Epoch 80: reducing lr to 8.197716847097962e-05
Epoch 83: reducing lr to 5.9177312597297364e-05
Epoch 86: reducing lr to 3.970129589277293e-05
Epoch 92: reducing lr to 1.1892376571467477e-05
Epoch 95: reducing lr to 3.997994001100208e-06
Epoch 98: reducing lr to 2.9771253010806367e-07
[I 2024-06-22 11:48:35,926] Trial 169 finished with value: 2.4767937660217285 and parameters: {'hidden_size': 113, 'n_layers': 7, 'rnn_dropout': 0.24399518066817283, 'bidirectional': False, 'fc_dropout': 0.2638756501455059, 'learning_rate_model': 0.005398802811105274}. Best is trial 120 with value: 1.8680797815322876.
[I 2024-06-22 11:48:46,812] Trial 170 finished with value: 3.4610447883605957 and parameters: {'hidden_size': 182, 'n_layers': 1, 'rnn_dropout': 0.7028702905638164, 'bidirectional': False, 'fc_dropout': 0.5336950309593632, 'learning_rate_model': 0.0002384277397661184}. Best is trial 120 with value: 1.8680797815322876.
Epoch 14: reducing lr to 0.0001515343302037197
Epoch 31: reducing lr to 0.00022419214912953027
Epoch 37: reducing lr to 0.00021264435734268347
Epoch 40: reducing lr to 0.00020449585682849646
Epoch 49: reducing lr to 0.0001721547766236683
Epoch 56: reducing lr to 0.00014111912324463795
Epoch 68: reducing lr to 8.419599803636078e-05
Epoch 71: reducing lr to 7.059954740734486e-05
Epoch 79: reducing lr to 3.827071676715291e-05
Epoch 82: reducing lr to 2.8165953776172064e-05
Epoch 85: reducing lr to 1.9422167353722302e-05
Epoch 88: reducing lr to 1.2177216739254777e-05
Epoch 91: reducing lr to 6.545402040583799e-06
Epoch 94: reducing lr to 2.6155117289735144e-06
Epoch 97: reducing lr to 4.495341007483295e-07
[I 2024-06-22 11:49:11,876] Trial 171 finished with value: 2.4658892154693604 and parameters: {'hidden_size': 44, 'n_layers': 5, 'rnn_dropout': 0.6782304349717934, 'bidirectional': True, 'fc_dropout': 0.7650412078041857, 'learning_rate_model': 0.0022892462334419333}. Best is trial 120 with value: 1.8680797815322876.
Epoch 16: reducing lr to 9.174034372463259e-05
Epoch 46: reducing lr to 9.562139332943029e-05
Epoch 53: reducing lr to 8.043862229700291e-05
Epoch 56: reducing lr to 7.330107843604363e-05
Epoch 59: reducing lr to 6.594519609294476e-05
Epoch 64: reducing lr to 5.351601556803924e-05
Epoch 67: reducing lr to 4.6148521035658296e-05
Epoch 70: reducing lr to 3.89909057855632e-05
Epoch 73: reducing lr to 3.215602731634347e-05
Epoch 79: reducing lr to 1.9878842406706043e-05
Epoch 82: reducing lr to 1.463015599518767e-05
Epoch 85: reducing lr to 1.0088397517359549e-05
Epoch 88: reducing lr to 6.3251747801000435e-06
Epoch 91: reducing lr to 3.3998583419522474e-06
Epoch 94: reducing lr to 1.3585673294151755e-06
Epoch 97: reducing lr to 2.3350013535377353e-07
[I 2024-06-22 11:49:35,403] Trial 172 finished with value: 1.8855342864990234 and parameters: {'hidden_size': 52, 'n_layers': 4, 'rnn_dropout': 0.2693967989609338, 'bidirectional': True, 'fc_dropout': 0.7941606989318544, 'learning_rate_model': 0.0011890962320255246}. Best is trial 120 with value: 1.8680797815322876.
Epoch 46: reducing lr to 0.007396062880324297
Epoch 49: reducing lr to 0.006916543281917126
Epoch 55: reducing lr to 0.005855981660954726
Epoch 61: reducing lr to 0.004716421951943979
Epoch 65: reducing lr to 0.003948118773013352
Epoch 68: reducing lr to 0.0033826843263008027
Epoch 71: reducing lr to 0.0028364291418651643
Epoch 74: reducing lr to 0.002317965521238895
Epoch 77: reducing lr to 0.0018354714729668722
Epoch 80: reducing lr to 0.0013965547885184614
Epoch 83: reducing lr to 0.0010081387393694394
Epoch 86: reducing lr to 0.0006763472796583375
Epoch 89: reducing lr to 0.00040641492396433496
Epoch 92: reducing lr to 0.00020259732993372498
Epoch 95: reducing lr to 6.810942328022845e-05
Epoch 98: reducing lr to 5.071800688888351e-06
[I 2024-06-22 11:49:39,678] Trial 173 finished with value: 2.000699043273926 and parameters: {'hidden_size': 47, 'n_layers': 1, 'rnn_dropout': 0.2962445550191101, 'bidirectional': False, 'fc_dropout': 0.3311358765835271, 'learning_rate_model': 0.0919734611324751}. Best is trial 120 with value: 1.8680797815322876.
Epoch 86: reducing lr to 6.535560717955361e-06
Epoch 92: reducing lr to 1.9577030778424627e-06
[I 2024-06-22 11:50:05,003] Trial 174 finished with value: 2.0876333713531494 and parameters: {'hidden_size': 188, 'n_layers': 2, 'rnn_dropout': 0.3159058100294404, 'bidirectional': False, 'fc_dropout': 0.6242908186314149, 'learning_rate_model': 0.0008887418605061119}. Best is trial 120 with value: 1.8680797815322876.
Epoch 79: reducing lr to 9.251276996091931e-05
Epoch 85: reducing lr to 4.694969554580033e-05
Epoch 97: reducing lr to 1.0866701322879111e-06
[I 2024-06-22 11:50:15,840] Trial 175 finished with value: 2.096275806427002 and parameters: {'hidden_size': 93, 'n_layers': 2, 'rnn_dropout': 0.7286449112694068, 'bidirectional': False, 'fc_dropout': 0.1507747197331348, 'learning_rate_model': 0.005533852722614425}. Best is trial 120 with value: 1.8680797815322876.
[I 2024-06-22 11:50:43,759] Trial 176 finished with value: 2.606873035430908 and parameters: {'hidden_size': 81, 'n_layers': 7, 'rnn_dropout': 0.09821770355953596, 'bidirectional': False, 'fc_dropout': 0.46672505168658235, 'learning_rate_model': 0.0001725780425093903}. Best is trial 120 with value: 1.8680797815322876.
Epoch 39: reducing lr to 0.0005730928832471711
Epoch 58: reducing lr to 0.00036398852234512086
Epoch 64: reducing lr to 0.00028472429023166924
[I 2024-06-22 11:50:47,620] Trial 177 finished with value: 2.0762112140655518 and parameters: {'hidden_size': 16, 'n_layers': 2, 'rnn_dropout': 0.11632290733698857, 'bidirectional': False, 'fc_dropout': 0.6984755026157125, 'learning_rate_model': 0.006326416066049896}. Best is trial 120 with value: 1.8680797815322876.
Epoch 61: reducing lr to 1.8109524990008516e-05
Epoch 64: reducing lr to 1.5893652212978542e-05
Epoch 67: reducing lr to 1.370558954546157e-05
Epoch 70: reducing lr to 1.157985865440355e-05
Epoch 73: reducing lr to 9.549976942271193e-06
Epoch 80: reducing lr to 5.362315776722847e-06
Epoch 83: reducing lr to 3.87092458648267e-06
Epoch 86: reducing lr to 2.5969533870582812e-06
Epoch 89: reducing lr to 1.5605010104770072e-06
Epoch 92: reducing lr to 7.779077967847153e-07
Epoch 95: reducing lr to 2.61518014188695e-07
Epoch 98: reducing lr to 1.947406365580156e-08
[I 2024-06-22 11:52:11,072] Trial 178 finished with value: 1.9045202732086182 and parameters: {'hidden_size': 103, 'n_layers': 6, 'rnn_dropout': 0.3966611176681699, 'bidirectional': True, 'fc_dropout': 0.7397926508306973, 'learning_rate_model': 0.00035314815123986564}. Best is trial 120 with value: 1.8680797815322876.
