[I 2024-06-22 10:28:13,290] Trial 64 finished with value: 2.2495110034942627 and parameters: {'hidden_size': 42, 'n_layers': 2, 'rnn_dropout': 0.1501053383219472, 'bidirectional': False, 'fc_dropout': 0.791964142687259, 'learning_rate_model': 0.006990203755569746}. Best is trial 13 with value: 1.8697621822357178.
Epoch 6: reducing lr to 0.00037186548391206404
Epoch 12: reducing lr to 0.0009673870395542465
Epoch 17: reducing lr to 0.0014610454689464873
Epoch 20: reducing lr to 0.0016685823319478872
Epoch 26: reducing lr to 0.0017773071414832187
Epoch 29: reducing lr to 0.0017614939865394428
Epoch 32: reducing lr to 0.001731937714549135
Epoch 35: reducing lr to 0.0016891044451451819
Epoch 40: reducing lr to 0.0015901363197896427
Epoch 43: reducing lr to 0.0015157338354278896
Epoch 48: reducing lr to 0.001370452704644191
Epoch 51: reducing lr to 0.001272758059241296
Epoch 54: reducing lr to 0.0011690280349437557
Epoch 57: reducing lr to 0.0010608981975885775
Epoch 60: reducing lr to 0.0009500742987973784
Epoch 63: reducing lr to 0.0008383036905511993
Epoch 66: reducing lr to 0.0007273493914167036
Epoch 69: reducing lr to 0.0006189607298688974
Epoch 72: reducing lr to 0.0005148477017876731
Epoch 75: reducing lr to 0.00041665175985231684
Epoch 78: reducing lr to 0.00032592180203806136
Epoch 81: reducing lr to 0.00024408842547153832
Epoch 85: reducing lr to 0.00015102454493289667
Epoch 88: reducing lr to 9.468864020692018e-05
Epoch 91: reducing lr to 5.089629527842421e-05
Epoch 94: reducing lr to 2.0337919112779766e-05
Epoch 97: reducing lr to 3.495525589955473e-06
[I 2024-06-22 10:31:08,659] Trial 65 finished with value: 2.4617767333984375 and parameters: {'hidden_size': 151, 'n_layers': 7, 'rnn_dropout': 0.3206989858968967, 'bidirectional': True, 'fc_dropout': 0.0955656402669832, 'learning_rate_model': 0.017800916053720233}. Best is trial 13 with value: 1.8697621822357178.
[I 2024-06-22 10:31:14,512] Trial 66 finished with value: 2.586214065551758 and parameters: {'hidden_size': 43, 'n_layers': 2, 'rnn_dropout': 0.6552713429068246, 'bidirectional': False, 'fc_dropout': 0.21331096172130817, 'learning_rate_model': 0.0013633688901489999}. Best is trial 13 with value: 1.8697621822357178.
[I 2024-06-22 10:31:39,881] Trial 67 finished with value: 8.95959758758545 and parameters: {'hidden_size': 74, 'n_layers': 7, 'rnn_dropout': 0.29324531508098756, 'bidirectional': False, 'fc_dropout': 0.7511091818957707, 'learning_rate_model': 1.3298296907035845e-05}. Best is trial 13 with value: 1.8697621822357178.
Epoch 39: reducing lr to 0.00015528641669033174
Epoch 42: reducing lr to 0.0001484641379250246
Epoch 47: reducing lr to 0.00013495472173294886
Epoch 52: reducing lr to 0.00011929316338114867
Epoch 56: reducing lr to 0.00010567191186876051
Epoch 59: reducing lr to 9.506756378464426e-05
Epoch 62: reducing lr to 8.431565374908122e-05
Epoch 68: reducing lr to 6.304710431609566e-05
Epoch 71: reducing lr to 5.286589783207707e-05
Epoch 74: reducing lr to 4.3202675721880574e-05
Epoch 77: reducing lr to 3.420986124114903e-05
Epoch 80: reducing lr to 2.602924983282544e-05
Epoch 83: reducing lr to 1.8789878727947895e-05
Epoch 86: reducing lr to 1.2605887331248079e-05
Epoch 93: reducing lr to 2.794556451879578e-06
[I 2024-06-22 10:34:24,633] Trial 68 finished with value: 2.447019100189209 and parameters: {'hidden_size': 148, 'n_layers': 7, 'rnn_dropout': 0.021829778813975055, 'bidirectional': True, 'fc_dropout': 0.6875914566924687, 'learning_rate_model': 0.0017142186024413223}. Best is trial 13 with value: 1.8697621822357178.
Epoch 62: reducing lr to 8.66201366530914e-06
Epoch 65: reducing lr to 7.559699555168341e-06
Epoch 68: reducing lr to 6.477028343626434e-06
Epoch 71: reducing lr to 5.4310808146379145e-06
Epoch 74: reducing lr to 4.438347457928911e-06
Epoch 77: reducing lr to 3.514487196422782e-06
Epoch 80: reducing lr to 2.6740671242454364e-06
Epoch 83: reducing lr to 1.9303436440799653e-06
Epoch 86: reducing lr to 1.2950426578149854e-06
Epoch 89: reducing lr to 7.781870041265269e-07
Epoch 92: reducing lr to 3.879252456757574e-07
Epoch 95: reducing lr to 1.3041319334000906e-07
Epoch 98: reducing lr to 9.71128064175097e-09
[I 2024-06-22 10:35:53,040] Trial 69 finished with value: 1.8853203058242798 and parameters: {'hidden_size': 143, 'n_layers': 4, 'rnn_dropout': 0.5026472300170858, 'bidirectional': True, 'fc_dropout': 0.4614047479896726, 'learning_rate_model': 0.00017610709636270444}. Best is trial 13 with value: 1.8697621822357178.
Epoch 10: reducing lr to 0.002367604090273068
Epoch 15: reducing lr to 0.004015812525710151
Epoch 18: reducing lr to 0.004837620060265631
Epoch 21: reducing lr to 0.005388307654539124
Epoch 24: reducing lr to 0.0055905328663617155
Epoch 27: reducing lr to 0.00557035271088691
Epoch 32: reducing lr to 0.0054395558801778
Epoch 35: reducing lr to 0.0053050279693319016
Epoch 41: reducing lr to 0.004919984015398158
Epoch 44: reducing lr to 0.004675540368696052
Epoch 47: reducing lr to 0.004401446279711991
Epoch 50: reducing lr to 0.004102024289118865
Epoch 53: reducing lr to 0.0037819967034862082
Epoch 56: reducing lr to 0.0034464095616096855
Epoch 66: reducing lr to 0.002284411053462414
Epoch 70: reducing lr to 0.0018332422030111733
Epoch 74: reducing lr to 0.001409022625425111
Epoch 78: reducing lr to 0.001023633725313154
Epoch 81: reducing lr to 0.0007666168470744853
Epoch 85: reducing lr to 0.0004743279417844269
Epoch 88: reducing lr to 0.00029739184342300465
Epoch 91: reducing lr to 0.00015985173134998656
Epoch 94: reducing lr to 6.387599656220988e-05
Epoch 97: reducing lr to 1.0978516500580182e-05
[I 2024-06-22 10:36:37,886] Trial 70 finished with value: 2.5404062271118164 and parameters: {'hidden_size': 111, 'n_layers': 7, 'rnn_dropout': 0.3411798308011168, 'bidirectional': False, 'fc_dropout': 0.7454888933092325, 'learning_rate_model': 0.05590794448273345}. Best is trial 13 with value: 1.8697621822357178.
[I 2024-06-22 10:37:59,036] Trial 71 finished with value: 3.007652759552002 and parameters: {'hidden_size': 172, 'n_layers': 7, 'rnn_dropout': 0.18232023196105357, 'bidirectional': False, 'fc_dropout': 0.25150129289124035, 'learning_rate_model': 5.001076586958479e-05}. Best is trial 13 with value: 1.8697621822357178.
Epoch 36: reducing lr to 0.0001860659669055044
Epoch 39: reducing lr to 0.00017945006508628364
Epoch 47: reducing lr to 0.00015595461673233898
Epoch 56: reducing lr to 0.00012211519762514905
Epoch 59: reducing lr to 0.00010986073909329246
Epoch 62: reducing lr to 9.743575694220533e-05
Epoch 65: reducing lr to 8.503623717005439e-05
Epoch 68: reducing lr to 7.285767302871566e-05
Epoch 71: reducing lr to 6.10921998781733e-05
Epoch 74: reducing lr to 4.992531307907865e-05
Epoch 77: reducing lr to 3.953315400766243e-05
Epoch 80: reducing lr to 3.007958246575009e-05
Epoch 83: reducing lr to 2.1713714776596815e-05
Epoch 86: reducing lr to 1.4567451231577481e-05
Epoch 89: reducing lr to 8.753534999987687e-06
Epoch 92: reducing lr to 4.363626220169384e-06
Epoch 95: reducing lr to 1.4669693098297211e-06
Epoch 98: reducing lr to 1.0923856931751609e-07
[I 2024-06-22 10:38:20,555] Trial 72 finished with value: 2.5648727416992188 and parameters: {'hidden_size': 128, 'n_layers': 3, 'rnn_dropout': 0.6530812094617713, 'bidirectional': False, 'fc_dropout': 0.1922844998793111, 'learning_rate_model': 0.0019809629608084447}. Best is trial 13 with value: 1.8697621822357178.
[I 2024-06-22 10:38:28,009] Trial 73 finished with value: 7.004927635192871 and parameters: {'hidden_size': 80, 'n_layers': 1, 'rnn_dropout': 0.1830509367683007, 'bidirectional': True, 'fc_dropout': 0.41521278725894306, 'learning_rate_model': 4.9989708054979095e-05}. Best is trial 13 with value: 1.8697621822357178.
Epoch 39: reducing lr to 0.00021852392840959167
Epoch 91: reducing lr to 6.897243421635519e-06
Epoch 94: reducing lr to 2.7561058824224735e-06
Epoch 97: reducing lr to 4.7369834579491685e-07
[I 2024-06-22 10:39:15,711] Trial 74 finished with value: 2.1233468055725098 and parameters: {'hidden_size': 121, 'n_layers': 7, 'rnn_dropout': 0.6534680870332976, 'bidirectional': False, 'fc_dropout': 0.7212500677354571, 'learning_rate_model': 0.002412302319431398}. Best is trial 13 with value: 1.8697621822357178.
[I 2024-06-22 10:39:20,509] Trial 75 finished with value: 9.174503326416016 and parameters: {'hidden_size': 21, 'n_layers': 1, 'rnn_dropout': 0.05229737203378111, 'bidirectional': True, 'fc_dropout': 0.7802800274162293, 'learning_rate_model': 4.6982180906249337e-05}. Best is trial 13 with value: 1.8697621822357178.
[I 2024-06-22 10:40:45,333] Trial 76 finished with value: 6.848813056945801 and parameters: {'hidden_size': 195, 'n_layers': 6, 'rnn_dropout': 0.6593902716995983, 'bidirectional': False, 'fc_dropout': 0.3815058668169547, 'learning_rate_model': 1.1286139856486e-05}. Best is trial 13 with value: 1.8697621822357178.
[I 2024-06-22 10:41:22,687] Trial 77 finished with value: 8.639954566955566 and parameters: {'hidden_size': 81, 'n_layers': 4, 'rnn_dropout': 0.5840729688720835, 'bidirectional': True, 'fc_dropout': 0.11013019275648253, 'learning_rate_model': 1.1054902973283413e-05}. Best is trial 13 with value: 1.8697621822357178.
Epoch 15: reducing lr to 0.0007513905573075124
Epoch 23: reducing lr to 0.0010411956468696067
Epoch 50: reducing lr to 0.0007675214659441602
Epoch 55: reducing lr to 0.0006660441315420844
Epoch 66: reducing lr to 0.00042743153062829383
Epoch 69: reducing lr to 0.0003637362391289862
Epoch 78: reducing lr to 0.0001915300354330662
Epoch 81: reducing lr to 0.00014344012731589383
Epoch 84: reducing lr to 0.000101336900441365
Epoch 92: reducing lr to 2.3042893656612626e-05
Epoch 97: reducing lr to 2.0541680118201996e-06
[I 2024-06-22 10:41:52,345] Trial 78 finished with value: 2.030484199523926 and parameters: {'hidden_size': 156, 'n_layers': 3, 'rnn_dropout': 0.7875067601548086, 'bidirectional': False, 'fc_dropout': 0.4191169085329054, 'learning_rate_model': 0.010460822384971712}. Best is trial 13 with value: 1.8697621822357178.
[I 2024-06-22 10:41:58,433] Trial 79 finished with value: 8.770699501037598 and parameters: {'hidden_size': 101, 'n_layers': 1, 'rnn_dropout': 0.25000110279363963, 'bidirectional': False, 'fc_dropout': 0.6161199650496738, 'learning_rate_model': 3.321567816135707e-05}. Best is trial 13 with value: 1.8697621822357178.
[I 2024-06-22 10:42:05,484] Trial 80 finished with value: 2.697266101837158 and parameters: {'hidden_size': 20, 'n_layers': 4, 'rnn_dropout': 0.6479909685299331, 'bidirectional': False, 'fc_dropout': 0.5494465813255934, 'learning_rate_model': 0.0006265951288394312}. Best is trial 13 with value: 1.8697621822357178.
Epoch 21: reducing lr to 0.000380711195092364
Epoch 30: reducing lr to 0.0003890394004868972
Epoch 41: reducing lr to 0.0003476217607507364
Epoch 47: reducing lr to 0.0003109844464564668
Epoch 55: reducing lr to 0.0002515092524176432
Epoch 61: reducing lr to 0.00020256616702351432
Epoch 64: reducing lr to 0.000177780268149725
Epoch 70: reducing lr to 0.0001295278359642659
Epoch 73: reducing lr to 0.00010682236146039893
Epoch 77: reducing lr to 7.883188246264857e-05
Epoch 80: reducing lr to 5.9980797611188744e-05
Epoch 83: reducing lr to 4.329867054787438e-05
Epoch 86: reducing lr to 2.9048519706914836e-05
Epoch 89: reducing lr to 1.745516287716283e-05
Epoch 92: reducing lr to 8.701376804710589e-06
Epoch 95: reducing lr to 2.9252397161732767e-06
Epoch 98: reducing lr to 2.1782937063806463e-07
[I 2024-06-22 10:43:09,833] Trial 81 finished with value: 2.4633727073669434 and parameters: {'hidden_size': 185, 'n_layers': 5, 'rnn_dropout': 0.004191870121172681, 'bidirectional': False, 'fc_dropout': 0.6643196560298716, 'learning_rate_model': 0.003950179114447677}. Best is trial 13 with value: 1.8697621822357178.
Epoch 11: reducing lr to 0.0012806127529641238
Epoch 17: reducing lr to 0.0021753785836223236
Epoch 20: reducing lr to 0.002484384194112288
Epoch 26: reducing lr to 0.0026462666455476435
Epoch 29: reducing lr to 0.0026227221362662206
Epoch 33: reducing lr to 0.002559609931873764
Epoch 36: reducing lr to 0.002489453724675358
Epoch 39: reducing lr to 0.002400936830909879
Epoch 42: reducing lr to 0.0022954552266107433
Epoch 45: reducing lr to 0.0021746724202340267
Epoch 51: reducing lr to 0.0018950338528496793
Epoch 54: reducing lr to 0.0017405882328251341
Epoch 57: reducing lr to 0.0015795916468649232
Epoch 61: reducing lr to 0.0013591381124787812
Epoch 70: reducing lr to 0.000869080069355796
Epoch 77: reducing lr to 0.0005289304601443928
Epoch 80: reducing lr to 0.00040244720650107167
Epoch 85: reducing lr to 0.00022486333767916708
Epoch 88: reducing lr to 0.00014098373007308365
Epoch 91: reducing lr to 7.578046890918261e-05
Epoch 94: reducing lr to 3.0281517320118746e-05
Epoch 97: reducing lr to 5.204555004284517e-06
[I 2024-06-22 10:43:52,624] Trial 82 finished with value: 2.552701950073242 and parameters: {'hidden_size': 140, 'n_layers': 5, 'rnn_dropout': 0.21929582013348173, 'bidirectional': False, 'fc_dropout': 0.2819437041731271, 'learning_rate_model': 0.026504124871653878}. Best is trial 13 with value: 1.8697621822357178.
Epoch 35: reducing lr to 2.462371655794856e-05
Epoch 38: reducing lr to 2.381559002774485e-05
[I 2024-06-22 10:44:27,235] Trial 83 finished with value: 2.0255653858184814 and parameters: {'hidden_size': 52, 'n_layers': 6, 'rnn_dropout': 0.23168219694950196, 'bidirectional': True, 'fc_dropout': 0.6461587272897676, 'learning_rate_model': 0.00025950124791777955}. Best is trial 13 with value: 1.8697621822357178.
[I 2024-06-22 10:44:45,606] Trial 84 finished with value: 4.863873481750488 and parameters: {'hidden_size': 55, 'n_layers': 6, 'rnn_dropout': 0.2469135581045209, 'bidirectional': False, 'fc_dropout': 0.17711736072656087, 'learning_rate_model': 7.185360253135694e-05}. Best is trial 13 with value: 1.8697621822357178.
Epoch 56: reducing lr to 0.000974988535122958
Epoch 62: reducing lr to 0.0007779436775862273
Epoch 66: reducing lr to 0.0006462594032479813
Epoch 69: reducing lr to 0.0005499546664085137
Epoch 72: reducing lr to 0.0004574488855662983
Epoch 75: reducing lr to 0.0003702005127960787
Epoch 79: reducing lr to 0.0002644114363878732
Epoch 84: reducing lr to 0.0001532173462027265
Epoch 87: reducing lr to 9.961424227770549e-05
Epoch 91: reducing lr to 4.522202094663364e-05
Epoch 94: reducing lr to 1.8070505900238952e-05
Epoch 97: reducing lr to 3.1058199930607267e-06
[I 2024-06-22 10:44:49,793] Trial 85 finished with value: 1.9913687705993652 and parameters: {'hidden_size': 52, 'n_layers': 1, 'rnn_dropout': 0.3016660793658673, 'bidirectional': False, 'fc_dropout': 0.5396512190107284, 'learning_rate_model': 0.015816345654373305}. Best is trial 13 with value: 1.8697621822357178.
[I 2024-06-22 10:44:58,933] Trial 86 finished with value: 2.458502769470215 and parameters: {'hidden_size': 30, 'n_layers': 2, 'rnn_dropout': 0.1661005294430515, 'bidirectional': True, 'fc_dropout': 0.44310768884113144, 'learning_rate_model': 0.00016522355094605626}. Best is trial 13 with value: 1.8697621822357178.
Epoch 8: reducing lr to 0.0024828455755276794
Epoch 13: reducing lr to 0.004838874486094971
Epoch 18: reducing lr to 0.006939567958680504
Epoch 21: reducing lr to 0.007729529538311736
Epoch 24: reducing lr to 0.008019621687533639
Epoch 29: reducing lr to 0.00793620750536289
Epoch 34: reducing lr to 0.007680869187829846
Epoch 37: reducing lr to 0.007449644636284283
Epoch 40: reducing lr to 0.007164175348935891
Epoch 43: reducing lr to 0.006828963557512514
Epoch 46: reducing lr to 0.006449295355523433
Epoch 49: reducing lr to 0.006031158899826582
Epoch 52: reducing lr to 0.005581148182347487
Epoch 55: reducing lr to 0.005106359415696277
Epoch 61: reducing lr to 0.0041126743622314
Epoch 64: reducing lr to 0.0036094495032091113
Epoch 67: reducing lr to 0.003112540321956838
Epoch 70: reducing lr to 0.0026297866913960665
Epoch 73: reducing lr to 0.0021688004159164465
Epoch 76: reducing lr to 0.0017368508920425421
Epoch 79: reducing lr to 0.001340751494438773
Epoch 82: reducing lr to 0.00098674777500138
Epoch 85: reducing lr to 0.0006804236268470696
Epoch 88: reducing lr to 0.0004266087212475067
Epoch 91: reducing lr to 0.00022930737412128478
Epoch 94: reducing lr to 9.163014324187202e-05
Epoch 97: reducing lr to 1.574868641856103e-05
[I 2024-06-22 10:46:52,033] Trial 87 finished with value: 2.4607152938842773 and parameters: {'hidden_size': 170, 'n_layers': 4, 'rnn_dropout': 0.7387649720950202, 'bidirectional': True, 'fc_dropout': 0.10096808299948697, 'learning_rate_model': 0.08019996926893054}. Best is trial 13 with value: 1.8697621822357178.
[I 2024-06-22 10:47:03,320] Trial 88 finished with value: 5.008953094482422 and parameters: {'hidden_size': 45, 'n_layers': 2, 'rnn_dropout': 0.3449454041282968, 'bidirectional': True, 'fc_dropout': 0.5834551354888987, 'learning_rate_model': 5.6882708517701854e-05}. Best is trial 13 with value: 1.8697621822357178.
Epoch 19: reducing lr to 0.00022123113762292657
Epoch 30: reducing lr to 0.00024092729833586306
Epoch 39: reducing lr to 0.0002216034292084318
Epoch 47: reducing lr to 0.0001925888288318855
Epoch 71: reducing lr to 7.544294277285802e-05
Epoch 79: reducing lr to 4.089623235516942e-05
Epoch 85: reducing lr to 2.075460132538046e-05
Epoch 93: reducing lr to 3.988006846007784e-06
Epoch 96: reducing lr to 1.039589455909722e-06
Epoch 99: reducing lr to 3.771040007040719e-09
[I 2024-06-22 10:47:53,248] Trial 89 finished with value: 2.49680233001709 and parameters: {'hidden_size': 135, 'n_layers': 6, 'rnn_dropout': 0.1685859136666566, 'bidirectional': False, 'fc_dropout': 0.5105749684962667, 'learning_rate_model': 0.002446297163720527}. Best is trial 13 with value: 1.8697621822357178.
Epoch 14: reducing lr to 0.0014517937931955239
Epoch 17: reducing lr to 0.001800146247848847
Epoch 20: reducing lr to 0.002055851298213692
Epoch 23: reducing lr to 0.0021829959270443498
Epoch 31: reducing lr to 0.002147901205963345
Epoch 34: reducing lr to 0.002100499472618291
Epoch 39: reducing lr to 0.0019867978199397804
Epoch 42: reducing lr to 0.001899510799820283
Epoch 45: reducing lr to 0.0017995618910001676
Epoch 49: reducing lr to 0.0016493505850139589
Epoch 54: reducing lr to 0.0014403531412691373
Epoch 57: reducing lr to 0.0013071269514396135
Epoch 64: reducing lr to 0.0009870818773929945
Epoch 71: reducing lr to 0.0006763878824725912
Epoch 77: reducing lr to 0.00043769493290515897
Epoch 80: reducing lr to 0.00033302885033179643
Epoch 83: reducing lr to 0.00024040538051738058
Epoch 86: reducing lr to 0.0001612848696101666
Epoch 89: reducing lr to 9.691556392793648e-05
Epoch 92: reducing lr to 4.831228708162376e-05
Epoch 95: reducing lr to 1.624168497953368e-05
Epoch 98: reducing lr to 1.2094448183622846e-06
[I 2024-06-22 10:48:15,385] Trial 90 finished with value: 2.553349018096924 and parameters: {'hidden_size': 70, 'n_layers': 6, 'rnn_dropout': 0.7562467519999598, 'bidirectional': False, 'fc_dropout': 0.04491283172953225, 'learning_rate_model': 0.021932412730099944}. Best is trial 13 with value: 1.8697621822357178.
Epoch 58: reducing lr to 7.63342938899409e-05
Epoch 63: reducing lr to 6.24811162634531e-05
Epoch 66: reducing lr to 5.4211382344479055e-05
Epoch 71: reducing lr to 4.0916564581512034e-05
Epoch 81: reducing lr to 1.8192592329424975e-05
Epoch 84: reducing lr to 1.285261629472216e-05
Epoch 87: reducing lr to 8.356127195877885e-06
Epoch 90: reducing lr to 4.774063982808103e-06
Epoch 93: reducing lr to 2.1628999833354447e-06
Epoch 96: reducing lr to 5.638225067526549e-07
Epoch 99: reducing lr to 2.045227775028871e-09
[I 2024-06-22 10:48:24,110] Trial 91 finished with value: 2.569105625152588 and parameters: {'hidden_size': 51, 'n_layers': 3, 'rnn_dropout': 0.24006483674028517, 'bidirectional': False, 'fc_dropout': 0.2961233420429906, 'learning_rate_model': 0.0013267520089493556}. Best is trial 13 with value: 1.8697621822357178.
[I 2024-06-22 10:48:30,338] Trial 92 finished with value: 3.767477512359619 and parameters: {'hidden_size': 107, 'n_layers': 1, 'rnn_dropout': 0.16516324711154642, 'bidirectional': False, 'fc_dropout': 0.2092396414663897, 'learning_rate_model': 0.0002680689020235863}. Best is trial 13 with value: 1.8697621822357178.
[I 2024-06-22 10:48:54,813] Trial 93 finished with value: 8.623632431030273 and parameters: {'hidden_size': 35, 'n_layers': 6, 'rnn_dropout': 0.08526710143104088, 'bidirectional': True, 'fc_dropout': 0.4579240899477195, 'learning_rate_model': 1.5114066835104806e-05}. Best is trial 13 with value: 1.8697621822357178.
[I 2024-06-22 10:49:40,794] Trial 94 finished with value: 1.905665397644043 and parameters: {'hidden_size': 161, 'n_layers': 2, 'rnn_dropout': 0.4223231827265013, 'bidirectional': True, 'fc_dropout': 0.4408697393495774, 'learning_rate_model': 7.353072250353887e-05}. Best is trial 13 with value: 1.8697621822357178.
Epoch 64: reducing lr to 7.742514245907871e-05
Epoch 67: reducing lr to 6.676610314755064e-05
Epoch 70: reducing lr to 5.6410710009186024e-05
Epoch 74: reducing lr to 4.33570461059004e-05
Epoch 77: reducing lr to 3.433209879539355e-05
Epoch 80: reducing lr to 2.6122256694676056e-05
Epoch 84: reducing lr to 1.6665449538525844e-05
Epoch 87: reducing lr to 1.0835040347200895e-05
Epoch 91: reducing lr to 4.9187988618410896e-06
Epoch 94: reducing lr to 1.9655287843036015e-06
Epoch 97: reducing lr to 3.3782001615937417e-07
