[I 2024-06-22 00:26:08,898] Trial 374 finished with value: 1.114366888999939 and parameters: {'hidden_size': 161, 'n_layers': 5, 'rnn_dropout': 0.49217735320676365, 'bidirectional': False, 'fc_dropout': 0.44991556476574257, 'learning_rate_model': 0.028685673223941464}. Best is trial 153 with value: 0.9688200950622559.
Epoch 24: reducing lr to 1.917155829890956e-05
Epoch 42: reducing lr to 2.19022530817713e-06
Epoch 45: reducing lr to 7.468188131229565e-07
Epoch 48: reducing lr to 5.5290409138570403e-08
[I 2024-06-22 00:26:38,884] Trial 375 finished with value: 1.068861484527588 and parameters: {'hidden_size': 93, 'n_layers': 5, 'rnn_dropout': 0.7402089502870131, 'bidirectional': True, 'fc_dropout': 0.4959565550893039, 'learning_rate_model': 0.0002542572125328951}. Best is trial 153 with value: 0.9688200950622559.
Epoch 29: reducing lr to 3.1741226643031335e-06
Epoch 34: reducing lr to 1.9944947216559486e-06
[I 2024-06-22 00:26:48,726] Trial 376 finished with value: 1.1063706874847412 and parameters: {'hidden_size': 75, 'n_layers': 5, 'rnn_dropout': 0.12825858559070966, 'bidirectional': False, 'fc_dropout': 0.30713139358283037, 'learning_rate_model': 5.699678680247873e-05}. Best is trial 153 with value: 0.9688200950622559.
Epoch 6: reducing lr to 0.00596060650003706
Epoch 9: reducing lr to 0.00899269641291489
Epoch 12: reducing lr to 0.00998591589150171
Epoch 15: reducing lr to 0.009788639045616294
Epoch 18: reducing lr to 0.009290118277500528
Epoch 21: reducing lr to 0.008521677567612969
Epoch 24: reducing lr to 0.0075316006356145795
Epoch 27: reducing lr to 0.006382098694281915
Epoch 30: reducing lr to 0.005145397497848007
Epoch 33: reducing lr to 0.0038992043616023022
Epoch 36: reducing lr to 0.0027218226253891906
Epoch 39: reducing lr to 0.0016872310157182865
Epoch 42: reducing lr to 0.0008604361766536353
Epoch 45: reducing lr to 0.0002933898726388717
Epoch 48: reducing lr to 2.1720992843610178e-05
[I 2024-06-22 00:27:30,068] Trial 377 finished with value: 1.1070852279663086 and parameters: {'hidden_size': 102, 'n_layers': 6, 'rnn_dropout': 0.6741341780760262, 'bidirectional': True, 'fc_dropout': 0.21363224794263616, 'learning_rate_model': 0.09988566154433381}. Best is trial 153 with value: 0.9688200950622559.
Epoch 29: reducing lr to 3.333751786741907e-06
[I 2024-06-22 00:27:35,108] Trial 378 finished with value: 1.1102783679962158 and parameters: {'hidden_size': 38, 'n_layers': 4, 'rnn_dropout': 0.6320209204821483, 'bidirectional': False, 'fc_dropout': 0.39046435641705934, 'learning_rate_model': 5.986319998853214e-05}. Best is trial 153 with value: 0.9688200950622559.
[I 2024-06-22 00:28:02,268] Trial 379 finished with value: 1.0696731805801392 and parameters: {'hidden_size': 178, 'n_layers': 2, 'rnn_dropout': 0.5112422874358202, 'bidirectional': True, 'fc_dropout': 0.5030732548777529, 'learning_rate_model': 2.9913111272232188e-05}. Best is trial 153 with value: 0.9688200950622559.
Epoch 8: reducing lr to 0.0033459858777376084
Epoch 11: reducing lr to 0.004079715886303564
Epoch 14: reducing lr to 0.004061953358003849
Epoch 17: reducing lr to 0.003897369724374023
Epoch 23: reducing lr to 0.0032378776058505088
Epoch 26: reducing lr to 0.0027844073351218795
Epoch 29: reducing lr to 0.00228488389522723
Epoch 32: reducing lr to 0.0017706941912490539
Epoch 35: reducing lr to 0.0012741468416275982
Epoch 38: reducing lr to 0.0008264415387426629
Epoch 41: reducing lr to 0.000455709000246244
Epoch 44: reducing lr to 0.0001852442548462445
Epoch 47: reducing lr to 3.2041282017299806e-05
[I 2024-06-22 00:28:10,913] Trial 380 finished with value: 1.1322827339172363 and parameters: {'hidden_size': 72, 'n_layers': 5, 'rnn_dropout': 0.31637097304600914, 'bidirectional': False, 'fc_dropout': 0.15217767144974684, 'learning_rate_model': 0.04102898785522371}. Best is trial 153 with value: 0.9688200950622559.
Epoch 23: reducing lr to 1.6126689330966475e-05
Epoch 28: reducing lr to 1.2225516012734323e-05
Epoch 31: reducing lr to 9.67101247250663e-06
Epoch 34: reducing lr to 7.150857331077775e-06
Epoch 37: reducing lr to 4.823396465235573e-06
Epoch 40: reducing lr to 2.8348746507954066e-06
Epoch 43: reducing lr to 1.3102370374926716e-06
Epoch 46: reducing lr to 3.4528443395096116e-07
Epoch 49: reducing lr to 6.470133002121642e-10
[I 2024-06-22 00:28:48,786] Trial 381 finished with value: 1.0765491724014282 and parameters: {'hidden_size': 86, 'n_layers': 7, 'rnn_dropout': 0.49390585041997215, 'bidirectional': True, 'fc_dropout': 0.42491575551464705, 'learning_rate_model': 0.00020435044842635042}. Best is trial 153 with value: 0.9688200950622559.
Epoch 8: reducing lr to 0.0025915199728256543
Epoch 14: reducing lr to 0.0031460483219584905
Epoch 18: reducing lr to 0.002955557093101019
Epoch 21: reducing lr to 0.0027110854595981124
Epoch 24: reducing lr to 0.0023961025054875626
Epoch 27: reducing lr to 0.002030400098396873
Epoch 30: reducing lr to 0.0016369561309482529
Epoch 33: reducing lr to 0.0012404923989282825
Epoch 36: reducing lr to 0.000865920317302591
Epoch 39: reducing lr to 0.0005367754690791593
Epoch 42: reducing lr to 0.00027373906005355756
Epoch 45: reducing lr to 9.333901821485975e-05
Epoch 48: reducing lr to 6.910314007906731e-06
[I 2024-06-22 00:28:53,061] Trial 382 finished with value: 1.1136828660964966 and parameters: {'hidden_size': 39, 'n_layers': 3, 'rnn_dropout': 0.1719811846333421, 'bidirectional': False, 'fc_dropout': 0.14446084213348556, 'learning_rate_model': 0.03177761215284233}. Best is trial 153 with value: 0.9688200950622559.
Epoch 7: reducing lr to 0.004949941219375337
Epoch 11: reducing lr to 0.00691125643272811
Epoch 18: reducing lr to 0.006464515542980125
Epoch 21: reducing lr to 0.005929797171852633
Epoch 24: reducing lr to 0.0052408535519258
Epoch 27: reducing lr to 0.004440974266811884
Epoch 30: reducing lr to 0.003580417504501206
Epoch 33: reducing lr to 0.0027132557894209803
Epoch 36: reducing lr to 0.001893976388834237
Epoch 39: reducing lr to 0.0011740572939878146
Epoch 42: reducing lr to 0.0005987332853652688
Epoch 45: reducing lr to 0.00020415492410040954
Epoch 48: reducing lr to 1.5114521866373132e-05
[I 2024-06-22 00:28:58,020] Trial 383 finished with value: 1.0373868942260742 and parameters: {'hidden_size': 31, 'n_layers': 2, 'rnn_dropout': 0.5632245564290674, 'bidirectional': True, 'fc_dropout': 0.01704090516910526, 'learning_rate_model': 0.0695052950120162}. Best is trial 153 with value: 0.9688200950622559.
Epoch 10: reducing lr to 0.000771786747249446
Epoch 18: reducing lr to 0.0007468071137635739
Epoch 21: reducing lr to 0.0006850342739021679
Epoch 24: reducing lr to 0.0006054447063742353
Epoch 27: reducing lr to 0.0005130393998507064
Epoch 30: reducing lr to 0.0004136243845076241
Epoch 33: reducing lr to 0.00031344633817148815
Epoch 36: reducing lr to 0.00021879985144712043
Epoch 39: reducing lr to 0.0001356318711412536
Epoch 42: reducing lr to 6.916810297461027e-05
Epoch 45: reducing lr to 2.3584806721303406e-05
Epoch 48: reducing lr to 1.746091006494567e-06
[I 2024-06-22 00:29:29,791] Trial 384 finished with value: 1.0896806716918945 and parameters: {'hidden_size': 142, 'n_layers': 3, 'rnn_dropout': 0.37789875377219184, 'bidirectional': True, 'fc_dropout': 0.6995902372969417, 'learning_rate_model': 0.008029534218627702}. Best is trial 153 with value: 0.9688200950622559.
Epoch 8: reducing lr to 0.0014085918658690753
Epoch 11: reducing lr to 0.0017174772466133814
Epoch 14: reducing lr to 0.0017099995841860776
Epoch 17: reducing lr to 0.0016407132285177442
Epoch 22: reducing lr to 0.0014202827207966374
Epoch 27: reducing lr to 0.0011036013972692675
Epoch 33: reducing lr to 0.0006742558502829444
Epoch 38: reducing lr to 0.00034791504555792
Epoch 41: reducing lr to 0.0001918442020993269
Epoch 44: reducing lr to 7.798405615263016e-05
Epoch 47: reducing lr to 1.3488726752218516e-05
[I 2024-06-22 00:29:49,388] Trial 385 finished with value: 1.094494342803955 and parameters: {'hidden_size': 192, 'n_layers': 3, 'rnn_dropout': 0.7497392709774249, 'bidirectional': False, 'fc_dropout': 0.58931776380391, 'learning_rate_model': 0.017272367747345682}. Best is trial 153 with value: 0.9688200950622559.
[I 2024-06-22 00:29:58,918] Trial 386 finished with value: 1.1055500507354736 and parameters: {'hidden_size': 89, 'n_layers': 4, 'rnn_dropout': 0.6538216208902006, 'bidirectional': False, 'fc_dropout': 0.783678297134273, 'learning_rate_model': 5.1958110052086076e-05}. Best is trial 153 with value: 0.9688200950622559.
Epoch 3: reducing lr to 5.73638774600844e-06
Epoch 6: reducing lr to 1.3606200893016835e-05
Epoch 9: reducing lr to 2.0527514098317196e-05
Epoch 12: reducing lr to 2.2794723610709213e-05
Epoch 15: reducing lr to 2.2344402255551644e-05
Epoch 18: reducing lr to 2.12064352180896e-05
Epoch 21: reducing lr to 1.945232535141117e-05
Epoch 24: reducing lr to 1.7192289290277444e-05
Epoch 27: reducing lr to 1.4568335781420947e-05
Epoch 30: reducing lr to 1.1745333638399189e-05
Epoch 33: reducing lr to 8.900664364701566e-06
Epoch 36: reducing lr to 6.213070001513031e-06
Epoch 39: reducing lr to 3.851420849983826e-06
Epoch 42: reducing lr to 1.964106752407811e-06
Epoch 45: reducing lr to 6.697173428704456e-07
Epoch 48: reducing lr to 4.9582234999760156e-08
[I 2024-06-22 00:30:07,661] Trial 387 finished with value: 1.1074979305267334 and parameters: {'hidden_size': 58, 'n_layers': 6, 'rnn_dropout': 0.5979061877233948, 'bidirectional': False, 'fc_dropout': 0.20159236968859082, 'learning_rate_model': 0.00022800773332305063}. Best is trial 153 with value: 0.9688200950622559.
Epoch 5: reducing lr to 0.0044666819516999325
Epoch 9: reducing lr to 0.008439412454756655
Epoch 14: reducing lr to 0.00928046119880666
Epoch 17: reducing lr to 0.008904432256265868
Epoch 20: reducing lr to 0.008263409839465163
Epoch 28: reducing lr to 0.005608116596227119
Epoch 31: reducing lr to 0.004436308904498633
Epoch 34: reducing lr to 0.0032802575886283873
Epoch 37: reducing lr to 0.00221259943046125
Epoch 40: reducing lr to 0.0013004201671969764
Epoch 43: reducing lr to 0.000601034922967697
Epoch 46: reducing lr to 0.0001583896632618445
Epoch 49: reducing lr to 2.9679941714738645e-07
[I 2024-06-22 00:30:28,391] Trial 388 finished with value: 1.0421106815338135 and parameters: {'hidden_size': 107, 'n_layers': 3, 'rnn_dropout': 0.43635127147344355, 'bidirectional': True, 'fc_dropout': 0.38826996317470447, 'learning_rate_model': 0.09374010390011783}. Best is trial 153 with value: 0.9688200950622559.
[I 2024-06-22 00:30:32,387] Trial 389 finished with value: 1.0094420909881592 and parameters: {'hidden_size': 75, 'n_layers': 1, 'rnn_dropout': 0.6538813834272106, 'bidirectional': True, 'fc_dropout': 0.712244021779393, 'learning_rate_model': 0.0004150090046603508}. Best is trial 153 with value: 0.9688200950622559.
[I 2024-06-22 00:30:52,215] Trial 390 finished with value: 1.093412160873413 and parameters: {'hidden_size': 187, 'n_layers': 3, 'rnn_dropout': 0.06146582781974468, 'bidirectional': False, 'fc_dropout': 0.6005826338841801, 'learning_rate_model': 5.482676347013862e-05}. Best is trial 153 with value: 0.9688200950622559.
Epoch 10: reducing lr to 0.007930798712354473
Epoch 13: reducing lr to 0.008223169031744686
Epoch 16: reducing lr to 0.007975328034757803
Epoch 19: reducing lr to 0.007485592695666514
Epoch 22: reducing lr to 0.006784735026764618
Epoch 25: reducing lr to 0.005916791934371034
Epoch 28: reducing lr to 0.0049363002481550965
Epoch 31: reducing lr to 0.0039048675915372135
Epoch 34: reducing lr to 0.0028873037981507733
Epoch 37: reducing lr to 0.0019475442299116143
Epoch 40: reducing lr to 0.0011446381835853614
Epoch 43: reducing lr to 0.0005290347995602143
Epoch 46: reducing lr to 0.0001394155989179413
Epoch 49: reducing lr to 2.6124475327599093e-07
[I 2024-06-22 00:31:36,430] Trial 391 finished with value: 1.107248306274414 and parameters: {'hidden_size': 95, 'n_layers': 7, 'rnn_dropout': 0.42700887309822655, 'bidirectional': True, 'fc_dropout': 0.5646478409288389, 'learning_rate_model': 0.08251064153258493}. Best is trial 153 with value: 0.9688200950622559.
Epoch 18: reducing lr to 0.0005624814919304436
Epoch 21: reducing lr to 0.000515955316046929
Epoch 24: reducing lr to 0.00045600990596694004
Epoch 27: reducing lr to 0.0003864119151099606
Epoch 30: reducing lr to 0.0003115343394684303
Epoch 33: reducing lr to 0.00023608206280510742
Epoch 36: reducing lr to 0.000164796055913171
Epoch 39: reducing lr to 0.00010215545062014801
Epoch 42: reducing lr to 5.209615312726417e-05
Epoch 45: reducing lr to 1.776364609682836e-05
Epoch 48: reducing lr to 1.3151238871170547e-06
[I 2024-06-22 00:32:58,611] Trial 392 finished with value: 1.037175178527832 and parameters: {'hidden_size': 161, 'n_layers': 6, 'rnn_dropout': 0.5403580125424159, 'bidirectional': True, 'fc_dropout': 0.2117453053734832, 'learning_rate_model': 0.006047698667517102}. Best is trial 153 with value: 0.9688200950622559.
Epoch 24: reducing lr to 4.460507597352893e-06
Epoch 28: reducing lr to 3.5390911983143244e-06
Epoch 34: reducing lr to 2.070058737353746e-06
Epoch 37: reducing lr to 1.3962960711281842e-06
Epoch 42: reducing lr to 5.095838572284615e-07
Epoch 45: reducing lr to 1.7375692355537338e-07
Epoch 48: reducing lr to 1.2864018989910166e-08
[I 2024-06-22 00:34:15,172] Trial 393 finished with value: 1.0735247135162354 and parameters: {'hidden_size': 176, 'n_layers': 5, 'rnn_dropout': 0.1410209023867453, 'bidirectional': True, 'fc_dropout': 0.06934301291208511, 'learning_rate_model': 5.915618388982257e-05}. Best is trial 153 with value: 0.9688200950622559.
[I 2024-06-22 00:34:37,343] Trial 394 finished with value: 1.0867359638214111 and parameters: {'hidden_size': 66, 'n_layers': 6, 'rnn_dropout': 0.6874986626406856, 'bidirectional': True, 'fc_dropout': 0.33207191009709, 'learning_rate_model': 3.559891823841408e-05}. Best is trial 153 with value: 0.9688200950622559.
Epoch 43: reducing lr to 1.947625527380636e-07
Epoch 46: reducing lr to 5.132542879851456e-08
Epoch 49: reducing lr to 9.617646150986733e-11
[I 2024-06-22 00:36:21,436] Trial 395 finished with value: 1.0754618644714355 and parameters: {'hidden_size': 185, 'n_layers': 6, 'rnn_dropout': 0.40817106704486206, 'bidirectional': True, 'fc_dropout': 0.25494028504026184, 'learning_rate_model': 3.0376041777025878e-05}. Best is trial 153 with value: 0.9688200950622559.
Epoch 15: reducing lr to 3.48369151779344e-05
Epoch 18: reducing lr to 3.306272311381237e-05
Epoch 21: reducing lr to 3.0327909448207514e-05
Epoch 24: reducing lr to 2.680431174081184e-05
Epoch 27: reducing lr to 2.271333428823015e-05
Epoch 30: reducing lr to 1.8312022269281803e-05
Epoch 33: reducing lr to 1.3876929261928773e-05
Epoch 36: reducing lr to 9.686730043695884e-06
Epoch 39: reducing lr to 6.004708469302579e-06
Epoch 42: reducing lr to 3.062217532225043e-06
Epoch 45: reducing lr to 1.0441490445765898e-06
Epoch 48: reducing lr to 7.730312474972935e-08
[I 2024-06-22 00:36:41,509] Trial 396 finished with value: 1.0925695896148682 and parameters: {'hidden_size': 160, 'n_layers': 4, 'rnn_dropout': 0.1818219051321271, 'bidirectional': False, 'fc_dropout': 0.2470982018530048, 'learning_rate_model': 0.0003554843837326049}. Best is trial 153 with value: 0.9688200950622559.
Epoch 7: reducing lr to 0.0011574769502301723
Epoch 10: reducing lr to 0.0015622019091023147
Epoch 13: reducing lr to 0.001619792763148924
Epoch 18: reducing lr to 0.00151163971525877
Epoch 21: reducing lr to 0.0013866030406772486
Epoch 24: reducing lr to 0.0012255028730728177
Epoch 27: reducing lr to 0.0010384618973412346
Epoch 30: reducing lr to 0.0008372323124644637
Epoch 33: reducing lr to 0.0006344582485223287
Epoch 36: reducing lr to 0.00044288081760947837
Epoch 39: reducing lr to 0.0002745374532370705
Epoch 42: reducing lr to 0.0001400056983370276
Epoch 45: reducing lr to 4.773887374606746e-05
Epoch 48: reducing lr to 3.5343269543481466e-06
[I 2024-06-22 00:36:51,367] Trial 397 finished with value: 1.1028263568878174 and parameters: {'hidden_size': 71, 'n_layers': 5, 'rnn_dropout': 0.028058895444063127, 'bidirectional': False, 'fc_dropout': 0.7542463880602278, 'learning_rate_model': 0.016252875201921996}. Best is trial 153 with value: 0.9688200950622559.
[I 2024-06-22 00:36:58,366] Trial 398 finished with value: 1.0576817989349365 and parameters: {'hidden_size': 60, 'n_layers': 2, 'rnn_dropout': 0.1522694357737513, 'bidirectional': True, 'fc_dropout': 0.606544498730502, 'learning_rate_model': 0.0001107130781541933}. Best is trial 153 with value: 0.9688200950622559.
[I 2024-06-22 00:37:03,868] Trial 399 finished with value: 1.108062982559204 and parameters: {'hidden_size': 22, 'n_layers': 6, 'rnn_dropout': 0.5809614478361608, 'bidirectional': False, 'fc_dropout': 0.7586922321512182, 'learning_rate_model': 4.485346455877421e-05}. Best is trial 153 with value: 0.9688200950622559.
[I 2024-06-22 00:37:08,259] Trial 400 finished with value: 1.1124049425125122 and parameters: {'hidden_size': 32, 'n_layers': 5, 'rnn_dropout': 0.7447918922767776, 'bidirectional': False, 'fc_dropout': 0.5471993712935661, 'learning_rate_model': 4.8676465808827524e-05}. Best is trial 153 with value: 0.9688200950622559.
[I 2024-06-22 00:37:13,187] Trial 401 finished with value: 1.111203908920288 and parameters: {'hidden_size': 18, 'n_layers': 7, 'rnn_dropout': 0.028185016522687612, 'bidirectional': False, 'fc_dropout': 0.2286263466846098, 'learning_rate_model': 1.093529205055685e-05}. Best is trial 153 with value: 0.9688200950622559.
Epoch 6: reducing lr to 0.0021811426385383343
Epoch 9: reducing lr to 0.003290664059356618
Epoch 12: reducing lr to 0.003654109180949372
Epoch 18: reducing lr to 0.003399498539619202
Epoch 21: reducing lr to 0.0031183058795242933
Epoch 24: reducing lr to 0.002756010698354143
Epoch 27: reducing lr to 0.002335377714561692
Epoch 30: reducing lr to 0.0018828362306276998
Epoch 33: reducing lr to 0.0014268213963482656
Epoch 36: reducing lr to 0.0009959864625752103
Epoch 39: reducing lr to 0.0006174021904355901
Epoch 42: reducing lr to 0.0003148562201897534
Epoch 45: reducing lr to 0.00010735906839748552
Epoch 48: reducing lr to 7.948282384064031e-06
[I 2024-06-22 00:37:37,801] Trial 402 finished with value: 1.202674388885498 and parameters: {'hidden_size': 122, 'n_layers': 3, 'rnn_dropout': 0.12121124948169851, 'bidirectional': True, 'fc_dropout': 0.5817883529146217, 'learning_rate_model': 0.036550789818385214}. Best is trial 153 with value: 0.9688200950622559.
Epoch 13: reducing lr to 0.0002401009782713845
Epoch 16: reducing lr to 0.00023286449005101767
Epoch 22: reducing lr to 0.00019810142670661953
Epoch 25: reducing lr to 0.00017275913047470366
Epoch 29: reducing lr to 0.00013416462125859666
Epoch 32: reducing lr to 0.00010397224823106418
Epoch 35: reducing lr to 7.481580521088291e-05
Epoch 38: reducing lr to 4.852728677784931e-05
Epoch 41: reducing lr to 2.675848236747746e-05
Epoch 44: reducing lr to 1.087723772034625e-05
Epoch 47: reducing lr to 1.8814113379985765e-06
[I 2024-06-22 00:37:49,606] Trial 403 finished with value: 1.0929296016693115 and parameters: {'hidden_size': 174, 'n_layers': 2, 'rnn_dropout': 0.18944682695539142, 'bidirectional': False, 'fc_dropout': 0.7096969413258452, 'learning_rate_model': 0.002409154630446646}. Best is trial 153 with value: 0.9688200950622559.
[I 2024-06-22 00:37:52,475] Trial 404 finished with value: 1.1043978929519653 and parameters: {'hidden_size': 36, 'n_layers': 2, 'rnn_dropout': 0.4615682967460868, 'bidirectional': False, 'fc_dropout': 0.1367898791544147, 'learning_rate_model': 5.7328011282134295e-05}. Best is trial 153 with value: 0.9688200950622559.
Epoch 11: reducing lr to 0.0014878738298455204
Epoch 16: reducing lr to 0.001446323957900671
Epoch 19: reducing lr to 0.0013575105635335201
Epoch 22: reducing lr to 0.0012304101818070886
Epoch 25: reducing lr to 0.001073008895847149
Epoch 28: reducing lr to 0.0008951969475340281
Epoch 31: reducing lr to 0.0007081468656156255
Epoch 34: reducing lr to 0.0005236118989467853
Epoch 37: reducing lr to 0.0003531867111316785
Epoch 40: reducing lr to 0.0002075798789507333
Epoch 43: reducing lr to 9.594034274608403e-05
Epoch 46: reducing lr to 2.5282987726812924e-05
Epoch 49: reducing lr to 4.737667766031156e-08
[I 2024-06-22 00:38:19,028] Trial 405 finished with value: 1.110463261604309 and parameters: {'hidden_size': 101, 'n_layers': 4, 'rnn_dropout': 0.40926391173178606, 'bidirectional': True, 'fc_dropout': 0.6049359107101884, 'learning_rate_model': 0.014963286414081123}. Best is trial 153 with value: 0.9688200950622559.
[I 2024-06-22 00:38:53,602] Trial 406 finished with value: 1.103359341621399 and parameters: {'hidden_size': 124, 'n_layers': 4, 'rnn_dropout': 0.7147413098802236, 'bidirectional': True, 'fc_dropout': 0.7703870024702832, 'learning_rate_model': 1.0699403522342655e-05}. Best is trial 153 with value: 0.9688200950622559.
[I 2024-06-22 00:39:36,049] Trial 407 finished with value: 1.1041367053985596 and parameters: {'hidden_size': 122, 'n_layers': 5, 'rnn_dropout': 0.6675037318324135, 'bidirectional': True, 'fc_dropout': 0.4653498154951399, 'learning_rate_model': 1.2571394105090453e-05}. Best is trial 153 with value: 0.9688200950622559.
Epoch 12: reducing lr to 0.005160759610682308
Epoch 15: reducing lr to 0.005058806180528275
Epoch 18: reducing lr to 0.004801168736639164
Epoch 21: reducing lr to 0.004404035632186851
Epoch 24: reducing lr to 0.0038923600785729954
Epoch 27: reducing lr to 0.003298293069028175
Epoch 30: reducing lr to 0.002659161150195359
Epoch 33: reducing lr to 0.0020151237604833583
Epoch 36: reducing lr to 0.0014066483660756565
Epoch 39: reducing lr to 0.0008719674564072438
Epoch 42: reducing lr to 0.00044467671431350426
Epoch 45: reducing lr to 0.0001516250108001084
Epoch 48: reducing lr to 1.1225492362360035e-05
