[I 2024-06-22 15:30:10,541] Trial 465 finished with value: 2.142446517944336 and parameters: {'hidden_size': 127, 'n_layers': 2, 'rnn_dropout': 0.5210922895982945, 'bidirectional': False, 'fc_dropout': 0.7333200896647462, 'learning_rate_model': 0.0017554773222146585}. Best is trial 346 with value: 1.8583240509033203.
Epoch 58: reducing lr to 6.132696719428972e-05
Epoch 63: reducing lr to 5.019732510889618e-05
Epoch 66: reducing lr to 4.3553421367733004e-05
Epoch 69: reducing lr to 3.70631470874708e-05
Epoch 72: reducing lr to 3.082889620969102e-05
Epoch 81: reducing lr to 1.4615927600959385e-05
Epoch 84: reducing lr to 1.0325791170658722e-05
Epoch 87: reducing lr to 6.713312094715597e-06
Epoch 90: reducing lr to 3.835482721294874e-06
Epoch 93: reducing lr to 1.7376737186275503e-06
Epoch 96: reducing lr to 4.52974968562312e-07
Epoch 99: reducing lr to 1.6431358734357234e-09
[I 2024-06-22 15:30:20,151] Trial 466 finished with value: 2.5685997009277344 and parameters: {'hidden_size': 64, 'n_layers': 3, 'rnn_dropout': 0.7982098924550564, 'bidirectional': False, 'fc_dropout': 0.4776129502276577, 'learning_rate_model': 0.0010659124854827172}. Best is trial 346 with value: 1.8583240509033203.
Epoch 8: reducing lr to 0.0005800620969112988
Epoch 19: reducing lr to 0.0016944783414480195
Epoch 23: reducing lr to 0.0018649427173785353
Epoch 26: reducing lr to 0.0018707644788425667
Epoch 29: reducing lr to 0.0018541198101318106
Epoch 32: reducing lr to 0.0018230093608032076
Epoch 35: reducing lr to 0.00177792376077195
Epoch 38: reducing lr to 0.0017195740248018305
Epoch 41: reducing lr to 0.001648880370501833
Epoch 44: reducing lr to 0.0015669576793956158
Epoch 47: reducing lr to 0.0014750979575790552
Epoch 54: reducing lr to 0.001230499822736775
Epoch 58: reducing lr to 0.0010780252173052298
Epoch 61: reducing lr to 0.0009608356387457854
Epoch 64: reducing lr to 0.0008432682516237233
Epoch 67: reducing lr to 0.0007271763832881701
Epoch 70: reducing lr to 0.0006143916470988848
Epoch 77: reducing lr to 0.00037392464522833705
Epoch 83: reducing lr to 0.00020537934041019238
Epoch 86: reducing lr to 0.0001377863509851234
Epoch 89: reducing lr to 8.279537900593054e-05
Epoch 92: reducing lr to 4.1273392605347195e-05
Epoch 95: reducing lr to 1.3875340647817244e-05
Epoch 98: reducing lr to 1.033233859089322e-06
[I 2024-06-22 15:30:54,787] Trial 467 finished with value: 2.498853921890259 and parameters: {'hidden_size': 80, 'n_layers': 4, 'rnn_dropout': 0.005387765595362648, 'bidirectional': True, 'fc_dropout': 0.01942514025974287, 'learning_rate_model': 0.018736953600696844}. Best is trial 346 with value: 1.8583240509033203.
Epoch 24: reducing lr to 0.00330919214408868
Epoch 30: reducing lr to 0.003259260728351361
Epoch 33: reducing lr to 0.003195969473966261
Epoch 42: reducing lr to 0.002866141727983439
Epoch 45: reducing lr to 0.002715330404213736
Epoch 48: reducing lr to 0.0025477922079980577
Epoch 53: reducing lr to 0.0022386692072683865
Epoch 56: reducing lr to 0.0020400258292396153
Epoch 61: reducing lr to 0.0016970413594255957
Epoch 64: reducing lr to 0.001489392194032255
Epoch 68: reducing lr to 0.0012171419915571954
Epoch 71: reducing lr to 0.0010205909513336115
Epoch 74: reducing lr to 0.0008340397443963972
Epoch 77: reducing lr to 0.0006604309443489758
Epoch 80: reducing lr to 0.0005025019518965737
Epoch 86: reducing lr to 0.00024336018248793495
Epoch 89: reducing lr to 0.00014623435775736952
Epoch 95: reducing lr to 2.4506820944112524e-05
Epoch 98: reducing lr to 1.824912109965604e-06
[I 2024-06-22 15:31:00,114] Trial 468 finished with value: 1.8738718032836914 and parameters: {'hidden_size': 41, 'n_layers': 1, 'rnn_dropout': 0.3698683233080926, 'bidirectional': True, 'fc_dropout': 0.05247881290803456, 'learning_rate_model': 0.033093469817092956}. Best is trial 346 with value: 1.8583240509033203.
Epoch 11: reducing lr to 0.0003980952822857682
Epoch 14: reducing lr to 0.0005453825056730697
Epoch 26: reducing lr to 0.0008226267189861533
Epoch 29: reducing lr to 0.0008153075992546239
Epoch 33: reducing lr to 0.0007956883421723104
Epoch 37: reducing lr to 0.0007653217080834503
Epoch 42: reducing lr to 0.0007135723850139936
Epoch 45: reducing lr to 0.0006760254643789208
Epoch 48: reducing lr to 0.0006343141180462056
Epoch 51: reducing lr to 0.0005890961454546866
Epoch 54: reducing lr to 0.0005410846973731648
Epoch 57: reducing lr to 0.0004910367955491926
Epoch 62: reducing lr to 0.00040525155085014444
Epoch 65: reducing lr to 0.00035367988173033905
Epoch 68: reducing lr to 0.00030302720390147024
Epoch 71: reducing lr to 0.0002540926403451859
Epoch 74: reducing lr to 0.00020764769717934815
Epoch 77: reducing lr to 0.00016442497574176688
Epoch 80: reducing lr to 0.00012510599625556858
Epoch 83: reducing lr to 9.031095835949675e-05
Epoch 86: reducing lr to 6.058845734664238e-05
Epoch 89: reducing lr to 3.640741084682264e-05
Epoch 92: reducing lr to 1.814904865061924e-05
Epoch 95: reducing lr to 6.101369830899782e-06
Epoch 98: reducing lr to 4.5434141446483445e-07
[I 2024-06-22 15:33:55,841] Trial 469 finished with value: 2.458998203277588 and parameters: {'hidden_size': 167, 'n_layers': 6, 'rnn_dropout': 0.37425443825229743, 'bidirectional': True, 'fc_dropout': 0.4657720337114457, 'learning_rate_model': 0.008239155082671501}. Best is trial 346 with value: 1.8583240509033203.
Epoch 59: reducing lr to 8.485413969786206e-06
Epoch 62: reducing lr to 7.5257343063383926e-06
Epoch 65: reducing lr to 6.568021303844368e-06
Epoch 68: reducing lr to 5.627374452660361e-06
Epoch 71: reducing lr to 4.718633886588092e-06
Epoch 74: reducing lr to 3.856126879752889e-06
Epoch 77: reducing lr to 3.0534582240655025e-06
Epoch 80: reducing lr to 2.3232841082879215e-06
Epoch 83: reducing lr to 1.677121965699003e-06
Epoch 86: reducing lr to 1.125159499242381e-06
Epoch 89: reducing lr to 6.761047557747872e-07
Epoch 92: reducing lr to 3.3703737288812194e-07
Epoch 95: reducing lr to 1.1330564474271675e-07
Epoch 98: reducing lr to 8.437358876123941e-09
[I 2024-06-22 15:36:07,953] Trial 470 finished with value: 1.9002190828323364 and parameters: {'hidden_size': 161, 'n_layers': 5, 'rnn_dropout': 0.44997293174081054, 'bidirectional': True, 'fc_dropout': 0.22899823426094815, 'learning_rate_model': 0.0001530054405241054}. Best is trial 346 with value: 1.8583240509033203.
Epoch 3: reducing lr to 0.0007904662738729437
Epoch 10: reducing lr to 0.003480253126169989
Epoch 14: reducing lr to 0.005439936137358
Epoch 17: reducing lr to 0.006745228332081387
Epoch 20: reducing lr to 0.007703366568037691
Epoch 27: reducing lr to 0.008188124659684014
Epoch 34: reducing lr to 0.007870665270201192
Epoch 37: reducing lr to 0.0076337271056571235
Epoch 40: reducing lr to 0.007341203805142887
Epoch 43: reducing lr to 0.0069977088515901995
Epoch 46: reducing lr to 0.006608658959120997
Epoch 51: reducing lr to 0.00587595930691309
Epoch 54: reducing lr to 0.005397067503988039
Epoch 57: reducing lr to 0.004897863024747965
Epoch 73: reducing lr to 0.0022223919837872424
Epoch 76: reducing lr to 0.0017797688856851332
Epoch 79: reducing lr to 0.001373881778896842
Epoch 85: reducing lr to 0.0006972370545426085
Epoch 88: reducing lr to 0.00043715032298791005
Epoch 91: reducing lr to 0.00023497361321516834
Epoch 94: reducing lr to 9.389434561131171e-05
Epoch 97: reducing lr to 1.6137840160364292e-05
[I 2024-06-22 15:38:21,617] Trial 471 finished with value: 2.4647817611694336 and parameters: {'hidden_size': 142, 'n_layers': 6, 'rnn_dropout': 0.478095829591981, 'bidirectional': True, 'fc_dropout': 0.6125488950166031, 'learning_rate_model': 0.08218172935380007}. Best is trial 346 with value: 1.8583240509033203.
Epoch 58: reducing lr to 0.00012655319533566684
Epoch 63: reducing lr to 0.0001035862717572249
Epoch 66: reducing lr to 8.987603486774966e-05
Epoch 69: reducing lr to 7.64828248926026e-05
Epoch 72: reducing lr to 6.361794007598183e-05
Epoch 75: reducing lr to 5.14842090171523e-05
Epoch 78: reducing lr to 4.027302365246731e-05
Epoch 81: reducing lr to 3.01611578938214e-05
Epoch 84: reducing lr to 2.130811169702442e-05
Epoch 87: reducing lr to 1.385346668424433e-05
Epoch 90: reducing lr to 7.914831211151135e-06
Epoch 93: reducing lr to 3.5858313496318473e-06
Epoch 96: reducing lr to 9.347507679129466e-07
Epoch 99: reducing lr to 3.3907448006905565e-09
[I 2024-06-22 15:38:28,281] Trial 472 finished with value: 1.909477949142456 and parameters: {'hidden_size': 18, 'n_layers': 2, 'rnn_dropout': 0.6338502974165983, 'bidirectional': True, 'fc_dropout': 0.4439139048606762, 'learning_rate_model': 0.002199597292307988}. Best is trial 346 with value: 1.8583240509033203.
Epoch 26: reducing lr to 0.0003826957890058323
Epoch 29: reducing lr to 0.00037929084696366534
Epoch 32: reducing lr to 0.0003729266904454158
Epoch 37: reducing lr to 0.0003560368125159538
Epoch 40: reducing lr to 0.000342393534198531
Epoch 43: reducing lr to 0.0003263729394503136
Epoch 46: reducing lr to 0.00030822766366206086
Epoch 49: reducing lr to 0.00028824389555613965
Epoch 52: reducing lr to 0.0002667367782006481
Epoch 55: reducing lr to 0.00024404545702358957
Epoch 58: reducing lr to 0.00022052787284054857
Epoch 61: reducing lr to 0.00019655480795863746
Epoch 64: reducing lr to 0.0001725044560918603
Epoch 67: reducing lr to 0.0001487559459761866
Epoch 70: reducing lr to 0.00012568396439223143
Epoch 73: reducing lr to 0.00010365229816536713
Epoch 76: reducing lr to 8.300836960818485e-05
Epoch 79: reducing lr to 6.407780662864982e-05
Epoch 82: reducing lr to 4.715909949013766e-05
Epoch 85: reducing lr to 3.2519116158003346e-05
Epoch 88: reducing lr to 2.0388678483357566e-05
Epoch 91: reducing lr to 1.0959162558023304e-05
Epoch 94: reducing lr to 4.37922957711558e-06
Epoch 97: reducing lr to 7.526684006466372e-07
[I 2024-06-22 15:40:01,474] Trial 473 finished with value: 1.8894295692443848 and parameters: {'hidden_size': 149, 'n_layers': 4, 'rnn_dropout': 0.3238787772181782, 'bidirectional': True, 'fc_dropout': 0.07400268652048317, 'learning_rate_model': 0.0038329534919439657}. Best is trial 346 with value: 1.8583240509033203.
Epoch 6: reducing lr to 0.0017334128073688538
Epoch 9: reducing lr to 0.003031258521376721
Epoch 12: reducing lr to 0.004509375450512387
Epoch 15: reducing lr to 0.005960166448409432
Epoch 18: reducing lr to 0.00717987221483872
Epoch 21: reducing lr to 0.007997188686145797
Epoch 24: reducing lr to 0.008297326183803102
Epoch 29: reducing lr to 0.008211023524551513
Epoch 32: reducing lr to 0.008073249994545183
Epoch 35: reducing lr to 0.007873587103046894
Epoch 38: reducing lr to 0.007615183599624986
Epoch 41: reducing lr to 0.007302114694734461
Epoch 44: reducing lr to 0.006939317673640181
Epoch 47: reducing lr to 0.006532514222928484
Epoch 50: reducing lr to 0.0060881197471346895
Epoch 53: reducing lr to 0.0056131429731340315
Epoch 56: reducing lr to 0.005115073102908614
Epoch 61: reducing lr to 0.004255088581577831
Epoch 64: reducing lr to 0.00373443798709943
Epoch 70: reducing lr to 0.002720851284825147
Epoch 73: reducing lr to 0.0022439019170193376
Epoch 76: reducing lr to 0.0017969947892066212
Epoch 79: reducing lr to 0.0013871792104698717
Epoch 82: reducing lr to 0.0010209170044835805
Epoch 85: reducing lr to 0.0007039854241369756
Epoch 88: reducing lr to 0.0004413813831827151
Epoch 92: reducing lr to 0.00018278041999694877
Epoch 95: reducing lr to 6.14473497601506e-05
Epoch 98: reducing lr to 4.575706206785824e-06
[I 2024-06-22 15:41:46,062] Trial 474 finished with value: 2.4573774337768555 and parameters: {'hidden_size': 139, 'n_layers': 5, 'rnn_dropout': 0.0025165763714979587, 'bidirectional': True, 'fc_dropout': 0.42128746856504595, 'learning_rate_model': 0.08297714416999552}. Best is trial 346 with value: 1.8583240509033203.
Epoch 14: reducing lr to 0.006388284879377024
Epoch 20: reducing lr to 0.009046301082275936
Epoch 23: reducing lr to 0.00960577179613337
Epoch 26: reducing lr to 0.009635757978311458
Epoch 29: reducing lr to 0.009550026181957674
Epoch 32: reducing lr to 0.009389785401401264
Epoch 35: reducing lr to 0.009157562727130192
Epoch 40: reducing lr to 0.008621002173675528
Epoch 43: reducing lr to 0.008217625449663346
Epoch 46: reducing lr to 0.00776075215508248
Epoch 49: reducing lr to 0.007257588131606848
Epoch 52: reducing lr to 0.006716068251842766
Epoch 55: reducing lr to 0.006144731735080266
Epoch 58: reducing lr to 0.0055525910428321605
Epoch 61: reducing lr to 0.004948981967852416
Epoch 64: reducing lr to 0.004343426912011538
Epoch 67: reducing lr to 0.0037454718197577645
Epoch 70: reducing lr to 0.0031645507931622437
Epoch 73: reducing lr to 0.0026098234882904166
Epoch 76: reducing lr to 0.0020900375250967385
Epoch 79: reducing lr to 0.0016133917701542863
Epoch 82: reducing lr to 0.0011874018011605355
Epoch 85: reducing lr to 0.000818786989480938
Epoch 88: reducing lr to 0.0005133591144904026
Epoch 91: reducing lr to 0.00027593676514814093
Epoch 94: reducing lr to 0.0001102630275764696
Epoch 97: reducing lr to 1.895116370471267e-05
[I 2024-06-22 15:42:27,495] Trial 475 finished with value: 1.964763879776001 and parameters: {'hidden_size': 108, 'n_layers': 3, 'rnn_dropout': 0.6510719939156764, 'bidirectional': True, 'fc_dropout': 0.6424000317972007, 'learning_rate_model': 0.09650854086072257}. Best is trial 346 with value: 1.8583240509033203.
[I 2024-06-22 15:42:36,511] Trial 476 finished with value: 8.966525077819824 and parameters: {'hidden_size': 36, 'n_layers': 4, 'rnn_dropout': 0.6508212635880003, 'bidirectional': False, 'fc_dropout': 0.6007220477316534, 'learning_rate_model': 2.4739192264457364e-05}. Best is trial 346 with value: 1.8583240509033203.
Epoch 44: reducing lr to 0.00010335002496565768
Epoch 54: reducing lr to 8.115866118932712e-05
Epoch 57: reducing lr to 7.365184991359225e-05
Epoch 61: reducing lr to 6.337273083889032e-05
Epoch 64: reducing lr to 5.561847394096388e-05
Epoch 67: reducing lr to 4.796153613814013e-05
Epoch 70: reducing lr to 4.0522723045623404e-05
Epoch 73: reducing lr to 3.341932594113152e-05
Epoch 76: reducing lr to 2.6763359895330695e-05
Epoch 79: reducing lr to 2.0659813079100206e-05
Epoch 82: reducing lr to 1.5204924008889475e-05
Epoch 86: reducing lr to 9.087815836693108e-06
Epoch 96: reducing lr to 5.251761006141737e-07
Epoch 99: reducing lr to 1.9050405666593688e-09
[I 2024-06-22 15:43:14,518] Trial 477 finished with value: 1.870408535003662 and parameters: {'hidden_size': 82, 'n_layers': 4, 'rnn_dropout': 0.19086847675406704, 'bidirectional': True, 'fc_dropout': 0.772434063673871, 'learning_rate_model': 0.0012358116928590523}. Best is trial 346 with value: 1.8583240509033203.
Epoch 23: reducing lr to 0.0012655842601028463
Epoch 26: reducing lr to 0.0012695350139819296
Epoch 30: reducing lr to 0.0012522797224651275
Epoch 36: reducing lr to 0.0011943046912829315
Epoch 39: reducing lr to 0.0011518390931342089
Epoch 42: reducing lr to 0.001101234748249294
Epoch 47: reducing lr to 0.0010010284711833236
Epoch 50: reducing lr to 0.000932930414673199
Epoch 56: reducing lr to 0.0007838228335154143
Epoch 62: reducing lr to 0.0006254125004702121
Epoch 68: reducing lr to 0.00046765274779317443
Epoch 71: reducing lr to 0.00039213351118827543
Epoch 74: reducing lr to 0.0003204564306722165
Epoch 77: reducing lr to 0.000253752107802392
Epoch 80: reducing lr to 0.00019307231219195287
Epoch 83: reducing lr to 0.00013937417924493045
Epoch 86: reducing lr to 9.350433953751493e-05
Epoch 92: reducing lr to 2.8008879605587525e-05
Epoch 95: reducing lr to 9.416060109409923e-06
Epoch 98: reducing lr to 7.01171406973164e-07
[I 2024-06-22 15:43:28,266] Trial 478 finished with value: 2.5570590496063232 and parameters: {'hidden_size': 35, 'n_layers': 7, 'rnn_dropout': 0.6673887915970793, 'bidirectional': False, 'fc_dropout': 0.7053527354831539, 'learning_rate_model': 0.012715239636234955}. Best is trial 346 with value: 1.8583240509033203.
Epoch 10: reducing lr to 5.6870959648655526e-05
Epoch 15: reducing lr to 9.6461698577268e-05
Epoch 59: reducing lr to 7.447682625057472e-05
Epoch 64: reducing lr to 6.0439626071721194e-05
Epoch 67: reducing lr to 5.211896523970496e-05
Epoch 70: reducing lr to 4.4035336727956114e-05
Epoch 73: reducing lr to 3.63161989233097e-05
Epoch 76: reducing lr to 2.9083276650374283e-05
Epoch 82: reducing lr to 1.652292586311634e-05
Epoch 85: reducing lr to 1.1393579419919285e-05
Epoch 88: reducing lr to 7.143491429429955e-06
Epoch 91: reducing lr to 3.839713489565836e-06
Epoch 94: reducing lr to 1.5343313681250156e-06
Epoch 97: reducing lr to 2.6370911060326525e-07
[I 2024-06-22 15:44:51,320] Trial 479 finished with value: 1.9093585014343262 and parameters: {'hidden_size': 121, 'n_layers': 5, 'rnn_dropout': 0.675512546114687, 'bidirectional': True, 'fc_dropout': 0.5531907388431758, 'learning_rate_model': 0.0013429350235452983}. Best is trial 346 with value: 1.8583240509033203.
[I 2024-06-22 15:44:55,603] Trial 480 finished with value: 9.226088523864746 and parameters: {'hidden_size': 64, 'n_layers': 1, 'rnn_dropout': 0.1883982090399309, 'bidirectional': False, 'fc_dropout': 0.6645620553924543, 'learning_rate_model': 2.7066340582671316e-05}. Best is trial 346 with value: 1.8583240509033203.
[I 2024-06-22 15:45:19,065] Trial 481 finished with value: 6.178983211517334 and parameters: {'hidden_size': 29, 'n_layers': 6, 'rnn_dropout': 0.2278666976946454, 'bidirectional': True, 'fc_dropout': 0.07883120851244244, 'learning_rate_model': 3.4864881188637084e-05}. Best is trial 346 with value: 1.8583240509033203.
Epoch 31: reducing lr to 0.0006695298184074838
Epoch 37: reducing lr to 0.0006350433702063563
Epoch 40: reducing lr to 0.0006107086016128103
Epoch 43: reducing lr to 0.0005821335438548085
Epoch 47: reducing lr to 0.0005382250566503886
Epoch 56: reducing lr to 0.00042143965043671785
Epoch 62: reducing lr to 0.00033626683774291524
Epoch 68: reducing lr to 0.0002514438239465375
Epoch 71: reducing lr to 0.0002108392391920025
Epoch 74: reducing lr to 0.00017230047447965979
Epoch 77: reducing lr to 0.00013643542269647005
Epoch 80: reducing lr to 0.00010380959099424522
Epoch 83: reducing lr to 7.493760435307974e-05
Epoch 86: reducing lr to 5.0274672392829065e-05
Epoch 89: reducing lr to 3.0209890351277912e-05
Epoch 92: reducing lr to 1.505959245555813e-05
Epoch 95: reducing lr to 5.062752590662828e-06
Epoch 98: reducing lr to 3.77000286309187e-07
[I 2024-06-22 15:45:29,750] Trial 482 finished with value: 2.5598151683807373 and parameters: {'hidden_size': 45, 'n_layers': 4, 'rnn_dropout': 0.6513086517790563, 'bidirectional': False, 'fc_dropout': 0.354873630896267, 'learning_rate_model': 0.006836629297312474}. Best is trial 346 with value: 1.8583240509033203.
[I 2024-06-22 15:45:35,870] Trial 483 finished with value: 4.518667697906494 and parameters: {'hidden_size': 106, 'n_layers': 1, 'rnn_dropout': 0.06434514717563769, 'bidirectional': False, 'fc_dropout': 0.5535337834214279, 'learning_rate_model': 0.0001180403062074297}. Best is trial 346 with value: 1.8583240509033203.
Epoch 15: reducing lr to 0.0024764888208188064
Epoch 19: reducing lr to 0.003117981312294512
Epoch 22: reducing lr to 0.0033898605348978645
Epoch 27: reducing lr to 0.0034351494568561035
Epoch 33: reducing lr to 0.0033296362013956055
Epoch 36: reducing lr to 0.0032383743867215936
Epoch 41: reducing lr to 0.0030340772470662343
Epoch 51: reducing lr to 0.002465130815733088
Epoch 54: reducing lr to 0.002264222184626058
Epoch 57: reducing lr to 0.002054791812349844
Epoch 64: reducing lr to 0.0015516838341923962
Epoch 67: reducing lr to 0.001338065125044255
Epoch 71: reducing lr to 0.0010632756683248118
Epoch 76: reducing lr to 0.0007466632928896582
Epoch 79: reducing lr to 0.0005763821928358514
Epoch 85: reducing lr to 0.00029251062834996234
Epoch 88: reducing lr to 0.00018339690185351158
Epoch 91: reducing lr to 9.857806437484698e-05
Epoch 94: reducing lr to 3.9391328751582634e-05
Epoch 97: reducing lr to 6.770279540888741e-06
[I 2024-06-22 15:46:20,795] Trial 484 finished with value: 2.55094838142395 and parameters: {'hidden_size': 146, 'n_layers': 5, 'rnn_dropout': 0.03463212869912598, 'bidirectional': False, 'fc_dropout': 0.06281833186728285, 'learning_rate_model': 0.03447755556815082}. Best is trial 346 with value: 1.8583240509033203.
[I 2024-06-22 15:47:40,282] Trial 485 finished with value: 4.122429847717285 and parameters: {'hidden_size': 188, 'n_layers': 6, 'rnn_dropout': 0.0939020832807584, 'bidirectional': False, 'fc_dropout': 0.7103840719521407, 'learning_rate_model': 2.416039983331099e-05}. Best is trial 346 with value: 1.8583240509033203.
Epoch 64: reducing lr to 0.00012099653242057294
Epoch 67: reducing lr to 0.00010433906490204545
Epoch 71: reducing lr to 8.291165122657168e-05
Epoch 79: reducing lr to 4.49448819052766e-05
Epoch 84: reducing lr to 2.6044015436683466e-05
Epoch 87: reducing lr to 1.6932514025934244e-05
Epoch 90: reducing lr to 9.67396779090234e-06
Epoch 93: reducing lr to 4.382811970907608e-06
Epoch 96: reducing lr to 1.142506843174445e-06
Epoch 99: reducing lr to 4.144365825823823e-09
