[I 2024-06-22 08:52:28,655] Trial 915 finished with value: 0.9730224609375 and parameters: {'hidden_size': 169, 'n_layers': 4, 'rnn_dropout': 0.10379812592241644, 'bidirectional': True, 'fc_dropout': 0.21266060041289375, 'learning_rate_model': 0.000791981657546176}. Best is trial 153 with value: 0.9688200950622559.
Epoch 18: reducing lr to 0.00015398462887414728
Epoch 23: reducing lr to 0.00013065586282519712
Epoch 27: reducing lr to 0.00010578391679439246
Epoch 36: reducing lr to 4.511447909623107e-05
Epoch 39: reducing lr to 2.7966020885821385e-05
Epoch 42: reducing lr to 1.4261814691077019e-05
Epoch 45: reducing lr to 4.862966143622123e-06
Epoch 48: reducing lr to 3.6002760372831796e-07
[I 2024-06-22 08:53:29,698] Trial 916 finished with value: 0.9743455648422241 and parameters: {'hidden_size': 178, 'n_layers': 4, 'rnn_dropout': 0.1011854997664057, 'bidirectional': True, 'fc_dropout': 0.18868067499515168, 'learning_rate_model': 0.001655614714831283}. Best is trial 153 with value: 0.9688200950622559.
Epoch 22: reducing lr to 7.648295492033438e-05
Epoch 27: reducing lr to 5.9429502789430305e-05
Epoch 32: reducing lr to 4.014158255507698e-05
Epoch 37: reducing lr to 2.1954274847004277e-05
Epoch 40: reducing lr to 1.290327628859511e-05
Epoch 43: reducing lr to 5.963703013667546e-06
Epoch 46: reducing lr to 1.5716040383550599e-06
Epoch 49: reducing lr to 2.9449596202521347e-09
[I 2024-06-22 08:54:36,481] Trial 917 finished with value: 0.9723662734031677 and parameters: {'hidden_size': 185, 'n_layers': 4, 'rnn_dropout': 0.12982154158645515, 'bidirectional': True, 'fc_dropout': 0.22766644235632388, 'learning_rate_model': 0.0009301258858142725}. Best is trial 153 with value: 0.9688200950622559.
Epoch 18: reducing lr to 0.00011682945576282452
Epoch 23: reducing lr to 9.912972130851957e-05
Epoch 26: reducing lr to 8.524643508491321e-05
Epoch 29: reducing lr to 6.995320124112726e-05
Epoch 32: reducing lr to 5.4210950217504064e-05
Epoch 35: reducing lr to 3.900883130617807e-05
Epoch 38: reducing lr to 2.530204330926976e-05
Epoch 41: reducing lr to 1.395182637866513e-05
Epoch 44: reducing lr to 5.671372915310997e-06
Epoch 47: reducing lr to 9.809646142903669e-07
[I 2024-06-22 08:55:47,100] Trial 918 finished with value: 0.9746934175491333 and parameters: {'hidden_size': 190, 'n_layers': 4, 'rnn_dropout': 0.09290861312617661, 'bidirectional': True, 'fc_dropout': 0.19994596068257245, 'learning_rate_model': 0.0012561290532755057}. Best is trial 153 with value: 0.9688200950622559.
[I 2024-06-22 08:56:52,624] Trial 919 finished with value: 0.9890604019165039 and parameters: {'hidden_size': 181, 'n_layers': 4, 'rnn_dropout': 0.7993418746549786, 'bidirectional': True, 'fc_dropout': 0.18061722162806065, 'learning_rate_model': 0.0007071469835922215}. Best is trial 153 with value: 0.9688200950622559.
Epoch 27: reducing lr to 6.705546259996354e-05
Epoch 36: reducing lr to 2.8597657918396538e-05
Epoch 39: reducing lr to 1.77274062485688e-05
Epoch 42: reducing lr to 9.040434601073687e-06
Epoch 45: reducing lr to 3.082590002810581e-06
Epoch 48: reducing lr to 2.2821822303746054e-07
[I 2024-06-22 08:57:52,270] Trial 920 finished with value: 0.9696143865585327 and parameters: {'hidden_size': 176, 'n_layers': 4, 'rnn_dropout': 0.11607469161878226, 'bidirectional': True, 'fc_dropout': 0.21014383973535808, 'learning_rate_model': 0.001049479107548071}. Best is trial 153 with value: 0.9688200950622559.
Epoch 18: reducing lr to 0.00013623267512176147
Epoch 23: reducing lr to 0.00011559334099227687
Epoch 27: reducing lr to 9.358873073971761e-05
Epoch 31: reducing lr to 6.932015738211193e-05
Epoch 36: reducing lr to 3.9913504477304476e-05
Epoch 39: reducing lr to 2.474198798699803e-05
Epoch 42: reducing lr to 1.2617656591192798e-05
Epoch 45: reducing lr to 4.302344276932066e-06
Epoch 48: reducing lr to 3.185222053148822e-07
[I 2024-06-22 08:58:20,057] Trial 921 finished with value: 0.9685981869697571 and parameters: {'hidden_size': 184, 'n_layers': 2, 'rnn_dropout': 0.16045930829107158, 'bidirectional': True, 'fc_dropout': 0.22523006702219253, 'learning_rate_model': 0.0014647489377446925}. Best is trial 921 with value: 0.9685981869697571.
Epoch 18: reducing lr to 0.0001930003850009404
Epoch 23: reducing lr to 0.0001637607078853489
Epoch 31: reducing lr to 9.820564010150809e-05
Epoch 34: reducing lr to 7.261437450002972e-05
Epoch 37: reducing lr to 4.897984969809855e-05
Epoch 40: reducing lr to 2.8787128594897118e-05
Epoch 43: reducing lr to 1.330498407663837e-05
Epoch 46: reducing lr to 3.5062387676202103e-06
Epoch 49: reducing lr to 6.570186470399031e-09
[I 2024-06-22 08:58:49,530] Trial 922 finished with value: 0.9687913656234741 and parameters: {'hidden_size': 187, 'n_layers': 2, 'rnn_dropout': 0.1445906619168636, 'bidirectional': True, 'fc_dropout': 0.21215745751903486, 'learning_rate_model': 0.002075105026468696}. Best is trial 921 with value: 0.9685981869697571.
Epoch 18: reducing lr to 0.00018005517668000614
Epoch 22: reducing lr to 0.00015918804403087773
Epoch 30: reducing lr to 9.972482888701649e-05
Epoch 36: reducing lr to 5.2752638778883506e-05
Epoch 39: reducing lr to 3.270084078163932e-05
Epoch 42: reducing lr to 1.6676427918517455e-05
Epoch 45: reducing lr to 5.686296317890293e-06
Epoch 48: reducing lr to 4.2098249853211865e-07
[I 2024-06-22 08:59:18,916] Trial 923 finished with value: 0.9714757204055786 and parameters: {'hidden_size': 188, 'n_layers': 2, 'rnn_dropout': 0.16544324266713106, 'bidirectional': True, 'fc_dropout': 0.21211845490046546, 'learning_rate_model': 0.0019359205017573898}. Best is trial 921 with value: 0.9685981869697571.
Epoch 23: reducing lr to 0.0002107515889305898
Epoch 27: reducing lr to 0.0001706324390321968
Epoch 30: reducing lr to 0.00013756787021087477
Epoch 33: reducing lr to 0.00010424952392248154
Epoch 36: reducing lr to 7.277092621574236e-05
Epoch 39: reducing lr to 4.5109979837937124e-05
Epoch 42: reducing lr to 2.3004709028628902e-05
Epoch 45: reducing lr to 7.844101439636111e-06
Epoch 48: reducing lr to 5.807346712495554e-07
[I 2024-06-22 08:59:47,592] Trial 924 finished with value: 0.9777686595916748 and parameters: {'hidden_size': 185, 'n_layers': 2, 'rnn_dropout': 0.15596776841697055, 'bidirectional': True, 'fc_dropout': 0.20340007179681635, 'learning_rate_model': 0.0026705531941905933}. Best is trial 921 with value: 0.9685981869697571.
Epoch 22: reducing lr to 0.00016471196528844835
Epoch 27: reducing lr to 0.00012798603572205698
Epoch 30: reducing lr to 0.00010318534067073893
Epoch 33: reducing lr to 7.819429510840285e-05
Epoch 36: reducing lr to 5.458318720051682e-05
Epoch 39: reducing lr to 3.383557970398636e-05
Epoch 42: reducing lr to 1.7255110037769915e-05
Epoch 45: reducing lr to 5.883614233933936e-06
Epoch 48: reducing lr to 4.3559084545205343e-07
[I 2024-06-22 09:00:16,223] Trial 925 finished with value: 0.9742096662521362 and parameters: {'hidden_size': 185, 'n_layers': 2, 'rnn_dropout': 0.13668836331445733, 'bidirectional': True, 'fc_dropout': 0.23261403090772143, 'learning_rate_model': 0.0020030981122225963}. Best is trial 921 with value: 0.9685981869697571.
Epoch 18: reducing lr to 0.00015158792451304908
Epoch 27: reducing lr to 0.00010413743573606306
Epoch 31: reducing lr to 7.713346871505227e-05
Epoch 36: reducing lr to 4.441229167928451e-05
Epoch 39: reducing lr to 2.7530741827712325e-05
Epoch 42: reducing lr to 1.4039835694100532e-05
Epoch 45: reducing lr to 4.78727617216517e-06
Epoch 48: reducing lr to 3.54423929294816e-07
[I 2024-06-22 09:00:44,006] Trial 926 finished with value: 0.9693102836608887 and parameters: {'hidden_size': 184, 'n_layers': 2, 'rnn_dropout': 0.1713846209051529, 'bidirectional': True, 'fc_dropout': 0.20695238767756788, 'learning_rate_model': 0.0016298457855794058}. Best is trial 921 with value: 0.9685981869697571.
Epoch 23: reducing lr to 0.00019432554059031567
Epoch 27: reducing lr to 0.00015733329046499505
Epoch 31: reducing lr to 0.00011653506111554193
Epoch 34: reducing lr to 8.616735822383648e-05
Epoch 37: reducing lr to 5.8121608617368174e-05
Epoch 40: reducing lr to 3.41600521790783e-05
Epoch 43: reducing lr to 1.5788269705382768e-05
Epoch 46: reducing lr to 4.16065460851294e-06
Epoch 49: reducing lr to 7.796467505058121e-09
[I 2024-06-22 09:01:12,541] Trial 927 finished with value: 0.9742059707641602 and parameters: {'hidden_size': 182, 'n_layers': 2, 'rnn_dropout': 0.16301325267046302, 'bidirectional': True, 'fc_dropout': 0.1919669056287609, 'learning_rate_model': 0.0024624093975737366}. Best is trial 921 with value: 0.9685981869697571.
Epoch 23: reducing lr to 0.0001843572124536245
Epoch 27: reducing lr to 0.00014926255585431992
Epoch 31: reducing lr to 0.00011055715556025449
Epoch 36: reducing lr to 6.365714808072504e-05
Epoch 39: reducing lr to 3.946043860907852e-05
Epoch 42: reducing lr to 2.0123615918366975e-05
Epoch 45: reducing lr to 6.861711852103975e-06
Epoch 48: reducing lr to 5.080038812993373e-07
[I 2024-06-22 09:01:39,442] Trial 928 finished with value: 0.9692915678024292 and parameters: {'hidden_size': 178, 'n_layers': 2, 'rnn_dropout': 0.16898976137297184, 'bidirectional': True, 'fc_dropout': 0.20178477521178625, 'learning_rate_model': 0.0023360950448266826}. Best is trial 921 with value: 0.9685981869697571.
Epoch 17: reducing lr to 0.0002574163785777477
Epoch 23: reducing lr to 0.00021385775189955731
Epoch 27: reducing lr to 0.00017314730578179446
Epoch 30: reducing lr to 0.0001395954147069188
Epoch 33: reducing lr to 0.00010578600586496003
Epoch 36: reducing lr to 7.384346074502295e-05
Epoch 39: reducing lr to 4.577483342036782e-05
Epoch 42: reducing lr to 2.3343764006383437e-05
Epoch 45: reducing lr to 7.959711753846534e-06
Epoch 48: reducing lr to 5.892938310631413e-07
[I 2024-06-22 09:02:07,217] Trial 929 finished with value: 0.9844703674316406 and parameters: {'hidden_size': 184, 'n_layers': 2, 'rnn_dropout': 0.1435775744181385, 'bidirectional': True, 'fc_dropout': 0.19026106398982617, 'learning_rate_model': 0.0027099131510029935}. Best is trial 921 with value: 0.9685981869697571.
Epoch 18: reducing lr to 0.00018233268788497817
Epoch 22: reducing lr to 0.00016120160765433427
Epoch 27: reducing lr to 0.00012525838471764977
Epoch 32: reducing lr to 8.46056176622327e-05
Epoch 35: reducing lr to 6.088006673373872e-05
Epoch 38: reducing lr to 3.948823980595207e-05
Epoch 41: reducing lr to 2.1774251946280365e-05
Epoch 44: reducing lr to 8.851163954285628e-06
Epoch 47: reducing lr to 1.5309659167352888e-06
[I 2024-06-22 09:02:34,612] Trial 930 finished with value: 0.97123122215271 and parameters: {'hidden_size': 179, 'n_layers': 2, 'rnn_dropout': 0.1788258253004505, 'bidirectional': True, 'fc_dropout': 0.20011165200306494, 'learning_rate_model': 0.001960407887879719}. Best is trial 921 with value: 0.9685981869697571.
Epoch 23: reducing lr to 0.00018837791447657396
Epoch 27: reducing lr to 0.00015251786793181753
Epoch 31: reducing lr to 0.000112968329894562
Epoch 34: reducing lr to 8.353007632889158e-05
Epoch 37: reducing lr to 5.634270916784023e-05
Epoch 40: reducing lr to 3.3114532286171366e-05
Epoch 43: reducing lr to 1.530504591037733e-05
Epoch 46: reducing lr to 4.03331150207061e-06
Epoch 49: reducing lr to 7.55784486396703e-09
[I 2024-06-22 09:03:03,187] Trial 931 finished with value: 0.9734845161437988 and parameters: {'hidden_size': 182, 'n_layers': 2, 'rnn_dropout': 0.15841851926780354, 'bidirectional': True, 'fc_dropout': 0.1784647120359607, 'learning_rate_model': 0.0023870436459013473}. Best is trial 921 with value: 0.9685981869697571.
Epoch 22: reducing lr to 0.0001746660972492173
Epoch 27: reducing lr to 0.00013572068867505888
Epoch 30: reducing lr to 0.00010942119910187788
Epoch 33: reducing lr to 8.29198554568892e-05
Epoch 36: reducing lr to 5.7881844024153205e-05
Epoch 39: reducing lr to 3.58803845531834e-05
Epoch 42: reducing lr to 1.829789792517542e-05
Epoch 45: reducing lr to 6.239182042188036e-06
Epoch 48: reducing lr to 4.6191515497588306e-07
[I 2024-06-22 09:03:31,861] Trial 932 finished with value: 0.9739771485328674 and parameters: {'hidden_size': 185, 'n_layers': 2, 'rnn_dropout': 0.1559961864379752, 'bidirectional': True, 'fc_dropout': 0.2004884795107033, 'learning_rate_model': 0.002124152480704649}. Best is trial 921 with value: 0.9685981869697571.
Epoch 18: reducing lr to 0.00023443661114479582
Epoch 23: reducing lr to 0.00019891932026522632
Epoch 27: reducing lr to 0.00016105258783439565
Epoch 30: reducing lr to 0.00012984436972237782
Epoch 33: reducing lr to 9.839662202244752e-05
Epoch 36: reducing lr to 6.868533353109793e-05
Epoch 39: reducing lr to 4.257736120554618e-05
Epoch 42: reducing lr to 2.1713151042392813e-05
Epoch 45: reducing lr to 7.40370848154215e-06
Epoch 48: reducing lr to 5.481303682955841e-07
[I 2024-06-22 09:03:59,263] Trial 933 finished with value: 0.9756819009780884 and parameters: {'hidden_size': 180, 'n_layers': 2, 'rnn_dropout': 0.17466711483584083, 'bidirectional': True, 'fc_dropout': 0.18248865607739245, 'learning_rate_model': 0.0025206197913671654}. Best is trial 921 with value: 0.9685981869697571.
Epoch 18: reducing lr to 0.00021915368716799358
Epoch 22: reducing lr to 0.00019375531126454793
Epoch 27: reducing lr to 0.00015055356874296152
Epoch 30: reducing lr to 0.00012137981454222609
Epoch 33: reducing lr to 9.198214568873861e-05
Epoch 36: reducing lr to 6.420773625842306e-05
Epoch 39: reducing lr to 3.980174279313315e-05
Epoch 42: reducing lr to 2.0297670605880443e-05
Epoch 45: reducing lr to 6.9210606846930015e-06
Epoch 48: reducing lr to 5.123977465556519e-07
[I 2024-06-22 09:04:25,955] Trial 934 finished with value: 0.9777058959007263 and parameters: {'hidden_size': 173, 'n_layers': 2, 'rnn_dropout': 0.15312332948066862, 'bidirectional': True, 'fc_dropout': 0.2097294360237519, 'learning_rate_model': 0.0023563005732306483}. Best is trial 921 with value: 0.9685981869697571.
Epoch 23: reducing lr to 0.000162101336901919
Epoch 31: reducing lr to 9.721053210705748e-05
Epoch 36: reducing lr to 5.5972362946444e-05
Epoch 39: reducing lr to 3.469671605539602e-05
Epoch 42: reducing lr to 1.7694263220044113e-05
Epoch 45: reducing lr to 6.033355841402691e-06
Epoch 48: reducing lr to 4.466769008600567e-07
[I 2024-06-22 09:04:52,843] Trial 935 finished with value: 0.9669202566146851 and parameters: {'hidden_size': 178, 'n_layers': 2, 'rnn_dropout': 0.1792242756195256, 'bidirectional': True, 'fc_dropout': 0.1767009352692203, 'learning_rate_model': 0.002054078193396489}. Best is trial 935 with value: 0.9669202566146851.
Epoch 18: reducing lr to 0.0001731812153411343
Epoch 23: reducing lr to 0.0001469441546273134
Epoch 31: reducing lr to 8.812092320981818e-05
Epoch 36: reducing lr to 5.0738702794504885e-05
Epoch 39: reducing lr to 3.145242171684855e-05
Epoch 42: reducing lr to 1.603977240604588e-05
Epoch 45: reducing lr to 5.469210745726971e-06
Epoch 48: reducing lr to 4.0491066170627275e-07
[I 2024-06-22 09:05:19,636] Trial 936 finished with value: 0.9705429077148438 and parameters: {'hidden_size': 177, 'n_layers': 2, 'rnn_dropout': 0.17594821293887053, 'bidirectional': True, 'fc_dropout': 0.17436677119696398, 'learning_rate_model': 0.001862012920039483}. Best is trial 935 with value: 0.9669202566146851.
Epoch 18: reducing lr to 0.00021165944419548736
Epoch 22: reducing lr to 0.00018712959851203097
Epoch 27: reducing lr to 0.00014540519529272257
Epoch 30: reducing lr to 0.00011722907524191084
Epoch 33: reducing lr to 8.883669758867788e-05
Epoch 36: reducing lr to 6.20120699091439e-05
Epoch 39: reducing lr to 3.844067086650714e-05
Epoch 42: reducing lr to 1.9603565581857934e-05
Epoch 45: reducing lr to 6.6843860885736855e-06
Epoch 48: reducing lr to 4.948756447791404e-07
[I 2024-06-22 09:05:46,330] Trial 937 finished with value: 0.9770902991294861 and parameters: {'hidden_size': 173, 'n_layers': 2, 'rnn_dropout': 0.17319953633386248, 'bidirectional': True, 'fc_dropout': 0.1776544256715147, 'learning_rate_model': 0.002275723836237354}. Best is trial 935 with value: 0.9669202566146851.
Epoch 18: reducing lr to 0.00025861004495874755
Epoch 23: reducing lr to 0.0002194304639780903
Epoch 27: reducing lr to 0.00017765918376482328
Epoch 30: reducing lr to 0.00014323299644868534
Epoch 33: reducing lr to 0.00010854258095932606
Epoch 36: reducing lr to 7.576767598603857e-05
Epoch 39: reducing lr to 4.6967635480750154e-05
Epoch 42: reducing lr to 2.3952056548885715e-05
Epoch 45: reducing lr to 8.167126175060227e-06
Epoch 48: reducing lr to 6.046496683943108e-07
[I 2024-06-22 09:06:10,354] Trial 938 finished with value: 0.9837661981582642 and parameters: {'hidden_size': 168, 'n_layers': 2, 'rnn_dropout': 0.14666765228125522, 'bidirectional': True, 'fc_dropout': 0.18550748760354763, 'learning_rate_model': 0.002780528153799163}. Best is trial 935 with value: 0.9669202566146851.
Epoch 23: reducing lr to 0.00019251442554138535
Epoch 27: reducing lr to 0.00015586694337961827
Epoch 30: reducing lr to 0.00012566358166495606
Epoch 33: reducing lr to 9.522840284496865e-05
Epoch 36: reducing lr to 6.647377193038453e-05
Epoch 39: reducing lr to 4.1206435969240016e-05
Epoch 42: reducing lr to 2.1014021132015292e-05
Epoch 45: reducing lr to 7.165320509337856e-06
Epoch 48: reducing lr to 5.304814174586936e-07
[I 2024-06-22 09:06:39,005] Trial 939 finished with value: 0.9752024412155151 and parameters: {'hidden_size': 185, 'n_layers': 2, 'rnn_dropout': 0.1693117088173086, 'bidirectional': True, 'fc_dropout': 0.16813531691293027, 'learning_rate_model': 0.0024394597291821}. Best is trial 935 with value: 0.9669202566146851.
Epoch 18: reducing lr to 0.00019742559241179523
Epoch 23: reducing lr to 0.00016751549364983094
Epoch 31: reducing lr to 0.00010045734714531955
Epoch 34: reducing lr to 7.427931246463819e-05
Epoch 37: reducing lr to 5.010288369549458e-05
Epoch 40: reducing lr to 2.9447173987007335e-05
Epoch 43: reducing lr to 1.361004727191105e-05
Epoch 46: reducing lr to 3.586631528383968e-06
Epoch 49: reducing lr to 6.72083092559915e-09
[I 2024-06-22 09:07:05,817] Trial 940 finished with value: 0.9717551469802856 and parameters: {'hidden_size': 177, 'n_layers': 2, 'rnn_dropout': 0.20486243609414412, 'bidirectional': True, 'fc_dropout': 0.1913143090213954, 'learning_rate_model': 0.0021226840514607273}. Best is trial 935 with value: 0.9669202566146851.
Epoch 16: reducing lr to 0.00033191773029959135
Epoch 23: reducing lr to 0.0002709951293897883
Epoch 27: reducing lr to 0.0002194078826558906
Epoch 30: reducing lr to 0.0001768917756532394
Epoch 33: reducing lr to 0.0001340493486552128
Epoch 36: reducing lr to 9.357256410600411e-05
Epoch 39: reducing lr to 5.800471011859669e-05
Epoch 42: reducing lr to 2.958062680059278e-05
Epoch 45: reducing lr to 1.0086345234060863e-05
Epoch 48: reducing lr to 7.467382247269144e-07
[I 2024-06-22 09:07:35,281] Trial 941 finished with value: 0.9969538450241089 and parameters: {'hidden_size': 187, 'n_layers': 2, 'rnn_dropout': 0.1979019214235514, 'bidirectional': True, 'fc_dropout': 0.17148305408821943, 'learning_rate_model': 0.0034339333433938777}. Best is trial 935 with value: 0.9669202566146851.
Epoch 18: reducing lr to 0.00020387674082795524
Epoch 23: reducing lr to 0.00017298928911038748
Epoch 27: reducing lr to 0.00014005865615121296
Epoch 31: reducing lr to 0.0001037399269163171
Epoch 34: reducing lr to 7.67064895246427e-05
Epoch 37: reducing lr to 5.174006322652043e-05
Epoch 40: reducing lr to 3.0409400249094125e-05
Epoch 43: reducing lr to 1.4054773985552708e-05
Epoch 46: reducing lr to 3.70382956750865e-06
Epoch 49: reducing lr to 6.940443171695939e-09
[I 2024-06-22 09:08:03,871] Trial 942 finished with value: 0.9721970558166504 and parameters: {'hidden_size': 182, 'n_layers': 2, 'rnn_dropout': 0.1616480970621773, 'bidirectional': True, 'fc_dropout': 0.19121978753586408, 'learning_rate_model': 0.0021920456255570897}. Best is trial 935 with value: 0.9669202566146851.
Epoch 18: reducing lr to 0.00022831026436019252
Epoch 23: reducing lr to 0.00019372111878913662
Epoch 27: reducing lr to 0.00015684392776712527
Epoch 30: reducing lr to 0.00012645124936859392
Epoch 33: reducing lr to 9.582530081967372e-05
Epoch 36: reducing lr to 6.689043396241345e-05
Epoch 39: reducing lr to 4.1464720655741545e-05
Epoch 42: reducing lr to 2.1145738416768332e-05
Epoch 45: reducing lr to 7.210233215761141e-06
Epoch 48: reducing lr to 5.338065103326507e-07
[I 2024-06-22 09:08:30,558] Trial 943 finished with value: 0.9744445085525513 and parameters: {'hidden_size': 174, 'n_layers': 2, 'rnn_dropout': 0.18532120655136558, 'bidirectional': True, 'fc_dropout': 0.1632898484098598, 'learning_rate_model': 0.002454750425321296}. Best is trial 935 with value: 0.9669202566146851.
Epoch 23: reducing lr to 0.00015138370476454723
Epoch 31: reducing lr to 9.078327652167017e-05
Epoch 36: reducing lr to 5.22716458062614e-05
Epoch 39: reducing lr to 3.240267797919201e-05
Epoch 42: reducing lr to 1.6524374015188232e-05
Epoch 45: reducing lr to 5.634449270378299e-06
Epoch 48: reducing lr to 4.17144024702598e-07
[I 2024-06-22 09:08:57,472] Trial 944 finished with value: 0.9664796590805054 and parameters: {'hidden_size': 178, 'n_layers': 2, 'rnn_dropout': 0.16676884787168744, 'bidirectional': True, 'fc_dropout': 0.17832748876209184, 'learning_rate_model': 0.0019182689836825613}. Best is trial 944 with value: 0.9664796590805054.
Epoch 18: reducing lr to 0.0002543430201048908
Epoch 23: reducing lr to 0.0002158098960158629
Epoch 27: reducing lr to 0.00017472783532179848
Epoch 30: reducing lr to 0.00014086967465336836
Epoch 33: reducing lr to 0.00010675164553479884
Epoch 36: reducing lr to 7.451752131164085e-05
Epoch 39: reducing lr to 4.6192676921212335e-05
Epoch 42: reducing lr to 2.3556851402808033e-05
Epoch 45: reducing lr to 8.032369884448552e-06
Epoch 48: reducing lr to 5.946730444649374e-07
