[I 2024-06-22 10:52:13,077] Trial 95 finished with value: 1.8877421617507935 and parameters: {'hidden_size': 156, 'n_layers': 6, 'rnn_dropout': 0.14123922742166642, 'bidirectional': True, 'fc_dropout': 0.6881895979384922, 'learning_rate_model': 0.0017203437921322648}. Best is trial 13 with value: 1.8697621822357178.
Epoch 10: reducing lr to 0.002303806448767065
Epoch 13: reducing lr to 0.0032823175029060895
Epoch 17: reducing lr to 0.004465106406486249
Epoch 22: reducing lr to 0.005348793075958391
Epoch 28: reducing lr to 0.005404135219930219
Epoch 33: reducing lr to 0.005253766305763906
Epoch 36: reducing lr to 0.005109766115371867
Epoch 40: reducing lr to 0.004859621428345329
Epoch 46: reducing lr to 0.004374702234512565
Epoch 49: reducing lr to 0.004091070862985821
Epoch 52: reducing lr to 0.0037858184620976594
Epoch 55: reducing lr to 0.0034637585526206285
Epoch 58: reducing lr to 0.003129971419909898
Epoch 61: reducing lr to 0.002789719609734949
Epoch 66: reducing lr to 0.0022228551379105295
Epoch 69: reducing lr to 0.0018916081525469925
Epoch 72: reducing lr to 0.0015734279462736283
Epoch 75: reducing lr to 0.0012733309686329068
Epoch 78: reducing lr to 0.0009960508123974011
Epoch 84: reducing lr to 0.0005270019492359488
Epoch 87: reducing lr to 0.0003426302644777085
Epoch 90: reducing lr to 0.00019575321996893048
Epoch 93: reducing lr to 8.868641847561004e-05
Epoch 96: reducing lr to 2.3118682863330214e-05
Epoch 99: reducing lr to 8.38614488567202e-08
[I 2024-06-22 10:53:18,014] Trial 96 finished with value: 2.4699811935424805 and parameters: {'hidden_size': 90, 'n_layers': 6, 'rnn_dropout': 0.573543201353976, 'bidirectional': True, 'fc_dropout': 0.0030349379274740686, 'learning_rate_model': 0.054401444720336284}. Best is trial 13 with value: 1.8697621822357178.
Epoch 10: reducing lr to 0.0005106527295766145
Epoch 13: reducing lr to 0.0007275456638699436
Epoch 37: reducing lr to 0.0011200862241985085
Epoch 45: reducing lr to 0.0009893967489233472
Epoch 50: reducing lr to 0.0008847382502141759
Epoch 53: reducing lr to 0.0008157136354931049
Epoch 56: reducing lr to 0.0007433330838991534
Epoch 62: reducing lr to 0.0005931057157375618
Epoch 65: reducing lr to 0.0005176280237684232
Epoch 68: reducing lr to 0.0004434953210688486
Epoch 71: reducing lr to 0.000371877163700988
Epoch 77: reducing lr to 0.0002406440955447786
Epoch 80: reducing lr to 0.00018309882169866912
Epoch 83: reducing lr to 0.0001321745604289163
Epoch 86: reducing lr to 8.867420811747452e-05
Epoch 89: reducing lr to 5.3284048939867404e-05
Epoch 92: reducing lr to 2.6562031575942843e-05
Epoch 95: reducing lr to 8.929656932697531e-06
Epoch 98: reducing lr to 6.649511624325436e-07
[I 2024-06-22 10:54:30,112] Trial 97 finished with value: 2.4616360664367676 and parameters: {'hidden_size': 174, 'n_layers': 6, 'rnn_dropout': 0.41335102633723075, 'bidirectional': False, 'fc_dropout': 0.2999007548294875, 'learning_rate_model': 0.01205841152767771}. Best is trial 13 with value: 1.8697621822357178.
Epoch 6: reducing lr to 0.0008046553946264516
Epoch 10: reducing lr to 0.0016311802940433776
Epoch 13: reducing lr to 0.002324002362437793
Epoch 22: reducing lr to 0.0037871436062210397
Epoch 26: reducing lr to 0.003845798658852604
Epoch 29: reducing lr to 0.0038115816073055935
Epoch 32: reducing lr to 0.0037476267238034933
Epoch 40: reducing lr to 0.0034407919617857247
Epoch 43: reducing lr to 0.0032797972929999226
Epoch 46: reducing lr to 0.0030974512121291196
Epoch 49: reducing lr to 0.0028966296959576894
Epoch 52: reducing lr to 0.0026804996901993172
Epoch 55: reducing lr to 0.002452469345844012
Epoch 58: reducing lr to 0.002216135693086694
Epoch 61: reducing lr to 0.001975224809246174
Epoch 64: reducing lr to 0.001733537250586428
Epoch 67: reducing lr to 0.0014948829696238186
Epoch 70: reducing lr to 0.0012630272806360976
Epoch 73: reducing lr to 0.0010416259617251344
Epoch 76: reducing lr to 0.0008341703402120097
Epoch 79: reducing lr to 0.0006439327263956969
Epoch 82: reducing lr to 0.0004739127180965766
Epoch 85: reducing lr to 0.0003267921333349591
Epoch 88: reducing lr to 0.00020489055437680482
Epoch 91: reducing lr to 0.00011013116391294167
Epoch 94: reducing lr to 4.4007892739635764e-05
Epoch 97: reducing lr to 7.563739160253851e-06
[I 2024-06-22 10:56:32,278] Trial 98 finished with value: 2.4693679809570312 and parameters: {'hidden_size': 154, 'n_layers': 5, 'rnn_dropout': 0.3214927391742699, 'bidirectional': True, 'fc_dropout': 0.6199173173796783, 'learning_rate_model': 0.03851823778112661}. Best is trial 13 with value: 1.8697621822357178.
[I 2024-06-22 10:56:36,719] Trial 99 finished with value: 4.622625350952148 and parameters: {'hidden_size': 60, 'n_layers': 1, 'rnn_dropout': 0.1762271902349821, 'bidirectional': False, 'fc_dropout': 0.4345331441904756, 'learning_rate_model': 0.00014023182899556565}. Best is trial 13 with value: 1.8697621822357178.
Epoch 23: reducing lr to 0.002044127394004683
Epoch 27: reducing lr to 0.0020462119326507236
Epoch 39: reducing lr to 0.0018604101820686447
Epoch 42: reducing lr to 0.0017786758156610623
Epoch 47: reducing lr to 0.001616826144754814
Epoch 55: reducing lr to 0.0013076111670218466
Epoch 66: reducing lr to 0.0008391549690449935
Epoch 73: reducing lr to 0.0005553756428066228
Epoch 92: reducing lr to 4.523896186296415e-05
Epoch 97: reducing lr to 4.032845428689549e-06
[I 2024-06-22 10:56:43,935] Trial 100 finished with value: 2.0307247638702393 and parameters: {'hidden_size': 41, 'n_layers': 3, 'rnn_dropout': 0.4910968717930021, 'bidirectional': False, 'fc_dropout': 0.35529368561329155, 'learning_rate_model': 0.020537209952065802}. Best is trial 13 with value: 1.8697621822357178.
Epoch 36: reducing lr to 0.0003021433202927398
Epoch 39: reducing lr to 0.00029140008457029666
Epoch 42: reducing lr to 0.00027859785336718324
Epoch 47: reducing lr to 0.00025324698814169113
Epoch 56: reducing lr to 0.00019829682924983692
Epoch 62: reducing lr to 0.00015822110624188186
Epoch 68: reducing lr to 0.00011830997147844186
Epoch 71: reducing lr to 9.920460158387478e-05
Epoch 74: reducing lr to 8.10712464575977e-05
Epoch 77: reducing lr to 6.419593336800594e-05
Epoch 80: reducing lr to 4.884474614230026e-05
Epoch 83: reducing lr to 3.525982740208685e-05
Epoch 86: reducing lr to 2.365536350635634e-05
Epoch 89: reducing lr to 1.4214432511122166e-05
Epoch 92: reducing lr to 7.085876781260173e-06
Epoch 95: reducing lr to 2.382138901654146e-06
Epoch 98: reducing lr to 1.7738710945663234e-07
[I 2024-06-22 10:56:59,945] Trial 101 finished with value: 2.563401699066162 and parameters: {'hidden_size': 94, 'n_layers': 3, 'rnn_dropout': 0.5399772838472842, 'bidirectional': False, 'fc_dropout': 0.25181254985921314, 'learning_rate_model': 0.0032167877678542485}. Best is trial 13 with value: 1.8697621822357178.
Epoch 38: reducing lr to 4.950486981437437e-05
Epoch 49: reducing lr to 4.0565104280472944e-05
Epoch 63: reducing lr to 2.5403002668839854e-05
Epoch 69: reducing lr to 1.875628277674433e-05
Epoch 81: reducing lr to 7.396578344548887e-06
Epoch 84: reducing lr to 5.225499567897087e-06
Epoch 87: reducing lr to 3.397358020349806e-06
Epoch 90: reducing lr to 1.9409954134802163e-06
Epoch 93: reducing lr to 8.793721581002302e-07
Epoch 96: reducing lr to 2.2923381495615044e-07
Epoch 99: reducing lr to 8.315300643576065e-10
[I 2024-06-22 10:57:47,900] Trial 102 finished with value: 2.5206785202026367 and parameters: {'hidden_size': 178, 'n_layers': 4, 'rnn_dropout': 0.6275659350335385, 'bidirectional': False, 'fc_dropout': 0.10547278002200172, 'learning_rate_model': 0.0005394187370487681}. Best is trial 13 with value: 1.8697621822357178.
[I 2024-06-22 11:00:29,616] Trial 103 finished with value: 2.194577217102051 and parameters: {'hidden_size': 184, 'n_layers': 5, 'rnn_dropout': 0.6134196697896818, 'bidirectional': True, 'fc_dropout': 0.67431987215428, 'learning_rate_model': 1.8673586483652047e-05}. Best is trial 13 with value: 1.8697621822357178.
Epoch 13: reducing lr to 0.00038324306191590043
Epoch 18: reducing lr to 0.0005496198094206968
Epoch 30: reducing lr to 0.0006255772473818252
Epoch 41: reducing lr to 0.0005589774813252963
Epoch 47: reducing lr to 0.000500064501819911
Epoch 61: reducing lr to 0.00032572738139289073
Epoch 70: reducing lr to 0.00020828138995803106
Epoch 73: reducing lr to 0.00017177087656825496
Epoch 77: reducing lr to 0.00012676205025812602
Epoch 80: reducing lr to 9.644941416836663e-05
Epoch 83: reducing lr to 6.962447274680098e-05
Epoch 86: reducing lr to 4.671016091435838e-05
Epoch 92: reducing lr to 1.3991856205593321e-05
Epoch 95: reducing lr to 4.7037996852900344e-06
Epoch 98: reducing lr to 3.5027068701048296e-07
[I 2024-06-22 11:01:17,986] Trial 104 finished with value: 2.4865636825561523 and parameters: {'hidden_size': 122, 'n_layers': 7, 'rnn_dropout': 0.41428803853785756, 'bidirectional': False, 'fc_dropout': 0.20131131388468226, 'learning_rate_model': 0.006351907220679005}. Best is trial 13 with value: 1.8697621822357178.
[I 2024-06-22 11:03:09,390] Trial 105 finished with value: 2.646353244781494 and parameters: {'hidden_size': 115, 'n_layers': 7, 'rnn_dropout': 0.49946936192214075, 'bidirectional': True, 'fc_dropout': 0.7914720449333105, 'learning_rate_model': 2.0457769512926938e-05}. Best is trial 13 with value: 1.8697621822357178.
[I 2024-06-22 11:03:35,790] Trial 106 finished with value: 2.739777088165283 and parameters: {'hidden_size': 75, 'n_layers': 7, 'rnn_dropout': 0.007151281896996054, 'bidirectional': False, 'fc_dropout': 0.351864651366858, 'learning_rate_model': 0.00010543402232135162}. Best is trial 13 with value: 1.8697621822357178.
Epoch 5: reducing lr to 0.00044229977233337916
Epoch 13: reducing lr to 0.001612056063395877
Epoch 19: reducing lr to 0.0024162787075433768
Epoch 25: reducing lr to 0.0026709112521142954
Epoch 29: reducing lr to 0.002643922975508445
Epoch 32: reducing lr to 0.0025995603451601733
Epoch 35: reducing lr to 0.0025352695409004682
Epoch 38: reducing lr to 0.0024520644498900426
Epoch 41: reducing lr to 0.002351257276693868
Epoch 44: reducing lr to 0.0022344378111730234
Epoch 52: reducing lr to 0.0018593422486816614
Epoch 55: reducing lr to 0.0017011678400848378
Epoch 58: reducing lr to 0.001537233799367128
Epoch 61: reducing lr to 0.0013701247390192747
Epoch 73: reducing lr to 0.0007225291482183295
Epoch 79: reducing lr to 0.0004466672120403265
Epoch 84: reducing lr to 0.0002588283086371379
Epoch 87: reducing lr to 0.0001682771989197248
Epoch 90: reducing lr to 9.614096287174738e-05
Epoch 93: reducing lr to 4.355687057022682e-05
Epoch 96: reducing lr to 1.135435948976908e-05
Epoch 99: reducing lr to 4.118716638301656e-08
[I 2024-06-22 11:05:22,311] Trial 107 finished with value: 1.8980700969696045 and parameters: {'hidden_size': 164, 'n_layers': 4, 'rnn_dropout': 0.10747088692455692, 'bidirectional': True, 'fc_dropout': 0.3932361200135483, 'learning_rate_model': 0.026718371620438223}. Best is trial 13 with value: 1.8697621822357178.
[I 2024-06-22 11:06:21,636] Trial 108 finished with value: 1.9260743856430054 and parameters: {'hidden_size': 93, 'n_layers': 5, 'rnn_dropout': 0.31839251152633796, 'bidirectional': True, 'fc_dropout': 0.7719911392887311, 'learning_rate_model': 0.0001502667013784738}. Best is trial 13 with value: 1.8697621822357178.
Epoch 48: reducing lr to 8.217531798686016e-05
Epoch 51: reducing lr to 7.631733505582513e-05
Epoch 54: reducing lr to 7.009745770978555e-05
Epoch 57: reducing lr to 6.361375802542744e-05
Epoch 60: reducing lr to 5.696851657138191e-05
Epoch 66: reducing lr to 4.361344782250978e-05
Epoch 69: reducing lr to 3.711422847792568e-05
Epoch 72: reducing lr to 3.087138539391662e-05
Epoch 80: reducing lr to 1.620746682421376e-05
Epoch 83: reducing lr to 1.1699773834056683e-05
[I 2024-06-22 11:06:30,687] Trial 109 finished with value: 1.8846545219421387 and parameters: {'hidden_size': 35, 'n_layers': 2, 'rnn_dropout': 0.011273835353954365, 'bidirectional': True, 'fc_dropout': 0.6356626809478018, 'learning_rate_model': 0.0010673815537119522}. Best is trial 13 with value: 1.8697621822357178.
Epoch 84: reducing lr to 1.877075070451522e-06
Epoch 87: reducing lr to 1.2203801689267996e-06
[I 2024-06-22 11:07:22,818] Trial 110 finished with value: 2.5718979835510254 and parameters: {'hidden_size': 162, 'n_layers': 5, 'rnn_dropout': 0.6222787814873403, 'bidirectional': False, 'fc_dropout': 0.14383543815437952, 'learning_rate_model': 0.0001937670170464033}. Best is trial 13 with value: 1.8697621822357178.
Epoch 10: reducing lr to 0.0036041207781693473
Epoch 14: reducing lr to 0.005633551972739072
Epoch 17: reducing lr to 0.00698530155819582
Epoch 25: reducing lr to 0.008507721239320556
Epoch 28: reducing lr to 0.008454336971150906
Epoch 32: reducing lr to 0.008280445388781591
Epoch 37: reducing lr to 0.007905423392766618
Epoch 40: reducing lr to 0.007602488730470295
Epoch 43: reducing lr to 0.007246768254282411
Epoch 51: reducing lr to 0.006085093888854285
Epoch 54: reducing lr to 0.005589157577659416
Epoch 57: reducing lr to 0.005072185630229728
Epoch 62: reducing lr to 0.004186063267522465
Epoch 73: reducing lr to 0.002301490390389888
Epoch 77: reducing lr to 0.0016984348357753794
Epoch 80: reducing lr to 0.0012922877515795018
Epoch 85: reducing lr to 0.0007220528118171921
Epoch 88: reducing lr to 0.00045270918670161503
Epoch 91: reducing lr to 0.0002433366916165372
Epoch 94: reducing lr to 9.723619222569562e-05
Epoch 97: reducing lr to 1.6712211131825194e-05
[I 2024-06-22 11:07:31,874] Trial 111 finished with value: 2.525477409362793 and parameters: {'hidden_size': 47, 'n_layers': 3, 'rnn_dropout': 0.19313499837247905, 'bidirectional': False, 'fc_dropout': 0.256255460657625, 'learning_rate_model': 0.08510670563663286}. Best is trial 13 with value: 1.8697621822357178.
Epoch 37: reducing lr to 5.008588932927351e-05
Epoch 45: reducing lr to 4.424196548330673e-05
Epoch 48: reducing lr to 4.151219857073985e-05
Epoch 51: reducing lr to 3.855294320532692e-05
Epoch 61: reducing lr to 2.765057435770576e-05
Epoch 65: reducing lr to 2.314630726821712e-05
Epoch 68: reducing lr to 1.9831381807235117e-05
Epoch 71: reducing lr to 1.6628897010620527e-05
Epoch 74: reducing lr to 1.3589343501634082e-05
Epoch 77: reducing lr to 1.0760665810191074e-05
Epoch 80: reducing lr to 8.18746550202607e-06
Epoch 83: reducing lr to 5.910331064490289e-06
Epoch 86: reducing lr to 3.965164893721324e-06
Epoch 89: reducing lr to 2.3826549425937916e-06
Epoch 92: reducing lr to 1.1877505009271253e-06
Epoch 95: reducing lr to 3.992994460756878e-07
Epoch 98: reducing lr to 2.9734023695190785e-08
[I 2024-06-22 11:08:28,444] Trial 112 finished with value: 1.8825068473815918 and parameters: {'hidden_size': 133, 'n_layers': 3, 'rnn_dropout': 0.6859875992668774, 'bidirectional': True, 'fc_dropout': 0.6342845423815101, 'learning_rate_model': 0.0005392051542230778}. Best is trial 13 with value: 1.8697621822357178.
Epoch 38: reducing lr to 0.00013778674135556584
Epoch 49: reducing lr to 0.00011290472134384136
Epoch 53: reducing lr to 0.00010156244677661061
Epoch 56: reducing lr to 9.255052690784612e-05
Epoch 63: reducing lr to 7.070409378937218e-05
Epoch 66: reducing lr to 6.134600165550447e-05
Epoch 69: reducing lr to 5.220430017171202e-05
Epoch 72: reducing lr to 4.3423213573715185e-05
Epoch 80: reducing lr to 2.279717234638331e-05
Epoch 83: reducing lr to 1.6456721053423156e-05
Epoch 86: reducing lr to 1.1040601934948574e-05
Epoch 89: reducing lr to 6.634262502215257e-06
Epoch 92: reducing lr to 3.307171537692347e-06
Epoch 95: reducing lr to 1.111809055897705e-06
Epoch 98: reducing lr to 8.279139161720267e-08
[I 2024-06-22 11:08:41,415] Trial 113 finished with value: 2.5649518966674805 and parameters: {'hidden_size': 82, 'n_layers': 3, 'rnn_dropout': 0.5578951004905116, 'bidirectional': False, 'fc_dropout': 0.23623103551987823, 'learning_rate_model': 0.001501362396927331}. Best is trial 13 with value: 1.8697621822357178.
Epoch 38: reducing lr to 5.587155658872856e-05
Epoch 45: reducing lr to 4.9951582760944295e-05
Epoch 53: reducing lr to 4.118285937052474e-05
Epoch 58: reducing lr to 3.502666710709751e-05
Epoch 65: reducing lr to 2.6133438478334478e-05
Epoch 71: reducing lr to 1.8774928197135486e-05
Epoch 74: reducing lr to 1.5343107142129613e-05
Epoch 81: reducing lr to 8.347832184793101e-06
Epoch 84: reducing lr to 5.897536866713768e-06
Epoch 87: reducing lr to 3.834283002821458e-06
Epoch 90: reducing lr to 2.1906215588356767e-06
Epoch 93: reducing lr to 9.924658216065658e-07
Epoch 96: reducing lr to 2.587149529409221e-07
Epoch 99: reducing lr to 9.384708861913914e-10
[I 2024-06-22 11:09:15,766] Trial 114 finished with value: 2.57090425491333 and parameters: {'hidden_size': 106, 'n_layers': 6, 'rnn_dropout': 0.7107091475163088, 'bidirectional': False, 'fc_dropout': 0.7185640368137097, 'learning_rate_model': 0.0006087919149176257}. Best is trial 13 with value: 1.8697621822357178.
Epoch 39: reducing lr to 4.2069089655949534e-05
Epoch 45: reducing lr to 3.81044964787664e-05
Epoch 48: reducing lr to 3.575341662570235e-05
Epoch 57: reducing lr to 2.767752227223997e-05
Epoch 65: reducing lr to 1.9935334566702516e-05
Epoch 68: reducing lr to 1.7080272315839765e-05
Epoch 72: reducing lr to 1.3431739977906917e-05
Epoch 75: reducing lr to 1.0869929263045662e-05
Epoch 78: reducing lr to 8.502896842902649e-06
Epoch 81: reducing lr to 6.367965227710198e-06
Epoch 86: reducing lr to 3.415097183861359e-06
Epoch 89: reducing lr to 2.0521210095070696e-06
Epoch 92: reducing lr to 1.0229797497877253e-06
Epoch 95: reducing lr to 3.4390660927360937e-07
Epoch 98: reducing lr to 2.5609169683482332e-08
[I 2024-06-22 11:10:13,056] Trial 115 finished with value: 1.8706156015396118 and parameters: {'hidden_size': 186, 'n_layers': 2, 'rnn_dropout': 0.4870649393550366, 'bidirectional': True, 'fc_dropout': 0.01101401004617344, 'learning_rate_model': 0.00046440389064944195}. Best is trial 13 with value: 1.8697621822357178.
Epoch 15: reducing lr to 0.0005289116844569085
Epoch 22: reducing lr to 0.0007239834197975602
Epoch 42: reducing lr to 0.0006377325936228299
Epoch 54: reducing lr to 0.00048357721609230356
Epoch 73: reducing lr to 0.00019912630846131957
Epoch 81: reducing lr to 0.00010096900822019993
Epoch 84: reducing lr to 7.133210577219013e-05
Epoch 87: reducing lr to 4.637656141862753e-05
Epoch 97: reducing lr to 1.4459503818925467e-06
[I 2024-06-22 11:10:52,849] Trial 116 finished with value: 2.088345527648926 and parameters: {'hidden_size': 189, 'n_layers': 3, 'rnn_dropout': 0.62379543638608, 'bidirectional': False, 'fc_dropout': 0.1156781766704774, 'learning_rate_model': 0.007363482458797472}. Best is trial 13 with value: 1.8697621822357178.
Epoch 14: reducing lr to 2.034731048067216e-05
Epoch 55: reducing lr to 1.9571569958901106e-05
Epoch 58: reducing lr to 1.7685544094226878e-05
Epoch 61: reducing lr to 1.576299031187867e-05
Epoch 65: reducing lr to 1.3195205730798655e-05
Epoch 68: reducing lr to 1.1305438912573515e-05
Epoch 71: reducing lr to 9.479772068553462e-06
Epoch 74: reducing lr to 7.746988803556372e-06
Epoch 77: reducing lr to 6.134421250028599e-06
Epoch 80: reducing lr to 4.667495789334707e-06
Epoch 83: reducing lr to 3.3693510342432597e-06
Epoch 86: reducing lr to 2.2604541589680292e-06
Epoch 89: reducing lr to 1.3582996971702723e-06
Epoch 92: reducing lr to 6.77110695670801e-07
Epoch 95: reducing lr to 2.276319189107711e-07
Epoch 98: reducing lr to 1.695071940919059e-08
[I 2024-06-22 11:12:43,958] Trial 117 finished with value: 1.8775651454925537 and parameters: {'hidden_size': 145, 'n_layers': 5, 'rnn_dropout': 0.20271682758903975, 'bidirectional': True, 'fc_dropout': 0.3397192927450718, 'learning_rate_model': 0.0003073891164855588}. Best is trial 13 with value: 1.8697621822357178.
[I 2024-06-22 11:12:51,898] Trial 118 finished with value: 7.368609428405762 and parameters: {'hidden_size': 81, 'n_layers': 1, 'rnn_dropout': 0.5053173014927518, 'bidirectional': True, 'fc_dropout': 0.5186502049304996, 'learning_rate_model': 4.7836881141741806e-05}. Best is trial 13 with value: 1.8697621822357178.
Epoch 58: reducing lr to 5.611599687894062e-05
Epoch 71: reducing lr to 3.007919106009666e-05
Epoch 81: reducing lr to 1.3374007963573781e-05
Epoch 84: reducing lr to 9.448405678851675e-06
Epoch 87: reducing lr to 6.142880005151992e-06
Epoch 90: reducing lr to 3.5095806341692703e-06
Epoch 93: reducing lr to 1.5900230752027193e-06
Epoch 96: reducing lr to 4.1448555317517585e-07
Epoch 99: reducing lr to 1.5035181383325075e-09
[I 2024-06-22 11:13:01,755] Trial 119 finished with value: 2.5702013969421387 and parameters: {'hidden_size': 43, 'n_layers': 4, 'rnn_dropout': 0.7002661810836313, 'bidirectional': False, 'fc_dropout': 0.3431458672239224, 'learning_rate_model': 0.0009753415902513679}. Best is trial 13 with value: 1.8697621822357178.
Epoch 36: reducing lr to 0.0002516821596544335
Epoch 41: reducing lr to 0.00023580445708535594
Epoch 44: reducing lr to 0.00022408878865672792
Epoch 50: reducing lr to 0.0001966013725693657
Epoch 60: reducing lr to 0.00014301350838965226
Epoch 64: reducing lr to 0.00012059480833708449
Epoch 67: reducing lr to 0.00010399264575778334
Epoch 72: reducing lr to 7.749938737655257e-05
Epoch 75: reducing lr to 6.271807376394541e-05
Epoch 78: reducing lr to 4.906060550121417e-05
Epoch 81: reducing lr to 3.674232860332921e-05
Epoch 84: reducing lr to 2.5957545948489432e-05
Epoch 87: reducing lr to 1.6876295896851162e-05
Epoch 90: reducing lr to 9.641848970910099e-06
Epoch 93: reducing lr to 4.368260470241463e-06
Epoch 96: reducing lr to 1.1387135731916448e-06
Epoch 99: reducing lr to 4.130605997087339e-09
[I 2024-06-22 11:13:18,297] Trial 120 finished with value: 1.8680797815322876 and parameters: {'hidden_size': 45, 'n_layers': 3, 'rnn_dropout': 0.20950432328281618, 'bidirectional': True, 'fc_dropout': 0.3413113266145149, 'learning_rate_model': 0.002679549863220907}. Best is trial 120 with value: 1.8680797815322876.
