[I 2024-06-24 15:44:59,158] Trial 192 finished with value: 1.1059620380401611 and parameters: {'hidden_size': 129, 'n_layers': 7, 'rnn_dropout': 0.4775108199567785, 'bidirectional': True, 'fc_dropout': 0.5916895700060374, 'learning_rate_model': 1.413889647537952e-05}. Best is trial 153 with value: 0.969097375869751.
[I 2024-06-24 15:45:02,344] Trial 193 finished with value: 1.106532096862793 and parameters: {'hidden_size': 157, 'n_layers': 4, 'rnn_dropout': 0.00425322636888259, 'bidirectional': False, 'fc_dropout': 0.6143703026250493, 'learning_rate_model': 1.6306861470410482e-05}. Best is trial 153 with value: 0.969097375869751.
Epoch 12: reducing lr to 0.004751544167111782
Epoch 15: reducing lr to 0.0046576749961155794
Epoch 18: reducing lr to 0.0044204665643942185
Epoch 21: reducing lr to 0.004054823591580397
Epoch 24: reducing lr to 0.0035837206579744318
Epoch 27: reducing lr to 0.0030367593873441507
Epoch 30: reducing lr to 0.002448306568371728
Epoch 33: reducing lr to 0.001855337251189491
Epoch 36: reducing lr to 0.0012951100890592425
Epoch 39: reducing lr to 0.0008028259779484986
Epoch 42: reducing lr to 0.0004094166765243719
Epoch 45: reducing lr to 0.0001396021109303834
Epoch 48: reducing lr to 1.0335382149349176e-05
[I 2024-06-24 15:45:07,254] Trial 194 finished with value: 1.1072297096252441 and parameters: {'hidden_size': 117, 'n_layers': 6, 'rnn_dropout': 0.5196664439027832, 'bidirectional': True, 'fc_dropout': 0.2214451700804693, 'learning_rate_model': 0.04752805227340119}. Best is trial 153 with value: 0.969097375869751.
Epoch 34: reducing lr to 1.2664261019259893e-06
Epoch 37: reducing lr to 8.542297658442047e-07
[I 2024-06-24 15:45:10,777] Trial 195 finished with value: 1.1068613529205322 and parameters: {'hidden_size': 157, 'n_layers': 5, 'rnn_dropout': 0.6663745150696564, 'bidirectional': False, 'fc_dropout': 0.7988164056718448, 'learning_rate_model': 3.619072928538003e-05}. Best is trial 153 with value: 0.969097375869751.
Epoch 18: reducing lr to 0.0005119294104797645
Epoch 22: reducing lr to 0.0004526003808320566
Epoch 25: reducing lr to 0.0003947010859283887
Epoch 28: reducing lr to 0.0003292938284845242
Epoch 31: reducing lr to 0.00026048836867712986
Epoch 34: reducing lr to 0.00019260808174023032
Epoch 37: reducing lr to 0.00012991800809730448
Epoch 40: reducing lr to 7.635724545792506e-05
Epoch 43: reducing lr to 3.529118687904658e-05
Epoch 46: reducing lr to 9.300223651369233e-06
Epoch 49: reducing lr to 1.7427279673607604e-08
[I 2024-06-24 15:45:13,250] Trial 196 finished with value: 0.9836214780807495 and parameters: {'hidden_size': 29, 'n_layers': 1, 'rnn_dropout': 0.011795032719957544, 'bidirectional': True, 'fc_dropout': 0.6733894609486798, 'learning_rate_model': 0.005504171884830901}. Best is trial 153 with value: 0.969097375869751.
[I 2024-06-24 15:45:15,867] Trial 197 finished with value: 1.1080830097198486 and parameters: {'hidden_size': 106, 'n_layers': 3, 'rnn_dropout': 0.2829182296536041, 'bidirectional': False, 'fc_dropout': 0.5805140363958952, 'learning_rate_model': 1.269705997902816e-05}. Best is trial 153 with value: 0.969097375869751.
Epoch 17: reducing lr to 0.0014585292860055403
Epoch 20: reducing lr to 0.0013535310176171235
Epoch 23: reducing lr to 0.0012117247391490377
Epoch 26: reducing lr to 0.0010420206266410059
Epoch 29: reducing lr to 0.0008550818403164434
Epoch 32: reducing lr to 0.0006626544354632524
Epoch 35: reducing lr to 0.0004768294040883686
Epoch 38: reducing lr to 0.00030928274007189816
Epoch 41: reducing lr to 0.00017054192179886355
Epoch 44: reducing lr to 6.932474716673624e-05
Epoch 47: reducing lr to 1.1990945557750591e-05
[I 2024-06-24 15:45:18,745] Trial 198 finished with value: 1.168614387512207 and parameters: {'hidden_size': 101, 'n_layers': 2, 'rnn_dropout': 0.023172948942318784, 'bidirectional': True, 'fc_dropout': 0.2637880633954088, 'learning_rate_model': 0.015354453027065824}. Best is trial 153 with value: 0.969097375869751.
Epoch 8: reducing lr to 0.002906827604875008
Epoch 11: reducing lr to 0.0035442560703133645
Epoch 21: reducing lr to 0.003040940504325882
Epoch 24: reducing lr to 0.0026876338905723702
Epoch 27: reducing lr to 0.002277436838939626
Epoch 30: reducing lr to 0.0018361229391651267
Epoch 33: reducing lr to 0.0013914218630970746
Epoch 36: reducing lr to 0.0009712759725377721
Epoch 39: reducing lr to 0.0006020844012395356
Epoch 42: reducing lr to 0.0003070446165339087
Epoch 45: reducing lr to 0.0001046954828069692
Epoch 48: reducing lr to 7.751084972205253e-06
[I 2024-06-24 15:45:22,105] Trial 199 finished with value: 1.015221357345581 and parameters: {'hidden_size': 76, 'n_layers': 3, 'rnn_dropout': 0.742487262800581, 'bidirectional': True, 'fc_dropout': 0.76154813405434, 'learning_rate_model': 0.03564396230455292}. Best is trial 153 with value: 0.969097375869751.
Epoch 8: reducing lr to 0.0010164787407363769
Epoch 14: reducing lr to 0.0012339828633901476
Epoch 18: reducing lr to 0.0011592659843150295
Epoch 21: reducing lr to 0.0010633762281971756
Epoch 27: reducing lr to 0.0007963892066628175
Epoch 31: reducing lr to 0.0005898768442198062
Epoch 34: reducing lr to 0.00043616169123075564
Epoch 37: reducing lr to 0.0002941997948428535
Epoch 40: reducing lr to 0.00017291125593352636
Epoch 43: reducing lr to 7.991701913871736e-05
Epoch 46: reducing lr to 2.1060389781963133e-05
Epoch 49: reducing lr to 3.9464137264154374e-08
[I 2024-06-24 15:45:24,724] Trial 200 finished with value: 1.0952370166778564 and parameters: {'hidden_size': 111, 'n_layers': 3, 'rnn_dropout': 0.5682836626556875, 'bidirectional': False, 'fc_dropout': 0.7923249575119574, 'learning_rate_model': 0.012464216955083157}. Best is trial 153 with value: 0.969097375869751.
Epoch 9: reducing lr to 0.004866269249132282
Epoch 12: reducing lr to 0.005403735786904527
Epoch 15: reducing lr to 0.005296982238845314
Epoch 18: reducing lr to 0.005027214844001257
Epoch 21: reducing lr to 0.0046113841270945
Epoch 24: reducing lr to 0.004075618133533366
Epoch 27: reducing lr to 0.003453581572742603
Epoch 30: reducing lr to 0.002784358380249584
Epoch 33: reducing lr to 0.002109998760071268
Epoch 36: reducing lr to 0.0014728754464013588
Epoch 39: reducing lr to 0.0009130209706824481
Epoch 42: reducing lr to 0.00046561275006206103
Epoch 45: reducing lr to 0.00015876374000338352
Epoch 48: reducing lr to 1.1754005103928322e-05
[I 2024-06-24 15:45:27,196] Trial 201 finished with value: 1.124412178993225 and parameters: {'hidden_size': 77, 'n_layers': 1, 'rnn_dropout': 0.1479244722227267, 'bidirectional': True, 'fc_dropout': 0.6405277265033917, 'learning_rate_model': 0.05405169938844537}. Best is trial 153 with value: 0.969097375869751.
[I 2024-06-24 15:45:32,533] Trial 202 finished with value: 1.1070233583450317 and parameters: {'hidden_size': 48, 'n_layers': 7, 'rnn_dropout': 0.7659159410613351, 'bidirectional': True, 'fc_dropout': 0.04606680448653897, 'learning_rate_model': 1.0548472419055645e-05}. Best is trial 153 with value: 0.969097375869751.
[I 2024-06-24 15:45:34,732] Trial 203 finished with value: 1.0950431823730469 and parameters: {'hidden_size': 73, 'n_layers': 1, 'rnn_dropout': 0.23508998837643535, 'bidirectional': False, 'fc_dropout': 0.38156073798942236, 'learning_rate_model': 0.00012970411945941392}. Best is trial 153 with value: 0.969097375869751.
Epoch 10: reducing lr to 0.003506180687153268
Epoch 13: reducing lr to 0.003635436668110886
Epoch 16: reducing lr to 0.003525866957841157
Epoch 19: reducing lr to 0.003309356534362187
Epoch 22: reducing lr to 0.0029995096056639357
Epoch 25: reducing lr to 0.002615794746861899
Epoch 28: reducing lr to 0.002182322515525433
Epoch 31: reducing lr to 0.0017263294444745624
Epoch 34: reducing lr to 0.0012764677533992172
Epoch 37: reducing lr to 0.0008610030608462736
Epoch 40: reducing lr to 0.0005060408716228447
Epoch 43: reducing lr to 0.00023388458897090624
Epoch 46: reducing lr to 6.163518936024918e-05
Epoch 49: reducing lr to 1.1549546795677768e-07
[I 2024-06-24 15:45:37,855] Trial 204 finished with value: 1.1226756572723389 and parameters: {'hidden_size': 109, 'n_layers': 5, 'rnn_dropout': 0.08899653805394801, 'bidirectional': False, 'fc_dropout': 0.6753998876555427, 'learning_rate_model': 0.03647769011909392}. Best is trial 153 with value: 0.969097375869751.
Epoch 7: reducing lr to 0.0030350560767036473
Epoch 10: reducing lr to 0.004096297897177274
Epoch 13: reducing lr to 0.004247308655103776
Epoch 16: reducing lr to 0.004119297518821855
Epoch 22: reducing lr to 0.0035043501709035307
Epoch 28: reducing lr to 0.002549624200505065
Epoch 31: reducing lr to 0.0020168839840875082
Epoch 34: reducing lr to 0.0014913071061118538
Epoch 37: reducing lr to 0.00100591650639413
Epoch 40: reducing lr to 0.0005912114472336083
Epoch 43: reducing lr to 0.00027324916639180977
Epoch 46: reducing lr to 7.200886636949122e-05
Epoch 49: reducing lr to 1.3493424462010517e-07
[I 2024-06-24 15:45:40,719] Trial 205 finished with value: 1.1155028343200684 and parameters: {'hidden_size': 86, 'n_layers': 4, 'rnn_dropout': 0.08126518075693295, 'bidirectional': False, 'fc_dropout': 0.22769917517498836, 'learning_rate_model': 0.042617166273324125}. Best is trial 153 with value: 0.969097375869751.
Epoch 12: reducing lr to 2.400758154178815e-05
Epoch 19: reducing lr to 2.1786119826436155e-05
Epoch 23: reducing lr to 1.8951050273544552e-05
[I 2024-06-24 15:45:49,295] Trial 206 finished with value: 1.0560168027877808 and parameters: {'hidden_size': 180, 'n_layers': 7, 'rnn_dropout': 0.1249196515526358, 'bidirectional': True, 'fc_dropout': 0.16850254273504195, 'learning_rate_model': 0.0002401395315598264}. Best is trial 153 with value: 0.969097375869751.
Epoch 13: reducing lr to 0.00019667118309843077
Epoch 16: reducing lr to 0.00019074364082007837
Epoch 22: reducing lr to 0.00016226856818484412
Epoch 25: reducing lr to 0.00014151022134992075
Epoch 28: reducing lr to 0.00011806008196912408
Epoch 31: reducing lr to 9.339160196095407e-05
Epoch 34: reducing lr to 6.905481959020687e-05
Epoch 37: reducing lr to 4.6578858631582095e-05
Epoch 40: reducing lr to 2.7375984236287708e-05
Epoch 43: reducing lr to 1.265277407385037e-05
Epoch 46: reducing lr to 3.334363026677358e-06
Epoch 49: reducing lr to 6.248116085974531e-09
[I 2024-06-24 15:45:52,139] Trial 207 finished with value: 1.0926096439361572 and parameters: {'hidden_size': 45, 'n_layers': 4, 'rnn_dropout': 0.06701996307636841, 'bidirectional': False, 'fc_dropout': 0.5528218732453634, 'learning_rate_model': 0.0019733834274571717}. Best is trial 153 with value: 0.969097375869751.
Epoch 6: reducing lr to 0.0051557693133157225
Epoch 9: reducing lr to 0.007778448083996602
Epoch 12: reducing lr to 0.008637557053705228
Epoch 18: reducing lr to 0.008035710247256373
Epoch 21: reducing lr to 0.007371029055650081
Epoch 24: reducing lr to 0.00651463830685844
Epoch 27: reducing lr to 0.00552034907896142
Epoch 30: reducing lr to 0.004450634767460546
Epoch 33: reducing lr to 0.003372710175343898
Epoch 36: reducing lr to 0.002354305651309607
Epoch 39: reducing lr to 0.001459410866203091
Epoch 42: reducing lr to 0.0007442548733304133
Epoch 45: reducing lr to 0.0002537745952831641
Epoch 48: reducing lr to 1.8788092848795455e-05
[I 2024-06-24 15:45:54,659] Trial 208 finished with value: 1.1320397853851318 and parameters: {'hidden_size': 177, 'n_layers': 2, 'rnn_dropout': 0.5036863653751306, 'bidirectional': False, 'fc_dropout': 0.6905811853710797, 'learning_rate_model': 0.08639849462086026}. Best is trial 153 with value: 0.969097375869751.
[I 2024-06-24 15:45:57,489] Trial 209 finished with value: 1.1114344596862793 and parameters: {'hidden_size': 17, 'n_layers': 2, 'rnn_dropout': 0.17907973626202028, 'bidirectional': True, 'fc_dropout': 0.39215624979538544, 'learning_rate_model': 1.5202975046828169e-05}. Best is trial 153 with value: 0.969097375869751.
Epoch 10: reducing lr to 0.0006207248031327303
Epoch 13: reducing lr to 0.0006436079345205732
Epoch 16: reducing lr to 0.000624210007572402
Epoch 22: reducing lr to 0.0005310251169577248
Epoch 25: reducing lr to 0.00046309326990212385
Epoch 28: reducing lr to 0.00038635251137655754
Epoch 31: reducing lr to 0.00030562472393108186
Epoch 34: reducing lr to 0.00022598241951338766
Epoch 37: reducing lr to 0.0001524296672441054
Epoch 40: reducing lr to 8.958811551444557e-05
Epoch 43: reducing lr to 4.140629887577699e-05
Epoch 46: reducing lr to 1.0911728229486082e-05
Epoch 49: reducing lr to 2.0447007158686663e-08
[I 2024-06-24 15:46:00,590] Trial 210 finished with value: 1.0976122617721558 and parameters: {'hidden_size': 67, 'n_layers': 5, 'rnn_dropout': 0.2357536332487234, 'bidirectional': False, 'fc_dropout': 0.30442726176771207, 'learning_rate_model': 0.006457912195134263}. Best is trial 153 with value: 0.969097375869751.
Epoch 9: reducing lr to 0.001491867200815778
Epoch 18: reducing lr to 0.0015412087891678039
Epoch 21: reducing lr to 0.0014137262813399601
Epoch 24: reducing lr to 0.0012494748451398658
Epoch 27: reducing lr to 0.001058775174562151
Epoch 30: reducing lr to 0.0008536093524935129
Epoch 33: reducing lr to 0.0006468688399174756
Epoch 36: reducing lr to 0.0004515439768904889
Epoch 39: reducing lr to 0.00027990766028020543
Epoch 42: reducing lr to 0.0001427443395621987
Epoch 45: reducing lr to 4.8672690363799064e-05
Epoch 48: reducing lr to 3.6034616654016804e-06
[I 2024-06-24 15:46:04,998] Trial 211 finished with value: 1.1388760805130005 and parameters: {'hidden_size': 107, 'n_layers': 5, 'rnn_dropout': 0.28271547760130356, 'bidirectional': True, 'fc_dropout': 0.7496643078391715, 'learning_rate_model': 0.0165707965050135}. Best is trial 153 with value: 0.969097375869751.
Epoch 18: reducing lr to 0.00014936346763035898
Epoch 22: reducing lr to 0.00013205328888711934
Epoch 32: reducing lr to 6.930731171478848e-05
Epoch 37: reducing lr to 3.790562487679049e-05
Epoch 40: reducing lr to 2.2278428874812585e-05
Epoch 43: reducing lr to 1.029675955539534e-05
Epoch 46: reducing lr to 2.713486714905748e-06
Epoch 49: reducing lr to 5.084683298364756e-09
[I 2024-06-24 15:46:08,282] Trial 212 finished with value: 0.9678940773010254 and parameters: {'hidden_size': 189, 'n_layers': 2, 'rnn_dropout': 0.7465246102585805, 'bidirectional': True, 'fc_dropout': 0.2197073987390904, 'learning_rate_model': 0.001605928829877941}. Best is trial 212 with value: 0.9678940773010254.
Epoch 16: reducing lr to 0.00036728676696715237
Epoch 22: reducing lr to 0.00031245653869644863
Epoch 25: reducing lr to 0.00027248526592529756
Epoch 28: reducing lr to 0.00022733080708687068
Epoch 31: reducing lr to 0.0001798303702217646
Epoch 34: reducing lr to 0.00013296863434997022
Epoch 37: reducing lr to 8.96900065567638e-05
Epoch 40: reducing lr to 5.2713876590906696e-05
Epoch 43: reducing lr to 2.4363572294050115e-05
Epoch 46: reducing lr to 6.420488833587491e-06
Epoch 49: reducing lr to 1.2031071374048186e-08
[I 2024-06-24 15:46:12,123] Trial 213 finished with value: 0.999207079410553 and parameters: {'hidden_size': 50, 'n_layers': 4, 'rnn_dropout': 0.14825411675014752, 'bidirectional': True, 'fc_dropout': 0.7711342139391983, 'learning_rate_model': 0.003799852073396136}. Best is trial 212 with value: 0.9678940773010254.
Epoch 26: reducing lr to 1.1723866569655842e-06
Epoch 29: reducing lr to 9.620601690315182e-07
Epoch 32: reducing lr to 7.455583876688751e-07
Epoch 35: reducing lr to 5.364849953154038e-07
Epoch 38: reducing lr to 3.479767563324542e-07
Epoch 41: reducing lr to 1.918782301025782e-07
Epoch 44: reducing lr to 7.799788842739967e-08
Epoch 47: reducing lr to 1.349111928966709e-08
[I 2024-06-24 15:46:15,763] Trial 214 finished with value: 1.107891321182251 and parameters: {'hidden_size': 105, 'n_layers': 7, 'rnn_dropout': 0.11455182536701028, 'bidirectional': False, 'fc_dropout': 0.3470718617221808, 'learning_rate_model': 1.727543140097415e-05}. Best is trial 212 with value: 0.9678940773010254.
Epoch 9: reducing lr to 0.0005013724227798435
Epoch 12: reducing lr to 0.0005567476777051674
Epoch 16: reducing lr to 0.000538284968010246
Epoch 19: reducing lr to 0.0005052308829384654
Epoch 22: reducing lr to 0.00045792735558003884
Epoch 25: reducing lr to 0.00039934660282759315
Epoch 28: reducing lr to 0.00033316952100112936
Epoch 33: reducing lr to 0.00021739347665319453
Epoch 36: reducing lr to 0.00015175056972995676
Epoch 39: reducing lr to 9.406868232814869e-05
Epoch 42: reducing lr to 4.7972148811417996e-05
Epoch 45: reducing lr to 1.635745103690661e-05
Epoch 48: reducing lr to 1.211016841571981e-06
[I 2024-06-24 15:46:18,727] Trial 215 finished with value: 1.0931222438812256 and parameters: {'hidden_size': 107, 'n_layers': 4, 'rnn_dropout': 0.6453974486198909, 'bidirectional': False, 'fc_dropout': 0.1921377657771018, 'learning_rate_model': 0.005568954385864473}. Best is trial 212 with value: 0.9678940773010254.
Epoch 6: reducing lr to 0.003283974407439604
Epoch 9: reducing lr to 0.004954493284148655
Epoch 12: reducing lr to 0.005501703932700836
Epoch 18: reducing lr to 0.005118356775473931
Epoch 23: reducing lr to 0.004342922573741492
Epoch 26: reducing lr to 0.003734688874076763
Epoch 29: reducing lr to 0.0030646846653594206
Epoch 32: reducing lr to 0.002375008789854639
Epoch 35: reducing lr to 0.0017089963718107885
Epoch 38: reducing lr to 0.0011084951475614474
Epoch 41: reducing lr to 0.00061123647807148
Epoch 44: reducing lr to 0.0002484656784351662
Epoch 47: reducing lr to 4.297654942642462e-05
[I 2024-06-24 15:46:21,936] Trial 216 finished with value: 1.0786954164505005 and parameters: {'hidden_size': 199, 'n_layers': 2, 'rnn_dropout': 0.6571573921810379, 'bidirectional': True, 'fc_dropout': 0.11105321443653891, 'learning_rate_model': 0.055031640853951194}. Best is trial 212 with value: 0.9678940773010254.
Epoch 16: reducing lr to 0.00031963231307090723
Epoch 22: reducing lr to 0.00027191615701909323
Epoch 25: reducing lr to 0.00023713104761335793
Epoch 28: reducing lr to 0.00019783525636237002
Epoch 31: reducing lr to 0.0001564978713200435
Epoch 34: reducing lr to 0.00011571631756327798
Epoch 37: reducing lr to 7.805297340768907e-05
Epoch 40: reducing lr to 4.587439521662024e-05
Epoch 43: reducing lr to 2.1202465395966625e-05
Epoch 46: reducing lr to 5.587447960271955e-06
Epoch 49: reducing lr to 1.0470072754750412e-08
[I 2024-06-24 15:46:26,052] Trial 217 finished with value: 0.987665057182312 and parameters: {'hidden_size': 180, 'n_layers': 3, 'rnn_dropout': 0.7582112528812855, 'bidirectional': True, 'fc_dropout': 0.3744396438931783, 'learning_rate_model': 0.003306831655210467}. Best is trial 212 with value: 0.9678940773010254.
[I 2024-06-24 15:46:28,259] Trial 218 finished with value: 1.0933399200439453 and parameters: {'hidden_size': 45, 'n_layers': 1, 'rnn_dropout': 0.2124096139779087, 'bidirectional': False, 'fc_dropout': 0.4411750686502212, 'learning_rate_model': 0.00019346062318522451}. Best is trial 212 with value: 0.9678940773010254.
Epoch 6: reducing lr to 0.0018017395956177514
Epoch 9: reducing lr to 0.002718263183187439
Epoch 12: reducing lr to 0.003018488145479039
Epoch 18: reducing lr to 0.0028081662408751215
Epoch 21: reducing lr to 0.0025758861777841558
Epoch 24: reducing lr to 0.002276611127321061
Epoch 27: reducing lr to 0.001929145955291057
Epoch 30: reducing lr to 0.0015553226684243656
Epoch 33: reducing lr to 0.0011786302098050973
Epoch 36: reducing lr to 0.0008227376855663056
Epoch 39: reducing lr to 0.0005100069813290129
Epoch 42: reducing lr to 0.0002600879506085774
Epoch 45: reducing lr to 8.868428917148258e-05
Epoch 48: reducing lr to 6.565703148197696e-06
[I 2024-06-24 15:46:31,379] Trial 219 finished with value: 1.1872494220733643 and parameters: {'hidden_size': 160, 'n_layers': 2, 'rnn_dropout': 0.1959045110095069, 'bidirectional': True, 'fc_dropout': 0.07035094701648266, 'learning_rate_model': 0.030192892524910118}. Best is trial 212 with value: 0.9678940773010254.
Epoch 8: reducing lr to 0.002255589007909497
Epoch 12: reducing lr to 0.002765103696852997
Epoch 17: reducing lr to 0.0026272867343962807
Epoch 20: reducing lr to 0.002438150622891133
Epoch 23: reducing lr to 0.0021827112855750826
Epoch 32: reducing lr to 0.0011936566680463942
Epoch 35: reducing lr to 0.0008589252063374037
Epoch 38: reducing lr to 0.0005571190431109003
Epoch 41: reducing lr to 0.0003072015989666596
Epoch 44: reducing lr to 0.00012487646997843722
Epoch 47: reducing lr to 2.159960207794298e-05
[I 2024-06-24 15:46:34,397] Trial 220 finished with value: 1.1012738943099976 and parameters: {'hidden_size': 32, 'n_layers': 5, 'rnn_dropout': 0.09632070148617872, 'bidirectional': False, 'fc_dropout': 0.7256872441762966, 'learning_rate_model': 0.02765837555610633}. Best is trial 212 with value: 0.9678940773010254.
Epoch 8: reducing lr to 0.001388509160839823
Epoch 11: reducing lr to 0.0016929906726284405
Epoch 16: reducing lr to 0.001645712775645173
Epoch 22: reducing lr to 0.0014000333358391963
Epoch 25: reducing lr to 0.0012209328612932011
Epoch 28: reducing lr to 0.0010186079302825796
Epoch 31: reducing lr to 0.0008057713055298477
Epoch 34: reducing lr to 0.0005957965273750473
Epoch 37: reducing lr to 0.0004018766884987342
Epoch 40: reducing lr to 0.00023619663968780185
Epoch 43: reducing lr to 0.00010916658532448276
Epoch 46: reducing lr to 2.876847588758093e-05
Epoch 49: reducing lr to 5.39079804819792e-08
