[I 2024-06-24 15:39:07,193] Trial 95 finished with value: 0.9774012565612793 and parameters: {'hidden_size': 156, 'n_layers': 6, 'rnn_dropout': 0.14123922742166642, 'bidirectional': True, 'fc_dropout': 0.6881895979384922, 'learning_rate_model': 0.0017203437921322648}. Best is trial 68 with value: 0.9740266799926758.
Epoch 11: reducing lr to 0.005409405638924722
Epoch 14: reducing lr to 0.005385853822223806
Epoch 17: reducing lr to 0.005167627930852102
Epoch 20: reducing lr to 0.004795614842310644
Epoch 23: reducing lr to 0.0042931894934245835
Epoch 26: reducing lr to 0.003691920996321782
Epoch 29: reducing lr to 0.0030295893566081506
Epoch 32: reducing lr to 0.002347811320663415
Epoch 35: reducing lr to 0.0016894257595381989
Epoch 38: reducing lr to 0.0010958011892261317
Epoch 41: reducing lr to 0.0006042368891217828
Epoch 44: reducing lr to 0.00024562036785645005
Epoch 47: reducing lr to 4.248440245671128e-05
[I 2024-06-24 15:39:12,172] Trial 96 finished with value: 1.1072291135787964 and parameters: {'hidden_size': 90, 'n_layers': 6, 'rnn_dropout': 0.573543201353976, 'bidirectional': True, 'fc_dropout': 0.0030349379274740686, 'learning_rate_model': 0.054401444720336284}. Best is trial 68 with value: 0.9740266799926758.
Epoch 3: reducing lr to 0.00030337446504804296
Epoch 6: reducing lr to 0.0007195772147946977
Epoch 9: reducing lr to 0.0010856176193243645
Epoch 23: reducing lr to 0.0009516115967902518
Epoch 28: reducing lr to 0.0007214092474717299
Epoch 31: reducing lr to 0.0005706718491729594
Epoch 34: reducing lr to 0.000421961298043954
Epoch 37: reducing lr to 0.0002846213452764642
Epoch 40: reducing lr to 0.00016728167435851193
Epoch 43: reducing lr to 7.731510999148192e-05
Epoch 46: reducing lr to 2.0374713296420974e-05
Epoch 49: reducing lr to 3.81792782836593e-08
[I 2024-06-24 15:39:16,310] Trial 97 finished with value: 1.112280249595642 and parameters: {'hidden_size': 174, 'n_layers': 6, 'rnn_dropout': 0.41335102633723075, 'bidirectional': False, 'fc_dropout': 0.2999007548294875, 'learning_rate_model': 0.01205841152767771}. Best is trial 68 with value: 0.9740266799926758.
Epoch 7: reducing lr to 0.0027431437109580905
Epoch 12: reducing lr to 0.00385080177499223
Epoch 18: reducing lr to 0.003582486007450934
Epoch 23: reducing lr to 0.003039737172372293
Epoch 26: reducing lr to 0.0026140168066583875
Epoch 29: reducing lr to 0.0021450614743211143
Epoch 32: reducing lr to 0.0016623373731971599
Epoch 35: reducing lr to 0.0011961760106552282
Epoch 38: reducing lr to 0.0007758678282247012
Epoch 41: reducing lr to 0.0004278220972065608
Epoch 44: reducing lr to 0.00017390831772241336
Epoch 47: reducing lr to 3.0080530475415368e-05
[I 2024-06-24 15:39:21,573] Trial 98 finished with value: 1.0789344310760498 and parameters: {'hidden_size': 154, 'n_layers': 5, 'rnn_dropout': 0.3214927391742699, 'bidirectional': True, 'fc_dropout': 0.6199173173796783, 'learning_rate_model': 0.03851823778112661}. Best is trial 68 with value: 0.9740266799926758.
[I 2024-06-24 15:39:23,857] Trial 99 finished with value: 1.094435691833496 and parameters: {'hidden_size': 60, 'n_layers': 1, 'rnn_dropout': 0.1762271902349821, 'bidirectional': False, 'fc_dropout': 0.4345331441904756, 'learning_rate_model': 0.00014023182899556565}. Best is trial 68 with value: 0.9740266799926758.
Epoch 6: reducing lr to 0.00122554353888497
Epoch 9: reducing lr to 0.0018489630184333368
Epoch 14: reducing lr to 0.0020332256116867083
Epoch 17: reducing lr to 0.0019508426718380164
Epoch 20: reducing lr to 0.0018104031863874336
Epoch 23: reducing lr to 0.00162073147953558
Epoch 26: reducing lr to 0.0013937452767602107
Epoch 29: reducing lr to 0.0011437069916995567
Epoch 32: reducing lr to 0.0008863274545037374
Epoch 35: reducing lr to 0.0006377788623156579
Epoch 38: reducing lr to 0.0004136783352822939
Epoch 41: reducing lr to 0.00022810680702452582
Epoch 44: reducing lr to 9.272468937366052e-05
Epoch 47: reducing lr to 1.6038380918501072e-05
[I 2024-06-24 15:39:26,534] Trial 100 finished with value: 1.0968420505523682 and parameters: {'hidden_size': 41, 'n_layers': 3, 'rnn_dropout': 0.4910968717930021, 'bidirectional': False, 'fc_dropout': 0.35529368561329155, 'learning_rate_model': 0.020537209952065802}. Best is trial 68 with value: 0.9740266799926758.
Epoch 13: reducing lr to 0.0003205912481466736
Epoch 16: reducing lr to 0.00031092883524245016
Epoch 22: reducing lr to 0.0002645119736902008
Epoch 25: reducing lr to 0.0002306740508363024
Epoch 28: reducing lr to 0.00019244827045067017
Epoch 31: reducing lr to 0.0001522364881696717
Epoch 34: reducing lr to 0.00011256540207971337
Epoch 37: reducing lr to 7.592761781716004e-05
Epoch 40: reducing lr to 4.462525123043897e-05
Epoch 43: reducing lr to 2.0625129563711478e-05
Epoch 46: reducing lr to 5.4353036761954635e-06
Epoch 49: reducing lr to 1.0184976278722682e-08
[I 2024-06-24 15:39:29,218] Trial 101 finished with value: 1.092717170715332 and parameters: {'hidden_size': 94, 'n_layers': 3, 'rnn_dropout': 0.5399772838472842, 'bidirectional': False, 'fc_dropout': 0.25181254985921314, 'learning_rate_model': 0.0032167877678542485}. Best is trial 68 with value: 0.9740266799926758.
Epoch 15: reducing lr to 5.286219493144185e-05
Epoch 18: reducing lr to 5.017000228865466e-05
Epoch 21: reducing lr to 4.6020144232797184e-05
Epoch 24: reducing lr to 4.0673370331693807e-05
Epoch 27: reducing lr to 3.446564365859608e-05
Epoch 30: reducing lr to 2.7787009436496144e-05
Epoch 33: reducing lr to 2.1057115302750636e-05
Epoch 36: reducing lr to 1.4698827643110166e-05
Epoch 39: reducing lr to 9.11165836554343e-06
Epoch 42: reducing lr to 4.646666884371294e-06
Epoch 45: reducing lr to 1.5844115373007474e-06
Epoch 48: reducing lr to 1.1730122568137658e-07
[I 2024-06-24 15:39:32,512] Trial 102 finished with value: 1.0929136276245117 and parameters: {'hidden_size': 178, 'n_layers': 4, 'rnn_dropout': 0.6275659350335385, 'bidirectional': False, 'fc_dropout': 0.10547278002200172, 'learning_rate_model': 0.0005394187370487681}. Best is trial 68 with value: 0.9740266799926758.
[I 2024-06-24 15:39:38,958] Trial 103 finished with value: 1.084364414215088 and parameters: {'hidden_size': 184, 'n_layers': 5, 'rnn_dropout': 0.6134196697896818, 'bidirectional': True, 'fc_dropout': 0.67431987215428, 'learning_rate_model': 1.8673586483652047e-05}. Best is trial 68 with value: 0.9740266799926758.
Epoch 6: reducing lr to 0.00037904558954547326
Epoch 9: reducing lr to 0.0005718615904968049
Epoch 13: reducing lr to 0.0006330432751389453
Epoch 16: reducing lr to 0.0006139637601927482
Epoch 19: reducing lr to 0.0005762625209487515
Epoch 22: reducing lr to 0.0005223084756877155
Epoch 25: reducing lr to 0.0004554917125004354
Epoch 28: reducing lr to 0.00038001063386852106
Epoch 31: reducing lr to 0.0003006079723751193
Epoch 34: reducing lr to 0.00022227297598365007
Epoch 37: reducing lr to 0.0001499275733019472
Epoch 40: reducing lr to 8.811754954673881e-05
Epoch 43: reducing lr to 4.0726625086170456e-05
Epoch 46: reducing lr to 1.073261500569517e-05
Epoch 49: reducing lr to 2.011137477386793e-08
[I 2024-06-24 15:39:42,660] Trial 104 finished with value: 1.1074635982513428 and parameters: {'hidden_size': 122, 'n_layers': 7, 'rnn_dropout': 0.41428803853785756, 'bidirectional': False, 'fc_dropout': 0.20131131388468226, 'learning_rate_model': 0.006351907220679005}. Best is trial 68 with value: 0.9740266799926758.
[I 2024-06-24 15:39:48,190] Trial 105 finished with value: 1.1020503044128418 and parameters: {'hidden_size': 115, 'n_layers': 7, 'rnn_dropout': 0.49946936192214075, 'bidirectional': True, 'fc_dropout': 0.7914720449333105, 'learning_rate_model': 2.0457769512926938e-05}. Best is trial 68 with value: 0.9740266799926758.
Epoch 17: reducing lr to 1.0015245025399623e-05
Epoch 20: reducing lr to 9.294256153086592e-06
Epoch 25: reducing lr to 7.560614743649844e-06
Epoch 28: reducing lr to 6.307719596912131e-06
Epoch 31: reducing lr to 4.989730889990318e-06
Epoch 34: reducing lr to 3.689464139998609e-06
Epoch 37: reducing lr to 2.48861744369336e-06
Epoch 40: reducing lr to 1.4626453698139067e-06
Epoch 43: reducing lr to 6.760130066807866e-07
Epoch 46: reducing lr to 1.7814850418359488e-07
Epoch 49: reducing lr to 3.3382463930187004e-10
[I 2024-06-24 15:39:51,875] Trial 106 finished with value: 1.1068201065063477 and parameters: {'hidden_size': 75, 'n_layers': 7, 'rnn_dropout': 0.007151281896996054, 'bidirectional': False, 'fc_dropout': 0.351864651366858, 'learning_rate_model': 0.00010543402232135162}. Best is trial 68 with value: 0.9740266799926758.
Epoch 13: reducing lr to 0.0026628042396333374
Epoch 23: reducing lr to 0.0021085291560170513
Epoch 26: reducing lr to 0.0018132260582438102
Epoch 29: reducing lr to 0.0014879328058896547
Epoch 32: reducing lr to 0.0011530887770101338
Epoch 35: reducing lr to 0.0008297335760204365
Epoch 38: reducing lr to 0.0005381846667192873
Epoch 41: reducing lr to 0.0002967609745168825
Epoch 44: reducing lr to 0.00012063238944616007
Epoch 47: reducing lr to 2.0865513016170636e-05
[I 2024-06-24 15:39:56,746] Trial 107 finished with value: 1.2366456985473633 and parameters: {'hidden_size': 164, 'n_layers': 4, 'rnn_dropout': 0.10747088692455692, 'bidirectional': True, 'fc_dropout': 0.3932361200135483, 'learning_rate_model': 0.026718371620438223}. Best is trial 68 with value: 0.9740266799926758.
Epoch 24: reducing lr to 1.1330442889558257e-05
[I 2024-06-24 15:40:01,193] Trial 108 finished with value: 1.070129156112671 and parameters: {'hidden_size': 93, 'n_layers': 5, 'rnn_dropout': 0.31839251152633796, 'bidirectional': True, 'fc_dropout': 0.7719911392887311, 'learning_rate_model': 0.0001502667013784738}. Best is trial 68 with value: 0.9740266799926758.
Epoch 26: reducing lr to 7.243720069372752e-05
Epoch 37: reducing lr to 2.5193996161390434e-05
Epoch 40: reducing lr to 1.4807371026813227e-05
Epoch 43: reducing lr to 6.843747374079851e-06
Epoch 46: reducing lr to 1.8035205619622687e-06
Epoch 49: reducing lr to 3.37953778410411e-09
[I 2024-06-24 15:40:04,104] Trial 109 finished with value: 0.9791077971458435 and parameters: {'hidden_size': 35, 'n_layers': 2, 'rnn_dropout': 0.011273835353954365, 'bidirectional': True, 'fc_dropout': 0.6356626809478018, 'learning_rate_model': 0.0010673815537119522}. Best is trial 68 with value: 0.9740266799926758.
Epoch 10: reducing lr to 1.8624594121977604e-05
[I 2024-06-24 15:40:07,712] Trial 110 finished with value: 1.0933743715286255 and parameters: {'hidden_size': 162, 'n_layers': 5, 'rnn_dropout': 0.6222787814873403, 'bidirectional': False, 'fc_dropout': 0.14383543815437952, 'learning_rate_model': 0.0001937670170464033}. Best is trial 68 with value: 0.9740266799926758.
Epoch 4: reducing lr to 0.003055188083347597
Epoch 7: reducing lr to 0.006061022979661935
Epoch 10: reducing lr to 0.008180328487800979
Epoch 13: reducing lr to 0.008481897767193922
Epoch 16: reducing lr to 0.008226258853431239
Epoch 19: reducing lr to 0.007721114782682027
Epoch 22: reducing lr to 0.0069982057589186575
Epoch 25: reducing lr to 0.006102954238609995
Epoch 28: reducing lr to 0.0050916129647090875
Epoch 31: reducing lr to 0.004027727945028059
Epoch 34: reducing lr to 0.002978148149965688
Epoch 37: reducing lr to 0.002008820564362639
Epoch 40: reducing lr to 0.0011806523757590462
Epoch 43: reducing lr to 0.0005456800252840746
Epoch 46: reducing lr to 0.00014380208562041473
Epoch 49: reducing lr to 2.6946439759950593e-07
[I 2024-06-24 15:40:10,373] Trial 111 finished with value: 1.1241731643676758 and parameters: {'hidden_size': 47, 'n_layers': 3, 'rnn_dropout': 0.19313499837247905, 'bidirectional': False, 'fc_dropout': 0.256255460657625, 'learning_rate_model': 0.08510670563663286}. Best is trial 68 with value: 0.9740266799926758.
[I 2024-06-24 15:40:14,205] Trial 112 finished with value: 0.9796848893165588 and parameters: {'hidden_size': 133, 'n_layers': 3, 'rnn_dropout': 0.6859875992668774, 'bidirectional': True, 'fc_dropout': 0.6342845423815101, 'learning_rate_model': 0.0005392051542230778}. Best is trial 68 with value: 0.9740266799926758.
Epoch 10: reducing lr to 0.00014430869452913435
Epoch 13: reducing lr to 0.0001496286604796687
Epoch 16: reducing lr to 0.0001451189494123255
Epoch 19: reducing lr to 0.00013620773252077164
Epoch 22: reducing lr to 0.00012345493687959485
Epoch 25: reducing lr to 0.00010766185737629298
Epoch 28: reducing lr to 8.982084534630976e-05
Epoch 31: reducing lr to 7.105291218222938e-05
Epoch 34: reducing lr to 5.2537336645687166e-05
Epoch 37: reducing lr to 3.543748562404967e-05
Epoch 40: reducing lr to 2.0827819236426502e-05
Epoch 43: reducing lr to 9.626309285354654e-06
Epoch 46: reducing lr to 2.536804148805909e-06
Epoch 49: reducing lr to 4.753605615907819e-09
[I 2024-06-24 15:40:16,874] Trial 113 finished with value: 1.0924785137176514 and parameters: {'hidden_size': 82, 'n_layers': 3, 'rnn_dropout': 0.5578951004905116, 'bidirectional': False, 'fc_dropout': 0.23623103551987823, 'learning_rate_model': 0.001501362396927331}. Best is trial 68 with value: 0.9740266799926758.
Epoch 3: reducing lr to 1.5316438744007403e-05
Epoch 6: reducing lr to 3.632922873136697e-05
Epoch 9: reducing lr to 5.480947700447883e-05
Epoch 12: reducing lr to 6.086303843615618e-05
Epoch 15: reducing lr to 5.966065816536839e-05
Epoch 18: reducing lr to 5.662222994298838e-05
Epoch 24: reducing lr to 4.590426195771348e-05
Epoch 27: reducing lr to 3.8898176427060663e-05
Epoch 30: reducing lr to 3.136062120724817e-05
Epoch 33: reducing lr to 2.3765213677855266e-05
Epoch 36: reducing lr to 1.658920392133902e-05
Epoch 39: reducing lr to 1.028348398645425e-05
Epoch 42: reducing lr to 5.244262084772478e-06
Epoch 45: reducing lr to 1.7881783993789784e-06
Epoch 48: reducing lr to 1.3238701754308578e-07
[I 2024-06-24 15:40:20,316] Trial 114 finished with value: 1.1075310707092285 and parameters: {'hidden_size': 106, 'n_layers': 6, 'rnn_dropout': 0.7107091475163088, 'bidirectional': False, 'fc_dropout': 0.7185640368137097, 'learning_rate_model': 0.0006087919149176257}. Best is trial 68 with value: 0.9740266799926758.
Epoch 38: reducing lr to 9.354426858900427e-06
Epoch 41: reducing lr to 5.158134377213953e-06
Epoch 44: reducing lr to 2.0967651694117933e-06
Epoch 47: reducing lr to 3.6267275426672336e-07
[I 2024-06-24 15:40:23,613] Trial 115 finished with value: 0.9786708354949951 and parameters: {'hidden_size': 186, 'n_layers': 2, 'rnn_dropout': 0.4870649393550366, 'bidirectional': True, 'fc_dropout': 0.01101401004617344, 'learning_rate_model': 0.00046440389064944195}. Best is trial 68 with value: 0.9740266799926758.
Epoch 8: reducing lr to 0.0006005049016818015
Epoch 11: reducing lr to 0.0007321876053018193
Epoch 14: reducing lr to 0.000728999760014961
Epoch 17: reducing lr to 0.0006994618951396501
Epoch 20: reducing lr to 0.0006491082351219762
Epoch 23: reducing lr to 0.0005811026837547948
Epoch 27: reducing lr to 0.00047048266046474386
Epoch 33: reducing lr to 0.00028744589039120065
Epoch 36: reducing lr to 0.0002006503520939869
Epoch 39: reducing lr to 0.00012438117539689464
Epoch 42: reducing lr to 6.343059249691889e-05
Epoch 45: reducing lr to 2.162844143357139e-05
Epoch 48: reducing lr to 1.601252345118532e-06
[I 2024-06-24 15:40:26,574] Trial 116 finished with value: 1.0944273471832275 and parameters: {'hidden_size': 189, 'n_layers': 3, 'rnn_dropout': 0.62379543638608, 'bidirectional': False, 'fc_dropout': 0.1156781766704774, 'learning_rate_model': 0.007363482458797472}. Best is trial 68 with value: 0.9740266799926758.
Epoch 37: reducing lr to 7.255475039697276e-06
[I 2024-06-24 15:40:31,752] Trial 117 finished with value: 1.0376465320587158 and parameters: {'hidden_size': 145, 'n_layers': 5, 'rnn_dropout': 0.20271682758903975, 'bidirectional': True, 'fc_dropout': 0.3397192927450718, 'learning_rate_model': 0.0003073891164855588}. Best is trial 68 with value: 0.9740266799926758.
[I 2024-06-24 15:40:34,281] Trial 118 finished with value: 1.0934619903564453 and parameters: {'hidden_size': 81, 'n_layers': 1, 'rnn_dropout': 0.5053173014927518, 'bidirectional': True, 'fc_dropout': 0.5186502049304996, 'learning_rate_model': 4.7836881141741806e-05}. Best is trial 68 with value: 0.9740266799926758.
Epoch 20: reducing lr to 8.59786469013357e-05
Epoch 23: reducing lr to 7.697086519104697e-05
Epoch 26: reducing lr to 6.619096448901517e-05
Epoch 29: reducing lr to 5.431628729849192e-05
Epoch 32: reducing lr to 4.2092963502677066e-05
Epoch 35: reducing lr to 3.0289033965740354e-05
Epoch 38: reducing lr to 1.964617814827305e-05
Epoch 41: reducing lr to 1.0833119806913382e-05
Epoch 44: reducing lr to 4.403628642856284e-06
Epoch 47: reducing lr to 7.616857395244432e-07
[I 2024-06-24 15:40:37,180] Trial 119 finished with value: 1.091817855834961 and parameters: {'hidden_size': 43, 'n_layers': 4, 'rnn_dropout': 0.7002661810836313, 'bidirectional': False, 'fc_dropout': 0.3431458672239224, 'learning_rate_model': 0.0009753415902513679}. Best is trial 68 with value: 0.9740266799926758.
Epoch 18: reducing lr to 0.00024921830395780874
Epoch 21: reducing lr to 0.00022860398186956105
Epoch 24: reducing lr to 0.00020204400852907363
Epoch 27: reducing lr to 0.00017120727258471588
Epoch 30: reducing lr to 0.00013803131448908077
Epoch 33: reducing lr to 0.00010460072399044443
Epoch 36: reducing lr to 7.301607989387038e-05
Epoch 39: reducing lr to 4.526194818646086e-05
Epoch 42: reducing lr to 2.3082208235055247e-05
Epoch 45: reducing lr to 7.870526969989142e-06
Epoch 48: reducing lr to 5.826910740064535e-07
[I 2024-06-24 15:40:40,588] Trial 120 finished with value: 0.9829285144805908 and parameters: {'hidden_size': 45, 'n_layers': 3, 'rnn_dropout': 0.20950432328281618, 'bidirectional': True, 'fc_dropout': 0.3413113266145149, 'learning_rate_model': 0.002679549863220907}. Best is trial 68 with value: 0.9740266799926758.
[I 2024-06-24 15:40:44,488] Trial 121 finished with value: 1.0969408750534058 and parameters: {'hidden_size': 42, 'n_layers': 4, 'rnn_dropout': 0.23755766862952366, 'bidirectional': True, 'fc_dropout': 0.5067792100979368, 'learning_rate_model': 3.155042401877456e-05}. Best is trial 68 with value: 0.9740266799926758.
Epoch 11: reducing lr to 0.00018204869342689317
Epoch 14: reducing lr to 0.00018125607816665474
Epoch 22: reducing lr to 0.00015054674763678244
Epoch 30: reducing lr to 9.431140849160041e-05
Epoch 33: reducing lr to 7.146959112354425e-05
Epoch 36: reducing lr to 4.988903686685452e-05
Epoch 42: reducing lr to 1.5771171764916365e-05
Epoch 45: reducing lr to 5.377623815714109e-06
Epoch 48: reducing lr to 3.9813006279369475e-07
[I 2024-06-24 15:40:49,978] Trial 122 finished with value: 1.0249686241149902 and parameters: {'hidden_size': 103, 'n_layers': 7, 'rnn_dropout': 0.7586393392581321, 'bidirectional': True, 'fc_dropout': 0.511301478975924, 'learning_rate_model': 0.0018308318127610833}. Best is trial 68 with value: 0.9740266799926758.
Epoch 6: reducing lr to 0.0029826619086342643
Epoch 9: reducing lr to 0.004499906686768614
Epoch 12: reducing lr to 0.004996909450778632
Epoch 15: reducing lr to 0.004898192963844913
Epoch 18: reducing lr to 0.004648735311219674
Epoch 21: reducing lr to 0.004264210878276274
Epoch 24: reducing lr to 0.003768780631090738
Epoch 27: reducing lr to 0.003193574793514853
Epoch 30: reducing lr to 0.002574734822961034
Epoch 33: reducing lr to 0.0019511451264664869
Epoch 36: reducing lr to 0.0013619883591974697
Epoch 39: reducing lr to 0.0008442831583695291
Epoch 42: reducing lr to 0.00043055856965222296
Epoch 45: reducing lr to 0.00014681103298692585
Epoch 48: reducing lr to 1.0869091588573687e-05
[I 2024-06-24 15:40:53,422] Trial 123 finished with value: 1.0817463397979736 and parameters: {'hidden_size': 102, 'n_layers': 3, 'rnn_dropout': 0.47941580452642407, 'bidirectional': True, 'fc_dropout': 0.46348843223778646, 'learning_rate_model': 0.0499823563097424}. Best is trial 68 with value: 0.9740266799926758.
Epoch 10: reducing lr to 0.0003002538657073338
Epoch 13: reducing lr to 0.0003113227784106973
Epoch 16: reducing lr to 0.0003019397111907275
Epoch 19: reducing lr to 0.00028339871247560605
Epoch 22: reducing lr to 0.00025686478669703194
Epoch 25: reducing lr to 0.00022400513684875276
Epoch 34: reducing lr to 0.0001093110742447361
Epoch 37: reducing lr to 7.373250852477802e-05
Epoch 40: reducing lr to 4.333511061406e-05
Epoch 43: reducing lr to 2.0028845696740822e-05
Epoch 46: reducing lr to 5.278166050262526e-06
Epoch 49: reducing lr to 9.890522999211893e-09
[I 2024-06-24 15:40:57,048] Trial 124 finished with value: 1.0949748754501343 and parameters: {'hidden_size': 27, 'n_layers': 7, 'rnn_dropout': 0.042395634134391624, 'bidirectional': False, 'fc_dropout': 0.08600710094813416, 'learning_rate_model': 0.0031237886599691338}. Best is trial 68 with value: 0.9740266799926758.
[I 2024-06-24 15:40:59,937] Trial 125 finished with value: 1.0953974723815918 and parameters: {'hidden_size': 24, 'n_layers': 2, 'rnn_dropout': 0.04882934489573687, 'bidirectional': True, 'fc_dropout': 0.3028644746004818, 'learning_rate_model': 5.659486653989453e-05}. Best is trial 68 with value: 0.9740266799926758.
Epoch 7: reducing lr to 0.0002688501172440289
Epoch 10: reducing lr to 0.00036285661354853196
Epoch 13: reducing lr to 0.0003762333877983654
Epoch 16: reducing lr to 0.0003648939567868256
Epoch 19: reducing lr to 0.0003424871711498527
Epoch 22: reducing lr to 0.00031042093803248735
Epoch 25: reducing lr to 0.00027071007123565763
Epoch 29: reducing lr to 0.00021023325411757533
Epoch 33: reducing lr to 0.00014736723220946162
Epoch 36: reducing lr to 0.00010286905472783889
Epoch 39: reducing lr to 6.376751301698575e-05
Epoch 42: reducing lr to 3.2519479895696354e-05
Epoch 45: reducing lr to 1.1088429710134516e-05
Epoch 48: reducing lr to 8.209271172667561e-07
