[I 2024-06-24 15:43:05,997] Trial 159 finished with value: 1.1041940450668335 and parameters: {'hidden_size': 97, 'n_layers': 1, 'rnn_dropout': 0.4718589184879114, 'bidirectional': False, 'fc_dropout': 0.6306409517343752, 'learning_rate_model': 1.1178590317786991e-05}. Best is trial 153 with value: 0.969097375869751.
Epoch 33: reducing lr to 4.16821912117427e-05
Epoch 38: reducing lr to 2.1507950503213046e-05
Epoch 41: reducing lr to 1.185972166413196e-05
Epoch 44: reducing lr to 4.820939022860769e-06
Epoch 47: reducing lr to 8.338669771318797e-07
[I 2024-06-24 15:43:08,474] Trial 160 finished with value: 0.9850569367408752 and parameters: {'hidden_size': 72, 'n_layers': 1, 'rnn_dropout': 0.7979879941826636, 'bidirectional': True, 'fc_dropout': 0.7431595695144926, 'learning_rate_model': 0.001067769949377941}. Best is trial 153 with value: 0.969097375869751.
Epoch 12: reducing lr to 0.00021780799538225897
Epoch 16: reducing lr to 0.00021058510797920642
Epoch 22: reducing lr to 0.00017914801146670583
Epoch 25: reducing lr to 0.00015623034726092747
Epoch 29: reducing lr to 0.00012132837964492146
Epoch 32: reducing lr to 9.402467124026761e-05
Epoch 35: reducing lr to 6.765777991927111e-05
Epoch 38: reducing lr to 4.38844236139758e-05
Epoch 41: reducing lr to 2.4198356295029715e-05
Epoch 44: reducing lr to 9.836554638935173e-06
Epoch 47: reducing lr to 1.7014067266285516e-06
[I 2024-06-24 15:43:11,599] Trial 161 finished with value: 1.092912197113037 and parameters: {'hidden_size': 100, 'n_layers': 5, 'rnn_dropout': 0.2113101153684557, 'bidirectional': False, 'fc_dropout': 0.1955583994972887, 'learning_rate_model': 0.0021786580164286193}. Best is trial 153 with value: 0.969097375869751.
[I 2024-06-24 15:43:13,858] Trial 162 finished with value: 1.1017955541610718 and parameters: {'hidden_size': 144, 'n_layers': 1, 'rnn_dropout': 0.7768666557003711, 'bidirectional': False, 'fc_dropout': 0.6013123232650325, 'learning_rate_model': 2.0904698538829833e-05}. Best is trial 153 with value: 0.969097375869751.
Epoch 9: reducing lr to 0.0005533257698086839
Epoch 15: reducing lr to 0.0006023005766675643
Epoch 18: reducing lr to 0.0005716263077811916
Epoch 22: reducing lr to 0.0005053788262583447
Epoch 28: reducing lr to 0.00036769330204204393
Epoch 31: reducing lr to 0.00029086432886773816
Epoch 34: reducing lr to 0.0002150684144339424
Epoch 37: reducing lr to 0.00014506795226582248
Epoch 40: reducing lr to 8.526138447984555e-05
Epoch 43: reducing lr to 3.9406547933980904e-05
Epoch 46: reducing lr to 1.0384737423835885e-05
Epoch 49: reducing lr to 1.945950228784271e-08
[I 2024-06-24 15:43:16,734] Trial 163 finished with value: 1.0939090251922607 and parameters: {'hidden_size': 105, 'n_layers': 4, 'rnn_dropout': 0.537978120419944, 'bidirectional': False, 'fc_dropout': 0.5453162700820984, 'learning_rate_model': 0.006146022063804241}. Best is trial 153 with value: 0.969097375869751.
[I 2024-06-24 15:43:19,210] Trial 164 finished with value: 1.0968859195709229 and parameters: {'hidden_size': 130, 'n_layers': 2, 'rnn_dropout': 0.6086419650446049, 'bidirectional': False, 'fc_dropout': 0.18701495408328475, 'learning_rate_model': 5.0899740979609974e-05}. Best is trial 153 with value: 0.969097375869751.
[I 2024-06-24 15:43:21,823] Trial 165 finished with value: 1.1069068908691406 and parameters: {'hidden_size': 88, 'n_layers': 3, 'rnn_dropout': 0.652381543204501, 'bidirectional': False, 'fc_dropout': 0.3421320797575714, 'learning_rate_model': 2.4989769577785342e-05}. Best is trial 153 with value: 0.969097375869751.
Epoch 42: reducing lr to 7.936981293661649e-06
Epoch 45: reducing lr to 2.7063366163204487e-06
Epoch 48: reducing lr to 2.0036246563919208e-07
[I 2024-06-24 15:43:25,165] Trial 166 finished with value: 0.9799264669418335 and parameters: {'hidden_size': 37, 'n_layers': 3, 'rnn_dropout': 0.15507821400760574, 'bidirectional': True, 'fc_dropout': 0.551076207214932, 'learning_rate_model': 0.0009213822578516836}. Best is trial 153 with value: 0.969097375869751.
Epoch 18: reducing lr to 0.0007382187673561208
Epoch 22: reducing lr to 0.0006526643877124125
Epoch 25: reducing lr to 0.0005691717318118316
Epoch 28: reducing lr to 0.0004748523510966211
Epoch 31: reducing lr to 0.00037563265266440227
Epoch 34: reducing lr to 0.0002777470834345045
Epoch 37: reducing lr to 0.0001873459696427145
Epoch 40: reducing lr to 0.00011010961758933045
Epoch 43: reducing lr to 5.089103291012059e-05
Epoch 46: reducing lr to 1.3411223304431348e-05
Epoch 49: reducing lr to 2.513070094366937e-08
[I 2024-06-24 15:43:28,003] Trial 167 finished with value: 0.9948239922523499 and parameters: {'hidden_size': 32, 'n_layers': 2, 'rnn_dropout': 0.36928166471329765, 'bidirectional': True, 'fc_dropout': 0.5835181586049222, 'learning_rate_model': 0.00793719388055494}. Best is trial 153 with value: 0.969097375869751.
Epoch 35: reducing lr to 1.9725981918004375e-06
Epoch 42: reducing lr to 5.471740135755692e-07
Epoch 45: reducing lr to 1.8657434276948082e-07
Epoch 48: reducing lr to 1.3812951100344786e-08
[I 2024-06-24 15:43:32,857] Trial 168 finished with value: 1.0758516788482666 and parameters: {'hidden_size': 77, 'n_layers': 6, 'rnn_dropout': 0.3427539807608588, 'bidirectional': True, 'fc_dropout': 0.46482852593447216, 'learning_rate_model': 6.351992141755928e-05}. Best is trial 153 with value: 0.969097375869751.
Epoch 5: reducing lr to 0.0002572509958261362
Epoch 8: reducing lr to 0.00044028183260066565
Epoch 11: reducing lr to 0.0005368297573707338
Epoch 14: reducing lr to 0.0005344924735933415
Epoch 17: reducing lr to 0.0005128357223461988
Epoch 20: reducing lr to 0.0004759171199357229
Epoch 23: reducing lr to 0.00042605639656926
Epoch 42: reducing lr to 4.650642722361618e-05
Epoch 45: reducing lr to 1.5857672108919586e-05
Epoch 48: reducing lr to 1.1740159239174465e-06
[I 2024-06-24 15:43:36,499] Trial 169 finished with value: 1.0942859649658203 and parameters: {'hidden_size': 113, 'n_layers': 7, 'rnn_dropout': 0.24399518066817283, 'bidirectional': False, 'fc_dropout': 0.2638756501455059, 'learning_rate_model': 0.005398802811105274}. Best is trial 153 with value: 0.969097375869751.
Epoch 20: reducing lr to 2.1017964017664224e-05
Epoch 23: reducing lr to 1.8815961093809398e-05
Epoch 26: reducing lr to 1.6180753711105434e-05
Epoch 29: reducing lr to 1.327792205572707e-05
Epoch 32: reducing lr to 1.0289861775928644e-05
Epoch 35: reducing lr to 7.404324782550752e-06
Epoch 38: reducing lr to 4.802618792999514e-06
Epoch 41: reducing lr to 2.648217092344286e-06
Epoch 44: reducing lr to 1.0764917999805262e-06
Epoch 47: reducing lr to 1.8619836486219747e-07
[I 2024-06-24 15:43:38,780] Trial 170 finished with value: 1.0921897888183594 and parameters: {'hidden_size': 182, 'n_layers': 1, 'rnn_dropout': 0.7028702905638164, 'bidirectional': False, 'fc_dropout': 0.5336950309593632, 'learning_rate_model': 0.0002384277397661184}. Best is trial 153 with value: 0.969097375869751.
[I 2024-06-24 15:43:43,137] Trial 171 finished with value: 0.9962334632873535 and parameters: {'hidden_size': 44, 'n_layers': 5, 'rnn_dropout': 0.6782304349717934, 'bidirectional': True, 'fc_dropout': 0.7650412078041857, 'learning_rate_model': 0.0022892462334419333}. Best is trial 153 with value: 0.969097375869751.
Epoch 37: reducing lr to 2.8066894917747e-05
Epoch 42: reducing lr to 1.0243125987639063e-05
Epoch 45: reducing lr to 3.4926813986658904e-06
Epoch 48: reducing lr to 2.5857916288341434e-07
[I 2024-06-24 15:43:47,001] Trial 172 finished with value: 0.9779380559921265 and parameters: {'hidden_size': 52, 'n_layers': 4, 'rnn_dropout': 0.2693967989609338, 'bidirectional': True, 'fc_dropout': 0.7941606989318544, 'learning_rate_model': 0.0011890962320255246}. Best is trial 153 with value: 0.969097375869751.
Epoch 5: reducing lr to 0.004382502064575645
Epoch 8: reducing lr to 0.007500596972116863
Epoch 11: reducing lr to 0.009145377697946534
Epoch 14: reducing lr to 0.009105559966835227
Epoch 17: reducing lr to 0.008736617733014877
Epoch 20: reducing lr to 0.008107676139356253
Epoch 23: reducing lr to 0.00725825387611867
Epoch 26: reducing lr to 0.0062417230646162735
Epoch 29: reducing lr to 0.005121956234246816
Epoch 32: reducing lr to 0.003969312476120704
Epoch 35: reducing lr to 0.002856217058754028
Epoch 38: reducing lr to 0.0018526094041126512
Epoch 41: reducing lr to 0.0010215493048418138
Epoch 44: reducing lr to 0.00041525653358144424
Epoch 47: reducing lr to 7.182598841218024e-05
[I 2024-06-24 15:43:49,233] Trial 173 finished with value: 1.1582368612289429 and parameters: {'hidden_size': 47, 'n_layers': 1, 'rnn_dropout': 0.2962445550191101, 'bidirectional': False, 'fc_dropout': 0.3311358765835271, 'learning_rate_model': 0.0919734611324751}. Best is trial 153 with value: 0.969097375869751.
Epoch 10: reducing lr to 8.542453036356333e-05
Epoch 13: reducing lr to 8.857372102291613e-05
Epoch 16: reducing lr to 8.590416634874935e-05
Epoch 19: reducing lr to 8.062910984288403e-05
Epoch 22: reducing lr to 7.308000421189872e-05
Epoch 25: reducing lr to 6.373118150952436e-05
Epoch 28: reducing lr to 5.317007097599162e-05
Epoch 31: reducing lr to 4.206026306270171e-05
Epoch 34: reducing lr to 3.109983999338431e-05
Epoch 37: reducing lr to 2.0977464847683216e-05
Epoch 40: reducing lr to 1.2329171728524799e-05
Epoch 43: reducing lr to 5.6983603969185135e-06
Epoch 46: reducing lr to 1.5016787709373498e-06
Epoch 49: reducing lr to 2.813929739979397e-09
[I 2024-06-24 15:43:51,791] Trial 174 finished with value: 1.0924094915390015 and parameters: {'hidden_size': 188, 'n_layers': 2, 'rnn_dropout': 0.3159058100294404, 'bidirectional': False, 'fc_dropout': 0.6242908186314149, 'learning_rate_model': 0.0008887418605061119}. Best is trial 153 with value: 0.969097375869751.
Epoch 7: reducing lr to 0.0003941030059492007
Epoch 10: reducing lr to 0.0005319055970439603
Epoch 13: reducing lr to 0.0005515143924419481
Epoch 16: reducing lr to 0.0005348921052984201
Epoch 19: reducing lr to 0.000502046363352267
Epoch 22: reducing lr to 0.00045504099474552454
Epoch 25: reducing lr to 0.00039682948219753637
Epoch 28: reducing lr to 0.00033106952097939344
Epoch 31: reducing lr to 0.00026189303284405166
Epoch 34: reducing lr to 0.00019364670650514406
Epoch 37: reducing lr to 0.00013061858129962794
Epoch 40: reducing lr to 7.67689962286957e-05
Epoch 43: reducing lr to 3.5481491981224045e-05
Epoch 46: reducing lr to 9.350374416156743e-06
Epoch 49: reducing lr to 1.752125498386686e-08
[I 2024-06-24 15:43:54,284] Trial 175 finished with value: 1.0931371450424194 and parameters: {'hidden_size': 93, 'n_layers': 2, 'rnn_dropout': 0.7286449112694068, 'bidirectional': False, 'fc_dropout': 0.1507747197331348, 'learning_rate_model': 0.005533852722614425}. Best is trial 153 with value: 0.969097375869751.
Epoch 14: reducing lr to 1.7085577683815538e-05
Epoch 17: reducing lr to 1.6393298327055785e-05
Epoch 20: reducing lr to 1.5213158885200896e-05
Epoch 24: reducing lr to 1.30127675440177e-05
Epoch 27: reducing lr to 1.1026708766123079e-05
Epoch 30: reducing lr to 8.889990959485177e-06
Epoch 33: reducing lr to 6.736873397697135e-06
Epoch 36: reducing lr to 4.702645139302098e-06
Epoch 39: reducing lr to 2.915123366576029e-06
Epoch 42: reducing lr to 1.4866236932839493e-06
Epoch 45: reducing lr to 5.069060877133265e-07
Epoch 48: reducing lr to 3.7528573854883855e-08
[I 2024-06-24 15:43:57,913] Trial 176 finished with value: 1.1066570281982422 and parameters: {'hidden_size': 81, 'n_layers': 7, 'rnn_dropout': 0.09821770355953596, 'bidirectional': False, 'fc_dropout': 0.46672505168658235, 'learning_rate_model': 0.0001725780425093903}. Best is trial 153 with value: 0.969097375869751.
Epoch 14: reducing lr to 0.000626328075025841
Epoch 17: reducing lr to 0.0006009502970587438
Epoch 22: reducing lr to 0.0005202123735792803
Epoch 25: reducing lr to 0.0004536637560658978
Epoch 28: reducing lr to 0.0003784855943029065
Epoch 31: reducing lr to 0.0002994015875775564
Epoch 34: reducing lr to 0.00022138096125424322
Epoch 37: reducing lr to 0.00014932589150442894
Epoch 40: reducing lr to 8.77639206282115e-05
Epoch 43: reducing lr to 4.056318304246206e-05
Epoch 46: reducing lr to 1.0689543414883156e-05
Epoch 49: reducing lr to 2.003066481596691e-08
[I 2024-06-24 15:44:00,387] Trial 177 finished with value: 1.093382477760315 and parameters: {'hidden_size': 16, 'n_layers': 2, 'rnn_dropout': 0.11632290733698857, 'bidirectional': False, 'fc_dropout': 0.6984755026157125, 'learning_rate_model': 0.006326416066049896}. Best is trial 153 with value: 0.969097375869751.
Epoch 42: reducing lr to 3.0420927323013434e-06
[I 2024-06-24 15:44:05,314] Trial 178 finished with value: 1.048413872718811 and parameters: {'hidden_size': 103, 'n_layers': 6, 'rnn_dropout': 0.3966611176681699, 'bidirectional': True, 'fc_dropout': 0.7397926508306973, 'learning_rate_model': 0.00035314815123986564}. Best is trial 153 with value: 0.969097375869751.
[I 2024-06-24 15:44:08,206] Trial 179 finished with value: 1.0639573335647583 and parameters: {'hidden_size': 107, 'n_layers': 2, 'rnn_dropout': 0.7079732150704507, 'bidirectional': True, 'fc_dropout': 0.5740759697558036, 'learning_rate_model': 5.800691551121672e-05}. Best is trial 153 with value: 0.969097375869751.
Epoch 9: reducing lr to 0.0003219645564088714
[I 2024-06-24 15:44:13,030] Trial 180 finished with value: 0.9931470155715942 and parameters: {'hidden_size': 37, 'n_layers': 6, 'rnn_dropout': 0.5953087370956281, 'bidirectional': True, 'fc_dropout': 0.49859771615006726, 'learning_rate_model': 0.003576195751981789}. Best is trial 153 with value: 0.969097375869751.
Epoch 9: reducing lr to 0.00020889859111599486
Epoch 15: reducing lr to 0.0002273881838861553
Epoch 18: reducing lr to 0.0002158076432652259
Epoch 22: reducing lr to 0.0001907970503917175
Epoch 25: reducing lr to 0.00016638917281310987
Epoch 28: reducing lr to 0.00013881625789076971
Epoch 31: reducing lr to 0.00010981080553573072
Epoch 34: reducing lr to 8.119536667221452e-05
Epoch 37: reducing lr to 5.4767900752012115e-05
Epoch 40: reducing lr to 3.2188963656251114e-05
Epoch 43: reducing lr to 1.4877261810885461e-05
Epoch 46: reducing lr to 3.920578319890899e-06
Epoch 49: reducing lr to 7.346599116770172e-09
[I 2024-06-24 15:44:15,232] Trial 181 finished with value: 1.0924965143203735 and parameters: {'hidden_size': 76, 'n_layers': 1, 'rnn_dropout': 0.7044308780514614, 'bidirectional': False, 'fc_dropout': 0.20311089675419175, 'learning_rate_model': 0.00232032451794255}. Best is trial 153 with value: 0.969097375869751.
Epoch 11: reducing lr to 0.0009212093071593503
Epoch 14: reducing lr to 0.0009171984870815815
Epoch 17: reducing lr to 0.0008800351209719695
Epoch 23: reducing lr to 0.0007311202713811678
Epoch 26: reducing lr to 0.0006287256327452459
Epoch 29: reducing lr to 0.0005159320817236968
Epoch 32: reducing lr to 0.00039982685426400165
Epoch 35: reducing lr to 0.00028770531132708816
Epoch 38: reducing lr to 0.00018661241579806106
Epoch 41: reducing lr to 0.00010290014895215811
Epoch 44: reducing lr to 4.182858228806117e-05
Epoch 47: reducing lr to 7.234995776727454e-06
[I 2024-06-24 15:44:18,604] Trial 182 finished with value: 1.1211827993392944 and parameters: {'hidden_size': 95, 'n_layers': 3, 'rnn_dropout': 0.10137070707753822, 'bidirectional': True, 'fc_dropout': 0.24228664377406287, 'learning_rate_model': 0.009264440595593887}. Best is trial 153 with value: 0.969097375869751.
Epoch 29: reducing lr to 2.788427576169771e-06
Epoch 34: reducing lr to 1.752138991015177e-06
Epoch 37: reducing lr to 1.1818528359018817e-06
Epoch 42: reducing lr to 4.3132193755201684e-07
Epoch 45: reducing lr to 1.470713247052116e-07
Epoch 48: reducing lr to 1.088836217381635e-08
[I 2024-06-24 15:44:23,705] Trial 183 finished with value: 1.0741008520126343 and parameters: {'hidden_size': 129, 'n_layers': 5, 'rnn_dropout': 0.006706463620025272, 'bidirectional': True, 'fc_dropout': 0.18472676038734337, 'learning_rate_model': 5.007097358286679e-05}. Best is trial 153 with value: 0.969097375869751.
Epoch 11: reducing lr to 0.00015253077572545184
Epoch 16: reducing lr to 0.00014827125178470276
Epoch 41: reducing lr to 1.7037864706703657e-05
Epoch 44: reducing lr to 6.9258376509109905e-06
Epoch 47: reducing lr to 1.197946557441481e-06
[I 2024-06-24 15:44:28,543] Trial 184 finished with value: 1.0448637008666992 and parameters: {'hidden_size': 50, 'n_layers': 6, 'rnn_dropout': 0.7860718314440683, 'bidirectional': True, 'fc_dropout': 0.624179663753091, 'learning_rate_model': 0.001533975286317709}. Best is trial 153 with value: 0.969097375869751.
[I 2024-06-24 15:44:33,482] Trial 185 finished with value: 1.0216546058654785 and parameters: {'hidden_size': 167, 'n_layers': 4, 'rnn_dropout': 0.471961038639523, 'bidirectional': True, 'fc_dropout': 0.4296056934724326, 'learning_rate_model': 0.00029102706982436836}. Best is trial 153 with value: 0.969097375869751.
Epoch 10: reducing lr to 3.616954079156924e-05
Epoch 13: reducing lr to 3.750293741112472e-05
Epoch 16: reducing lr to 3.637262312936444e-05
Epoch 19: reducing lr to 3.413911513517698e-05
Epoch 22: reducing lr to 3.094275358776539e-05
Epoch 25: reducing lr to 2.6984375091008578e-05
Epoch 28: reducing lr to 2.251270264960155e-05
Epoch 31: reducing lr to 1.7808706633515332e-05
Epoch 34: reducing lr to 1.316796154997402e-05
Epoch 37: reducing lr to 8.882053752977029e-06
Epoch 40: reducing lr to 5.220285998216621e-06
Epoch 43: reducing lr to 2.412738799314714e-06
Epoch 46: reducing lr to 6.35824760523583e-07
Epoch 49: reducing lr to 1.1914440276332342e-09
[I 2024-06-24 15:44:37,101] Trial 186 finished with value: 1.107337474822998 and parameters: {'hidden_size': 127, 'n_layers': 7, 'rnn_dropout': 0.31425835599757, 'bidirectional': False, 'fc_dropout': 0.5160627192683411, 'learning_rate_model': 0.00037630157098835073}. Best is trial 153 with value: 0.969097375869751.
Epoch 7: reducing lr to 0.003594854831272372
Epoch 10: reducing lr to 0.004851836642831306
Epoch 13: reducing lr to 0.005030700472357575
Epoch 18: reducing lr to 0.004694802200994644
Epoch 21: reducing lr to 0.004306467302734917
Epoch 24: reducing lr to 0.0038061275631691206
Epoch 27: reducing lr to 0.003225221692757729
Epoch 30: reducing lr to 0.0026002492946073023
Epoch 33: reducing lr to 0.0019704801028543593
Epoch 36: reducing lr to 0.0013754850552701661
Epoch 39: reducing lr to 0.0008526496272243167
Epoch 42: reducing lr to 0.0004348252126942495
Epoch 45: reducing lr to 0.00014826586472536306
Epoch 48: reducing lr to 1.0976799429662787e-05
[I 2024-06-24 15:44:40,918] Trial 187 finished with value: 1.1981052160263062 and parameters: {'hidden_size': 143, 'n_layers': 3, 'rnn_dropout': 0.10889052339849768, 'bidirectional': True, 'fc_dropout': 0.17437514404893434, 'learning_rate_model': 0.05047765912753394}. Best is trial 153 with value: 0.969097375869751.
Epoch 6: reducing lr to 0.0016836587812636855
Epoch 9: reducing lr to 0.00254011605744289
Epoch 12: reducing lr to 0.0028206651419755533
Epoch 15: reducing lr to 0.0027649414678976017
Epoch 18: reducing lr to 0.0026241271281361687
Epoch 21: reducing lr to 0.0024070700301588657
Epoch 24: reducing lr to 0.0021274086029743453
Epoch 27: reducing lr to 0.0018027152957425456
Epoch 30: reducing lr to 0.0014533913084667021
Epoch 33: reducing lr to 0.0011013861866762318
Epoch 36: reducing lr to 0.0007688178315831108
Epoch 39: reducing lr to 0.000476582595347785
Epoch 42: reducing lr to 0.00024304253678393908
Epoch 45: reducing lr to 8.287217674899337e-05
Epoch 48: reducing lr to 6.1354059085565875e-06
[I 2024-06-24 15:44:44,414] Trial 188 finished with value: 1.104604721069336 and parameters: {'hidden_size': 143, 'n_layers': 5, 'rnn_dropout': 0.597325977698404, 'bidirectional': False, 'fc_dropout': 0.7444478553998761, 'learning_rate_model': 0.02821413746745477}. Best is trial 153 with value: 0.969097375869751.
[I 2024-06-24 15:44:47,268] Trial 189 finished with value: 1.1019319295883179 and parameters: {'hidden_size': 46, 'n_layers': 2, 'rnn_dropout': 0.05728822355344363, 'bidirectional': True, 'fc_dropout': 0.528478684742879, 'learning_rate_model': 2.283088758720842e-05}. Best is trial 153 with value: 0.969097375869751.
Epoch 13: reducing lr to 0.00016677467315124418
Epoch 16: reducing lr to 0.00016174819234969409
Epoch 22: reducing lr to 0.00013760169128694116
Epoch 25: reducing lr to 0.00011999887599893912
Epoch 28: reducing lr to 0.00010011345471367566
Epoch 31: reducing lr to 7.919489600219669e-05
Epoch 34: reducing lr to 5.8557612687523276e-05
Epoch 37: reducing lr to 3.9498282369879615e-05
Epoch 40: reducing lr to 2.321448801635305e-05
Epoch 43: reducing lr to 1.072939221383963e-05
Epoch 46: reducing lr to 2.827497629194595e-06
Epoch 49: reducing lr to 5.298323331524683e-09
[I 2024-06-24 15:44:50,121] Trial 190 finished with value: 1.0926557779312134 and parameters: {'hidden_size': 54, 'n_layers': 4, 'rnn_dropout': 0.08396293466394243, 'bidirectional': False, 'fc_dropout': 0.27136334790808, 'learning_rate_model': 0.0016734041608502312}. Best is trial 153 with value: 0.969097375869751.
Epoch 19: reducing lr to 2.454911751894959e-05
Epoch 23: reducing lr to 2.135449377764995e-05
Epoch 26: reducing lr to 1.8363760571080796e-05
Epoch 29: reducing lr to 1.5069296886058761e-05
Epoch 32: reducing lr to 1.1678106059607061e-05
Epoch 35: reducing lr to 8.403270325038068e-06
Epoch 38: reducing lr to 5.450558311649305e-06
Epoch 41: reducing lr to 3.0054981054854575e-06
Epoch 44: reducing lr to 1.221725392062939e-06
Epoch 47: reducing lr to 2.1131909255310122e-07
[I 2024-06-24 15:44:52,736] Trial 191 finished with value: 1.0922719240188599 and parameters: {'hidden_size': 115, 'n_layers': 3, 'rnn_dropout': 0.5570160664808824, 'bidirectional': False, 'fc_dropout': 0.4491930070394994, 'learning_rate_model': 0.0002705949305417018}. Best is trial 153 with value: 0.969097375869751.
