[I 2024-06-24 15:37:08,811] Trial 63 finished with value: 1.1906331777572632 and parameters: {'hidden_size': 17, 'n_layers': 4, 'rnn_dropout': 0.0024143652956770904, 'bidirectional': True, 'fc_dropout': 0.6367735535538155, 'learning_rate_model': 0.04582445195599803}. Best is trial 24 with value: 0.9763447046279907.
Epoch 13: reducing lr to 0.0006966571339247921
Epoch 16: reducing lr to 0.0006756603384116015
Epoch 22: reducing lr to 0.0005747947099151568
Epoch 25: reducing lr to 0.000501263599850106
Epoch 28: reducing lr to 0.00041819750631373636
Epoch 33: reducing lr to 0.0002728743300169143
Epoch 36: reducing lr to 0.0001904787378271062
Epoch 39: reducing lr to 0.0001180758919772781
Epoch 42: reducing lr to 6.021509093978167e-05
Epoch 45: reducing lr to 2.0532025896991338e-05
Epoch 48: reducing lr to 1.5200796931470402e-06
[I 2024-06-24 15:37:11,356] Trial 64 finished with value: 1.0930390357971191 and parameters: {'hidden_size': 42, 'n_layers': 2, 'rnn_dropout': 0.1501053383219472, 'bidirectional': False, 'fc_dropout': 0.791964142687259, 'learning_rate_model': 0.006990203755569746}. Best is trial 24 with value: 0.9763447046279907.
Epoch 5: reducing lr to 0.0008482071936425261
Epoch 21: reducing lr to 0.0015186730975458446
Epoch 24: reducing lr to 0.0013422285900886283
Epoch 27: reducing lr to 0.0011373724851694135
Epoch 30: reducing lr to 0.0009169763458147737
Epoch 33: reducing lr to 0.0006948886200886332
Epoch 36: reducing lr to 0.0004850639753350851
Epoch 39: reducing lr to 0.00030068637690008947
Epoch 42: reducing lr to 0.00015334084906067498
Epoch 45: reducing lr to 5.228586779232776e-05
Epoch 48: reducing lr to 3.870961699952574e-06
[I 2024-06-24 15:37:18,187] Trial 65 finished with value: 1.140175700187683 and parameters: {'hidden_size': 151, 'n_layers': 7, 'rnn_dropout': 0.3206989858968967, 'bidirectional': True, 'fc_dropout': 0.0955656402669832, 'learning_rate_model': 0.017800916053720233}. Best is trial 24 with value: 0.9763447046279907.
Epoch 12: reducing lr to 0.00013630071479353638
Epoch 15: reducing lr to 0.00013360802486919203
Epoch 18: reducing lr to 0.00012680356769451988
Epoch 21: reducing lr to 0.0001163148935286116
Epoch 24: reducing lr to 0.0001028010411190578
Epoch 27: reducing lr to 8.7111149679702e-05
Epoch 30: reducing lr to 7.023104985797053e-05
Epoch 33: reducing lr to 5.322139174682608e-05
Epoch 36: reducing lr to 3.7150960754384695e-05
Epoch 39: reducing lr to 2.3029514364319688e-05
Epoch 42: reducing lr to 1.1744347457594241e-05
Epoch 45: reducing lr to 4.004565008192671e-06
Epoch 48: reducing lr to 2.9647624542169986e-07
[I 2024-06-24 15:37:20,742] Trial 66 finished with value: 1.0920495986938477 and parameters: {'hidden_size': 43, 'n_layers': 2, 'rnn_dropout': 0.6552713429068246, 'bidirectional': False, 'fc_dropout': 0.21331096172130817, 'learning_rate_model': 0.0013633688901489999}. Best is trial 24 with value: 0.9763447046279907.
[I 2024-06-24 15:37:24,439] Trial 67 finished with value: 1.107583999633789 and parameters: {'hidden_size': 74, 'n_layers': 7, 'rnn_dropout': 0.29324531508098756, 'bidirectional': False, 'fc_dropout': 0.7511091818957707, 'learning_rate_model': 1.3298296907035845e-05}. Best is trial 24 with value: 0.9763447046279907.
Epoch 9: reducing lr to 0.00015433093437824383
Epoch 40: reducing lr to 2.3780690962047347e-05
Epoch 43: reducing lr to 1.0991082821562971e-05
Epoch 46: reducing lr to 2.8964604891752167e-06
Epoch 49: reducing lr to 5.427549798855437e-09
[I 2024-06-24 15:37:31,181] Trial 68 finished with value: 0.9740266799926758 and parameters: {'hidden_size': 148, 'n_layers': 7, 'rnn_dropout': 0.021829778813975055, 'bidirectional': True, 'fc_dropout': 0.6875914566924687, 'learning_rate_model': 0.0017142186024413223}. Best is trial 68 with value: 0.9740266799926758.
[I 2024-06-24 15:37:35,733] Trial 69 finished with value: 1.0537914037704468 and parameters: {'hidden_size': 143, 'n_layers': 4, 'rnn_dropout': 0.5026472300170858, 'bidirectional': True, 'fc_dropout': 0.4614047479896726, 'learning_rate_model': 0.00017610709636270444}. Best is trial 68 with value: 0.9740266799926758.
Epoch 9: reducing lr to 0.0050333868147849495
Epoch 12: reducing lr to 0.005589311044644059
Epoch 15: reducing lr to 0.005478891363010421
Epoch 18: reducing lr to 0.005199859608138024
Epoch 21: reducing lr to 0.004769748420181406
Epoch 24: reducing lr to 0.00421558313467411
Epoch 27: reducing lr to 0.0035721845755095722
Epoch 30: reducing lr to 0.0028799788999104895
Epoch 33: reducing lr to 0.002182460401271276
Epoch 36: reducing lr to 0.001523456979504171
Epoch 39: reducing lr to 0.000944375964456682
Epoch 42: reducing lr to 0.0004816028371993672
Epoch 45: reducing lr to 0.00016421600916173562
Epoch 48: reducing lr to 1.2157661502510547e-05
[I 2024-06-24 15:37:39,461] Trial 70 finished with value: 1.107361078262329 and parameters: {'hidden_size': 111, 'n_layers': 7, 'rnn_dropout': 0.3411798308011168, 'bidirectional': False, 'fc_dropout': 0.7454888933092325, 'learning_rate_model': 0.05590794448273345}. Best is trial 68 with value: 0.9740266799926758.
Epoch 25: reducing lr to 3.586244036316454e-06
Epoch 28: reducing lr to 2.9919553573579375e-06
Epoch 31: reducing lr to 2.3667906980819596e-06
Epoch 34: reducing lr to 1.7500321359961372e-06
Epoch 37: reducing lr to 1.1804317200019137e-06
Epoch 40: reducing lr to 6.937799917852718e-07
Epoch 43: reducing lr to 3.206548271379038e-07
Epoch 46: reducing lr to 8.45015957523439e-08
Epoch 49: reducing lr to 1.5834382023955275e-10
[I 2024-06-24 15:37:44,087] Trial 71 finished with value: 1.1068346500396729 and parameters: {'hidden_size': 172, 'n_layers': 7, 'rnn_dropout': 0.18232023196105357, 'bidirectional': False, 'fc_dropout': 0.25150129289124035, 'learning_rate_model': 5.001076586958479e-05}. Best is trial 68 with value: 0.9740266799926758.
Epoch 9: reducing lr to 0.00017834590306910675
Epoch 12: reducing lr to 0.00019804373525656927
Epoch 15: reducing lr to 0.00019413128056905963
Epoch 18: reducing lr to 0.00018424446436778952
Epoch 22: reducing lr to 0.00016289182264584117
Epoch 25: reducing lr to 0.00014205374544531152
Epoch 28: reducing lr to 0.00011851353684073618
Epoch 31: reducing lr to 9.375030810591445e-05
Epoch 34: reducing lr to 6.932005102007885e-05
Epoch 37: reducing lr to 4.675776254227178e-05
Epoch 40: reducing lr to 2.7481132167833003e-05
Epoch 43: reducing lr to 1.2701371889026333e-05
Epoch 46: reducing lr to 3.3471699223947816e-06
Epoch 49: reducing lr to 6.272114364035477e-09
[I 2024-06-24 15:37:46,783] Trial 72 finished with value: 1.0926989316940308 and parameters: {'hidden_size': 128, 'n_layers': 3, 'rnn_dropout': 0.6530812094617713, 'bidirectional': False, 'fc_dropout': 0.1922844998793111, 'learning_rate_model': 0.0019809629608084447}. Best is trial 68 with value: 0.9740266799926758.
[I 2024-06-24 15:37:49,348] Trial 73 finished with value: 1.0925095081329346 and parameters: {'hidden_size': 80, 'n_layers': 1, 'rnn_dropout': 0.1830509367683007, 'bidirectional': True, 'fc_dropout': 0.41521278725894306, 'learning_rate_model': 4.9989708054979095e-05}. Best is trial 68 with value: 0.9740266799926758.
Epoch 3: reducing lr to 6.069049177927621e-05
Epoch 6: reducing lr to 0.00014395244185147938
Epoch 9: reducing lr to 0.00021717934365573193
Epoch 12: reducing lr to 0.0002411662264060254
Epoch 15: reducing lr to 0.00023640186497975315
Epoch 18: reducing lr to 0.00022436227104187233
Epoch 23: reducing lr to 0.00019037124888845436
Epoch 26: reducing lr to 0.00016370943140146555
Epoch 29: reducing lr to 0.0001343399144901485
Epoch 32: reducing lr to 0.00010410809351734877
Epoch 35: reducing lr to 7.491355604969229e-05
Epoch 38: reducing lr to 4.859069026557905e-05
Epoch 41: reducing lr to 2.6793443751496746e-05
Epoch 44: reducing lr to 1.0891449411420084e-05
Epoch 47: reducing lr to 1.8838695022316364e-06
[I 2024-06-24 15:37:53,050] Trial 74 finished with value: 1.1074843406677246 and parameters: {'hidden_size': 121, 'n_layers': 7, 'rnn_dropout': 0.6534680870332976, 'bidirectional': False, 'fc_dropout': 0.7212500677354571, 'learning_rate_model': 0.002412302319431398}. Best is trial 68 with value: 0.9740266799926758.
[I 2024-06-24 15:37:55,571] Trial 75 finished with value: 1.1027545928955078 and parameters: {'hidden_size': 21, 'n_layers': 1, 'rnn_dropout': 0.05229737203378111, 'bidirectional': True, 'fc_dropout': 0.7802800274162293, 'learning_rate_model': 4.6982180906249337e-05}. Best is trial 68 with value: 0.9740266799926758.
Epoch 17: reducing lr to 1.0720776231899979e-06
Epoch 20: reducing lr to 9.948996775066422e-07
Epoch 23: reducing lr to 8.906663656135088e-07
Epoch 26: reducing lr to 7.659270248756585e-07
Epoch 29: reducing lr to 6.285195064611818e-07
Epoch 32: reducing lr to 4.870776329170363e-07
Epoch 35: reducing lr to 3.504887691368712e-07
Epoch 38: reducing lr to 2.2733523971812177e-07
Epoch 41: reducing lr to 1.2535516422649705e-07
Epoch 44: reducing lr to 5.0956474363504674e-08
Epoch 47: reducing lr to 8.81382673402498e-09
[I 2024-06-24 15:37:59,782] Trial 76 finished with value: 1.1075388193130493 and parameters: {'hidden_size': 195, 'n_layers': 6, 'rnn_dropout': 0.6593902716995983, 'bidirectional': False, 'fc_dropout': 0.3815058668169547, 'learning_rate_model': 1.1286139856486e-05}. Best is trial 68 with value: 0.9740266799926758.
[I 2024-06-24 15:38:03,738] Trial 77 finished with value: 1.1055004596710205 and parameters: {'hidden_size': 81, 'n_layers': 4, 'rnn_dropout': 0.5840729688720835, 'bidirectional': True, 'fc_dropout': 0.11013019275648253, 'learning_rate_model': 1.1054902973283413e-05}. Best is trial 68 with value: 0.9740266799926758.
Epoch 8: reducing lr to 0.000853098401870044
Epoch 11: reducing lr to 0.001040171486032295
Epoch 14: reducing lr to 0.001035642720801551
Epoch 17: reducing lr to 0.0009936801901890475
Epoch 20: reducing lr to 0.0009221460082546807
Epoch 23: reducing lr to 0.0008255349281000425
Epoch 26: reducing lr to 0.0007099173560630253
Epoch 29: reducing lr to 0.0005825579876012287
Epoch 32: reducing lr to 0.0004514592828396862
Epoch 35: reducing lr to 0.000324858703550544
Epoch 38: reducing lr to 0.0002107109777812621
Epoch 41: reducing lr to 0.00011618836242391142
Epoch 44: reducing lr to 4.7230198673699034e-05
Epoch 47: reducing lr to 8.169301210950685e-06
[I 2024-06-24 15:38:06,634] Trial 78 finished with value: 1.0955311059951782 and parameters: {'hidden_size': 156, 'n_layers': 3, 'rnn_dropout': 0.7875067601548086, 'bidirectional': False, 'fc_dropout': 0.4191169085329054, 'learning_rate_model': 0.010460822384971712}. Best is trial 68 with value: 0.9740266799926758.
[I 2024-06-24 15:38:08,914] Trial 79 finished with value: 1.1032068729400635 and parameters: {'hidden_size': 101, 'n_layers': 1, 'rnn_dropout': 0.25000110279363963, 'bidirectional': False, 'fc_dropout': 0.6161199650496738, 'learning_rate_model': 3.321567816135707e-05}. Best is trial 68 with value: 0.9740266799926758.
[I 2024-06-24 15:38:11,831] Trial 80 finished with value: 1.0933618545532227 and parameters: {'hidden_size': 20, 'n_layers': 4, 'rnn_dropout': 0.6479909685299331, 'bidirectional': False, 'fc_dropout': 0.5494465813255934, 'learning_rate_model': 0.0006265951288394312}. Best is trial 68 with value: 0.9740266799926758.
Epoch 14: reducing lr to 0.00039107577733250235
Epoch 17: reducing lr to 0.0003752300334784611
Epoch 20: reducing lr to 0.0003482175462143443
Epoch 23: reducing lr to 0.0003117356084654209
Epoch 29: reducing lr to 0.00021998350711728147
Epoch 32: reducing lr to 0.00017047847334248348
Epoch 38: reducing lr to 7.956794150449967e-05
Epoch 42: reducing lr to 3.4027676863548864e-05
Epoch 45: reducing lr to 1.1602691811518369e-05
Epoch 48: reducing lr to 8.590002904251652e-07
[I 2024-06-24 15:38:15,572] Trial 81 finished with value: 1.0926530361175537 and parameters: {'hidden_size': 185, 'n_layers': 5, 'rnn_dropout': 0.004191870121172681, 'bidirectional': False, 'fc_dropout': 0.6643196560298716, 'learning_rate_model': 0.003950179114447677}. Best is trial 68 with value: 0.9740266799926758.
Epoch 10: reducing lr to 0.0025475366025506352
Epoch 13: reducing lr to 0.0026414519970979346
Epoch 16: reducing lr to 0.0025618403420381275
Epoch 19: reducing lr to 0.002404527220478999
Epoch 22: reducing lr to 0.0021793972393177657
Epoch 25: reducing lr to 0.0019005959638095115
Epoch 31: reducing lr to 0.0012543242463156049
Epoch 34: reducing lr to 0.0009274617066014127
Epoch 40: reducing lr to 0.00036768146250115637
Epoch 43: reducing lr to 0.00016993692120860422
Epoch 46: reducing lr to 4.478317431719711e-05
Epoch 49: reducing lr to 8.391721884881687e-08
[I 2024-06-24 15:38:19,122] Trial 82 finished with value: 1.0974271297454834 and parameters: {'hidden_size': 140, 'n_layers': 5, 'rnn_dropout': 0.21929582013348173, 'bidirectional': False, 'fc_dropout': 0.2819437041731271, 'learning_rate_model': 0.026504124871653878}. Best is trial 68 with value: 0.9740266799926758.
Epoch 20: reducing lr to 2.2875643147165028e-05
Epoch 24: reducing lr to 1.956697020916107e-05
Epoch 27: reducing lr to 1.6580583738392798e-05
Epoch 32: reducing lr to 1.1199334332382045e-05
Epoch 42: reducing lr to 2.2353985361163887e-06
Epoch 45: reducing lr to 7.622218935040388e-07
Epoch 48: reducing lr to 5.643076955972899e-08
[I 2024-06-24 15:38:24,062] Trial 83 finished with value: 1.0749874114990234 and parameters: {'hidden_size': 52, 'n_layers': 6, 'rnn_dropout': 0.23168219694950196, 'bidirectional': True, 'fc_dropout': 0.6461587272897676, 'learning_rate_model': 0.00025950124791777955}. Best is trial 68 with value: 0.9740266799926758.
Epoch 15: reducing lr to 7.041540982280583e-06
Epoch 18: reducing lr to 6.682925815979482e-06
Epoch 21: reducing lr to 6.130141437486202e-06
Epoch 24: reducing lr to 5.417921152338449e-06
Epoch 27: reducing lr to 4.591017127030665e-06
Epoch 30: reducing lr to 3.701385573865501e-06
Epoch 33: reducing lr to 2.8049259128423764e-06
Epoch 36: reducing lr to 1.9579663193076534e-06
Epoch 39: reducing lr to 1.2137240211217944e-06
Epoch 42: reducing lr to 6.189621021174268e-07
Epoch 45: reducing lr to 2.1105250713048814e-07
Epoch 48: reducing lr to 1.5625181454881678e-08
[I 2024-06-24 15:38:27,500] Trial 84 finished with value: 1.1084543466567993 and parameters: {'hidden_size': 55, 'n_layers': 6, 'rnn_dropout': 0.2469135581045209, 'bidirectional': False, 'fc_dropout': 0.17711736072656087, 'learning_rate_model': 7.185360253135694e-05}. Best is trial 68 with value: 0.9740266799926758.
Epoch 9: reducing lr to 0.0014239440639673387
Epoch 14: reducing lr to 0.0015658504316223751
Epoch 17: reducing lr to 0.0015024047612654196
Epoch 22: reducing lr to 0.0013005560539032337
Epoch 25: reducing lr to 0.0011341812966278186
Epoch 28: reducing lr to 0.000946232262025945
Epoch 31: reducing lr to 0.0007485184264131837
Epoch 34: reducing lr to 0.000553463093153905
Epoch 37: reducing lr to 0.00037332193939248055
Epoch 40: reducing lr to 0.00021941403950459515
Epoch 43: reducing lr to 0.00010140991631645471
Epoch 46: reducing lr to 2.6724374712646173e-05
Epoch 49: reducing lr to 5.007762927840276e-08
[I 2024-06-24 15:38:29,786] Trial 85 finished with value: 1.098707914352417 and parameters: {'hidden_size': 52, 'n_layers': 1, 'rnn_dropout': 0.3016660793658673, 'bidirectional': False, 'fc_dropout': 0.5396512190107284, 'learning_rate_model': 0.015816345654373305}. Best is trial 68 with value: 0.9740266799926758.
[I 2024-06-24 15:38:32,706] Trial 86 finished with value: 1.0595283508300781 and parameters: {'hidden_size': 30, 'n_layers': 2, 'rnn_dropout': 0.1661005294430515, 'bidirectional': True, 'fc_dropout': 0.44310768884113144, 'learning_rate_model': 0.00016522355094605626}. Best is trial 68 with value: 0.9740266799926758.
Epoch 7: reducing lr to 0.005711581162388893
Epoch 10: reducing lr to 0.0077087003711844276
Epoch 13: reducing lr to 0.007992882995324881
Epoch 16: reducing lr to 0.007751982670557931
Epoch 19: reducing lr to 0.007275962142593432
Epoch 22: reducing lr to 0.006594731667786999
Epoch 25: reducing lr to 0.00575109491931188
Epoch 28: reducing lr to 0.0047980614482061494
Epoch 31: reducing lr to 0.0037955135849580173
Epoch 34: reducing lr to 0.002806446193856226
Epoch 37: reducing lr to 0.0018930041566470068
Epoch 40: reducing lr to 0.0011125831219156988
Epoch 43: reducing lr to 0.0005142194252624743
Epoch 46: reducing lr to 0.00013551132970421458
Epoch 49: reducing lr to 2.5392871507434747e-07
[I 2024-06-24 15:38:37,708] Trial 87 finished with value: 1.1075776815414429 and parameters: {'hidden_size': 170, 'n_layers': 4, 'rnn_dropout': 0.7387649720950202, 'bidirectional': True, 'fc_dropout': 0.10096808299948697, 'learning_rate_model': 0.08019996926893054}. Best is trial 68 with value: 0.9740266799926758.
[I 2024-06-24 15:38:40,644] Trial 88 finished with value: 1.0837403535842896 and parameters: {'hidden_size': 45, 'n_layers': 2, 'rnn_dropout': 0.3449454041282968, 'bidirectional': True, 'fc_dropout': 0.5834551354888987, 'learning_rate_model': 5.6882708517701854e-05}. Best is trial 68 with value: 0.9740266799926758.
Epoch 5: reducing lr to 0.00011656517258961006
Epoch 8: reducing lr to 0.00019949982172217588
Epoch 18: reducing lr to 0.0002275240474108565
Epoch 22: reducing lr to 0.0002011556054380569
Epoch 25: reducing lr to 0.0001754226007521735
Epoch 29: reducing lr to 0.00013623307043421112
Epoch 32: reducing lr to 0.00010557521411821713
Epoch 35: reducing lr to 7.59692589989207e-05
Epoch 38: reducing lr to 4.927544397002725e-05
Epoch 41: reducing lr to 2.7171024513644466e-05
Epoch 44: reducing lr to 1.1044934786715553e-05
Epoch 47: reducing lr to 1.9104175223008667e-06
[I 2024-06-24 15:38:44,512] Trial 89 finished with value: 1.0930464267730713 and parameters: {'hidden_size': 135, 'n_layers': 6, 'rnn_dropout': 0.1685859136666566, 'bidirectional': False, 'fc_dropout': 0.5105749684962667, 'learning_rate_model': 0.002446297163720527}. Best is trial 68 with value: 0.9740266799926758.
Epoch 3: reducing lr to 0.0005517919142114715
Epoch 6: reducing lr to 0.0013088012819788468
Epoch 9: reducing lr to 0.001974572989107133
Epoch 12: reducing lr to 0.0021926593410333526
Epoch 15: reducing lr to 0.0021493422408694726
Epoch 18: reducing lr to 0.002039879450396903
Epoch 21: reducing lr to 0.0018711489384566633
Epoch 26: reducing lr to 0.0014884298656866733
Epoch 36: reducing lr to 0.0005976447097130559
Epoch 39: reducing lr to 0.0003704740644014725
Epoch 42: reducing lr to 0.0001889304336829236
Epoch 45: reducing lr to 6.442113590739116e-05
Epoch 48: reducing lr to 4.7693910476043214e-06
[I 2024-06-24 15:38:47,953] Trial 90 finished with value: 1.1036078929901123 and parameters: {'hidden_size': 70, 'n_layers': 6, 'rnn_dropout': 0.7562467519999598, 'bidirectional': False, 'fc_dropout': 0.04491283172953225, 'learning_rate_model': 0.021932412730099944}. Best is trial 68 with value: 0.9740266799926758.
Epoch 15: reducing lr to 0.00013001962762079975
Epoch 18: reducing lr to 0.00012339792215903031
Epoch 23: reducing lr to 0.00010470306100293806
Epoch 26: reducing lr to 9.003921906730479e-05
Epoch 29: reducing lr to 7.388615846205422e-05
Epoch 32: reducing lr to 5.72588357227909e-05
Epoch 35: reducing lr to 4.1202012776697475e-05
Epoch 38: reducing lr to 2.6724592273031743e-05
Epoch 41: reducing lr to 1.4736235602654012e-05
Epoch 44: reducing lr to 5.990232762524521e-06
Epoch 47: reducing lr to 1.0361170847248421e-06
[I 2024-06-24 15:38:50,635] Trial 91 finished with value: 1.0928435325622559 and parameters: {'hidden_size': 51, 'n_layers': 3, 'rnn_dropout': 0.24006483674028517, 'bidirectional': False, 'fc_dropout': 0.2961233420429906, 'learning_rate_model': 0.0013267520089493556}. Best is trial 68 with value: 0.9740266799926758.
Epoch 25: reducing lr to 1.922307096257968e-05
Epoch 28: reducing lr to 1.60375505874489e-05
Epoch 31: reducing lr to 1.2686528044961049e-05
Epoch 34: reducing lr to 9.380564065462307e-06
Epoch 37: reducing lr to 6.327378307301125e-06
Epoch 40: reducing lr to 3.7188160870961394e-06
Epoch 43: reducing lr to 1.7187816652033646e-06
Epoch 46: reducing lr to 4.52947472383107e-07
Epoch 49: reducing lr to 8.48758328246893e-10
[I 2024-06-24 15:38:52,922] Trial 92 finished with value: 1.0917065143585205 and parameters: {'hidden_size': 107, 'n_layers': 1, 'rnn_dropout': 0.16516324711154642, 'bidirectional': False, 'fc_dropout': 0.2092396414663897, 'learning_rate_model': 0.0002680689020235863}. Best is trial 68 with value: 0.9740266799926758.
[I 2024-06-24 15:38:57,837] Trial 93 finished with value: 1.1067509651184082 and parameters: {'hidden_size': 35, 'n_layers': 6, 'rnn_dropout': 0.08526710143104088, 'bidirectional': True, 'fc_dropout': 0.4579240899477195, 'learning_rate_model': 1.5114066835104806e-05}. Best is trial 68 with value: 0.9740266799926758.
[I 2024-06-24 15:39:01,125] Trial 94 finished with value: 1.0510737895965576 and parameters: {'hidden_size': 161, 'n_layers': 2, 'rnn_dropout': 0.4223231827265013, 'bidirectional': True, 'fc_dropout': 0.4408697393495774, 'learning_rate_model': 7.353072250353887e-05}. Best is trial 68 with value: 0.9740266799926758.
Epoch 23: reducing lr to 0.00013576407632975062
Epoch 33: reducing lr to 6.715650588908868e-05
Epoch 36: reducing lr to 4.687830650042942e-05
Epoch 39: reducing lr to 2.905940010714807e-05
Epoch 42: reducing lr to 1.4819404628712402e-05
Epoch 45: reducing lr to 5.053092088144577e-06
Epoch 48: reducing lr to 3.741034961346132e-07
