[I 2024-06-24 15:52:26,647] Trial 312 finished with value: 0.9722083806991577 and parameters: {'hidden_size': 194, 'n_layers': 3, 'rnn_dropout': 0.3391609688896605, 'bidirectional': True, 'fc_dropout': 0.7621528155508279, 'learning_rate_model': 0.0015121556764017996}. Best is trial 212 with value: 0.9678940773010254.
Epoch 18: reducing lr to 0.00012538630182440367
Epoch 22: reducing lr to 0.00011085490849932622
Epoch 27: reducing lr to 8.613752045465487e-05
Epoch 30: reducing lr to 6.944608716491823e-05
Epoch 37: reducing lr to 3.182067340191982e-05
Epoch 40: reducing lr to 1.8702095307426988e-05
Epoch 43: reducing lr to 8.643831198544668e-06
Epoch 46: reducing lr to 2.2778934476379732e-06
Epoch 49: reducing lr to 4.2684442510924904e-09
[I 2024-06-24 15:52:31,369] Trial 313 finished with value: 0.9716821908950806 and parameters: {'hidden_size': 195, 'n_layers': 3, 'rnn_dropout': 0.3289838567776995, 'bidirectional': True, 'fc_dropout': 0.7647156829415455, 'learning_rate_model': 0.001348130705360372}. Best is trial 212 with value: 0.9678940773010254.
Epoch 18: reducing lr to 0.0001353616646410855
Epoch 22: reducing lr to 0.00011967419670067596
Epoch 30: reducing lr to 7.49710121813616e-05
Epoch 37: reducing lr to 3.435223193452429e-05
Epoch 40: reducing lr to 2.0189978620111436e-05
Epoch 43: reducing lr to 9.331508808275839e-06
Epoch 46: reducing lr to 2.4591159038976238e-06
Epoch 49: reducing lr to 4.608029033868755e-09
[I 2024-06-24 15:52:36,051] Trial 314 finished with value: 0.9713049530982971 and parameters: {'hidden_size': 195, 'n_layers': 3, 'rnn_dropout': 0.3305393141670096, 'bidirectional': True, 'fc_dropout': 0.7656508587581484, 'learning_rate_model': 0.0014553839915216638}. Best is trial 212 with value: 0.9678940773010254.
Epoch 18: reducing lr to 0.00013778382539482185
Epoch 22: reducing lr to 0.00012181564600430193
Epoch 30: reducing lr to 7.631254298962316e-05
Epoch 37: reducing lr to 3.496693055112063e-05
Epoch 40: reducing lr to 2.0551257967274312e-05
Epoch 43: reducing lr to 9.498486766684397e-06
Epoch 46: reducing lr to 2.5031193080157992e-06
Epoch 49: reducing lr to 4.690485075667903e-09
[I 2024-06-24 15:52:40,797] Trial 315 finished with value: 0.9715873003005981 and parameters: {'hidden_size': 195, 'n_layers': 3, 'rnn_dropout': 0.36959614591816936, 'bidirectional': True, 'fc_dropout': 0.7623419033896652, 'learning_rate_model': 0.001481426623275839}. Best is trial 212 with value: 0.9678940773010254.
Epoch 18: reducing lr to 0.0001339730627986215
Epoch 22: reducing lr to 0.00011844652407656497
Epoch 36: reducing lr to 3.9251482341308015e-05
Epoch 39: reducing lr to 2.433160699062962e-05
Epoch 42: reducing lr to 1.2408374843644897e-05
Epoch 45: reducing lr to 4.230983789164662e-06
Epoch 48: reducing lr to 3.1323906234143485e-07
[I 2024-06-24 15:52:45,547] Trial 316 finished with value: 0.9708471298217773 and parameters: {'hidden_size': 197, 'n_layers': 3, 'rnn_dropout': 0.34395474712623875, 'bidirectional': True, 'fc_dropout': 0.7642554575382866, 'learning_rate_model': 0.0014404539971434316}. Best is trial 212 with value: 0.9678940773010254.
Epoch 18: reducing lr to 0.00013064853177087796
Epoch 22: reducing lr to 0.00011550728288736551
Epoch 36: reducing lr to 3.827745989080427e-05
Epoch 39: reducing lr to 2.3727820074771777e-05
Epoch 42: reducing lr to 1.2100461996764783e-05
Epoch 45: reducing lr to 4.125992258844128e-06
Epoch 48: reducing lr to 3.0546605961907605e-07
[I 2024-06-24 15:52:50,212] Trial 317 finished with value: 0.9706220626831055 and parameters: {'hidden_size': 197, 'n_layers': 3, 'rnn_dropout': 0.34501651717223775, 'bidirectional': True, 'fc_dropout': 0.7601843585863973, 'learning_rate_model': 0.0014047092443736993}. Best is trial 212 with value: 0.9678940773010254.
Epoch 18: reducing lr to 0.00012595829154351466
Epoch 22: reducing lr to 0.000111360608620089
Epoch 36: reducing lr to 3.6903311404421084e-05
Epoch 39: reducing lr to 2.2875998973425574e-05
Epoch 42: reducing lr to 1.1666059306909555e-05
Epoch 45: reducing lr to 3.977870465143754e-06
Epoch 48: reducing lr to 2.9449992642567937e-07
[I 2024-06-24 15:52:54,919] Trial 318 finished with value: 0.9704656600952148 and parameters: {'hidden_size': 197, 'n_layers': 3, 'rnn_dropout': 0.34099694497558153, 'bidirectional': True, 'fc_dropout': 0.7732337521582978, 'learning_rate_model': 0.0013542806347566776}. Best is trial 212 with value: 0.9678940773010254.
Epoch 18: reducing lr to 0.00013278651444059508
Epoch 22: reducing lr to 0.00011739748835459869
Epoch 32: reducing lr to 6.161530991386818e-05
Epoch 36: reducing lr to 3.890384692155063e-05
Epoch 39: reducing lr to 2.4116111220660764e-05
Epoch 42: reducing lr to 1.2298478596675958e-05
Epoch 45: reducing lr to 4.193511578236601e-06
Epoch 48: reducing lr to 3.104648233464603e-07
[I 2024-06-24 15:52:59,649] Trial 319 finished with value: 0.9710922837257385 and parameters: {'hidden_size': 198, 'n_layers': 3, 'rnn_dropout': 0.3405236374181927, 'bidirectional': True, 'fc_dropout': 0.776040182222545, 'learning_rate_model': 0.0014276964450697567}. Best is trial 212 with value: 0.9678940773010254.
Epoch 18: reducing lr to 0.0001268535322837502
Epoch 32: reducing lr to 5.8862300424557505e-05
Epoch 37: reducing lr to 3.2193028759505866e-05
Epoch 40: reducing lr to 1.8920941253829397e-05
Epoch 43: reducing lr to 8.744978550651082e-06
Epoch 46: reducing lr to 2.3045486292717864e-06
Epoch 49: reducing lr to 4.318392222524108e-09
[I 2024-06-24 15:53:04,294] Trial 320 finished with value: 0.9708101749420166 and parameters: {'hidden_size': 198, 'n_layers': 3, 'rnn_dropout': 0.34146799717561915, 'bidirectional': True, 'fc_dropout': 0.780648136918196, 'learning_rate_model': 0.001363906100322217}. Best is trial 212 with value: 0.9678940773010254.
Epoch 18: reducing lr to 0.0001309724584193978
Epoch 22: reducing lr to 0.0001157936687083019
Epoch 32: reducing lr to 6.077355558047015e-05
Epoch 36: reducing lr to 3.837236405182481e-05
Epoch 39: reducing lr to 2.3786650228691757e-05
Epoch 42: reducing lr to 1.213046357463961e-05
Epoch 45: reducing lr to 4.136222139165856e-06
Epoch 48: reducing lr to 3.0622342440220394e-07
[I 2024-06-24 15:53:09,075] Trial 321 finished with value: 0.971125602722168 and parameters: {'hidden_size': 198, 'n_layers': 3, 'rnn_dropout': 0.3389195964884541, 'bidirectional': True, 'fc_dropout': 0.7703990060486683, 'learning_rate_model': 0.0014081920447657676}. Best is trial 212 with value: 0.9678940773010254.
Epoch 18: reducing lr to 0.00012836958820289685
Epoch 32: reducing lr to 5.956577739809283e-05
Epoch 36: reducing lr to 3.76097740788444e-05
Epoch 39: reducing lr to 2.331392822150207e-05
Epoch 42: reducing lr to 1.1889389819654613e-05
Epoch 45: reducing lr to 4.054021273848106e-06
Epoch 48: reducing lr to 3.0013771874627755e-07
[I 2024-06-24 15:53:13,872] Trial 322 finished with value: 0.9712830781936646 and parameters: {'hidden_size': 198, 'n_layers': 3, 'rnn_dropout': 0.3370027607653397, 'bidirectional': True, 'fc_dropout': 0.7802537212324462, 'learning_rate_model': 0.0013802064577448899}. Best is trial 212 with value: 0.9678940773010254.
Epoch 18: reducing lr to 0.00013315843495292578
Epoch 21: reducing lr to 0.00012214411207497498
Epoch 30: reducing lr to 7.375073788710456e-05
Epoch 38: reducing lr to 2.8838450595997642e-05
Epoch 41: reducing lr to 1.59018404492915e-05
Epoch 44: reducing lr to 6.464047414295399e-06
Epoch 47: reducing lr to 1.1180717391022195e-06
[I 2024-06-24 15:53:18,517] Trial 323 finished with value: 0.9718698263168335 and parameters: {'hidden_size': 200, 'n_layers': 3, 'rnn_dropout': 0.3182267700575357, 'bidirectional': True, 'fc_dropout': 0.7812521548088786, 'learning_rate_model': 0.0014316952667538711}. Best is trial 212 with value: 0.9678940773010254.
Epoch 18: reducing lr to 0.00012595036851390282
Epoch 21: reducing lr to 0.00011553226750588607
Epoch 30: reducing lr to 6.975849947723479e-05
Epoch 37: reducing lr to 3.196382286595452e-05
Epoch 40: reducing lr to 1.8786229130924974e-05
Epoch 43: reducing lr to 8.682716604508571e-06
Epoch 46: reducing lr to 2.28814084944622e-06
Epoch 49: reducing lr to 4.287646406236217e-09
[I 2024-06-24 15:53:23,213] Trial 324 finished with value: 0.9723451733589172 and parameters: {'hidden_size': 200, 'n_layers': 3, 'rnn_dropout': 0.31446502356259387, 'bidirectional': True, 'fc_dropout': 0.7810578954771451, 'learning_rate_model': 0.0013541954477837488}. Best is trial 212 with value: 0.9678940773010254.
Epoch 18: reducing lr to 0.00013263524592077022
Epoch 21: reducing lr to 0.00012166419910661819
Epoch 30: reducing lr to 7.346096595347113e-05
Epoch 38: reducing lr to 2.8725142257239253e-05
Epoch 41: reducing lr to 1.583936097874878e-05
Epoch 44: reducing lr to 6.438649708835056e-06
Epoch 47: reducing lr to 1.1136787551258932e-06
[I 2024-06-24 15:53:27,930] Trial 325 finished with value: 0.9719758033752441 and parameters: {'hidden_size': 200, 'n_layers': 3, 'rnn_dropout': 0.3191636066178996, 'bidirectional': True, 'fc_dropout': 0.7829554260252259, 'learning_rate_model': 0.0014260700334652746}. Best is trial 212 with value: 0.9678940773010254.
Epoch 18: reducing lr to 0.00012778507395765006
Epoch 21: reducing lr to 0.00011721521359506809
Epoch 30: reducing lr to 7.077466402084541e-05
Epoch 36: reducing lr to 3.743852285791774e-05
Epoch 39: reducing lr to 2.3207771277720425e-05
Epoch 42: reducing lr to 1.1835253027489361e-05
Epoch 45: reducing lr to 4.035561814576868e-06
Epoch 48: reducing lr to 2.9877108063051764e-07
[I 2024-06-24 15:53:32,647] Trial 326 finished with value: 0.9722070693969727 and parameters: {'hidden_size': 200, 'n_layers': 3, 'rnn_dropout': 0.30788865694954703, 'bidirectional': True, 'fc_dropout': 0.7840645734595999, 'learning_rate_model': 0.0013739218669221913}. Best is trial 212 with value: 0.9678940773010254.
Epoch 18: reducing lr to 0.00012900818092738577
Epoch 22: reducing lr to 0.00011405703720648741
Epoch 32: reducing lr to 5.986209580658399e-05
Epoch 36: reducing lr to 3.779686923457912e-05
Epoch 39: reducing lr to 2.3429906664293192e-05
Epoch 42: reducing lr to 1.1948535275706434e-05
Epoch 45: reducing lr to 4.074188577698254e-06
Epoch 48: reducing lr to 3.016307963998053e-07
[I 2024-06-24 15:53:37,083] Trial 327 finished with value: 0.9710811376571655 and parameters: {'hidden_size': 198, 'n_layers': 3, 'rnn_dropout': 0.31191124113586066, 'bidirectional': True, 'fc_dropout': 0.7856178717403844, 'learning_rate_model': 0.0013870724905377613}. Best is trial 212 with value: 0.9678940773010254.
Epoch 18: reducing lr to 0.00012947698177044118
Epoch 21: reducing lr to 0.00011876717369116823
Epoch 30: reducing lr to 7.171173908991193e-05
Epoch 38: reducing lr to 2.804114920264549e-05
Epoch 41: reducing lr to 1.5462199647339292e-05
Epoch 44: reducing lr to 6.285334830796632e-06
Epoch 47: reducing lr to 1.0871602255836101e-06
[I 2024-06-24 15:53:41,788] Trial 328 finished with value: 0.9719130992889404 and parameters: {'hidden_size': 200, 'n_layers': 3, 'rnn_dropout': 0.31683641649670796, 'bidirectional': True, 'fc_dropout': 0.7981095656614122, 'learning_rate_model': 0.001392112951912138}. Best is trial 212 with value: 0.9678940773010254.
Epoch 18: reducing lr to 0.0001259996088204198
Epoch 27: reducing lr to 8.655884832815977e-05
Epoch 32: reducing lr to 5.8466064714497005e-05
Epoch 36: reducing lr to 3.691541655698651e-05
Epoch 39: reducing lr to 2.288350283817704e-05
Epoch 42: reducing lr to 1.1669886048260763e-05
Epoch 45: reducing lr to 3.979175300049742e-06
Epoch 48: reducing lr to 2.9459652931590646e-07
[I 2024-06-24 15:53:46,473] Trial 329 finished with value: 0.9713562726974487 and parameters: {'hidden_size': 199, 'n_layers': 3, 'rnn_dropout': 0.3065189783346039, 'bidirectional': True, 'fc_dropout': 0.7989770882316704, 'learning_rate_model': 0.0013547248706010022}. Best is trial 212 with value: 0.9678940773010254.
Epoch 18: reducing lr to 0.00013118114428893737
Epoch 21: reducing lr to 0.00012033037483367756
Epoch 30: reducing lr to 7.265560151412166e-05
Epoch 36: reducing lr to 3.843350492262379e-05
Epoch 39: reducing lr to 2.3824550851817547e-05
Epoch 42: reducing lr to 1.2149791732403025e-05
Epoch 45: reducing lr to 4.1428126172261916e-06
Epoch 48: reducing lr to 3.06711347606561e-07
[I 2024-06-24 15:53:51,091] Trial 330 finished with value: 0.9717886447906494 and parameters: {'hidden_size': 200, 'n_layers': 3, 'rnn_dropout': 0.3086842396836726, 'bidirectional': True, 'fc_dropout': 0.7826920415922535, 'learning_rate_model': 0.0014104357972682948}. Best is trial 212 with value: 0.9678940773010254.
Epoch 18: reducing lr to 0.000122647881653157
Epoch 21: reducing lr to 0.00011250294889465671
Epoch 30: reducing lr to 6.792939384882624e-05
Epoch 36: reducing lr to 3.593342617048286e-05
Epoch 39: reducing lr to 2.2274776677335002e-05
Epoch 42: reducing lr to 1.1359454337615013e-05
Epoch 45: reducing lr to 3.873324892406907e-06
Epoch 48: reducing lr to 2.867599399809665e-07
[I 2024-06-24 15:53:55,467] Trial 331 finished with value: 0.9729161262512207 and parameters: {'hidden_size': 200, 'n_layers': 3, 'rnn_dropout': 0.30854235894461257, 'bidirectional': True, 'fc_dropout': 0.7974073281964942, 'learning_rate_model': 0.0013186877098870233}. Best is trial 212 with value: 0.9678940773010254.
Epoch 18: reducing lr to 0.00013134266065677555
Epoch 22: reducing lr to 0.00011612096710177577
Epoch 32: reducing lr to 6.094533601828745e-05
Epoch 36: reducing lr to 3.848082605366011e-05
Epoch 39: reducing lr to 2.3853884754489446e-05
Epoch 42: reducing lr to 1.2164751124938019e-05
Epoch 45: reducing lr to 4.147913442121382e-06
Epoch 48: reducing lr to 3.070889849804935e-07
[I 2024-06-24 15:54:00,232] Trial 332 finished with value: 0.970807671546936 and parameters: {'hidden_size': 198, 'n_layers': 3, 'rnn_dropout': 0.31744709017233147, 'bidirectional': True, 'fc_dropout': 0.7796705627599377, 'learning_rate_model': 0.0014121723918701986}. Best is trial 212 with value: 0.9678940773010254.
Epoch 18: reducing lr to 0.00012656512421611003
Epoch 32: reducing lr to 5.872847393966051e-05
Epoch 37: reducing lr to 3.211983624331132e-05
Epoch 40: reducing lr to 1.887792351512943e-05
Epoch 43: reducing lr to 8.725096389548109e-06
Epoch 46: reducing lr to 2.2993091187513936e-06
Epoch 49: reducing lr to 4.30857413442811e-09
[I 2024-06-24 15:54:04,886] Trial 333 finished with value: 0.9699176549911499 and parameters: {'hidden_size': 198, 'n_layers': 3, 'rnn_dropout': 0.291963610736818, 'bidirectional': True, 'fc_dropout': 0.7805921543921838, 'learning_rate_model': 0.0013608051892497787}. Best is trial 212 with value: 0.9678940773010254.
Epoch 18: reducing lr to 0.00012680289615167915
Epoch 32: reducing lr to 5.8838804356575433e-05
Epoch 37: reducing lr to 3.218017826628989e-05
Epoch 40: reducing lr to 1.8913388580577115e-05
Epoch 43: reducing lr to 8.741487817039845e-06
Epoch 46: reducing lr to 2.3036287224575656e-06
Epoch 49: reducing lr to 4.3166684496418615e-09
[I 2024-06-24 15:54:09,668] Trial 334 finished with value: 0.9696583151817322 and parameters: {'hidden_size': 198, 'n_layers': 3, 'rnn_dropout': 0.28626575999091775, 'bidirectional': True, 'fc_dropout': 0.783048136698263, 'learning_rate_model': 0.0013633616698425519}. Best is trial 212 with value: 0.9678940773010254.
Epoch 18: reducing lr to 0.00012875495221881242
Epoch 23: reducing lr to 0.0001092484977115163
Epoch 36: reducing lr to 3.7722678184712485e-05
Epoch 39: reducing lr to 2.338391636380261e-05
Epoch 42: reducing lr to 1.1925081630089082e-05
Epoch 45: reducing lr to 4.066191398724027e-06
Epoch 48: reducing lr to 3.010387286992095e-07
[I 2024-06-24 15:54:14,407] Trial 335 finished with value: 0.9706343412399292 and parameters: {'hidden_size': 197, 'n_layers': 3, 'rnn_dropout': 0.2854536623371318, 'bidirectional': True, 'fc_dropout': 0.7829429312898512, 'learning_rate_model': 0.0013843498215337375}. Best is trial 212 with value: 0.9678940773010254.
Epoch 18: reducing lr to 0.00011579920044623103
Epoch 23: reducing lr to 9.825555030649192e-05
Epoch 27: reducing lr to 7.955140116532695e-05
Epoch 36: reducing lr to 3.3926896769427244e-05
Epoch 39: reducing lr to 2.103094888053741e-05
Epoch 42: reducing lr to 1.0725140231294255e-05
Epoch 45: reducing lr to 3.6570376884096724e-06
Epoch 48: reducing lr to 2.707472099983902e-07
[I 2024-06-24 15:54:19,180] Trial 336 finished with value: 0.970599353313446 and parameters: {'hidden_size': 197, 'n_layers': 3, 'rnn_dropout': 0.28867905514245684, 'bidirectional': True, 'fc_dropout': 0.7986424289885011, 'learning_rate_model': 0.0012450519355485185}. Best is trial 212 with value: 0.9678940773010254.
Epoch 18: reducing lr to 0.00012343343217792644
Epoch 23: reducing lr to 0.00010473319123211569
Epoch 36: reducing lr to 3.616357708221904e-05
Epoch 39: reducing lr to 2.2417444958858894e-05
Epoch 42: reducing lr to 1.1432210794520185e-05
Epoch 45: reducing lr to 3.898133249149982e-06
Epoch 48: reducing lr to 2.885966159862615e-07
[I 2024-06-24 15:54:23,949] Trial 337 finished with value: 0.970361590385437 and parameters: {'hidden_size': 197, 'n_layers': 3, 'rnn_dropout': 0.28197449075111064, 'bidirectional': True, 'fc_dropout': 0.799503553767459, 'learning_rate_model': 0.0013271338062120965}. Best is trial 212 with value: 0.9678940773010254.
Epoch 18: reducing lr to 0.0001162114433492509
Epoch 23: reducing lr to 9.860533815597686e-05
Epoch 27: reducing lr to 7.983460260738631e-05
Epoch 36: reducing lr to 3.4047675862553865e-05
Epoch 39: reducing lr to 2.110581864981358e-05
Epoch 42: reducing lr to 1.076332152207351e-05
Epoch 45: reducing lr to 3.6700566715055278e-06
Epoch 48: reducing lr to 2.7171106480397295e-07
[I 2024-06-24 15:54:28,718] Trial 338 finished with value: 0.9706354141235352 and parameters: {'hidden_size': 197, 'n_layers': 3, 'rnn_dropout': 0.28229102668171446, 'bidirectional': True, 'fc_dropout': 0.7988907631586026, 'learning_rate_model': 0.0012494842962413658}. Best is trial 212 with value: 0.9678940773010254.
Epoch 18: reducing lr to 0.00011362262471492472
Epoch 27: reducing lr to 7.805614343901597e-05
Epoch 32: reducing lr to 5.2722923442419484e-05
Epoch 38: reducing lr to 2.460753200191426e-05
Epoch 41: reducing lr to 1.3568865166410237e-05
Epoch 44: reducing lr to 5.515700404211074e-06
Epoch 47: reducing lr to 9.54038290261407e-07
[I 2024-06-24 15:54:33,483] Trial 339 finished with value: 0.971822202205658 and parameters: {'hidden_size': 196, 'n_layers': 3, 'rnn_dropout': 0.27499379240906136, 'bidirectional': True, 'fc_dropout': 0.7980477832304934, 'learning_rate_model': 0.0012216497892755902}. Best is trial 212 with value: 0.9678940773010254.
Epoch 23: reducing lr to 7.777591135034242e-05
Epoch 27: reducing lr to 6.297031267475581e-05
Epoch 38: reducing lr to 1.985165953689777e-05
Epoch 41: reducing lr to 1.0946424516066617e-05
Epoch 44: reducing lr to 4.449686645674575e-06
Epoch 47: reducing lr to 7.696522886553896e-07
[I 2024-06-24 15:54:38,267] Trial 340 finished with value: 0.9703183174133301 and parameters: {'hidden_size': 197, 'n_layers': 3, 'rnn_dropout': 0.2852976787898228, 'bidirectional': True, 'fc_dropout': 0.7997771119770575, 'learning_rate_model': 0.0009855427877990903}. Best is trial 212 with value: 0.9678940773010254.
Epoch 23: reducing lr to 7.380937204933407e-05
Epoch 27: reducing lr to 5.975885278075223e-05
Epoch 37: reducing lr to 2.2075942367191335e-05
Epoch 40: reducing lr to 1.2974784440846203e-05
Epoch 43: reducing lr to 5.9967530215526395e-06
Epoch 46: reducing lr to 1.5803136480959886e-06
Epoch 49: reducing lr to 2.9612801745134734e-09
[I 2024-06-24 15:54:43,052] Trial 341 finished with value: 0.9709838032722473 and parameters: {'hidden_size': 197, 'n_layers': 3, 'rnn_dropout': 0.2878335588045838, 'bidirectional': True, 'fc_dropout': 0.7791996359025266, 'learning_rate_model': 0.0009352805133652826}. Best is trial 212 with value: 0.9678940773010254.
Epoch 27: reducing lr to 5.9458836560570917e-05
Epoch 37: reducing lr to 2.1965111243805404e-05
Epoch 40: reducing lr to 1.2909645208674324e-05
Epoch 43: reducing lr to 5.966646634110971e-06
Epoch 46: reducing lr to 1.5723797654101555e-06
Epoch 49: reducing lr to 2.946413221022702e-09
[I 2024-06-24 15:54:47,788] Trial 342 finished with value: 0.9711705446243286 and parameters: {'hidden_size': 197, 'n_layers': 3, 'rnn_dropout': 0.2925451971620824, 'bidirectional': True, 'fc_dropout': 0.7751032270224807, 'learning_rate_model': 0.0009305849860689576}. Best is trial 212 with value: 0.9678940773010254.
Epoch 23: reducing lr to 7.212228823661643e-05
Epoch 27: reducing lr to 5.839292606448648e-05
Epoch 37: reducing lr to 2.1571345674602184e-05
Epoch 40: reducing lr to 1.2678215750503981e-05
Epoch 43: reducing lr to 5.859683369411922e-06
Epoch 46: reducing lr to 1.5441919266845414e-06
Epoch 49: reducing lr to 2.893593270959609e-09
[I 2024-06-24 15:54:52,479] Trial 343 finished with value: 0.9711950421333313 and parameters: {'hidden_size': 197, 'n_layers': 3, 'rnn_dropout': 0.2872359152504501, 'bidirectional': True, 'fc_dropout': 0.7980796342097192, 'learning_rate_model': 0.0009139025152786148}. Best is trial 212 with value: 0.9678940773010254.
Epoch 23: reducing lr to 7.650085249975598e-05
Epoch 27: reducing lr to 6.193797691544248e-05
Epoch 37: reducing lr to 2.2880948095545477e-05
Epoch 40: reducing lr to 1.3447913769837566e-05
Epoch 43: reducing lr to 6.215426383422316e-06
Epoch 46: reducing lr to 1.637940249857924e-06
Epoch 49: reducing lr to 3.0692641266429415e-09
