[I 2024-06-24 15:46:36,586] Trial 221 finished with value: 1.1047585010528564 and parameters: {'hidden_size': 78, 'n_layers': 1, 'rnn_dropout': 0.6406874841040265, 'bidirectional': False, 'fc_dropout': 0.5357172799004265, 'learning_rate_model': 0.017026110563109636}. Best is trial 212 with value: 0.9678940773010254.
Epoch 10: reducing lr to 0.00011589414798076417
Epoch 13: reducing lr to 0.00012016660656779255
Epoch 16: reducing lr to 0.00011654486275329462
Epoch 19: reducing lr to 0.0001093882746316418
Epoch 22: reducing lr to 9.914651899779396e-05
Epoch 25: reducing lr to 8.646311486195988e-05
Epoch 28: reducing lr to 7.21350184497785e-05
Epoch 31: reducing lr to 5.706251273203122e-05
Epoch 34: reducing lr to 4.219267513712584e-05
Epoch 37: reducing lr to 2.845980428539363e-05
Epoch 40: reducing lr to 1.6726797872983983e-05
Epoch 43: reducing lr to 7.730878007494311e-06
Epoch 46: reducing lr to 2.0373045184784263e-06
Epoch 49: reducing lr to 3.817615248273912e-09
[I 2024-06-24 15:46:39,766] Trial 222 finished with value: 1.092610239982605 and parameters: {'hidden_size': 182, 'n_layers': 4, 'rnn_dropout': 0.4462602429719284, 'bidirectional': False, 'fc_dropout': 0.5463254941038999, 'learning_rate_model': 0.0012057424285486997}. Best is trial 212 with value: 0.9678940773010254.
Epoch 11: reducing lr to 0.0009232030231643467
Epoch 18: reducing lr to 0.0008635275438935436
Epoch 21: reducing lr to 0.0007921000658985544
Epoch 24: reducing lr to 0.0007000712374362922
Epoch 27: reducing lr to 0.0005932236647305851
Epoch 30: reducing lr to 0.00047827081754529593
Epoch 33: reducing lr to 0.0003624356832644468
Epoch 36: reducing lr to 0.00025299665046337415
Epoch 39: reducing lr to 0.00015683012976409747
Epoch 42: reducing lr to 7.997856605360346e-05
Epoch 45: reducing lr to 2.727093763022024e-05
Epoch 48: reducing lr to 2.018992120541435e-06
[I 2024-06-24 15:46:44,775] Trial 223 finished with value: 1.069620132446289 and parameters: {'hidden_size': 169, 'n_layers': 4, 'rnn_dropout': 0.6598868499081856, 'bidirectional': True, 'fc_dropout': 0.7758964562757713, 'learning_rate_model': 0.00928449104813407}. Best is trial 212 with value: 0.9678940773010254.
Epoch 15: reducing lr to 7.7480618577978e-06
Epoch 18: reducing lr to 7.3534646384338255e-06
Epoch 21: reducing lr to 6.745216022205072e-06
Epoch 24: reducing lr to 5.96153431963605e-06
Epoch 27: reducing lr to 5.0516619558070085e-06
Epoch 30: reducing lr to 4.07276822758504e-06
Epoch 33: reducing lr to 3.086361285680395e-06
Epoch 36: reducing lr to 2.1544210557966594e-06
Epoch 39: reducing lr to 1.3355043757625084e-06
Epoch 42: reducing lr to 6.810663556324509e-07
Epoch 45: reducing lr to 2.3222869604895865e-07
Epoch 48: reducing lr to 1.7192951479852772e-08
[I 2024-06-24 15:46:47,816] Trial 224 finished with value: 1.107984185218811 and parameters: {'hidden_size': 64, 'n_layers': 5, 'rnn_dropout': 0.7642098028305495, 'bidirectional': False, 'fc_dropout': 0.4953078651359258, 'learning_rate_model': 7.906311395751618e-05}. Best is trial 212 with value: 0.9678940773010254.
[I 2024-06-24 15:46:52,217] Trial 225 finished with value: 0.9916723966598511 and parameters: {'hidden_size': 157, 'n_layers': 4, 'rnn_dropout': 0.5329504721787962, 'bidirectional': True, 'fc_dropout': 0.5000968546443917, 'learning_rate_model': 0.0004354367145964692}. Best is trial 212 with value: 0.9678940773010254.
Epoch 6: reducing lr to 0.00418868278154667
Epoch 10: reducing lr to 0.006746789079670655
Epoch 13: reducing lr to 0.006995510671231021
Epoch 16: reducing lr to 0.006784670503347178
Epoch 19: reducing lr to 0.006368049030838642
Epoch 22: reducing lr to 0.00577182423199402
Epoch 25: reducing lr to 0.005033458628487465
Epoch 28: reducing lr to 0.004199347104390334
Epoch 31: reducing lr to 0.00332189972027695
Epoch 34: reducing lr to 0.0024562506806167653
Epoch 37: reducing lr to 0.0016567902703260521
Epoch 40: reducing lr to 0.0009737521625857899
Epoch 43: reducing lr to 0.0004500538139845134
Epoch 46: reducing lr to 0.00011860188039447272
Epoch 49: reducing lr to 2.222428424222822e-07
[I 2024-06-24 15:46:54,910] Trial 226 finished with value: 1.1078026294708252 and parameters: {'hidden_size': 32, 'n_layers': 3, 'rnn_dropout': 0.5377155277254789, 'bidirectional': False, 'fc_dropout': 0.7598771111040699, 'learning_rate_model': 0.07019241257270516}. Best is trial 212 with value: 0.9678940773010254.
Epoch 8: reducing lr to 0.0001953537866322838
Epoch 13: reducing lr to 0.0002387359308928624
Epoch 16: reducing lr to 0.00023154058431775677
Epoch 22: reducing lr to 0.00019697515960369368
Epoch 25: reducing lr to 0.00017177694206436028
Epoch 28: reducing lr to 0.00014331120160130544
Epoch 31: reducing lr to 0.00011336653738725556
Epoch 34: reducing lr to 8.38245155074691e-05
Epoch 37: reducing lr to 5.654131428991496e-05
Epoch 40: reducing lr to 3.323125929174634e-05
Epoch 43: reducing lr to 1.5358995401913755e-05
Epoch 46: reducing lr to 4.047528715532024e-06
Epoch 49: reducing lr to 7.584485874371703e-09
[I 2024-06-24 15:46:57,693] Trial 227 finished with value: 1.0924142599105835 and parameters: {'hidden_size': 151, 'n_layers': 3, 'rnn_dropout': 0.5949993570809757, 'bidirectional': False, 'fc_dropout': 0.4847170889742864, 'learning_rate_model': 0.002395457850714959}. Best is trial 212 with value: 0.9678940773010254.
Epoch 12: reducing lr to 0.0004246646096270094
Epoch 22: reducing lr to 0.00034928846492271774
Epoch 25: reducing lr to 0.0003046054361549755
Epoch 28: reducing lr to 0.0002541282348203841
Epoch 31: reducing lr to 0.00020102851495217597
Epoch 34: reducing lr to 0.00014864278522937866
Epoch 37: reducing lr to 0.00010026253519871236
Epoch 40: reducing lr to 5.8927712351223866e-05
Epoch 43: reducing lr to 2.723551506435204e-05
Epoch 46: reducing lr to 7.177326799090965e-06
Epoch 49: reducing lr to 1.3449276719049163e-08
[I 2024-06-24 15:47:00,887] Trial 228 finished with value: 0.9916993975639343 and parameters: {'hidden_size': 178, 'n_layers': 2, 'rnn_dropout': 0.6129506921622574, 'bidirectional': True, 'fc_dropout': 0.3808712944016839, 'learning_rate_model': 0.004247773156507247}. Best is trial 212 with value: 0.9678940773010254.
[I 2024-06-24 15:47:03,390] Trial 229 finished with value: 1.10111665725708 and parameters: {'hidden_size': 172, 'n_layers': 2, 'rnn_dropout': 0.6849273903898975, 'bidirectional': False, 'fc_dropout': 0.022169392097891996, 'learning_rate_model': 2.195637079696368e-05}. Best is trial 212 with value: 0.9678940773010254.
Epoch 9: reducing lr to 1.5879705202143495e-05
Epoch 12: reducing lr to 1.7633576543595023e-05
Epoch 38: reducing lr to 3.552850947966728e-06
Epoch 41: reducing lr to 1.959081287207639e-06
Epoch 44: reducing lr to 7.963602935994281e-07
Epoch 47: reducing lr to 1.3774464841448463e-07
[I 2024-06-24 15:47:07,039] Trial 230 finished with value: 1.0920395851135254 and parameters: {'hidden_size': 197, 'n_layers': 5, 'rnn_dropout': 0.3341058774513466, 'bidirectional': False, 'fc_dropout': 0.029580054687486257, 'learning_rate_model': 0.00017638256496317842}. Best is trial 212 with value: 0.9678940773010254.
Epoch 14: reducing lr to 0.00020339477979618043
Epoch 17: reducing lr to 0.00019515355963193798
Epoch 20: reducing lr to 0.0001811046227831572
Epoch 23: reducing lr to 0.00016213071510318508
Epoch 26: reducing lr to 0.00013942403244834295
Epoch 29: reducing lr to 0.0001144113227725401
Epoch 32: reducing lr to 8.86642271275277e-05
Epoch 35: reducing lr to 6.380053965174025e-05
Epoch 38: reducing lr to 4.1382527068106504e-05
Epoch 41: reducing lr to 2.28187828827685e-05
Epoch 44: reducing lr to 9.275762447817767e-06
Epoch 47: reducing lr to 1.6044077629435213e-06
[I 2024-06-24 15:47:10,099] Trial 231 finished with value: 1.0929582118988037 and parameters: {'hidden_size': 75, 'n_layers': 5, 'rnn_dropout': 0.5206650053405577, 'bidirectional': False, 'fc_dropout': 0.5283661820888798, 'learning_rate_model': 0.00205445046128604}. Best is trial 212 with value: 0.9678940773010254.
Epoch 18: reducing lr to 0.0004974885924452333
Epoch 23: reducing lr to 0.0004221187644953159
Epoch 26: reducing lr to 0.00036300031293017574
Epoch 29: reducing lr to 0.0002978779571920278
Epoch 32: reducing lr to 0.0002308435757295245
Epoch 35: reducing lr to 0.00016610920981127497
Epoch 38: reducing lr to 0.00010774233115893976
Epoch 41: reducing lr to 5.941031242371842e-05
Epoch 44: reducing lr to 2.415010247585076e-05
Epoch 47: reducing lr to 4.177188894833369e-06
[I 2024-06-24 15:47:15,311] Trial 232 finished with value: 1.0243594646453857 and parameters: {'hidden_size': 89, 'n_layers': 7, 'rnn_dropout': 0.12326333746588594, 'bidirectional': True, 'fc_dropout': 0.43879127173288324, 'learning_rate_model': 0.0053489068365791615}. Best is trial 212 with value: 0.9678940773010254.
Epoch 7: reducing lr to 0.002854637791618262
Epoch 10: reducing lr to 0.0038527943100507165
Epoch 13: reducing lr to 0.003994828264489576
Epoch 18: reducing lr to 0.0037280948511593678
Epoch 23: reducing lr to 0.003163286186639513
Epoch 26: reducing lr to 0.0027202625711527386
Epoch 29: reducing lr to 0.0022322467195139196
Epoch 32: reducing lr to 0.0017299024724776956
Epoch 35: reducing lr to 0.0012447941505226343
Epoch 38: reducing lr to 0.0008074026945447392
Epoch 41: reducing lr to 0.0004452107710932421
Epoch 44: reducing lr to 0.00018097675818587108
Epoch 47: reducing lr to 3.1303142720529725e-05
[I 2024-06-24 15:47:18,424] Trial 233 finished with value: 1.1019556522369385 and parameters: {'hidden_size': 59, 'n_layers': 2, 'rnn_dropout': 0.4067856107436928, 'bidirectional': True, 'fc_dropout': 0.09517866973841188, 'learning_rate_model': 0.040083797577684495}. Best is trial 212 with value: 0.9678940773010254.
Epoch 4: reducing lr to 0.00023921237259807217
Epoch 7: reducing lr to 0.0004745605336833244
Epoch 10: reducing lr to 0.0006404960129506494
Epoch 13: reducing lr to 0.0006641080135405552
Epoch 16: reducing lr to 0.000644092227467391
Epoch 19: reducing lr to 0.00060454091070022
Epoch 22: reducing lr to 0.0005479392292228845
Epoch 25: reducing lr to 0.0004778436297367755
Epoch 28: reducing lr to 0.00039865853898743176
Epoch 31: reducing lr to 0.0003153594252220385
Epoch 34: reducing lr to 0.000233180369085905
Epoch 37: reducing lr to 0.0001572848283692109
Epoch 40: reducing lr to 9.24416593394848e-05
Epoch 43: reducing lr to 4.2725164528840694e-05
Epoch 46: reducing lr to 1.1259286547137503e-05
Epoch 49: reducing lr to 2.1098281389499152e-08
[I 2024-06-24 15:47:22,378] Trial 234 finished with value: 1.107422113418579 and parameters: {'hidden_size': 104, 'n_layers': 7, 'rnn_dropout': 0.4427469649986126, 'bidirectional': False, 'fc_dropout': 0.6833903783331062, 'learning_rate_model': 0.006663608401168412}. Best is trial 212 with value: 0.9678940773010254.
Epoch 37: reducing lr to 1.2029920671836208e-05
Epoch 47: reducing lr to 3.9801961823627804e-07
[I 2024-06-24 15:47:26,784] Trial 235 finished with value: 0.9748578071594238 and parameters: {'hidden_size': 181, 'n_layers': 3, 'rnn_dropout': 0.42240111731010094, 'bidirectional': True, 'fc_dropout': 0.18517034842739824, 'learning_rate_model': 0.000509665689217419}. Best is trial 212 with value: 0.9678940773010254.
Epoch 34: reducing lr to 0.00011110255119895453
Epoch 37: reducing lr to 7.49408956046005e-05
Epoch 40: reducing lr to 4.404532092449733e-05
Epoch 43: reducing lr to 2.0357094373585523e-05
Epoch 46: reducing lr to 5.364668839709158e-06
Epoch 49: reducing lr to 1.0052616768174705e-08
[I 2024-06-24 15:47:30,630] Trial 236 finished with value: 1.0942424535751343 and parameters: {'hidden_size': 61, 'n_layers': 6, 'rnn_dropout': 0.7893419559744661, 'bidirectional': False, 'fc_dropout': 0.26409244175925944, 'learning_rate_model': 0.0031749837967185394}. Best is trial 212 with value: 0.9678940773010254.
Epoch 14: reducing lr to 0.00028173722652173985
Epoch 17: reducing lr to 0.0002703216999553481
Epoch 22: reducing lr to 0.00023400386662927536
Epoch 25: reducing lr to 0.00020406871973951968
Epoch 33: reducing lr to 0.00011108948503937355
Epoch 36: reducing lr to 7.754553128852923e-05
Epoch 39: reducing lr to 4.80697104579513e-05
Epoch 42: reducing lr to 2.4514081055864626e-05
Epoch 45: reducing lr to 8.358764210508437e-06
Epoch 48: reducing lr to 6.188375078009303e-07
[I 2024-06-24 15:47:34,098] Trial 237 finished with value: 1.093583106994629 and parameters: {'hidden_size': 63, 'n_layers': 5, 'rnn_dropout': 0.29691774757018363, 'bidirectional': False, 'fc_dropout': 0.753999099380966, 'learning_rate_model': 0.00284577202801892}. Best is trial 212 with value: 0.9678940773010254.
Epoch 34: reducing lr to 3.1942075727915504e-06
Epoch 37: reducing lr to 2.154556971633685e-06
Epoch 40: reducing lr to 1.2663066340495283e-06
Epoch 43: reducing lr to 5.85268153669104e-07
Epoch 46: reducing lr to 1.54234674617258e-07
Epoch 49: reducing lr to 2.8901356684393404e-10
[I 2024-06-24 15:47:40,404] Trial 238 finished with value: 1.077906608581543 and parameters: {'hidden_size': 55, 'n_layers': 7, 'rnn_dropout': 0.6003628373786594, 'bidirectional': True, 'fc_dropout': 0.6641252209298395, 'learning_rate_model': 9.128104780247618e-05}. Best is trial 212 with value: 0.9678940773010254.
Epoch 3: reducing lr to 5.628193226430451e-05
Epoch 14: reducing lr to 0.00022147474265000886
Epoch 17: reducing lr to 0.00021250095228613283
Epoch 22: reducing lr to 0.0001839513605662143
Epoch 29: reducing lr to 0.00012458145824926066
Epoch 32: reducing lr to 9.654567784389075e-05
Epoch 35: reducing lr to 6.947183263238407e-05
Epoch 38: reducing lr to 4.506106076960404e-05
Epoch 41: reducing lr to 2.4847167029615638e-05
Epoch 44: reducing lr to 1.0100294132778112e-05
Epoch 47: reducing lr to 1.7470251535446016e-06
[I 2024-06-24 15:47:44,649] Trial 239 finished with value: 1.093230128288269 and parameters: {'hidden_size': 132, 'n_layers': 5, 'rnn_dropout': 0.5939067437656814, 'bidirectional': False, 'fc_dropout': 0.722348721697368, 'learning_rate_model': 0.0022370725918161565}. Best is trial 212 with value: 0.9678940773010254.
[I 2024-06-24 15:47:47,478] Trial 240 finished with value: 1.099199652671814 and parameters: {'hidden_size': 32, 'n_layers': 1, 'rnn_dropout': 0.08421002133022953, 'bidirectional': True, 'fc_dropout': 0.6226407120541021, 'learning_rate_model': 1.4376264309585954e-05}. Best is trial 212 with value: 0.9678940773010254.
Epoch 4: reducing lr to 0.0022354514644863177
Epoch 7: reducing lr to 0.004434791681081907
Epoch 10: reducing lr to 0.005985466949712933
Epoch 13: reducing lr to 0.006206122264172125
Epoch 16: reducing lr to 0.006019073752407729
Epoch 19: reducing lr to 0.005649464739172903
Epoch 22: reducing lr to 0.005120519223618423
Epoch 25: reducing lr to 0.004465472376235865
Epoch 28: reducing lr to 0.0037254837830098613
Epoch 31: reducing lr to 0.0029470494410281634
Epoch 34: reducing lr to 0.002179082093041986
Epoch 37: reducing lr to 0.0014698345077250625
Epoch 40: reducing lr to 0.0008638718829866332
Epoch 43: reducing lr to 0.00039926877769358925
Epoch 46: reducing lr to 0.00010521859019039861
Epoch 49: reducing lr to 1.9716448408646503e-07
[I 2024-06-24 15:47:52,458] Trial 241 finished with value: 1.1072635650634766 and parameters: {'hidden_size': 60, 'n_layers': 7, 'rnn_dropout': 0.7788150886690349, 'bidirectional': False, 'fc_dropout': 0.03476123337198143, 'learning_rate_model': 0.06227175040056983}. Best is trial 212 with value: 0.9678940773010254.
Epoch 28: reducing lr to 6.43374052191204e-06
Epoch 34: reducing lr to 3.76317535631587e-06
Epoch 37: reducing lr to 2.5383371351613628e-06
Epoch 42: reducing lr to 9.263763287943995e-07
Epoch 45: reducing lr to 3.158740188931671e-07
Epoch 48: reducing lr to 2.3385596926536636e-08
[I 2024-06-24 15:47:57,780] Trial 242 finished with value: 1.0752136707305908 and parameters: {'hidden_size': 73, 'n_layers': 6, 'rnn_dropout': 0.6485032827575212, 'bidirectional': True, 'fc_dropout': 0.7445155137323587, 'learning_rate_model': 0.00010754047185755203}. Best is trial 212 with value: 0.9678940773010254.
Epoch 7: reducing lr to 6.641686011352699e-05
Epoch 16: reducing lr to 9.014357565700565e-05
Epoch 19: reducing lr to 8.460819273621704e-05
Epoch 22: reducing lr to 7.668653534154799e-05
Epoch 25: reducing lr to 6.687634402726273e-05
Epoch 28: reducing lr to 5.5794037931228215e-05
Epoch 31: reducing lr to 4.413595599256298e-05
Epoch 34: reducing lr to 3.2634631107216643e-05
Epoch 37: reducing lr to 2.201271218804906e-05
Epoch 40: reducing lr to 1.2937621907492862e-05
Epoch 43: reducing lr to 5.97957704955934e-06
Epoch 46: reducing lr to 1.5757872947739843e-06
Epoch 49: reducing lr to 2.952798440296594e-09
[I 2024-06-24 15:48:01,925] Trial 243 finished with value: 1.0925215482711792 and parameters: {'hidden_size': 188, 'n_layers': 5, 'rnn_dropout': 0.7883559319558645, 'bidirectional': False, 'fc_dropout': 0.45244338830430486, 'learning_rate_model': 0.0009326016716911777}. Best is trial 212 with value: 0.9678940773010254.
[I 2024-06-24 15:48:04,903] Trial 244 finished with value: 1.1066150665283203 and parameters: {'hidden_size': 63, 'n_layers': 3, 'rnn_dropout': 0.1995697653611102, 'bidirectional': False, 'fc_dropout': 0.4019160047186067, 'learning_rate_model': 2.15159018655157e-05}. Best is trial 212 with value: 0.9678940773010254.
[I 2024-06-24 15:48:10,079] Trial 245 finished with value: 1.0964365005493164 and parameters: {'hidden_size': 159, 'n_layers': 4, 'rnn_dropout': 0.5915102298771057, 'bidirectional': True, 'fc_dropout': 0.7889974259490361, 'learning_rate_model': 1.2970911036527296e-05}. Best is trial 212 with value: 0.9678940773010254.
Epoch 9: reducing lr to 0.0014696690865700838
Epoch 15: reducing lr to 0.0015997493459552984
Epoch 18: reducing lr to 0.0015182765008517213
Epoch 21: reducing lr to 0.0013926908584228504
Epoch 24: reducing lr to 0.0012308833878410062
Epoch 27: reducing lr to 0.0010430212171907553
Epoch 30: reducing lr to 0.0008409081429505437
Epoch 33: reducing lr to 0.0006372438086796981
Epoch 36: reducing lr to 0.00044482526574750705
Epoch 39: reducing lr to 0.0002757427974708699
Epoch 42: reducing lr to 0.00014062038700409212
Epoch 45: reducing lr to 4.794846910553263e-05
Epoch 48: reducing lr to 3.5498442565031625e-06
[I 2024-06-24 15:48:15,280] Trial 246 finished with value: 1.1072977781295776 and parameters: {'hidden_size': 188, 'n_layers': 7, 'rnn_dropout': 0.3127349692011665, 'bidirectional': False, 'fc_dropout': 0.14237786837613556, 'learning_rate_model': 0.016324232713169764}. Best is trial 212 with value: 0.9678940773010254.
[I 2024-06-24 15:48:19,713] Trial 247 finished with value: 1.0539982318878174 and parameters: {'hidden_size': 62, 'n_layers': 3, 'rnn_dropout': 0.7327326320079657, 'bidirectional': True, 'fc_dropout': 0.6902711844628926, 'learning_rate_model': 0.00025711669394827373}. Best is trial 212 with value: 0.9678940773010254.
Epoch 6: reducing lr to 0.0005177586437311348
Epoch 9: reducing lr to 0.0007811363320507244
Epoch 12: reducing lr to 0.0008674107690828048
Epoch 15: reducing lr to 0.000850274628295025
Epoch 18: reducing lr to 0.0008069714112868538
Epoch 21: reducing lr to 0.0007402220260126035
Epoch 27: reducing lr to 0.0005543708956612227
Epoch 30: reducing lr to 0.00044694680481370395
Epoch 33: reducing lr to 0.0003386982116469492
Epoch 36: reducing lr to 0.0002364268117664641
Epoch 39: reducing lr to 0.00014655865008937827
Epoch 42: reducing lr to 7.474042580039794e-05
Epoch 45: reducing lr to 2.548484664119475e-05
Epoch 48: reducing lr to 1.8867596435247214e-06
[I 2024-06-24 15:48:23,878] Trial 248 finished with value: 1.0937447547912598 and parameters: {'hidden_size': 200, 'n_layers': 4, 'rnn_dropout': 0.2358496094387963, 'bidirectional': False, 'fc_dropout': 0.37191010472945796, 'learning_rate_model': 0.008676409799751065}. Best is trial 212 with value: 0.9678940773010254.
Epoch 7: reducing lr to 0.005107939038052859
Epoch 10: reducing lr to 0.006893987923679699
Epoch 13: reducing lr to 0.007148136027070424
Epoch 18: reducing lr to 0.0066708572568170196
Epoch 21: reducing lr to 0.006119071140336463
Epoch 24: reducing lr to 0.005408137039247113
Epoch 27: reducing lr to 0.004582726303020475
Epoch 30: reducing lr to 0.003694701317297147
Epoch 33: reducing lr to 0.002799860554456306
Epoch 36: reducing lr to 0.001954430467943544
Epoch 39: reducing lr to 0.0012115321817150499
Epoch 42: reducing lr to 0.0006178443311059837
Epoch 45: reducing lr to 0.00021067137172081364
Epoch 48: reducing lr to 1.559696425900009e-05
[I 2024-06-24 15:48:28,235] Trial 249 finished with value: 1.1077113151550293 and parameters: {'hidden_size': 134, 'n_layers': 6, 'rnn_dropout': 0.04088872306089302, 'bidirectional': False, 'fc_dropout': 0.4415960217233577, 'learning_rate_model': 0.07172384357890647}. Best is trial 212 with value: 0.9678940773010254.
Epoch 24: reducing lr to 5.6380661091750176e-05
Epoch 28: reducing lr to 4.47339898139332e-05
Epoch 33: reducing lr to 2.9188977253974455e-05
Epoch 36: reducing lr to 2.037523846767314e-05
Epoch 39: reducing lr to 1.2630409481734249e-05
Epoch 42: reducing lr to 6.4411222546230144e-06
Epoch 45: reducing lr to 2.1962814781740276e-06
Epoch 48: reducing lr to 1.6260075319194388e-07
[I 2024-06-24 15:48:31,237] Trial 250 finished with value: 0.9841709136962891 and parameters: {'hidden_size': 148, 'n_layers': 1, 'rnn_dropout': 0.43608203277624996, 'bidirectional': True, 'fc_dropout': 0.3641028384377997, 'learning_rate_model': 0.0007477321095367409}. Best is trial 212 with value: 0.9678940773010254.
Epoch 33: reducing lr to 2.8937243266461667e-05
Epoch 38: reducing lr to 1.4931575758885624e-05
Epoch 41: reducing lr to 8.233435932485956e-06
Epoch 44: reducing lr to 3.3468654411335055e-06
Epoch 47: reducing lr to 5.788997859195291e-07
