[I 2024-06-24 15:57:36,375] Trial 378 finished with value: 0.9744162559509277 and parameters: {'hidden_size': 200, 'n_layers': 3, 'rnn_dropout': 0.29838039589362936, 'bidirectional': True, 'fc_dropout': 0.7516611710292714, 'learning_rate_model': 0.001170539017509167}. Best is trial 212 with value: 0.9678940773010254.
Epoch 23: reducing lr to 6.494990856899003e-05
Epoch 27: reducing lr to 5.2585896838457264e-05
Epoch 37: reducing lr to 1.9426129751720415e-05
Epoch 40: reducing lr to 1.141739916947197e-05
Epoch 43: reducing lr to 5.276952636859241e-06
Epoch 46: reducing lr to 1.3906259341368745e-06
Epoch 49: reducing lr to 2.605832718008405e-09
[I 2024-06-24 15:57:41,125] Trial 379 finished with value: 0.9744639992713928 and parameters: {'hidden_size': 193, 'n_layers': 3, 'rnn_dropout': 0.255643851053047, 'bidirectional': True, 'fc_dropout': 0.7713593119154375, 'learning_rate_model': 0.0008230172150608512}. Best is trial 212 with value: 0.9678940773010254.
Epoch 18: reducing lr to 0.00010770030342300344
Epoch 27: reducing lr to 7.398764421701705e-05
Epoch 31: reducing lr to 5.4801845274718823e-05
Epoch 37: reducing lr to 2.733230130122598e-05
Epoch 40: reducing lr to 1.606412590489047e-05
Epoch 43: reducing lr to 7.424600847740284e-06
Epoch 46: reducing lr to 1.956591843816041e-06
Epoch 49: reducing lr to 3.666371320475495e-09
[I 2024-06-24 15:57:45,856] Trial 380 finished with value: 0.9704159498214722 and parameters: {'hidden_size': 188, 'n_layers': 3, 'rnn_dropout': 0.2230376512789391, 'bidirectional': True, 'fc_dropout': 0.7685809330250787, 'learning_rate_model': 0.00115797406820815}. Best is trial 212 with value: 0.9678940773010254.
Epoch 37: reducing lr to 1.5387787560522033e-05
Epoch 40: reducing lr to 9.043927697330247e-06
Epoch 43: reducing lr to 4.179969308386571e-06
Epoch 46: reducing lr to 1.1015398704806653e-06
Epoch 49: reducing lr to 2.0641270698533094e-09
[I 2024-06-24 15:57:50,566] Trial 381 finished with value: 0.9736080169677734 and parameters: {'hidden_size': 188, 'n_layers': 3, 'rnn_dropout': 0.2294197270578174, 'bidirectional': True, 'fc_dropout': 0.7521148636525111, 'learning_rate_model': 0.000651926772129547}. Best is trial 212 with value: 0.9678940773010254.
Epoch 23: reducing lr to 7.871711771681718e-05
Epoch 27: reducing lr to 6.373234886513117e-05
Epoch 37: reducing lr to 2.354381978573615e-05
Epoch 40: reducing lr to 1.3837506075756308e-05
Epoch 43: reducing lr to 6.39549017163733e-06
Epoch 46: reducing lr to 1.6853921394090415e-06
Epoch 49: reducing lr to 3.1581821334980208e-09
[I 2024-06-24 15:57:55,074] Trial 382 finished with value: 0.9716675281524658 and parameters: {'hidden_size': 187, 'n_layers': 3, 'rnn_dropout': 0.2204860381230493, 'bidirectional': True, 'fc_dropout': 0.7692164634581421, 'learning_rate_model': 0.0009974693487381375}. Best is trial 212 with value: 0.9678940773010254.
Epoch 18: reducing lr to 0.00010987240509849129
Epoch 27: reducing lr to 7.547982836934931e-05
Epoch 32: reducing lr to 5.098275468443172e-05
Epoch 36: reducing lr to 3.219046186174708e-05
Epoch 39: reducing lr to 1.995454999778692e-05
Epoch 42: reducing lr to 1.0176209746612635e-05
Epoch 45: reducing lr to 3.4698644275006717e-06
Epoch 48: reducing lr to 2.5688991825156565e-07
[I 2024-06-24 15:57:59,752] Trial 383 finished with value: 0.9692447185516357 and parameters: {'hidden_size': 191, 'n_layers': 3, 'rnn_dropout': 0.24227779915520486, 'bidirectional': True, 'fc_dropout': 0.7864145466165852, 'learning_rate_model': 0.0011813281102468949}. Best is trial 212 with value: 0.9678940773010254.
Epoch 27: reducing lr to 5.074195820506074e-05
Epoch 37: reducing lr to 1.8744947280750855e-05
Epoch 40: reducing lr to 1.1017044993024761e-05
Epoch 43: reducing lr to 5.091914871627255e-06
Epoch 46: reducing lr to 1.341863261277354e-06
Epoch 49: reducing lr to 2.514458492027666e-09
[I 2024-06-24 15:58:04,472] Trial 384 finished with value: 0.9713752865791321 and parameters: {'hidden_size': 191, 'n_layers': 3, 'rnn_dropout': 0.24151740123120732, 'bidirectional': True, 'fc_dropout': 0.755102133538385, 'learning_rate_model': 0.0007941578947860037}. Best is trial 212 with value: 0.9678940773010254.
Epoch 23: reducing lr to 7.759626473723182e-05
Epoch 27: reducing lr to 6.282486399788235e-05
Epoch 37: reducing lr to 2.320857935362839e-05
Epoch 40: reducing lr to 1.364047383721783e-05
Epoch 43: reducing lr to 6.304424791924411e-06
Epoch 46: reducing lr to 1.6613938420117397e-06
Epoch 49: reducing lr to 3.1132127804736968e-09
[I 2024-06-24 15:58:09,151] Trial 385 finished with value: 0.9717789888381958 and parameters: {'hidden_size': 187, 'n_layers': 3, 'rnn_dropout': 0.24150142754289275, 'bidirectional': True, 'fc_dropout': 0.7860743115306407, 'learning_rate_model': 0.000983266383436483}. Best is trial 212 with value: 0.9678940773010254.
Epoch 18: reducing lr to 0.00011088214617337965
Epoch 27: reducing lr to 7.617349738443762e-05
Epoch 31: reducing lr to 5.642088299840789e-05
Epoch 36: reducing lr to 3.248629621189438e-05
Epoch 39: reducing lr to 2.0137934795322008e-05
Epoch 42: reducing lr to 1.0269730380466274e-05
Epoch 45: reducing lr to 3.5017529133638848e-06
Epoch 48: reducing lr to 2.5925076856652547e-07
[I 2024-06-24 15:58:13,803] Trial 386 finished with value: 0.9736993908882141 and parameters: {'hidden_size': 193, 'n_layers': 3, 'rnn_dropout': 0.2615801521755067, 'bidirectional': True, 'fc_dropout': 0.7702325621993248, 'learning_rate_model': 0.0011921846625792777}. Best is trial 212 with value: 0.9678940773010254.
Epoch 23: reducing lr to 6.624169162655916e-05
Epoch 27: reducing lr to 5.363177314682562e-05
Epoch 37: reducing lr to 1.981249434930499e-05
Epoch 40: reducing lr to 1.1644478824140948e-05
Epoch 43: reducing lr to 5.3819054868644e-06
Epoch 46: reducing lr to 1.41828397185723e-06
Epoch 49: reducing lr to 2.657659897297056e-09
[I 2024-06-24 15:58:18,583] Trial 387 finished with value: 0.9730550646781921 and parameters: {'hidden_size': 194, 'n_layers': 3, 'rnn_dropout': 0.26554595568734085, 'bidirectional': True, 'fc_dropout': 0.7520236514437739, 'learning_rate_model': 0.0008393861325532299}. Best is trial 212 with value: 0.9678940773010254.
Epoch 18: reducing lr to 0.00010589759051885475
Epoch 23: reducing lr to 8.985404037735974e-05
Epoch 27: reducing lr to 7.274922169880258e-05
Epoch 32: reducing lr to 4.913836985961556e-05
Epoch 37: reducing lr to 2.6874806840302517e-05
Epoch 40: reducing lr to 1.5795240802971337e-05
Epoch 43: reducing lr to 7.300326139768418e-06
Epoch 46: reducing lr to 1.9238419512632946e-06
Epoch 49: reducing lr to 3.605002738557919e-09
[I 2024-06-24 15:58:23,276] Trial 388 finished with value: 0.9718433618545532 and parameters: {'hidden_size': 190, 'n_layers': 3, 'rnn_dropout': 0.21954981259189857, 'bidirectional': True, 'fc_dropout': 0.7845262955130886, 'learning_rate_model': 0.0011385916270349851}. Best is trial 212 with value: 0.9678940773010254.
Epoch 18: reducing lr to 9.671155187933962e-05
Epoch 37: reducing lr to 2.4543563864376918e-05
Epoch 40: reducing lr to 1.4425089776629442e-05
Epoch 43: reducing lr to 6.667062647441489e-06
Epoch 46: reducing lr to 1.7569591504928852e-06
Epoch 49: reducing lr to 3.292288404941647e-09
[I 2024-06-24 15:58:27,941] Trial 389 finished with value: 0.9705159068107605 and parameters: {'hidden_size': 188, 'n_layers': 3, 'rnn_dropout': 0.2974549377182875, 'bidirectional': True, 'fc_dropout': 0.7682884514255335, 'learning_rate_model': 0.0010398250108227913}. Best is trial 212 with value: 0.9678940773010254.
Epoch 37: reducing lr to 1.5552706427481002e-05
Epoch 40: reducing lr to 9.140856141581007e-06
Epoch 43: reducing lr to 4.224768198386265e-06
Epoch 46: reducing lr to 1.1133456422094107e-06
Epoch 49: reducing lr to 2.086249385768214e-09
[I 2024-06-24 15:58:32,583] Trial 390 finished with value: 0.9739482998847961 and parameters: {'hidden_size': 187, 'n_layers': 3, 'rnn_dropout': 0.24263764671572338, 'bidirectional': True, 'fc_dropout': 0.7661219106749924, 'learning_rate_model': 0.0006589138080615776}. Best is trial 212 with value: 0.9678940773010254.
Epoch 23: reducing lr to 7.243821290934966e-05
Epoch 27: reducing lr to 5.8648710600833084e-05
Epoch 32: reducing lr to 3.961419745801524e-05
Epoch 37: reducing lr to 2.1665836857415274e-05
Epoch 40: reducing lr to 1.2733751442170873e-05
Epoch 43: reducing lr to 5.885351142801592e-06
Epoch 46: reducing lr to 1.5509561093110699e-06
Epoch 49: reducing lr to 2.9062683750032124e-09
[I 2024-06-24 15:58:37,188] Trial 391 finished with value: 0.9739255905151367 and parameters: {'hidden_size': 182, 'n_layers': 3, 'rnn_dropout': 0.2972260882792719, 'bidirectional': True, 'fc_dropout': 0.766883659178557, 'learning_rate_model': 0.0009179057764078546}. Best is trial 212 with value: 0.9678940773010254.
Epoch 18: reducing lr to 9.851695749008398e-05
Epoch 23: reducing lr to 8.359157779508248e-05
Epoch 27: reducing lr to 6.767889568045988e-05
Epoch 32: reducing lr to 4.571362455815132e-05
Epoch 37: reducing lr to 2.5001741683337918e-05
Epoch 40: reducing lr to 1.4694376511379715e-05
Epoch 43: reducing lr to 6.791522984153837e-06
Epoch 46: reducing lr to 1.7897579614571408e-06
Epoch 49: reducing lr to 3.3537486529003e-09
[I 2024-06-24 15:58:41,886] Trial 392 finished with value: 0.971430778503418 and parameters: {'hidden_size': 190, 'n_layers': 3, 'rnn_dropout': 0.2635074132857557, 'bidirectional': True, 'fc_dropout': 0.7498223072907494, 'learning_rate_model': 0.0010592364034873818}. Best is trial 212 with value: 0.9678940773010254.
Epoch 23: reducing lr to 6.31441685562941e-05
Epoch 27: reducing lr to 5.112390158524087e-05
Epoch 37: reducing lr to 1.888604369836988e-05
Epoch 40: reducing lr to 1.1099972171105418e-05
Epoch 43: reducing lr to 5.130242583967388e-06
Epoch 46: reducing lr to 1.3519636950777418e-06
Epoch 49: reducing lr to 2.5333852502786025e-09
[I 2024-06-24 15:58:46,845] Trial 393 finished with value: 0.9731330871582031 and parameters: {'hidden_size': 194, 'n_layers': 3, 'rnn_dropout': 0.23306564255535633, 'bidirectional': True, 'fc_dropout': 0.7857610368681722, 'learning_rate_model': 0.0008001356568090124}. Best is trial 212 with value: 0.9678940773010254.
Epoch 18: reducing lr to 0.00010658370854624408
Epoch 27: reducing lr to 7.322056908490956e-05
Epoch 30: reducing lr to 5.9032138330617096e-05
Epoch 37: reducing lr to 2.7048930626928746e-05
Epoch 40: reducing lr to 1.5897579292532567e-05
Epoch 43: reducing lr to 7.347625472508418e-06
Epoch 46: reducing lr to 1.936306660216009e-06
Epoch 49: reducing lr to 3.628359807939831e-09
[I 2024-06-24 15:58:51,820] Trial 394 finished with value: 0.9731960892677307 and parameters: {'hidden_size': 182, 'n_layers': 3, 'rnn_dropout': 0.26917315534757036, 'bidirectional': True, 'fc_dropout': 0.7640873207706528, 'learning_rate_model': 0.0011459686432382398}. Best is trial 212 with value: 0.9678940773010254.
Epoch 23: reducing lr to 7.492146280155592e-05
Epoch 27: reducing lr to 6.065924341808811e-05
Epoch 37: reducing lr to 2.240856206942544e-05
Epoch 40: reducing lr to 1.3170276387032824e-05
Epoch 43: reducing lr to 6.087106500974877e-06
Epoch 46: reducing lr to 1.6041243396770463e-06
Epoch 49: reducing lr to 3.0058979812500575e-09
[I 2024-06-24 15:58:56,576] Trial 395 finished with value: 0.9718815088272095 and parameters: {'hidden_size': 187, 'n_layers': 3, 'rnn_dropout': 0.2508154346703235, 'bidirectional': True, 'fc_dropout': 0.7735917042465731, 'learning_rate_model': 0.0009493724475027471}. Best is trial 212 with value: 0.9678940773010254.
Epoch 23: reducing lr to 4.74534555210836e-05
Epoch 33: reducing lr to 2.347313333034416e-05
Epoch 37: reducing lr to 1.419304513940748e-05
Epoch 40: reducing lr to 8.341736818297426e-06
Epoch 43: reducing lr to 3.855427093851555e-06
Epoch 46: reducing lr to 1.0160138384480577e-06
Epoch 49: reducing lr to 1.9038636035642423e-09
[I 2024-06-24 15:59:01,092] Trial 396 finished with value: 0.9762271642684937 and parameters: {'hidden_size': 200, 'n_layers': 3, 'rnn_dropout': 0.2962754158764068, 'bidirectional': True, 'fc_dropout': 0.7495621922507818, 'learning_rate_model': 0.0006013097118757577}. Best is trial 212 with value: 0.9678940773010254.
Epoch 18: reducing lr to 0.00011035341953126425
Epoch 27: reducing lr to 7.581027427882344e-05
Epoch 32: reducing lr to 5.120595395638497e-05
Epoch 36: reducing lr to 3.233138966558689e-05
Epoch 39: reducing lr to 2.0041909754222785e-05
Epoch 42: reducing lr to 1.0220760548560218e-05
Epoch 45: reducing lr to 3.4850552742642138e-06
Epoch 48: reducing lr to 2.580145660482664e-07
[I 2024-06-24 15:59:06,227] Trial 397 finished with value: 0.9695586562156677 and parameters: {'hidden_size': 191, 'n_layers': 3, 'rnn_dropout': 0.2770951733392139, 'bidirectional': True, 'fc_dropout': 0.7884781284448906, 'learning_rate_model': 0.0011864998899158645}. Best is trial 212 with value: 0.9678940773010254.
Epoch 27: reducing lr to 7.45818894149302e-05
Epoch 32: reducing lr to 5.037624295243985e-05
Epoch 36: reducing lr to 3.1807510942397314e-05
Epoch 39: reducing lr to 1.9717162497735426e-05
Epoch 42: reducing lr to 1.00551493873454e-05
Epoch 45: reducing lr to 3.4285854990330704e-06
Epoch 48: reducing lr to 2.5383385056328753e-07
[I 2024-06-24 15:59:10,967] Trial 398 finished with value: 0.969402551651001 and parameters: {'hidden_size': 191, 'n_layers': 3, 'rnn_dropout': 0.2778549989091733, 'bidirectional': True, 'fc_dropout': 0.7881029955366855, 'learning_rate_model': 0.0011672745471816702}. Best is trial 212 with value: 0.9678940773010254.
Epoch 27: reducing lr to 4.8751408091115054e-05
Epoch 37: reducing lr to 1.800960402113887e-05
Epoch 40: reducing lr to 1.0584858673419483e-05
Epoch 43: reducing lr to 4.8921647617288845e-06
Epoch 46: reducing lr to 1.2892234704194472e-06
Epoch 49: reducing lr to 2.4158191053299736e-09
[I 2024-06-24 15:59:15,615] Trial 399 finished with value: 0.9730777144432068 and parameters: {'hidden_size': 187, 'n_layers': 3, 'rnn_dropout': 0.2702549692653086, 'bidirectional': True, 'fc_dropout': 0.7865090725790821, 'learning_rate_model': 0.0007630039712111843}. Best is trial 212 with value: 0.9678940773010254.
Epoch 27: reducing lr to 6.446967568915027e-05
Epoch 32: reducing lr to 4.354596097067352e-05
Epoch 37: reducing lr to 2.381620092619327e-05
Epoch 40: reducing lr to 1.3997593764172964e-05
Epoch 43: reducing lr to 6.469480327975013e-06
Epoch 46: reducing lr to 1.7048906335883057e-06
Epoch 49: reducing lr to 3.1947195033507624e-09
[I 2024-06-24 15:59:20,371] Trial 400 finished with value: 0.9690490961074829 and parameters: {'hidden_size': 191, 'n_layers': 3, 'rnn_dropout': 0.21843929131668063, 'bidirectional': True, 'fc_dropout': 0.7789866463631215, 'learning_rate_model': 0.0010090091855722994}. Best is trial 212 with value: 0.9678940773010254.
Epoch 18: reducing lr to 0.00010805515612612644
Epoch 27: reducing lr to 7.423141990486252e-05
Epoch 32: reducing lr to 5.0139518764770536e-05
Epoch 36: reducing lr to 3.1658043519891616e-05
Epoch 39: reducing lr to 1.962450911586598e-05
Epoch 42: reducing lr to 1.0007898998449583e-05
Epoch 45: reducing lr to 3.41247415230402e-06
Epoch 48: reducing lr to 2.526410539481407e-07
[I 2024-06-24 15:59:25,026] Trial 401 finished with value: 0.9694230556488037 and parameters: {'hidden_size': 191, 'n_layers': 3, 'rnn_dropout': 0.21599415329743307, 'bidirectional': True, 'fc_dropout': 0.7684663986218767, 'learning_rate_model': 0.0011617893799128543}. Best is trial 212 with value: 0.9678940773010254.
Epoch 23: reducing lr to 9.29254254092791e-05
Epoch 27: reducing lr to 7.523593091823336e-05
Epoch 32: reducing lr to 5.0818014459300904e-05
Epoch 37: reducing lr to 2.7793439760072998e-05
Epoch 40: reducing lr to 1.633515270870274e-05
Epoch 43: reducing lr to 7.549865418577111e-06
Epoch 46: reducing lr to 1.9896025931673627e-06
Epoch 49: reducing lr to 3.7282287104105706e-09
[I 2024-06-24 15:59:29,559] Trial 402 finished with value: 0.9703701734542847 and parameters: {'hidden_size': 178, 'n_layers': 3, 'rnn_dropout': 0.22214320486167818, 'bidirectional': True, 'fc_dropout': 0.7531359513584592, 'learning_rate_model': 0.0011775108928360266}. Best is trial 212 with value: 0.9678940773010254.
Epoch 18: reducing lr to 0.00011014902386961634
Epoch 23: reducing lr to 9.346137895880716e-05
Epoch 32: reducing lr to 5.111111072557543e-05
Epoch 36: reducing lr to 3.2271505741638153e-05
Epoch 39: reducing lr to 2.0004788300059415e-05
Epoch 42: reducing lr to 1.0201829743119464e-05
Epoch 45: reducing lr to 3.4786002846346397e-06
Epoch 48: reducing lr to 2.575366736715318e-07
[I 2024-06-24 15:59:33,954] Trial 403 finished with value: 0.973029613494873 and parameters: {'hidden_size': 176, 'n_layers': 3, 'rnn_dropout': 0.2163079913741055, 'bidirectional': True, 'fc_dropout': 0.7999064691897656, 'learning_rate_model': 0.00118430226494806}. Best is trial 212 with value: 0.9678940773010254.
Epoch 18: reducing lr to 0.00010571671943816749
Epoch 23: reducing lr to 8.970057137671918e-05
Epoch 27: reducing lr to 7.262496740478748e-05
Epoch 37: reducing lr to 2.6828905178776028e-05
Epoch 40: reducing lr to 1.5768262830575997e-05
Epoch 43: reducing lr to 7.28785732086706e-06
Epoch 46: reducing lr to 1.920556065615757e-06
Epoch 49: reducing lr to 3.598845462111401e-09
[I 2024-06-24 15:59:38,339] Trial 404 finished with value: 0.9691376686096191 and parameters: {'hidden_size': 180, 'n_layers': 3, 'rnn_dropout': 0.21915663978612493, 'bidirectional': True, 'fc_dropout': 0.7509648874809154, 'learning_rate_model': 0.0011366469340817812}. Best is trial 212 with value: 0.9678940773010254.
Epoch 18: reducing lr to 0.00010951209642191505
Epoch 23: reducing lr to 9.292094641144894e-05
Epoch 27: reducing lr to 7.523230455257671e-05
Epoch 32: reducing lr to 5.081556503520095e-05
Epoch 38: reducing lr to 2.37173047538746e-05
Epoch 41: reducing lr to 1.3077984020947354e-05
Epoch 44: reducing lr to 5.316158784536649e-06
Epoch 47: reducing lr to 9.195240252145254e-07
[I 2024-06-24 15:59:42,701] Trial 405 finished with value: 0.9681299924850464 and parameters: {'hidden_size': 180, 'n_layers': 3, 'rnn_dropout': 0.19697524065491115, 'bidirectional': True, 'fc_dropout': 0.7492524234532467, 'learning_rate_model': 0.0011774541369082407}. Best is trial 212 with value: 0.9678940773010254.
Epoch 18: reducing lr to 0.00011373188892573817
Epoch 27: reducing lr to 7.813120545182726e-05
Epoch 38: reducing lr to 2.4631195621470674e-05
Epoch 41: reducing lr to 1.3581913547819867e-05
Epoch 44: reducing lr to 5.5210045296285365e-06
Epoch 47: reducing lr to 9.54955732902188e-07
[I 2024-06-24 15:59:47,049] Trial 406 finished with value: 0.9681257605552673 and parameters: {'hidden_size': 180, 'n_layers': 3, 'rnn_dropout': 0.20622493917421256, 'bidirectional': True, 'fc_dropout': 0.7534036181464986, 'learning_rate_model': 0.0012228245781915348}. Best is trial 212 with value: 0.9678940773010254.
Epoch 27: reducing lr to 5.374666219737889e-05
Epoch 38: reducing lr to 1.6943864400005645e-05
Epoch 41: reducing lr to 9.343034133765642e-06
Epoch 44: reducing lr to 3.7979135702328222e-06
Epoch 47: reducing lr to 6.56916566088182e-07
[I 2024-06-24 15:59:51,328] Trial 407 finished with value: 0.9706759452819824 and parameters: {'hidden_size': 178, 'n_layers': 3, 'rnn_dropout': 0.19651507843337976, 'bidirectional': True, 'fc_dropout': 0.7448180748148605, 'learning_rate_model': 0.0008411842509102831}. Best is trial 212 with value: 0.9678940773010254.
Epoch 18: reducing lr to 0.00011355847681902105
Epoch 27: reducing lr to 7.801207530226475e-05
Epoch 32: reducing lr to 5.2693157675142005e-05
Epoch 36: reducing lr to 3.327040865123451e-05
Epoch 39: reducing lr to 2.0623998367255182e-05
Epoch 42: reducing lr to 1.0517607925122929e-05
Epoch 45: reducing lr to 3.5862737217981542e-06
Epoch 48: reducing lr to 2.655082302117657e-07
[I 2024-06-24 15:59:55,597] Trial 408 finished with value: 0.968475878238678 and parameters: {'hidden_size': 179, 'n_layers': 3, 'rnn_dropout': 0.18320592707854375, 'bidirectional': True, 'fc_dropout': 0.7453102065474666, 'learning_rate_model': 0.0012209600827694273}. Best is trial 212 with value: 0.9678940773010254.
Epoch 18: reducing lr to 0.0001140940641248533
Epoch 23: reducing lr to 9.680874318728087e-05
Epoch 27: reducing lr to 7.838001152687714e-05
Epoch 32: reducing lr to 5.2941679733076974e-05
Epoch 38: reducing lr to 2.4709632797384235e-05
Epoch 41: reducing lr to 1.362516467369151e-05
Epoch 44: reducing lr to 5.538585974320266e-06
Epoch 47: reducing lr to 9.579967558376095e-07
[I 2024-06-24 15:59:59,808] Trial 409 finished with value: 0.9679386615753174 and parameters: {'hidden_size': 174, 'n_layers': 3, 'rnn_dropout': 0.1824418814346043, 'bidirectional': True, 'fc_dropout': 0.7542076723728297, 'learning_rate_model': 0.0012267186200409458}. Best is trial 212 with value: 0.9678940773010254.
Epoch 18: reducing lr to 0.00011265012324399276
Epoch 23: reducing lr to 9.558356023858797e-05
Epoch 27: reducing lr to 7.738805717978568e-05
Epoch 32: reducing lr to 5.227166542291652e-05
Epoch 38: reducing lr to 2.4396914960388346e-05
Epoch 41: reducing lr to 1.3452728601475935e-05
Epoch 44: reducing lr to 5.468491261051661e-06
Epoch 47: reducing lr to 9.458726309754042e-07
[I 2024-06-24 16:00:04,046] Trial 410 finished with value: 0.9678924083709717 and parameters: {'hidden_size': 174, 'n_layers': 3, 'rnn_dropout': 0.18661789979970037, 'bidirectional': True, 'fc_dropout': 0.7479940413406241, 'learning_rate_model': 0.0012111936303898486}. Best is trial 410 with value: 0.9678924083709717.
Epoch 18: reducing lr to 0.00011286541276439737
Epoch 23: reducing lr to 9.57662332641448e-05
Epoch 27: reducing lr to 7.753595615437618e-05
Epoch 32: reducing lr to 5.237156359839632e-05
Epoch 36: reducing lr to 3.3067354463077685e-05
Epoch 39: reducing lr to 2.0498127077578213e-05
Epoch 42: reducing lr to 1.0453417419951341e-05
Epoch 45: reducing lr to 3.564386166802309e-06
Epoch 48: reducing lr to 2.6388779450566174e-07
