[I 2024-06-24 15:48:34,541] Trial 251 finished with value: 0.9835171103477478 and parameters: {'hidden_size': 149, 'n_layers': 1, 'rnn_dropout': 0.4330004870326982, 'bidirectional': True, 'fc_dropout': 0.3744022888693995, 'learning_rate_model': 0.0007412834565439608}. Best is trial 212 with value: 0.9678940773010254.
Epoch 24: reducing lr to 5.571879814797501e-05
Epoch 28: reducing lr to 4.420884928504021e-05
Epoch 33: reducing lr to 2.884632248482119e-05
Epoch 36: reducing lr to 2.013604979816837e-05
Epoch 39: reducing lr to 1.2482138783257291e-05
Epoch 42: reducing lr to 6.365508736545897e-06
Epoch 45: reducing lr to 2.1704989262075247e-06
Epoch 48: reducing lr to 1.6069195306289652e-07
[I 2024-06-24 15:48:37,610] Trial 252 finished with value: 0.9842046499252319 and parameters: {'hidden_size': 148, 'n_layers': 1, 'rnn_dropout': 0.44157597851985025, 'bidirectional': True, 'fc_dropout': 0.48181831640622513, 'learning_rate_model': 0.0007389543448637116}. Best is trial 212 with value: 0.9678940773010254.
Epoch 28: reducing lr to 4.56103131537913e-05
Epoch 33: reducing lr to 2.9760779191173402e-05
Epoch 36: reducing lr to 2.077438232000252e-05
Epoch 39: reducing lr to 1.2877834821321593e-05
Epoch 42: reducing lr to 6.567301604823688e-06
Epoch 45: reducing lr to 2.2393058703247666e-06
Epoch 48: reducing lr to 1.6578604553214295e-07
[I 2024-06-24 15:48:40,404] Trial 253 finished with value: 0.9832673072814941 and parameters: {'hidden_size': 147, 'n_layers': 1, 'rnn_dropout': 0.4277433863769233, 'bidirectional': True, 'fc_dropout': 0.483594034774835, 'learning_rate_model': 0.0007623799221345855}. Best is trial 212 with value: 0.9678940773010254.
Epoch 23: reducing lr to 8.944456383680063e-05
Epoch 28: reducing lr to 6.780721851813024e-05
Epoch 33: reducing lr to 4.4244284205664894e-05
Epoch 38: reducing lr to 2.2829986790076573e-05
Epoch 41: reducing lr to 1.2588707086975568e-05
Epoch 44: reducing lr to 5.117269271715788e-06
Epoch 47: reducing lr to 8.851225536230575e-07
[I 2024-06-24 15:48:43,268] Trial 254 finished with value: 0.9832742810249329 and parameters: {'hidden_size': 148, 'n_layers': 1, 'rnn_dropout': 0.43631826665227075, 'bidirectional': True, 'fc_dropout': 0.36275789303974226, 'learning_rate_model': 0.0011334029170049205}. Best is trial 212 with value: 0.9678940773010254.
Epoch 28: reducing lr to 4.629353063755993e-05
Epoch 33: reducing lr to 3.0206579346182805e-05
Epoch 36: reducing lr to 2.108557117695383e-05
Epoch 39: reducing lr to 1.3070737726270836e-05
Epoch 42: reducing lr to 6.66567618213623e-06
Epoch 45: reducing lr to 2.2728494444930272e-06
Epoch 48: reducing lr to 1.6826942959685113e-07
[I 2024-06-24 15:48:46,038] Trial 255 finished with value: 0.9832248091697693 and parameters: {'hidden_size': 147, 'n_layers': 1, 'rnn_dropout': 0.4338190839628328, 'bidirectional': True, 'fc_dropout': 0.6605473010340513, 'learning_rate_model': 0.0007737999553696175}. Best is trial 212 with value: 0.9678940773010254.
Epoch 28: reducing lr to 4.412892728580159e-05
Epoch 33: reducing lr to 2.8794173292952297e-05
Epoch 36: reducing lr to 2.0099647281869842e-05
Epoch 39: reducing lr to 1.245957322223353e-05
Epoch 42: reducing lr to 6.3540009910916875e-06
Epoch 45: reducing lr to 2.1665750372953906e-06
Epoch 48: reducing lr to 1.6040144963749054e-07
[I 2024-06-24 15:48:48,852] Trial 256 finished with value: 0.9833581447601318 and parameters: {'hidden_size': 147, 'n_layers': 1, 'rnn_dropout': 0.43791264985470163, 'bidirectional': True, 'fc_dropout': 0.662939987828469, 'learning_rate_model': 0.0007376184424472795}. Best is trial 212 with value: 0.9678940773010254.
Epoch 28: reducing lr to 4.509535988450292e-05
Epoch 33: reducing lr to 2.942477162004822e-05
Epoch 36: reducing lr to 2.0539833698135783e-05
Epoch 39: reducing lr to 1.2732440442637212e-05
Epoch 42: reducing lr to 6.493154921804784e-06
Epoch 45: reducing lr to 2.214023476955257e-06
Epoch 48: reducing lr to 1.6391427442937096e-07
[I 2024-06-24 15:48:51,692] Trial 257 finished with value: 0.9832991361618042 and parameters: {'hidden_size': 147, 'n_layers': 1, 'rnn_dropout': 0.4224080437440172, 'bidirectional': True, 'fc_dropout': 0.70815060818676, 'learning_rate_model': 0.0007537724382960232}. Best is trial 212 with value: 0.9678940773010254.
Epoch 23: reducing lr to 9.53672497297125e-05
Epoch 28: reducing lr to 7.229715998944959e-05
Epoch 33: reducing lr to 4.717397592382228e-05
Epoch 38: reducing lr to 2.4341703488071344e-05
Epoch 41: reducing lr to 1.342228438531276e-05
Epoch 44: reducing lr to 5.4561157843011946e-06
Epoch 47: reducing lr to 9.437320726029446e-07
[I 2024-06-24 15:48:54,568] Trial 258 finished with value: 0.9822635650634766 and parameters: {'hidden_size': 149, 'n_layers': 1, 'rnn_dropout': 0.3820092887743882, 'bidirectional': True, 'fc_dropout': 0.6544955902977807, 'learning_rate_model': 0.0012084526369608283}. Best is trial 212 with value: 0.9678940773010254.
Epoch 23: reducing lr to 8.430759331893351e-05
Epoch 28: reducing lr to 6.391292167677323e-05
Epoch 33: reducing lr to 4.170325125967916e-05
Epoch 36: reducing lr to 2.9110772943493712e-05
Epoch 39: reducing lr to 1.8045481194709432e-05
Epoch 42: reducing lr to 9.202643088232173e-06
Epoch 45: reducing lr to 3.1378995407863867e-06
Epoch 48: reducing lr to 2.323130408570049e-07
[I 2024-06-24 15:48:57,387] Trial 259 finished with value: 0.9833513498306274 and parameters: {'hidden_size': 148, 'n_layers': 1, 'rnn_dropout': 0.423641521113025, 'bidirectional': True, 'fc_dropout': 0.6570726628849466, 'learning_rate_model': 0.0010683094432400746}. Best is trial 212 with value: 0.9678940773010254.
Epoch 23: reducing lr to 8.671198832265695e-05
Epoch 28: reducing lr to 6.573567456893164e-05
Epoch 33: reducing lr to 4.289259951433131e-05
Epoch 36: reducing lr to 2.9940992313593395e-05
Epoch 39: reducing lr to 1.8560125998531645e-05
Epoch 42: reducing lr to 9.465096186361691e-06
Epoch 45: reducing lr to 3.2273902934106806e-06
Epoch 48: reducing lr to 2.389384501795414e-07
[I 2024-06-24 15:49:00,210] Trial 260 finished with value: 0.9832654595375061 and parameters: {'hidden_size': 140, 'n_layers': 1, 'rnn_dropout': 0.45404582574835023, 'bidirectional': True, 'fc_dropout': 0.6583120967434469, 'learning_rate_model': 0.0010987768992145313}. Best is trial 212 with value: 0.9678940773010254.
Epoch 23: reducing lr to 8.532427538196803e-05
Epoch 28: reducing lr to 6.468366033158324e-05
Epoch 33: reducing lr to 4.22061590744657e-05
Epoch 38: reducing lr to 2.177831716410841e-05
Epoch 41: reducing lr to 1.2008804829680478e-05
Epoch 44: reducing lr to 4.881540854067158e-06
Epoch 47: reducing lr to 8.443491395398886e-07
[I 2024-06-24 15:49:03,304] Trial 261 finished with value: 0.9824992418289185 and parameters: {'hidden_size': 147, 'n_layers': 1, 'rnn_dropout': 0.3900913394088787, 'bidirectional': True, 'fc_dropout': 0.7030380103674337, 'learning_rate_model': 0.0010811923996376527}. Best is trial 212 with value: 0.9678940773010254.
Epoch 23: reducing lr to 8.47889904210091e-05
Epoch 28: reducing lr to 6.427786502373832e-05
Epoch 33: reducing lr to 4.194137719250699e-05
Epoch 38: reducing lr to 2.1641690095190985e-05
Epoch 41: reducing lr to 1.1933467153554398e-05
Epoch 44: reducing lr to 4.8509163290560726e-06
Epoch 47: reducing lr to 8.390520843446327e-07
[I 2024-06-24 15:49:06,168] Trial 262 finished with value: 0.9828023910522461 and parameters: {'hidden_size': 138, 'n_layers': 1, 'rnn_dropout': 0.41998241029073735, 'bidirectional': True, 'fc_dropout': 0.6559108643419111, 'learning_rate_model': 0.0010744094995914668}. Best is trial 212 with value: 0.9678940773010254.
Epoch 23: reducing lr to 8.437168222139985e-05
Epoch 28: reducing lr to 6.396150696835173e-05
Epoch 33: reducing lr to 4.173495321554452e-05
Epoch 38: reducing lr to 2.153517562102069e-05
Epoch 41: reducing lr to 1.1874733895047401e-05
Epoch 44: reducing lr to 4.827041446837498e-06
Epoch 47: reducing lr to 8.349224996785469e-07
[I 2024-06-24 15:49:09,054] Trial 263 finished with value: 0.9827499389648438 and parameters: {'hidden_size': 142, 'n_layers': 1, 'rnn_dropout': 0.3868278460799341, 'bidirectional': True, 'fc_dropout': 0.707961459231556, 'learning_rate_model': 0.0010691215501573326}. Best is trial 212 with value: 0.9678940773010254.
Epoch 27: reducing lr to 9.156559053261739e-05
Epoch 33: reducing lr to 5.594287507608717e-05
Epoch 38: reducing lr to 2.886644279403777e-05
Epoch 41: reducing lr to 1.5917275656726713e-05
Epoch 44: reducing lr to 6.470321776878081e-06
Epoch 47: reducing lr to 1.119157001482746e-06
[I 2024-06-24 15:49:11,907] Trial 264 finished with value: 0.9830434322357178 and parameters: {'hidden_size': 142, 'n_layers': 1, 'rnn_dropout': 0.39190788750104466, 'bidirectional': True, 'fc_dropout': 0.699748142258268, 'learning_rate_model': 0.0014330849495076876}. Best is trial 212 with value: 0.9678940773010254.
Epoch 23: reducing lr to 0.00011271903928280447
Epoch 27: reducing lr to 9.126158761500687e-05
Epoch 33: reducing lr to 5.575714158009018e-05
Epoch 38: reducing lr to 2.8770604578181996e-05
Epoch 41: reducing lr to 1.5864429405073547e-05
Epoch 44: reducing lr to 6.448839944165502e-06
Epoch 47: reducing lr to 1.115441337206052e-06
[I 2024-06-24 15:49:14,734] Trial 265 finished with value: 0.9837794899940491 and parameters: {'hidden_size': 139, 'n_layers': 1, 'rnn_dropout': 0.38197030310383634, 'bidirectional': True, 'fc_dropout': 0.654355749227038, 'learning_rate_model': 0.0014283270267629107}. Best is trial 212 with value: 0.9678940773010254.
Epoch 27: reducing lr to 0.00010506546818382246
Epoch 30: reducing lr to 8.470624209989526e-05
Epoch 33: reducing lr to 6.419075470631575e-05
Epoch 36: reducing lr to 4.480807680176623e-05
Epoch 39: reducing lr to 2.7776085123775036e-05
Epoch 42: reducing lr to 1.4164953265829094e-05
Epoch 45: reducing lr to 4.829938521134602e-06
Epoch 48: reducing lr to 3.5758241792404993e-07
[I 2024-06-24 15:49:17,585] Trial 266 finished with value: 0.9844813346862793 and parameters: {'hidden_size': 141, 'n_layers': 1, 'rnn_dropout': 0.3844327661476741, 'bidirectional': True, 'fc_dropout': 0.699559259113046, 'learning_rate_model': 0.0016443703392441911}. Best is trial 212 with value: 0.9678940773010254.
Epoch 23: reducing lr to 9.317774181702716e-05
Epoch 28: reducing lr to 7.063731130648753e-05
Epoch 33: reducing lr to 4.6090922843747404e-05
Epoch 38: reducing lr to 2.378284966197881e-05
Epoch 41: reducing lr to 1.3114126207833125e-05
Epoch 44: reducing lr to 5.3308504682087966e-06
Epoch 47: reducing lr to 9.220652126874741e-07
[I 2024-06-24 15:49:20,441] Trial 267 finished with value: 0.9832401871681213 and parameters: {'hidden_size': 153, 'n_layers': 1, 'rnn_dropout': 0.458584842046029, 'bidirectional': True, 'fc_dropout': 0.6452832503601994, 'learning_rate_model': 0.0011807081374787714}. Best is trial 212 with value: 0.9678940773010254.
Epoch 23: reducing lr to 7.27260674129031e-05
Epoch 28: reducing lr to 5.513305821501541e-05
Epoch 33: reducing lr to 3.597438075328787e-05
Epoch 36: reducing lr to 2.5111759833082393e-05
Epoch 39: reducing lr to 1.5566532386946753e-05
Epoch 42: reducing lr to 7.938455069875152e-06
Epoch 45: reducing lr to 2.7068391416992126e-06
Epoch 48: reducing lr to 2.0039966988914847e-07
[I 2024-06-24 15:49:23,279] Trial 268 finished with value: 0.9832949638366699 and parameters: {'hidden_size': 137, 'n_layers': 1, 'rnn_dropout': 0.4602120026107279, 'bidirectional': True, 'fc_dropout': 0.6466918327161052, 'learning_rate_model': 0.0009215533444657161}. Best is trial 212 with value: 0.9678940773010254.
Epoch 27: reducing lr to 8.298798644105996e-05
Epoch 33: reducing lr to 5.0702305650881554e-05
Epoch 38: reducing lr to 2.616231653461451e-05
Epoch 41: reducing lr to 1.4426190544891476e-05
Epoch 44: reducing lr to 5.864200435616454e-06
Epoch 47: reducing lr to 1.0143175566741052e-06
[I 2024-06-24 15:49:26,134] Trial 269 finished with value: 0.9834065437316895 and parameters: {'hidden_size': 140, 'n_layers': 1, 'rnn_dropout': 0.40382643883803204, 'bidirectional': True, 'fc_dropout': 0.6670845776818038, 'learning_rate_model': 0.0012988376273974488}. Best is trial 212 with value: 0.9678940773010254.
Epoch 28: reducing lr to 2.6396246009770595e-05
Epoch 34: reducing lr to 1.5439494667978758e-05
Epoch 42: reducing lr to 3.800721740207508e-06
Epoch 45: reducing lr to 1.295962789049659e-06
Epoch 48: reducing lr to 9.594604685343168e-08
[I 2024-06-24 15:49:28,842] Trial 270 finished with value: 0.985194206237793 and parameters: {'hidden_size': 153, 'n_layers': 1, 'rnn_dropout': 0.3958287903663637, 'bidirectional': True, 'fc_dropout': 0.7006368379247627, 'learning_rate_model': 0.00044121529948104485}. Best is trial 212 with value: 0.9678940773010254.
Epoch 27: reducing lr to 0.00011101199148235868
Epoch 30: reducing lr to 8.95004685083018e-05
Epoch 33: reducing lr to 6.782384010544888e-05
Epoch 36: reducing lr to 4.734413624422852e-05
Epoch 39: reducing lr to 2.9348163373516153e-05
Epoch 42: reducing lr to 1.4966665056334421e-05
Epoch 45: reducing lr to 5.103304665529207e-06
Epoch 48: reducing lr to 3.7782096267229526e-07
[I 2024-06-24 15:49:31,605] Trial 271 finished with value: 0.9833256006240845 and parameters: {'hidden_size': 138, 'n_layers': 1, 'rnn_dropout': 0.45236931781879247, 'bidirectional': True, 'fc_dropout': 0.642878900891806, 'learning_rate_model': 0.001737438848838889}. Best is trial 212 with value: 0.9678940773010254.
Epoch 23: reducing lr to 8.446900930165268e-05
Epoch 28: reducing lr to 6.403528986040625e-05
Epoch 33: reducing lr to 4.178309663326491e-05
Epoch 38: reducing lr to 2.1560017555076537e-05
Epoch 41: reducing lr to 1.1888432012097518e-05
Epoch 44: reducing lr to 4.8326096877201154e-06
Epoch 47: reducing lr to 8.358856257771477e-07
[I 2024-06-24 15:49:34,397] Trial 272 finished with value: 0.9834946393966675 and parameters: {'hidden_size': 144, 'n_layers': 1, 'rnn_dropout': 0.3736005654622183, 'bidirectional': True, 'fc_dropout': 0.6840352955491704, 'learning_rate_model': 0.001070354836921002}. Best is trial 212 with value: 0.9678940773010254.
Epoch 23: reducing lr to 0.00010461561550599371
Epoch 27: reducing lr to 8.470074994557364e-05
Epoch 33: reducing lr to 5.174873492863255e-05
Epoch 38: reducing lr to 2.6702272531568947e-05
Epoch 41: reducing lr to 1.4723928250480944e-05
Epoch 44: reducing lr to 5.985229863127747e-06
Epoch 47: reducing lr to 1.035251744471201e-06
[I 2024-06-24 15:49:37,187] Trial 273 finished with value: 0.9834248423576355 and parameters: {'hidden_size': 153, 'n_layers': 1, 'rnn_dropout': 0.40694641383020574, 'bidirectional': True, 'fc_dropout': 0.7033413986037939, 'learning_rate_model': 0.0013256439373454008}. Best is trial 212 with value: 0.9678940773010254.
[I 2024-06-24 15:49:39,951] Trial 274 finished with value: 1.0269005298614502 and parameters: {'hidden_size': 37, 'n_layers': 1, 'rnn_dropout': 0.4584525583641338, 'bidirectional': True, 'fc_dropout': 0.6744714206729608, 'learning_rate_model': 0.0005622958169112283}. Best is trial 212 with value: 0.9678940773010254.
Epoch 28: reducing lr to 5.181435133470337e-05
Epoch 33: reducing lr to 3.380892088608271e-05
Epoch 36: reducing lr to 2.3600170002353633e-05
Epoch 39: reducing lr to 1.4629512751038165e-05
Epoch 42: reducing lr to 7.460603735078941e-06
Epoch 45: reducing lr to 2.543902312611651e-06
Epoch 48: reducing lr to 1.8833671193242479e-07
[I 2024-06-24 15:49:42,764] Trial 275 finished with value: 0.9838753342628479 and parameters: {'hidden_size': 135, 'n_layers': 1, 'rnn_dropout': 0.41643931941069545, 'bidirectional': True, 'fc_dropout': 0.6564328559252933, 'learning_rate_model': 0.0008660809015454356}. Best is trial 212 with value: 0.9678940773010254.
Epoch 27: reducing lr to 9.455172792800746e-05
Epoch 33: reducing lr to 5.7767284336144654e-05
Epoch 38: reducing lr to 2.9807835338963875e-05
Epoch 41: reducing lr to 1.643636991249249e-05
Epoch 44: reducing lr to 6.681331935888177e-06
Epoch 47: reducing lr to 1.1556549539777856e-06
[I 2024-06-24 15:49:45,637] Trial 276 finished with value: 0.982149600982666 and parameters: {'hidden_size': 185, 'n_layers': 1, 'rnn_dropout': 0.3865901688472135, 'bidirectional': True, 'fc_dropout': 0.7067397756192848, 'learning_rate_model': 0.001479820721467474}. Best is trial 212 with value: 0.9678940773010254.
Epoch 27: reducing lr to 9.80989940318867e-05
Epoch 33: reducing lr to 5.9934520558361396e-05
Epoch 36: reducing lr to 4.1837031088713194e-05
Epoch 39: reducing lr to 2.593436317267503e-05
Epoch 42: reducing lr to 1.3225731440660772e-05
Epoch 45: reducing lr to 4.509684469593592e-06
Epoch 48: reducing lr to 3.338725471671317e-07
[I 2024-06-24 15:49:48,627] Trial 277 finished with value: 0.9823644161224365 and parameters: {'hidden_size': 193, 'n_layers': 1, 'rnn_dropout': 0.39848847399660847, 'bidirectional': True, 'fc_dropout': 0.7095422575525528, 'learning_rate_model': 0.0015353386691571937}. Best is trial 212 with value: 0.9678940773010254.
Epoch 27: reducing lr to 0.00010591801171335557
Epoch 30: reducing lr to 8.539358266822533e-05
Epoch 33: reducing lr to 6.471162434623367e-05
Epoch 36: reducing lr to 4.5171667585765157e-05
Epoch 39: reducing lr to 2.8001471466760772e-05
Epoch 42: reducing lr to 1.4279893402314244e-05
Epoch 45: reducing lr to 4.869130587809001e-06
Epoch 48: reducing lr to 3.6048398569838053e-07
[I 2024-06-24 15:49:51,648] Trial 278 finished with value: 0.9828068017959595 and parameters: {'hidden_size': 195, 'n_layers': 1, 'rnn_dropout': 0.38212718376211036, 'bidirectional': True, 'fc_dropout': 0.711692015826812, 'learning_rate_model': 0.0016577134225341838}. Best is trial 212 with value: 0.9678940773010254.
Epoch 33: reducing lr to 6.513172184369602e-05
Epoch 38: reducing lr to 3.360787446338969e-05
Epoch 41: reducing lr to 1.8531753492707135e-05
Epoch 44: reducing lr to 7.533098676778031e-06
Epoch 47: reducing lr to 1.3029831309323585e-06
[I 2024-06-24 15:49:54,530] Trial 279 finished with value: 0.9816138744354248 and parameters: {'hidden_size': 185, 'n_layers': 1, 'rnn_dropout': 0.38578642621175185, 'bidirectional': True, 'fc_dropout': 0.7157734473040445, 'learning_rate_model': 0.0016684750324821938}. Best is trial 212 with value: 0.9678940773010254.
Epoch 27: reducing lr to 0.00010310811072104865
Epoch 33: reducing lr to 6.299488840564251e-05
Epoch 36: reducing lr to 4.397330753802462e-05
Epoch 39: reducing lr to 2.725861988573375e-05
Epoch 42: reducing lr to 1.3901061832573388e-05
Epoch 45: reducing lr to 4.739957327765348e-06
Epoch 48: reducing lr to 3.5092069903220823e-07
[I 2024-06-24 15:49:57,474] Trial 280 finished with value: 0.9831540584564209 and parameters: {'hidden_size': 192, 'n_layers': 1, 'rnn_dropout': 0.39645529077169583, 'bidirectional': True, 'fc_dropout': 0.7257036856988575, 'learning_rate_model': 0.0016137359109137314}. Best is trial 212 with value: 0.9678940773010254.
Epoch 18: reducing lr to 0.0001691255324848814
Epoch 22: reducing lr to 0.00014952506897258523
Epoch 27: reducing lr to 0.00011618537114383188
Epoch 30: reducing lr to 9.367136840200159e-05
Epoch 33: reducing lr to 7.098456598991602e-05
Epoch 36: reducing lr to 4.955046718438493e-05
Epoch 39: reducing lr to 3.071584617490314e-05
Epoch 42: reducing lr to 1.5664141424144877e-05
Epoch 45: reducing lr to 5.341128815969246e-06
Epoch 48: reducing lr to 3.9542817120775174e-07
[I 2024-06-24 15:50:02,056] Trial 281 finished with value: 0.9751477241516113 and parameters: {'hidden_size': 194, 'n_layers': 3, 'rnn_dropout': 0.3711481510262898, 'bidirectional': True, 'fc_dropout': 0.7140529599992267, 'learning_rate_model': 0.0018184069558299695}. Best is trial 212 with value: 0.9678940773010254.
Epoch 18: reducing lr to 0.00016799552703254848
Epoch 22: reducing lr to 0.00014852602322995272
Epoch 27: reducing lr to 0.00011540908325314578
Epoch 30: reducing lr to 9.304550691635507e-05
Epoch 36: reducing lr to 4.9219397728098066e-05
Epoch 39: reducing lr to 3.051061948239435e-05
Epoch 42: reducing lr to 1.5559482092373178e-05
Epoch 47: reducing lr to 1.4105831984062958e-06
[I 2024-06-24 15:50:06,770] Trial 282 finished with value: 0.9708616733551025 and parameters: {'hidden_size': 195, 'n_layers': 3, 'rnn_dropout': 0.36285351329196525, 'bidirectional': True, 'fc_dropout': 0.713788008363972, 'learning_rate_model': 0.0018062573427913135}. Best is trial 212 with value: 0.9678940773010254.
Epoch 18: reducing lr to 0.00016977784232773263
Epoch 22: reducing lr to 0.00015010178067785388
Epoch 27: reducing lr to 0.00011663349308070868
Epoch 30: reducing lr to 9.40326548068644e-05
Epoch 33: reducing lr to 7.125835038193198e-05
Epoch 36: reducing lr to 4.9741581187027565e-05
Epoch 39: reducing lr to 3.083431586127759e-05
Epoch 42: reducing lr to 1.5724557338174276e-05
Epoch 45: reducing lr to 5.3617293181371055e-06
Epoch 48: reducing lr to 3.9695332051212665e-07
[I 2024-06-24 15:50:11,388] Trial 283 finished with value: 0.9733068943023682 and parameters: {'hidden_size': 185, 'n_layers': 3, 'rnn_dropout': 0.358866808733998, 'bidirectional': True, 'fc_dropout': 0.7114308080814433, 'learning_rate_model': 0.0018254204725838817}. Best is trial 212 with value: 0.9678940773010254.
Epoch 18: reducing lr to 0.00016901323001884547
Epoch 22: reducing lr to 0.00014942578157503447
Epoch 27: reducing lr to 0.0001161082219191995
Epoch 30: reducing lr to 9.360916888952146e-05
Epoch 33: reducing lr to 7.093743093174928e-05
Epoch 36: reducing lr to 4.9517564762282974e-05
Epoch 39: reducing lr to 3.0695450287770446e-05
Epoch 42: reducing lr to 1.565374014596752e-05
Epoch 47: reducing lr to 1.4191283945719137e-06
