[I 2024-06-24 15:50:16,101] Trial 284 finished with value: 0.9705414772033691 and parameters: {'hidden_size': 195, 'n_layers': 3, 'rnn_dropout': 0.3585458206692097, 'bidirectional': True, 'fc_dropout': 0.7106456944977932, 'learning_rate_model': 0.001817199500146631}. Best is trial 212 with value: 0.9678940773010254.
Epoch 18: reducing lr to 0.00016326222969923065
Epoch 22: reducing lr to 0.00014434128187343774
Epoch 32: reducing lr to 7.575658509093212e-05
Epoch 36: reducing lr to 4.7832634353328084e-05
Epoch 39: reducing lr to 2.9650978536085635e-05
Epoch 42: reducing lr to 1.5121091520930367e-05
Epoch 45: reducing lr to 5.1559607044187985e-06
Epoch 48: reducing lr to 3.817193298299602e-07
[I 2024-06-24 15:50:20,699] Trial 285 finished with value: 0.9755646586418152 and parameters: {'hidden_size': 184, 'n_layers': 3, 'rnn_dropout': 0.3589435209658518, 'bidirectional': True, 'fc_dropout': 0.7144592757558663, 'learning_rate_model': 0.00175536579100456}. Best is trial 212 with value: 0.9678940773010254.
Epoch 18: reducing lr to 0.00017597197850013847
Epoch 22: reducing lr to 0.00015557805989363326
Epoch 27: reducing lr to 0.0001208887229063457
Epoch 32: reducing lr to 8.165413511394815e-05
Epoch 36: reducing lr to 5.155634171807775e-05
Epoch 39: reducing lr to 3.1959268025877734e-05
Epoch 42: reducing lr to 1.629824851052076e-05
Epoch 45: reducing lr to 5.5573454307038556e-06
Epoch 48: reducing lr to 4.114356751446684e-07
[I 2024-06-24 15:50:25,560] Trial 286 finished with value: 0.9779325723648071 and parameters: {'hidden_size': 184, 'n_layers': 3, 'rnn_dropout': 0.3548892477947076, 'bidirectional': True, 'fc_dropout': 0.7152943251293137, 'learning_rate_model': 0.0018920186977943046}. Best is trial 212 with value: 0.9678940773010254.
Epoch 18: reducing lr to 0.00017738497984375178
Epoch 22: reducing lr to 0.00015682730428777
Epoch 27: reducing lr to 0.00012185942249925974
Epoch 32: reducing lr to 8.230979292726019e-05
Epoch 36: reducing lr to 5.1970323425508345e-05
Epoch 39: reducing lr to 3.221589120558147e-05
Epoch 42: reducing lr to 1.642911847766096e-05
Epoch 45: reducing lr to 5.601969220397169e-06
Epoch 48: reducing lr to 4.147393781929725e-07
[I 2024-06-24 15:50:30,197] Trial 287 finished with value: 0.9784103035926819 and parameters: {'hidden_size': 184, 'n_layers': 3, 'rnn_dropout': 0.35553125321313594, 'bidirectional': True, 'fc_dropout': 0.7287143903272238, 'learning_rate_model': 0.0019072110311698298}. Best is trial 212 with value: 0.9678940773010254.
Epoch 18: reducing lr to 0.0001829875614857891
Epoch 22: reducing lr to 0.00016178058599598908
Epoch 27: reducing lr to 0.0001257082678975849
Epoch 30: reducing lr to 0.00010134895088328268
Epoch 33: reducing lr to 7.680267102652266e-05
Epoch 36: reducing lr to 5.3611770070038076e-05
Epoch 39: reducing lr to 3.323340780033066e-05
Epoch 42: reducing lr to 1.6948020797681984e-05
Epoch 45: reducing lr to 5.778903535473383e-06
Epoch 48: reducing lr to 4.2783863399551736e-07
[I 2024-06-24 15:50:34,831] Trial 288 finished with value: 0.9801077842712402 and parameters: {'hidden_size': 184, 'n_layers': 3, 'rnn_dropout': 0.3512285454114787, 'bidirectional': True, 'fc_dropout': 0.7144028236023017, 'learning_rate_model': 0.0019674489696927828}. Best is trial 212 with value: 0.9678940773010254.
Epoch 18: reducing lr to 0.00018051163763353414
Epoch 22: reducing lr to 0.00015959160436004128
Epoch 27: reducing lr to 0.0001240073648614107
Epoch 30: reducing lr to 9.997764300390844e-05
Epoch 33: reducing lr to 7.576348801557123e-05
Epoch 36: reducing lr to 5.288637289440367e-05
Epoch 39: reducing lr to 3.278374124159602e-05
Epoch 42: reducing lr to 1.671870461574709e-05
Epoch 45: reducing lr to 5.700711744800898e-06
Epoch 48: reducing lr to 4.22049738454033e-07
[I 2024-06-24 15:50:39,408] Trial 289 finished with value: 0.9746414422988892 and parameters: {'hidden_size': 185, 'n_layers': 3, 'rnn_dropout': 0.3573495547452912, 'bidirectional': True, 'fc_dropout': 0.7386428159257871, 'learning_rate_model': 0.0019408282868845956}. Best is trial 212 with value: 0.9678940773010254.
Epoch 18: reducing lr to 0.00017888560135863137
Epoch 22: reducing lr to 0.00015815401428960946
Epoch 27: reducing lr to 0.00012289031514504215
Epoch 30: reducing lr to 9.907705135045687e-05
Epoch 33: reducing lr to 7.50810157858495e-05
Epoch 36: reducing lr to 5.240997612629657e-05
Epoch 39: reducing lr to 3.2488427581021484e-05
Epoch 42: reducing lr to 1.6568103687568827e-05
Epoch 45: reducing lr to 5.649360129961374e-06
Epoch 48: reducing lr to 4.1824794376902135e-07
[I 2024-06-24 15:50:43,967] Trial 290 finished with value: 0.9796531200408936 and parameters: {'hidden_size': 186, 'n_layers': 3, 'rnn_dropout': 0.3591627035656853, 'bidirectional': True, 'fc_dropout': 0.7307135938483387, 'learning_rate_model': 0.0019233454406858445}. Best is trial 212 with value: 0.9678940773010254.
Epoch 18: reducing lr to 0.00018491827491864097
Epoch 23: reducing lr to 0.000156903042454898
Epoch 27: reducing lr to 0.00012703462385030496
Epoch 30: reducing lr to 0.00010241829012845858
Epoch 33: reducing lr to 7.761302090727848e-05
Epoch 36: reducing lr to 5.417743127560162e-05
Epoch 39: reducing lr to 3.3584055605780094e-05
Epoch 42: reducing lr to 1.712684044612499e-05
Epoch 45: reducing lr to 5.839877115275719e-06
Epoch 48: reducing lr to 4.3235278671185927e-07
[I 2024-06-24 15:50:48,529] Trial 291 finished with value: 0.9752063751220703 and parameters: {'hidden_size': 185, 'n_layers': 3, 'rnn_dropout': 0.3633977245211553, 'bidirectional': True, 'fc_dropout': 0.7345113338297404, 'learning_rate_model': 0.0019882076492630956}. Best is trial 212 with value: 0.9678940773010254.
Epoch 18: reducing lr to 0.00018008674693521443
Epoch 22: reducing lr to 0.0001592159555148396
Epoch 27: reducing lr to 0.00012371547467336798
Epoch 30: reducing lr to 9.974231429541525e-05
Epoch 33: reducing lr to 7.558515490778887e-05
Epoch 36: reducing lr to 5.276188824507419e-05
Epoch 39: reducing lr to 3.27065744345564e-05
Epoch 42: reducing lr to 1.667935190601429e-05
Epoch 45: reducing lr to 5.687293333523258e-06
Epoch 48: reducing lr to 4.210563121550626e-07
[I 2024-06-24 15:50:53,108] Trial 292 finished with value: 0.9751739501953125 and parameters: {'hidden_size': 189, 'n_layers': 3, 'rnn_dropout': 0.3607017632583824, 'bidirectional': True, 'fc_dropout': 0.7308402496101702, 'learning_rate_model': 0.0019362599393977305}. Best is trial 212 with value: 0.9678940773010254.
Epoch 18: reducing lr to 0.00018004153363603215
Epoch 22: reducing lr to 0.00015917598212005185
Epoch 27: reducing lr to 0.00012368441417133172
Epoch 30: reducing lr to 9.971727259093605e-05
Epoch 33: reducing lr to 7.556617819639425e-05
Epoch 36: reducing lr to 5.2748641634319966e-05
Epoch 39: reducing lr to 3.269836299112535e-05
Epoch 42: reducing lr to 1.667516432119348e-05
Epoch 45: reducing lr to 5.685865458905041e-06
Epoch 48: reducing lr to 4.2095060007274565e-07
[I 2024-06-24 15:50:57,641] Trial 293 finished with value: 0.9748444557189941 and parameters: {'hidden_size': 185, 'n_layers': 3, 'rnn_dropout': 0.3537043650521436, 'bidirectional': True, 'fc_dropout': 0.7289274341755332, 'learning_rate_model': 0.0019357738142306957}. Best is trial 212 with value: 0.9678940773010254.
Epoch 18: reducing lr to 0.00017392058821268325
Epoch 22: reducing lr to 0.00015376441135863837
Epoch 27: reducing lr to 0.0001194794647156574
Epoch 30: reducing lr to 9.63271438191593e-05
Epoch 33: reducing lr to 7.299712402733657e-05
Epoch 36: reducing lr to 5.095532455864913e-05
Epoch 39: reducing lr to 3.158670341314076e-05
Epoch 42: reducing lr to 1.6108251961172486e-05
Epoch 45: reducing lr to 5.492560772727339e-06
Epoch 48: reducing lr to 4.066393708972594e-07
[I 2024-06-24 15:51:02,210] Trial 294 finished with value: 0.9779301285743713 and parameters: {'hidden_size': 191, 'n_layers': 3, 'rnn_dropout': 0.3568590235844197, 'bidirectional': True, 'fc_dropout': 0.7322809325364988, 'learning_rate_model': 0.00186996252263835}. Best is trial 212 with value: 0.9678940773010254.
Epoch 18: reducing lr to 0.0001839881264025633
Epoch 22: reducing lr to 0.0001626651924536544
Epoch 27: reducing lr to 0.00012639563310200367
Epoch 30: reducing lr to 0.00010190312081583056
Epoch 36: reducing lr to 5.39049159856549e-05
Epoch 39: reducing lr to 3.341512606380092e-05
Epoch 42: reducing lr to 1.704069155017045e-05
Epoch 45: reducing lr to 5.81050223042326e-06
Epoch 48: reducing lr to 4.301780297650236e-07
[I 2024-06-24 15:51:06,720] Trial 295 finished with value: 0.9750511646270752 and parameters: {'hidden_size': 190, 'n_layers': 3, 'rnn_dropout': 0.35686958261175233, 'bidirectional': True, 'fc_dropout': 0.7344118253859235, 'learning_rate_model': 0.0019782068616425643}. Best is trial 212 with value: 0.9678940773010254.
Epoch 18: reducing lr to 0.0001754318705956331
Epoch 22: reducing lr to 0.0001551005467086798
Epoch 27: reducing lr to 0.00012051768113387836
Epoch 32: reducing lr to 8.14035154176392e-05
Epoch 36: reducing lr to 5.139810068489363e-05
Epoch 39: reducing lr to 3.186117596923265e-05
Epoch 42: reducing lr to 1.624822456395181e-05
Epoch 45: reducing lr to 5.540288361613812e-06
Epoch 48: reducing lr to 4.101728623818893e-07
[I 2024-06-24 15:51:11,252] Trial 296 finished with value: 0.9733585119247437 and parameters: {'hidden_size': 190, 'n_layers': 3, 'rnn_dropout': 0.3600806651128343, 'bidirectional': True, 'fc_dropout': 0.7356444093984625, 'learning_rate_model': 0.001886211555868297}. Best is trial 212 with value: 0.9678940773010254.
Epoch 18: reducing lr to 0.0001817269365478222
Epoch 22: reducing lr to 0.00016066605865036246
Epoch 27: reducing lr to 0.0001248422474089047
Epoch 30: reducing lr to 0.00010065074487472744
Epoch 36: reducing lr to 5.324243166380937e-05
Epoch 39: reducing lr to 3.3004458562980574e-05
Epoch 42: reducing lr to 1.6831263694121147e-05
Epoch 45: reducing lr to 5.739091922860062e-06
Epoch 48: reducing lr to 4.248911984044588e-07
[I 2024-06-24 15:51:15,757] Trial 297 finished with value: 0.9745249152183533 and parameters: {'hidden_size': 190, 'n_layers': 3, 'rnn_dropout': 0.36042495908843986, 'bidirectional': True, 'fc_dropout': 0.7367660969392315, 'learning_rate_model': 0.0019538949597085326}. Best is trial 212 with value: 0.9678940773010254.
Epoch 16: reducing lr to 0.0002029347693348823
Epoch 22: reducing lr to 0.00017263974994560677
Epoch 27: reducing lr to 0.00013414615729276966
Epoch 30: reducing lr to 0.00010815177501071289
Epoch 33: reducing lr to 8.195788041899102e-05
Epoch 36: reducing lr to 5.7210341537903715e-05
Epoch 39: reducing lr to 3.546412678114359e-05
Epoch 42: reducing lr to 1.8085619201906587e-05
Epoch 45: reducing lr to 6.166799651403411e-06
Epoch 48: reducing lr to 4.5655635585277463e-07
[I 2024-06-24 15:51:20,242] Trial 298 finished with value: 0.9784889221191406 and parameters: {'hidden_size': 189, 'n_layers': 3, 'rnn_dropout': 0.3575731086415943, 'bidirectional': True, 'fc_dropout': 0.7473982790577121, 'learning_rate_model': 0.002099509629461502}. Best is trial 212 with value: 0.9678940773010254.
Epoch 18: reducing lr to 0.00018522019063928858
Epoch 22: reducing lr to 0.00016375446908308035
Epoch 27: reducing lr to 0.0001272420330424134
Epoch 30: reducing lr to 0.000102585508278667
Epoch 36: reducing lr to 5.426588666603616e-05
Epoch 39: reducing lr to 3.363888823038116e-05
Epoch 42: reducing lr to 1.7154803406400193e-05
Epoch 45: reducing lr to 5.8494118716891865e-06
Epoch 48: reducing lr to 4.3305868829587697e-07
[I 2024-06-24 15:51:24,747] Trial 299 finished with value: 0.9749987721443176 and parameters: {'hidden_size': 190, 'n_layers': 3, 'rnn_dropout': 0.3596961994807495, 'bidirectional': True, 'fc_dropout': 0.7332549138005608, 'learning_rate_model': 0.0019914537921631873}. Best is trial 212 with value: 0.9678940773010254.
Epoch 18: reducing lr to 0.00018140918672393842
Epoch 22: reducing lr to 0.0001603851338033912
Epoch 27: reducing lr to 0.00012462396055016486
Epoch 30: reducing lr to 0.00010047475689482053
Epoch 33: reducing lr to 7.614020306090411e-05
Epoch 36: reducing lr to 5.314933719137891e-05
Epoch 39: reducing lr to 3.2946750217178954e-05
Epoch 42: reducing lr to 1.6801834204051333e-05
Epoch 45: reducing lr to 5.729057111937791e-06
Epoch 48: reducing lr to 4.241482755002954e-07
[I 2024-06-24 15:51:29,306] Trial 300 finished with value: 0.9768927097320557 and parameters: {'hidden_size': 189, 'n_layers': 3, 'rnn_dropout': 0.33072541172742, 'bidirectional': True, 'fc_dropout': 0.742736322489503, 'learning_rate_model': 0.0019504785714111847}. Best is trial 212 with value: 0.9678940773010254.
Epoch 18: reducing lr to 0.00017667905114170552
Epoch 22: reducing lr to 0.00015620318777317675
Epoch 27: reducing lr to 0.00012137446563294115
Epoch 33: reducing lr to 7.415489299893417e-05
Epoch 36: reducing lr to 5.176350014772571e-05
Epoch 39: reducing lr to 3.208768349439843e-05
Epoch 42: reducing lr to 1.6363736469032537e-05
Epoch 45: reducing lr to 5.579675388844244e-06
Epoch 48: reducing lr to 4.130888639770035e-07
[I 2024-06-24 15:51:34,015] Trial 301 finished with value: 0.976649284362793 and parameters: {'hidden_size': 193, 'n_layers': 3, 'rnn_dropout': 0.33151019286358135, 'bidirectional': True, 'fc_dropout': 0.7357824695217666, 'learning_rate_model': 0.0018996210141968709}. Best is trial 212 with value: 0.9678940773010254.
Epoch 16: reducing lr to 0.00024782074211019913
Epoch 22: reducing lr to 0.00021082494187399663
Epoch 27: reducing lr to 0.000163817173175811
Epoch 30: reducing lr to 0.0001320732431979715
Epoch 33: reducing lr to 0.00010008567193183339
Epoch 36: reducing lr to 6.986436746531544e-05
Epoch 39: reducing lr to 4.330823271930314e-05
Epoch 42: reducing lr to 2.2085873144501826e-05
Epoch 45: reducing lr to 7.530798547063017e-06
Epoch 48: reducing lr to 5.575394265525894e-07
[I 2024-06-24 15:51:38,750] Trial 302 finished with value: 0.9948474168777466 and parameters: {'hidden_size': 193, 'n_layers': 3, 'rnn_dropout': 0.3379544120458163, 'bidirectional': True, 'fc_dropout': 0.7370146730598716, 'learning_rate_model': 0.0025638880717481086}. Best is trial 212 with value: 0.9678940773010254.
Epoch 18: reducing lr to 0.00017072112226633766
Epoch 22: reducing lr to 0.00015093574108470718
Epoch 27: reducing lr to 0.00011728150481583305
Epoch 32: reducing lr to 7.921764421333383e-05
Epoch 36: reducing lr to 5.0017943726478636e-05
Epoch 39: reducing lr to 3.100563027530112e-05
Epoch 42: reducing lr to 1.5811922445877273e-05
Epoch 45: reducing lr to 5.3915189045323966e-06
Epoch 48: reducing lr to 3.9915877970907955e-07
[I 2024-06-24 15:51:43,318] Trial 303 finished with value: 0.9780858755111694 and parameters: {'hidden_size': 196, 'n_layers': 3, 'rnn_dropout': 0.3246007684380354, 'bidirectional': True, 'fc_dropout': 0.7346531136422958, 'learning_rate_model': 0.0018355624468703933}. Best is trial 212 with value: 0.9678940773010254.
Epoch 18: reducing lr to 0.00023000683169887922
Epoch 27: reducing lr to 0.00015800943071052882
Epoch 30: reducing lr to 0.00012739090514892463
Epoch 33: reducing lr to 9.65373760128153e-05
Epoch 36: reducing lr to 6.738749495022857e-05
Epoch 39: reducing lr to 4.177284386242012e-05
Epoch 42: reducing lr to 2.1302871821395757e-05
Epoch 45: reducing lr to 7.263812261856405e-06
Epoch 48: reducing lr to 5.377732119312209e-07
[I 2024-06-24 15:51:47,900] Trial 304 finished with value: 0.9932551383972168 and parameters: {'hidden_size': 190, 'n_layers': 3, 'rnn_dropout': 0.3326053399978919, 'bidirectional': True, 'fc_dropout': 0.76169857332691, 'learning_rate_model': 0.0024729916086859522}. Best is trial 212 with value: 0.9678940773010254.
Epoch 18: reducing lr to 0.0001784428247801497
Epoch 22: reducing lr to 0.00015776255241236253
Epoch 27: reducing lr to 0.0001225861377665657
Epoch 30: reducing lr to 9.883181642115109e-05
Epoch 33: reducing lr to 7.489517570131448e-05
Epoch 36: reducing lr to 5.22802512645343e-05
Epoch 39: reducing lr to 3.2408012417948985e-05
Epoch 42: reducing lr to 1.652709441568223e-05
Epoch 45: reducing lr to 5.635376867306582e-06
Epoch 48: reducing lr to 4.172126989416365e-07
[I 2024-06-24 15:51:52,308] Trial 305 finished with value: 0.9794365763664246 and parameters: {'hidden_size': 196, 'n_layers': 3, 'rnn_dropout': 0.36673907556204527, 'bidirectional': True, 'fc_dropout': 0.748951659527305, 'learning_rate_model': 0.0019185847874695029}. Best is trial 212 with value: 0.9678940773010254.
Epoch 16: reducing lr to 0.00021510653854649002
Epoch 22: reducing lr to 0.00018299446244743526
Epoch 27: reducing lr to 0.00014219207309390666
Epoch 30: reducing lr to 0.00011463858084280667
Epoch 36: reducing lr to 6.064174501794267e-05
Epoch 39: reducing lr to 3.759121997412398e-05
Epoch 42: reducing lr to 1.9170371626028427e-05
Epoch 45: reducing lr to 6.536676446676666e-06
Epoch 48: reducing lr to 4.839400250669818e-07
[I 2024-06-24 15:51:57,074] Trial 306 finished with value: 0.9824610352516174 and parameters: {'hidden_size': 189, 'n_layers': 3, 'rnn_dropout': 0.3487324186155131, 'bidirectional': True, 'fc_dropout': 0.7355580445812148, 'learning_rate_model': 0.0022254355452181215}. Best is trial 212 with value: 0.9678940773010254.
Epoch 18: reducing lr to 0.00015856493536434152
Epoch 22: reducing lr to 0.00014018837102024284
Epoch 27: reducing lr to 0.00010893048255354709
Epoch 30: reducing lr to 8.782230724080977e-05
Epoch 33: reducing lr to 6.655212227676531e-05
Epoch 36: reducing lr to 4.645641915165754e-05
Epoch 39: reducing lr to 2.8797876298304972e-05
Epoch 42: reducing lr to 1.468603549070551e-05
Epoch 45: reducing lr to 5.007616135975783e-06
Epoch 48: reducing lr to 3.7073670360447156e-07
[I 2024-06-24 15:52:01,957] Trial 307 finished with value: 0.9753672480583191 and parameters: {'hidden_size': 192, 'n_layers': 3, 'rnn_dropout': 0.36174165711104517, 'bidirectional': True, 'fc_dropout': 0.7686757005062883, 'learning_rate_model': 0.001704861336906793}. Best is trial 212 with value: 0.9678940773010254.
Epoch 18: reducing lr to 0.0001719150192270186
Epoch 22: reducing lr to 0.00015199127375779982
Epoch 27: reducing lr to 0.00011810168471088588
Epoch 30: reducing lr to 9.521634529837052e-05
Epoch 33: reducing lr to 7.215535612914552e-05
Epoch 36: reducing lr to 5.0367732142825804e-05
Epoch 39: reducing lr to 3.122246066663329e-05
Epoch 42: reducing lr to 1.5922499308892525e-05
Epoch 45: reducing lr to 5.4292231906109175e-06
Epoch 48: reducing lr to 4.0195020028783567e-07
[I 2024-06-24 15:52:06,345] Trial 308 finished with value: 0.9752324819564819 and parameters: {'hidden_size': 194, 'n_layers': 3, 'rnn_dropout': 0.36581485708940803, 'bidirectional': True, 'fc_dropout': 0.7606309401445085, 'learning_rate_model': 0.0018483990097828593}. Best is trial 212 with value: 0.9678940773010254.
Epoch 18: reducing lr to 0.0002564153713999726
Epoch 27: reducing lr to 0.00017615149324512827
Epoch 30: reducing lr to 0.00014201746102700372
Epoch 33: reducing lr to 0.00010762144298701479
Epoch 36: reducing lr to 7.512467963559553e-05
Epoch 39: reducing lr to 4.656904838130386e-05
Epoch 42: reducing lr to 2.3748789327790324e-05
Epoch 45: reducing lr to 8.097816508954859e-06
Epoch 48: reducing lr to 5.99518357119206e-07
[I 2024-06-24 15:52:11,933] Trial 309 finished with value: 1.0036793947219849 and parameters: {'hidden_size': 200, 'n_layers': 3, 'rnn_dropout': 0.3694050420068787, 'bidirectional': True, 'fc_dropout': 0.7767331369179618, 'learning_rate_model': 0.0027569314229778765}. Best is trial 212 with value: 0.9678940773010254.
Epoch 18: reducing lr to 0.0001592365656420046
Epoch 22: reducing lr to 0.00014078216405738006
Epoch 27: reducing lr to 0.00010939187718707879
Epoch 30: reducing lr to 8.819429440469076e-05
Epoch 36: reducing lr to 4.66531936631368e-05
Epoch 39: reducing lr to 2.891985487831004e-05
Epoch 42: reducing lr to 1.4748240833089231e-05
Epoch 45: reducing lr to 5.028826793982257e-06
Epoch 48: reducing lr to 3.7230702553351507e-07
[I 2024-06-24 15:52:17,359] Trial 310 finished with value: 0.9726389050483704 and parameters: {'hidden_size': 193, 'n_layers': 3, 'rnn_dropout': 0.3393666065216531, 'bidirectional': True, 'fc_dropout': 0.7540458087464437, 'learning_rate_model': 0.0017120825834607853}. Best is trial 212 with value: 0.9678940773010254.
Epoch 18: reducing lr to 0.00013724386210496261
Epoch 27: reducing lr to 9.428339306073375e-05
Epoch 30: reducing lr to 7.60134805151119e-05
Epoch 33: reducing lr to 5.760334257733401e-05
Epoch 36: reducing lr to 4.0209762450256394e-05
Epoch 40: reducing lr to 2.047071930585337e-05
Epoch 43: reducing lr to 9.461262991335367e-06
Epoch 46: reducing lr to 2.493309792765404e-06
Epoch 49: reducing lr to 4.672103456893062e-09
[I 2024-06-24 15:52:22,032] Trial 311 finished with value: 0.9719246625900269 and parameters: {'hidden_size': 194, 'n_layers': 3, 'rnn_dropout': 0.33650346634484474, 'bidirectional': True, 'fc_dropout': 0.7688450127013824, 'learning_rate_model': 0.0014756210362201964}. Best is trial 212 with value: 0.9678940773010254.
Epoch 18: reducing lr to 0.00014064185860681658
Epoch 27: reducing lr to 9.661773890971807e-05
Epoch 30: reducing lr to 7.789548483153486e-05
Epoch 33: reducing lr to 5.902953354551865e-05
Epoch 36: reducing lr to 4.12053088451972e-05
Epoch 39: reducing lr to 2.554276478098081e-05
Epoch 42: reducing lr to 1.3026028246614368e-05
Epoch 45: reducing lr to 4.441590058576711e-06
Epoch 48: reducing lr to 3.288312067790391e-07
