[I 2024-06-24 16:02:15,636] Trial 445 finished with value: 0.9664593935012817 and parameters: {'hidden_size': 163, 'n_layers': 2, 'rnn_dropout': 0.11809820559061776, 'bidirectional': True, 'fc_dropout': 0.6795649807409236, 'learning_rate_model': 0.0015676434400038787}. Best is trial 443 with value: 0.9660463333129883.
Epoch 18: reducing lr to 0.00021574962972514236
Epoch 23: reducing lr to 0.00018306342803212067
Epoch 31: reducing lr to 0.0001097812861291325
Epoch 34: reducing lr to 8.117353968505243e-05
Epoch 37: reducing lr to 5.475317801208739e-05
Epoch 40: reducing lr to 3.218031059973713e-05
Epoch 43: reducing lr to 1.4873262496443518e-05
Epoch 46: reducing lr to 3.919524387675788e-06
Epoch 49: reducing lr to 7.344624199621952e-09
[I 2024-06-24 16:02:18,921] Trial 446 finished with value: 0.9725843667984009 and parameters: {'hidden_size': 171, 'n_layers': 2, 'rnn_dropout': 0.12188596912167945, 'bidirectional': True, 'fc_dropout': 0.6891643671804742, 'learning_rate_model': 0.0023197007669141256}. Best is trial 443 with value: 0.9660463333129883.
Epoch 36: reducing lr to 4.510380555938409e-05
Epoch 39: reducing lr to 2.7959404465541976e-05
Epoch 42: reducing lr to 1.425844051924439e-05
Epoch 45: reducing lr to 4.861815625000171e-06
Epoch 48: reducing lr to 3.5994242557771743e-07
[I 2024-06-24 16:02:22,180] Trial 447 finished with value: 0.9677854180335999 and parameters: {'hidden_size': 162, 'n_layers': 2, 'rnn_dropout': 0.10657400693755013, 'bidirectional': True, 'fc_dropout': 0.6771040009182097, 'learning_rate_model': 0.0016552230165335937}. Best is trial 443 with value: 0.9660463333129883.
Epoch 22: reducing lr to 0.00013332312873878637
Epoch 27: reducing lr to 0.00010359598762273658
Epoch 38: reducing lr to 3.2659076766815744e-05
Epoch 41: reducing lr to 1.8008575954463505e-05
Epoch 44: reducing lr to 7.320428676466724e-06
Epoch 47: reducing lr to 1.2661980794215992e-06
[I 2024-06-24 16:02:25,463] Trial 448 finished with value: 0.9710574150085449 and parameters: {'hidden_size': 169, 'n_layers': 2, 'rnn_dropout': 0.11071586528581685, 'bidirectional': True, 'fc_dropout': 0.6775607082663695, 'learning_rate_model': 0.0016213716291016938}. Best is trial 443 with value: 0.9660463333129883.
Epoch 18: reducing lr to 0.00020300448225659553
Epoch 27: reducing lr to 0.0001394594344703832
Epoch 31: reducing lr to 0.00010329608991913187
Epoch 34: reducing lr to 7.637831136810031e-05
Epoch 37: reducing lr to 5.151870048818769e-05
Epoch 40: reducing lr to 3.0279297816077662e-05
Epoch 43: reducing lr to 1.39946425697392e-05
Epoch 46: reducing lr to 3.6879832425478017e-06
Epoch 49: reducing lr to 6.9107494409317846e-09
[I 2024-06-24 16:02:28,728] Trial 449 finished with value: 0.968392550945282 and parameters: {'hidden_size': 163, 'n_layers': 2, 'rnn_dropout': 0.13121017278706557, 'bidirectional': True, 'fc_dropout': 0.6820592139045358, 'learning_rate_model': 0.002182667260090098}. Best is trial 443 with value: 0.9660463333129883.
Epoch 18: reducing lr to 0.00024151739130593474
Epoch 27: reducing lr to 0.00016591692179345266
Epoch 30: reducing lr to 0.00013376610972994836
Epoch 33: reducing lr to 0.00010136853347321197
Epoch 36: reducing lr to 7.075986337800749e-05
Epoch 39: reducing lr to 4.386334180842941e-05
Epoch 42: reducing lr to 2.2368961789639203e-05
Epoch 45: reducing lr to 7.627325568817719e-06
Epoch 48: reducing lr to 5.646857630293381e-07
[I 2024-06-24 16:02:31,998] Trial 450 finished with value: 0.980861246585846 and parameters: {'hidden_size': 165, 'n_layers': 2, 'rnn_dropout': 0.132471019402546, 'bidirectional': True, 'fc_dropout': 0.6805895815208817, 'learning_rate_model': 0.002596751051435002}. Best is trial 443 with value: 0.9660463333129883.
Epoch 23: reducing lr to 0.00013110214670617614
Epoch 31: reducing lr to 7.862063129927229e-05
Epoch 37: reducing lr to 3.921186909659829e-05
Epoch 40: reducing lr to 2.304615316477518e-05
Epoch 43: reducing lr to 1.0651590340950384e-05
Epoch 46: reducing lr to 2.806994640138275e-06
Epoch 49: reducing lr to 5.259903682942359e-09
[I 2024-06-24 16:02:35,263] Trial 451 finished with value: 0.9664382934570312 and parameters: {'hidden_size': 163, 'n_layers': 2, 'rnn_dropout': 0.12061965069721953, 'bidirectional': True, 'fc_dropout': 0.6757769249625578, 'learning_rate_model': 0.0016612698315965322}. Best is trial 443 with value: 0.9660463333129883.
Epoch 18: reducing lr to 0.0002121446511471145
Epoch 23: reducing lr to 0.00018000460592745756
Epoch 27: reducing lr to 0.00014573852136672268
Epoch 31: reducing lr to 0.0001079469414525365
Epoch 34: reducing lr to 7.981720423251833e-05
Epoch 37: reducing lr to 5.383830258882947e-05
Epoch 40: reducing lr to 3.164260710289161e-05
Epoch 43: reducing lr to 1.4624743911482866e-05
Epoch 46: reducing lr to 3.85403272740439e-06
Epoch 49: reducing lr to 7.2219022605440195e-09
[I 2024-06-24 16:02:38,525] Trial 452 finished with value: 0.9733850359916687 and parameters: {'hidden_size': 161, 'n_layers': 2, 'rnn_dropout': 0.10710542734113448, 'bidirectional': True, 'fc_dropout': 0.6753098084933673, 'learning_rate_model': 0.0022809406931062876}. Best is trial 443 with value: 0.9660463333129883.
Epoch 18: reducing lr to 0.00020758016761273217
Epoch 22: reducing lr to 0.0001835230814862871
Epoch 27: reducing lr to 0.00014260282561617403
Epoch 30: reducing lr to 0.000114969739150058
Epoch 33: reducing lr to 8.712456297762742e-05
Epoch 36: reducing lr to 6.081692179945261e-05
Epoch 39: reducing lr to 3.769981033421587e-05
Epoch 42: reducing lr to 1.9225749386031934e-05
Epoch 45: reducing lr to 6.55555904877465e-06
Epoch 48: reducing lr to 4.853379903796765e-07
[I 2024-06-24 16:02:41,786] Trial 453 finished with value: 0.9764788746833801 and parameters: {'hidden_size': 164, 'n_layers': 2, 'rnn_dropout': 0.13190166759991678, 'bidirectional': True, 'fc_dropout': 0.6900624925136467, 'learning_rate_model': 0.002231864196572956}. Best is trial 443 with value: 0.9660463333129883.
Epoch 37: reducing lr to 3.94111802285771e-05
Epoch 40: reducing lr to 2.3163295116456014e-05
Epoch 43: reducing lr to 1.070573161442549e-05
Epoch 46: reducing lr to 2.8212623935525758e-06
Epoch 49: reducing lr to 5.286639397929748e-09
[I 2024-06-24 16:02:45,048] Trial 454 finished with value: 0.9682184457778931 and parameters: {'hidden_size': 162, 'n_layers': 2, 'rnn_dropout': 0.12216611812467743, 'bidirectional': True, 'fc_dropout': 0.6961012838684333, 'learning_rate_model': 0.0016697139475819777}. Best is trial 443 with value: 0.9660463333129883.
Epoch 22: reducing lr to 0.0001404608436086347
Epoch 38: reducing lr to 3.440754441889689e-05
Epoch 41: reducing lr to 1.897270034601458e-05
Epoch 44: reducing lr to 7.712342165986274e-06
Epoch 47: reducing lr to 1.333986474017163e-06
[I 2024-06-24 16:02:48,332] Trial 455 finished with value: 0.971599817276001 and parameters: {'hidden_size': 169, 'n_layers': 2, 'rnn_dropout': 0.122480172513626, 'bidirectional': True, 'fc_dropout': 0.6918788148685037, 'learning_rate_model': 0.0017081749354452135}. Best is trial 443 with value: 0.9660463333129883.
Epoch 17: reducing lr to 0.00026563353583257567
Epoch 23: reducing lr to 0.00022068444562911693
Epoch 27: reducing lr to 0.0001786744546280326
Epoch 30: reducing lr to 0.0001440515316060742
Epoch 33: reducing lr to 0.00010916287042328881
Epoch 36: reducing lr to 7.620066634528473e-05
Epoch 39: reducing lr to 4.723604193634079e-05
Epoch 42: reducing lr to 2.4088935626075548e-05
Epoch 45: reducing lr to 8.21379893954097e-06
Epoch 48: reducing lr to 6.081050664084268e-07
[I 2024-06-24 16:02:51,598] Trial 456 finished with value: 0.9767888784408569 and parameters: {'hidden_size': 163, 'n_layers': 2, 'rnn_dropout': 0.14261762192324812, 'bidirectional': True, 'fc_dropout': 0.6816707401670492, 'learning_rate_model': 0.002796418068179398}. Best is trial 443 with value: 0.9660463333129883.
Epoch 18: reducing lr to 0.00020904342286471697
Epoch 22: reducing lr to 0.00018481675571313446
Epoch 27: reducing lr to 0.00014360804849430578
Epoch 30: reducing lr to 0.00011578017338645627
Epoch 36: reducing lr to 6.124562691736454e-05
Epoch 39: reducing lr to 3.796556041094424e-05
Epoch 42: reducing lr to 1.9361273791306236e-05
Epoch 45: reducing lr to 6.601769899831044e-06
Epoch 48: reducing lr to 4.88759190832343e-07
[I 2024-06-24 16:02:54,854] Trial 457 finished with value: 0.9716323614120483 and parameters: {'hidden_size': 162, 'n_layers': 2, 'rnn_dropout': 0.09652531258087615, 'bidirectional': True, 'fc_dropout': 0.6692420000667201, 'learning_rate_model': 0.0022475968508284673}. Best is trial 443 with value: 0.9660463333129883.
Epoch 31: reducing lr to 7.838193867280084e-05
Epoch 37: reducing lr to 3.909282166758574e-05
Epoch 40: reducing lr to 2.2976184929490695e-05
Epoch 43: reducing lr to 1.0619252059858482e-05
Epoch 46: reducing lr to 2.798472590492102e-06
Epoch 49: reducing lr to 5.243934589273421e-09
[I 2024-06-24 16:02:58,124] Trial 458 finished with value: 0.9695426225662231 and parameters: {'hidden_size': 168, 'n_layers': 2, 'rnn_dropout': 0.11821514248153836, 'bidirectional': True, 'fc_dropout': 0.7023240167595468, 'learning_rate_model': 0.0016562262081502624}. Best is trial 443 with value: 0.9660463333129883.
Epoch 23: reducing lr to 0.00013222551030631161
Epoch 31: reducing lr to 7.929430108760319e-05
Epoch 36: reducing lr to 4.565646647394202e-05
Epoch 39: reducing lr to 2.830199351874453e-05
Epoch 42: reducing lr to 1.4433150450697086e-05
Epoch 45: reducing lr to 4.92138788140738e-06
Epoch 48: reducing lr to 3.6435283192017604e-07
[I 2024-06-24 16:03:01,406] Trial 459 finished with value: 0.9674321413040161 and parameters: {'hidden_size': 170, 'n_layers': 2, 'rnn_dropout': 0.14766980065344398, 'bidirectional': True, 'fc_dropout': 0.6950465336661982, 'learning_rate_model': 0.0016755046103984483}. Best is trial 443 with value: 0.9660463333129883.
Epoch 18: reducing lr to 0.00020062387346264418
Epoch 23: reducing lr to 0.00017022923315299708
Epoch 27: reducing lr to 0.0001378240106984094
Epoch 31: reducing lr to 0.00010208474927626149
Epoch 34: reducing lr to 7.548263222994105e-05
Epoch 37: reducing lr to 5.091454697358647e-05
Epoch 40: reducing lr to 2.992421618509913e-05
Epoch 43: reducing lr to 1.383052910387192e-05
Epoch 46: reducing lr to 3.6447347130495138e-06
Epoch 49: reducing lr to 6.829707925462905e-09
[I 2024-06-24 16:03:04,675] Trial 460 finished with value: 0.9730731844902039 and parameters: {'hidden_size': 168, 'n_layers': 2, 'rnn_dropout': 0.14555461327488142, 'bidirectional': True, 'fc_dropout': 0.6932442365572205, 'learning_rate_model': 0.0021570713874478754}. Best is trial 443 with value: 0.9660463333129883.
Epoch 23: reducing lr to 0.00013562607008822515
Epoch 31: reducing lr to 8.133358239261604e-05
Epoch 34: reducing lr to 6.013898188720983e-05
Epoch 37: reducing lr to 4.056494756187706e-05
Epoch 40: reducing lr to 2.3841403538532028e-05
Epoch 43: reducing lr to 1.1019143274369759e-05
Epoch 46: reducing lr to 2.903855210348999e-06
Epoch 49: reducing lr to 5.441406441338177e-09
[I 2024-06-24 16:03:07,960] Trial 461 finished with value: 0.967866063117981 and parameters: {'hidden_size': 171, 'n_layers': 2, 'rnn_dropout': 0.07355116723652053, 'bidirectional': True, 'fc_dropout': 0.6707511312225689, 'learning_rate_model': 0.0017185950365902819}. Best is trial 443 with value: 0.9660463333129883.
Epoch 31: reducing lr to 7.869569988082493e-05
Epoch 34: reducing lr to 5.818850136083387e-05
Epoch 37: reducing lr to 3.92493093885988e-05
Epoch 40: reducing lr to 2.3068158101643976e-05
Epoch 43: reducing lr to 1.0661760696555012e-05
Epoch 46: reducing lr to 2.809674815845058e-06
Epoch 49: reducing lr to 5.264925946189998e-09
[I 2024-06-24 16:03:11,247] Trial 462 finished with value: 0.9670104384422302 and parameters: {'hidden_size': 171, 'n_layers': 2, 'rnn_dropout': 0.09239134394959772, 'bidirectional': True, 'fc_dropout': 0.6750155266181022, 'learning_rate_model': 0.0016628560458989772}. Best is trial 443 with value: 0.9660463333129883.
Epoch 18: reducing lr to 0.00020777308422557637
Epoch 23: reducing lr to 0.00017629533408514614
Epoch 27: reducing lr to 0.0001427353549151734
Epoch 30: reducing lr to 0.0001150765873760301
Epoch 33: reducing lr to 8.720553302297651e-05
Epoch 36: reducing lr to 6.087344258702151e-05
Epoch 39: reducing lr to 3.773484701328877e-05
Epoch 42: reducing lr to 1.924361701998562e-05
Epoch 45: reducing lr to 6.5616515202353546e-06
Epoch 48: reducing lr to 4.857890438799123e-07
[I 2024-06-24 16:03:14,523] Trial 463 finished with value: 0.976253867149353 and parameters: {'hidden_size': 172, 'n_layers': 2, 'rnn_dropout': 0.07044037145707994, 'bidirectional': True, 'fc_dropout': 0.6641506247457145, 'learning_rate_model': 0.0022339384008964363}. Best is trial 443 with value: 0.9660463333129883.
Epoch 18: reducing lr to 0.0002480394079550359
Epoch 23: reducing lr to 0.00021046128498646054
Epoch 27: reducing lr to 0.0001703973980045168
Epoch 30: reducing lr to 0.00013737837462742358
Epoch 33: reducing lr to 0.00010410592335404997
Epoch 36: reducing lr to 7.267068646426258e-05
Epoch 39: reducing lr to 4.504784220408583e-05
Epoch 42: reducing lr to 2.297302073722171e-05
Epoch 45: reducing lr to 7.833296426978118e-06
Epoch 48: reducing lr to 5.799347267916588e-07
[I 2024-06-24 16:03:17,785] Trial 464 finished with value: 0.9785997271537781 and parameters: {'hidden_size': 161, 'n_layers': 2, 'rnn_dropout': 0.09388219141897386, 'bidirectional': True, 'fc_dropout': 0.6760890634714223, 'learning_rate_model': 0.002666874587878706}. Best is trial 443 with value: 0.9660463333129883.
Epoch 31: reducing lr to 8.663923587874493e-05
Epoch 34: reducing lr to 6.406204281131692e-05
Epoch 37: reducing lr to 4.321113071421106e-05
Epoch 40: reducing lr to 2.539665565060305e-05
Epoch 43: reducing lr to 1.1737957744456626e-05
Epoch 46: reducing lr to 3.093283107987008e-06
Epoch 49: reducing lr to 5.796367039470618e-09
[I 2024-06-24 16:03:21,073] Trial 465 finished with value: 0.9683007001876831 and parameters: {'hidden_size': 171, 'n_layers': 2, 'rnn_dropout': 0.10756964276542261, 'bidirectional': True, 'fc_dropout': 0.6740253704699162, 'learning_rate_model': 0.0018307045672281066}. Best is trial 443 with value: 0.9660463333129883.
Epoch 23: reducing lr to 0.00014108175232580038
Epoch 31: reducing lr to 8.460529984700448e-05
Epoch 34: reducing lr to 6.25581272259672e-05
Epoch 37: reducing lr to 4.219670953608706e-05
Epoch 40: reducing lr to 2.480044571766041e-05
Epoch 43: reducing lr to 1.1462398352071052e-05
Epoch 46: reducing lr to 3.0206654318741403e-06
Epoch 49: reducing lr to 5.660291973064863e-09
[I 2024-06-24 16:03:24,360] Trial 466 finished with value: 0.9684581756591797 and parameters: {'hidden_size': 171, 'n_layers': 2, 'rnn_dropout': 0.07823492147748759, 'bidirectional': True, 'fc_dropout': 0.6760934558657902, 'learning_rate_model': 0.0017877270877410037}. Best is trial 443 with value: 0.9660463333129883.
Epoch 13: reducing lr to 0.00028309050533682897
Epoch 22: reducing lr to 0.00023357103081411086
Epoch 27: reducing lr to 0.0001814915524871646
Epoch 30: reducing lr to 0.0001463227419038024
Epoch 33: reducing lr to 0.00011088400335863961
Epoch 36: reducing lr to 7.740209569607032e-05
Epoch 39: reducing lr to 4.7980796148070455e-05
Epoch 42: reducing lr to 2.4468737479240582e-05
Epoch 45: reducing lr to 8.343303044960416e-06
Epoch 48: reducing lr to 6.176928470694523e-07
[I 2024-06-24 16:03:27,640] Trial 467 finished with value: 0.9804478883743286 and parameters: {'hidden_size': 173, 'n_layers': 2, 'rnn_dropout': 0.06919699338738097, 'bidirectional': True, 'fc_dropout': 0.6696699726346548, 'learning_rate_model': 0.0028405082173252644}. Best is trial 443 with value: 0.9660463333129883.
Epoch 18: reducing lr to 0.00019275168154829644
Epoch 23: reducing lr to 0.00016354968315885262
Epoch 31: reducing lr to 9.807909070751475e-05
Epoch 34: reducing lr to 7.252080242943695e-05
Epoch 37: reducing lr to 4.891673346270947e-05
Epoch 40: reducing lr to 2.8750033030174666e-05
Epoch 43: reducing lr to 1.3287839056553446e-05
Epoch 46: reducing lr to 3.501720570999508e-06
Epoch 49: reducing lr to 6.561720020635542e-09
[I 2024-06-24 16:03:30,927] Trial 468 finished with value: 0.9710691571235657 and parameters: {'hidden_size': 171, 'n_layers': 2, 'rnn_dropout': 0.08508433155088252, 'bidirectional': True, 'fc_dropout': 0.6470570535981697, 'learning_rate_model': 0.0020724310121931337}. Best is trial 443 with value: 0.9660463333129883.
Epoch 27: reducing lr to 0.00011240807281425427
Epoch 31: reducing lr to 8.325943985900366e-05
Epoch 36: reducing lr to 4.7939533767529365e-05
Epoch 39: reducing lr to 2.9717244429211812e-05
Epoch 42: reducing lr to 1.515488509821342e-05
Epoch 45: reducing lr to 5.1674835734056e-06
Epoch 48: reducing lr to 3.825724204719466e-07
[I 2024-06-24 16:03:34,196] Trial 469 finished with value: 0.9700348377227783 and parameters: {'hidden_size': 165, 'n_layers': 2, 'rnn_dropout': 0.10451084219263926, 'bidirectional': True, 'fc_dropout': 0.6785617659521699, 'learning_rate_model': 0.0017592887941446592}. Best is trial 443 with value: 0.9660463333129883.
Epoch 23: reducing lr to 0.00013540194707181014
Epoch 31: reducing lr to 8.119917808664585e-05
Epoch 36: reducing lr to 4.6753266012507755e-05
Epoch 39: reducing lr to 2.898188874124418e-05
Epoch 42: reducing lr to 1.4779876204504814e-05
Epoch 45: reducing lr to 5.039613762083256e-06
Epoch 48: reducing lr to 3.7310563407041107e-07
[I 2024-06-24 16:03:37,474] Trial 470 finished with value: 0.9684152603149414 and parameters: {'hidden_size': 170, 'n_layers': 2, 'rnn_dropout': 0.11888028286780722, 'bidirectional': True, 'fc_dropout': 0.7009760529228551, 'learning_rate_model': 0.0017157550464368702}. Best is trial 443 with value: 0.9660463333129883.
Epoch 18: reducing lr to 0.0001979727864638339
Epoch 23: reducing lr to 0.00016797978746619854
Epoch 27: reducing lr to 0.0001360027745883685
Epoch 31: reducing lr to 0.00010073577945072624
Epoch 34: reducing lr to 7.448518849860945e-05
Epoch 37: reducing lr to 5.024175120306154e-05
Epoch 40: reducing lr to 2.952879115861204e-05
Epoch 43: reducing lr to 1.3647769518678388e-05
Epoch 46: reducing lr to 3.5965724049198416e-06
Epoch 49: reducing lr to 6.739458696496115e-09
[I 2024-06-24 16:03:40,736] Trial 471 finished with value: 0.9721102118492126 and parameters: {'hidden_size': 161, 'n_layers': 2, 'rnn_dropout': 0.10109497721991562, 'bidirectional': True, 'fc_dropout': 0.703845356419794, 'learning_rate_model': 0.0021285673823558116}. Best is trial 443 with value: 0.9660463333129883.
Epoch 27: reducing lr to 0.00010651844227324045
Epoch 31: reducing lr to 7.889705442222469e-05
Epoch 36: reducing lr to 4.542773781613216e-05
Epoch 39: reducing lr to 2.816020687841001e-05
Epoch 42: reducing lr to 1.4360843603813956e-05
Epoch 45: reducing lr to 4.896732831824891e-06
Epoch 48: reducing lr to 3.625275059444561e-07
[I 2024-06-24 16:03:44,020] Trial 472 finished with value: 0.9674423336982727 and parameters: {'hidden_size': 175, 'n_layers': 2, 'rnn_dropout': 0.11944287582392699, 'bidirectional': True, 'fc_dropout': 0.7000344744436372, 'learning_rate_model': 0.0016671107080602242}. Best is trial 443 with value: 0.9660463333129883.
Epoch 22: reducing lr to 0.00013988596643353557
Epoch 31: reducing lr to 8.05095813885682e-05
Epoch 36: reducing lr to 4.6356206600992914e-05
Epoch 39: reducing lr to 2.873575552597087e-05
Epoch 42: reducing lr to 1.465435579815601e-05
Epoch 45: reducing lr to 4.996814055339775e-06
Epoch 48: reducing lr to 3.6993697621755425e-07
[I 2024-06-24 16:03:47,306] Trial 473 finished with value: 0.9720979928970337 and parameters: {'hidden_size': 176, 'n_layers': 2, 'rnn_dropout': 0.12246495514857612, 'bidirectional': True, 'fc_dropout': 0.6897952285290284, 'learning_rate_model': 0.0017011837288125665}. Best is trial 443 with value: 0.9660463333129883.
Epoch 12: reducing lr to 0.00032746198075453046
Epoch 23: reducing lr to 0.0002584911957562954
Epoch 27: reducing lr to 0.00020928422615486042
Epoch 30: reducing lr to 0.00016872984658809596
Epoch 33: reducing lr to 0.00012786420369348606
Epoch 36: reducing lr to 8.925505059890958e-05
Epoch 39: reducing lr to 5.532832605447684e-05
Epoch 42: reducing lr to 2.8215752844427607e-05
Epoch 45: reducing lr to 9.62095313754908e-06
Epoch 48: reducing lr to 7.122831213285732e-07
[I 2024-06-24 16:03:50,570] Trial 474 finished with value: 0.9997608661651611 and parameters: {'hidden_size': 164, 'n_layers': 2, 'rnn_dropout': 0.14107589832692527, 'bidirectional': True, 'fc_dropout': 0.6592399857029639, 'learning_rate_model': 0.0032754888919222956}. Best is trial 443 with value: 0.9660463333129883.
Epoch 18: reducing lr to 0.000235482284299353
Epoch 23: reducing lr to 0.00019980657329327677
Epoch 27: reducing lr to 0.00016177094136607325
Epoch 30: reducing lr to 0.0001304235231704083
Epoch 33: reducing lr to 9.883550699713449e-05
Epoch 36: reducing lr to 6.899169527653757e-05
Epoch 39: reducing lr to 4.276727183165157e-05
Epoch 42: reducing lr to 2.180999964908016e-05
Epoch 45: reducing lr to 7.436731733181544e-06
Epoch 48: reducing lr to 5.505752305060094e-07
[I 2024-06-24 16:03:53,850] Trial 475 finished with value: 0.9760175943374634 and parameters: {'hidden_size': 174, 'n_layers': 2, 'rnn_dropout': 0.1124697326272627, 'bidirectional': True, 'fc_dropout': 0.6941003903275811, 'learning_rate_model': 0.0025318626788829305}. Best is trial 443 with value: 0.9660463333129883.
Epoch 22: reducing lr to 0.00013638441731563807
Epoch 38: reducing lr to 3.3408975599693136e-05
Epoch 41: reducing lr to 1.8422078460564903e-05
Epoch 44: reducing lr to 7.488516126085711e-06
Epoch 47: reducing lr to 1.2952717874363572e-06
