[I 2024-06-24 15:35:11,851] Trial 32 finished with value: 1.0446336269378662 and parameters: {'hidden_size': 79, 'n_layers': 7, 'rnn_dropout': 0.46561134395766407, 'bidirectional': True, 'fc_dropout': 0.7243138549669195, 'learning_rate_model': 0.0006910684453876749}. Best is trial 24 with value: 0.9763447046279907.
Epoch 4: reducing lr to 8.491800923926532e-05
Epoch 22: reducing lr to 0.0001945129678049095
Epoch 29: reducing lr to 0.0001317343296778956
Epoch 33: reducing lr to 9.234183066368317e-05
Epoch 36: reducing lr to 6.44588127889218e-05
Epoch 39: reducing lr to 3.9957382659458343e-05
Epoch 42: reducing lr to 2.0377042174010793e-05
Epoch 45: reducing lr to 6.948124649338791e-06
Epoch 48: reducing lr to 5.144014155204247e-07
[I 2024-06-24 15:35:15,304] Trial 33 finished with value: 1.0939189195632935 and parameters: {'hidden_size': 117, 'n_layers': 6, 'rnn_dropout': 0.22857508138731808, 'bidirectional': False, 'fc_dropout': 0.012426620440668579, 'learning_rate_model': 0.002365514599564762}. Best is trial 24 with value: 0.9763447046279907.
Epoch 5: reducing lr to 0.0006757351876047445
Epoch 18: reducing lr to 0.0013189703360458962
Epoch 24: reducing lr to 0.0010693036971745362
Epoch 27: reducing lr to 0.0009061024421897748
Epoch 30: reducing lr to 0.000730521018581931
Epoch 33: reducing lr to 0.0005535919708998475
Epoch 36: reducing lr to 0.0003864324646502543
Epoch 39: reducing lr to 0.00023954567566471761
Epoch 42: reducing lr to 0.00012216096277433281
Epoch 45: reducing lr to 4.1654210134671116e-05
Epoch 48: reducing lr to 3.0838515048372053e-06
[I 2024-06-24 15:35:20,305] Trial 34 finished with value: 1.08717942237854 and parameters: {'hidden_size': 96, 'n_layers': 6, 'rnn_dropout': 0.2521958424762984, 'bidirectional': True, 'fc_dropout': 0.14720816130197206, 'learning_rate_model': 0.01418132908946585}. Best is trial 24 with value: 0.9763447046279907.
Epoch 5: reducing lr to 0.0038467697781144504
Epoch 8: reducing lr to 0.006583697925296865
Epoch 11: reducing lr to 0.008027414937751798
Epoch 14: reducing lr to 0.007992464664502607
Epoch 17: reducing lr to 0.00766862321183062
Epoch 20: reducing lr to 0.007116565624855041
Epoch 23: reducing lr to 0.0063709796917663115
Epoch 26: reducing lr to 0.005478713140241431
Epoch 29: reducing lr to 0.004495830499656224
Epoch 32: reducing lr to 0.0034840899212473624
Epoch 35: reducing lr to 0.0025070631569488666
Epoch 38: reducing lr to 0.0016261399906679185
Epoch 41: reducing lr to 0.0008966715667936206
Epoch 44: reducing lr to 0.0003644941314363867
Epoch 47: reducing lr to 6.30457299131762e-05
[I 2024-06-24 15:35:22,637] Trial 35 finished with value: 1.1838713884353638 and parameters: {'hidden_size': 129, 'n_layers': 1, 'rnn_dropout': 0.3361549440009058, 'bidirectional': False, 'fc_dropout': 0.0003216199130859465, 'learning_rate_model': 0.08073030553318121}. Best is trial 24 with value: 0.9763447046279907.
Epoch 28: reducing lr to 8.302267657750138e-06
Epoch 32: reducing lr to 5.989049269862941e-06
Epoch 35: reducing lr to 4.309568670446168e-06
Epoch 38: reducing lr to 2.795287361675754e-06
Epoch 42: reducing lr to 1.1954203324272948e-06
Epoch 45: reducing lr to 4.0761212579970987e-07
Epoch 48: reducing lr to 3.017738815532097e-08
[I 2024-06-24 15:35:28,102] Trial 36 finished with value: 1.075866460800171 and parameters: {'hidden_size': 85, 'n_layers': 7, 'rnn_dropout': 0.48377288077924246, 'bidirectional': True, 'fc_dropout': 0.5024609586458804, 'learning_rate_model': 0.00013877304786559896}. Best is trial 24 with value: 0.9763447046279907.
Epoch 14: reducing lr to 1.9336065836450975e-05
Epoch 24: reducing lr to 1.4726790899432328e-05
Epoch 27: reducing lr to 1.247913126537682e-05
Epoch 30: reducing lr to 1.0060968008175147e-05
Epoch 33: reducing lr to 7.624244843245849e-06
Epoch 42: reducing lr to 1.6824396657419286e-06
Epoch 45: reducing lr to 5.736750413892836e-07
Epoch 48: reducing lr to 4.247178457966478e-08
[I 2024-06-24 15:35:33,140] Trial 37 finished with value: 1.0747745037078857 and parameters: {'hidden_size': 124, 'n_layers': 6, 'rnn_dropout': 0.6866510691432339, 'bidirectional': True, 'fc_dropout': 0.6915835440436799, 'learning_rate_model': 0.00019530977843660444}. Best is trial 24 with value: 0.9763447046279907.
Epoch 16: reducing lr to 0.0002971091747113483
Epoch 22: reducing lr to 0.0002527553745315543
Epoch 27: reducing lr to 0.00019639835112820504
Epoch 30: reducing lr to 0.00015834095222970267
Epoch 33: reducing lr to 0.00011999145485116344
Epoch 36: reducing lr to 8.375951255169761e-05
Epoch 39: reducing lr to 5.1921696190052743e-05
Epoch 42: reducing lr to 2.6478475880862975e-05
Epoch 45: reducing lr to 9.028579779816722e-06
Epoch 48: reducing lr to 6.684270149526737e-07
[I 2024-06-24 15:35:37,670] Trial 38 finished with value: 1.0225369930267334 and parameters: {'hidden_size': 140, 'n_layers': 4, 'rnn_dropout': 0.3056822016252138, 'bidirectional': True, 'fc_dropout': 0.2539071567666215, 'learning_rate_model': 0.003073813202894127}. Best is trial 24 with value: 0.9763447046279907.
Epoch 5: reducing lr to 0.0007389495944000798
Epoch 8: reducing lr to 0.0012647029045589069
Epoch 11: reducing lr to 0.0015420353581025632
Epoch 14: reducing lr to 0.0015353215458051399
Epoch 21: reducing lr to 0.0013230527610106212
Epoch 24: reducing lr to 0.001169336076930503
Epoch 27: reducing lr to 0.000990867494283429
Epoch 30: reducing lr to 0.0007988605895977184
Epoch 44: reducing lr to 7.00179127221253e-05
Epoch 47: reducing lr to 1.2110840844453685e-05
[I 2024-06-24 15:35:41,385] Trial 39 finished with value: 1.0994369983673096 and parameters: {'hidden_size': 95, 'n_layers': 7, 'rnn_dropout': 0.5422407131474489, 'bidirectional': False, 'fc_dropout': 0.2746769918195384, 'learning_rate_model': 0.015507979414037055}. Best is trial 24 with value: 0.9763447046279907.
Epoch 11: reducing lr to 0.00012835054035425725
Epoch 22: reducing lr to 0.00010614059372810952
[I 2024-06-24 15:35:49,809] Trial 40 finished with value: 0.9992977380752563 and parameters: {'hidden_size': 178, 'n_layers': 7, 'rnn_dropout': 0.5301758499002098, 'bidirectional': True, 'fc_dropout': 0.6839183541579219, 'learning_rate_model': 0.001290798895846048}. Best is trial 24 with value: 0.9763447046279907.
Epoch 6: reducing lr to 4.351378044650393e-05
Epoch 16: reducing lr to 7.048198158742115e-05
Epoch 19: reducing lr to 6.615394429514821e-05
Epoch 22: reducing lr to 5.996011288161107e-05
Epoch 25: reducing lr to 5.228966361727911e-05
Epoch 28: reducing lr to 4.362456587166771e-05
Epoch 31: reducing lr to 3.450927717187015e-05
Epoch 34: reducing lr to 2.5516554585799428e-05
Epoch 37: reducing lr to 1.7211427035362978e-05
Epoch 40: reducing lr to 1.0115742829401076e-05
Epoch 43: reducing lr to 4.675346373115088e-06
Epoch 46: reducing lr to 1.2320857064573409e-06
Epoch 49: reducing lr to 2.308751164824697e-09
[I 2024-06-24 15:35:53,435] Trial 41 finished with value: 1.0929067134857178 and parameters: {'hidden_size': 164, 'n_layers': 5, 'rnn_dropout': 0.5865140202300089, 'bidirectional': False, 'fc_dropout': 0.4550863925637725, 'learning_rate_model': 0.000729188002289183}. Best is trial 24 with value: 0.9763447046279907.
Epoch 5: reducing lr to 0.0008423535105367442
Epoch 10: reducing lr to 0.001699189260287838
Epoch 16: reducing lr to 0.001708729755405658
Epoch 22: reducing lr to 0.0014536428560994953
Epoch 25: reducing lr to 0.0012676843373391118
Epoch 28: reducing lr to 0.0010576120604542754
Epoch 31: reducing lr to 0.0008366255802268694
Epoch 34: reducing lr to 0.0006186105312903061
Epoch 37: reducing lr to 0.00041726519098842733
Epoch 40: reducing lr to 0.0002452409875733955
Epoch 43: reducing lr to 0.00011334674883765536
Epoch 46: reducing lr to 2.987006693650311e-05
Epoch 49: reducing lr to 5.5972203453005795e-08
[I 2024-06-24 15:35:55,719] Trial 42 finished with value: 1.109168529510498 and parameters: {'hidden_size': 79, 'n_layers': 1, 'rnn_dropout': 0.3023393434624799, 'bidirectional': False, 'fc_dropout': 0.14529028106461103, 'learning_rate_model': 0.01767806762428918}. Best is trial 24 with value: 0.9763447046279907.
[I 2024-06-24 15:35:59,381] Trial 43 finished with value: 1.1062123775482178 and parameters: {'hidden_size': 177, 'n_layers': 5, 'rnn_dropout': 0.4555955301963006, 'bidirectional': False, 'fc_dropout': 0.276137640924172, 'learning_rate_model': 7.946206212265512e-05}. Best is trial 24 with value: 0.9763447046279907.
[I 2024-06-24 15:36:02,855] Trial 44 finished with value: 1.0668089389801025 and parameters: {'hidden_size': 125, 'n_layers': 3, 'rnn_dropout': 0.7330444427746806, 'bidirectional': True, 'fc_dropout': 0.08871304059522336, 'learning_rate_model': 5.91358615023068e-05}. Best is trial 24 with value: 0.9763447046279907.
Epoch 5: reducing lr to 0.00013957250330996637
Epoch 8: reducing lr to 0.00023887657787535424
Epoch 11: reducing lr to 0.0002912590205798642
Epoch 15: reducing lr to 0.0002870512435197667
Epoch 18: reducing lr to 0.0002724321523732661
Epoch 22: reducing lr to 0.00024085917587637998
Epoch 29: reducing lr to 0.0001631223996986613
Epoch 33: reducing lr to 0.0001143439302971223
Epoch 36: reducing lr to 7.981728262910042e-05
Epoch 39: reducing lr to 4.947794672068842e-05
Epoch 42: reducing lr to 2.5232238447737065e-05
Epoch 45: reducing lr to 8.603640136757357e-06
Epoch 48: reducing lr to 6.36966791520881e-07
[I 2024-06-24 15:36:06,326] Trial 45 finished with value: 1.0935391187667847 and parameters: {'hidden_size': 108, 'n_layers': 6, 'rnn_dropout': 0.1665555507270332, 'bidirectional': False, 'fc_dropout': 0.3326789746140219, 'learning_rate_model': 0.0029291409380281584}. Best is trial 24 with value: 0.9763447046279907.
Epoch 38: reducing lr to 3.021077103497643e-05
Epoch 42: reducing lr to 1.2919805830576935e-05
Epoch 45: reducing lr to 4.405370543453788e-06
Epoch 48: reducing lr to 3.261497105784333e-07
[I 2024-06-24 15:36:08,863] Trial 46 finished with value: 0.9815720915794373 and parameters: {'hidden_size': 59, 'n_layers': 1, 'rnn_dropout': 0.41268561357482386, 'bidirectional': True, 'fc_dropout': 0.4974449853923324, 'learning_rate_model': 0.0014998246092237527}. Best is trial 24 with value: 0.9763447046279907.
[I 2024-06-24 15:36:11,409] Trial 47 finished with value: 1.104675054550171 and parameters: {'hidden_size': 137, 'n_layers': 2, 'rnn_dropout': 0.6012222537081952, 'bidirectional': False, 'fc_dropout': 0.6282368225772952, 'learning_rate_model': 1.2283488171661822e-05}. Best is trial 24 with value: 0.9763447046279907.
Epoch 8: reducing lr to 0.0016483950080788006
Epoch 16: reducing lr to 0.00195373916183903
Epoch 19: reducing lr to 0.0018337672802124423
Epoch 22: reducing lr to 0.0016620761511903833
Epoch 25: reducing lr to 0.0014494536230051191
Epoch 28: reducing lr to 0.001209259740462727
Epoch 35: reducing lr to 0.0006277065624432405
Epoch 40: reducing lr to 0.0002804053244782834
Epoch 43: reducing lr to 0.0001295991840551094
Epoch 46: reducing lr to 3.415304225608505e-05
Epoch 49: reducing lr to 6.399788235328385e-08
[I 2024-06-24 15:36:15,101] Trial 48 finished with value: 1.1031651496887207 and parameters: {'hidden_size': 76, 'n_layers': 7, 'rnn_dropout': 0.6757676860816557, 'bidirectional': False, 'fc_dropout': 0.7598447930829013, 'learning_rate_model': 0.020212870358199457}. Best is trial 24 with value: 0.9763447046279907.
[I 2024-06-24 15:36:17,671] Trial 49 finished with value: 1.0999655723571777 and parameters: {'hidden_size': 174, 'n_layers': 1, 'rnn_dropout': 0.5210434658727928, 'bidirectional': True, 'fc_dropout': 0.6396922093888224, 'learning_rate_model': 1.3749435862460687e-05}. Best is trial 24 with value: 0.9763447046279907.
Epoch 8: reducing lr to 0.0012525296409112753
Epoch 14: reducing lr to 0.0015205434711335285
Epoch 19: reducing lr to 0.0013933843901143
Epoch 22: reducing lr to 0.001262925230066073
Epoch 25: reducing lr to 0.001101364428454615
Epoch 28: reducing lr to 0.0009188535885312724
Epoch 31: reducing lr to 0.0007268604863661651
Epoch 34: reducing lr to 0.0005374489643538907
Epoch 37: reducing lr to 0.0003625200888350491
Epoch 40: reducing lr to 0.00021306542343132624
Epoch 43: reducing lr to 9.847568008358124e-05
Epoch 46: reducing lr to 2.5951120661848493e-05
Epoch 49: reducing lr to 4.86286625536736e-08
[I 2024-06-24 15:36:21,579] Trial 50 finished with value: 1.1811827421188354 and parameters: {'hidden_size': 158, 'n_layers': 6, 'rnn_dropout': 0.20775871463868248, 'bidirectional': False, 'fc_dropout': 0.27623796927286526, 'learning_rate_model': 0.015358709003280025}. Best is trial 24 with value: 0.9763447046279907.
Epoch 9: reducing lr to 0.00013201530926241513
Epoch 40: reducing lr to 2.0342099816063634e-05
Epoch 47: reducing lr to 1.1451347571128776e-06
[I 2024-06-24 15:36:26,588] Trial 51 finished with value: 1.0250470638275146 and parameters: {'hidden_size': 98, 'n_layers': 6, 'rnn_dropout': 0.7923774268990726, 'bidirectional': True, 'fc_dropout': 0.7210467490794191, 'learning_rate_model': 0.0014663495679358655}. Best is trial 24 with value: 0.9763447046279907.
[I 2024-06-24 15:36:32,163] Trial 52 finished with value: 1.053260087966919 and parameters: {'hidden_size': 196, 'n_layers': 5, 'rnn_dropout': 0.7951304196883832, 'bidirectional': True, 'fc_dropout': 0.10834232245773592, 'learning_rate_model': 0.000264740682379336}. Best is trial 24 with value: 0.9763447046279907.
Epoch 9: reducing lr to 0.0005310038280021741
Epoch 12: reducing lr to 0.0005896517930795333
Epoch 15: reducing lr to 0.0005780029220923054
Epoch 18: reducing lr to 0.0005485660964670257
Epoch 22: reducing lr to 0.0004849911317653131
Epoch 25: reducing lr to 0.00042294822205295207
Epoch 28: reducing lr to 0.0003528600357481864
Epoch 31: reducing lr to 0.0002791304516893446
Epoch 34: reducing lr to 0.00020639225132469
Epoch 37: reducing lr to 0.0001392157065090654
Epoch 40: reducing lr to 8.182182000165466e-05
Epoch 43: reducing lr to 3.781683222259828e-05
Epoch 46: reducing lr to 9.965802472494505e-06
Epoch 49: reducing lr to 1.8674478525528006e-08
[I 2024-06-24 15:36:34,690] Trial 53 finished with value: 1.0933125019073486 and parameters: {'hidden_size': 20, 'n_layers': 2, 'rnn_dropout': 0.5965097541659968, 'bidirectional': False, 'fc_dropout': 0.6898770022704354, 'learning_rate_model': 0.005898082867158478}. Best is trial 24 with value: 0.9763447046279907.
Epoch 34: reducing lr to 3.4270001652533764e-06
Epoch 37: reducing lr to 2.3115802369047543e-06
Epoch 40: reducing lr to 1.358594563833119e-06
Epoch 43: reducing lr to 6.279222666762007e-07
Epoch 46: reducing lr to 1.6547523708335842e-07
Epoch 49: reducing lr to 3.100767620017051e-10
[I 2024-06-24 15:36:37,234] Trial 54 finished with value: 1.0911762714385986 and parameters: {'hidden_size': 143, 'n_layers': 2, 'rnn_dropout': 0.3535234245987387, 'bidirectional': False, 'fc_dropout': 0.1631249801864975, 'learning_rate_model': 9.793357468944974e-05}. Best is trial 24 with value: 0.9763447046279907.
Epoch 3: reducing lr to 0.00039364605302367306
Epoch 6: reducing lr to 0.0009336933825489996
Epoch 17: reducing lr to 0.001486270242790886
Epoch 20: reducing lr to 0.001379274926791669
Epoch 23: reducing lr to 0.00123477151918081
Epoch 26: reducing lr to 0.001061839665895441
Epoch 29: reducing lr to 0.0008713453384907695
Epoch 32: reducing lr to 0.0006752580000499795
Epoch 35: reducing lr to 0.00048589861100777466
Epoch 38: reducing lr to 0.00031516524048454694
Epoch 41: reducing lr to 0.00017378559755368422
Epoch 44: reducing lr to 7.06432910134452e-05
Epoch 47: reducing lr to 1.221901112059172e-05
[I 2024-06-24 15:36:40,677] Trial 55 finished with value: 1.1111035346984863 and parameters: {'hidden_size': 64, 'n_layers': 6, 'rnn_dropout': 0.36558026194855425, 'bidirectional': False, 'fc_dropout': 0.16956813171494078, 'learning_rate_model': 0.015646491878786785}. Best is trial 24 with value: 0.9763447046279907.
Epoch 38: reducing lr to 2.231964318069365e-05
Epoch 41: reducing lr to 1.2307297979239078e-05
Epoch 44: reducing lr to 5.002877367141982e-06
Epoch 47: reducing lr to 8.65336443236055e-07
[I 2024-06-24 15:36:43,242] Trial 56 finished with value: 0.9839743971824646 and parameters: {'hidden_size': 71, 'n_layers': 1, 'rnn_dropout': 0.47474595957169685, 'bidirectional': True, 'fc_dropout': 0.5998866485809148, 'learning_rate_model': 0.001108066724703625}. Best is trial 24 with value: 0.9763447046279907.
Epoch 7: reducing lr to 0.004393169059587551
Epoch 10: reducing lr to 0.00592929050598557
Epoch 13: reducing lr to 0.006147874865754008
Epoch 16: reducing lr to 0.005962581892911421
Epoch 19: reducing lr to 0.005596441835416816
Epoch 22: reducing lr to 0.005072460724183507
Epoch 25: reducing lr to 0.004423561801878464
Epoch 28: reducing lr to 0.003690518352267069
Epoch 31: reducing lr to 0.0029193899854707966
Epoch 34: reducing lr to 0.0021586303749712766
Epoch 37: reducing lr to 0.0014560394143421287
Epoch 40: reducing lr to 0.0008557640359915748
Epoch 43: reducing lr to 0.0003955214510086978
Epoch 46: reducing lr to 0.00010423106386027864
Epoch 49: reducing lr to 1.9531400197031478e-07
[I 2024-06-24 15:36:46,944] Trial 57 finished with value: 1.1072465181350708 and parameters: {'hidden_size': 116, 'n_layers': 7, 'rnn_dropout': 0.6431687131989174, 'bidirectional': False, 'fc_dropout': 0.3720011852508049, 'learning_rate_model': 0.061687300513606574}. Best is trial 24 with value: 0.9763447046279907.
Epoch 12: reducing lr to 0.0016283122981936714
Epoch 16: reducing lr to 0.0015743146643317119
Epoch 19: reducing lr to 0.001477641834999458
Epoch 22: reducing lr to 0.0013392938572168614
Epoch 25: reducing lr to 0.0011679635329711916
Epoch 28: reducing lr to 0.0009744163292526985
Epoch 31: reducing lr to 0.0007708134743597888
Epoch 34: reducing lr to 0.0005699483068281658
Epoch 37: reducing lr to 0.0003844415461310336
Epoch 40: reducing lr to 0.0002259494117256299
Epoch 43: reducing lr to 0.00010443046847222575
Epoch 46: reducing lr to 2.752037544494178e-05
Epoch 49: reducing lr to 5.156922000815189e-08
[I 2024-06-24 15:36:49,880] Trial 58 finished with value: 1.1170903444290161 and parameters: {'hidden_size': 56, 'n_layers': 2, 'rnn_dropout': 0.0651791719018096, 'bidirectional': True, 'fc_dropout': 0.5070294084895343, 'learning_rate_model': 0.01628744452416877}. Best is trial 24 with value: 0.9763447046279907.
Epoch 23: reducing lr to 0.0002530196549232075
Epoch 26: reducing lr to 0.00021758382152098945
Epoch 29: reducing lr to 0.00017854922424040496
Epoch 32: reducing lr to 0.0001383685511876166
Epoch 35: reducing lr to 9.956651653774524e-05
Epoch 38: reducing lr to 6.458117890838135e-05
Epoch 41: reducing lr to 3.561077595378016e-05
Epoch 44: reducing lr to 1.4475666823543119e-05
Epoch 47: reducing lr to 2.5038235246031652e-06
[I 2024-06-24 15:36:55,778] Trial 59 finished with value: 1.0404871702194214 and parameters: {'hidden_size': 144, 'n_layers': 6, 'rnn_dropout': 0.2739632958748159, 'bidirectional': True, 'fc_dropout': 0.6592078963298551, 'learning_rate_model': 0.003206155887492329}. Best is trial 24 with value: 0.9763447046279907.
[I 2024-06-24 15:36:58,053] Trial 60 finished with value: 1.112064242362976 and parameters: {'hidden_size': 42, 'n_layers': 1, 'rnn_dropout': 0.014666114330405834, 'bidirectional': False, 'fc_dropout': 0.09067353821407238, 'learning_rate_model': 1.2916159380130333e-05}. Best is trial 24 with value: 0.9763447046279907.
Epoch 33: reducing lr to 3.072476384983367e-05
Epoch 37: reducing lr to 1.857774818901566e-05
Epoch 40: reducing lr to 1.0918776382884085e-05
Epoch 43: reducing lr to 5.046496576820777e-06
Epoch 46: reducing lr to 1.3298942589025842e-06
Epoch 49: reducing lr to 2.49203030539772e-09
[I 2024-06-24 15:37:01,964] Trial 61 finished with value: 0.9773032665252686 and parameters: {'hidden_size': 155, 'n_layers': 3, 'rnn_dropout': 0.5975507964860202, 'bidirectional': True, 'fc_dropout': 0.3824580053742648, 'learning_rate_model': 0.000787074253700552}. Best is trial 24 with value: 0.9763447046279907.
Epoch 9: reducing lr to 0.00026818905472148413
Epoch 13: reducing lr to 0.0002968817636621019
Epoch 16: reducing lr to 0.00028793393928816605
Epoch 22: reducing lr to 0.00024494985971345863
Epoch 27: reducing lr to 0.00019033323681432766
Epoch 30: reducing lr to 0.0001534511149661788
Epoch 33: reducing lr to 0.00011628591513466301
Epoch 36: reducing lr to 8.117287668850206e-05
Epoch 39: reducing lr to 5.031826611564486e-05
Epoch 42: reducing lr to 2.5660775619368172e-05
Epoch 45: reducing lr to 8.749761917334777e-06
Epoch 48: reducing lr to 6.47784854604155e-07
[I 2024-06-24 15:37:04,900] Trial 62 finished with value: 1.0925393104553223 and parameters: {'hidden_size': 164, 'n_layers': 3, 'rnn_dropout': 0.7237489282748985, 'bidirectional': False, 'fc_dropout': 0.10051310491019105, 'learning_rate_model': 0.0029788886358192816}. Best is trial 24 with value: 0.9763447046279907.
Epoch 12: reducing lr to 0.00458122933694196
Epoch 15: reducing lr to 0.004490724822014212
Epoch 18: reducing lr to 0.004262018913334329
Epoch 21: reducing lr to 0.003909482084255551
Epoch 24: reducing lr to 0.0034552654118959756
Epoch 27: reducing lr to 0.002927909476424241
Epoch 30: reducing lr to 0.002360549219869724
Epoch 33: reducing lr to 0.0017888343549244735
Epoch 36: reducing lr to 0.0012486880319107288
Epoch 39: reducing lr to 0.0007740494023172264
Epoch 42: reducing lr to 0.0003947415037219001
Epoch 45: reducing lr to 0.0001345981987329492
Epoch 48: reducing lr to 9.964919665238908e-06
