====================================================================================================
STL + ARIMA + ES + LSTM
Epoch 34: reducing lr to 1.945464739390692e-06
Epoch 42: reducing lr to 4.789127033506297e-07
Epoch 45: reducing lr to 1.6329873249592577e-07
Epoch 48: reducing lr to 1.2089751319672992e-08
[I 2024-06-24 15:33:16,698] Trial 0 finished with value: 1.0754108428955078 and parameters: {'hidden_size': 93, 'n_layers': 6, 'rnn_dropout': 9.149985387590931e-05, 'bidirectional': True, 'fc_dropout': 0.07387087581503825, 'learning_rate_model': 5.5595654267125665e-05}. Best is trial 0 with value: 1.0754108428955078.
Epoch 6: reducing lr to 0.0019420349762262438
Epoch 9: reducing lr to 0.00292992516187009
Epoch 12: reducing lr to 0.003253527628577598
Epoch 15: reducing lr to 0.0031892525359831295
Epoch 18: reducing lr to 0.0030268286671956213
Epoch 21: reducing lr to 0.0027764617396441233
Epoch 28: reducing lr to 0.0019469793678262488
Epoch 31: reducing lr to 0.0015401609003945368
Epoch 34: reducing lr to 0.0011388126007422093
Epoch 37: reducing lr to 0.0007681519038442077
Epoch 40: reducing lr to 0.0004514690790738931
Epoch 43: reducing lr to 0.00020866231546405462
Epoch 46: reducing lr to 5.4988408524748314e-05
Epoch 49: reducing lr to 1.0304035796201983e-07
[I 2024-06-24 15:33:19,375] Trial 1 finished with value: 1.107260823249817 and parameters: {'hidden_size': 79, 'n_layers': 3, 'rnn_dropout': 0.4310533872026856, 'bidirectional': False, 'fc_dropout': 0.16356179978521396, 'learning_rate_model': 0.032543911150884876}. Best is trial 0 with value: 1.0754108428955078.
Epoch 16: reducing lr to 0.001542470497102604
Epoch 19: reducing lr to 0.0014477531000695687
Epoch 22: reducing lr to 0.0013122035311693462
Epoch 25: reducing lr to 0.0011443387602976661
Epoch 28: reducing lr to 0.0009547064978940048
Epoch 31: reducing lr to 0.000755221983194722
Epoch 34: reducing lr to 0.0005584197797771345
Epoch 37: reducing lr to 0.0003766653237771558
Epoch 40: reducing lr to 0.00022137906056564488
Epoch 43: reducing lr to 0.00010231811992006661
Epoch 46: reducing lr to 2.6963711991483118e-05
Epoch 49: reducing lr to 5.052611286859854e-08
[I 2024-06-24 15:33:23,710] Trial 2 finished with value: 1.0177521705627441 and parameters: {'hidden_size': 21, 'n_layers': 5, 'rnn_dropout': 0.3338438418937016, 'bidirectional': True, 'fc_dropout': 0.15848119126790305, 'learning_rate_model': 0.015957993164212966}. Best is trial 2 with value: 1.0177521705627441.
[I 2024-06-24 15:33:26,776] Trial 3 finished with value: 1.1064438819885254 and parameters: {'hidden_size': 195, 'n_layers': 3, 'rnn_dropout': 0.5538580925354513, 'bidirectional': False, 'fc_dropout': 0.06803536909582233, 'learning_rate_model': 1.432910723846784e-05}. Best is trial 2 with value: 1.0177521705627441.
Epoch 28: reducing lr to 0.00035026767494734874
Epoch 31: reducing lr to 0.00027707976085453444
Epoch 34: reducing lr to 0.00020487594704614995
Epoch 37: reducing lr to 0.00013819292890930173
[I 2024-06-24 15:33:30,418] Trial 4 finished with value: 1.1070995330810547 and parameters: {'hidden_size': 47, 'n_layers': 7, 'rnn_dropout': 0.07867746706644008, 'bidirectional': False, 'fc_dropout': 0.42653222797841367, 'learning_rate_model': 0.005854751355295724}. Best is trial 2 with value: 1.0177521705627441.
Epoch 12: reducing lr to 0.0009829860871492667
Epoch 15: reducing lr to 0.000963566697187542
Epoch 18: reducing lr to 0.0009144936843024847
Epoch 21: reducing lr to 0.00083885049495203
Epoch 24: reducing lr to 0.0007413900456616357
Epoch 27: reducing lr to 0.000628236237061796
Epoch 30: reducing lr to 0.0005064987736920169
Epoch 33: reducing lr to 0.0003838269498813498
Epoch 36: reducing lr to 0.00026792873097625437
Epoch 39: reducing lr to 0.00016608637928437303
Epoch 42: reducing lr to 8.469897000136246e-05
Epoch 45: reducing lr to 2.8880491889576344e-05
Epoch 48: reducing lr to 2.1381547768199728e-06
[I 2024-06-24 15:33:33,582] Trial 5 finished with value: 1.0988516807556152 and parameters: {'hidden_size': 74, 'n_layers': 5, 'rnn_dropout': 0.6677005375178984, 'bidirectional': False, 'fc_dropout': 0.7910888711251958, 'learning_rate_model': 0.009832469717408681}. Best is trial 2 with value: 1.0177521705627441.
Epoch 17: reducing lr to 1.3451854401357507e-05
Epoch 20: reducing lr to 1.2483466976910361e-05
Epoch 25: reducing lr to 1.0154947628181115e-05
Epoch 28: reducing lr to 8.472136768203113e-06
Epoch 31: reducing lr to 6.701896285500768e-06
Epoch 34: reducing lr to 4.9554588334508234e-06
Epoch 37: reducing lr to 3.3425562158830798e-06
Epoch 40: reducing lr to 1.964534317998006e-06
Epoch 43: reducing lr to 9.079786381892356e-07
Epoch 46: reducing lr to 2.3927799409997105e-07
Epoch 49: reducing lr to 4.4837249933379374e-10
[I 2024-06-24 15:33:36,985] Trial 6 finished with value: 1.1068992614746094 and parameters: {'hidden_size': 67, 'n_layers': 6, 'rnn_dropout': 0.08258080526211363, 'bidirectional': False, 'fc_dropout': 0.2348913186989436, 'learning_rate_model': 0.00014161242322273667}. Best is trial 2 with value: 1.0177521705627441.
[I 2024-06-24 15:33:39,255] Trial 7 finished with value: 1.1112606525421143 and parameters: {'hidden_size': 40, 'n_layers': 1, 'rnn_dropout': 0.5430684263519128, 'bidirectional': False, 'fc_dropout': 0.39325852742427064, 'learning_rate_model': 1.634745612637677e-05}. Best is trial 2 with value: 1.0177521705627441.
Epoch 16: reducing lr to 0.0005792142290121482
Epoch 22: reducing lr to 0.0004927465115481645
Epoch 25: reducing lr to 0.0004297114881740523
Epoch 28: reducing lr to 0.00035850253807076895
Epoch 31: reducing lr to 0.00028359396147338995
Epoch 34: reducing lr to 0.0002096926215550373
Epoch 37: reducing lr to 0.00014144187231912027
Epoch 40: reducing lr to 8.313021359295028e-05
Epoch 43: reducing lr to 3.8421552343980914e-05
Epoch 46: reducing lr to 1.0125163289534128e-05
Epoch 49: reducing lr to 1.8973097744984236e-08
[I 2024-06-24 15:33:42,194] Trial 8 finished with value: 1.0191650390625 and parameters: {'hidden_size': 122, 'n_layers': 2, 'rnn_dropout': 0.47144442952262744, 'bidirectional': True, 'fc_dropout': 0.3312447902556547, 'learning_rate_model': 0.005992397731141758}. Best is trial 2 with value: 1.0177521705627441.
Epoch 23: reducing lr to 0.00017514179104609657
Epoch 27: reducing lr to 0.0001418014029422349
Epoch 30: reducing lr to 0.00011432361341325304
Epoch 33: reducing lr to 8.663492611436326e-05
Epoch 38: reducing lr to 4.470349683037547e-05
Epoch 41: reducing lr to 2.4650002320883956e-05
Epoch 44: reducing lr to 1.0020147307652356e-05
Epoch 47: reducing lr to 1.7331623375086997e-06
[I 2024-06-24 15:33:44,624] Trial 9 finished with value: 0.9829268455505371 and parameters: {'hidden_size': 92, 'n_layers': 1, 'rnn_dropout': 0.4287171247324093, 'bidirectional': True, 'fc_dropout': 0.7556758047926507, 'learning_rate_model': 0.002219321201267233}. Best is trial 9 with value: 0.9829268455505371.
Epoch 7: reducing lr to 0.0036527207546016966
Epoch 10: reducing lr to 0.004929936043323959
Epoch 18: reducing lr to 0.004770373837948047
Epoch 21: reducing lr to 0.004375787961970578
Epoch 24: reducing lr to 0.0038673943169295275
Epoch 27: reducing lr to 0.003277137678229426
Epoch 30: reducing lr to 0.002642105178469411
Epoch 33: reducing lr to 0.0020021986717272426
Epoch 36: reducing lr to 0.0013976260641522195
Epoch 39: reducing lr to 0.000866374620380237
Epoch 42: reducing lr to 0.00044182453912060065
Epoch 45: reducing lr to 0.00015065248158841886
Epoch 48: reducing lr to 1.1153491581087498e-05
[I 2024-06-24 15:33:47,209] Trial 10 finished with value: 1.172027826309204 and parameters: {'hidden_size': 183, 'n_layers': 1, 'rnn_dropout': 0.11142107780060684, 'bidirectional': True, 'fc_dropout': 0.13228335769354624, 'learning_rate_model': 0.051290191619112704}. Best is trial 9 with value: 0.9829268455505371.
Epoch 24: reducing lr to 1.8748973750140736e-05
Epoch 27: reducing lr to 1.5887433054279965e-05
Epoch 32: reducing lr to 1.073114657876732e-05
Epoch 42: reducing lr to 2.141947783777313e-06
Epoch 45: reducing lr to 7.30357235705244e-07
Epoch 48: reducing lr to 5.407168334524513e-08
[I 2024-06-24 15:33:52,145] Trial 11 finished with value: 1.0751559734344482 and parameters: {'hidden_size': 80, 'n_layers': 6, 'rnn_dropout': 0.5807983882803612, 'bidirectional': True, 'fc_dropout': 0.6007539472218698, 'learning_rate_model': 0.0002486528079375971}. Best is trial 9 with value: 0.9829268455505371.
[I 2024-06-24 15:33:57,518] Trial 12 finished with value: 1.1015129089355469 and parameters: {'hidden_size': 65, 'n_layers': 7, 'rnn_dropout': 0.34247295189703597, 'bidirectional': True, 'fc_dropout': 0.49735657616729745, 'learning_rate_model': 2.877291692654975e-05}. Best is trial 9 with value: 0.9829268455505371.
Epoch 16: reducing lr to 0.00019052700386256702
Epoch 23: reducing lr to 0.00015555628805180647
Epoch 26: reducing lr to 0.00013377036509754328
Epoch 29: reducing lr to 0.000109771924895703
Epoch 33: reducing lr to 7.694684085105582e-05
Epoch 36: reducing lr to 5.37124071882607e-05
Epoch 39: reducing lr to 3.329579175790887e-05
Epoch 42: reducing lr to 1.6979834706650605e-05
Epoch 45: reducing lr to 5.789751380965813e-06
Epoch 48: reducing lr to 4.286417495638368e-07
[I 2024-06-24 15:34:03,006] Trial 13 finished with value: 0.9794161319732666 and parameters: {'hidden_size': 191, 'n_layers': 4, 'rnn_dropout': 0.4627116915097054, 'bidirectional': True, 'fc_dropout': 0.7227036164498031, 'learning_rate_model': 0.001971142158600765}. Best is trial 13 with value: 0.9794161319732666.
Epoch 8: reducing lr to 0.0035121568574605563
Epoch 11: reducing lr to 0.0042823259422302565
Epoch 16: reducing lr to 0.004162739125823755
Epoch 23: reducing lr to 0.0033986796276304007
Epoch 28: reducing lr to 0.0025765122249837035
Epoch 31: reducing lr to 0.0020381537955067664
Epoch 34: reducing lr to 0.0015070342481613998
Epoch 37: reducing lr to 0.0010165247786414811
Epoch 40: reducing lr to 0.000597446290730199
Epoch 43: reducing lr to 0.00027613081862638486
Epoch 46: reducing lr to 7.276826305282966e-05
Epoch 49: reducing lr to 1.363572446344552e-07
[I 2024-06-24 15:34:06,170] Trial 14 finished with value: 1.1026959419250488 and parameters: {'hidden_size': 16, 'n_layers': 5, 'rnn_dropout': 0.26131592141767696, 'bidirectional': False, 'fc_dropout': 0.28581580800199985, 'learning_rate_model': 0.04306660168805714}. Best is trial 13 with value: 0.9794161319732666.
[I 2024-06-24 15:34:08,519] Trial 15 finished with value: 1.1016825437545776 and parameters: {'hidden_size': 131, 'n_layers': 1, 'rnn_dropout': 0.7435497869950091, 'bidirectional': False, 'fc_dropout': 0.13787240667626285, 'learning_rate_model': 3.5362503098265445e-05}. Best is trial 13 with value: 0.9794161319732666.
Epoch 12: reducing lr to 0.0007014291139487203
Epoch 15: reducing lr to 0.000687572025153313
Epoch 22: reducing lr to 0.000576928458150632
Epoch 25: reducing lr to 0.0005031243864983442
Epoch 28: reducing lr to 0.0004197499356868403
Epoch 31: reducing lr to 0.0003320438056874602
Epoch 34: reducing lr to 0.0002455169909964678
Epoch 37: reducing lr to 0.0001656061268878862
Epoch 40: reducing lr to 9.733237035656934e-05
Epoch 43: reducing lr to 4.498557865771921e-05
Epoch 46: reducing lr to 1.1854969458435782e-05
Epoch 49: reducing lr to 2.221450537305547e-08
[I 2024-06-24 15:34:15,157] Trial 16 finished with value: 1.1381208896636963 and parameters: {'hidden_size': 188, 'n_layers': 5, 'rnn_dropout': 0.052800138177649995, 'bidirectional': True, 'fc_dropout': 0.7384196284371867, 'learning_rate_model': 0.007016152732955534}. Best is trial 13 with value: 0.9794161319732666.
Epoch 13: reducing lr to 0.0001425126812570336
Epoch 23: reducing lr to 0.00011284800401774833
Epoch 26: reducing lr to 9.704344894727592e-05
Epoch 29: reducing lr to 7.963382757976787e-05
Epoch 32: reducing lr to 6.171305081057547e-05
Epoch 35: reducing lr to 4.440715351419959e-05
Epoch 38: reducing lr to 2.8803521762512243e-05
Epoch 41: reducing lr to 1.58825803043917e-05
Epoch 44: reducing lr to 6.456218226835275e-06
Epoch 47: reducing lr to 1.1167175421605489e-06
[I 2024-06-24 15:34:17,462] Trial 17 finished with value: 1.092000961303711 and parameters: {'hidden_size': 38, 'n_layers': 1, 'rnn_dropout': 0.020968789502175424, 'bidirectional': False, 'fc_dropout': 0.6880223589463105, 'learning_rate_model': 0.0014299612122349629}. Best is trial 13 with value: 0.9794161319732666.
Epoch 5: reducing lr to 8.359503352487266e-05
Epoch 21: reducing lr to 0.00014967277978094018
Epoch 29: reducing lr to 9.769992045771066e-05
Epoch 32: reducing lr to 7.571355463677006e-05
Epoch 35: reducing lr to 5.448156264678812e-05
Epoch 38: reducing lr to 3.533801991723361e-05
Epoch 41: reducing lr to 1.9485774821609986e-05
Epoch 44: reducing lr to 7.920905303560782e-06
Epoch 47: reducing lr to 1.3700611707195483e-06
[I 2024-06-24 15:34:20,899] Trial 18 finished with value: 1.093764066696167 and parameters: {'hidden_size': 118, 'n_layers': 6, 'rnn_dropout': 0.09933865209592892, 'bidirectional': False, 'fc_dropout': 0.7756765986557397, 'learning_rate_model': 0.0017543687266950109}. Best is trial 13 with value: 0.9794161319732666.
Epoch 18: reducing lr to 0.0009057423276735144
Epoch 23: reducing lr to 0.000768521807564351
Epoch 26: reducing lr to 0.000660889020115142
Epoch 29: reducing lr to 0.0005423253485745807
Epoch 32: reducing lr to 0.0004202805869016063
Epoch 35: reducing lr to 0.0003024233010107363
Epoch 38: reducing lr to 0.0001961588492576575
Epoch 41: reducing lr to 0.0001081641578915063
Epoch 44: reducing lr to 4.39683851292309e-05
Epoch 47: reducing lr to 7.60511266025641e-06
[I 2024-06-24 15:34:25,754] Trial 19 finished with value: 1.0086103677749634 and parameters: {'hidden_size': 19, 'n_layers': 6, 'rnn_dropout': 0.18637941907281635, 'bidirectional': True, 'fc_dropout': 0.6908334836475429, 'learning_rate_model': 0.009738376723091037}. Best is trial 13 with value: 0.9794161319732666.
[I 2024-06-24 15:34:28,248] Trial 20 finished with value: 1.0673646926879883 and parameters: {'hidden_size': 118, 'n_layers': 1, 'rnn_dropout': 0.04793415160976933, 'bidirectional': True, 'fc_dropout': 0.08599530328487433, 'learning_rate_model': 7.995347689531267e-05}. Best is trial 13 with value: 0.9794161319732666.
[I 2024-06-24 15:34:31,502] Trial 21 finished with value: 1.1010029315948486 and parameters: {'hidden_size': 147, 'n_layers': 4, 'rnn_dropout': 0.010044784127292684, 'bidirectional': False, 'fc_dropout': 0.4544803695359537, 'learning_rate_model': 6.503886274016054e-05}. Best is trial 13 with value: 0.9794161319732666.
Epoch 17: reducing lr to 8.651110121155873e-06
Epoch 25: reducing lr to 6.530814829299657e-06
Epoch 28: reducing lr to 5.448571323803673e-06
Epoch 31: reducing lr to 4.3101003814449295e-06
Epoch 34: reducing lr to 3.1869375619105275e-06
Epoch 37: reducing lr to 2.1496532037129698e-06
Epoch 40: reducing lr to 1.2634245223525096e-06
Epoch 43: reducing lr to 5.8393608436912e-07
Epoch 46: reducing lr to 1.5388363676603882e-07
Epoch 49: reducing lr to 2.883557724683242e-10
[I 2024-06-24 15:34:34,934] Trial 22 finished with value: 1.1069896221160889 and parameters: {'hidden_size': 62, 'n_layers': 6, 'rnn_dropout': 0.15634358488745503, 'bidirectional': False, 'fc_dropout': 0.6774630411920283, 'learning_rate_model': 9.107329229641331e-05}. Best is trial 13 with value: 0.9794161319732666.
[I 2024-06-24 15:34:39,407] Trial 23 finished with value: 1.019514799118042 and parameters: {'hidden_size': 107, 'n_layers': 5, 'rnn_dropout': 0.663184719640143, 'bidirectional': True, 'fc_dropout': 0.056017714975377865, 'learning_rate_model': 0.0008818210135856344}. Best is trial 13 with value: 0.9794161319732666.
Epoch 22: reducing lr to 0.0001314667127817124
Epoch 25: reducing lr to 0.00011464871992149727
Epoch 28: reducing lr to 9.564989117017374e-05
Epoch 31: reducing lr to 7.566398747808456e-05
Epoch 34: reducing lr to 5.5946818504722695e-05
Epoch 37: reducing lr to 3.773724941260761e-05
Epoch 40: reducing lr to 2.2179468870452936e-05
Epoch 43: reducing lr to 1.0251021708430549e-05
Epoch 46: reducing lr to 2.7014335015195823e-06
Epoch 49: reducing lr to 5.0620973124186616e-09
[I 2024-06-24 15:34:43,380] Trial 24 finished with value: 0.9763447046279907 and parameters: {'hidden_size': 128, 'n_layers': 4, 'rnn_dropout': 0.2538899274577286, 'bidirectional': True, 'fc_dropout': 0.3041129380988403, 'learning_rate_model': 0.0015987953500037988}. Best is trial 24 with value: 0.9763447046279907.
Epoch 9: reducing lr to 6.238537953422173e-06
Epoch 12: reducing lr to 6.927567931610175e-06
Epoch 15: reducing lr to 6.7907103047230825e-06
Epoch 18: reducing lr to 6.444869570236275e-06
Epoch 21: reducing lr to 5.911776233881299e-06
[I 2024-06-24 15:34:46,852] Trial 25 finished with value: 1.107254981994629 and parameters: {'hidden_size': 153, 'n_layers': 5, 'rnn_dropout': 0.2119356461302475, 'bidirectional': False, 'fc_dropout': 0.5037740056172516, 'learning_rate_model': 6.929406508731719e-05}. Best is trial 24 with value: 0.9763447046279907.
Epoch 23: reducing lr to 9.90491746636851e-05
Epoch 27: reducing lr to 8.01939493920349e-05
Epoch 33: reducing lr to 4.8995261938474235e-05
Epoch 38: reducing lr to 2.528148444287616e-05
Epoch 41: reducing lr to 1.3940489992470559e-05
Epoch 44: reducing lr to 5.666764710487039e-06
Epoch 47: reducing lr to 9.80167543469042e-07
[I 2024-06-24 15:34:49,336] Trial 26 finished with value: 0.9835362434387207 and parameters: {'hidden_size': 155, 'n_layers': 1, 'rnn_dropout': 0.20825207886283278, 'bidirectional': True, 'fc_dropout': 0.5115687047039521, 'learning_rate_model': 0.001255108400948586}. Best is trial 24 with value: 0.9763447046279907.
Epoch 5: reducing lr to 0.0025465246007663816
Epoch 8: reducing lr to 0.0043583447146142784
Epoch 14: reducing lr to 0.005290934748605682
Epoch 17: reducing lr to 0.0050765548211483755
Epoch 20: reducing lr to 0.004711098007415653
Epoch 23: reducing lr to 0.0042175272896155195
Epoch 26: reducing lr to 0.003626855412960392
Epoch 29: reducing lr to 0.002976196556754211
Epoch 32: reducing lr to 0.0023064340232202586
Epoch 35: reducing lr to 0.0016596517008030235
Epoch 38: reducing lr to 0.0010764890360960573
Epoch 41: reducing lr to 0.0005935879544023373
Epoch 44: reducing lr to 0.00024129160986408187
Epoch 47: reducing lr to 4.1735666925165477e-05
[I 2024-06-24 15:34:51,875] Trial 27 finished with value: 1.142704725265503 and parameters: {'hidden_size': 187, 'n_layers': 2, 'rnn_dropout': 0.05276887254721903, 'bidirectional': False, 'fc_dropout': 0.7262526820028192, 'learning_rate_model': 0.05344268592242116}. Best is trial 24 with value: 0.9763447046279907.
Epoch 8: reducing lr to 0.0037485102196038816
Epoch 11: reducing lr to 0.004570508439572225
Epoch 14: reducing lr to 0.00455060906722266
Epoch 18: reducing lr to 0.004275072576821406
Epoch 21: reducing lr to 0.003921456001916255
Epoch 24: reducing lr to 0.0034658481598524226
Epoch 27: reducing lr to 0.0029368770445657834
Epoch 30: reducing lr to 0.0023677790834126704
Epoch 33: reducing lr to 0.0017943131766233289
Epoch 36: reducing lr to 0.0012525124995398866
Epoch 39: reducing lr to 0.0007764201521017033
Epoch 42: reducing lr to 0.0003959505135500474
Epoch 45: reducing lr to 0.0001350104445788633
Epoch 48: reducing lr to 9.995440108866855e-06
[I 2024-06-24 15:34:54,443] Trial 28 finished with value: 1.1098073720932007 and parameters: {'hidden_size': 18, 'n_layers': 2, 'rnn_dropout': 0.4934226856013261, 'bidirectional': False, 'fc_dropout': 0.44532255055612513, 'learning_rate_model': 0.04596480257092418}. Best is trial 24 with value: 0.9763447046279907.
Epoch 8: reducing lr to 0.003858042812473094
Epoch 18: reducing lr to 0.004399991479694985
Epoch 21: reducing lr to 0.004036042122414497
Epoch 24: reducing lr to 0.003567121282559753
Epoch 27: reducing lr to 0.0030226934726355335
Epoch 30: reducing lr to 0.002436966298373787
Epoch 33: reducing lr to 0.0018467435457942883
Epoch 36: reducing lr to 0.0012891112904297238
Epoch 39: reducing lr to 0.0007991073818098812
Epoch 42: reducing lr to 0.00040752030630937313
Epoch 45: reducing lr to 0.00013895549026176067
Epoch 48: reducing lr to 1.0287509866678535e-05
[I 2024-06-24 15:34:58,310] Trial 29 finished with value: 1.1301608085632324 and parameters: {'hidden_size': 134, 'n_layers': 3, 'rnn_dropout': 0.3887925336775278, 'bidirectional': True, 'fc_dropout': 0.740945141365163, 'learning_rate_model': 0.047307907887800385}. Best is trial 24 with value: 0.9763447046279907.
[I 2024-06-24 15:35:02,017] Trial 30 finished with value: 1.1095918416976929 and parameters: {'hidden_size': 89, 'n_layers': 7, 'rnn_dropout': 0.13916453334437148, 'bidirectional': False, 'fc_dropout': 0.40452973254151736, 'learning_rate_model': 1.2192681272217677e-05}. Best is trial 24 with value: 0.9763447046279907.
Epoch 3: reducing lr to 0.0004351627280700692
Epoch 6: reducing lr to 0.001032167238589228
Epoch 14: reducing lr to 0.0017124066167024544
Epoch 19: reducing lr to 0.0015692025216897647
Epoch 22: reducing lr to 0.0014222819415701513
Epoch 28: reducing lr to 0.0010347951207266537
Epoch 31: reducing lr to 0.0008185762064040862
Epoch 34: reducing lr to 0.0006052646176655503
Epoch 37: reducing lr to 0.0004082631049975319
Epoch 40: reducing lr to 0.00023995015453410397
Epoch 43: reducing lr to 0.00011090140424179287
Epoch 46: reducing lr to 2.9225649628461524e-05
Epoch 49: reducing lr to 5.476465822842891e-08
[I 2024-06-24 15:35:06,389] Trial 31 finished with value: 1.1970106363296509 and parameters: {'hidden_size': 191, 'n_layers': 6, 'rnn_dropout': 0.012015184593697903, 'bidirectional': False, 'fc_dropout': 0.10479747584873352, 'learning_rate_model': 0.017296680706943544}. Best is trial 24 with value: 0.9763447046279907.
Epoch 27: reducing lr to 4.4155156553781704e-05
Epoch 42: reducing lr to 5.953009488668425e-06
Epoch 47: reducing lr to 5.396847475267223e-07
