[I 2024-06-24 15:54:57,282] Trial 344 finished with value: 0.9705871939659119 and parameters: {'hidden_size': 197, 'n_layers': 3, 'rnn_dropout': 0.2871090619733977, 'bidirectional': True, 'fc_dropout': 0.780082518912997, 'learning_rate_model': 0.0009693857922409879}. Best is trial 212 with value: 0.9678940773010254.
Epoch 23: reducing lr to 7.727001299004407e-05
Epoch 27: reducing lr to 6.256071827236899e-05
Epoch 37: reducing lr to 2.3110999404522488e-05
Epoch 40: reducing lr to 1.3583122772228666e-05
Epoch 43: reducing lr to 6.277917979897508e-06
Epoch 46: reducing lr to 1.6544085490268357e-06
Epoch 49: reducing lr to 3.1001233474639913e-09
[I 2024-06-24 15:55:01,755] Trial 345 finished with value: 0.9705359935760498 and parameters: {'hidden_size': 197, 'n_layers': 3, 'rnn_dropout': 0.28803818532139647, 'bidirectional': True, 'fc_dropout': 0.7794102774297541, 'learning_rate_model': 0.0009791322620759581}. Best is trial 212 with value: 0.9678940773010254.
Epoch 23: reducing lr to 7.121356738386333e-05
Epoch 37: reducing lr to 2.1299552694710227e-05
Epoch 40: reducing lr to 1.2518473744116333e-05
Epoch 43: reducing lr to 5.785852982183423e-06
Epoch 46: reducing lr to 1.5247355361742012e-06
Epoch 49: reducing lr to 2.857134797317178e-09
[I 2024-06-24 15:55:06,778] Trial 346 finished with value: 0.9712941646575928 and parameters: {'hidden_size': 197, 'n_layers': 3, 'rnn_dropout': 0.28656176943418915, 'bidirectional': True, 'fc_dropout': 0.7800265634498711, 'learning_rate_model': 0.0009023875967517293}. Best is trial 212 with value: 0.9678940773010254.
Epoch 23: reducing lr to 7.084636471116583e-05
Epoch 27: reducing lr to 5.735989023177492e-05
Epoch 37: reducing lr to 2.1189724568356167e-05
Epoch 40: reducing lr to 1.2453924007516918e-05
Epoch 43: reducing lr to 5.75601905085626e-06
Epoch 46: reducing lr to 1.5168734533631918e-06
Epoch 49: reducing lr to 2.842402386453013e-09
[I 2024-06-24 15:55:11,486] Trial 347 finished with value: 0.9714010953903198 and parameters: {'hidden_size': 197, 'n_layers': 3, 'rnn_dropout': 0.27056170106413463, 'bidirectional': True, 'fc_dropout': 0.7992698883640474, 'learning_rate_model': 0.0008977345629337466}. Best is trial 212 with value: 0.9678940773010254.
Epoch 23: reducing lr to 7.701952222819121e-05
Epoch 27: reducing lr to 6.23579114993958e-05
Epoch 38: reducing lr to 1.9658597455468444e-05
Epoch 41: reducing lr to 1.0839967950188436e-05
Epoch 44: reducing lr to 4.406412391251384e-06
Epoch 47: reducing lr to 7.621672382217586e-07
[I 2024-06-24 15:55:16,148] Trial 348 finished with value: 0.9705461263656616 and parameters: {'hidden_size': 197, 'n_layers': 3, 'rnn_dropout': 0.2603100838229656, 'bidirectional': True, 'fc_dropout': 0.7778771764575925, 'learning_rate_model': 0.0009759581512302187}. Best is trial 212 with value: 0.9678940773010254.
Epoch 23: reducing lr to 7.787066342970531e-05
Epoch 27: reducing lr to 6.3047027533643e-05
Epoch 38: reducing lr to 1.987584422322631e-05
Epoch 41: reducing lr to 1.0959760219454436e-05
Epoch 44: reducing lr to 4.455107566559595e-06
Epoch 47: reducing lr to 7.705899331454354e-07
[I 2024-06-24 15:55:20,799] Trial 349 finished with value: 0.9704641103744507 and parameters: {'hidden_size': 197, 'n_layers': 3, 'rnn_dropout': 0.2589530568609423, 'bidirectional': True, 'fc_dropout': 0.7772451642693436, 'learning_rate_model': 0.000986743445262613}. Best is trial 212 with value: 0.9678940773010254.
Epoch 18: reducing lr to 9.598295467932013e-05
Epoch 23: reducing lr to 8.144147796977836e-05
Epoch 27: reducing lr to 6.593809372866452e-05
Epoch 37: reducing lr to 2.4358659666661278e-05
Epoch 40: reducing lr to 1.4316415271701708e-05
Epoch 43: reducing lr to 6.61683490232848e-06
Epoch 46: reducing lr to 1.7437227222408127e-06
Epoch 49: reducing lr to 3.2674852447648827e-09
[I 2024-06-24 15:55:25,453] Trial 350 finished with value: 0.9721477031707764 and parameters: {'hidden_size': 196, 'n_layers': 3, 'rnn_dropout': 0.2547769727175554, 'bidirectional': True, 'fc_dropout': 0.7795922606277459, 'learning_rate_model': 0.001031991266283763}. Best is trial 212 with value: 0.9678940773010254.
Epoch 23: reducing lr to 8.438907201619412e-05
Epoch 27: reducing lr to 6.83245770950241e-05
Epoch 36: reducing lr to 2.913890692007057e-05
Epoch 39: reducing lr to 1.8062921169465018e-05
Epoch 42: reducing lr to 9.211536941569295e-06
Epoch 45: reducing lr to 3.14093214979173e-06
Epoch 48: reducing lr to 2.3253755875841075e-07
[I 2024-06-24 15:55:30,059] Trial 351 finished with value: 0.9700982570648193 and parameters: {'hidden_size': 197, 'n_layers': 3, 'rnn_dropout': 0.2633297013654394, 'bidirectional': True, 'fc_dropout': 0.7734618152381076, 'learning_rate_model': 0.0010693419061331515}. Best is trial 212 with value: 0.9678940773010254.
Epoch 18: reducing lr to 0.00010683917836861684
Epoch 27: reducing lr to 7.339607100760762e-05
Epoch 32: reducing lr to 4.9575283407792005e-05
Epoch 38: reducing lr to 2.3138424300267285e-05
Epoch 41: reducing lr to 1.2758782939674484e-05
Epoch 44: reducing lr to 5.1864045632802e-06
Epoch 47: reducing lr to 8.970807294714873e-07
[I 2024-06-24 15:55:35,222] Trial 352 finished with value: 0.9718505144119263 and parameters: {'hidden_size': 196, 'n_layers': 3, 'rnn_dropout': 0.27161921293640773, 'bidirectional': True, 'fc_dropout': 0.7838253537950853, 'learning_rate_model': 0.0011487154082901034}. Best is trial 212 with value: 0.9678940773010254.
Epoch 23: reducing lr to 8.158251359680741e-05
Epoch 27: reducing lr to 6.605228149423494e-05
Epoch 38: reducing lr to 2.0823263346833446e-05
Epoch 41: reducing lr to 1.1482177597324907e-05
Epoch 44: reducing lr to 4.66746856410418e-06
Epoch 47: reducing lr to 8.073215371427875e-07
[I 2024-06-24 15:55:39,547] Trial 353 finished with value: 0.9701440930366516 and parameters: {'hidden_size': 197, 'n_layers': 3, 'rnn_dropout': 0.26128770947497965, 'bidirectional': True, 'fc_dropout': 0.7730156807565378, 'learning_rate_model': 0.001033778408891647}. Best is trial 212 with value: 0.9678940773010254.
Epoch 18: reducing lr to 9.451543399320066e-05
Epoch 23: reducing lr to 8.019628757083617e-05
Epoch 27: reducing lr to 6.492994059487743e-05
Epoch 37: reducing lr to 2.3986230655006027e-05
Epoch 40: reducing lr to 1.4097526036290137e-05
Epoch 43: reducing lr to 6.5156675426837745e-06
Epoch 46: reducing lr to 1.7170622680560706e-06
Epoch 49: reducing lr to 3.217527393345812e-09
[I 2024-06-24 15:55:45,005] Trial 354 finished with value: 0.9728121161460876 and parameters: {'hidden_size': 194, 'n_layers': 3, 'rnn_dropout': 0.259189801362674, 'bidirectional': True, 'fc_dropout': 0.7851017548306836, 'learning_rate_model': 0.0010162127508564571}. Best is trial 212 with value: 0.9678940773010254.
Epoch 18: reducing lr to 0.00010649115310655514
Epoch 23: reducing lr to 9.035767786769736e-05
Epoch 27: reducing lr to 7.31569856155561e-05
Epoch 36: reducing lr to 3.1199821280121436e-05
Epoch 39: reducing lr to 1.934046166625614e-05
Epoch 42: reducing lr to 9.863043493036511e-06
Epoch 45: reducing lr to 3.363081600668777e-06
Epoch 48: reducing lr to 2.4898429766358114e-07
[I 2024-06-24 15:55:49,261] Trial 355 finished with value: 0.9704920053482056 and parameters: {'hidden_size': 197, 'n_layers': 3, 'rnn_dropout': 0.26028874046440875, 'bidirectional': True, 'fc_dropout': 0.7722411223873905, 'learning_rate_model': 0.001144973503989556}. Best is trial 212 with value: 0.9678940773010254.
Epoch 18: reducing lr to 0.00010067462041546163
Epoch 27: reducing lr to 6.916116074183197e-05
Epoch 31: reducing lr to 5.122692133400974e-05
Epoch 36: reducing lr to 2.9495691170359964e-05
Epoch 39: reducing lr to 1.828408820929811e-05
Epoch 42: reducing lr to 9.324325362587488e-06
Epoch 45: reducing lr to 3.1793905286646006e-06
Epoch 48: reducing lr to 2.3538480827239167e-07
[I 2024-06-24 15:55:53,586] Trial 356 finished with value: 0.9737582802772522 and parameters: {'hidden_size': 193, 'n_layers': 3, 'rnn_dropout': 0.2627861665350394, 'bidirectional': True, 'fc_dropout': 0.7621687022340523, 'learning_rate_model': 0.0010824352027118214}. Best is trial 212 with value: 0.9678940773010254.
Epoch 28: reducing lr to 3.9599441555568827e-05
Epoch 37: reducing lr to 1.562337378851578e-05
Epoch 42: reducing lr to 5.701812991310093e-06
Epoch 45: reducing lr to 1.9441932274827356e-06
Epoch 48: reducing lr to 1.4393750813861953e-07
[I 2024-06-24 15:55:57,889] Trial 357 finished with value: 0.9733858108520508 and parameters: {'hidden_size': 196, 'n_layers': 3, 'rnn_dropout': 0.28011556758261297, 'bidirectional': True, 'fc_dropout': 0.7996492547103827, 'learning_rate_model': 0.0006619077371363792}. Best is trial 212 with value: 0.9678940773010254.
Epoch 27: reducing lr to 5.6091351862495516e-05
Epoch 37: reducing lr to 2.0721104796930377e-05
Epoch 40: reducing lr to 1.2178500181080206e-05
Epoch 43: reducing lr to 5.628722241346853e-06
Epoch 46: reducing lr to 1.4833271517723464e-06
Epoch 49: reducing lr to 2.77954144871969e-09
[I 2024-06-24 15:56:02,189] Trial 358 finished with value: 0.9740180969238281 and parameters: {'hidden_size': 193, 'n_layers': 3, 'rnn_dropout': 0.25941961664965096, 'bidirectional': True, 'fc_dropout': 0.7569306729988606, 'learning_rate_model': 0.0008778807812422524}. Best is trial 212 with value: 0.9678940773010254.
Epoch 18: reducing lr to 0.00010000588124394781
Epoch 23: reducing lr to 8.485492868383262e-05
Epoch 26: reducing lr to 7.297085146813176e-05
Epoch 31: reducing lr to 5.088664243560678e-05
Epoch 38: reducing lr to 2.1658520292630026e-05
Epoch 41: reducing lr to 1.1942747510469383e-05
Epoch 44: reducing lr to 4.854688764536824e-06
Epoch 47: reducing lr to 8.3970459402291e-07
[I 2024-06-24 15:56:06,382] Trial 359 finished with value: 0.9744454026222229 and parameters: {'hidden_size': 200, 'n_layers': 3, 'rnn_dropout': 0.29330591811793594, 'bidirectional': True, 'fc_dropout': 0.7819241500590193, 'learning_rate_model': 0.0010752450408051594}. Best is trial 212 with value: 0.9678940773010254.
Epoch 27: reducing lr to 5.528590210750726e-05
Epoch 37: reducing lr to 2.042355788055925e-05
Epoch 40: reducing lr to 1.2003621707638845e-05
Epoch 43: reducing lr to 5.547896003439386e-06
Epoch 46: reducing lr to 1.4620271571868854e-06
Epoch 49: reducing lr to 2.7396283265742304e-09
[I 2024-06-24 15:56:10,669] Trial 360 finished with value: 0.9725428819656372 and parameters: {'hidden_size': 196, 'n_layers': 3, 'rnn_dropout': 0.2794683060069541, 'bidirectional': True, 'fc_dropout': 0.7675685951601467, 'learning_rate_model': 0.0008652747584476179}. Best is trial 212 with value: 0.9678940773010254.
Epoch 18: reducing lr to 0.00010820880343372153
Epoch 23: reducing lr to 9.1815103113118e-05
Epoch 27: reducing lr to 7.433697208965629e-05
Epoch 36: reducing lr to 3.170305917046255e-05
Epoch 39: reducing lr to 1.9652413873923147e-05
Epoch 42: reducing lr to 1.0022129570973139e-05
Epoch 45: reducing lr to 3.4173264655534438e-06
Epoch 48: reducing lr to 2.530002928694333e-07
[I 2024-06-24 15:56:15,333] Trial 361 finished with value: 0.9724944233894348 and parameters: {'hidden_size': 192, 'n_layers': 3, 'rnn_dropout': 0.29468036203258235, 'bidirectional': True, 'fc_dropout': 0.7874329730140924, 'learning_rate_model': 0.001163441367810663}. Best is trial 212 with value: 0.9678940773010254.
Epoch 23: reducing lr to 6.611920302974335e-05
Epoch 37: reducing lr to 1.9775858741537775e-05
Epoch 40: reducing lr to 1.1622946827647546e-05
Epoch 43: reducing lr to 5.37195371729007e-06
Epoch 46: reducing lr to 1.4156613997378634e-06
Epoch 49: reducing lr to 2.6527455748541484e-09
[I 2024-06-24 15:56:19,648] Trial 362 finished with value: 0.9721935391426086 and parameters: {'hidden_size': 197, 'n_layers': 3, 'rnn_dropout': 0.25413067783134763, 'bidirectional': True, 'fc_dropout': 0.7703576443980001, 'learning_rate_model': 0.0008378340099090391}. Best is trial 212 with value: 0.9678940773010254.
Epoch 18: reducing lr to 0.00011048216086387986
Epoch 27: reducing lr to 7.589871662866694e-05
Epoch 31: reducing lr to 5.621735587409447e-05
Epoch 36: reducing lr to 3.236910835349473e-05
Epoch 39: reducing lr to 2.006529119705327e-05
Epoch 42: reducing lr to 1.0232684368764017e-05
Epoch 45: reducing lr to 3.4891210355442487e-06
Epoch 48: reducing lr to 2.5831557293330874e-07
[I 2024-06-24 15:56:23,947] Trial 363 finished with value: 0.9736393094062805 and parameters: {'hidden_size': 193, 'n_layers': 3, 'rnn_dropout': 0.2693497183754711, 'bidirectional': True, 'fc_dropout': 0.7543042789989052, 'learning_rate_model': 0.0011878840933019024}. Best is trial 212 with value: 0.9678940773010254.
Epoch 28: reducing lr to 3.8682798512801156e-05
Epoch 37: reducing lr to 1.5261725837806544e-05
Epoch 40: reducing lr to 8.969836922346792e-06
Epoch 43: reducing lr to 4.14572565056113e-06
Epoch 46: reducing lr to 1.0925157002959416e-06
Epoch 49: reducing lr to 2.0472170746176426e-09
[I 2024-06-24 15:56:28,301] Trial 364 finished with value: 0.9734972715377808 and parameters: {'hidden_size': 197, 'n_layers': 3, 'rnn_dropout': 0.28633295286982796, 'bidirectional': True, 'fc_dropout': 0.7989755209222966, 'learning_rate_model': 0.000646585977576999}. Best is trial 212 with value: 0.9678940773010254.
Epoch 27: reducing lr to 6.64578062815241e-05
Epoch 37: reducing lr to 2.4550650373151693e-05
Epoch 40: reducing lr to 1.4429254759589698e-05
Epoch 43: reducing lr to 6.6689876408211934e-06
Epoch 46: reducing lr to 1.7574664405712758e-06
Epoch 49: reducing lr to 3.2932389934861584e-09
[I 2024-06-24 15:56:32,915] Trial 365 finished with value: 0.9694219827651978 and parameters: {'hidden_size': 191, 'n_layers': 3, 'rnn_dropout': 0.2996937345258924, 'bidirectional': True, 'fc_dropout': 0.783753038943244, 'learning_rate_model': 0.0010401252414292406}. Best is trial 212 with value: 0.9678940773010254.
Epoch 27: reducing lr to 6.301647066513266e-05
Epoch 32: reducing lr to 4.256439547368891e-05
Epoch 37: reducing lr to 2.3279362133861914e-05
Epoch 40: reducing lr to 1.368207529188636e-05
Epoch 43: reducing lr to 6.323652367544019e-06
Epoch 46: reducing lr to 1.6664608507850447e-06
Epoch 49: reducing lr to 3.1227076251628267e-09
[I 2024-06-24 15:56:37,763] Trial 366 finished with value: 0.9692648649215698 and parameters: {'hidden_size': 191, 'n_layers': 3, 'rnn_dropout': 0.24753806778158927, 'bidirectional': True, 'fc_dropout': 0.769302809335531, 'learning_rate_model': 0.0009862652024192967}. Best is trial 212 with value: 0.9678940773010254.
Epoch 27: reducing lr to 6.579292843320703e-05
Epoch 32: reducing lr to 4.443975036438578e-05
Epoch 37: reducing lr to 2.4305033123528092e-05
Epoch 40: reducing lr to 1.4284897122854973e-05
Epoch 43: reducing lr to 6.6022676811779365e-06
Epoch 46: reducing lr to 1.7398838483841886e-06
Epoch 49: reducing lr to 3.260291748011755e-09
[I 2024-06-24 15:56:42,740] Trial 367 finished with value: 0.9690128564834595 and parameters: {'hidden_size': 191, 'n_layers': 3, 'rnn_dropout': 0.2533359868377427, 'bidirectional': True, 'fc_dropout': 0.7552291170809224, 'learning_rate_model': 0.0010297192970986043}. Best is trial 212 with value: 0.9678940773010254.
Epoch 18: reducing lr to 9.355746185804675e-05
Epoch 23: reducing lr to 7.938344880377112e-05
Epoch 27: reducing lr to 6.427183565688852e-05
Epoch 32: reducing lr to 4.341233017090268e-05
Epoch 37: reducing lr to 2.3743115434305414e-05
Epoch 40: reducing lr to 1.3954638927309123e-05
Epoch 43: reducing lr to 6.449627239168174e-06
Epoch 46: reducing lr to 1.6996587844383438e-06
Epoch 49: reducing lr to 3.1849157715226755e-09
[I 2024-06-24 15:56:47,972] Trial 368 finished with value: 0.9717002511024475 and parameters: {'hidden_size': 190, 'n_layers': 3, 'rnn_dropout': 0.25711919681571127, 'bidirectional': True, 'fc_dropout': 0.7584136985875634, 'learning_rate_model': 0.0010059128087456415}. Best is trial 212 with value: 0.9678940773010254.
Epoch 27: reducing lr to 7.085077063663566e-05
Epoch 32: reducing lr to 4.785606348884276e-05
Epoch 37: reducing lr to 2.617348654573306e-05
Epoch 40: reducing lr to 1.538305094060092e-05
Epoch 43: reducing lr to 7.109818095962956e-06
Epoch 46: reducing lr to 1.873637705629731e-06
Epoch 49: reducing lr to 3.5109272128247202e-09
[I 2024-06-24 15:56:53,218] Trial 369 finished with value: 0.9687815308570862 and parameters: {'hidden_size': 191, 'n_layers': 3, 'rnn_dropout': 0.24556354384923343, 'bidirectional': True, 'fc_dropout': 0.7730062402679116, 'learning_rate_model': 0.0011088791375644003}. Best is trial 212 with value: 0.9678940773010254.
Epoch 27: reducing lr to 4.878459421329635e-05
Epoch 37: reducing lr to 1.8021863542307278e-05
Epoch 40: reducing lr to 1.0592064012238643e-05
Epoch 43: reducing lr to 4.895494962514277e-06
Epoch 46: reducing lr to 1.2901010723038619e-06
Epoch 49: reducing lr to 2.417463604862183e-09
[I 2024-06-24 15:56:58,121] Trial 370 finished with value: 0.9723978042602539 and parameters: {'hidden_size': 188, 'n_layers': 3, 'rnn_dropout': 0.24566272858741814, 'bidirectional': True, 'fc_dropout': 0.7730588391713408, 'learning_rate_model': 0.0007635233642708906}. Best is trial 212 with value: 0.9678940773010254.
Epoch 18: reducing lr to 0.00010649102580768807
Epoch 27: reducing lr to 7.315689816414708e-05
Epoch 37: reducing lr to 2.7025409499734824e-05
Epoch 40: reducing lr to 1.5883755123667155e-05
Epoch 43: reducing lr to 7.341236146597686e-06
Epoch 46: reducing lr to 1.934622892533285e-06
Epoch 49: reducing lr to 3.625204669788218e-09
[I 2024-06-24 15:57:02,937] Trial 371 finished with value: 0.972544252872467 and parameters: {'hidden_size': 192, 'n_layers': 3, 'rnn_dropout': 0.22799538779111894, 'bidirectional': True, 'fc_dropout': 0.7896701794703481, 'learning_rate_model': 0.001144972135295297}. Best is trial 212 with value: 0.9678940773010254.
Epoch 27: reducing lr to 6.300050115030623e-05
Epoch 37: reducing lr to 2.327346272193321e-05
Epoch 40: reducing lr to 1.3678608006239861e-05
Epoch 43: reducing lr to 6.3220498395195995e-06
Epoch 46: reducing lr to 1.6660385394276544e-06
Epoch 49: reducing lr to 3.1219162744972743e-09
[I 2024-06-24 15:57:07,646] Trial 372 finished with value: 0.9693387746810913 and parameters: {'hidden_size': 191, 'n_layers': 3, 'rnn_dropout': 0.27101344310455083, 'bidirectional': True, 'fc_dropout': 0.7529188045784232, 'learning_rate_model': 0.000986015264956811}. Best is trial 212 with value: 0.9678940773010254.
Epoch 23: reducing lr to 7.592520046218593e-05
Epoch 27: reducing lr to 6.147190730380704e-05
Epoch 30: reducing lr to 4.956009193532876e-05
Epoch 37: reducing lr to 2.2708774009083145e-05
Epoch 40: reducing lr to 1.334672118557587e-05
Epoch 43: reducing lr to 6.168656671124079e-06
Epoch 46: reducing lr to 1.6256151108373943e-06
Epoch 49: reducing lr to 3.0461685912304243e-09
[I 2024-06-24 15:57:12,352] Trial 373 finished with value: 0.9727250933647156 and parameters: {'hidden_size': 189, 'n_layers': 3, 'rnn_dropout': 0.269095450347786, 'bidirectional': True, 'fc_dropout': 0.7539036216481694, 'learning_rate_model': 0.0009620913780186527}. Best is trial 212 with value: 0.9678940773010254.
Epoch 23: reducing lr to 6.226398139699574e-05
Epoch 26: reducing lr to 5.3543804806713106e-05
Epoch 37: reducing lr to 1.862278497577806e-05
Epoch 40: reducing lr to 1.0945246038875718e-05
Epoch 43: reducing lr to 5.058730459415973e-06
Epoch 46: reducing lr to 1.3331182322036156e-06
Epoch 49: reducing lr to 2.498071567040138e-09
[I 2024-06-24 15:57:17,075] Trial 374 finished with value: 0.9732101559638977 and parameters: {'hidden_size': 192, 'n_layers': 3, 'rnn_dropout': 0.24933823192907154, 'bidirectional': True, 'fc_dropout': 0.7988490494466225, 'learning_rate_model': 0.0007889823049331035}. Best is trial 212 with value: 0.9678940773010254.
Epoch 18: reducing lr to 0.00010308638633529325
Epoch 27: reducing lr to 7.081798874639555e-05
Epoch 32: reducing lr to 4.783392100250819e-05
Epoch 37: reducing lr to 2.6161376354757948e-05
Epoch 40: reducing lr to 1.53759333682307e-05
Epoch 43: reducing lr to 7.106528459529149e-06
Epoch 46: reducing lr to 1.872770793596686e-06
Epoch 49: reducing lr to 3.5093027445348007e-09
[I 2024-06-24 15:57:22,238] Trial 375 finished with value: 0.9708994626998901 and parameters: {'hidden_size': 188, 'n_layers': 3, 'rnn_dropout': 0.27178774658632643, 'bidirectional': True, 'fc_dropout': 0.7550786108677118, 'learning_rate_model': 0.0011083660711030117}. Best is trial 212 with value: 0.9678940773010254.
Epoch 37: reducing lr to 1.5699243495070373e-05
Epoch 40: reducing lr to 9.226980975254764e-06
Epoch 43: reducing lr to 4.264573819737314e-06
Epoch 46: reducing lr to 1.1238355467403887e-06
Epoch 49: reducing lr to 2.1059059560632825e-09
[I 2024-06-24 15:57:26,968] Trial 376 finished with value: 0.9725522994995117 and parameters: {'hidden_size': 191, 'n_layers': 3, 'rnn_dropout': 0.24773377279266556, 'bidirectional': True, 'fc_dropout': 0.7722606794318145, 'learning_rate_model': 0.0006651220714064629}. Best is trial 212 with value: 0.9678940773010254.
Epoch 18: reducing lr to 9.056288513644884e-05
Epoch 27: reducing lr to 6.221462996650208e-05
Epoch 37: reducing lr to 2.2983148464640687e-05
Epoch 40: reducing lr to 1.3507980413278172e-05
Epoch 43: reducing lr to 6.243188295551886e-06
Epoch 46: reducing lr to 1.6452562971384921e-06
Epoch 49: reducing lr to 3.0829733455592714e-09
[I 2024-06-24 15:57:31,666] Trial 377 finished with value: 0.974024772644043 and parameters: {'hidden_size': 193, 'n_layers': 3, 'rnn_dropout': 0.27751341596285756, 'bidirectional': True, 'fc_dropout': 0.7999242126331252, 'learning_rate_model': 0.0009737156646461429}. Best is trial 212 with value: 0.9678940773010254.
Epoch 18: reducing lr to 0.00010886893827361646
Epoch 23: reducing lr to 9.237522711846882e-05
Epoch 31: reducing lr to 5.539648934006006e-05
Epoch 38: reducing lr to 2.3578014407816703e-05
Epoch 41: reducing lr to 1.3001177784365188e-05
Epoch 44: reducing lr to 5.284937294385006e-06
Epoch 47: reducing lr to 9.141237143019034e-07
