[I 2024-06-24 16:03:57,136] Trial 476 finished with value: 0.9712173938751221 and parameters: {'hidden_size': 169, 'n_layers': 2, 'rnn_dropout': 0.1532688990246861, 'bidirectional': True, 'fc_dropout': 0.6714106832041604, 'learning_rate_model': 0.0016586006267553957}. Best is trial 443 with value: 0.9660463333129883.
Epoch 18: reducing lr to 0.00020294926599983458
Epoch 23: reducing lr to 0.00017220232728956968
Epoch 27: reducing lr to 0.00013942150216536287
Epoch 30: reducing lr to 0.00011240488164662973
Epoch 33: reducing lr to 8.518090292639933e-05
Epoch 36: reducing lr to 5.946015836443127e-05
Epoch 39: reducing lr to 3.6858766054839604e-05
Epoch 42: reducing lr to 1.8796842545533346e-05
Epoch 45: reducing lr to 6.40931121921773e-06
Epoch 48: reducing lr to 4.7451059531438376e-07
[I 2024-06-24 16:04:00,360] Trial 477 finished with value: 0.9760143756866455 and parameters: {'hidden_size': 158, 'n_layers': 2, 'rnn_dropout': 0.09209942832865607, 'bidirectional': True, 'fc_dropout': 0.7077180197984141, 'learning_rate_model': 0.0021820735849430416}. Best is trial 443 with value: 0.9660463333129883.
Epoch 18: reducing lr to 0.0001883636043265618
Epoch 22: reducing lr to 0.0001665335831617953
Epoch 27: reducing lr to 0.00012940148632275763
Epoch 30: reducing lr to 0.00010432651010857572
Epoch 36: reducing lr to 5.5186845284582424e-05
Epoch 40: reducing lr to 2.80955258214673e-05
Epoch 43: reducing lr to 1.2985335527547796e-05
Epoch 46: reducing lr to 3.42200235453026e-06
Epoch 49: reducing lr to 6.412339564236882e-09
[I 2024-06-24 16:04:03,641] Trial 478 finished with value: 0.9750798940658569 and parameters: {'hidden_size': 173, 'n_layers': 2, 'rnn_dropout': 0.13274790658213956, 'bidirectional': True, 'fc_dropout': 0.685541538366004, 'learning_rate_model': 0.002025251204239331}. Best is trial 443 with value: 0.9660463333129883.
Epoch 36: reducing lr to 4.332609930329577e-05
Epoch 39: reducing lr to 2.6857421880736387e-05
Epoch 42: reducing lr to 1.3696463129559355e-05
Epoch 45: reducing lr to 4.67019365551621e-06
Epoch 48: reducing lr to 3.4575577560781985e-07
[I 2024-06-24 16:04:06,903] Trial 479 finished with value: 0.9696882367134094 and parameters: {'hidden_size': 164, 'n_layers': 2, 'rnn_dropout': 0.11034287107606874, 'bidirectional': True, 'fc_dropout': 0.6405337939856582, 'learning_rate_model': 0.0015899846120304738}. Best is trial 443 with value: 0.9660463333129883.
Epoch 22: reducing lr to 0.0001995281424678948
Epoch 27: reducing lr to 0.00015503922817465535
Epoch 30: reducing lr to 0.00012499625827361416
Epoch 33: reducing lr to 9.472270230789492e-05
Epoch 36: reducing lr to 6.61207698725716e-05
Epoch 39: reducing lr to 4.098761347324097e-05
Epoch 42: reducing lr to 2.0902428356592632e-05
Epoch 45: reducing lr to 7.127269819400548e-06
Epoch 48: reducing lr to 5.276643510194589e-07
[I 2024-06-24 16:04:10,176] Trial 480 finished with value: 0.9741994738578796 and parameters: {'hidden_size': 167, 'n_layers': 2, 'rnn_dropout': 0.15561270350743778, 'bidirectional': True, 'fc_dropout': 0.6617042135183959, 'learning_rate_model': 0.0024265052318014654}. Best is trial 443 with value: 0.9660463333129883.
Epoch 23: reducing lr to 0.00012743406018459098
Epoch 27: reducing lr to 0.00010317542380301552
Epoch 32: reducing lr to 6.968970961978839e-05
Epoch 36: reducing lr to 4.400201506485216e-05
Epoch 39: reducing lr to 2.7276415398636097e-05
Epoch 42: reducing lr to 1.3910136999483315e-05
Epoch 45: reducing lr to 4.743051760724027e-06
Epoch 48: reducing lr to 3.511497940433773e-07
[I 2024-06-24 16:04:13,461] Trial 481 finished with value: 0.9667865037918091 and parameters: {'hidden_size': 175, 'n_layers': 2, 'rnn_dropout': 0.12689933639155013, 'bidirectional': True, 'fc_dropout': 0.7048269985981291, 'learning_rate_model': 0.0016147894219991797}. Best is trial 443 with value: 0.9660463333129883.
Epoch 23: reducing lr to 0.00012644421025434087
Epoch 27: reducing lr to 0.00010237400394786057
Epoch 32: reducing lr to 6.914839159141845e-05
Epoch 36: reducing lr to 4.3660227386740695e-05
Epoch 39: reducing lr to 2.706454458607072e-05
Epoch 42: reducing lr to 1.3802089369840476e-05
Epoch 45: reducing lr to 4.7062098877763674e-06
Epoch 48: reducing lr to 3.4842222184927346e-07
[I 2024-06-24 16:04:16,743] Trial 482 finished with value: 0.9668567776679993 and parameters: {'hidden_size': 175, 'n_layers': 2, 'rnn_dropout': 0.10435373216421497, 'bidirectional': True, 'fc_dropout': 0.7068253215637297, 'learning_rate_model': 0.0016022464708099983}. Best is trial 443 with value: 0.9660463333129883.
Epoch 23: reducing lr to 0.0001292302790864907
Epoch 27: reducing lr to 0.00010462971040565568
Epoch 32: reducing lr to 7.067200566768676e-05
Epoch 36: reducing lr to 4.462223583680807e-05
Epoch 39: reducing lr to 2.7660884141483387e-05
Epoch 42: reducing lr to 1.410620429083615e-05
Epoch 45: reducing lr to 4.809906408633391e-06
Epoch 48: reducing lr to 3.5609934910380266e-07
[I 2024-06-24 16:04:20,028] Trial 483 finished with value: 0.9671750068664551 and parameters: {'hidden_size': 175, 'n_layers': 2, 'rnn_dropout': 0.10158949142364129, 'bidirectional': True, 'fc_dropout': 0.7032697972263818, 'learning_rate_model': 0.0016375503328434325}. Best is trial 443 with value: 0.9660463333129883.
Epoch 22: reducing lr to 0.00013424222865437491
Epoch 27: reducing lr to 0.00010431015525726545
Epoch 31: reducing lr to 7.7261400190328e-05
Epoch 36: reducing lr to 4.4485952699455884e-05
Epoch 39: reducing lr to 2.7576403568019465e-05
Epoch 42: reducing lr to 1.4063121784080637e-05
Epoch 45: reducing lr to 4.795216218340448e-06
Epoch 48: reducing lr to 3.550117671932695e-07
[I 2024-06-24 16:04:23,314] Trial 484 finished with value: 0.9717308282852173 and parameters: {'hidden_size': 176, 'n_layers': 2, 'rnn_dropout': 0.05877475744948333, 'bidirectional': True, 'fc_dropout': 0.6990537681633189, 'learning_rate_model': 0.0016325490035118363}. Best is trial 443 with value: 0.9660463333129883.
Epoch 23: reducing lr to 0.00013058408574410476
Epoch 32: reducing lr to 7.141236026922576e-05
Epoch 36: reducing lr to 4.508969501418139e-05
Epoch 39: reducing lr to 2.7950657477662376e-05
Epoch 42: reducing lr to 1.4253979823146325e-05
Epoch 45: reducing lr to 4.860294625423905e-06
Epoch 48: reducing lr to 3.5982981902926096e-07
[I 2024-06-24 16:04:26,598] Trial 485 finished with value: 0.9675424695014954 and parameters: {'hidden_size': 175, 'n_layers': 2, 'rnn_dropout': 0.08778736327504803, 'bidirectional': True, 'fc_dropout': 0.7093710131236421, 'learning_rate_model': 0.0016547051866319773}. Best is trial 443 with value: 0.9660463333129883.
Epoch 23: reducing lr to 0.00011909682349325751
Epoch 27: reducing lr to 9.642528237514007e-05
Epoch 31: reducing lr to 7.14211604007e-05
Epoch 36: reducing lr to 4.112323042941093e-05
Epoch 39: reducing lr to 2.5491885180104617e-05
Epoch 42: reducing lr to 1.3000081207447983e-05
Epoch 45: reducing lr to 4.43274268706567e-06
Epoch 48: reducing lr to 3.2817619544020777e-07
[I 2024-06-24 16:04:29,884] Trial 486 finished with value: 0.9664369821548462 and parameters: {'hidden_size': 175, 'n_layers': 2, 'rnn_dropout': 0.07994892680436329, 'bidirectional': True, 'fc_dropout': 0.7075037069155242, 'learning_rate_model': 0.0015091435562206942}. Best is trial 443 with value: 0.9660463333129883.
Epoch 23: reducing lr to 0.00011629598446732878
Epoch 27: reducing lr to 9.415761741111372e-05
Epoch 37: reducing lr to 3.4783434398012755e-05
Epoch 40: reducing lr to 2.044341101819741e-05
Epoch 43: reducing lr to 9.448641505617385e-06
Epoch 46: reducing lr to 2.489983675103445e-06
Epoch 49: reducing lr to 4.665870791424262e-09
[I 2024-06-24 16:04:33,171] Trial 487 finished with value: 0.9662184715270996 and parameters: {'hidden_size': 175, 'n_layers': 2, 'rnn_dropout': 0.08178761406924301, 'bidirectional': True, 'fc_dropout': 0.7116796219839145, 'learning_rate_model': 0.0014736525326651323}. Best is trial 443 with value: 0.9660463333129883.
Epoch 23: reducing lr to 0.00011650871750775471
Epoch 27: reducing lr to 9.43298541080459e-05
Epoch 37: reducing lr to 3.484706157989559e-05
Epoch 40: reducing lr to 2.0480806883604962e-05
Epoch 43: reducing lr to 9.465925320227076e-06
Epoch 46: reducing lr to 2.4945384479981663e-06
Epoch 49: reducing lr to 4.674405779852079e-09
[I 2024-06-24 16:04:36,455] Trial 488 finished with value: 0.9661374092102051 and parameters: {'hidden_size': 175, 'n_layers': 2, 'rnn_dropout': 0.08689323931215441, 'bidirectional': True, 'fc_dropout': 0.7057136258490064, 'learning_rate_model': 0.0014763481939576622}. Best is trial 443 with value: 0.9660463333129883.
Epoch 22: reducing lr to 0.0001524384252695277
Epoch 31: reducing lr to 8.773398875442878e-05
Epoch 36: reducing lr to 5.0515911752175366e-05
Epoch 39: reducing lr to 3.1314315745821564e-05
Epoch 42: reducing lr to 1.596934258785473e-05
Epoch 45: reducing lr to 5.445195721777798e-06
Epoch 48: reducing lr to 4.031327197526278e-07
[I 2024-06-24 16:04:39,742] Trial 489 finished with value: 0.9724466800689697 and parameters: {'hidden_size': 176, 'n_layers': 2, 'rnn_dropout': 0.031187526358601635, 'bidirectional': True, 'fc_dropout': 0.7049142345393102, 'learning_rate_model': 0.0018538369167828217}. Best is trial 443 with value: 0.9660463333129883.
Epoch 23: reducing lr to 0.00011787636254975847
Epoch 27: reducing lr to 9.543715114163671e-05
Epoch 36: reducing lr to 4.070181451639584e-05
Epoch 39: reducing lr to 2.523065360964009e-05
Epoch 42: reducing lr to 1.286686110206956e-05
Epoch 45: reducing lr to 4.3873175517559084e-06
Epoch 48: reducing lr to 3.248131651143512e-07
[I 2024-06-24 16:04:43,029] Trial 490 finished with value: 0.9663068056106567 and parameters: {'hidden_size': 175, 'n_layers': 2, 'rnn_dropout': 0.08162181102286463, 'bidirectional': True, 'fc_dropout': 0.7114057904454196, 'learning_rate_model': 0.0014936784017818366}. Best is trial 443 with value: 0.9660463333129883.
Epoch 36: reducing lr to 4.0263196248199675e-05
Epoch 39: reducing lr to 2.495875846876721e-05
Epoch 42: reducing lr to 1.272820290216458e-05
Epoch 45: reducing lr to 4.3400381454335646e-06
Epoch 48: reducing lr to 3.2131285463280533e-07
[I 2024-06-24 16:04:46,307] Trial 491 finished with value: 0.9676612615585327 and parameters: {'hidden_size': 174, 'n_layers': 2, 'rnn_dropout': 0.0826889974472058, 'bidirectional': True, 'fc_dropout': 0.7086121355518238, 'learning_rate_model': 0.0014775819539547344}. Best is trial 443 with value: 0.9660463333129883.
Epoch 36: reducing lr to 4.056310519792825e-05
Epoch 39: reducing lr to 2.5144669070418245e-05
Epoch 42: reducing lr to 1.2823011618809626e-05
Epoch 45: reducing lr to 4.372365839289626e-06
Epoch 48: reducing lr to 3.237062215223326e-07
[I 2024-06-24 16:04:49,592] Trial 492 finished with value: 0.9679226875305176 and parameters: {'hidden_size': 174, 'n_layers': 2, 'rnn_dropout': 0.0712458479059449, 'bidirectional': True, 'fc_dropout': 0.7101703348626436, 'learning_rate_model': 0.001488588036264165}. Best is trial 443 with value: 0.9660463333129883.
Epoch 18: reducing lr to 0.00018873408623945107
Epoch 23: reducing lr to 0.0001601407560120484
Epoch 31: reducing lr to 9.60347915784117e-05
Epoch 34: reducing lr to 7.100922425126576e-05
Epoch 37: reducing lr to 4.7897143712284524e-05
Epoch 40: reducing lr to 2.81507853509671e-05
Epoch 43: reducing lr to 1.3010875662877838e-05
Epoch 46: reducing lr to 3.4287329009261706e-06
Epoch 49: reducing lr to 6.424951638859394e-09
[I 2024-06-24 16:04:52,879] Trial 493 finished with value: 0.9707530736923218 and parameters: {'hidden_size': 171, 'n_layers': 2, 'rnn_dropout': 0.08456180882321014, 'bidirectional': True, 'fc_dropout': 0.7088603672961066, 'learning_rate_model': 0.0020292345583639796}. Best is trial 443 with value: 0.9660463333129883.
Epoch 18: reducing lr to 0.00013738983277577105
Epoch 27: reducing lr to 9.438367157170021e-05
Epoch 36: reducing lr to 4.025252899666431e-05
Epoch 39: reducing lr to 2.4952145944690473e-05
Epoch 42: reducing lr to 1.2724830717276091e-05
Epoch 45: reducing lr to 4.338888304315997e-06
Epoch 48: reducing lr to 3.212277266409751e-07
[I 2024-06-24 16:04:56,167] Trial 494 finished with value: 0.971123456954956 and parameters: {'hidden_size': 176, 'n_layers': 2, 'rnn_dropout': 0.051803399008257346, 'bidirectional': True, 'fc_dropout': 0.7047283990802394, 'learning_rate_model': 0.0014771904863159057}. Best is trial 443 with value: 0.9660463333129883.
Epoch 22: reducing lr to 0.0001607263746283347
Epoch 27: reducing lr to 0.00012488911469567314
Epoch 30: reducing lr to 0.00010068853037940558
Epoch 36: reducing lr to 5.32624195153967e-05
Epoch 39: reducing lr to 3.301684883515376e-05
Epoch 42: reducing lr to 1.683758235369833e-05
Epoch 45: reducing lr to 5.741246447250035e-06
Epoch 48: reducing lr to 4.2505070768962276e-07
[I 2024-06-24 16:04:59,456] Trial 495 finished with value: 0.9741877317428589 and parameters: {'hidden_size': 176, 'n_layers': 2, 'rnn_dropout': 0.0741757292262295, 'bidirectional': True, 'fc_dropout': 0.7118644154894292, 'learning_rate_model': 0.001954628475463757}. Best is trial 443 with value: 0.9660463333129883.
Epoch 18: reducing lr to 0.00013925047990748663
Epoch 27: reducing lr to 9.566189357869021e-05
Epoch 36: reducing lr to 4.0797662148869056e-05
Epoch 39: reducing lr to 2.5290068612213537e-05
Epoch 42: reducing lr to 1.289716093485708e-05
Epoch 45: reducing lr to 4.397649130464154e-06
Epoch 48: reducing lr to 3.2557805909371253e-07
[I 2024-06-24 16:05:02,739] Trial 496 finished with value: 0.9716408252716064 and parameters: {'hidden_size': 173, 'n_layers': 2, 'rnn_dropout': 0.09312282705202957, 'bidirectional': True, 'fc_dropout': 0.7138305761617854, 'learning_rate_model': 0.0014971958257637451}. Best is trial 443 with value: 0.9660463333129883.
Epoch 23: reducing lr to 0.00021181910022917161
Epoch 27: reducing lr to 0.00017149673646167638
Epoch 30: reducing lr to 0.0001382646870487318
Epoch 33: reducing lr to 0.00010477757472021801
Epoch 36: reducing lr to 7.313952977568588e-05
Epoch 39: reducing lr to 4.533847355131858e-05
Epoch 42: reducing lr to 2.312123382890801e-05
Epoch 45: reducing lr to 7.883833841923178e-06
Epoch 48: reducing lr to 5.836762425381892e-07
[I 2024-06-24 16:05:06,021] Trial 497 finished with value: 0.9777541160583496 and parameters: {'hidden_size': 170, 'n_layers': 2, 'rnn_dropout': 0.05229733536285223, 'bidirectional': True, 'fc_dropout': 0.6875161608630229, 'learning_rate_model': 0.002684080236727868}. Best is trial 443 with value: 0.9660463333129883.
Epoch 22: reducing lr to 0.0001491678559819018
Epoch 27: reducing lr to 0.0001159078061563343
Epoch 30: reducing lr to 9.344758900582274e-05
Epoch 36: reducing lr to 4.9432091913306214e-05
Epoch 39: reducing lr to 3.064246651121932e-05
Epoch 42: reducing lr to 1.5626720041609808e-05
Epoch 45: reducing lr to 5.328368944924975e-06
Epoch 48: reducing lr to 3.9448349965127713e-07
[I 2024-06-24 16:05:09,308] Trial 498 finished with value: 0.9728501439094543 and parameters: {'hidden_size': 176, 'n_layers': 2, 'rnn_dropout': 0.09616471830674152, 'bidirectional': True, 'fc_dropout': 0.6987632212353243, 'learning_rate_model': 0.0018140628107883735}. Best is trial 443 with value: 0.9660463333129883.
Epoch 23: reducing lr to 0.00011477823031287948
Epoch 27: reducing lr to 9.292878637577464e-05
Epoch 37: reducing lr to 3.432948319492175e-05
Epoch 40: reducing lr to 2.017660840978319e-05
Epoch 43: reducing lr to 9.325329295271196e-06
Epoch 46: reducing lr to 2.4574874278365496e-06
Epoch 49: reducing lr to 4.604977504288517e-09
[I 2024-06-24 16:05:12,591] Trial 499 finished with value: 0.9669418931007385 and parameters: {'hidden_size': 170, 'n_layers': 2, 'rnn_dropout': 0.07608692919890674, 'bidirectional': True, 'fc_dropout': 0.7146005830620964, 'learning_rate_model': 0.0014544202069411468}. Best is trial 443 with value: 0.9660463333129883.

Optuna study saved to optuna/no-name-89061ccd-9025-4f3b-847b-8dee65c6bea4.pkl
To reload the study run: study = joblib.load('optuna/no-name-89061ccd-9025-4f3b-847b-8dee65c6bea4.pkl')

Study statistics    : 
  Study name        : no-name-89061ccd-9025-4f3b-847b-8dee65c6bea4
  # finished trials : 500
  # pruned trials   : 0
  # complete trials : 500

Best trial          :
  value             : 0.9660463333129883
  best_params = {'hidden_size': 171, 'n_layers': 2, 'rnn_dropout': 0.1258914379041145, 'bidirectional': True, 'fc_dropout': 0.6858054121901836, 'learning_rate_model': 0.001593407261945087}

O Melhor modelo foi o de número 443
Best hyperparameters:  {'hidden_size': 171, 'n_layers': 2, 'rnn_dropout': 0.1258914379041145, 'bidirectional': True, 'fc_dropout': 0.6858054121901836, 'learning_rate_model': 0.001593407261945087}
Epoch 17: reducing lr to 0.0001513587720763586
Epoch 28: reducing lr to 9.532754219884988e-05
Epoch 44: reducing lr to 7.194170666533569e-06
Epoch 47: reducing lr to 1.2443595154857256e-06
Métricas de Treinamento para <class 'tsai.models.RNNPlus.LSTMPlus'>
train_loss    0.419144
valid_loss    0.395908
mae           0.754896
_rmse         0.978516
dtype: float64
Performing stepwise search to minimize aic
 ARIMA(20,1,0)(0,0,0)[0] intercept   : AIC=-30047.933, Time=26.72 sec
 ARIMA(0,1,0)(0,0,0)[0] intercept   : AIC=-2584.548, Time=0.26 sec
 ARIMA(1,1,0)(0,0,0)[0] intercept   : AIC=-15998.099, Time=0.17 sec
 ARIMA(0,1,1)(0,0,0)[0] intercept   : AIC=-10467.897, Time=0.69 sec
 ARIMA(0,1,0)(0,0,0)[0]             : AIC=-2586.547, Time=0.16 sec
 ARIMA(19,1,0)(0,0,0)[0] intercept   : AIC=-30020.511, Time=4.97 sec
 ARIMA(21,1,0)(0,0,0)[0] intercept   : AIC=-30813.112, Time=14.24 sec
 ARIMA(22,1,0)(0,0,0)[0] intercept   : AIC=-30987.793, Time=17.92 sec
 ARIMA(23,1,0)(0,0,0)[0] intercept   : AIC=-30986.050, Time=33.65 sec
 ARIMA(22,1,1)(0,0,0)[0] intercept   : AIC=-29025.957, Time=65.28 sec
 ARIMA(21,1,1)(0,0,0)[0] intercept   : AIC=-28110.755, Time=56.19 sec
 ARIMA(23,1,1)(0,0,0)[0] intercept   : AIC=-27887.095, Time=70.07 sec
 ARIMA(22,1,0)(0,0,0)[0]             : AIC=-30989.725, Time=5.32 sec
 ARIMA(21,1,0)(0,0,0)[0]             : AIC=-30815.036, Time=4.29 sec
 ARIMA(23,1,0)(0,0,0)[0]             : AIC=-30988.033, Time=13.09 sec
 ARIMA(22,1,1)(0,0,0)[0]             : AIC=-29445.799, Time=40.43 sec
 ARIMA(21,1,1)(0,0,0)[0]             : AIC=-27890.561, Time=31.20 sec
 ARIMA(23,1,1)(0,0,0)[0]             : AIC=-30201.318, Time=38.79 sec

Best model:  ARIMA(22,1,0)(0,0,0)[0]          
Total fit time: 423.464 seconds
RMSE: 1.1789677577462956
MAE: 0.9223833228704643
R²: 0.733685937314567
MAPE: 0.10368214499197707
Correlação Linear: 0.8596011206046437
index
2018-12-23    1.883934
2018-12-24    0.437126
2018-12-25   -1.952691
2018-12-26   -1.458319
2018-12-27   -0.444618
                ...   
2021-12-18    0.930120
2021-12-19    1.403894
2021-12-20    1.777933
2021-12-21    2.170435
2021-12-22    2.361117
Freq: D, Length: 1096, dtype: float64
count    1096.000000
mean        0.018732
std         1.179357
min        -4.037848
25%        -0.716835
50%         0.058722
75%         0.749663
max         4.345004
dtype: float64
Shapiro-Wilk Test p-value: 0.05693588596549243
Interpretação: Não podemos rejeitar a hipótese nula de que os resíduos seguem uma distribuição normal (p > 0.05).
Kolmogorov-Smirnov Test p-value: 0.04807192335002386
Interpretação: Rejeitamos a hipótese nula de que os resíduos seguem uma distribuição normal (p <= 0.05).
Shapiro-Francia Test p-value: 0.038207457043847586
Interpretação: Rejeitamos a hipótese nula de que os resíduos seguem uma distribuição normal (p <= 0.05).
Durbin-Watson Statistic: 1.7413498376597665
Interpretação: Não há evidência de autocorrelação nos resíduos (Durbin-Watson dentro do intervalo 1.5-2.5).
Breusch-Pagan Test p-value: 5.574188969784834e-09
Interpretação: Rejeitamos a hipótese nula de homocedasticidade (variância constante dos resíduos) (p <= 0.05).
