[I 2024-06-24 16:00:08,271] Trial 411 finished with value: 0.9715216159820557 and parameters: {'hidden_size': 172, 'n_layers': 3, 'rnn_dropout': 0.18613382524011668, 'bidirectional': True, 'fc_dropout': 0.7519617134353687, 'learning_rate_model': 0.0012135083841450572}. Best is trial 410 with value: 0.9678924083709717.
Epoch 18: reducing lr to 0.00014553879655794492
Epoch 23: reducing lr to 0.00012348957930314344
Epoch 27: reducing lr to 9.998182323785473e-05
Epoch 30: reducing lr to 8.060768843629152e-05
Epoch 36: reducing lr to 4.2640015714623e-05
Epoch 39: reducing lr to 2.643212542703438e-05
Epoch 42: reducing lr to 1.347957495529122e-05
Epoch 45: reducing lr to 4.596239542995189e-06
Epoch 48: reducing lr to 3.4028061474296323e-07
[I 2024-06-24 16:00:12,508] Trial 412 finished with value: 0.9732521772384644 and parameters: {'hidden_size': 173, 'n_layers': 3, 'rnn_dropout': 0.16633578968640694, 'bidirectional': True, 'fc_dropout': 0.7414837065216068, 'learning_rate_model': 0.0015648066623396887}. Best is trial 410 with value: 0.9678924083709717.
Epoch 18: reducing lr to 0.0001125647772317582
Epoch 23: reducing lr to 9.551114419973573e-05
Epoch 27: reducing lr to 7.732942642213823e-05
Epoch 32: reducing lr to 5.2232063351758176e-05
Epoch 36: reducing lr to 3.297927414264571e-05
Epoch 39: reducing lr to 2.044352695517457e-05
Epoch 42: reducing lr to 1.0425573028680578e-05
Epoch 45: reducing lr to 3.5548918398199116e-06
Epoch 48: reducing lr to 2.631848860971866e-07
[I 2024-06-24 16:00:16,644] Trial 413 finished with value: 0.9688079357147217 and parameters: {'hidden_size': 166, 'n_layers': 3, 'rnn_dropout': 0.2026292248921378, 'bidirectional': True, 'fc_dropout': 0.7459059689726019, 'learning_rate_model': 0.0012102760055935245}. Best is trial 410 with value: 0.9678924083709717.
Epoch 37: reducing lr to 1.64634015272976e-05
Epoch 40: reducing lr to 9.676102719730073e-06
Epoch 43: reducing lr to 4.472151231948388e-06
Epoch 46: reducing lr to 1.1785380526422706e-06
Epoch 49: reducing lr to 2.208410573693604e-09
[I 2024-06-24 16:00:20,840] Trial 414 finished with value: 0.9724881649017334 and parameters: {'hidden_size': 175, 'n_layers': 3, 'rnn_dropout': 0.20687624947832367, 'bidirectional': True, 'fc_dropout': 0.743743392850081, 'learning_rate_model': 0.0006974967761772024}. Best is trial 410 with value: 0.9678924083709717.
Epoch 18: reducing lr to 0.00011485674336383633
Epoch 23: reducing lr to 9.745587605214387e-05
Epoch 27: reducing lr to 7.890395471359177e-05
Epoch 32: reducing lr to 5.329557649641008e-05
Epoch 38: reducing lr to 2.4874808120763354e-05
Epoch 41: reducing lr to 1.3716244172910481e-05
Epoch 44: reducing lr to 5.5756095002007466e-06
Epoch 47: reducing lr to 9.644006318174341e-07
[I 2024-06-24 16:00:25,028] Trial 415 finished with value: 0.9717611074447632 and parameters: {'hidden_size': 171, 'n_layers': 3, 'rnn_dropout': 0.2048040366479503, 'bidirectional': True, 'fc_dropout': 0.7439445754683053, 'learning_rate_model': 0.001234918808462276}. Best is trial 410 with value: 0.9678924083709717.
Epoch 23: reducing lr to 6.598478610648809e-05
Epoch 27: reducing lr to 5.3423772743540414e-05
Epoch 37: reducing lr to 1.9735655442572233e-05
Epoch 40: reducing lr to 1.1599317977326571e-05
Epoch 43: reducing lr to 5.361032812961825e-06
Epoch 46: reducing lr to 1.4127834332621067e-06
Epoch 49: reducing lr to 2.647352680183821e-09
[I 2024-06-24 16:00:29,186] Trial 416 finished with value: 0.9738439917564392 and parameters: {'hidden_size': 168, 'n_layers': 3, 'rnn_dropout': 0.17852095877963575, 'bidirectional': True, 'fc_dropout': 0.7532287183197545, 'learning_rate_model': 0.0008361307366593609}. Best is trial 410 with value: 0.9678924083709717.
Epoch 18: reducing lr to 0.00014405965064381477
Epoch 23: reducing lr to 0.00012223452490538926
Epoch 27: reducing lr to 9.896568383841512e-05
Epoch 30: reducing lr to 7.978845304464427e-05
Epoch 36: reducing lr to 4.2206654944062975e-05
Epoch 39: reducing lr to 2.6163489357121502e-05
Epoch 42: reducing lr to 1.3342578781824917e-05
Epoch 45: reducing lr to 4.549526851251322e-06
Epoch 48: reducing lr to 3.3682226073111777e-07
[I 2024-06-24 16:00:33,349] Trial 417 finished with value: 0.9718506336212158 and parameters: {'hidden_size': 178, 'n_layers': 3, 'rnn_dropout': 0.2013491912635388, 'bidirectional': True, 'fc_dropout': 0.7598237830896508, 'learning_rate_model': 0.00154890315457582}. Best is trial 410 with value: 0.9678924083709717.
Epoch 18: reducing lr to 0.00011164417192036251
Epoch 27: reducing lr to 7.669699163710035e-05
Epoch 32: reducing lr to 5.180488607544391e-05
Epoch 36: reducing lr to 3.270955482468194e-05
Epoch 39: reducing lr to 2.0276330608666935e-05
Epoch 42: reducing lr to 1.0340308009368317e-05
Epoch 45: reducing lr to 3.5258183375249916e-06
Epoch 48: reducing lr to 2.6103244187814475e-07
[I 2024-06-24 16:00:37,574] Trial 418 finished with value: 0.9691928625106812 and parameters: {'hidden_size': 181, 'n_layers': 3, 'rnn_dropout': 0.1920906957572187, 'bidirectional': True, 'fc_dropout': 0.7478056125772522, 'learning_rate_model': 0.001200377824773514}. Best is trial 410 with value: 0.9678924083709717.
Epoch 23: reducing lr to 8.046304162893997e-05
Epoch 27: reducing lr to 6.514591474618493e-05
Epoch 32: reducing lr to 4.4002725787150354e-05
Epoch 37: reducing lr to 2.4066015200645806e-05
Epoch 40: reducing lr to 1.4144418135579421e-05
Epoch 43: reducing lr to 6.537340375814983e-06
Epoch 46: reducing lr to 1.7227736711882337e-06
Epoch 49: reducing lr to 3.2282297402104478e-09
[I 2024-06-24 16:00:41,805] Trial 419 finished with value: 0.9691566824913025 and parameters: {'hidden_size': 181, 'n_layers': 3, 'rnn_dropout': 0.17366346692709256, 'bidirectional': True, 'fc_dropout': 0.7438020431614157, 'learning_rate_model': 0.001019592943174566}. Best is trial 410 with value: 0.9678924083709717.
Epoch 18: reducing lr to 0.00011257070206053278
Epoch 23: reducing lr to 9.551617141330437e-05
Epoch 27: reducing lr to 7.733349664394345e-05
Epoch 32: reducing lr to 5.2234812577932765e-05
Epoch 38: reducing lr to 2.4379714518851944e-05
Epoch 41: reducing lr to 1.3443244087872879e-05
Epoch 44: reducing lr to 5.464635836528492e-06
Epoch 47: reducing lr to 9.452057668691725e-07
[I 2024-06-24 16:00:46,183] Trial 420 finished with value: 0.967819333076477 and parameters: {'hidden_size': 180, 'n_layers': 3, 'rnn_dropout': 0.1863815618218075, 'bidirectional': True, 'fc_dropout': 0.7308017252336049, 'learning_rate_model': 0.0012103397082745893}. Best is trial 420 with value: 0.967819333076477.
Epoch 18: reducing lr to 0.00011418632244229949
Epoch 27: reducing lr to 7.84433908800481e-05
Epoch 32: reducing lr to 5.298448923708063e-05
Epoch 36: reducing lr to 3.3454355116892484e-05
Epoch 39: reducing lr to 2.0738024968105217e-05
Epoch 42: reducing lr to 1.0575758001525149e-05
Epoch 45: reducing lr to 3.606101623009777e-06
Epoch 48: reducing lr to 2.669761803371102e-07
[I 2024-06-24 16:00:51,006] Trial 421 finished with value: 0.9689753651618958 and parameters: {'hidden_size': 181, 'n_layers': 3, 'rnn_dropout': 0.16548489166609637, 'bidirectional': True, 'fc_dropout': 0.726361606015429, 'learning_rate_model': 0.0012277105646853316}. Best is trial 420 with value: 0.967819333076477.
Epoch 18: reducing lr to 0.00014288214046726512
Epoch 27: reducing lr to 9.815676128912298e-05
Epoch 32: reducing lr to 6.629986036711522e-05
Epoch 36: reducing lr to 4.186166753438478e-05
Epoch 39: reducing lr to 2.5949635062498575e-05
Epoch 42: reducing lr to 1.3233519637041464e-05
Epoch 45: reducing lr to 4.512340073816465e-06
Epoch 48: reducing lr to 3.340691536818591e-07
[I 2024-06-24 16:00:55,811] Trial 422 finished with value: 0.9698948860168457 and parameters: {'hidden_size': 181, 'n_layers': 3, 'rnn_dropout': 0.16999357447773247, 'bidirectional': True, 'fc_dropout': 0.7266917073603967, 'learning_rate_model': 0.0015362427793850434}. Best is trial 420 with value: 0.967819333076477.
Epoch 23: reducing lr to 0.00012723018650108586
Epoch 27: reducing lr to 0.00010301035997575102
Epoch 32: reducing lr to 6.957821746626202e-05
Epoch 37: reducing lr to 3.8053788923818875e-05
Epoch 40: reducing lr to 2.236550993980639e-05
Epoch 43: reducing lr to 1.0337007132686692e-05
Epoch 46: reducing lr to 2.724093087298914e-06
Epoch 49: reducing lr to 5.10455811268077e-09
[I 2024-06-24 16:00:59,710] Trial 423 finished with value: 0.9706845283508301 and parameters: {'hidden_size': 180, 'n_layers': 2, 'rnn_dropout': 0.15685648468848656, 'bidirectional': True, 'fc_dropout': 0.72559106337178, 'learning_rate_model': 0.0016122060226546775}. Best is trial 420 with value: 0.967819333076477.
Epoch 18: reducing lr to 0.00011497564345920105
Epoch 27: reducing lr to 7.898563635861613e-05
Epoch 32: reducing lr to 5.33507482603166e-05
Epoch 36: reducing lr to 3.3685610708944644e-05
Epoch 39: reducing lr to 2.0881378030067843e-05
Epoch 42: reducing lr to 1.0648863675494875e-05
Epoch 45: reducing lr to 3.631029055115877e-06
Epoch 48: reducing lr to 2.688216720356544e-07
[I 2024-06-24 16:01:04,205] Trial 424 finished with value: 0.9692773222923279 and parameters: {'hidden_size': 181, 'n_layers': 3, 'rnn_dropout': 0.16067794078515898, 'bidirectional': True, 'fc_dropout': 0.7258066225456227, 'learning_rate_model': 0.0012361972006558343}. Best is trial 420 with value: 0.967819333076477.
Epoch 23: reducing lr to 6.621002864582033e-05
Epoch 26: reducing lr to 5.693720142075176e-05
Epoch 37: reducing lr to 1.9803024140867277e-05
Epoch 40: reducing lr to 1.1638912859569859e-05
Epoch 43: reducing lr to 5.379332980553282e-06
Epoch 46: reducing lr to 1.4176060438487408e-06
Epoch 49: reducing lr to 2.656389557842767e-09
[I 2024-06-24 16:01:08,356] Trial 425 finished with value: 0.9710742235183716 and parameters: {'hidden_size': 176, 'n_layers': 3, 'rnn_dropout': 0.18588955239929653, 'bidirectional': True, 'fc_dropout': 0.7267232340581936, 'learning_rate_model': 0.0008389849129240981}. Best is trial 420 with value: 0.967819333076477.
Epoch 18: reducing lr to 0.00011295736319266295
Epoch 27: reducing lr to 7.759912399472475e-05
Epoch 32: reducing lr to 5.24142302363314e-05
Epoch 38: reducing lr to 2.4463454673655282e-05
Epoch 41: reducing lr to 1.3489419334925369e-05
Epoch 44: reducing lr to 5.483405927152033e-06
Epoch 47: reducing lr to 9.484523872172997e-07
[I 2024-06-24 16:01:12,526] Trial 426 finished with value: 0.9677461385726929 and parameters: {'hidden_size': 180, 'n_layers': 3, 'rnn_dropout': 0.145120382639702, 'bidirectional': True, 'fc_dropout': 0.7419347179431519, 'learning_rate_model': 0.0012144970184209886}. Best is trial 426 with value: 0.9677461385726929.
Epoch 27: reducing lr to 7.549254013895315e-05
Epoch 37: reducing lr to 2.788823559539942e-05
Epoch 42: reducing lr to 1.0177923550638607e-05
Epoch 45: reducing lr to 3.4704487971012756e-06
Epoch 48: reducing lr to 2.569331818032261e-07
[I 2024-06-24 16:01:15,862] Trial 427 finished with value: 0.9678080081939697 and parameters: {'hidden_size': 174, 'n_layers': 2, 'rnn_dropout': 0.13840244859109985, 'bidirectional': True, 'fc_dropout': 0.7391410528050636, 'learning_rate_model': 0.0011815270610273675}. Best is trial 426 with value: 0.9677461385726929.
Epoch 27: reducing lr to 7.62515482209807e-05
Epoch 37: reducing lr to 2.816862616341363e-05
Epoch 42: reducing lr to 1.0280253214191792e-05
Epoch 45: reducing lr to 3.5053409689690545e-06
Epoch 48: reducing lr to 2.59516408717699e-07
[I 2024-06-24 16:01:19,189] Trial 428 finished with value: 0.9718794822692871 and parameters: {'hidden_size': 167, 'n_layers': 2, 'rnn_dropout': 0.15012976717030255, 'bidirectional': True, 'fc_dropout': 0.7267956654589198, 'learning_rate_model': 0.001193406229310795}. Best is trial 426 with value: 0.9677461385726929.
Epoch 37: reducing lr to 2.0644648606622493e-05
Epoch 42: reducing lr to 7.534347396386171e-06
Epoch 45: reducing lr to 2.5690472844130364e-06
Epoch 48: reducing lr to 1.901983090885832e-07
[I 2024-06-24 16:01:22,524] Trial 429 finished with value: 0.9710325002670288 and parameters: {'hidden_size': 174, 'n_layers': 2, 'rnn_dropout': 0.16550799581065345, 'bidirectional': True, 'fc_dropout': 0.7399799108567623, 'learning_rate_model': 0.0008746415997055497}. Best is trial 426 with value: 0.9677461385726929.
Epoch 23: reducing lr to 5.745410313926845e-05
Epoch 37: reducing lr to 1.7184179114996276e-05
Epoch 40: reducing lr to 1.0099728297050024e-05
Epoch 43: reducing lr to 4.66794469367272e-06
Epoch 46: reducing lr to 1.230135155050674e-06
Epoch 49: reducing lr to 2.3050961124137896e-09
[I 2024-06-24 16:01:25,868] Trial 430 finished with value: 0.9758943319320679 and parameters: {'hidden_size': 180, 'n_layers': 2, 'rnn_dropout': 0.18777573112265458, 'bidirectional': True, 'fc_dropout': 0.743245139108573, 'learning_rate_model': 0.000728033603146224}. Best is trial 426 with value: 0.9677461385726929.
Epoch 37: reducing lr to 2.2876132976919792e-05
Epoch 40: reducing lr to 1.344508376035547e-05
Epoch 43: reducing lr to 6.21411839499367e-06
Epoch 46: reducing lr to 1.637595557995859e-06
Epoch 49: reducing lr to 3.068618223737128e-09
[I 2024-06-24 16:01:29,225] Trial 431 finished with value: 0.9709804058074951 and parameters: {'hidden_size': 181, 'n_layers': 2, 'rnn_dropout': 0.15065510859054793, 'bidirectional': True, 'fc_dropout': 0.7227258559759574, 'learning_rate_model': 0.0009691817924956885}. Best is trial 426 with value: 0.9677461385726929.
Epoch 23: reducing lr to 9.212739021026133e-05
Epoch 27: reducing lr to 7.458981150754274e-05
Epoch 37: reducing lr to 2.7554752198163783e-05
Epoch 42: reducing lr to 1.0056217445895596e-05
Epoch 45: reducing lr to 3.428949683583317e-06
Epoch 48: reducing lr to 2.5386081280959034e-07
[I 2024-06-24 16:01:32,544] Trial 432 finished with value: 0.9707958698272705 and parameters: {'hidden_size': 175, 'n_layers': 2, 'rnn_dropout': 0.17650318968154258, 'bidirectional': True, 'fc_dropout': 0.7405021246774206, 'learning_rate_model': 0.001167398535151666}. Best is trial 426 with value: 0.9677461385726929.
Epoch 23: reducing lr to 0.00012602764318065808
Epoch 31: reducing lr to 7.557750286293358e-05
Epoch 37: reducing lr to 3.769411539864555e-05
Epoch 40: reducing lr to 2.2154117538948377e-05
Epoch 43: reducing lr to 1.0239304698834495e-05
Epoch 46: reducing lr to 2.698345738839838e-06
Epoch 49: reducing lr to 5.056311289867825e-09
[I 2024-06-24 16:01:35,871] Trial 433 finished with value: 0.9664180278778076 and parameters: {'hidden_size': 178, 'n_layers': 2, 'rnn_dropout': 0.14211961515776492, 'bidirectional': True, 'fc_dropout': 0.7413435291577516, 'learning_rate_model': 0.0015969679126038034}. Best is trial 433 with value: 0.9664180278778076.
Epoch 23: reducing lr to 0.0001266670325594997
Epoch 31: reducing lr to 7.596093820608812e-05
Epoch 37: reducing lr to 3.7885352943222785e-05
Epoch 40: reducing lr to 2.226651436788619e-05
Epoch 43: reducing lr to 1.0291252846922707e-05
Epoch 46: reducing lr to 2.712035541825239e-06
Epoch 49: reducing lr to 5.081964009009433e-09
[I 2024-06-24 16:01:39,200] Trial 434 finished with value: 0.969365119934082 and parameters: {'hidden_size': 177, 'n_layers': 2, 'rnn_dropout': 0.13337751984277593, 'bidirectional': True, 'fc_dropout': 0.7189599512727859, 'learning_rate_model': 0.0016050699789116375}. Best is trial 433 with value: 0.9664180278778076.
Epoch 23: reducing lr to 0.00012641195918941623
Epoch 31: reducing lr to 7.580797328608159e-05
Epoch 36: reducing lr to 4.364909133847685e-05
Epoch 39: reducing lr to 2.70576414595231e-05
Epoch 42: reducing lr to 1.3798568986586341e-05
Epoch 45: reducing lr to 4.7050095142651224e-06
Epoch 48: reducing lr to 3.4833335271343847e-07
[I 2024-06-24 16:01:42,522] Trial 435 finished with value: 0.9674537181854248 and parameters: {'hidden_size': 170, 'n_layers': 2, 'rnn_dropout': 0.1295486701799912, 'bidirectional': True, 'fc_dropout': 0.7217965395649172, 'learning_rate_model': 0.0016018377992318262}. Best is trial 433 with value: 0.9664180278778076.
Epoch 31: reducing lr to 7.693976671151355e-05
Epoch 37: reducing lr to 3.837354153428942e-05
Epoch 40: reducing lr to 2.2553439457208043e-05
Epoch 43: reducing lr to 1.0423865369635095e-05
Epoch 46: reducing lr to 2.746982683853212e-06
Epoch 49: reducing lr to 5.1474499199958415e-09
[I 2024-06-24 16:01:45,832] Trial 436 finished with value: 0.9682350158691406 and parameters: {'hidden_size': 165, 'n_layers': 2, 'rnn_dropout': 0.12919679270984702, 'bidirectional': True, 'fc_dropout': 0.7208955139355299, 'learning_rate_model': 0.0016257528230900337}. Best is trial 433 with value: 0.9664180278778076.
Epoch 27: reducing lr to 9.491434070063792e-05
Epoch 36: reducing lr to 4.047884753401823e-05
Epoch 42: reducing lr to 1.2796375664830763e-05
Epoch 45: reducing lr to 4.3632835629308414e-06
Epoch 48: reducing lr to 3.230338191042995e-07
[I 2024-06-24 16:01:49,142] Trial 437 finished with value: 0.9683085083961487 and parameters: {'hidden_size': 167, 'n_layers': 2, 'rnn_dropout': 0.1329967829115007, 'bidirectional': True, 'fc_dropout': 0.6909952577393988, 'learning_rate_model': 0.001485495941863403}. Best is trial 433 with value: 0.9664180278778076.
Epoch 36: reducing lr to 4.328599251110126e-05
Epoch 39: reducing lr to 2.6832560075598797e-05
Epoch 42: reducing lr to 1.3683784369888626e-05
Epoch 45: reducing lr to 4.665870476428728e-06
Epoch 48: reducing lr to 3.454357109062981e-07
[I 2024-06-24 16:01:52,452] Trial 438 finished with value: 0.9696429967880249 and parameters: {'hidden_size': 166, 'n_layers': 2, 'rnn_dropout': 0.13948286091530634, 'bidirectional': True, 'fc_dropout': 0.7198241059699264, 'learning_rate_model': 0.0015885127698048267}. Best is trial 433 with value: 0.9664180278778076.
Epoch 31: reducing lr to 7.613402782212576e-05
Epoch 37: reducing lr to 3.797168101327111e-05
Epoch 40: reducing lr to 2.2317252319700025e-05
Epoch 43: reducing lr to 1.0314703176077245e-05
Epoch 46: reducing lr to 2.7182153653200567e-06
Epoch 49: reducing lr to 5.093544108193682e-09
[I 2024-06-24 16:01:55,777] Trial 439 finished with value: 0.9660595059394836 and parameters: {'hidden_size': 171, 'n_layers': 2, 'rnn_dropout': 0.13456257589723578, 'bidirectional': True, 'fc_dropout': 0.6953128579723807, 'learning_rate_model': 0.0016087273974865585}. Best is trial 439 with value: 0.9660595059394836.
Epoch 23: reducing lr to 0.0001246083573395167
Epoch 31: reducing lr to 7.472637149988477e-05
Epoch 37: reducing lr to 3.7269615479981215e-05
Epoch 40: reducing lr to 2.1904624455110124e-05
Epoch 43: reducing lr to 1.0123992694139185e-05
Epoch 46: reducing lr to 2.667957771525817e-06
Epoch 49: reducing lr to 4.999368615702521e-09
[I 2024-06-24 16:01:59,098] Trial 440 finished with value: 0.9687986373901367 and parameters: {'hidden_size': 168, 'n_layers': 2, 'rnn_dropout': 0.1334762460403613, 'bidirectional': True, 'fc_dropout': 0.6888489550028553, 'learning_rate_model': 0.0015789833348563117}. Best is trial 439 with value: 0.9660595059394836.
Epoch 18: reducing lr to 0.00022212433820449368
Epoch 27: reducing lr to 0.0001525943380351169
Epoch 30: reducing lr to 0.0001230251305601293
Epoch 33: reducing lr to 9.322897324596923e-05
Epoch 36: reducing lr to 6.507807880539193e-05
Epoch 39: reducing lr to 4.034125955879129e-05
Epoch 42: reducing lr to 2.0572807643285924e-05
Epoch 45: reducing lr to 7.014876382536615e-06
Epoch 48: reducing lr to 5.193433513345138e-07
[I 2024-06-24 16:02:02,406] Trial 441 finished with value: 0.9783596992492676 and parameters: {'hidden_size': 165, 'n_layers': 2, 'rnn_dropout': 0.14119171224401897, 'bidirectional': True, 'fc_dropout': 0.6945950026719455, 'learning_rate_model': 0.0023882404727168373}. Best is trial 439 with value: 0.9660595059394836.
Epoch 22: reducing lr to 0.00013268600097774753
Epoch 36: reducing lr to 4.3970241127128864e-05
Epoch 39: reducing lr to 2.725671904784594e-05
Epoch 42: reducing lr to 1.3900092463429861e-05
Epoch 45: reducing lr to 4.739626794139184e-06
Epoch 48: reducing lr to 3.5089622811759065e-07
[I 2024-06-24 16:02:05,724] Trial 442 finished with value: 0.9710921049118042 and parameters: {'hidden_size': 173, 'n_layers': 2, 'rnn_dropout': 0.1279896673135319, 'bidirectional': True, 'fc_dropout': 0.7001476317422631, 'learning_rate_model': 0.0016136233795246426}. Best is trial 439 with value: 0.9660595059394836.
Epoch 31: reducing lr to 7.540899284890691e-05
Epoch 37: reducing lr to 3.761007139515327e-05
Epoch 40: reducing lr to 2.210472201096955e-05
Epoch 43: reducing lr to 1.0216474818075484e-05
Epoch 46: reducing lr to 2.6923294210061574e-06
Epoch 49: reducing lr to 5.045037576763278e-09
[I 2024-06-24 16:02:09,050] Trial 443 finished with value: 0.9660463333129883 and parameters: {'hidden_size': 171, 'n_layers': 2, 'rnn_dropout': 0.1258914379041145, 'bidirectional': True, 'fc_dropout': 0.6858054121901836, 'learning_rate_model': 0.001593407261945087}. Best is trial 443 with value: 0.9660463333129883.
Epoch 23: reducing lr to 0.00012226235332146948
Epoch 37: reducing lr to 3.6567939689256506e-05
Epoch 40: reducing lr to 2.1492225655521673e-05
Epoch 43: reducing lr to 9.933388082648971e-06
Epoch 46: reducing lr to 2.617728077582192e-06
Epoch 49: reducing lr to 4.905245403505169e-09
[I 2024-06-24 16:02:12,356] Trial 444 finished with value: 0.9673525094985962 and parameters: {'hidden_size': 170, 'n_layers': 2, 'rnn_dropout': 0.12274649022111578, 'bidirectional': True, 'fc_dropout': 0.6843243945509223, 'learning_rate_model': 0.0015492557842562383}. Best is trial 443 with value: 0.9660463333129883.
Epoch 23: reducing lr to 0.00012371344880009687
Epoch 31: reducing lr to 7.418970390067312e-05
Epoch 37: reducing lr to 3.700195368051577e-05
Epoch 40: reducing lr to 2.174731048439262e-05
Epoch 43: reducing lr to 1.005128450900256e-05
Epoch 46: reducing lr to 2.6487971129349415e-06
Epoch 49: reducing lr to 4.963464301089952e-09
